[2023-07-02T01:19:15.234+0000] {processor.py:157} INFO - Started process (PID=56) to work on /home/airflow/.local/lib/python3.7/site-packages/airflow/example_dags/example_datasets.py
[2023-07-02T01:19:15.241+0000] {processor.py:826} INFO - Processing file /home/airflow/.local/lib/python3.7/site-packages/airflow/example_dags/example_datasets.py for tasks to queue
[2023-07-02T01:19:15.247+0000] {logging_mixin.py:149} INFO - [2023-07-02T01:19:15.246+0000] {dagbag.py:541} INFO - Filling up the DagBag from /home/airflow/.local/lib/python3.7/site-packages/airflow/example_dags/example_datasets.py
[2023-07-02T01:19:15.335+0000] {processor.py:836} INFO - DAG(s) dict_keys(['dataset_consumes_1_never_scheduled', 'dataset_consumes_1', 'dataset_consumes_1_and_2', 'dataset_produces_2', 'dataset_produces_1', 'dataset_consumes_unknown_never_scheduled']) retrieved from /home/airflow/.local/lib/python3.7/site-packages/airflow/example_dags/example_datasets.py
[2023-07-02T01:19:15.732+0000] {logging_mixin.py:149} INFO - [2023-07-02T01:19:15.732+0000] {manager.py:504} INFO - Created Permission View: can delete on DAG:dataset_consumes_1_never_scheduled
[2023-07-02T01:19:15.766+0000] {logging_mixin.py:149} INFO - [2023-07-02T01:19:15.765+0000] {manager.py:504} INFO - Created Permission View: can edit on DAG:dataset_consumes_1_never_scheduled
[2023-07-02T01:19:15.784+0000] {logging_mixin.py:149} INFO - [2023-07-02T01:19:15.784+0000] {manager.py:504} INFO - Created Permission View: can read on DAG:dataset_consumes_1_never_scheduled
[2023-07-02T01:19:15.857+0000] {logging_mixin.py:149} INFO - [2023-07-02T01:19:15.857+0000] {manager.py:504} INFO - Created Permission View: can delete on DAG:dataset_consumes_1
[2023-07-02T01:19:15.875+0000] {logging_mixin.py:149} INFO - [2023-07-02T01:19:15.874+0000] {manager.py:504} INFO - Created Permission View: can edit on DAG:dataset_consumes_1
[2023-07-02T01:19:15.890+0000] {logging_mixin.py:149} INFO - [2023-07-02T01:19:15.890+0000] {manager.py:504} INFO - Created Permission View: can read on DAG:dataset_consumes_1
[2023-07-02T01:19:15.935+0000] {logging_mixin.py:149} INFO - [2023-07-02T01:19:15.935+0000] {manager.py:504} INFO - Created Permission View: can delete on DAG:dataset_consumes_1_and_2
[2023-07-02T01:19:15.957+0000] {logging_mixin.py:149} INFO - [2023-07-02T01:19:15.956+0000] {manager.py:504} INFO - Created Permission View: can edit on DAG:dataset_consumes_1_and_2
[2023-07-02T01:19:15.976+0000] {logging_mixin.py:149} INFO - [2023-07-02T01:19:15.976+0000] {manager.py:504} INFO - Created Permission View: can read on DAG:dataset_consumes_1_and_2
[2023-07-02T01:19:16.028+0000] {logging_mixin.py:149} INFO - [2023-07-02T01:19:16.028+0000] {manager.py:504} INFO - Created Permission View: can delete on DAG:dataset_produces_2
[2023-07-02T01:19:16.047+0000] {logging_mixin.py:149} INFO - [2023-07-02T01:19:16.047+0000] {manager.py:504} INFO - Created Permission View: can edit on DAG:dataset_produces_2
[2023-07-02T01:19:16.062+0000] {logging_mixin.py:149} INFO - [2023-07-02T01:19:16.061+0000] {manager.py:504} INFO - Created Permission View: can read on DAG:dataset_produces_2
[2023-07-02T01:19:16.100+0000] {logging_mixin.py:149} INFO - [2023-07-02T01:19:16.100+0000] {manager.py:504} INFO - Created Permission View: can delete on DAG:dataset_produces_1
[2023-07-02T01:19:16.121+0000] {logging_mixin.py:149} INFO - [2023-07-02T01:19:16.121+0000] {manager.py:504} INFO - Created Permission View: can edit on DAG:dataset_produces_1
[2023-07-02T01:19:16.138+0000] {logging_mixin.py:149} INFO - [2023-07-02T01:19:16.138+0000] {manager.py:504} INFO - Created Permission View: can read on DAG:dataset_produces_1
[2023-07-02T01:19:16.189+0000] {logging_mixin.py:149} INFO - [2023-07-02T01:19:16.188+0000] {manager.py:504} INFO - Created Permission View: can delete on DAG:dataset_consumes_unknown_never_scheduled
[2023-07-02T01:19:16.211+0000] {logging_mixin.py:149} INFO - [2023-07-02T01:19:16.211+0000] {manager.py:504} INFO - Created Permission View: can edit on DAG:dataset_consumes_unknown_never_scheduled
[2023-07-02T01:19:16.226+0000] {logging_mixin.py:149} INFO - [2023-07-02T01:19:16.225+0000] {manager.py:504} INFO - Created Permission View: can read on DAG:dataset_consumes_unknown_never_scheduled
[2023-07-02T01:19:16.243+0000] {logging_mixin.py:149} INFO - [2023-07-02T01:19:16.243+0000] {dag.py:2726} INFO - Sync 6 DAGs
[2023-07-02T01:19:16.272+0000] {logging_mixin.py:149} INFO - [2023-07-02T01:19:16.271+0000] {dag.py:2747} INFO - Creating ORM DAG for dataset_produces_2
[2023-07-02T01:19:16.273+0000] {logging_mixin.py:149} INFO - [2023-07-02T01:19:16.273+0000] {dag.py:2747} INFO - Creating ORM DAG for dataset_consumes_unknown_never_scheduled
[2023-07-02T01:19:16.276+0000] {logging_mixin.py:149} INFO - [2023-07-02T01:19:16.275+0000] {dag.py:2747} INFO - Creating ORM DAG for dataset_consumes_1
[2023-07-02T01:19:16.278+0000] {logging_mixin.py:149} INFO - [2023-07-02T01:19:16.277+0000] {dag.py:2747} INFO - Creating ORM DAG for dataset_consumes_1_and_2
[2023-07-02T01:19:16.279+0000] {logging_mixin.py:149} INFO - [2023-07-02T01:19:16.279+0000] {dag.py:2747} INFO - Creating ORM DAG for dataset_consumes_1_never_scheduled
[2023-07-02T01:19:16.295+0000] {logging_mixin.py:149} INFO - [2023-07-02T01:19:16.294+0000] {dag.py:2747} INFO - Creating ORM DAG for dataset_produces_1
[2023-07-02T01:19:16.346+0000] {logging_mixin.py:149} INFO - [2023-07-02T01:19:16.345+0000] {dag.py:3490} INFO - Setting next_dagrun for dataset_consumes_1 to None, run_after=None
[2023-07-02T01:19:16.355+0000] {logging_mixin.py:149} INFO - [2023-07-02T01:19:16.355+0000] {dag.py:3490} INFO - Setting next_dagrun for dataset_consumes_1_and_2 to None, run_after=None
[2023-07-02T01:19:16.360+0000] {logging_mixin.py:149} INFO - [2023-07-02T01:19:16.359+0000] {dag.py:3490} INFO - Setting next_dagrun for dataset_consumes_1_never_scheduled to None, run_after=None
[2023-07-02T01:19:16.397+0000] {logging_mixin.py:149} INFO - [2023-07-02T01:19:16.394+0000] {dag.py:3490} INFO - Setting next_dagrun for dataset_consumes_unknown_never_scheduled to None, run_after=None
[2023-07-02T01:19:16.415+0000] {logging_mixin.py:149} INFO - [2023-07-02T01:19:16.414+0000] {dag.py:3490} INFO - Setting next_dagrun for dataset_produces_1 to 2023-07-01T00:00:00+00:00, run_after=2023-07-02T00:00:00+00:00
[2023-07-02T01:19:16.417+0000] {logging_mixin.py:149} INFO - [2023-07-02T01:19:16.417+0000] {dag.py:3490} INFO - Setting next_dagrun for dataset_produces_2 to None, run_after=None
[2023-07-02T01:19:16.612+0000] {processor.py:179} INFO - Processing /home/airflow/.local/lib/python3.7/site-packages/airflow/example_dags/example_datasets.py took 1.392 seconds
[2023-07-02T01:19:53.724+0000] {processor.py:157} INFO - Started process (PID=120) to work on /home/airflow/.local/lib/python3.7/site-packages/airflow/example_dags/example_datasets.py
[2023-07-02T01:19:53.729+0000] {processor.py:826} INFO - Processing file /home/airflow/.local/lib/python3.7/site-packages/airflow/example_dags/example_datasets.py for tasks to queue
[2023-07-02T01:19:53.733+0000] {logging_mixin.py:149} INFO - [2023-07-02T01:19:53.733+0000] {dagbag.py:541} INFO - Filling up the DagBag from /home/airflow/.local/lib/python3.7/site-packages/airflow/example_dags/example_datasets.py
[2023-07-02T01:19:53.760+0000] {processor.py:836} INFO - DAG(s) dict_keys(['dataset_produces_1', 'dataset_consumes_unknown_never_scheduled', 'dataset_consumes_1', 'dataset_produces_2', 'dataset_consumes_1_and_2', 'dataset_consumes_1_never_scheduled']) retrieved from /home/airflow/.local/lib/python3.7/site-packages/airflow/example_dags/example_datasets.py
[2023-07-02T01:19:53.853+0000] {logging_mixin.py:149} INFO - [2023-07-02T01:19:53.852+0000] {dag.py:2726} INFO - Sync 6 DAGs
[2023-07-02T01:19:53.914+0000] {logging_mixin.py:149} INFO - [2023-07-02T01:19:53.914+0000] {dag.py:3490} INFO - Setting next_dagrun for dataset_consumes_1 to None, run_after=None
[2023-07-02T01:19:53.922+0000] {logging_mixin.py:149} INFO - [2023-07-02T01:19:53.922+0000] {dag.py:3490} INFO - Setting next_dagrun for dataset_consumes_1_and_2 to None, run_after=None
[2023-07-02T01:19:53.925+0000] {logging_mixin.py:149} INFO - [2023-07-02T01:19:53.925+0000] {dag.py:3490} INFO - Setting next_dagrun for dataset_consumes_1_never_scheduled to None, run_after=None
[2023-07-02T01:19:53.929+0000] {logging_mixin.py:149} INFO - [2023-07-02T01:19:53.928+0000] {dag.py:3490} INFO - Setting next_dagrun for dataset_consumes_unknown_never_scheduled to None, run_after=None
[2023-07-02T01:19:53.935+0000] {logging_mixin.py:149} INFO - [2023-07-02T01:19:53.935+0000] {dag.py:3490} INFO - Setting next_dagrun for dataset_produces_1 to 2023-07-01T00:00:00+00:00, run_after=2023-07-02T00:00:00+00:00
[2023-07-02T01:19:53.939+0000] {logging_mixin.py:149} INFO - [2023-07-02T01:19:53.938+0000] {dag.py:3490} INFO - Setting next_dagrun for dataset_produces_2 to None, run_after=None
[2023-07-02T01:19:54.064+0000] {processor.py:179} INFO - Processing /home/airflow/.local/lib/python3.7/site-packages/airflow/example_dags/example_datasets.py took 0.346 seconds
[2023-07-02T01:20:24.499+0000] {processor.py:157} INFO - Started process (PID=178) to work on /home/airflow/.local/lib/python3.7/site-packages/airflow/example_dags/example_datasets.py
[2023-07-02T01:20:24.501+0000] {processor.py:826} INFO - Processing file /home/airflow/.local/lib/python3.7/site-packages/airflow/example_dags/example_datasets.py for tasks to queue
[2023-07-02T01:20:24.503+0000] {logging_mixin.py:149} INFO - [2023-07-02T01:20:24.503+0000] {dagbag.py:541} INFO - Filling up the DagBag from /home/airflow/.local/lib/python3.7/site-packages/airflow/example_dags/example_datasets.py
[2023-07-02T01:20:24.531+0000] {processor.py:836} INFO - DAG(s) dict_keys(['dataset_produces_1', 'dataset_consumes_1_and_2', 'dataset_produces_2', 'dataset_consumes_1_never_scheduled', 'dataset_consumes_unknown_never_scheduled', 'dataset_consumes_1']) retrieved from /home/airflow/.local/lib/python3.7/site-packages/airflow/example_dags/example_datasets.py
[2023-07-02T01:20:24.613+0000] {logging_mixin.py:149} INFO - [2023-07-02T01:20:24.613+0000] {dag.py:2726} INFO - Sync 6 DAGs
[2023-07-02T01:20:24.666+0000] {logging_mixin.py:149} INFO - [2023-07-02T01:20:24.665+0000] {dag.py:3490} INFO - Setting next_dagrun for dataset_consumes_1 to None, run_after=None
[2023-07-02T01:20:24.672+0000] {logging_mixin.py:149} INFO - [2023-07-02T01:20:24.672+0000] {dag.py:3490} INFO - Setting next_dagrun for dataset_consumes_1_and_2 to None, run_after=None
[2023-07-02T01:20:24.677+0000] {logging_mixin.py:149} INFO - [2023-07-02T01:20:24.676+0000] {dag.py:3490} INFO - Setting next_dagrun for dataset_consumes_1_never_scheduled to None, run_after=None
[2023-07-02T01:20:24.682+0000] {logging_mixin.py:149} INFO - [2023-07-02T01:20:24.681+0000] {dag.py:3490} INFO - Setting next_dagrun for dataset_consumes_unknown_never_scheduled to None, run_after=None
[2023-07-02T01:20:24.693+0000] {logging_mixin.py:149} INFO - [2023-07-02T01:20:24.692+0000] {dag.py:3490} INFO - Setting next_dagrun for dataset_produces_1 to 2023-07-01T00:00:00+00:00, run_after=2023-07-02T00:00:00+00:00
[2023-07-02T01:20:24.699+0000] {logging_mixin.py:149} INFO - [2023-07-02T01:20:24.699+0000] {dag.py:3490} INFO - Setting next_dagrun for dataset_produces_2 to None, run_after=None
[2023-07-02T01:20:24.815+0000] {processor.py:179} INFO - Processing /home/airflow/.local/lib/python3.7/site-packages/airflow/example_dags/example_datasets.py took 0.322 seconds
[2023-07-02T01:20:55.148+0000] {processor.py:157} INFO - Started process (PID=237) to work on /home/airflow/.local/lib/python3.7/site-packages/airflow/example_dags/example_datasets.py
[2023-07-02T01:20:55.150+0000] {processor.py:826} INFO - Processing file /home/airflow/.local/lib/python3.7/site-packages/airflow/example_dags/example_datasets.py for tasks to queue
[2023-07-02T01:20:55.152+0000] {logging_mixin.py:149} INFO - [2023-07-02T01:20:55.152+0000] {dagbag.py:541} INFO - Filling up the DagBag from /home/airflow/.local/lib/python3.7/site-packages/airflow/example_dags/example_datasets.py
[2023-07-02T01:20:55.172+0000] {processor.py:836} INFO - DAG(s) dict_keys(['dataset_consumes_unknown_never_scheduled', 'dataset_produces_1', 'dataset_consumes_1', 'dataset_consumes_1_and_2', 'dataset_consumes_1_never_scheduled', 'dataset_produces_2']) retrieved from /home/airflow/.local/lib/python3.7/site-packages/airflow/example_dags/example_datasets.py
[2023-07-02T01:20:55.282+0000] {logging_mixin.py:149} INFO - [2023-07-02T01:20:55.281+0000] {dag.py:2726} INFO - Sync 6 DAGs
[2023-07-02T01:20:55.349+0000] {logging_mixin.py:149} INFO - [2023-07-02T01:20:55.349+0000] {dag.py:3490} INFO - Setting next_dagrun for dataset_consumes_1 to None, run_after=None
[2023-07-02T01:20:55.355+0000] {logging_mixin.py:149} INFO - [2023-07-02T01:20:55.355+0000] {dag.py:3490} INFO - Setting next_dagrun for dataset_consumes_1_and_2 to None, run_after=None
[2023-07-02T01:20:55.358+0000] {logging_mixin.py:149} INFO - [2023-07-02T01:20:55.358+0000] {dag.py:3490} INFO - Setting next_dagrun for dataset_consumes_1_never_scheduled to None, run_after=None
[2023-07-02T01:20:55.361+0000] {logging_mixin.py:149} INFO - [2023-07-02T01:20:55.361+0000] {dag.py:3490} INFO - Setting next_dagrun for dataset_consumes_unknown_never_scheduled to None, run_after=None
[2023-07-02T01:20:55.367+0000] {logging_mixin.py:149} INFO - [2023-07-02T01:20:55.367+0000] {dag.py:3490} INFO - Setting next_dagrun for dataset_produces_1 to 2023-07-01T00:00:00+00:00, run_after=2023-07-02T00:00:00+00:00
[2023-07-02T01:20:55.370+0000] {logging_mixin.py:149} INFO - [2023-07-02T01:20:55.370+0000] {dag.py:3490} INFO - Setting next_dagrun for dataset_produces_2 to None, run_after=None
[2023-07-02T01:20:55.445+0000] {processor.py:179} INFO - Processing /home/airflow/.local/lib/python3.7/site-packages/airflow/example_dags/example_datasets.py took 0.303 seconds
[2023-07-02T01:21:25.713+0000] {processor.py:157} INFO - Started process (PID=296) to work on /home/airflow/.local/lib/python3.7/site-packages/airflow/example_dags/example_datasets.py
[2023-07-02T01:21:25.714+0000] {processor.py:826} INFO - Processing file /home/airflow/.local/lib/python3.7/site-packages/airflow/example_dags/example_datasets.py for tasks to queue
[2023-07-02T01:21:25.716+0000] {logging_mixin.py:149} INFO - [2023-07-02T01:21:25.716+0000] {dagbag.py:541} INFO - Filling up the DagBag from /home/airflow/.local/lib/python3.7/site-packages/airflow/example_dags/example_datasets.py
[2023-07-02T01:21:25.747+0000] {processor.py:836} INFO - DAG(s) dict_keys(['dataset_consumes_1', 'dataset_consumes_1_and_2', 'dataset_consumes_1_never_scheduled', 'dataset_produces_2', 'dataset_produces_1', 'dataset_consumes_unknown_never_scheduled']) retrieved from /home/airflow/.local/lib/python3.7/site-packages/airflow/example_dags/example_datasets.py
[2023-07-02T01:21:25.830+0000] {logging_mixin.py:149} INFO - [2023-07-02T01:21:25.830+0000] {dag.py:2726} INFO - Sync 6 DAGs
[2023-07-02T01:21:25.881+0000] {logging_mixin.py:149} INFO - [2023-07-02T01:21:25.881+0000] {dag.py:3490} INFO - Setting next_dagrun for dataset_consumes_1 to None, run_after=None
[2023-07-02T01:21:25.889+0000] {logging_mixin.py:149} INFO - [2023-07-02T01:21:25.889+0000] {dag.py:3490} INFO - Setting next_dagrun for dataset_consumes_1_and_2 to None, run_after=None
[2023-07-02T01:21:25.892+0000] {logging_mixin.py:149} INFO - [2023-07-02T01:21:25.892+0000] {dag.py:3490} INFO - Setting next_dagrun for dataset_consumes_1_never_scheduled to None, run_after=None
[2023-07-02T01:21:25.895+0000] {logging_mixin.py:149} INFO - [2023-07-02T01:21:25.895+0000] {dag.py:3490} INFO - Setting next_dagrun for dataset_consumes_unknown_never_scheduled to None, run_after=None
[2023-07-02T01:21:25.901+0000] {logging_mixin.py:149} INFO - [2023-07-02T01:21:25.900+0000] {dag.py:3490} INFO - Setting next_dagrun for dataset_produces_1 to 2023-07-01T00:00:00+00:00, run_after=2023-07-02T00:00:00+00:00
[2023-07-02T01:21:25.903+0000] {logging_mixin.py:149} INFO - [2023-07-02T01:21:25.903+0000] {dag.py:3490} INFO - Setting next_dagrun for dataset_produces_2 to None, run_after=None
[2023-07-02T01:21:25.984+0000] {processor.py:179} INFO - Processing /home/airflow/.local/lib/python3.7/site-packages/airflow/example_dags/example_datasets.py took 0.278 seconds
[2023-07-02T01:21:57.046+0000] {processor.py:157} INFO - Started process (PID=353) to work on /home/airflow/.local/lib/python3.7/site-packages/airflow/example_dags/example_datasets.py
[2023-07-02T01:21:57.048+0000] {processor.py:826} INFO - Processing file /home/airflow/.local/lib/python3.7/site-packages/airflow/example_dags/example_datasets.py for tasks to queue
[2023-07-02T01:21:57.050+0000] {logging_mixin.py:149} INFO - [2023-07-02T01:21:57.049+0000] {dagbag.py:541} INFO - Filling up the DagBag from /home/airflow/.local/lib/python3.7/site-packages/airflow/example_dags/example_datasets.py
[2023-07-02T01:21:57.075+0000] {processor.py:836} INFO - DAG(s) dict_keys(['dataset_consumes_1_never_scheduled', 'dataset_consumes_unknown_never_scheduled', 'dataset_produces_1', 'dataset_produces_2', 'dataset_consumes_1_and_2', 'dataset_consumes_1']) retrieved from /home/airflow/.local/lib/python3.7/site-packages/airflow/example_dags/example_datasets.py
[2023-07-02T01:21:57.171+0000] {logging_mixin.py:149} INFO - [2023-07-02T01:21:57.171+0000] {dag.py:2726} INFO - Sync 6 DAGs
[2023-07-02T01:21:57.224+0000] {logging_mixin.py:149} INFO - [2023-07-02T01:21:57.224+0000] {dag.py:3490} INFO - Setting next_dagrun for dataset_consumes_1 to None, run_after=None
[2023-07-02T01:21:57.231+0000] {logging_mixin.py:149} INFO - [2023-07-02T01:21:57.231+0000] {dag.py:3490} INFO - Setting next_dagrun for dataset_consumes_1_and_2 to None, run_after=None
[2023-07-02T01:21:57.234+0000] {logging_mixin.py:149} INFO - [2023-07-02T01:21:57.233+0000] {dag.py:3490} INFO - Setting next_dagrun for dataset_consumes_1_never_scheduled to None, run_after=None
[2023-07-02T01:21:57.236+0000] {logging_mixin.py:149} INFO - [2023-07-02T01:21:57.236+0000] {dag.py:3490} INFO - Setting next_dagrun for dataset_consumes_unknown_never_scheduled to None, run_after=None
[2023-07-02T01:21:57.242+0000] {logging_mixin.py:149} INFO - [2023-07-02T01:21:57.242+0000] {dag.py:3490} INFO - Setting next_dagrun for dataset_produces_1 to 2023-07-01T00:00:00+00:00, run_after=2023-07-02T00:00:00+00:00
[2023-07-02T01:21:57.246+0000] {logging_mixin.py:149} INFO - [2023-07-02T01:21:57.245+0000] {dag.py:3490} INFO - Setting next_dagrun for dataset_produces_2 to None, run_after=None
[2023-07-02T01:21:57.360+0000] {processor.py:179} INFO - Processing /home/airflow/.local/lib/python3.7/site-packages/airflow/example_dags/example_datasets.py took 0.321 seconds
[2023-07-02T01:22:27.510+0000] {processor.py:157} INFO - Started process (PID=411) to work on /home/airflow/.local/lib/python3.7/site-packages/airflow/example_dags/example_datasets.py
[2023-07-02T01:22:27.512+0000] {processor.py:826} INFO - Processing file /home/airflow/.local/lib/python3.7/site-packages/airflow/example_dags/example_datasets.py for tasks to queue
[2023-07-02T01:22:27.513+0000] {logging_mixin.py:149} INFO - [2023-07-02T01:22:27.513+0000] {dagbag.py:541} INFO - Filling up the DagBag from /home/airflow/.local/lib/python3.7/site-packages/airflow/example_dags/example_datasets.py
[2023-07-02T01:22:27.544+0000] {processor.py:836} INFO - DAG(s) dict_keys(['dataset_produces_2', 'dataset_consumes_unknown_never_scheduled', 'dataset_consumes_1_and_2', 'dataset_produces_1', 'dataset_consumes_1_never_scheduled', 'dataset_consumes_1']) retrieved from /home/airflow/.local/lib/python3.7/site-packages/airflow/example_dags/example_datasets.py
[2023-07-02T01:22:27.649+0000] {logging_mixin.py:149} INFO - [2023-07-02T01:22:27.648+0000] {dag.py:2726} INFO - Sync 6 DAGs
[2023-07-02T01:22:27.711+0000] {logging_mixin.py:149} INFO - [2023-07-02T01:22:27.711+0000] {dag.py:3490} INFO - Setting next_dagrun for dataset_consumes_1 to None, run_after=None
[2023-07-02T01:22:27.717+0000] {logging_mixin.py:149} INFO - [2023-07-02T01:22:27.717+0000] {dag.py:3490} INFO - Setting next_dagrun for dataset_consumes_1_and_2 to None, run_after=None
[2023-07-02T01:22:27.720+0000] {logging_mixin.py:149} INFO - [2023-07-02T01:22:27.720+0000] {dag.py:3490} INFO - Setting next_dagrun for dataset_consumes_1_never_scheduled to None, run_after=None
[2023-07-02T01:22:27.723+0000] {logging_mixin.py:149} INFO - [2023-07-02T01:22:27.723+0000] {dag.py:3490} INFO - Setting next_dagrun for dataset_consumes_unknown_never_scheduled to None, run_after=None
[2023-07-02T01:22:27.729+0000] {logging_mixin.py:149} INFO - [2023-07-02T01:22:27.728+0000] {dag.py:3490} INFO - Setting next_dagrun for dataset_produces_1 to 2023-07-01T00:00:00+00:00, run_after=2023-07-02T00:00:00+00:00
[2023-07-02T01:22:27.732+0000] {logging_mixin.py:149} INFO - [2023-07-02T01:22:27.731+0000] {dag.py:3490} INFO - Setting next_dagrun for dataset_produces_2 to None, run_after=None
[2023-07-02T01:22:27.830+0000] {processor.py:179} INFO - Processing /home/airflow/.local/lib/python3.7/site-packages/airflow/example_dags/example_datasets.py took 0.327 seconds
[2023-07-02T01:22:58.399+0000] {processor.py:157} INFO - Started process (PID=472) to work on /home/airflow/.local/lib/python3.7/site-packages/airflow/example_dags/example_datasets.py
[2023-07-02T01:22:58.402+0000] {processor.py:826} INFO - Processing file /home/airflow/.local/lib/python3.7/site-packages/airflow/example_dags/example_datasets.py for tasks to queue
[2023-07-02T01:22:58.404+0000] {logging_mixin.py:149} INFO - [2023-07-02T01:22:58.404+0000] {dagbag.py:541} INFO - Filling up the DagBag from /home/airflow/.local/lib/python3.7/site-packages/airflow/example_dags/example_datasets.py
[2023-07-02T01:22:58.441+0000] {processor.py:836} INFO - DAG(s) dict_keys(['dataset_consumes_1', 'dataset_produces_2', 'dataset_consumes_1_never_scheduled', 'dataset_consumes_1_and_2', 'dataset_produces_1', 'dataset_consumes_unknown_never_scheduled']) retrieved from /home/airflow/.local/lib/python3.7/site-packages/airflow/example_dags/example_datasets.py
[2023-07-02T01:22:58.576+0000] {logging_mixin.py:149} INFO - [2023-07-02T01:22:58.572+0000] {dag.py:2726} INFO - Sync 6 DAGs
[2023-07-02T01:22:58.688+0000] {logging_mixin.py:149} INFO - [2023-07-02T01:22:58.688+0000] {dag.py:3490} INFO - Setting next_dagrun for dataset_consumes_1 to None, run_after=None
[2023-07-02T01:22:58.697+0000] {logging_mixin.py:149} INFO - [2023-07-02T01:22:58.697+0000] {dag.py:3490} INFO - Setting next_dagrun for dataset_consumes_1_and_2 to None, run_after=None
[2023-07-02T01:22:58.702+0000] {logging_mixin.py:149} INFO - [2023-07-02T01:22:58.702+0000] {dag.py:3490} INFO - Setting next_dagrun for dataset_consumes_1_never_scheduled to None, run_after=None
[2023-07-02T01:22:58.706+0000] {logging_mixin.py:149} INFO - [2023-07-02T01:22:58.706+0000] {dag.py:3490} INFO - Setting next_dagrun for dataset_consumes_unknown_never_scheduled to None, run_after=None
[2023-07-02T01:22:58.712+0000] {logging_mixin.py:149} INFO - [2023-07-02T01:22:58.712+0000] {dag.py:3490} INFO - Setting next_dagrun for dataset_produces_1 to 2023-07-01T00:00:00+00:00, run_after=2023-07-02T00:00:00+00:00
[2023-07-02T01:22:58.718+0000] {logging_mixin.py:149} INFO - [2023-07-02T01:22:58.718+0000] {dag.py:3490} INFO - Setting next_dagrun for dataset_produces_2 to None, run_after=None
[2023-07-02T01:22:58.857+0000] {processor.py:179} INFO - Processing /home/airflow/.local/lib/python3.7/site-packages/airflow/example_dags/example_datasets.py took 0.466 seconds
[2023-07-02T01:23:28.948+0000] {processor.py:157} INFO - Started process (PID=531) to work on /home/airflow/.local/lib/python3.7/site-packages/airflow/example_dags/example_datasets.py
[2023-07-02T01:23:28.949+0000] {processor.py:826} INFO - Processing file /home/airflow/.local/lib/python3.7/site-packages/airflow/example_dags/example_datasets.py for tasks to queue
[2023-07-02T01:23:28.951+0000] {logging_mixin.py:149} INFO - [2023-07-02T01:23:28.951+0000] {dagbag.py:541} INFO - Filling up the DagBag from /home/airflow/.local/lib/python3.7/site-packages/airflow/example_dags/example_datasets.py
[2023-07-02T01:23:28.977+0000] {processor.py:836} INFO - DAG(s) dict_keys(['dataset_consumes_1_and_2', 'dataset_produces_2', 'dataset_produces_1', 'dataset_consumes_unknown_never_scheduled', 'dataset_consumes_1_never_scheduled', 'dataset_consumes_1']) retrieved from /home/airflow/.local/lib/python3.7/site-packages/airflow/example_dags/example_datasets.py
[2023-07-02T01:23:29.061+0000] {logging_mixin.py:149} INFO - [2023-07-02T01:23:29.060+0000] {dag.py:2726} INFO - Sync 6 DAGs
[2023-07-02T01:23:29.111+0000] {logging_mixin.py:149} INFO - [2023-07-02T01:23:29.111+0000] {dag.py:3490} INFO - Setting next_dagrun for dataset_consumes_1 to None, run_after=None
[2023-07-02T01:23:29.118+0000] {logging_mixin.py:149} INFO - [2023-07-02T01:23:29.118+0000] {dag.py:3490} INFO - Setting next_dagrun for dataset_consumes_1_and_2 to None, run_after=None
[2023-07-02T01:23:29.121+0000] {logging_mixin.py:149} INFO - [2023-07-02T01:23:29.121+0000] {dag.py:3490} INFO - Setting next_dagrun for dataset_consumes_1_never_scheduled to None, run_after=None
[2023-07-02T01:23:29.124+0000] {logging_mixin.py:149} INFO - [2023-07-02T01:23:29.123+0000] {dag.py:3490} INFO - Setting next_dagrun for dataset_consumes_unknown_never_scheduled to None, run_after=None
[2023-07-02T01:23:29.130+0000] {logging_mixin.py:149} INFO - [2023-07-02T01:23:29.130+0000] {dag.py:3490} INFO - Setting next_dagrun for dataset_produces_1 to 2023-07-01T00:00:00+00:00, run_after=2023-07-02T00:00:00+00:00
[2023-07-02T01:23:29.133+0000] {logging_mixin.py:149} INFO - [2023-07-02T01:23:29.133+0000] {dag.py:3490} INFO - Setting next_dagrun for dataset_produces_2 to None, run_after=None
[2023-07-02T01:23:29.215+0000] {processor.py:179} INFO - Processing /home/airflow/.local/lib/python3.7/site-packages/airflow/example_dags/example_datasets.py took 0.274 seconds
[2023-07-02T02:04:20.089+0000] {processor.py:157} INFO - Started process (PID=54) to work on /home/airflow/.local/lib/python3.7/site-packages/airflow/example_dags/example_datasets.py
[2023-07-02T02:04:20.091+0000] {processor.py:826} INFO - Processing file /home/airflow/.local/lib/python3.7/site-packages/airflow/example_dags/example_datasets.py for tasks to queue
[2023-07-02T02:04:20.092+0000] {logging_mixin.py:149} INFO - [2023-07-02T02:04:20.092+0000] {dagbag.py:541} INFO - Filling up the DagBag from /home/airflow/.local/lib/python3.7/site-packages/airflow/example_dags/example_datasets.py
[2023-07-02T02:04:20.110+0000] {processor.py:836} INFO - DAG(s) dict_keys(['dataset_consumes_1', 'dataset_consumes_unknown_never_scheduled', 'dataset_produces_2', 'dataset_consumes_1_never_scheduled', 'dataset_produces_1', 'dataset_consumes_1_and_2']) retrieved from /home/airflow/.local/lib/python3.7/site-packages/airflow/example_dags/example_datasets.py
[2023-07-02T02:04:20.436+0000] {logging_mixin.py:149} INFO - [2023-07-02T02:04:20.436+0000] {dag.py:2726} INFO - Sync 6 DAGs
[2023-07-02T02:04:20.477+0000] {logging_mixin.py:149} INFO - [2023-07-02T02:04:20.477+0000] {dag.py:3490} INFO - Setting next_dagrun for dataset_consumes_1 to None, run_after=None
[2023-07-02T02:04:20.482+0000] {logging_mixin.py:149} INFO - [2023-07-02T02:04:20.482+0000] {dag.py:3490} INFO - Setting next_dagrun for dataset_consumes_1_and_2 to None, run_after=None
[2023-07-02T02:04:20.485+0000] {logging_mixin.py:149} INFO - [2023-07-02T02:04:20.485+0000] {dag.py:3490} INFO - Setting next_dagrun for dataset_consumes_1_never_scheduled to None, run_after=None
[2023-07-02T02:04:20.488+0000] {logging_mixin.py:149} INFO - [2023-07-02T02:04:20.487+0000] {dag.py:3490} INFO - Setting next_dagrun for dataset_consumes_unknown_never_scheduled to None, run_after=None
[2023-07-02T02:04:20.492+0000] {logging_mixin.py:149} INFO - [2023-07-02T02:04:20.492+0000] {dag.py:3490} INFO - Setting next_dagrun for dataset_produces_1 to 2023-07-01T00:00:00+00:00, run_after=2023-07-02T00:00:00+00:00
[2023-07-02T02:04:20.495+0000] {logging_mixin.py:149} INFO - [2023-07-02T02:04:20.494+0000] {dag.py:3490} INFO - Setting next_dagrun for dataset_produces_2 to None, run_after=None
[2023-07-02T02:04:20.619+0000] {processor.py:179} INFO - Processing /home/airflow/.local/lib/python3.7/site-packages/airflow/example_dags/example_datasets.py took 0.536 seconds
[2023-07-02T02:04:51.050+0000] {processor.py:157} INFO - Started process (PID=112) to work on /home/airflow/.local/lib/python3.7/site-packages/airflow/example_dags/example_datasets.py
[2023-07-02T02:04:51.051+0000] {processor.py:826} INFO - Processing file /home/airflow/.local/lib/python3.7/site-packages/airflow/example_dags/example_datasets.py for tasks to queue
[2023-07-02T02:04:51.052+0000] {logging_mixin.py:149} INFO - [2023-07-02T02:04:51.052+0000] {dagbag.py:541} INFO - Filling up the DagBag from /home/airflow/.local/lib/python3.7/site-packages/airflow/example_dags/example_datasets.py
[2023-07-02T02:04:51.065+0000] {processor.py:836} INFO - DAG(s) dict_keys(['dataset_consumes_1_and_2', 'dataset_produces_1', 'dataset_consumes_unknown_never_scheduled', 'dataset_produces_2', 'dataset_consumes_1_never_scheduled', 'dataset_consumes_1']) retrieved from /home/airflow/.local/lib/python3.7/site-packages/airflow/example_dags/example_datasets.py
[2023-07-02T02:04:51.128+0000] {logging_mixin.py:149} INFO - [2023-07-02T02:04:51.128+0000] {dag.py:2726} INFO - Sync 6 DAGs
[2023-07-02T02:04:51.161+0000] {logging_mixin.py:149} INFO - [2023-07-02T02:04:51.160+0000] {dag.py:3490} INFO - Setting next_dagrun for dataset_consumes_1 to None, run_after=None
[2023-07-02T02:04:51.165+0000] {logging_mixin.py:149} INFO - [2023-07-02T02:04:51.165+0000] {dag.py:3490} INFO - Setting next_dagrun for dataset_consumes_1_and_2 to None, run_after=None
[2023-07-02T02:04:51.167+0000] {logging_mixin.py:149} INFO - [2023-07-02T02:04:51.167+0000] {dag.py:3490} INFO - Setting next_dagrun for dataset_consumes_1_never_scheduled to None, run_after=None
[2023-07-02T02:04:51.169+0000] {logging_mixin.py:149} INFO - [2023-07-02T02:04:51.169+0000] {dag.py:3490} INFO - Setting next_dagrun for dataset_consumes_unknown_never_scheduled to None, run_after=None
[2023-07-02T02:04:51.173+0000] {logging_mixin.py:149} INFO - [2023-07-02T02:04:51.172+0000] {dag.py:3490} INFO - Setting next_dagrun for dataset_produces_1 to 2023-07-01T00:00:00+00:00, run_after=2023-07-02T00:00:00+00:00
[2023-07-02T02:04:51.175+0000] {logging_mixin.py:149} INFO - [2023-07-02T02:04:51.174+0000] {dag.py:3490} INFO - Setting next_dagrun for dataset_produces_2 to None, run_after=None
[2023-07-02T02:04:51.226+0000] {processor.py:179} INFO - Processing /home/airflow/.local/lib/python3.7/site-packages/airflow/example_dags/example_datasets.py took 0.184 seconds
[2023-07-02T02:05:22.195+0000] {processor.py:157} INFO - Started process (PID=169) to work on /home/airflow/.local/lib/python3.7/site-packages/airflow/example_dags/example_datasets.py
[2023-07-02T02:05:22.196+0000] {processor.py:826} INFO - Processing file /home/airflow/.local/lib/python3.7/site-packages/airflow/example_dags/example_datasets.py for tasks to queue
[2023-07-02T02:05:22.197+0000] {logging_mixin.py:149} INFO - [2023-07-02T02:05:22.197+0000] {dagbag.py:541} INFO - Filling up the DagBag from /home/airflow/.local/lib/python3.7/site-packages/airflow/example_dags/example_datasets.py
[2023-07-02T02:05:22.210+0000] {processor.py:836} INFO - DAG(s) dict_keys(['dataset_consumes_1_and_2', 'dataset_produces_2', 'dataset_consumes_1_never_scheduled', 'dataset_consumes_unknown_never_scheduled', 'dataset_produces_1', 'dataset_consumes_1']) retrieved from /home/airflow/.local/lib/python3.7/site-packages/airflow/example_dags/example_datasets.py
[2023-07-02T02:05:22.267+0000] {logging_mixin.py:149} INFO - [2023-07-02T02:05:22.267+0000] {dag.py:2726} INFO - Sync 6 DAGs
[2023-07-02T02:05:22.301+0000] {logging_mixin.py:149} INFO - [2023-07-02T02:05:22.300+0000] {dag.py:3490} INFO - Setting next_dagrun for dataset_consumes_1 to None, run_after=None
[2023-07-02T02:05:22.305+0000] {logging_mixin.py:149} INFO - [2023-07-02T02:05:22.305+0000] {dag.py:3490} INFO - Setting next_dagrun for dataset_consumes_1_and_2 to None, run_after=None
[2023-07-02T02:05:22.307+0000] {logging_mixin.py:149} INFO - [2023-07-02T02:05:22.306+0000] {dag.py:3490} INFO - Setting next_dagrun for dataset_consumes_1_never_scheduled to None, run_after=None
[2023-07-02T02:05:22.308+0000] {logging_mixin.py:149} INFO - [2023-07-02T02:05:22.308+0000] {dag.py:3490} INFO - Setting next_dagrun for dataset_consumes_unknown_never_scheduled to None, run_after=None
[2023-07-02T02:05:22.312+0000] {logging_mixin.py:149} INFO - [2023-07-02T02:05:22.312+0000] {dag.py:3490} INFO - Setting next_dagrun for dataset_produces_1 to 2023-07-01T00:00:00+00:00, run_after=2023-07-02T00:00:00+00:00
[2023-07-02T02:05:22.314+0000] {logging_mixin.py:149} INFO - [2023-07-02T02:05:22.314+0000] {dag.py:3490} INFO - Setting next_dagrun for dataset_produces_2 to None, run_after=None
[2023-07-02T02:05:22.358+0000] {processor.py:179} INFO - Processing /home/airflow/.local/lib/python3.7/site-packages/airflow/example_dags/example_datasets.py took 0.167 seconds
[2023-07-02T02:05:52.705+0000] {processor.py:157} INFO - Started process (PID=228) to work on /home/airflow/.local/lib/python3.7/site-packages/airflow/example_dags/example_datasets.py
[2023-07-02T02:05:52.707+0000] {processor.py:826} INFO - Processing file /home/airflow/.local/lib/python3.7/site-packages/airflow/example_dags/example_datasets.py for tasks to queue
[2023-07-02T02:05:52.708+0000] {logging_mixin.py:149} INFO - [2023-07-02T02:05:52.708+0000] {dagbag.py:541} INFO - Filling up the DagBag from /home/airflow/.local/lib/python3.7/site-packages/airflow/example_dags/example_datasets.py
[2023-07-02T02:05:52.726+0000] {processor.py:836} INFO - DAG(s) dict_keys(['dataset_produces_1', 'dataset_consumes_1_never_scheduled', 'dataset_consumes_1', 'dataset_produces_2', 'dataset_consumes_1_and_2', 'dataset_consumes_unknown_never_scheduled']) retrieved from /home/airflow/.local/lib/python3.7/site-packages/airflow/example_dags/example_datasets.py
[2023-07-02T02:05:52.795+0000] {logging_mixin.py:149} INFO - [2023-07-02T02:05:52.795+0000] {dag.py:2726} INFO - Sync 6 DAGs
[2023-07-02T02:05:52.836+0000] {logging_mixin.py:149} INFO - [2023-07-02T02:05:52.836+0000] {dag.py:3490} INFO - Setting next_dagrun for dataset_consumes_1 to None, run_after=None
[2023-07-02T02:05:52.842+0000] {logging_mixin.py:149} INFO - [2023-07-02T02:05:52.842+0000] {dag.py:3490} INFO - Setting next_dagrun for dataset_consumes_1_and_2 to None, run_after=None
[2023-07-02T02:05:52.844+0000] {logging_mixin.py:149} INFO - [2023-07-02T02:05:52.844+0000] {dag.py:3490} INFO - Setting next_dagrun for dataset_consumes_1_never_scheduled to None, run_after=None
[2023-07-02T02:05:52.846+0000] {logging_mixin.py:149} INFO - [2023-07-02T02:05:52.846+0000] {dag.py:3490} INFO - Setting next_dagrun for dataset_consumes_unknown_never_scheduled to None, run_after=None
[2023-07-02T02:05:52.851+0000] {logging_mixin.py:149} INFO - [2023-07-02T02:05:52.851+0000] {dag.py:3490} INFO - Setting next_dagrun for dataset_produces_1 to 2023-07-01T00:00:00+00:00, run_after=2023-07-02T00:00:00+00:00
[2023-07-02T02:05:52.853+0000] {logging_mixin.py:149} INFO - [2023-07-02T02:05:52.853+0000] {dag.py:3490} INFO - Setting next_dagrun for dataset_produces_2 to None, run_after=None
[2023-07-02T02:05:52.903+0000] {processor.py:179} INFO - Processing /home/airflow/.local/lib/python3.7/site-packages/airflow/example_dags/example_datasets.py took 0.202 seconds
[2023-07-02T02:06:23.783+0000] {processor.py:157} INFO - Started process (PID=286) to work on /home/airflow/.local/lib/python3.7/site-packages/airflow/example_dags/example_datasets.py
[2023-07-02T02:06:23.785+0000] {processor.py:826} INFO - Processing file /home/airflow/.local/lib/python3.7/site-packages/airflow/example_dags/example_datasets.py for tasks to queue
[2023-07-02T02:06:23.786+0000] {logging_mixin.py:149} INFO - [2023-07-02T02:06:23.786+0000] {dagbag.py:541} INFO - Filling up the DagBag from /home/airflow/.local/lib/python3.7/site-packages/airflow/example_dags/example_datasets.py
[2023-07-02T02:06:23.798+0000] {processor.py:836} INFO - DAG(s) dict_keys(['dataset_produces_2', 'dataset_consumes_1', 'dataset_consumes_1_never_scheduled', 'dataset_produces_1', 'dataset_consumes_unknown_never_scheduled', 'dataset_consumes_1_and_2']) retrieved from /home/airflow/.local/lib/python3.7/site-packages/airflow/example_dags/example_datasets.py
[2023-07-02T02:06:23.851+0000] {logging_mixin.py:149} INFO - [2023-07-02T02:06:23.851+0000] {dag.py:2726} INFO - Sync 6 DAGs
[2023-07-02T02:06:23.886+0000] {logging_mixin.py:149} INFO - [2023-07-02T02:06:23.886+0000] {dag.py:3490} INFO - Setting next_dagrun for dataset_consumes_1 to None, run_after=None
[2023-07-02T02:06:23.891+0000] {logging_mixin.py:149} INFO - [2023-07-02T02:06:23.891+0000] {dag.py:3490} INFO - Setting next_dagrun for dataset_consumes_1_and_2 to None, run_after=None
[2023-07-02T02:06:23.894+0000] {logging_mixin.py:149} INFO - [2023-07-02T02:06:23.894+0000] {dag.py:3490} INFO - Setting next_dagrun for dataset_consumes_1_never_scheduled to None, run_after=None
[2023-07-02T02:06:23.896+0000] {logging_mixin.py:149} INFO - [2023-07-02T02:06:23.896+0000] {dag.py:3490} INFO - Setting next_dagrun for dataset_consumes_unknown_never_scheduled to None, run_after=None
[2023-07-02T02:06:23.901+0000] {logging_mixin.py:149} INFO - [2023-07-02T02:06:23.901+0000] {dag.py:3490} INFO - Setting next_dagrun for dataset_produces_1 to 2023-07-01T00:00:00+00:00, run_after=2023-07-02T00:00:00+00:00
[2023-07-02T02:06:23.904+0000] {logging_mixin.py:149} INFO - [2023-07-02T02:06:23.903+0000] {dag.py:3490} INFO - Setting next_dagrun for dataset_produces_2 to None, run_after=None
[2023-07-02T02:06:23.956+0000] {processor.py:179} INFO - Processing /home/airflow/.local/lib/python3.7/site-packages/airflow/example_dags/example_datasets.py took 0.177 seconds
[2023-07-02T02:06:54.122+0000] {processor.py:157} INFO - Started process (PID=344) to work on /home/airflow/.local/lib/python3.7/site-packages/airflow/example_dags/example_datasets.py
[2023-07-02T02:06:54.123+0000] {processor.py:826} INFO - Processing file /home/airflow/.local/lib/python3.7/site-packages/airflow/example_dags/example_datasets.py for tasks to queue
[2023-07-02T02:06:54.124+0000] {logging_mixin.py:149} INFO - [2023-07-02T02:06:54.124+0000] {dagbag.py:541} INFO - Filling up the DagBag from /home/airflow/.local/lib/python3.7/site-packages/airflow/example_dags/example_datasets.py
[2023-07-02T02:06:54.137+0000] {processor.py:836} INFO - DAG(s) dict_keys(['dataset_consumes_1_and_2', 'dataset_produces_1', 'dataset_consumes_1', 'dataset_consumes_unknown_never_scheduled', 'dataset_consumes_1_never_scheduled', 'dataset_produces_2']) retrieved from /home/airflow/.local/lib/python3.7/site-packages/airflow/example_dags/example_datasets.py
[2023-07-02T02:06:54.194+0000] {logging_mixin.py:149} INFO - [2023-07-02T02:06:54.194+0000] {dag.py:2726} INFO - Sync 6 DAGs
[2023-07-02T02:06:54.227+0000] {logging_mixin.py:149} INFO - [2023-07-02T02:06:54.226+0000] {dag.py:3490} INFO - Setting next_dagrun for dataset_consumes_1 to None, run_after=None
[2023-07-02T02:06:54.232+0000] {logging_mixin.py:149} INFO - [2023-07-02T02:06:54.231+0000] {dag.py:3490} INFO - Setting next_dagrun for dataset_consumes_1_and_2 to None, run_after=None
[2023-07-02T02:06:54.234+0000] {logging_mixin.py:149} INFO - [2023-07-02T02:06:54.234+0000] {dag.py:3490} INFO - Setting next_dagrun for dataset_consumes_1_never_scheduled to None, run_after=None
[2023-07-02T02:06:54.236+0000] {logging_mixin.py:149} INFO - [2023-07-02T02:06:54.236+0000] {dag.py:3490} INFO - Setting next_dagrun for dataset_consumes_unknown_never_scheduled to None, run_after=None
[2023-07-02T02:06:54.239+0000] {logging_mixin.py:149} INFO - [2023-07-02T02:06:54.239+0000] {dag.py:3490} INFO - Setting next_dagrun for dataset_produces_1 to 2023-07-01T00:00:00+00:00, run_after=2023-07-02T00:00:00+00:00
[2023-07-02T02:06:54.242+0000] {logging_mixin.py:149} INFO - [2023-07-02T02:06:54.241+0000] {dag.py:3490} INFO - Setting next_dagrun for dataset_produces_2 to None, run_after=None
[2023-07-02T02:06:54.286+0000] {processor.py:179} INFO - Processing /home/airflow/.local/lib/python3.7/site-packages/airflow/example_dags/example_datasets.py took 0.169 seconds
[2023-07-02T02:12:40.735+0000] {processor.py:157} INFO - Started process (PID=54) to work on /home/airflow/.local/lib/python3.7/site-packages/airflow/example_dags/example_datasets.py
[2023-07-02T02:12:40.737+0000] {processor.py:826} INFO - Processing file /home/airflow/.local/lib/python3.7/site-packages/airflow/example_dags/example_datasets.py for tasks to queue
[2023-07-02T02:12:40.738+0000] {logging_mixin.py:149} INFO - [2023-07-02T02:12:40.738+0000] {dagbag.py:541} INFO - Filling up the DagBag from /home/airflow/.local/lib/python3.7/site-packages/airflow/example_dags/example_datasets.py
[2023-07-02T02:12:40.751+0000] {processor.py:836} INFO - DAG(s) dict_keys(['dataset_consumes_1_never_scheduled', 'dataset_produces_1', 'dataset_consumes_1', 'dataset_consumes_1_and_2', 'dataset_produces_2', 'dataset_consumes_unknown_never_scheduled']) retrieved from /home/airflow/.local/lib/python3.7/site-packages/airflow/example_dags/example_datasets.py
[2023-07-02T02:12:41.097+0000] {logging_mixin.py:149} INFO - [2023-07-02T02:12:41.097+0000] {dag.py:2726} INFO - Sync 6 DAGs
[2023-07-02T02:12:41.126+0000] {logging_mixin.py:149} INFO - [2023-07-02T02:12:41.126+0000] {dag.py:3490} INFO - Setting next_dagrun for dataset_consumes_1 to None, run_after=None
[2023-07-02T02:12:41.130+0000] {logging_mixin.py:149} INFO - [2023-07-02T02:12:41.130+0000] {dag.py:3490} INFO - Setting next_dagrun for dataset_consumes_1_and_2 to None, run_after=None
[2023-07-02T02:12:41.132+0000] {logging_mixin.py:149} INFO - [2023-07-02T02:12:41.132+0000] {dag.py:3490} INFO - Setting next_dagrun for dataset_consumes_1_never_scheduled to None, run_after=None
[2023-07-02T02:12:41.134+0000] {logging_mixin.py:149} INFO - [2023-07-02T02:12:41.134+0000] {dag.py:3490} INFO - Setting next_dagrun for dataset_consumes_unknown_never_scheduled to None, run_after=None
[2023-07-02T02:12:41.138+0000] {logging_mixin.py:149} INFO - [2023-07-02T02:12:41.138+0000] {dag.py:3490} INFO - Setting next_dagrun for dataset_produces_1 to 2023-07-01T00:00:00+00:00, run_after=2023-07-02T00:00:00+00:00
[2023-07-02T02:12:41.140+0000] {logging_mixin.py:149} INFO - [2023-07-02T02:12:41.140+0000] {dag.py:3490} INFO - Setting next_dagrun for dataset_produces_2 to None, run_after=None
[2023-07-02T02:12:41.194+0000] {processor.py:179} INFO - Processing /home/airflow/.local/lib/python3.7/site-packages/airflow/example_dags/example_datasets.py took 0.463 seconds
[2023-07-02T02:13:11.275+0000] {processor.py:157} INFO - Started process (PID=115) to work on /home/airflow/.local/lib/python3.7/site-packages/airflow/example_dags/example_datasets.py
[2023-07-02T02:13:11.276+0000] {processor.py:826} INFO - Processing file /home/airflow/.local/lib/python3.7/site-packages/airflow/example_dags/example_datasets.py for tasks to queue
[2023-07-02T02:13:11.278+0000] {logging_mixin.py:149} INFO - [2023-07-02T02:13:11.277+0000] {dagbag.py:541} INFO - Filling up the DagBag from /home/airflow/.local/lib/python3.7/site-packages/airflow/example_dags/example_datasets.py
[2023-07-02T02:13:11.290+0000] {processor.py:836} INFO - DAG(s) dict_keys(['dataset_produces_2', 'dataset_consumes_unknown_never_scheduled', 'dataset_consumes_1', 'dataset_consumes_1_never_scheduled', 'dataset_consumes_1_and_2', 'dataset_produces_1']) retrieved from /home/airflow/.local/lib/python3.7/site-packages/airflow/example_dags/example_datasets.py
[2023-07-02T02:13:11.358+0000] {logging_mixin.py:149} INFO - [2023-07-02T02:13:11.358+0000] {dag.py:2726} INFO - Sync 6 DAGs
[2023-07-02T02:13:11.391+0000] {logging_mixin.py:149} INFO - [2023-07-02T02:13:11.391+0000] {dag.py:3490} INFO - Setting next_dagrun for dataset_consumes_1 to None, run_after=None
[2023-07-02T02:13:11.395+0000] {logging_mixin.py:149} INFO - [2023-07-02T02:13:11.395+0000] {dag.py:3490} INFO - Setting next_dagrun for dataset_consumes_1_and_2 to None, run_after=None
[2023-07-02T02:13:11.397+0000] {logging_mixin.py:149} INFO - [2023-07-02T02:13:11.397+0000] {dag.py:3490} INFO - Setting next_dagrun for dataset_consumes_1_never_scheduled to None, run_after=None
[2023-07-02T02:13:11.399+0000] {logging_mixin.py:149} INFO - [2023-07-02T02:13:11.399+0000] {dag.py:3490} INFO - Setting next_dagrun for dataset_consumes_unknown_never_scheduled to None, run_after=None
[2023-07-02T02:13:11.404+0000] {logging_mixin.py:149} INFO - [2023-07-02T02:13:11.403+0000] {dag.py:3490} INFO - Setting next_dagrun for dataset_produces_1 to 2023-07-01T00:00:00+00:00, run_after=2023-07-02T00:00:00+00:00
[2023-07-02T02:13:11.405+0000] {logging_mixin.py:149} INFO - [2023-07-02T02:13:11.405+0000] {dag.py:3490} INFO - Setting next_dagrun for dataset_produces_2 to None, run_after=None
[2023-07-02T02:13:11.451+0000] {processor.py:179} INFO - Processing /home/airflow/.local/lib/python3.7/site-packages/airflow/example_dags/example_datasets.py took 0.180 seconds
[2023-07-02T02:13:41.605+0000] {processor.py:157} INFO - Started process (PID=173) to work on /home/airflow/.local/lib/python3.7/site-packages/airflow/example_dags/example_datasets.py
[2023-07-02T02:13:41.606+0000] {processor.py:826} INFO - Processing file /home/airflow/.local/lib/python3.7/site-packages/airflow/example_dags/example_datasets.py for tasks to queue
[2023-07-02T02:13:41.607+0000] {logging_mixin.py:149} INFO - [2023-07-02T02:13:41.607+0000] {dagbag.py:541} INFO - Filling up the DagBag from /home/airflow/.local/lib/python3.7/site-packages/airflow/example_dags/example_datasets.py
[2023-07-02T02:13:41.621+0000] {processor.py:836} INFO - DAG(s) dict_keys(['dataset_produces_1', 'dataset_consumes_unknown_never_scheduled', 'dataset_consumes_1', 'dataset_consumes_1_and_2', 'dataset_consumes_1_never_scheduled', 'dataset_produces_2']) retrieved from /home/airflow/.local/lib/python3.7/site-packages/airflow/example_dags/example_datasets.py
[2023-07-02T02:13:41.676+0000] {logging_mixin.py:149} INFO - [2023-07-02T02:13:41.676+0000] {dag.py:2726} INFO - Sync 6 DAGs
[2023-07-02T02:13:41.715+0000] {logging_mixin.py:149} INFO - [2023-07-02T02:13:41.715+0000] {dag.py:3490} INFO - Setting next_dagrun for dataset_consumes_1 to None, run_after=None
[2023-07-02T02:13:41.721+0000] {logging_mixin.py:149} INFO - [2023-07-02T02:13:41.721+0000] {dag.py:3490} INFO - Setting next_dagrun for dataset_consumes_1_and_2 to None, run_after=None
[2023-07-02T02:13:41.723+0000] {logging_mixin.py:149} INFO - [2023-07-02T02:13:41.723+0000] {dag.py:3490} INFO - Setting next_dagrun for dataset_consumes_1_never_scheduled to None, run_after=None
[2023-07-02T02:13:41.726+0000] {logging_mixin.py:149} INFO - [2023-07-02T02:13:41.726+0000] {dag.py:3490} INFO - Setting next_dagrun for dataset_consumes_unknown_never_scheduled to None, run_after=None
[2023-07-02T02:13:41.730+0000] {logging_mixin.py:149} INFO - [2023-07-02T02:13:41.730+0000] {dag.py:3490} INFO - Setting next_dagrun for dataset_produces_1 to 2023-07-01T00:00:00+00:00, run_after=2023-07-02T00:00:00+00:00
[2023-07-02T02:13:41.733+0000] {logging_mixin.py:149} INFO - [2023-07-02T02:13:41.733+0000] {dag.py:3490} INFO - Setting next_dagrun for dataset_produces_2 to None, run_after=None
[2023-07-02T02:13:41.785+0000] {processor.py:179} INFO - Processing /home/airflow/.local/lib/python3.7/site-packages/airflow/example_dags/example_datasets.py took 0.185 seconds
[2023-07-02T02:14:12.172+0000] {processor.py:157} INFO - Started process (PID=231) to work on /home/airflow/.local/lib/python3.7/site-packages/airflow/example_dags/example_datasets.py
[2023-07-02T02:14:12.174+0000] {processor.py:826} INFO - Processing file /home/airflow/.local/lib/python3.7/site-packages/airflow/example_dags/example_datasets.py for tasks to queue
[2023-07-02T02:14:12.175+0000] {logging_mixin.py:149} INFO - [2023-07-02T02:14:12.175+0000] {dagbag.py:541} INFO - Filling up the DagBag from /home/airflow/.local/lib/python3.7/site-packages/airflow/example_dags/example_datasets.py
[2023-07-02T02:14:12.187+0000] {processor.py:836} INFO - DAG(s) dict_keys(['dataset_produces_1', 'dataset_consumes_1_never_scheduled', 'dataset_consumes_unknown_never_scheduled', 'dataset_produces_2', 'dataset_consumes_1', 'dataset_consumes_1_and_2']) retrieved from /home/airflow/.local/lib/python3.7/site-packages/airflow/example_dags/example_datasets.py
[2023-07-02T02:14:12.255+0000] {logging_mixin.py:149} INFO - [2023-07-02T02:14:12.255+0000] {dag.py:2726} INFO - Sync 6 DAGs
[2023-07-02T02:14:12.304+0000] {logging_mixin.py:149} INFO - [2023-07-02T02:14:12.303+0000] {dag.py:3490} INFO - Setting next_dagrun for dataset_consumes_1 to None, run_after=None
[2023-07-02T02:14:12.309+0000] {logging_mixin.py:149} INFO - [2023-07-02T02:14:12.309+0000] {dag.py:3490} INFO - Setting next_dagrun for dataset_consumes_1_and_2 to None, run_after=None
[2023-07-02T02:14:12.312+0000] {logging_mixin.py:149} INFO - [2023-07-02T02:14:12.312+0000] {dag.py:3490} INFO - Setting next_dagrun for dataset_consumes_1_never_scheduled to None, run_after=None
[2023-07-02T02:14:12.314+0000] {logging_mixin.py:149} INFO - [2023-07-02T02:14:12.314+0000] {dag.py:3490} INFO - Setting next_dagrun for dataset_consumes_unknown_never_scheduled to None, run_after=None
[2023-07-02T02:14:12.319+0000] {logging_mixin.py:149} INFO - [2023-07-02T02:14:12.319+0000] {dag.py:3490} INFO - Setting next_dagrun for dataset_produces_1 to 2023-07-01T00:00:00+00:00, run_after=2023-07-02T00:00:00+00:00
[2023-07-02T02:14:12.322+0000] {logging_mixin.py:149} INFO - [2023-07-02T02:14:12.321+0000] {dag.py:3490} INFO - Setting next_dagrun for dataset_produces_2 to None, run_after=None
[2023-07-02T02:14:12.377+0000] {processor.py:179} INFO - Processing /home/airflow/.local/lib/python3.7/site-packages/airflow/example_dags/example_datasets.py took 0.209 seconds
[2023-07-02T02:14:43.749+0000] {processor.py:157} INFO - Started process (PID=289) to work on /home/airflow/.local/lib/python3.7/site-packages/airflow/example_dags/example_datasets.py
[2023-07-02T02:14:43.750+0000] {processor.py:826} INFO - Processing file /home/airflow/.local/lib/python3.7/site-packages/airflow/example_dags/example_datasets.py for tasks to queue
[2023-07-02T02:14:43.752+0000] {logging_mixin.py:149} INFO - [2023-07-02T02:14:43.751+0000] {dagbag.py:541} INFO - Filling up the DagBag from /home/airflow/.local/lib/python3.7/site-packages/airflow/example_dags/example_datasets.py
[2023-07-02T02:14:43.763+0000] {processor.py:836} INFO - DAG(s) dict_keys(['dataset_produces_2', 'dataset_consumes_1_and_2', 'dataset_produces_1', 'dataset_consumes_unknown_never_scheduled', 'dataset_consumes_1', 'dataset_consumes_1_never_scheduled']) retrieved from /home/airflow/.local/lib/python3.7/site-packages/airflow/example_dags/example_datasets.py
[2023-07-02T02:14:44.018+0000] {logging_mixin.py:149} INFO - [2023-07-02T02:14:44.018+0000] {dag.py:2726} INFO - Sync 6 DAGs
[2023-07-02T02:14:44.052+0000] {logging_mixin.py:149} INFO - [2023-07-02T02:14:44.051+0000] {dag.py:3490} INFO - Setting next_dagrun for dataset_consumes_1 to None, run_after=None
[2023-07-02T02:14:44.055+0000] {logging_mixin.py:149} INFO - [2023-07-02T02:14:44.055+0000] {dag.py:3490} INFO - Setting next_dagrun for dataset_consumes_1_and_2 to None, run_after=None
[2023-07-02T02:14:44.057+0000] {logging_mixin.py:149} INFO - [2023-07-02T02:14:44.057+0000] {dag.py:3490} INFO - Setting next_dagrun for dataset_consumes_1_never_scheduled to None, run_after=None
[2023-07-02T02:14:44.059+0000] {logging_mixin.py:149} INFO - [2023-07-02T02:14:44.059+0000] {dag.py:3490} INFO - Setting next_dagrun for dataset_consumes_unknown_never_scheduled to None, run_after=None
[2023-07-02T02:14:44.063+0000] {logging_mixin.py:149} INFO - [2023-07-02T02:14:44.063+0000] {dag.py:3490} INFO - Setting next_dagrun for dataset_produces_1 to 2023-07-01T00:00:00+00:00, run_after=2023-07-02T00:00:00+00:00
[2023-07-02T02:14:44.065+0000] {logging_mixin.py:149} INFO - [2023-07-02T02:14:44.065+0000] {dag.py:3490} INFO - Setting next_dagrun for dataset_produces_2 to None, run_after=None
[2023-07-02T02:14:44.116+0000] {processor.py:179} INFO - Processing /home/airflow/.local/lib/python3.7/site-packages/airflow/example_dags/example_datasets.py took 0.371 seconds
[2023-07-02T02:15:14.733+0000] {processor.py:157} INFO - Started process (PID=347) to work on /home/airflow/.local/lib/python3.7/site-packages/airflow/example_dags/example_datasets.py
[2023-07-02T02:15:14.734+0000] {processor.py:826} INFO - Processing file /home/airflow/.local/lib/python3.7/site-packages/airflow/example_dags/example_datasets.py for tasks to queue
[2023-07-02T02:15:14.735+0000] {logging_mixin.py:149} INFO - [2023-07-02T02:15:14.735+0000] {dagbag.py:541} INFO - Filling up the DagBag from /home/airflow/.local/lib/python3.7/site-packages/airflow/example_dags/example_datasets.py
[2023-07-02T02:15:14.751+0000] {processor.py:836} INFO - DAG(s) dict_keys(['dataset_consumes_1_never_scheduled', 'dataset_consumes_1_and_2', 'dataset_produces_1', 'dataset_consumes_unknown_never_scheduled', 'dataset_produces_2', 'dataset_consumes_1']) retrieved from /home/airflow/.local/lib/python3.7/site-packages/airflow/example_dags/example_datasets.py
[2023-07-02T02:15:14.802+0000] {logging_mixin.py:149} INFO - [2023-07-02T02:15:14.801+0000] {dag.py:2726} INFO - Sync 6 DAGs
[2023-07-02T02:15:14.831+0000] {logging_mixin.py:149} INFO - [2023-07-02T02:15:14.831+0000] {dag.py:3490} INFO - Setting next_dagrun for dataset_consumes_1 to None, run_after=None
[2023-07-02T02:15:14.835+0000] {logging_mixin.py:149} INFO - [2023-07-02T02:15:14.835+0000] {dag.py:3490} INFO - Setting next_dagrun for dataset_consumes_1_and_2 to None, run_after=None
[2023-07-02T02:15:14.836+0000] {logging_mixin.py:149} INFO - [2023-07-02T02:15:14.836+0000] {dag.py:3490} INFO - Setting next_dagrun for dataset_consumes_1_never_scheduled to None, run_after=None
[2023-07-02T02:15:14.838+0000] {logging_mixin.py:149} INFO - [2023-07-02T02:15:14.838+0000] {dag.py:3490} INFO - Setting next_dagrun for dataset_consumes_unknown_never_scheduled to None, run_after=None
[2023-07-02T02:15:14.841+0000] {logging_mixin.py:149} INFO - [2023-07-02T02:15:14.841+0000] {dag.py:3490} INFO - Setting next_dagrun for dataset_produces_1 to 2023-07-01T00:00:00+00:00, run_after=2023-07-02T00:00:00+00:00
[2023-07-02T02:15:14.843+0000] {logging_mixin.py:149} INFO - [2023-07-02T02:15:14.842+0000] {dag.py:3490} INFO - Setting next_dagrun for dataset_produces_2 to None, run_after=None
[2023-07-02T02:15:14.881+0000] {processor.py:179} INFO - Processing /home/airflow/.local/lib/python3.7/site-packages/airflow/example_dags/example_datasets.py took 0.153 seconds
[2023-07-02T02:15:45.895+0000] {processor.py:157} INFO - Started process (PID=404) to work on /home/airflow/.local/lib/python3.7/site-packages/airflow/example_dags/example_datasets.py
[2023-07-02T02:15:45.897+0000] {processor.py:826} INFO - Processing file /home/airflow/.local/lib/python3.7/site-packages/airflow/example_dags/example_datasets.py for tasks to queue
[2023-07-02T02:15:45.899+0000] {logging_mixin.py:149} INFO - [2023-07-02T02:15:45.899+0000] {dagbag.py:541} INFO - Filling up the DagBag from /home/airflow/.local/lib/python3.7/site-packages/airflow/example_dags/example_datasets.py
[2023-07-02T02:15:45.912+0000] {processor.py:836} INFO - DAG(s) dict_keys(['dataset_consumes_1_and_2', 'dataset_consumes_unknown_never_scheduled', 'dataset_consumes_1', 'dataset_produces_2', 'dataset_produces_1', 'dataset_consumes_1_never_scheduled']) retrieved from /home/airflow/.local/lib/python3.7/site-packages/airflow/example_dags/example_datasets.py
[2023-07-02T02:15:46.198+0000] {logging_mixin.py:149} INFO - [2023-07-02T02:15:46.198+0000] {dag.py:2726} INFO - Sync 6 DAGs
[2023-07-02T02:15:46.233+0000] {logging_mixin.py:149} INFO - [2023-07-02T02:15:46.233+0000] {dag.py:3490} INFO - Setting next_dagrun for dataset_consumes_1 to None, run_after=None
[2023-07-02T02:15:46.237+0000] {logging_mixin.py:149} INFO - [2023-07-02T02:15:46.237+0000] {dag.py:3490} INFO - Setting next_dagrun for dataset_consumes_1_and_2 to None, run_after=None
[2023-07-02T02:15:46.239+0000] {logging_mixin.py:149} INFO - [2023-07-02T02:15:46.239+0000] {dag.py:3490} INFO - Setting next_dagrun for dataset_consumes_1_never_scheduled to None, run_after=None
[2023-07-02T02:15:46.241+0000] {logging_mixin.py:149} INFO - [2023-07-02T02:15:46.240+0000] {dag.py:3490} INFO - Setting next_dagrun for dataset_consumes_unknown_never_scheduled to None, run_after=None
[2023-07-02T02:15:46.244+0000] {logging_mixin.py:149} INFO - [2023-07-02T02:15:46.244+0000] {dag.py:3490} INFO - Setting next_dagrun for dataset_produces_1 to 2023-07-01T00:00:00+00:00, run_after=2023-07-02T00:00:00+00:00
[2023-07-02T02:15:46.246+0000] {logging_mixin.py:149} INFO - [2023-07-02T02:15:46.246+0000] {dag.py:3490} INFO - Setting next_dagrun for dataset_produces_2 to None, run_after=None
[2023-07-02T02:15:46.288+0000] {processor.py:179} INFO - Processing /home/airflow/.local/lib/python3.7/site-packages/airflow/example_dags/example_datasets.py took 0.402 seconds
[2023-07-02T02:16:17.011+0000] {processor.py:157} INFO - Started process (PID=462) to work on /home/airflow/.local/lib/python3.7/site-packages/airflow/example_dags/example_datasets.py
[2023-07-02T02:16:17.013+0000] {processor.py:826} INFO - Processing file /home/airflow/.local/lib/python3.7/site-packages/airflow/example_dags/example_datasets.py for tasks to queue
[2023-07-02T02:16:17.014+0000] {logging_mixin.py:149} INFO - [2023-07-02T02:16:17.014+0000] {dagbag.py:541} INFO - Filling up the DagBag from /home/airflow/.local/lib/python3.7/site-packages/airflow/example_dags/example_datasets.py
[2023-07-02T02:16:17.029+0000] {processor.py:836} INFO - DAG(s) dict_keys(['dataset_consumes_1_and_2', 'dataset_consumes_1_never_scheduled', 'dataset_consumes_1', 'dataset_consumes_unknown_never_scheduled', 'dataset_produces_1', 'dataset_produces_2']) retrieved from /home/airflow/.local/lib/python3.7/site-packages/airflow/example_dags/example_datasets.py
[2023-07-02T02:16:17.085+0000] {logging_mixin.py:149} INFO - [2023-07-02T02:16:17.085+0000] {dag.py:2726} INFO - Sync 6 DAGs
[2023-07-02T02:16:17.119+0000] {logging_mixin.py:149} INFO - [2023-07-02T02:16:17.119+0000] {dag.py:3490} INFO - Setting next_dagrun for dataset_consumes_1 to None, run_after=None
[2023-07-02T02:16:17.124+0000] {logging_mixin.py:149} INFO - [2023-07-02T02:16:17.123+0000] {dag.py:3490} INFO - Setting next_dagrun for dataset_consumes_1_and_2 to None, run_after=None
[2023-07-02T02:16:17.126+0000] {logging_mixin.py:149} INFO - [2023-07-02T02:16:17.125+0000] {dag.py:3490} INFO - Setting next_dagrun for dataset_consumes_1_never_scheduled to None, run_after=None
[2023-07-02T02:16:17.127+0000] {logging_mixin.py:149} INFO - [2023-07-02T02:16:17.127+0000] {dag.py:3490} INFO - Setting next_dagrun for dataset_consumes_unknown_never_scheduled to None, run_after=None
[2023-07-02T02:16:17.131+0000] {logging_mixin.py:149} INFO - [2023-07-02T02:16:17.131+0000] {dag.py:3490} INFO - Setting next_dagrun for dataset_produces_1 to 2023-07-01T00:00:00+00:00, run_after=2023-07-02T00:00:00+00:00
[2023-07-02T02:16:17.132+0000] {logging_mixin.py:149} INFO - [2023-07-02T02:16:17.132+0000] {dag.py:3490} INFO - Setting next_dagrun for dataset_produces_2 to None, run_after=None
[2023-07-02T02:16:17.171+0000] {processor.py:179} INFO - Processing /home/airflow/.local/lib/python3.7/site-packages/airflow/example_dags/example_datasets.py took 0.164 seconds
[2023-07-02T02:16:47.417+0000] {processor.py:157} INFO - Started process (PID=521) to work on /home/airflow/.local/lib/python3.7/site-packages/airflow/example_dags/example_datasets.py
[2023-07-02T02:16:47.418+0000] {processor.py:826} INFO - Processing file /home/airflow/.local/lib/python3.7/site-packages/airflow/example_dags/example_datasets.py for tasks to queue
[2023-07-02T02:16:47.420+0000] {logging_mixin.py:149} INFO - [2023-07-02T02:16:47.420+0000] {dagbag.py:541} INFO - Filling up the DagBag from /home/airflow/.local/lib/python3.7/site-packages/airflow/example_dags/example_datasets.py
[2023-07-02T02:16:47.436+0000] {processor.py:836} INFO - DAG(s) dict_keys(['dataset_consumes_unknown_never_scheduled', 'dataset_consumes_1', 'dataset_produces_1', 'dataset_produces_2', 'dataset_consumes_1_and_2', 'dataset_consumes_1_never_scheduled']) retrieved from /home/airflow/.local/lib/python3.7/site-packages/airflow/example_dags/example_datasets.py
[2023-07-02T02:16:47.487+0000] {logging_mixin.py:149} INFO - [2023-07-02T02:16:47.487+0000] {dag.py:2726} INFO - Sync 6 DAGs
[2023-07-02T02:16:47.517+0000] {logging_mixin.py:149} INFO - [2023-07-02T02:16:47.517+0000] {dag.py:3490} INFO - Setting next_dagrun for dataset_consumes_1 to None, run_after=None
[2023-07-02T02:16:47.521+0000] {logging_mixin.py:149} INFO - [2023-07-02T02:16:47.521+0000] {dag.py:3490} INFO - Setting next_dagrun for dataset_consumes_1_and_2 to None, run_after=None
[2023-07-02T02:16:47.523+0000] {logging_mixin.py:149} INFO - [2023-07-02T02:16:47.523+0000] {dag.py:3490} INFO - Setting next_dagrun for dataset_consumes_1_never_scheduled to None, run_after=None
[2023-07-02T02:16:47.525+0000] {logging_mixin.py:149} INFO - [2023-07-02T02:16:47.525+0000] {dag.py:3490} INFO - Setting next_dagrun for dataset_consumes_unknown_never_scheduled to None, run_after=None
[2023-07-02T02:16:47.529+0000] {logging_mixin.py:149} INFO - [2023-07-02T02:16:47.529+0000] {dag.py:3490} INFO - Setting next_dagrun for dataset_produces_1 to 2023-07-01T00:00:00+00:00, run_after=2023-07-02T00:00:00+00:00
[2023-07-02T02:16:47.530+0000] {logging_mixin.py:149} INFO - [2023-07-02T02:16:47.530+0000] {dag.py:3490} INFO - Setting next_dagrun for dataset_produces_2 to None, run_after=None
[2023-07-02T02:16:47.571+0000] {processor.py:179} INFO - Processing /home/airflow/.local/lib/python3.7/site-packages/airflow/example_dags/example_datasets.py took 0.160 seconds
[2023-07-02T02:17:18.287+0000] {processor.py:157} INFO - Started process (PID=580) to work on /home/airflow/.local/lib/python3.7/site-packages/airflow/example_dags/example_datasets.py
[2023-07-02T02:17:18.288+0000] {processor.py:826} INFO - Processing file /home/airflow/.local/lib/python3.7/site-packages/airflow/example_dags/example_datasets.py for tasks to queue
[2023-07-02T02:17:18.289+0000] {logging_mixin.py:149} INFO - [2023-07-02T02:17:18.289+0000] {dagbag.py:541} INFO - Filling up the DagBag from /home/airflow/.local/lib/python3.7/site-packages/airflow/example_dags/example_datasets.py
[2023-07-02T02:17:18.301+0000] {processor.py:836} INFO - DAG(s) dict_keys(['dataset_consumes_1', 'dataset_produces_1', 'dataset_consumes_unknown_never_scheduled', 'dataset_produces_2', 'dataset_consumes_1_never_scheduled', 'dataset_consumes_1_and_2']) retrieved from /home/airflow/.local/lib/python3.7/site-packages/airflow/example_dags/example_datasets.py
[2023-07-02T02:17:18.370+0000] {logging_mixin.py:149} INFO - [2023-07-02T02:17:18.370+0000] {dag.py:2726} INFO - Sync 6 DAGs
[2023-07-02T02:17:18.424+0000] {logging_mixin.py:149} INFO - [2023-07-02T02:17:18.424+0000] {dag.py:3490} INFO - Setting next_dagrun for dataset_consumes_1 to None, run_after=None
[2023-07-02T02:17:18.431+0000] {logging_mixin.py:149} INFO - [2023-07-02T02:17:18.430+0000] {dag.py:3490} INFO - Setting next_dagrun for dataset_consumes_1_and_2 to None, run_after=None
[2023-07-02T02:17:18.434+0000] {logging_mixin.py:149} INFO - [2023-07-02T02:17:18.434+0000] {dag.py:3490} INFO - Setting next_dagrun for dataset_consumes_1_never_scheduled to None, run_after=None
[2023-07-02T02:17:18.438+0000] {logging_mixin.py:149} INFO - [2023-07-02T02:17:18.437+0000] {dag.py:3490} INFO - Setting next_dagrun for dataset_consumes_unknown_never_scheduled to None, run_after=None
[2023-07-02T02:17:18.445+0000] {logging_mixin.py:149} INFO - [2023-07-02T02:17:18.445+0000] {dag.py:3490} INFO - Setting next_dagrun for dataset_produces_1 to 2023-07-01T00:00:00+00:00, run_after=2023-07-02T00:00:00+00:00
[2023-07-02T02:17:18.448+0000] {logging_mixin.py:149} INFO - [2023-07-02T02:17:18.448+0000] {dag.py:3490} INFO - Setting next_dagrun for dataset_produces_2 to None, run_after=None
[2023-07-02T02:17:18.564+0000] {processor.py:179} INFO - Processing /home/airflow/.local/lib/python3.7/site-packages/airflow/example_dags/example_datasets.py took 0.282 seconds
[2023-07-02T02:17:48.921+0000] {processor.py:157} INFO - Started process (PID=639) to work on /home/airflow/.local/lib/python3.7/site-packages/airflow/example_dags/example_datasets.py
[2023-07-02T02:17:48.922+0000] {processor.py:826} INFO - Processing file /home/airflow/.local/lib/python3.7/site-packages/airflow/example_dags/example_datasets.py for tasks to queue
[2023-07-02T02:17:48.924+0000] {logging_mixin.py:149} INFO - [2023-07-02T02:17:48.923+0000] {dagbag.py:541} INFO - Filling up the DagBag from /home/airflow/.local/lib/python3.7/site-packages/airflow/example_dags/example_datasets.py
[2023-07-02T02:17:48.935+0000] {processor.py:836} INFO - DAG(s) dict_keys(['dataset_produces_2', 'dataset_produces_1', 'dataset_consumes_1_never_scheduled', 'dataset_consumes_1_and_2', 'dataset_consumes_1', 'dataset_consumes_unknown_never_scheduled']) retrieved from /home/airflow/.local/lib/python3.7/site-packages/airflow/example_dags/example_datasets.py
[2023-07-02T02:17:48.988+0000] {logging_mixin.py:149} INFO - [2023-07-02T02:17:48.988+0000] {dag.py:2726} INFO - Sync 6 DAGs
[2023-07-02T02:17:49.021+0000] {logging_mixin.py:149} INFO - [2023-07-02T02:17:49.021+0000] {dag.py:3490} INFO - Setting next_dagrun for dataset_consumes_1 to None, run_after=None
[2023-07-02T02:17:49.028+0000] {logging_mixin.py:149} INFO - [2023-07-02T02:17:49.027+0000] {dag.py:3490} INFO - Setting next_dagrun for dataset_consumes_1_and_2 to None, run_after=None
[2023-07-02T02:17:49.030+0000] {logging_mixin.py:149} INFO - [2023-07-02T02:17:49.030+0000] {dag.py:3490} INFO - Setting next_dagrun for dataset_consumes_1_never_scheduled to None, run_after=None
[2023-07-02T02:17:49.033+0000] {logging_mixin.py:149} INFO - [2023-07-02T02:17:49.032+0000] {dag.py:3490} INFO - Setting next_dagrun for dataset_consumes_unknown_never_scheduled to None, run_after=None
[2023-07-02T02:17:49.039+0000] {logging_mixin.py:149} INFO - [2023-07-02T02:17:49.037+0000] {dag.py:3490} INFO - Setting next_dagrun for dataset_produces_1 to 2023-07-01T00:00:00+00:00, run_after=2023-07-02T00:00:00+00:00
[2023-07-02T02:17:49.042+0000] {logging_mixin.py:149} INFO - [2023-07-02T02:17:49.042+0000] {dag.py:3490} INFO - Setting next_dagrun for dataset_produces_2 to None, run_after=None
[2023-07-02T02:17:49.111+0000] {processor.py:179} INFO - Processing /home/airflow/.local/lib/python3.7/site-packages/airflow/example_dags/example_datasets.py took 0.194 seconds
[2023-07-02T02:18:19.477+0000] {processor.py:157} INFO - Started process (PID=697) to work on /home/airflow/.local/lib/python3.7/site-packages/airflow/example_dags/example_datasets.py
[2023-07-02T02:18:19.479+0000] {processor.py:826} INFO - Processing file /home/airflow/.local/lib/python3.7/site-packages/airflow/example_dags/example_datasets.py for tasks to queue
[2023-07-02T02:18:19.480+0000] {logging_mixin.py:149} INFO - [2023-07-02T02:18:19.480+0000] {dagbag.py:541} INFO - Filling up the DagBag from /home/airflow/.local/lib/python3.7/site-packages/airflow/example_dags/example_datasets.py
[2023-07-02T02:18:19.492+0000] {processor.py:836} INFO - DAG(s) dict_keys(['dataset_produces_2', 'dataset_consumes_unknown_never_scheduled', 'dataset_consumes_1', 'dataset_produces_1', 'dataset_consumes_1_never_scheduled', 'dataset_consumes_1_and_2']) retrieved from /home/airflow/.local/lib/python3.7/site-packages/airflow/example_dags/example_datasets.py
[2023-07-02T02:18:19.560+0000] {logging_mixin.py:149} INFO - [2023-07-02T02:18:19.560+0000] {dag.py:2726} INFO - Sync 6 DAGs
[2023-07-02T02:18:19.629+0000] {logging_mixin.py:149} INFO - [2023-07-02T02:18:19.629+0000] {dag.py:3490} INFO - Setting next_dagrun for dataset_consumes_1 to None, run_after=None
[2023-07-02T02:18:19.640+0000] {logging_mixin.py:149} INFO - [2023-07-02T02:18:19.639+0000] {dag.py:3490} INFO - Setting next_dagrun for dataset_consumes_1_and_2 to None, run_after=None
[2023-07-02T02:18:19.645+0000] {logging_mixin.py:149} INFO - [2023-07-02T02:18:19.644+0000] {dag.py:3490} INFO - Setting next_dagrun for dataset_consumes_1_never_scheduled to None, run_after=None
[2023-07-02T02:18:19.650+0000] {logging_mixin.py:149} INFO - [2023-07-02T02:18:19.649+0000] {dag.py:3490} INFO - Setting next_dagrun for dataset_consumes_unknown_never_scheduled to None, run_after=None
[2023-07-02T02:18:19.659+0000] {logging_mixin.py:149} INFO - [2023-07-02T02:18:19.658+0000] {dag.py:3490} INFO - Setting next_dagrun for dataset_produces_1 to 2023-07-01T00:00:00+00:00, run_after=2023-07-02T00:00:00+00:00
[2023-07-02T02:18:19.663+0000] {logging_mixin.py:149} INFO - [2023-07-02T02:18:19.663+0000] {dag.py:3490} INFO - Setting next_dagrun for dataset_produces_2 to None, run_after=None
[2023-07-02T02:18:19.782+0000] {processor.py:179} INFO - Processing /home/airflow/.local/lib/python3.7/site-packages/airflow/example_dags/example_datasets.py took 0.309 seconds
[2023-07-02T02:18:50.783+0000] {processor.py:157} INFO - Started process (PID=755) to work on /home/airflow/.local/lib/python3.7/site-packages/airflow/example_dags/example_datasets.py
[2023-07-02T02:18:50.784+0000] {processor.py:826} INFO - Processing file /home/airflow/.local/lib/python3.7/site-packages/airflow/example_dags/example_datasets.py for tasks to queue
[2023-07-02T02:18:50.785+0000] {logging_mixin.py:149} INFO - [2023-07-02T02:18:50.785+0000] {dagbag.py:541} INFO - Filling up the DagBag from /home/airflow/.local/lib/python3.7/site-packages/airflow/example_dags/example_datasets.py
[2023-07-02T02:18:50.796+0000] {processor.py:836} INFO - DAG(s) dict_keys(['dataset_produces_2', 'dataset_consumes_1_never_scheduled', 'dataset_produces_1', 'dataset_consumes_1', 'dataset_consumes_1_and_2', 'dataset_consumes_unknown_never_scheduled']) retrieved from /home/airflow/.local/lib/python3.7/site-packages/airflow/example_dags/example_datasets.py
[2023-07-02T02:18:50.845+0000] {logging_mixin.py:149} INFO - [2023-07-02T02:18:50.845+0000] {dag.py:2726} INFO - Sync 6 DAGs
[2023-07-02T02:18:50.874+0000] {logging_mixin.py:149} INFO - [2023-07-02T02:18:50.874+0000] {dag.py:3490} INFO - Setting next_dagrun for dataset_consumes_1 to None, run_after=None
[2023-07-02T02:18:50.878+0000] {logging_mixin.py:149} INFO - [2023-07-02T02:18:50.878+0000] {dag.py:3490} INFO - Setting next_dagrun for dataset_consumes_1_and_2 to None, run_after=None
[2023-07-02T02:18:50.880+0000] {logging_mixin.py:149} INFO - [2023-07-02T02:18:50.880+0000] {dag.py:3490} INFO - Setting next_dagrun for dataset_consumes_1_never_scheduled to None, run_after=None
[2023-07-02T02:18:50.881+0000] {logging_mixin.py:149} INFO - [2023-07-02T02:18:50.881+0000] {dag.py:3490} INFO - Setting next_dagrun for dataset_consumes_unknown_never_scheduled to None, run_after=None
[2023-07-02T02:18:50.885+0000] {logging_mixin.py:149} INFO - [2023-07-02T02:18:50.885+0000] {dag.py:3490} INFO - Setting next_dagrun for dataset_produces_1 to 2023-07-01T00:00:00+00:00, run_after=2023-07-02T00:00:00+00:00
[2023-07-02T02:18:50.886+0000] {logging_mixin.py:149} INFO - [2023-07-02T02:18:50.886+0000] {dag.py:3490} INFO - Setting next_dagrun for dataset_produces_2 to None, run_after=None
[2023-07-02T02:18:50.923+0000] {processor.py:179} INFO - Processing /home/airflow/.local/lib/python3.7/site-packages/airflow/example_dags/example_datasets.py took 0.144 seconds
[2023-07-02T02:19:21.018+0000] {processor.py:157} INFO - Started process (PID=812) to work on /home/airflow/.local/lib/python3.7/site-packages/airflow/example_dags/example_datasets.py
[2023-07-02T02:19:21.019+0000] {processor.py:826} INFO - Processing file /home/airflow/.local/lib/python3.7/site-packages/airflow/example_dags/example_datasets.py for tasks to queue
[2023-07-02T02:19:21.020+0000] {logging_mixin.py:149} INFO - [2023-07-02T02:19:21.020+0000] {dagbag.py:541} INFO - Filling up the DagBag from /home/airflow/.local/lib/python3.7/site-packages/airflow/example_dags/example_datasets.py
[2023-07-02T02:19:21.030+0000] {processor.py:836} INFO - DAG(s) dict_keys(['dataset_consumes_1_and_2', 'dataset_produces_2', 'dataset_produces_1', 'dataset_consumes_unknown_never_scheduled', 'dataset_consumes_1', 'dataset_consumes_1_never_scheduled']) retrieved from /home/airflow/.local/lib/python3.7/site-packages/airflow/example_dags/example_datasets.py
[2023-07-02T02:19:21.076+0000] {logging_mixin.py:149} INFO - [2023-07-02T02:19:21.076+0000] {dag.py:2726} INFO - Sync 6 DAGs
[2023-07-02T02:19:21.108+0000] {logging_mixin.py:149} INFO - [2023-07-02T02:19:21.108+0000] {dag.py:3490} INFO - Setting next_dagrun for dataset_consumes_1 to None, run_after=None
[2023-07-02T02:19:21.112+0000] {logging_mixin.py:149} INFO - [2023-07-02T02:19:21.112+0000] {dag.py:3490} INFO - Setting next_dagrun for dataset_consumes_1_and_2 to None, run_after=None
[2023-07-02T02:19:21.114+0000] {logging_mixin.py:149} INFO - [2023-07-02T02:19:21.113+0000] {dag.py:3490} INFO - Setting next_dagrun for dataset_consumes_1_never_scheduled to None, run_after=None
[2023-07-02T02:19:21.115+0000] {logging_mixin.py:149} INFO - [2023-07-02T02:19:21.115+0000] {dag.py:3490} INFO - Setting next_dagrun for dataset_consumes_unknown_never_scheduled to None, run_after=None
[2023-07-02T02:19:21.118+0000] {logging_mixin.py:149} INFO - [2023-07-02T02:19:21.118+0000] {dag.py:3490} INFO - Setting next_dagrun for dataset_produces_1 to 2023-07-01T00:00:00+00:00, run_after=2023-07-02T00:00:00+00:00
[2023-07-02T02:19:21.120+0000] {logging_mixin.py:149} INFO - [2023-07-02T02:19:21.120+0000] {dag.py:3490} INFO - Setting next_dagrun for dataset_produces_2 to None, run_after=None
[2023-07-02T02:19:21.156+0000] {processor.py:179} INFO - Processing /home/airflow/.local/lib/python3.7/site-packages/airflow/example_dags/example_datasets.py took 0.143 seconds
[2023-07-02T02:19:51.294+0000] {processor.py:157} INFO - Started process (PID=870) to work on /home/airflow/.local/lib/python3.7/site-packages/airflow/example_dags/example_datasets.py
[2023-07-02T02:19:51.295+0000] {processor.py:826} INFO - Processing file /home/airflow/.local/lib/python3.7/site-packages/airflow/example_dags/example_datasets.py for tasks to queue
[2023-07-02T02:19:51.296+0000] {logging_mixin.py:149} INFO - [2023-07-02T02:19:51.296+0000] {dagbag.py:541} INFO - Filling up the DagBag from /home/airflow/.local/lib/python3.7/site-packages/airflow/example_dags/example_datasets.py
[2023-07-02T02:19:51.307+0000] {processor.py:836} INFO - DAG(s) dict_keys(['dataset_produces_2', 'dataset_produces_1', 'dataset_consumes_1_never_scheduled', 'dataset_consumes_1', 'dataset_consumes_unknown_never_scheduled', 'dataset_consumes_1_and_2']) retrieved from /home/airflow/.local/lib/python3.7/site-packages/airflow/example_dags/example_datasets.py
[2023-07-02T02:19:51.355+0000] {logging_mixin.py:149} INFO - [2023-07-02T02:19:51.354+0000] {dag.py:2726} INFO - Sync 6 DAGs
[2023-07-02T02:19:51.384+0000] {logging_mixin.py:149} INFO - [2023-07-02T02:19:51.384+0000] {dag.py:3490} INFO - Setting next_dagrun for dataset_consumes_1 to None, run_after=None
[2023-07-02T02:19:51.388+0000] {logging_mixin.py:149} INFO - [2023-07-02T02:19:51.388+0000] {dag.py:3490} INFO - Setting next_dagrun for dataset_consumes_1_and_2 to None, run_after=None
[2023-07-02T02:19:51.390+0000] {logging_mixin.py:149} INFO - [2023-07-02T02:19:51.389+0000] {dag.py:3490} INFO - Setting next_dagrun for dataset_consumes_1_never_scheduled to None, run_after=None
[2023-07-02T02:19:51.391+0000] {logging_mixin.py:149} INFO - [2023-07-02T02:19:51.391+0000] {dag.py:3490} INFO - Setting next_dagrun for dataset_consumes_unknown_never_scheduled to None, run_after=None
[2023-07-02T02:19:51.394+0000] {logging_mixin.py:149} INFO - [2023-07-02T02:19:51.394+0000] {dag.py:3490} INFO - Setting next_dagrun for dataset_produces_1 to 2023-07-01T00:00:00+00:00, run_after=2023-07-02T00:00:00+00:00
[2023-07-02T02:19:51.396+0000] {logging_mixin.py:149} INFO - [2023-07-02T02:19:51.396+0000] {dag.py:3490} INFO - Setting next_dagrun for dataset_produces_2 to None, run_after=None
[2023-07-02T02:19:51.433+0000] {processor.py:179} INFO - Processing /home/airflow/.local/lib/python3.7/site-packages/airflow/example_dags/example_datasets.py took 0.143 seconds
[2023-07-02T02:20:21.615+0000] {processor.py:157} INFO - Started process (PID=929) to work on /home/airflow/.local/lib/python3.7/site-packages/airflow/example_dags/example_datasets.py
[2023-07-02T02:20:21.617+0000] {processor.py:826} INFO - Processing file /home/airflow/.local/lib/python3.7/site-packages/airflow/example_dags/example_datasets.py for tasks to queue
[2023-07-02T02:20:21.618+0000] {logging_mixin.py:149} INFO - [2023-07-02T02:20:21.618+0000] {dagbag.py:541} INFO - Filling up the DagBag from /home/airflow/.local/lib/python3.7/site-packages/airflow/example_dags/example_datasets.py
[2023-07-02T02:20:21.631+0000] {processor.py:836} INFO - DAG(s) dict_keys(['dataset_produces_1', 'dataset_consumes_1_never_scheduled', 'dataset_consumes_1', 'dataset_produces_2', 'dataset_consumes_unknown_never_scheduled', 'dataset_consumes_1_and_2']) retrieved from /home/airflow/.local/lib/python3.7/site-packages/airflow/example_dags/example_datasets.py
[2023-07-02T02:20:21.683+0000] {logging_mixin.py:149} INFO - [2023-07-02T02:20:21.683+0000] {dag.py:2726} INFO - Sync 6 DAGs
[2023-07-02T02:20:21.715+0000] {logging_mixin.py:149} INFO - [2023-07-02T02:20:21.715+0000] {dag.py:3490} INFO - Setting next_dagrun for dataset_consumes_1 to None, run_after=None
[2023-07-02T02:20:21.719+0000] {logging_mixin.py:149} INFO - [2023-07-02T02:20:21.719+0000] {dag.py:3490} INFO - Setting next_dagrun for dataset_consumes_1_and_2 to None, run_after=None
[2023-07-02T02:20:21.720+0000] {logging_mixin.py:149} INFO - [2023-07-02T02:20:21.720+0000] {dag.py:3490} INFO - Setting next_dagrun for dataset_consumes_1_never_scheduled to None, run_after=None
[2023-07-02T02:20:21.722+0000] {logging_mixin.py:149} INFO - [2023-07-02T02:20:21.722+0000] {dag.py:3490} INFO - Setting next_dagrun for dataset_consumes_unknown_never_scheduled to None, run_after=None
[2023-07-02T02:20:21.725+0000] {logging_mixin.py:149} INFO - [2023-07-02T02:20:21.725+0000] {dag.py:3490} INFO - Setting next_dagrun for dataset_produces_1 to 2023-07-01T00:00:00+00:00, run_after=2023-07-02T00:00:00+00:00
[2023-07-02T02:20:21.726+0000] {logging_mixin.py:149} INFO - [2023-07-02T02:20:21.726+0000] {dag.py:3490} INFO - Setting next_dagrun for dataset_produces_2 to None, run_after=None
[2023-07-02T02:20:21.746+0000] {processor.py:179} INFO - Processing /home/airflow/.local/lib/python3.7/site-packages/airflow/example_dags/example_datasets.py took 0.157 seconds
[2023-07-02T02:20:51.972+0000] {processor.py:157} INFO - Started process (PID=987) to work on /home/airflow/.local/lib/python3.7/site-packages/airflow/example_dags/example_datasets.py
[2023-07-02T02:20:51.974+0000] {processor.py:826} INFO - Processing file /home/airflow/.local/lib/python3.7/site-packages/airflow/example_dags/example_datasets.py for tasks to queue
[2023-07-02T02:20:51.976+0000] {logging_mixin.py:149} INFO - [2023-07-02T02:20:51.976+0000] {dagbag.py:541} INFO - Filling up the DagBag from /home/airflow/.local/lib/python3.7/site-packages/airflow/example_dags/example_datasets.py
[2023-07-02T02:20:51.990+0000] {processor.py:836} INFO - DAG(s) dict_keys(['dataset_consumes_unknown_never_scheduled', 'dataset_consumes_1', 'dataset_consumes_1_and_2', 'dataset_produces_1', 'dataset_produces_2', 'dataset_consumes_1_never_scheduled']) retrieved from /home/airflow/.local/lib/python3.7/site-packages/airflow/example_dags/example_datasets.py
[2023-07-02T02:20:52.056+0000] {logging_mixin.py:149} INFO - [2023-07-02T02:20:52.056+0000] {dag.py:2726} INFO - Sync 6 DAGs
[2023-07-02T02:20:52.096+0000] {logging_mixin.py:149} INFO - [2023-07-02T02:20:52.096+0000] {dag.py:3490} INFO - Setting next_dagrun for dataset_consumes_1 to None, run_after=None
[2023-07-02T02:20:52.100+0000] {logging_mixin.py:149} INFO - [2023-07-02T02:20:52.100+0000] {dag.py:3490} INFO - Setting next_dagrun for dataset_consumes_1_and_2 to None, run_after=None
[2023-07-02T02:20:52.102+0000] {logging_mixin.py:149} INFO - [2023-07-02T02:20:52.102+0000] {dag.py:3490} INFO - Setting next_dagrun for dataset_consumes_1_never_scheduled to None, run_after=None
[2023-07-02T02:20:52.104+0000] {logging_mixin.py:149} INFO - [2023-07-02T02:20:52.104+0000] {dag.py:3490} INFO - Setting next_dagrun for dataset_consumes_unknown_never_scheduled to None, run_after=None
[2023-07-02T02:20:52.108+0000] {logging_mixin.py:149} INFO - [2023-07-02T02:20:52.108+0000] {dag.py:3490} INFO - Setting next_dagrun for dataset_produces_1 to 2023-07-01T00:00:00+00:00, run_after=2023-07-02T00:00:00+00:00
[2023-07-02T02:20:52.110+0000] {logging_mixin.py:149} INFO - [2023-07-02T02:20:52.110+0000] {dag.py:3490} INFO - Setting next_dagrun for dataset_produces_2 to None, run_after=None
[2023-07-02T02:20:52.163+0000] {processor.py:179} INFO - Processing /home/airflow/.local/lib/python3.7/site-packages/airflow/example_dags/example_datasets.py took 0.196 seconds
[2023-07-02T02:21:22.330+0000] {processor.py:157} INFO - Started process (PID=1045) to work on /home/airflow/.local/lib/python3.7/site-packages/airflow/example_dags/example_datasets.py
[2023-07-02T02:21:22.331+0000] {processor.py:826} INFO - Processing file /home/airflow/.local/lib/python3.7/site-packages/airflow/example_dags/example_datasets.py for tasks to queue
[2023-07-02T02:21:22.332+0000] {logging_mixin.py:149} INFO - [2023-07-02T02:21:22.332+0000] {dagbag.py:541} INFO - Filling up the DagBag from /home/airflow/.local/lib/python3.7/site-packages/airflow/example_dags/example_datasets.py
[2023-07-02T02:21:22.344+0000] {processor.py:836} INFO - DAG(s) dict_keys(['dataset_consumes_1', 'dataset_consumes_1_and_2', 'dataset_produces_2', 'dataset_produces_1', 'dataset_consumes_unknown_never_scheduled', 'dataset_consumes_1_never_scheduled']) retrieved from /home/airflow/.local/lib/python3.7/site-packages/airflow/example_dags/example_datasets.py
[2023-07-02T02:21:22.399+0000] {logging_mixin.py:149} INFO - [2023-07-02T02:21:22.399+0000] {dag.py:2726} INFO - Sync 6 DAGs
[2023-07-02T02:21:22.437+0000] {logging_mixin.py:149} INFO - [2023-07-02T02:21:22.436+0000] {dag.py:3490} INFO - Setting next_dagrun for dataset_consumes_1 to None, run_after=None
[2023-07-02T02:21:22.447+0000] {logging_mixin.py:149} INFO - [2023-07-02T02:21:22.446+0000] {dag.py:3490} INFO - Setting next_dagrun for dataset_consumes_1_and_2 to None, run_after=None
[2023-07-02T02:21:22.449+0000] {logging_mixin.py:149} INFO - [2023-07-02T02:21:22.449+0000] {dag.py:3490} INFO - Setting next_dagrun for dataset_consumes_1_never_scheduled to None, run_after=None
[2023-07-02T02:21:22.451+0000] {logging_mixin.py:149} INFO - [2023-07-02T02:21:22.451+0000] {dag.py:3490} INFO - Setting next_dagrun for dataset_consumes_unknown_never_scheduled to None, run_after=None
[2023-07-02T02:21:22.455+0000] {logging_mixin.py:149} INFO - [2023-07-02T02:21:22.454+0000] {dag.py:3490} INFO - Setting next_dagrun for dataset_produces_1 to 2023-07-01T00:00:00+00:00, run_after=2023-07-02T00:00:00+00:00
[2023-07-02T02:21:22.457+0000] {logging_mixin.py:149} INFO - [2023-07-02T02:21:22.457+0000] {dag.py:3490} INFO - Setting next_dagrun for dataset_produces_2 to None, run_after=None
[2023-07-02T02:21:22.501+0000] {processor.py:179} INFO - Processing /home/airflow/.local/lib/python3.7/site-packages/airflow/example_dags/example_datasets.py took 0.183 seconds
