[2023-07-02T01:19:20.186+0000] {processor.py:157} INFO - Started process (PID=74) to work on /home/airflow/.local/lib/python3.7/site-packages/airflow/example_dags/example_kubernetes_executor.py
[2023-07-02T01:19:20.195+0000] {processor.py:826} INFO - Processing file /home/airflow/.local/lib/python3.7/site-packages/airflow/example_dags/example_kubernetes_executor.py for tasks to queue
[2023-07-02T01:19:20.197+0000] {logging_mixin.py:149} INFO - [2023-07-02T01:19:20.197+0000] {dagbag.py:541} INFO - Filling up the DagBag from /home/airflow/.local/lib/python3.7/site-packages/airflow/example_dags/example_kubernetes_executor.py
[2023-07-02T01:19:23.877+0000] {processor.py:836} INFO - DAG(s) dict_keys(['example_kubernetes_executor']) retrieved from /home/airflow/.local/lib/python3.7/site-packages/airflow/example_dags/example_kubernetes_executor.py
[2023-07-02T01:19:24.406+0000] {logging_mixin.py:149} INFO - [2023-07-02T01:19:24.406+0000] {manager.py:504} INFO - Created Permission View: can delete on DAG:example_kubernetes_executor
[2023-07-02T01:19:24.451+0000] {logging_mixin.py:149} INFO - [2023-07-02T01:19:24.451+0000] {manager.py:504} INFO - Created Permission View: can edit on DAG:example_kubernetes_executor
[2023-07-02T01:19:24.464+0000] {logging_mixin.py:149} INFO - [2023-07-02T01:19:24.463+0000] {manager.py:504} INFO - Created Permission View: can read on DAG:example_kubernetes_executor
[2023-07-02T01:19:24.490+0000] {logging_mixin.py:149} INFO - [2023-07-02T01:19:24.489+0000] {dag.py:2726} INFO - Sync 1 DAGs
[2023-07-02T01:19:24.519+0000] {logging_mixin.py:149} INFO - [2023-07-02T01:19:24.519+0000] {dag.py:2747} INFO - Creating ORM DAG for example_kubernetes_executor
[2023-07-02T01:19:24.573+0000] {logging_mixin.py:149} INFO - [2023-07-02T01:19:24.572+0000] {dag.py:3490} INFO - Setting next_dagrun for example_kubernetes_executor to None, run_after=None
[2023-07-02T01:19:24.607+0000] {processor.py:179} INFO - Processing /home/airflow/.local/lib/python3.7/site-packages/airflow/example_dags/example_kubernetes_executor.py took 4.434 seconds
[2023-07-02T01:19:55.799+0000] {processor.py:157} INFO - Started process (PID=133) to work on /home/airflow/.local/lib/python3.7/site-packages/airflow/example_dags/example_kubernetes_executor.py
[2023-07-02T01:19:55.801+0000] {processor.py:826} INFO - Processing file /home/airflow/.local/lib/python3.7/site-packages/airflow/example_dags/example_kubernetes_executor.py for tasks to queue
[2023-07-02T01:19:55.805+0000] {logging_mixin.py:149} INFO - [2023-07-02T01:19:55.805+0000] {dagbag.py:541} INFO - Filling up the DagBag from /home/airflow/.local/lib/python3.7/site-packages/airflow/example_dags/example_kubernetes_executor.py
[2023-07-02T01:19:57.145+0000] {processor.py:836} INFO - DAG(s) dict_keys(['example_kubernetes_executor']) retrieved from /home/airflow/.local/lib/python3.7/site-packages/airflow/example_dags/example_kubernetes_executor.py
[2023-07-02T01:19:57.242+0000] {logging_mixin.py:149} INFO - [2023-07-02T01:19:57.242+0000] {dag.py:2726} INFO - Sync 1 DAGs
[2023-07-02T01:19:57.351+0000] {logging_mixin.py:149} INFO - [2023-07-02T01:19:57.350+0000] {dag.py:3490} INFO - Setting next_dagrun for example_kubernetes_executor to None, run_after=None
[2023-07-02T01:19:57.395+0000] {processor.py:179} INFO - Processing /home/airflow/.local/lib/python3.7/site-packages/airflow/example_dags/example_kubernetes_executor.py took 1.603 seconds
[2023-07-02T01:20:27.509+0000] {processor.py:157} INFO - Started process (PID=192) to work on /home/airflow/.local/lib/python3.7/site-packages/airflow/example_dags/example_kubernetes_executor.py
[2023-07-02T01:20:27.512+0000] {processor.py:826} INFO - Processing file /home/airflow/.local/lib/python3.7/site-packages/airflow/example_dags/example_kubernetes_executor.py for tasks to queue
[2023-07-02T01:20:27.514+0000] {logging_mixin.py:149} INFO - [2023-07-02T01:20:27.513+0000] {dagbag.py:541} INFO - Filling up the DagBag from /home/airflow/.local/lib/python3.7/site-packages/airflow/example_dags/example_kubernetes_executor.py
[2023-07-02T01:20:28.592+0000] {processor.py:836} INFO - DAG(s) dict_keys(['example_kubernetes_executor']) retrieved from /home/airflow/.local/lib/python3.7/site-packages/airflow/example_dags/example_kubernetes_executor.py
[2023-07-02T01:20:28.696+0000] {logging_mixin.py:149} INFO - [2023-07-02T01:20:28.696+0000] {dag.py:2726} INFO - Sync 1 DAGs
[2023-07-02T01:20:28.752+0000] {logging_mixin.py:149} INFO - [2023-07-02T01:20:28.752+0000] {dag.py:3490} INFO - Setting next_dagrun for example_kubernetes_executor to None, run_after=None
[2023-07-02T01:20:28.802+0000] {processor.py:179} INFO - Processing /home/airflow/.local/lib/python3.7/site-packages/airflow/example_dags/example_kubernetes_executor.py took 1.300 seconds
[2023-07-02T01:20:59.070+0000] {processor.py:157} INFO - Started process (PID=251) to work on /home/airflow/.local/lib/python3.7/site-packages/airflow/example_dags/example_kubernetes_executor.py
[2023-07-02T01:20:59.072+0000] {processor.py:826} INFO - Processing file /home/airflow/.local/lib/python3.7/site-packages/airflow/example_dags/example_kubernetes_executor.py for tasks to queue
[2023-07-02T01:20:59.074+0000] {logging_mixin.py:149} INFO - [2023-07-02T01:20:59.073+0000] {dagbag.py:541} INFO - Filling up the DagBag from /home/airflow/.local/lib/python3.7/site-packages/airflow/example_dags/example_kubernetes_executor.py
[2023-07-02T01:20:59.760+0000] {processor.py:836} INFO - DAG(s) dict_keys(['example_kubernetes_executor']) retrieved from /home/airflow/.local/lib/python3.7/site-packages/airflow/example_dags/example_kubernetes_executor.py
[2023-07-02T01:20:59.845+0000] {logging_mixin.py:149} INFO - [2023-07-02T01:20:59.844+0000] {dag.py:2726} INFO - Sync 1 DAGs
[2023-07-02T01:20:59.892+0000] {logging_mixin.py:149} INFO - [2023-07-02T01:20:59.891+0000] {dag.py:3490} INFO - Setting next_dagrun for example_kubernetes_executor to None, run_after=None
[2023-07-02T01:20:59.929+0000] {processor.py:179} INFO - Processing /home/airflow/.local/lib/python3.7/site-packages/airflow/example_dags/example_kubernetes_executor.py took 0.899 seconds
[2023-07-02T01:21:30.826+0000] {processor.py:157} INFO - Started process (PID=310) to work on /home/airflow/.local/lib/python3.7/site-packages/airflow/example_dags/example_kubernetes_executor.py
[2023-07-02T01:21:30.828+0000] {processor.py:826} INFO - Processing file /home/airflow/.local/lib/python3.7/site-packages/airflow/example_dags/example_kubernetes_executor.py for tasks to queue
[2023-07-02T01:21:30.831+0000] {logging_mixin.py:149} INFO - [2023-07-02T01:21:30.830+0000] {dagbag.py:541} INFO - Filling up the DagBag from /home/airflow/.local/lib/python3.7/site-packages/airflow/example_dags/example_kubernetes_executor.py
[2023-07-02T01:21:32.011+0000] {processor.py:836} INFO - DAG(s) dict_keys(['example_kubernetes_executor']) retrieved from /home/airflow/.local/lib/python3.7/site-packages/airflow/example_dags/example_kubernetes_executor.py
[2023-07-02T01:21:32.150+0000] {logging_mixin.py:149} INFO - [2023-07-02T01:21:32.147+0000] {dag.py:2726} INFO - Sync 1 DAGs
[2023-07-02T01:21:32.208+0000] {logging_mixin.py:149} INFO - [2023-07-02T01:21:32.208+0000] {dag.py:3490} INFO - Setting next_dagrun for example_kubernetes_executor to None, run_after=None
[2023-07-02T01:21:32.250+0000] {processor.py:179} INFO - Processing /home/airflow/.local/lib/python3.7/site-packages/airflow/example_dags/example_kubernetes_executor.py took 1.433 seconds
[2023-07-02T01:22:02.944+0000] {processor.py:157} INFO - Started process (PID=367) to work on /home/airflow/.local/lib/python3.7/site-packages/airflow/example_dags/example_kubernetes_executor.py
[2023-07-02T01:22:02.946+0000] {processor.py:826} INFO - Processing file /home/airflow/.local/lib/python3.7/site-packages/airflow/example_dags/example_kubernetes_executor.py for tasks to queue
[2023-07-02T01:22:02.948+0000] {logging_mixin.py:149} INFO - [2023-07-02T01:22:02.947+0000] {dagbag.py:541} INFO - Filling up the DagBag from /home/airflow/.local/lib/python3.7/site-packages/airflow/example_dags/example_kubernetes_executor.py
[2023-07-02T01:22:03.913+0000] {processor.py:836} INFO - DAG(s) dict_keys(['example_kubernetes_executor']) retrieved from /home/airflow/.local/lib/python3.7/site-packages/airflow/example_dags/example_kubernetes_executor.py
[2023-07-02T01:22:04.008+0000] {logging_mixin.py:149} INFO - [2023-07-02T01:22:04.007+0000] {dag.py:2726} INFO - Sync 1 DAGs
[2023-07-02T01:22:04.054+0000] {logging_mixin.py:149} INFO - [2023-07-02T01:22:04.053+0000] {dag.py:3490} INFO - Setting next_dagrun for example_kubernetes_executor to None, run_after=None
[2023-07-02T01:22:04.087+0000] {processor.py:179} INFO - Processing /home/airflow/.local/lib/python3.7/site-packages/airflow/example_dags/example_kubernetes_executor.py took 1.151 seconds
[2023-07-02T01:22:34.701+0000] {processor.py:157} INFO - Started process (PID=425) to work on /home/airflow/.local/lib/python3.7/site-packages/airflow/example_dags/example_kubernetes_executor.py
[2023-07-02T01:22:34.703+0000] {processor.py:826} INFO - Processing file /home/airflow/.local/lib/python3.7/site-packages/airflow/example_dags/example_kubernetes_executor.py for tasks to queue
[2023-07-02T01:22:34.705+0000] {logging_mixin.py:149} INFO - [2023-07-02T01:22:34.705+0000] {dagbag.py:541} INFO - Filling up the DagBag from /home/airflow/.local/lib/python3.7/site-packages/airflow/example_dags/example_kubernetes_executor.py
[2023-07-02T01:22:35.615+0000] {processor.py:836} INFO - DAG(s) dict_keys(['example_kubernetes_executor']) retrieved from /home/airflow/.local/lib/python3.7/site-packages/airflow/example_dags/example_kubernetes_executor.py
[2023-07-02T01:22:35.719+0000] {logging_mixin.py:149} INFO - [2023-07-02T01:22:35.719+0000] {dag.py:2726} INFO - Sync 1 DAGs
[2023-07-02T01:22:35.776+0000] {logging_mixin.py:149} INFO - [2023-07-02T01:22:35.776+0000] {dag.py:3490} INFO - Setting next_dagrun for example_kubernetes_executor to None, run_after=None
[2023-07-02T01:22:35.811+0000] {processor.py:179} INFO - Processing /home/airflow/.local/lib/python3.7/site-packages/airflow/example_dags/example_kubernetes_executor.py took 1.119 seconds
[2023-07-02T01:23:05.894+0000] {processor.py:157} INFO - Started process (PID=486) to work on /home/airflow/.local/lib/python3.7/site-packages/airflow/example_dags/example_kubernetes_executor.py
[2023-07-02T01:23:05.896+0000] {processor.py:826} INFO - Processing file /home/airflow/.local/lib/python3.7/site-packages/airflow/example_dags/example_kubernetes_executor.py for tasks to queue
[2023-07-02T01:23:05.898+0000] {logging_mixin.py:149} INFO - [2023-07-02T01:23:05.898+0000] {dagbag.py:541} INFO - Filling up the DagBag from /home/airflow/.local/lib/python3.7/site-packages/airflow/example_dags/example_kubernetes_executor.py
[2023-07-02T01:23:06.786+0000] {processor.py:836} INFO - DAG(s) dict_keys(['example_kubernetes_executor']) retrieved from /home/airflow/.local/lib/python3.7/site-packages/airflow/example_dags/example_kubernetes_executor.py
[2023-07-02T01:23:06.893+0000] {logging_mixin.py:149} INFO - [2023-07-02T01:23:06.893+0000] {dag.py:2726} INFO - Sync 1 DAGs
[2023-07-02T01:23:06.970+0000] {logging_mixin.py:149} INFO - [2023-07-02T01:23:06.970+0000] {dag.py:3490} INFO - Setting next_dagrun for example_kubernetes_executor to None, run_after=None
[2023-07-02T01:23:07.072+0000] {processor.py:179} INFO - Processing /home/airflow/.local/lib/python3.7/site-packages/airflow/example_dags/example_kubernetes_executor.py took 1.188 seconds
[2023-07-02T01:23:38.596+0000] {processor.py:157} INFO - Started process (PID=545) to work on /home/airflow/.local/lib/python3.7/site-packages/airflow/example_dags/example_kubernetes_executor.py
[2023-07-02T01:23:38.602+0000] {processor.py:826} INFO - Processing file /home/airflow/.local/lib/python3.7/site-packages/airflow/example_dags/example_kubernetes_executor.py for tasks to queue
[2023-07-02T01:23:38.606+0000] {logging_mixin.py:149} INFO - [2023-07-02T01:23:38.606+0000] {dagbag.py:541} INFO - Filling up the DagBag from /home/airflow/.local/lib/python3.7/site-packages/airflow/example_dags/example_kubernetes_executor.py
[2023-07-02T01:23:50.527+0000] {processor.py:836} INFO - DAG(s) dict_keys(['example_kubernetes_executor']) retrieved from /home/airflow/.local/lib/python3.7/site-packages/airflow/example_dags/example_kubernetes_executor.py
[2023-07-02T01:23:52.876+0000] {logging_mixin.py:149} INFO - [2023-07-02T01:23:52.874+0000] {dag.py:2726} INFO - Sync 1 DAGs
[2023-07-02T01:23:53.220+0000] {logging_mixin.py:149} INFO - [2023-07-02T01:23:53.219+0000] {dag.py:3490} INFO - Setting next_dagrun for example_kubernetes_executor to None, run_after=None
[2023-07-02T01:23:53.364+0000] {processor.py:179} INFO - Processing /home/airflow/.local/lib/python3.7/site-packages/airflow/example_dags/example_kubernetes_executor.py took 14.802 seconds
[2023-07-02T02:04:21.759+0000] {processor.py:157} INFO - Started process (PID=66) to work on /home/airflow/.local/lib/python3.7/site-packages/airflow/example_dags/example_kubernetes_executor.py
[2023-07-02T02:04:21.762+0000] {processor.py:826} INFO - Processing file /home/airflow/.local/lib/python3.7/site-packages/airflow/example_dags/example_kubernetes_executor.py for tasks to queue
[2023-07-02T02:04:21.764+0000] {logging_mixin.py:149} INFO - [2023-07-02T02:04:21.763+0000] {dagbag.py:541} INFO - Filling up the DagBag from /home/airflow/.local/lib/python3.7/site-packages/airflow/example_dags/example_kubernetes_executor.py
[2023-07-02T02:04:23.381+0000] {processor.py:836} INFO - DAG(s) dict_keys(['example_kubernetes_executor']) retrieved from /home/airflow/.local/lib/python3.7/site-packages/airflow/example_dags/example_kubernetes_executor.py
[2023-07-02T02:04:23.438+0000] {logging_mixin.py:149} INFO - [2023-07-02T02:04:23.438+0000] {dag.py:2726} INFO - Sync 1 DAGs
[2023-07-02T02:04:23.474+0000] {logging_mixin.py:149} INFO - [2023-07-02T02:04:23.474+0000] {dag.py:3490} INFO - Setting next_dagrun for example_kubernetes_executor to None, run_after=None
[2023-07-02T02:04:23.502+0000] {processor.py:179} INFO - Processing /home/airflow/.local/lib/python3.7/site-packages/airflow/example_dags/example_kubernetes_executor.py took 1.749 seconds
[2023-07-02T02:04:53.614+0000] {processor.py:157} INFO - Started process (PID=126) to work on /home/airflow/.local/lib/python3.7/site-packages/airflow/example_dags/example_kubernetes_executor.py
[2023-07-02T02:04:53.615+0000] {processor.py:826} INFO - Processing file /home/airflow/.local/lib/python3.7/site-packages/airflow/example_dags/example_kubernetes_executor.py for tasks to queue
[2023-07-02T02:04:53.616+0000] {logging_mixin.py:149} INFO - [2023-07-02T02:04:53.616+0000] {dagbag.py:541} INFO - Filling up the DagBag from /home/airflow/.local/lib/python3.7/site-packages/airflow/example_dags/example_kubernetes_executor.py
[2023-07-02T02:04:54.029+0000] {processor.py:836} INFO - DAG(s) dict_keys(['example_kubernetes_executor']) retrieved from /home/airflow/.local/lib/python3.7/site-packages/airflow/example_dags/example_kubernetes_executor.py
[2023-07-02T02:04:54.110+0000] {logging_mixin.py:149} INFO - [2023-07-02T02:04:54.109+0000] {dag.py:2726} INFO - Sync 1 DAGs
[2023-07-02T02:04:54.154+0000] {logging_mixin.py:149} INFO - [2023-07-02T02:04:54.154+0000] {dag.py:3490} INFO - Setting next_dagrun for example_kubernetes_executor to None, run_after=None
[2023-07-02T02:04:54.202+0000] {processor.py:179} INFO - Processing /home/airflow/.local/lib/python3.7/site-packages/airflow/example_dags/example_kubernetes_executor.py took 0.593 seconds
[2023-07-02T02:05:24.502+0000] {processor.py:157} INFO - Started process (PID=183) to work on /home/airflow/.local/lib/python3.7/site-packages/airflow/example_dags/example_kubernetes_executor.py
[2023-07-02T02:05:24.504+0000] {processor.py:826} INFO - Processing file /home/airflow/.local/lib/python3.7/site-packages/airflow/example_dags/example_kubernetes_executor.py for tasks to queue
[2023-07-02T02:05:24.505+0000] {logging_mixin.py:149} INFO - [2023-07-02T02:05:24.505+0000] {dagbag.py:541} INFO - Filling up the DagBag from /home/airflow/.local/lib/python3.7/site-packages/airflow/example_dags/example_kubernetes_executor.py
[2023-07-02T02:05:24.765+0000] {processor.py:836} INFO - DAG(s) dict_keys(['example_kubernetes_executor']) retrieved from /home/airflow/.local/lib/python3.7/site-packages/airflow/example_dags/example_kubernetes_executor.py
[2023-07-02T02:05:24.848+0000] {logging_mixin.py:149} INFO - [2023-07-02T02:05:24.848+0000] {dag.py:2726} INFO - Sync 1 DAGs
[2023-07-02T02:05:24.912+0000] {logging_mixin.py:149} INFO - [2023-07-02T02:05:24.912+0000] {dag.py:3490} INFO - Setting next_dagrun for example_kubernetes_executor to None, run_after=None
[2023-07-02T02:05:24.960+0000] {processor.py:179} INFO - Processing /home/airflow/.local/lib/python3.7/site-packages/airflow/example_dags/example_kubernetes_executor.py took 0.467 seconds
[2023-07-02T02:05:55.122+0000] {processor.py:157} INFO - Started process (PID=242) to work on /home/airflow/.local/lib/python3.7/site-packages/airflow/example_dags/example_kubernetes_executor.py
[2023-07-02T02:05:55.123+0000] {processor.py:826} INFO - Processing file /home/airflow/.local/lib/python3.7/site-packages/airflow/example_dags/example_kubernetes_executor.py for tasks to queue
[2023-07-02T02:05:55.126+0000] {logging_mixin.py:149} INFO - [2023-07-02T02:05:55.126+0000] {dagbag.py:541} INFO - Filling up the DagBag from /home/airflow/.local/lib/python3.7/site-packages/airflow/example_dags/example_kubernetes_executor.py
[2023-07-02T02:05:55.393+0000] {processor.py:836} INFO - DAG(s) dict_keys(['example_kubernetes_executor']) retrieved from /home/airflow/.local/lib/python3.7/site-packages/airflow/example_dags/example_kubernetes_executor.py
[2023-07-02T02:05:55.478+0000] {logging_mixin.py:149} INFO - [2023-07-02T02:05:55.477+0000] {dag.py:2726} INFO - Sync 1 DAGs
[2023-07-02T02:05:55.516+0000] {logging_mixin.py:149} INFO - [2023-07-02T02:05:55.516+0000] {dag.py:3490} INFO - Setting next_dagrun for example_kubernetes_executor to None, run_after=None
[2023-07-02T02:05:55.550+0000] {processor.py:179} INFO - Processing /home/airflow/.local/lib/python3.7/site-packages/airflow/example_dags/example_kubernetes_executor.py took 0.435 seconds
[2023-07-02T02:06:26.155+0000] {processor.py:157} INFO - Started process (PID=300) to work on /home/airflow/.local/lib/python3.7/site-packages/airflow/example_dags/example_kubernetes_executor.py
[2023-07-02T02:06:26.156+0000] {processor.py:826} INFO - Processing file /home/airflow/.local/lib/python3.7/site-packages/airflow/example_dags/example_kubernetes_executor.py for tasks to queue
[2023-07-02T02:06:26.158+0000] {logging_mixin.py:149} INFO - [2023-07-02T02:06:26.158+0000] {dagbag.py:541} INFO - Filling up the DagBag from /home/airflow/.local/lib/python3.7/site-packages/airflow/example_dags/example_kubernetes_executor.py
[2023-07-02T02:06:26.432+0000] {processor.py:836} INFO - DAG(s) dict_keys(['example_kubernetes_executor']) retrieved from /home/airflow/.local/lib/python3.7/site-packages/airflow/example_dags/example_kubernetes_executor.py
[2023-07-02T02:06:26.485+0000] {logging_mixin.py:149} INFO - [2023-07-02T02:06:26.485+0000] {dag.py:2726} INFO - Sync 1 DAGs
[2023-07-02T02:06:26.522+0000] {logging_mixin.py:149} INFO - [2023-07-02T02:06:26.522+0000] {dag.py:3490} INFO - Setting next_dagrun for example_kubernetes_executor to None, run_after=None
[2023-07-02T02:06:26.575+0000] {processor.py:179} INFO - Processing /home/airflow/.local/lib/python3.7/site-packages/airflow/example_dags/example_kubernetes_executor.py took 0.425 seconds
[2023-07-02T02:06:57.565+0000] {processor.py:157} INFO - Started process (PID=358) to work on /home/airflow/.local/lib/python3.7/site-packages/airflow/example_dags/example_kubernetes_executor.py
[2023-07-02T02:06:57.568+0000] {processor.py:826} INFO - Processing file /home/airflow/.local/lib/python3.7/site-packages/airflow/example_dags/example_kubernetes_executor.py for tasks to queue
[2023-07-02T02:06:57.569+0000] {logging_mixin.py:149} INFO - [2023-07-02T02:06:57.569+0000] {dagbag.py:541} INFO - Filling up the DagBag from /home/airflow/.local/lib/python3.7/site-packages/airflow/example_dags/example_kubernetes_executor.py
[2023-07-02T02:06:57.794+0000] {processor.py:836} INFO - DAG(s) dict_keys(['example_kubernetes_executor']) retrieved from /home/airflow/.local/lib/python3.7/site-packages/airflow/example_dags/example_kubernetes_executor.py
[2023-07-02T02:06:57.844+0000] {logging_mixin.py:149} INFO - [2023-07-02T02:06:57.844+0000] {dag.py:2726} INFO - Sync 1 DAGs
[2023-07-02T02:06:57.876+0000] {logging_mixin.py:149} INFO - [2023-07-02T02:06:57.876+0000] {dag.py:3490} INFO - Setting next_dagrun for example_kubernetes_executor to None, run_after=None
[2023-07-02T02:06:57.908+0000] {processor.py:179} INFO - Processing /home/airflow/.local/lib/python3.7/site-packages/airflow/example_dags/example_kubernetes_executor.py took 0.348 seconds
[2023-07-02T02:12:42.921+0000] {processor.py:157} INFO - Started process (PID=66) to work on /home/airflow/.local/lib/python3.7/site-packages/airflow/example_dags/example_kubernetes_executor.py
[2023-07-02T02:12:42.923+0000] {processor.py:826} INFO - Processing file /home/airflow/.local/lib/python3.7/site-packages/airflow/example_dags/example_kubernetes_executor.py for tasks to queue
[2023-07-02T02:12:42.925+0000] {logging_mixin.py:149} INFO - [2023-07-02T02:12:42.924+0000] {dagbag.py:541} INFO - Filling up the DagBag from /home/airflow/.local/lib/python3.7/site-packages/airflow/example_dags/example_kubernetes_executor.py
[2023-07-02T02:12:43.470+0000] {processor.py:836} INFO - DAG(s) dict_keys(['example_kubernetes_executor']) retrieved from /home/airflow/.local/lib/python3.7/site-packages/airflow/example_dags/example_kubernetes_executor.py
[2023-07-02T02:12:43.519+0000] {logging_mixin.py:149} INFO - [2023-07-02T02:12:43.519+0000] {dag.py:2726} INFO - Sync 1 DAGs
[2023-07-02T02:12:43.555+0000] {logging_mixin.py:149} INFO - [2023-07-02T02:12:43.555+0000] {dag.py:3490} INFO - Setting next_dagrun for example_kubernetes_executor to None, run_after=None
[2023-07-02T02:12:43.578+0000] {processor.py:179} INFO - Processing /home/airflow/.local/lib/python3.7/site-packages/airflow/example_dags/example_kubernetes_executor.py took 0.661 seconds
[2023-07-02T02:13:14.389+0000] {processor.py:157} INFO - Started process (PID=127) to work on /home/airflow/.local/lib/python3.7/site-packages/airflow/example_dags/example_kubernetes_executor.py
[2023-07-02T02:13:14.391+0000] {processor.py:826} INFO - Processing file /home/airflow/.local/lib/python3.7/site-packages/airflow/example_dags/example_kubernetes_executor.py for tasks to queue
[2023-07-02T02:13:14.393+0000] {logging_mixin.py:149} INFO - [2023-07-02T02:13:14.392+0000] {dagbag.py:541} INFO - Filling up the DagBag from /home/airflow/.local/lib/python3.7/site-packages/airflow/example_dags/example_kubernetes_executor.py
[2023-07-02T02:13:14.758+0000] {processor.py:836} INFO - DAG(s) dict_keys(['example_kubernetes_executor']) retrieved from /home/airflow/.local/lib/python3.7/site-packages/airflow/example_dags/example_kubernetes_executor.py
[2023-07-02T02:13:14.812+0000] {logging_mixin.py:149} INFO - [2023-07-02T02:13:14.811+0000] {dag.py:2726} INFO - Sync 1 DAGs
[2023-07-02T02:13:14.854+0000] {logging_mixin.py:149} INFO - [2023-07-02T02:13:14.854+0000] {dag.py:3490} INFO - Setting next_dagrun for example_kubernetes_executor to None, run_after=None
[2023-07-02T02:13:14.886+0000] {processor.py:179} INFO - Processing /home/airflow/.local/lib/python3.7/site-packages/airflow/example_dags/example_kubernetes_executor.py took 0.503 seconds
[2023-07-02T02:13:44.987+0000] {processor.py:157} INFO - Started process (PID=187) to work on /home/airflow/.local/lib/python3.7/site-packages/airflow/example_dags/example_kubernetes_executor.py
[2023-07-02T02:13:44.990+0000] {processor.py:826} INFO - Processing file /home/airflow/.local/lib/python3.7/site-packages/airflow/example_dags/example_kubernetes_executor.py for tasks to queue
[2023-07-02T02:13:44.991+0000] {logging_mixin.py:149} INFO - [2023-07-02T02:13:44.991+0000] {dagbag.py:541} INFO - Filling up the DagBag from /home/airflow/.local/lib/python3.7/site-packages/airflow/example_dags/example_kubernetes_executor.py
[2023-07-02T02:13:45.276+0000] {processor.py:836} INFO - DAG(s) dict_keys(['example_kubernetes_executor']) retrieved from /home/airflow/.local/lib/python3.7/site-packages/airflow/example_dags/example_kubernetes_executor.py
[2023-07-02T02:13:45.341+0000] {logging_mixin.py:149} INFO - [2023-07-02T02:13:45.341+0000] {dag.py:2726} INFO - Sync 1 DAGs
[2023-07-02T02:13:45.373+0000] {logging_mixin.py:149} INFO - [2023-07-02T02:13:45.372+0000] {dag.py:3490} INFO - Setting next_dagrun for example_kubernetes_executor to None, run_after=None
[2023-07-02T02:13:45.397+0000] {processor.py:179} INFO - Processing /home/airflow/.local/lib/python3.7/site-packages/airflow/example_dags/example_kubernetes_executor.py took 0.414 seconds
[2023-07-02T02:14:15.764+0000] {processor.py:157} INFO - Started process (PID=243) to work on /home/airflow/.local/lib/python3.7/site-packages/airflow/example_dags/example_kubernetes_executor.py
[2023-07-02T02:14:15.767+0000] {processor.py:826} INFO - Processing file /home/airflow/.local/lib/python3.7/site-packages/airflow/example_dags/example_kubernetes_executor.py for tasks to queue
[2023-07-02T02:14:15.769+0000] {logging_mixin.py:149} INFO - [2023-07-02T02:14:15.769+0000] {dagbag.py:541} INFO - Filling up the DagBag from /home/airflow/.local/lib/python3.7/site-packages/airflow/example_dags/example_kubernetes_executor.py
[2023-07-02T02:14:16.092+0000] {processor.py:836} INFO - DAG(s) dict_keys(['example_kubernetes_executor']) retrieved from /home/airflow/.local/lib/python3.7/site-packages/airflow/example_dags/example_kubernetes_executor.py
[2023-07-02T02:14:16.159+0000] {logging_mixin.py:149} INFO - [2023-07-02T02:14:16.159+0000] {dag.py:2726} INFO - Sync 1 DAGs
[2023-07-02T02:14:16.195+0000] {logging_mixin.py:149} INFO - [2023-07-02T02:14:16.195+0000] {dag.py:3490} INFO - Setting next_dagrun for example_kubernetes_executor to None, run_after=None
[2023-07-02T02:14:16.217+0000] {processor.py:179} INFO - Processing /home/airflow/.local/lib/python3.7/site-packages/airflow/example_dags/example_kubernetes_executor.py took 0.460 seconds
[2023-07-02T02:14:46.546+0000] {processor.py:157} INFO - Started process (PID=301) to work on /home/airflow/.local/lib/python3.7/site-packages/airflow/example_dags/example_kubernetes_executor.py
[2023-07-02T02:14:46.547+0000] {processor.py:826} INFO - Processing file /home/airflow/.local/lib/python3.7/site-packages/airflow/example_dags/example_kubernetes_executor.py for tasks to queue
[2023-07-02T02:14:46.548+0000] {logging_mixin.py:149} INFO - [2023-07-02T02:14:46.548+0000] {dagbag.py:541} INFO - Filling up the DagBag from /home/airflow/.local/lib/python3.7/site-packages/airflow/example_dags/example_kubernetes_executor.py
[2023-07-02T02:14:46.794+0000] {processor.py:836} INFO - DAG(s) dict_keys(['example_kubernetes_executor']) retrieved from /home/airflow/.local/lib/python3.7/site-packages/airflow/example_dags/example_kubernetes_executor.py
[2023-07-02T02:14:46.975+0000] {logging_mixin.py:149} INFO - [2023-07-02T02:14:46.975+0000] {dag.py:2726} INFO - Sync 1 DAGs
[2023-07-02T02:14:47.003+0000] {logging_mixin.py:149} INFO - [2023-07-02T02:14:47.003+0000] {dag.py:3490} INFO - Setting next_dagrun for example_kubernetes_executor to None, run_after=None
[2023-07-02T02:14:47.027+0000] {processor.py:179} INFO - Processing /home/airflow/.local/lib/python3.7/site-packages/airflow/example_dags/example_kubernetes_executor.py took 0.487 seconds
[2023-07-02T02:15:17.924+0000] {processor.py:157} INFO - Started process (PID=360) to work on /home/airflow/.local/lib/python3.7/site-packages/airflow/example_dags/example_kubernetes_executor.py
[2023-07-02T02:15:17.925+0000] {processor.py:826} INFO - Processing file /home/airflow/.local/lib/python3.7/site-packages/airflow/example_dags/example_kubernetes_executor.py for tasks to queue
[2023-07-02T02:15:17.926+0000] {logging_mixin.py:149} INFO - [2023-07-02T02:15:17.926+0000] {dagbag.py:541} INFO - Filling up the DagBag from /home/airflow/.local/lib/python3.7/site-packages/airflow/example_dags/example_kubernetes_executor.py
[2023-07-02T02:15:18.159+0000] {processor.py:836} INFO - DAG(s) dict_keys(['example_kubernetes_executor']) retrieved from /home/airflow/.local/lib/python3.7/site-packages/airflow/example_dags/example_kubernetes_executor.py
[2023-07-02T02:15:18.207+0000] {logging_mixin.py:149} INFO - [2023-07-02T02:15:18.207+0000] {dag.py:2726} INFO - Sync 1 DAGs
[2023-07-02T02:15:18.238+0000] {logging_mixin.py:149} INFO - [2023-07-02T02:15:18.237+0000] {dag.py:3490} INFO - Setting next_dagrun for example_kubernetes_executor to None, run_after=None
[2023-07-02T02:15:18.261+0000] {processor.py:179} INFO - Processing /home/airflow/.local/lib/python3.7/site-packages/airflow/example_dags/example_kubernetes_executor.py took 0.341 seconds
[2023-07-02T02:15:48.772+0000] {processor.py:157} INFO - Started process (PID=417) to work on /home/airflow/.local/lib/python3.7/site-packages/airflow/example_dags/example_kubernetes_executor.py
[2023-07-02T02:15:48.773+0000] {processor.py:826} INFO - Processing file /home/airflow/.local/lib/python3.7/site-packages/airflow/example_dags/example_kubernetes_executor.py for tasks to queue
[2023-07-02T02:15:48.774+0000] {logging_mixin.py:149} INFO - [2023-07-02T02:15:48.774+0000] {dagbag.py:541} INFO - Filling up the DagBag from /home/airflow/.local/lib/python3.7/site-packages/airflow/example_dags/example_kubernetes_executor.py
[2023-07-02T02:15:49.006+0000] {processor.py:836} INFO - DAG(s) dict_keys(['example_kubernetes_executor']) retrieved from /home/airflow/.local/lib/python3.7/site-packages/airflow/example_dags/example_kubernetes_executor.py
[2023-07-02T02:15:49.168+0000] {logging_mixin.py:149} INFO - [2023-07-02T02:15:49.168+0000] {dag.py:2726} INFO - Sync 1 DAGs
[2023-07-02T02:15:49.194+0000] {logging_mixin.py:149} INFO - [2023-07-02T02:15:49.193+0000] {dag.py:3490} INFO - Setting next_dagrun for example_kubernetes_executor to None, run_after=None
[2023-07-02T02:15:49.217+0000] {processor.py:179} INFO - Processing /home/airflow/.local/lib/python3.7/site-packages/airflow/example_dags/example_kubernetes_executor.py took 0.449 seconds
[2023-07-02T02:16:19.891+0000] {processor.py:157} INFO - Started process (PID=475) to work on /home/airflow/.local/lib/python3.7/site-packages/airflow/example_dags/example_kubernetes_executor.py
[2023-07-02T02:16:19.892+0000] {processor.py:826} INFO - Processing file /home/airflow/.local/lib/python3.7/site-packages/airflow/example_dags/example_kubernetes_executor.py for tasks to queue
[2023-07-02T02:16:19.894+0000] {logging_mixin.py:149} INFO - [2023-07-02T02:16:19.893+0000] {dagbag.py:541} INFO - Filling up the DagBag from /home/airflow/.local/lib/python3.7/site-packages/airflow/example_dags/example_kubernetes_executor.py
[2023-07-02T02:16:20.151+0000] {processor.py:836} INFO - DAG(s) dict_keys(['example_kubernetes_executor']) retrieved from /home/airflow/.local/lib/python3.7/site-packages/airflow/example_dags/example_kubernetes_executor.py
[2023-07-02T02:16:20.201+0000] {logging_mixin.py:149} INFO - [2023-07-02T02:16:20.200+0000] {dag.py:2726} INFO - Sync 1 DAGs
[2023-07-02T02:16:20.234+0000] {logging_mixin.py:149} INFO - [2023-07-02T02:16:20.233+0000] {dag.py:3490} INFO - Setting next_dagrun for example_kubernetes_executor to None, run_after=None
[2023-07-02T02:16:20.272+0000] {processor.py:179} INFO - Processing /home/airflow/.local/lib/python3.7/site-packages/airflow/example_dags/example_kubernetes_executor.py took 0.385 seconds
[2023-07-02T02:16:50.484+0000] {processor.py:157} INFO - Started process (PID=536) to work on /home/airflow/.local/lib/python3.7/site-packages/airflow/example_dags/example_kubernetes_executor.py
[2023-07-02T02:16:50.486+0000] {processor.py:826} INFO - Processing file /home/airflow/.local/lib/python3.7/site-packages/airflow/example_dags/example_kubernetes_executor.py for tasks to queue
[2023-07-02T02:16:50.488+0000] {logging_mixin.py:149} INFO - [2023-07-02T02:16:50.487+0000] {dagbag.py:541} INFO - Filling up the DagBag from /home/airflow/.local/lib/python3.7/site-packages/airflow/example_dags/example_kubernetes_executor.py
[2023-07-02T02:16:50.825+0000] {processor.py:836} INFO - DAG(s) dict_keys(['example_kubernetes_executor']) retrieved from /home/airflow/.local/lib/python3.7/site-packages/airflow/example_dags/example_kubernetes_executor.py
[2023-07-02T02:16:50.882+0000] {logging_mixin.py:149} INFO - [2023-07-02T02:16:50.881+0000] {dag.py:2726} INFO - Sync 1 DAGs
[2023-07-02T02:16:50.920+0000] {logging_mixin.py:149} INFO - [2023-07-02T02:16:50.920+0000] {dag.py:3490} INFO - Setting next_dagrun for example_kubernetes_executor to None, run_after=None
[2023-07-02T02:16:50.950+0000] {processor.py:179} INFO - Processing /home/airflow/.local/lib/python3.7/site-packages/airflow/example_dags/example_kubernetes_executor.py took 0.472 seconds
[2023-07-02T02:17:21.159+0000] {processor.py:157} INFO - Started process (PID=597) to work on /home/airflow/.local/lib/python3.7/site-packages/airflow/example_dags/example_kubernetes_executor.py
[2023-07-02T02:17:21.160+0000] {processor.py:826} INFO - Processing file /home/airflow/.local/lib/python3.7/site-packages/airflow/example_dags/example_kubernetes_executor.py for tasks to queue
[2023-07-02T02:17:21.161+0000] {logging_mixin.py:149} INFO - [2023-07-02T02:17:21.161+0000] {dagbag.py:541} INFO - Filling up the DagBag from /home/airflow/.local/lib/python3.7/site-packages/airflow/example_dags/example_kubernetes_executor.py
[2023-07-02T02:17:21.396+0000] {processor.py:836} INFO - DAG(s) dict_keys(['example_kubernetes_executor']) retrieved from /home/airflow/.local/lib/python3.7/site-packages/airflow/example_dags/example_kubernetes_executor.py
[2023-07-02T02:17:21.444+0000] {logging_mixin.py:149} INFO - [2023-07-02T02:17:21.444+0000] {dag.py:2726} INFO - Sync 1 DAGs
[2023-07-02T02:17:21.479+0000] {logging_mixin.py:149} INFO - [2023-07-02T02:17:21.479+0000] {dag.py:3490} INFO - Setting next_dagrun for example_kubernetes_executor to None, run_after=None
[2023-07-02T02:17:21.503+0000] {processor.py:179} INFO - Processing /home/airflow/.local/lib/python3.7/site-packages/airflow/example_dags/example_kubernetes_executor.py took 0.348 seconds
[2023-07-02T02:17:51.784+0000] {processor.py:157} INFO - Started process (PID=656) to work on /home/airflow/.local/lib/python3.7/site-packages/airflow/example_dags/example_kubernetes_executor.py
[2023-07-02T02:17:51.785+0000] {processor.py:826} INFO - Processing file /home/airflow/.local/lib/python3.7/site-packages/airflow/example_dags/example_kubernetes_executor.py for tasks to queue
[2023-07-02T02:17:51.787+0000] {logging_mixin.py:149} INFO - [2023-07-02T02:17:51.787+0000] {dagbag.py:541} INFO - Filling up the DagBag from /home/airflow/.local/lib/python3.7/site-packages/airflow/example_dags/example_kubernetes_executor.py
[2023-07-02T02:17:52.047+0000] {processor.py:836} INFO - DAG(s) dict_keys(['example_kubernetes_executor']) retrieved from /home/airflow/.local/lib/python3.7/site-packages/airflow/example_dags/example_kubernetes_executor.py
[2023-07-02T02:17:52.099+0000] {logging_mixin.py:149} INFO - [2023-07-02T02:17:52.099+0000] {dag.py:2726} INFO - Sync 1 DAGs
[2023-07-02T02:17:52.133+0000] {logging_mixin.py:149} INFO - [2023-07-02T02:17:52.133+0000] {dag.py:3490} INFO - Setting next_dagrun for example_kubernetes_executor to None, run_after=None
[2023-07-02T02:17:52.174+0000] {processor.py:179} INFO - Processing /home/airflow/.local/lib/python3.7/site-packages/airflow/example_dags/example_kubernetes_executor.py took 0.417 seconds
[2023-07-02T02:18:22.772+0000] {processor.py:157} INFO - Started process (PID=715) to work on /home/airflow/.local/lib/python3.7/site-packages/airflow/example_dags/example_kubernetes_executor.py
[2023-07-02T02:18:22.774+0000] {processor.py:826} INFO - Processing file /home/airflow/.local/lib/python3.7/site-packages/airflow/example_dags/example_kubernetes_executor.py for tasks to queue
[2023-07-02T02:18:22.775+0000] {logging_mixin.py:149} INFO - [2023-07-02T02:18:22.775+0000] {dagbag.py:541} INFO - Filling up the DagBag from /home/airflow/.local/lib/python3.7/site-packages/airflow/example_dags/example_kubernetes_executor.py
[2023-07-02T02:18:23.096+0000] {processor.py:836} INFO - DAG(s) dict_keys(['example_kubernetes_executor']) retrieved from /home/airflow/.local/lib/python3.7/site-packages/airflow/example_dags/example_kubernetes_executor.py
[2023-07-02T02:18:23.164+0000] {logging_mixin.py:149} INFO - [2023-07-02T02:18:23.164+0000] {dag.py:2726} INFO - Sync 1 DAGs
[2023-07-02T02:18:23.205+0000] {logging_mixin.py:149} INFO - [2023-07-02T02:18:23.205+0000] {dag.py:3490} INFO - Setting next_dagrun for example_kubernetes_executor to None, run_after=None
[2023-07-02T02:18:23.237+0000] {processor.py:179} INFO - Processing /home/airflow/.local/lib/python3.7/site-packages/airflow/example_dags/example_kubernetes_executor.py took 0.469 seconds
[2023-07-02T02:18:53.342+0000] {processor.py:157} INFO - Started process (PID=773) to work on /home/airflow/.local/lib/python3.7/site-packages/airflow/example_dags/example_kubernetes_executor.py
[2023-07-02T02:18:53.343+0000] {processor.py:826} INFO - Processing file /home/airflow/.local/lib/python3.7/site-packages/airflow/example_dags/example_kubernetes_executor.py for tasks to queue
[2023-07-02T02:18:53.344+0000] {logging_mixin.py:149} INFO - [2023-07-02T02:18:53.344+0000] {dagbag.py:541} INFO - Filling up the DagBag from /home/airflow/.local/lib/python3.7/site-packages/airflow/example_dags/example_kubernetes_executor.py
[2023-07-02T02:18:53.580+0000] {processor.py:836} INFO - DAG(s) dict_keys(['example_kubernetes_executor']) retrieved from /home/airflow/.local/lib/python3.7/site-packages/airflow/example_dags/example_kubernetes_executor.py
[2023-07-02T02:18:53.627+0000] {logging_mixin.py:149} INFO - [2023-07-02T02:18:53.627+0000] {dag.py:2726} INFO - Sync 1 DAGs
[2023-07-02T02:18:53.660+0000] {logging_mixin.py:149} INFO - [2023-07-02T02:18:53.660+0000] {dag.py:3490} INFO - Setting next_dagrun for example_kubernetes_executor to None, run_after=None
[2023-07-02T02:18:53.684+0000] {processor.py:179} INFO - Processing /home/airflow/.local/lib/python3.7/site-packages/airflow/example_dags/example_kubernetes_executor.py took 0.346 seconds
[2023-07-02T02:19:23.899+0000] {processor.py:157} INFO - Started process (PID=830) to work on /home/airflow/.local/lib/python3.7/site-packages/airflow/example_dags/example_kubernetes_executor.py
[2023-07-02T02:19:23.901+0000] {processor.py:826} INFO - Processing file /home/airflow/.local/lib/python3.7/site-packages/airflow/example_dags/example_kubernetes_executor.py for tasks to queue
[2023-07-02T02:19:23.903+0000] {logging_mixin.py:149} INFO - [2023-07-02T02:19:23.902+0000] {dagbag.py:541} INFO - Filling up the DagBag from /home/airflow/.local/lib/python3.7/site-packages/airflow/example_dags/example_kubernetes_executor.py
[2023-07-02T02:19:24.156+0000] {processor.py:836} INFO - DAG(s) dict_keys(['example_kubernetes_executor']) retrieved from /home/airflow/.local/lib/python3.7/site-packages/airflow/example_dags/example_kubernetes_executor.py
[2023-07-02T02:19:24.198+0000] {logging_mixin.py:149} INFO - [2023-07-02T02:19:24.198+0000] {dag.py:2726} INFO - Sync 1 DAGs
[2023-07-02T02:19:24.230+0000] {logging_mixin.py:149} INFO - [2023-07-02T02:19:24.230+0000] {dag.py:3490} INFO - Setting next_dagrun for example_kubernetes_executor to None, run_after=None
[2023-07-02T02:19:24.256+0000] {processor.py:179} INFO - Processing /home/airflow/.local/lib/python3.7/site-packages/airflow/example_dags/example_kubernetes_executor.py took 0.364 seconds
[2023-07-02T02:19:54.835+0000] {processor.py:157} INFO - Started process (PID=888) to work on /home/airflow/.local/lib/python3.7/site-packages/airflow/example_dags/example_kubernetes_executor.py
[2023-07-02T02:19:54.836+0000] {processor.py:826} INFO - Processing file /home/airflow/.local/lib/python3.7/site-packages/airflow/example_dags/example_kubernetes_executor.py for tasks to queue
[2023-07-02T02:19:54.837+0000] {logging_mixin.py:149} INFO - [2023-07-02T02:19:54.837+0000] {dagbag.py:541} INFO - Filling up the DagBag from /home/airflow/.local/lib/python3.7/site-packages/airflow/example_dags/example_kubernetes_executor.py
[2023-07-02T02:19:55.070+0000] {processor.py:836} INFO - DAG(s) dict_keys(['example_kubernetes_executor']) retrieved from /home/airflow/.local/lib/python3.7/site-packages/airflow/example_dags/example_kubernetes_executor.py
[2023-07-02T02:19:55.122+0000] {logging_mixin.py:149} INFO - [2023-07-02T02:19:55.121+0000] {dag.py:2726} INFO - Sync 1 DAGs
[2023-07-02T02:19:55.156+0000] {logging_mixin.py:149} INFO - [2023-07-02T02:19:55.156+0000] {dag.py:3490} INFO - Setting next_dagrun for example_kubernetes_executor to None, run_after=None
[2023-07-02T02:19:55.180+0000] {processor.py:179} INFO - Processing /home/airflow/.local/lib/python3.7/site-packages/airflow/example_dags/example_kubernetes_executor.py took 0.350 seconds
[2023-07-02T02:20:25.224+0000] {processor.py:157} INFO - Started process (PID=946) to work on /home/airflow/.local/lib/python3.7/site-packages/airflow/example_dags/example_kubernetes_executor.py
[2023-07-02T02:20:25.225+0000] {processor.py:826} INFO - Processing file /home/airflow/.local/lib/python3.7/site-packages/airflow/example_dags/example_kubernetes_executor.py for tasks to queue
[2023-07-02T02:20:25.226+0000] {logging_mixin.py:149} INFO - [2023-07-02T02:20:25.226+0000] {dagbag.py:541} INFO - Filling up the DagBag from /home/airflow/.local/lib/python3.7/site-packages/airflow/example_dags/example_kubernetes_executor.py
[2023-07-02T02:20:25.504+0000] {processor.py:836} INFO - DAG(s) dict_keys(['example_kubernetes_executor']) retrieved from /home/airflow/.local/lib/python3.7/site-packages/airflow/example_dags/example_kubernetes_executor.py
[2023-07-02T02:20:25.557+0000] {logging_mixin.py:149} INFO - [2023-07-02T02:20:25.556+0000] {dag.py:2726} INFO - Sync 1 DAGs
[2023-07-02T02:20:25.588+0000] {logging_mixin.py:149} INFO - [2023-07-02T02:20:25.588+0000] {dag.py:3490} INFO - Setting next_dagrun for example_kubernetes_executor to None, run_after=None
[2023-07-02T02:20:25.612+0000] {processor.py:179} INFO - Processing /home/airflow/.local/lib/python3.7/site-packages/airflow/example_dags/example_kubernetes_executor.py took 0.392 seconds
[2023-07-02T02:20:55.720+0000] {processor.py:157} INFO - Started process (PID=1011) to work on /home/airflow/.local/lib/python3.7/site-packages/airflow/example_dags/example_kubernetes_executor.py
[2023-07-02T02:20:55.722+0000] {processor.py:826} INFO - Processing file /home/airflow/.local/lib/python3.7/site-packages/airflow/example_dags/example_kubernetes_executor.py for tasks to queue
[2023-07-02T02:20:55.723+0000] {logging_mixin.py:149} INFO - [2023-07-02T02:20:55.723+0000] {dagbag.py:541} INFO - Filling up the DagBag from /home/airflow/.local/lib/python3.7/site-packages/airflow/example_dags/example_kubernetes_executor.py
[2023-07-02T02:20:55.993+0000] {processor.py:836} INFO - DAG(s) dict_keys(['example_kubernetes_executor']) retrieved from /home/airflow/.local/lib/python3.7/site-packages/airflow/example_dags/example_kubernetes_executor.py
[2023-07-02T02:20:56.085+0000] {logging_mixin.py:149} INFO - [2023-07-02T02:20:56.085+0000] {dag.py:2726} INFO - Sync 1 DAGs
[2023-07-02T02:20:56.122+0000] {logging_mixin.py:149} INFO - [2023-07-02T02:20:56.121+0000] {dag.py:3490} INFO - Setting next_dagrun for example_kubernetes_executor to None, run_after=None
[2023-07-02T02:20:56.148+0000] {processor.py:179} INFO - Processing /home/airflow/.local/lib/python3.7/site-packages/airflow/example_dags/example_kubernetes_executor.py took 0.432 seconds
[2023-07-02T02:21:26.384+0000] {processor.py:157} INFO - Started process (PID=1065) to work on /home/airflow/.local/lib/python3.7/site-packages/airflow/example_dags/example_kubernetes_executor.py
[2023-07-02T02:21:26.385+0000] {processor.py:826} INFO - Processing file /home/airflow/.local/lib/python3.7/site-packages/airflow/example_dags/example_kubernetes_executor.py for tasks to queue
[2023-07-02T02:21:26.386+0000] {logging_mixin.py:149} INFO - [2023-07-02T02:21:26.386+0000] {dagbag.py:541} INFO - Filling up the DagBag from /home/airflow/.local/lib/python3.7/site-packages/airflow/example_dags/example_kubernetes_executor.py
[2023-07-02T02:21:26.668+0000] {processor.py:836} INFO - DAG(s) dict_keys(['example_kubernetes_executor']) retrieved from /home/airflow/.local/lib/python3.7/site-packages/airflow/example_dags/example_kubernetes_executor.py
[2023-07-02T02:21:26.732+0000] {logging_mixin.py:149} INFO - [2023-07-02T02:21:26.731+0000] {dag.py:2726} INFO - Sync 1 DAGs
[2023-07-02T02:21:26.765+0000] {logging_mixin.py:149} INFO - [2023-07-02T02:21:26.764+0000] {dag.py:3490} INFO - Setting next_dagrun for example_kubernetes_executor to None, run_after=None
[2023-07-02T02:21:26.787+0000] {processor.py:179} INFO - Processing /home/airflow/.local/lib/python3.7/site-packages/airflow/example_dags/example_kubernetes_executor.py took 0.409 seconds
