[2023-07-02T01:19:10.465+0000] {processor.py:157} INFO - Started process (PID=43) to work on /home/airflow/.local/lib/python3.7/site-packages/airflow/example_dags/example_xcom.py
[2023-07-02T01:19:10.467+0000] {processor.py:826} INFO - Processing file /home/airflow/.local/lib/python3.7/site-packages/airflow/example_dags/example_xcom.py for tasks to queue
[2023-07-02T01:19:10.469+0000] {logging_mixin.py:149} INFO - [2023-07-02T01:19:10.468+0000] {dagbag.py:541} INFO - Filling up the DagBag from /home/airflow/.local/lib/python3.7/site-packages/airflow/example_dags/example_xcom.py
[2023-07-02T01:19:10.491+0000] {processor.py:836} INFO - DAG(s) dict_keys(['example_xcom']) retrieved from /home/airflow/.local/lib/python3.7/site-packages/airflow/example_dags/example_xcom.py
[2023-07-02T01:19:10.749+0000] {logging_mixin.py:149} INFO - [2023-07-02T01:19:10.749+0000] {manager.py:504} INFO - Created Permission View: can delete on DAG:example_xcom
[2023-07-02T01:19:10.783+0000] {logging_mixin.py:149} INFO - [2023-07-02T01:19:10.782+0000] {manager.py:504} INFO - Created Permission View: can edit on DAG:example_xcom
[2023-07-02T01:19:10.802+0000] {logging_mixin.py:149} INFO - [2023-07-02T01:19:10.801+0000] {manager.py:504} INFO - Created Permission View: can read on DAG:example_xcom
[2023-07-02T01:19:10.839+0000] {logging_mixin.py:149} INFO - [2023-07-02T01:19:10.839+0000] {dag.py:2726} INFO - Sync 1 DAGs
[2023-07-02T01:19:10.917+0000] {logging_mixin.py:149} INFO - [2023-07-02T01:19:10.916+0000] {dag.py:2747} INFO - Creating ORM DAG for example_xcom
[2023-07-02T01:19:10.948+0000] {logging_mixin.py:149} INFO - [2023-07-02T01:19:10.947+0000] {dag.py:3490} INFO - Setting next_dagrun for example_xcom to 2021-01-01T00:00:00+00:00, run_after=2021-01-01T00:00:00+00:00
[2023-07-02T01:19:11.030+0000] {processor.py:179} INFO - Processing /home/airflow/.local/lib/python3.7/site-packages/airflow/example_dags/example_xcom.py took 0.571 seconds
[2023-07-02T01:19:50.760+0000] {processor.py:157} INFO - Started process (PID=100) to work on /home/airflow/.local/lib/python3.7/site-packages/airflow/example_dags/example_xcom.py
[2023-07-02T01:19:50.768+0000] {processor.py:826} INFO - Processing file /home/airflow/.local/lib/python3.7/site-packages/airflow/example_dags/example_xcom.py for tasks to queue
[2023-07-02T01:19:50.772+0000] {logging_mixin.py:149} INFO - [2023-07-02T01:19:50.772+0000] {dagbag.py:541} INFO - Filling up the DagBag from /home/airflow/.local/lib/python3.7/site-packages/airflow/example_dags/example_xcom.py
[2023-07-02T01:19:50.810+0000] {processor.py:836} INFO - DAG(s) dict_keys(['example_xcom']) retrieved from /home/airflow/.local/lib/python3.7/site-packages/airflow/example_dags/example_xcom.py
[2023-07-02T01:19:51.264+0000] {logging_mixin.py:149} INFO - [2023-07-02T01:19:51.258+0000] {dag.py:2726} INFO - Sync 1 DAGs
[2023-07-02T01:19:51.618+0000] {logging_mixin.py:149} INFO - [2023-07-02T01:19:51.617+0000] {dag.py:3490} INFO - Setting next_dagrun for example_xcom to 2021-01-01T00:00:00+00:00, run_after=2021-01-01T00:00:00+00:00
[2023-07-02T01:19:51.694+0000] {processor.py:179} INFO - Processing /home/airflow/.local/lib/python3.7/site-packages/airflow/example_dags/example_xcom.py took 0.953 seconds
[2023-07-02T01:20:22.518+0000] {processor.py:157} INFO - Started process (PID=164) to work on /home/airflow/.local/lib/python3.7/site-packages/airflow/example_dags/example_xcom.py
[2023-07-02T01:20:22.520+0000] {processor.py:826} INFO - Processing file /home/airflow/.local/lib/python3.7/site-packages/airflow/example_dags/example_xcom.py for tasks to queue
[2023-07-02T01:20:22.522+0000] {logging_mixin.py:149} INFO - [2023-07-02T01:20:22.522+0000] {dagbag.py:541} INFO - Filling up the DagBag from /home/airflow/.local/lib/python3.7/site-packages/airflow/example_dags/example_xcom.py
[2023-07-02T01:20:22.559+0000] {processor.py:836} INFO - DAG(s) dict_keys(['example_xcom']) retrieved from /home/airflow/.local/lib/python3.7/site-packages/airflow/example_dags/example_xcom.py
[2023-07-02T01:20:22.724+0000] {logging_mixin.py:149} INFO - [2023-07-02T01:20:22.724+0000] {dag.py:2726} INFO - Sync 1 DAGs
[2023-07-02T01:20:22.789+0000] {logging_mixin.py:149} INFO - [2023-07-02T01:20:22.789+0000] {dag.py:3490} INFO - Setting next_dagrun for example_xcom to 2021-01-01T00:00:00+00:00, run_after=2021-01-01T00:00:00+00:00
[2023-07-02T01:20:22.833+0000] {processor.py:179} INFO - Processing /home/airflow/.local/lib/python3.7/site-packages/airflow/example_dags/example_xcom.py took 0.323 seconds
[2023-07-02T01:20:53.028+0000] {processor.py:157} INFO - Started process (PID=224) to work on /home/airflow/.local/lib/python3.7/site-packages/airflow/example_dags/example_xcom.py
[2023-07-02T01:20:53.030+0000] {processor.py:826} INFO - Processing file /home/airflow/.local/lib/python3.7/site-packages/airflow/example_dags/example_xcom.py for tasks to queue
[2023-07-02T01:20:53.032+0000] {logging_mixin.py:149} INFO - [2023-07-02T01:20:53.032+0000] {dagbag.py:541} INFO - Filling up the DagBag from /home/airflow/.local/lib/python3.7/site-packages/airflow/example_dags/example_xcom.py
[2023-07-02T01:20:53.048+0000] {processor.py:836} INFO - DAG(s) dict_keys(['example_xcom']) retrieved from /home/airflow/.local/lib/python3.7/site-packages/airflow/example_dags/example_xcom.py
[2023-07-02T01:20:53.100+0000] {logging_mixin.py:149} INFO - [2023-07-02T01:20:53.099+0000] {dag.py:2726} INFO - Sync 1 DAGs
[2023-07-02T01:20:53.147+0000] {logging_mixin.py:149} INFO - [2023-07-02T01:20:53.147+0000] {dag.py:3490} INFO - Setting next_dagrun for example_xcom to 2021-01-01T00:00:00+00:00, run_after=2021-01-01T00:00:00+00:00
[2023-07-02T01:20:53.184+0000] {processor.py:179} INFO - Processing /home/airflow/.local/lib/python3.7/site-packages/airflow/example_dags/example_xcom.py took 0.163 seconds
[2023-07-02T01:21:24.149+0000] {processor.py:157} INFO - Started process (PID=283) to work on /home/airflow/.local/lib/python3.7/site-packages/airflow/example_dags/example_xcom.py
[2023-07-02T01:21:24.151+0000] {processor.py:826} INFO - Processing file /home/airflow/.local/lib/python3.7/site-packages/airflow/example_dags/example_xcom.py for tasks to queue
[2023-07-02T01:21:24.153+0000] {logging_mixin.py:149} INFO - [2023-07-02T01:21:24.153+0000] {dagbag.py:541} INFO - Filling up the DagBag from /home/airflow/.local/lib/python3.7/site-packages/airflow/example_dags/example_xcom.py
[2023-07-02T01:21:24.179+0000] {processor.py:836} INFO - DAG(s) dict_keys(['example_xcom']) retrieved from /home/airflow/.local/lib/python3.7/site-packages/airflow/example_dags/example_xcom.py
[2023-07-02T01:21:24.246+0000] {logging_mixin.py:149} INFO - [2023-07-02T01:21:24.246+0000] {dag.py:2726} INFO - Sync 1 DAGs
[2023-07-02T01:21:24.316+0000] {logging_mixin.py:149} INFO - [2023-07-02T01:21:24.316+0000] {dag.py:3490} INFO - Setting next_dagrun for example_xcom to 2021-01-01T00:00:00+00:00, run_after=2021-01-01T00:00:00+00:00
[2023-07-02T01:21:24.358+0000] {processor.py:179} INFO - Processing /home/airflow/.local/lib/python3.7/site-packages/airflow/example_dags/example_xcom.py took 0.223 seconds
[2023-07-02T01:21:55.404+0000] {processor.py:157} INFO - Started process (PID=340) to work on /home/airflow/.local/lib/python3.7/site-packages/airflow/example_dags/example_xcom.py
[2023-07-02T01:21:55.406+0000] {processor.py:826} INFO - Processing file /home/airflow/.local/lib/python3.7/site-packages/airflow/example_dags/example_xcom.py for tasks to queue
[2023-07-02T01:21:55.407+0000] {logging_mixin.py:149} INFO - [2023-07-02T01:21:55.407+0000] {dagbag.py:541} INFO - Filling up the DagBag from /home/airflow/.local/lib/python3.7/site-packages/airflow/example_dags/example_xcom.py
[2023-07-02T01:21:55.423+0000] {processor.py:836} INFO - DAG(s) dict_keys(['example_xcom']) retrieved from /home/airflow/.local/lib/python3.7/site-packages/airflow/example_dags/example_xcom.py
[2023-07-02T01:21:55.479+0000] {logging_mixin.py:149} INFO - [2023-07-02T01:21:55.479+0000] {dag.py:2726} INFO - Sync 1 DAGs
[2023-07-02T01:21:55.530+0000] {logging_mixin.py:149} INFO - [2023-07-02T01:21:55.529+0000] {dag.py:3490} INFO - Setting next_dagrun for example_xcom to 2021-01-01T00:00:00+00:00, run_after=2021-01-01T00:00:00+00:00
[2023-07-02T01:21:55.569+0000] {processor.py:179} INFO - Processing /home/airflow/.local/lib/python3.7/site-packages/airflow/example_dags/example_xcom.py took 0.171 seconds
[2023-07-02T01:22:25.848+0000] {processor.py:157} INFO - Started process (PID=398) to work on /home/airflow/.local/lib/python3.7/site-packages/airflow/example_dags/example_xcom.py
[2023-07-02T01:22:25.850+0000] {processor.py:826} INFO - Processing file /home/airflow/.local/lib/python3.7/site-packages/airflow/example_dags/example_xcom.py for tasks to queue
[2023-07-02T01:22:25.851+0000] {logging_mixin.py:149} INFO - [2023-07-02T01:22:25.851+0000] {dagbag.py:541} INFO - Filling up the DagBag from /home/airflow/.local/lib/python3.7/site-packages/airflow/example_dags/example_xcom.py
[2023-07-02T01:22:25.878+0000] {processor.py:836} INFO - DAG(s) dict_keys(['example_xcom']) retrieved from /home/airflow/.local/lib/python3.7/site-packages/airflow/example_dags/example_xcom.py
[2023-07-02T01:22:25.944+0000] {logging_mixin.py:149} INFO - [2023-07-02T01:22:25.944+0000] {dag.py:2726} INFO - Sync 1 DAGs
[2023-07-02T01:22:26.019+0000] {logging_mixin.py:149} INFO - [2023-07-02T01:22:26.018+0000] {dag.py:3490} INFO - Setting next_dagrun for example_xcom to 2021-01-01T00:00:00+00:00, run_after=2021-01-01T00:00:00+00:00
[2023-07-02T01:22:26.075+0000] {processor.py:179} INFO - Processing /home/airflow/.local/lib/python3.7/site-packages/airflow/example_dags/example_xcom.py took 0.234 seconds
[2023-07-02T01:22:56.469+0000] {processor.py:157} INFO - Started process (PID=459) to work on /home/airflow/.local/lib/python3.7/site-packages/airflow/example_dags/example_xcom.py
[2023-07-02T01:22:56.475+0000] {processor.py:826} INFO - Processing file /home/airflow/.local/lib/python3.7/site-packages/airflow/example_dags/example_xcom.py for tasks to queue
[2023-07-02T01:22:56.478+0000] {logging_mixin.py:149} INFO - [2023-07-02T01:22:56.478+0000] {dagbag.py:541} INFO - Filling up the DagBag from /home/airflow/.local/lib/python3.7/site-packages/airflow/example_dags/example_xcom.py
[2023-07-02T01:22:56.496+0000] {processor.py:836} INFO - DAG(s) dict_keys(['example_xcom']) retrieved from /home/airflow/.local/lib/python3.7/site-packages/airflow/example_dags/example_xcom.py
[2023-07-02T01:22:56.551+0000] {logging_mixin.py:149} INFO - [2023-07-02T01:22:56.550+0000] {dag.py:2726} INFO - Sync 1 DAGs
[2023-07-02T01:22:56.606+0000] {logging_mixin.py:149} INFO - [2023-07-02T01:22:56.605+0000] {dag.py:3490} INFO - Setting next_dagrun for example_xcom to 2021-01-01T00:00:00+00:00, run_after=2021-01-01T00:00:00+00:00
[2023-07-02T01:22:56.670+0000] {processor.py:179} INFO - Processing /home/airflow/.local/lib/python3.7/site-packages/airflow/example_dags/example_xcom.py took 0.209 seconds
[2023-07-02T01:23:27.228+0000] {processor.py:157} INFO - Started process (PID=518) to work on /home/airflow/.local/lib/python3.7/site-packages/airflow/example_dags/example_xcom.py
[2023-07-02T01:23:27.230+0000] {processor.py:826} INFO - Processing file /home/airflow/.local/lib/python3.7/site-packages/airflow/example_dags/example_xcom.py for tasks to queue
[2023-07-02T01:23:27.231+0000] {logging_mixin.py:149} INFO - [2023-07-02T01:23:27.231+0000] {dagbag.py:541} INFO - Filling up the DagBag from /home/airflow/.local/lib/python3.7/site-packages/airflow/example_dags/example_xcom.py
[2023-07-02T01:23:27.249+0000] {processor.py:836} INFO - DAG(s) dict_keys(['example_xcom']) retrieved from /home/airflow/.local/lib/python3.7/site-packages/airflow/example_dags/example_xcom.py
[2023-07-02T01:23:27.315+0000] {logging_mixin.py:149} INFO - [2023-07-02T01:23:27.315+0000] {dag.py:2726} INFO - Sync 1 DAGs
[2023-07-02T01:23:27.367+0000] {logging_mixin.py:149} INFO - [2023-07-02T01:23:27.366+0000] {dag.py:3490} INFO - Setting next_dagrun for example_xcom to 2021-01-01T00:00:00+00:00, run_after=2021-01-01T00:00:00+00:00
[2023-07-02T01:23:27.409+0000] {processor.py:179} INFO - Processing /home/airflow/.local/lib/python3.7/site-packages/airflow/example_dags/example_xcom.py took 0.187 seconds
[2023-07-02T02:04:18.697+0000] {processor.py:157} INFO - Started process (PID=41) to work on /home/airflow/.local/lib/python3.7/site-packages/airflow/example_dags/example_xcom.py
[2023-07-02T02:04:18.699+0000] {processor.py:826} INFO - Processing file /home/airflow/.local/lib/python3.7/site-packages/airflow/example_dags/example_xcom.py for tasks to queue
[2023-07-02T02:04:18.700+0000] {logging_mixin.py:149} INFO - [2023-07-02T02:04:18.700+0000] {dagbag.py:541} INFO - Filling up the DagBag from /home/airflow/.local/lib/python3.7/site-packages/airflow/example_dags/example_xcom.py
[2023-07-02T02:04:18.715+0000] {processor.py:836} INFO - DAG(s) dict_keys(['example_xcom']) retrieved from /home/airflow/.local/lib/python3.7/site-packages/airflow/example_dags/example_xcom.py
[2023-07-02T02:04:18.758+0000] {logging_mixin.py:149} INFO - [2023-07-02T02:04:18.758+0000] {dag.py:2726} INFO - Sync 1 DAGs
[2023-07-02T02:04:18.796+0000] {logging_mixin.py:149} INFO - [2023-07-02T02:04:18.796+0000] {dag.py:3490} INFO - Setting next_dagrun for example_xcom to 2021-01-01T00:00:00+00:00, run_after=2021-01-01T00:00:00+00:00
[2023-07-02T02:04:18.839+0000] {processor.py:179} INFO - Processing /home/airflow/.local/lib/python3.7/site-packages/airflow/example_dags/example_xcom.py took 0.147 seconds
[2023-07-02T02:04:48.972+0000] {processor.py:157} INFO - Started process (PID=99) to work on /home/airflow/.local/lib/python3.7/site-packages/airflow/example_dags/example_xcom.py
[2023-07-02T02:04:48.973+0000] {processor.py:826} INFO - Processing file /home/airflow/.local/lib/python3.7/site-packages/airflow/example_dags/example_xcom.py for tasks to queue
[2023-07-02T02:04:48.975+0000] {logging_mixin.py:149} INFO - [2023-07-02T02:04:48.975+0000] {dagbag.py:541} INFO - Filling up the DagBag from /home/airflow/.local/lib/python3.7/site-packages/airflow/example_dags/example_xcom.py
[2023-07-02T02:04:48.985+0000] {processor.py:836} INFO - DAG(s) dict_keys(['example_xcom']) retrieved from /home/airflow/.local/lib/python3.7/site-packages/airflow/example_dags/example_xcom.py
[2023-07-02T02:04:49.022+0000] {logging_mixin.py:149} INFO - [2023-07-02T02:04:49.022+0000] {dag.py:2726} INFO - Sync 1 DAGs
[2023-07-02T02:04:49.070+0000] {logging_mixin.py:149} INFO - [2023-07-02T02:04:49.069+0000] {dag.py:3490} INFO - Setting next_dagrun for example_xcom to 2021-01-01T00:00:00+00:00, run_after=2021-01-01T00:00:00+00:00
[2023-07-02T02:04:49.094+0000] {processor.py:179} INFO - Processing /home/airflow/.local/lib/python3.7/site-packages/airflow/example_dags/example_xcom.py took 0.127 seconds
[2023-07-02T02:05:19.700+0000] {processor.py:157} INFO - Started process (PID=156) to work on /home/airflow/.local/lib/python3.7/site-packages/airflow/example_dags/example_xcom.py
[2023-07-02T02:05:19.701+0000] {processor.py:826} INFO - Processing file /home/airflow/.local/lib/python3.7/site-packages/airflow/example_dags/example_xcom.py for tasks to queue
[2023-07-02T02:05:19.703+0000] {logging_mixin.py:149} INFO - [2023-07-02T02:05:19.702+0000] {dagbag.py:541} INFO - Filling up the DagBag from /home/airflow/.local/lib/python3.7/site-packages/airflow/example_dags/example_xcom.py
[2023-07-02T02:05:19.714+0000] {processor.py:836} INFO - DAG(s) dict_keys(['example_xcom']) retrieved from /home/airflow/.local/lib/python3.7/site-packages/airflow/example_dags/example_xcom.py
[2023-07-02T02:05:19.754+0000] {logging_mixin.py:149} INFO - [2023-07-02T02:05:19.754+0000] {dag.py:2726} INFO - Sync 1 DAGs
[2023-07-02T02:05:19.790+0000] {logging_mixin.py:149} INFO - [2023-07-02T02:05:19.789+0000] {dag.py:3490} INFO - Setting next_dagrun for example_xcom to 2021-01-01T00:00:00+00:00, run_after=2021-01-01T00:00:00+00:00
[2023-07-02T02:05:19.814+0000] {processor.py:179} INFO - Processing /home/airflow/.local/lib/python3.7/site-packages/airflow/example_dags/example_xcom.py took 0.119 seconds
[2023-07-02T02:05:50.645+0000] {processor.py:157} INFO - Started process (PID=215) to work on /home/airflow/.local/lib/python3.7/site-packages/airflow/example_dags/example_xcom.py
[2023-07-02T02:05:50.648+0000] {processor.py:826} INFO - Processing file /home/airflow/.local/lib/python3.7/site-packages/airflow/example_dags/example_xcom.py for tasks to queue
[2023-07-02T02:05:50.651+0000] {logging_mixin.py:149} INFO - [2023-07-02T02:05:50.651+0000] {dagbag.py:541} INFO - Filling up the DagBag from /home/airflow/.local/lib/python3.7/site-packages/airflow/example_dags/example_xcom.py
[2023-07-02T02:05:50.672+0000] {processor.py:836} INFO - DAG(s) dict_keys(['example_xcom']) retrieved from /home/airflow/.local/lib/python3.7/site-packages/airflow/example_dags/example_xcom.py
[2023-07-02T02:05:50.737+0000] {logging_mixin.py:149} INFO - [2023-07-02T02:05:50.736+0000] {dag.py:2726} INFO - Sync 1 DAGs
[2023-07-02T02:05:50.782+0000] {logging_mixin.py:149} INFO - [2023-07-02T02:05:50.781+0000] {dag.py:3490} INFO - Setting next_dagrun for example_xcom to 2021-01-01T00:00:00+00:00, run_after=2021-01-01T00:00:00+00:00
[2023-07-02T02:05:50.815+0000] {processor.py:179} INFO - Processing /home/airflow/.local/lib/python3.7/site-packages/airflow/example_dags/example_xcom.py took 0.180 seconds
[2023-07-02T02:06:21.799+0000] {processor.py:157} INFO - Started process (PID=273) to work on /home/airflow/.local/lib/python3.7/site-packages/airflow/example_dags/example_xcom.py
[2023-07-02T02:06:21.800+0000] {processor.py:826} INFO - Processing file /home/airflow/.local/lib/python3.7/site-packages/airflow/example_dags/example_xcom.py for tasks to queue
[2023-07-02T02:06:21.802+0000] {logging_mixin.py:149} INFO - [2023-07-02T02:06:21.802+0000] {dagbag.py:541} INFO - Filling up the DagBag from /home/airflow/.local/lib/python3.7/site-packages/airflow/example_dags/example_xcom.py
[2023-07-02T02:06:21.814+0000] {processor.py:836} INFO - DAG(s) dict_keys(['example_xcom']) retrieved from /home/airflow/.local/lib/python3.7/site-packages/airflow/example_dags/example_xcom.py
[2023-07-02T02:06:21.852+0000] {logging_mixin.py:149} INFO - [2023-07-02T02:06:21.852+0000] {dag.py:2726} INFO - Sync 1 DAGs
[2023-07-02T02:06:21.889+0000] {logging_mixin.py:149} INFO - [2023-07-02T02:06:21.888+0000] {dag.py:3490} INFO - Setting next_dagrun for example_xcom to 2021-01-01T00:00:00+00:00, run_after=2021-01-01T00:00:00+00:00
[2023-07-02T02:06:21.916+0000] {processor.py:179} INFO - Processing /home/airflow/.local/lib/python3.7/site-packages/airflow/example_dags/example_xcom.py took 0.124 seconds
[2023-07-02T02:06:52.954+0000] {processor.py:157} INFO - Started process (PID=331) to work on /home/airflow/.local/lib/python3.7/site-packages/airflow/example_dags/example_xcom.py
[2023-07-02T02:06:52.955+0000] {processor.py:826} INFO - Processing file /home/airflow/.local/lib/python3.7/site-packages/airflow/example_dags/example_xcom.py for tasks to queue
[2023-07-02T02:06:52.956+0000] {logging_mixin.py:149} INFO - [2023-07-02T02:06:52.956+0000] {dagbag.py:541} INFO - Filling up the DagBag from /home/airflow/.local/lib/python3.7/site-packages/airflow/example_dags/example_xcom.py
[2023-07-02T02:06:52.966+0000] {processor.py:836} INFO - DAG(s) dict_keys(['example_xcom']) retrieved from /home/airflow/.local/lib/python3.7/site-packages/airflow/example_dags/example_xcom.py
[2023-07-02T02:06:53.009+0000] {logging_mixin.py:149} INFO - [2023-07-02T02:06:53.008+0000] {dag.py:2726} INFO - Sync 1 DAGs
[2023-07-02T02:06:53.066+0000] {logging_mixin.py:149} INFO - [2023-07-02T02:06:53.066+0000] {dag.py:3490} INFO - Setting next_dagrun for example_xcom to 2021-01-01T00:00:00+00:00, run_after=2021-01-01T00:00:00+00:00
[2023-07-02T02:06:53.096+0000] {processor.py:179} INFO - Processing /home/airflow/.local/lib/python3.7/site-packages/airflow/example_dags/example_xcom.py took 0.147 seconds
[2023-07-02T02:12:38.973+0000] {processor.py:157} INFO - Started process (PID=41) to work on /home/airflow/.local/lib/python3.7/site-packages/airflow/example_dags/example_xcom.py
[2023-07-02T02:12:38.982+0000] {processor.py:826} INFO - Processing file /home/airflow/.local/lib/python3.7/site-packages/airflow/example_dags/example_xcom.py for tasks to queue
[2023-07-02T02:12:38.984+0000] {logging_mixin.py:149} INFO - [2023-07-02T02:12:38.984+0000] {dagbag.py:541} INFO - Filling up the DagBag from /home/airflow/.local/lib/python3.7/site-packages/airflow/example_dags/example_xcom.py
[2023-07-02T02:12:39.002+0000] {processor.py:836} INFO - DAG(s) dict_keys(['example_xcom']) retrieved from /home/airflow/.local/lib/python3.7/site-packages/airflow/example_dags/example_xcom.py
[2023-07-02T02:12:39.053+0000] {logging_mixin.py:149} INFO - [2023-07-02T02:12:39.052+0000] {dag.py:2726} INFO - Sync 1 DAGs
[2023-07-02T02:12:39.096+0000] {logging_mixin.py:149} INFO - [2023-07-02T02:12:39.095+0000] {dag.py:3490} INFO - Setting next_dagrun for example_xcom to 2021-01-01T00:00:00+00:00, run_after=2021-01-01T00:00:00+00:00
[2023-07-02T02:12:39.248+0000] {processor.py:179} INFO - Processing /home/airflow/.local/lib/python3.7/site-packages/airflow/example_dags/example_xcom.py took 0.280 seconds
[2023-07-02T02:13:09.783+0000] {processor.py:157} INFO - Started process (PID=102) to work on /home/airflow/.local/lib/python3.7/site-packages/airflow/example_dags/example_xcom.py
[2023-07-02T02:13:09.784+0000] {processor.py:826} INFO - Processing file /home/airflow/.local/lib/python3.7/site-packages/airflow/example_dags/example_xcom.py for tasks to queue
[2023-07-02T02:13:09.785+0000] {logging_mixin.py:149} INFO - [2023-07-02T02:13:09.785+0000] {dagbag.py:541} INFO - Filling up the DagBag from /home/airflow/.local/lib/python3.7/site-packages/airflow/example_dags/example_xcom.py
[2023-07-02T02:13:09.909+0000] {processor.py:836} INFO - DAG(s) dict_keys(['example_xcom']) retrieved from /home/airflow/.local/lib/python3.7/site-packages/airflow/example_dags/example_xcom.py
[2023-07-02T02:13:09.942+0000] {logging_mixin.py:149} INFO - [2023-07-02T02:13:09.942+0000] {dag.py:2726} INFO - Sync 1 DAGs
[2023-07-02T02:13:09.973+0000] {logging_mixin.py:149} INFO - [2023-07-02T02:13:09.973+0000] {dag.py:3490} INFO - Setting next_dagrun for example_xcom to 2021-01-01T00:00:00+00:00, run_after=2021-01-01T00:00:00+00:00
[2023-07-02T02:13:10.002+0000] {processor.py:179} INFO - Processing /home/airflow/.local/lib/python3.7/site-packages/airflow/example_dags/example_xcom.py took 0.223 seconds
[2023-07-02T02:13:40.474+0000] {processor.py:157} INFO - Started process (PID=160) to work on /home/airflow/.local/lib/python3.7/site-packages/airflow/example_dags/example_xcom.py
[2023-07-02T02:13:40.475+0000] {processor.py:826} INFO - Processing file /home/airflow/.local/lib/python3.7/site-packages/airflow/example_dags/example_xcom.py for tasks to queue
[2023-07-02T02:13:40.476+0000] {logging_mixin.py:149} INFO - [2023-07-02T02:13:40.476+0000] {dagbag.py:541} INFO - Filling up the DagBag from /home/airflow/.local/lib/python3.7/site-packages/airflow/example_dags/example_xcom.py
[2023-07-02T02:13:40.486+0000] {processor.py:836} INFO - DAG(s) dict_keys(['example_xcom']) retrieved from /home/airflow/.local/lib/python3.7/site-packages/airflow/example_dags/example_xcom.py
[2023-07-02T02:13:40.523+0000] {logging_mixin.py:149} INFO - [2023-07-02T02:13:40.523+0000] {dag.py:2726} INFO - Sync 1 DAGs
[2023-07-02T02:13:40.562+0000] {logging_mixin.py:149} INFO - [2023-07-02T02:13:40.562+0000] {dag.py:3490} INFO - Setting next_dagrun for example_xcom to 2021-01-01T00:00:00+00:00, run_after=2021-01-01T00:00:00+00:00
[2023-07-02T02:13:40.586+0000] {processor.py:179} INFO - Processing /home/airflow/.local/lib/python3.7/site-packages/airflow/example_dags/example_xcom.py took 0.117 seconds
[2023-07-02T02:14:10.991+0000] {processor.py:157} INFO - Started process (PID=218) to work on /home/airflow/.local/lib/python3.7/site-packages/airflow/example_dags/example_xcom.py
[2023-07-02T02:14:10.993+0000] {processor.py:826} INFO - Processing file /home/airflow/.local/lib/python3.7/site-packages/airflow/example_dags/example_xcom.py for tasks to queue
[2023-07-02T02:14:10.994+0000] {logging_mixin.py:149} INFO - [2023-07-02T02:14:10.994+0000] {dagbag.py:541} INFO - Filling up the DagBag from /home/airflow/.local/lib/python3.7/site-packages/airflow/example_dags/example_xcom.py
[2023-07-02T02:14:11.004+0000] {processor.py:836} INFO - DAG(s) dict_keys(['example_xcom']) retrieved from /home/airflow/.local/lib/python3.7/site-packages/airflow/example_dags/example_xcom.py
[2023-07-02T02:14:11.038+0000] {logging_mixin.py:149} INFO - [2023-07-02T02:14:11.038+0000] {dag.py:2726} INFO - Sync 1 DAGs
[2023-07-02T02:14:11.069+0000] {logging_mixin.py:149} INFO - [2023-07-02T02:14:11.069+0000] {dag.py:3490} INFO - Setting next_dagrun for example_xcom to 2021-01-01T00:00:00+00:00, run_after=2021-01-01T00:00:00+00:00
[2023-07-02T02:14:11.091+0000] {processor.py:179} INFO - Processing /home/airflow/.local/lib/python3.7/site-packages/airflow/example_dags/example_xcom.py took 0.104 seconds
[2023-07-02T02:14:42.044+0000] {processor.py:157} INFO - Started process (PID=276) to work on /home/airflow/.local/lib/python3.7/site-packages/airflow/example_dags/example_xcom.py
[2023-07-02T02:14:42.046+0000] {processor.py:826} INFO - Processing file /home/airflow/.local/lib/python3.7/site-packages/airflow/example_dags/example_xcom.py for tasks to queue
[2023-07-02T02:14:42.047+0000] {logging_mixin.py:149} INFO - [2023-07-02T02:14:42.047+0000] {dagbag.py:541} INFO - Filling up the DagBag from /home/airflow/.local/lib/python3.7/site-packages/airflow/example_dags/example_xcom.py
[2023-07-02T02:14:42.057+0000] {processor.py:836} INFO - DAG(s) dict_keys(['example_xcom']) retrieved from /home/airflow/.local/lib/python3.7/site-packages/airflow/example_dags/example_xcom.py
[2023-07-02T02:14:42.214+0000] {logging_mixin.py:149} INFO - [2023-07-02T02:14:42.214+0000] {dag.py:2726} INFO - Sync 1 DAGs
[2023-07-02T02:14:42.244+0000] {logging_mixin.py:149} INFO - [2023-07-02T02:14:42.243+0000] {dag.py:3490} INFO - Setting next_dagrun for example_xcom to 2021-01-01T00:00:00+00:00, run_after=2021-01-01T00:00:00+00:00
[2023-07-02T02:14:42.269+0000] {processor.py:179} INFO - Processing /home/airflow/.local/lib/python3.7/site-packages/airflow/example_dags/example_xcom.py took 0.229 seconds
[2023-07-02T02:15:12.871+0000] {processor.py:157} INFO - Started process (PID=334) to work on /home/airflow/.local/lib/python3.7/site-packages/airflow/example_dags/example_xcom.py
[2023-07-02T02:15:12.872+0000] {processor.py:826} INFO - Processing file /home/airflow/.local/lib/python3.7/site-packages/airflow/example_dags/example_xcom.py for tasks to queue
[2023-07-02T02:15:12.873+0000] {logging_mixin.py:149} INFO - [2023-07-02T02:15:12.873+0000] {dagbag.py:541} INFO - Filling up the DagBag from /home/airflow/.local/lib/python3.7/site-packages/airflow/example_dags/example_xcom.py
[2023-07-02T02:15:12.883+0000] {processor.py:836} INFO - DAG(s) dict_keys(['example_xcom']) retrieved from /home/airflow/.local/lib/python3.7/site-packages/airflow/example_dags/example_xcom.py
[2023-07-02T02:15:12.914+0000] {logging_mixin.py:149} INFO - [2023-07-02T02:15:12.914+0000] {dag.py:2726} INFO - Sync 1 DAGs
[2023-07-02T02:15:12.947+0000] {logging_mixin.py:149} INFO - [2023-07-02T02:15:12.946+0000] {dag.py:3490} INFO - Setting next_dagrun for example_xcom to 2021-01-01T00:00:00+00:00, run_after=2021-01-01T00:00:00+00:00
[2023-07-02T02:15:12.976+0000] {processor.py:179} INFO - Processing /home/airflow/.local/lib/python3.7/site-packages/airflow/example_dags/example_xcom.py took 0.109 seconds
[2023-07-02T02:15:43.376+0000] {processor.py:157} INFO - Started process (PID=391) to work on /home/airflow/.local/lib/python3.7/site-packages/airflow/example_dags/example_xcom.py
[2023-07-02T02:15:43.377+0000] {processor.py:826} INFO - Processing file /home/airflow/.local/lib/python3.7/site-packages/airflow/example_dags/example_xcom.py for tasks to queue
[2023-07-02T02:15:43.379+0000] {logging_mixin.py:149} INFO - [2023-07-02T02:15:43.378+0000] {dagbag.py:541} INFO - Filling up the DagBag from /home/airflow/.local/lib/python3.7/site-packages/airflow/example_dags/example_xcom.py
[2023-07-02T02:15:43.391+0000] {processor.py:836} INFO - DAG(s) dict_keys(['example_xcom']) retrieved from /home/airflow/.local/lib/python3.7/site-packages/airflow/example_dags/example_xcom.py
[2023-07-02T02:15:43.541+0000] {logging_mixin.py:149} INFO - [2023-07-02T02:15:43.540+0000] {dag.py:2726} INFO - Sync 1 DAGs
[2023-07-02T02:15:43.573+0000] {logging_mixin.py:149} INFO - [2023-07-02T02:15:43.572+0000] {dag.py:3490} INFO - Setting next_dagrun for example_xcom to 2021-01-01T00:00:00+00:00, run_after=2021-01-01T00:00:00+00:00
[2023-07-02T02:15:43.601+0000] {processor.py:179} INFO - Processing /home/airflow/.local/lib/python3.7/site-packages/airflow/example_dags/example_xcom.py took 0.231 seconds
[2023-07-02T02:16:13.874+0000] {processor.py:157} INFO - Started process (PID=449) to work on /home/airflow/.local/lib/python3.7/site-packages/airflow/example_dags/example_xcom.py
[2023-07-02T02:16:13.876+0000] {processor.py:826} INFO - Processing file /home/airflow/.local/lib/python3.7/site-packages/airflow/example_dags/example_xcom.py for tasks to queue
[2023-07-02T02:16:13.877+0000] {logging_mixin.py:149} INFO - [2023-07-02T02:16:13.877+0000] {dagbag.py:541} INFO - Filling up the DagBag from /home/airflow/.local/lib/python3.7/site-packages/airflow/example_dags/example_xcom.py
[2023-07-02T02:16:13.886+0000] {processor.py:836} INFO - DAG(s) dict_keys(['example_xcom']) retrieved from /home/airflow/.local/lib/python3.7/site-packages/airflow/example_dags/example_xcom.py
[2023-07-02T02:16:13.924+0000] {logging_mixin.py:149} INFO - [2023-07-02T02:16:13.923+0000] {dag.py:2726} INFO - Sync 1 DAGs
[2023-07-02T02:16:13.958+0000] {logging_mixin.py:149} INFO - [2023-07-02T02:16:13.957+0000] {dag.py:3490} INFO - Setting next_dagrun for example_xcom to 2021-01-01T00:00:00+00:00, run_after=2021-01-01T00:00:00+00:00
[2023-07-02T02:16:13.985+0000] {processor.py:179} INFO - Processing /home/airflow/.local/lib/python3.7/site-packages/airflow/example_dags/example_xcom.py took 0.114 seconds
[2023-07-02T02:16:44.347+0000] {processor.py:157} INFO - Started process (PID=508) to work on /home/airflow/.local/lib/python3.7/site-packages/airflow/example_dags/example_xcom.py
[2023-07-02T02:16:44.349+0000] {processor.py:826} INFO - Processing file /home/airflow/.local/lib/python3.7/site-packages/airflow/example_dags/example_xcom.py for tasks to queue
[2023-07-02T02:16:44.352+0000] {logging_mixin.py:149} INFO - [2023-07-02T02:16:44.352+0000] {dagbag.py:541} INFO - Filling up the DagBag from /home/airflow/.local/lib/python3.7/site-packages/airflow/example_dags/example_xcom.py
[2023-07-02T02:16:44.370+0000] {processor.py:836} INFO - DAG(s) dict_keys(['example_xcom']) retrieved from /home/airflow/.local/lib/python3.7/site-packages/airflow/example_dags/example_xcom.py
[2023-07-02T02:16:44.439+0000] {logging_mixin.py:149} INFO - [2023-07-02T02:16:44.438+0000] {dag.py:2726} INFO - Sync 1 DAGs
[2023-07-02T02:16:44.546+0000] {logging_mixin.py:149} INFO - [2023-07-02T02:16:44.546+0000] {dag.py:3490} INFO - Setting next_dagrun for example_xcom to 2021-01-01T00:00:00+00:00, run_after=2021-01-01T00:00:00+00:00
[2023-07-02T02:16:44.587+0000] {processor.py:179} INFO - Processing /home/airflow/.local/lib/python3.7/site-packages/airflow/example_dags/example_xcom.py took 0.247 seconds
[2023-07-02T02:17:14.838+0000] {processor.py:157} INFO - Started process (PID=567) to work on /home/airflow/.local/lib/python3.7/site-packages/airflow/example_dags/example_xcom.py
[2023-07-02T02:17:14.841+0000] {processor.py:826} INFO - Processing file /home/airflow/.local/lib/python3.7/site-packages/airflow/example_dags/example_xcom.py for tasks to queue
[2023-07-02T02:17:14.844+0000] {logging_mixin.py:149} INFO - [2023-07-02T02:17:14.843+0000] {dagbag.py:541} INFO - Filling up the DagBag from /home/airflow/.local/lib/python3.7/site-packages/airflow/example_dags/example_xcom.py
[2023-07-02T02:17:14.871+0000] {processor.py:836} INFO - DAG(s) dict_keys(['example_xcom']) retrieved from /home/airflow/.local/lib/python3.7/site-packages/airflow/example_dags/example_xcom.py
[2023-07-02T02:17:14.948+0000] {logging_mixin.py:149} INFO - [2023-07-02T02:17:14.947+0000] {dag.py:2726} INFO - Sync 1 DAGs
[2023-07-02T02:17:14.994+0000] {logging_mixin.py:149} INFO - [2023-07-02T02:17:14.994+0000] {dag.py:3490} INFO - Setting next_dagrun for example_xcom to 2021-01-01T00:00:00+00:00, run_after=2021-01-01T00:00:00+00:00
[2023-07-02T02:17:15.022+0000] {processor.py:179} INFO - Processing /home/airflow/.local/lib/python3.7/site-packages/airflow/example_dags/example_xcom.py took 0.195 seconds
[2023-07-02T02:17:46.001+0000] {processor.py:157} INFO - Started process (PID=626) to work on /home/airflow/.local/lib/python3.7/site-packages/airflow/example_dags/example_xcom.py
[2023-07-02T02:17:46.003+0000] {processor.py:826} INFO - Processing file /home/airflow/.local/lib/python3.7/site-packages/airflow/example_dags/example_xcom.py for tasks to queue
[2023-07-02T02:17:46.004+0000] {logging_mixin.py:149} INFO - [2023-07-02T02:17:46.004+0000] {dagbag.py:541} INFO - Filling up the DagBag from /home/airflow/.local/lib/python3.7/site-packages/airflow/example_dags/example_xcom.py
[2023-07-02T02:17:46.013+0000] {processor.py:836} INFO - DAG(s) dict_keys(['example_xcom']) retrieved from /home/airflow/.local/lib/python3.7/site-packages/airflow/example_dags/example_xcom.py
[2023-07-02T02:17:46.054+0000] {logging_mixin.py:149} INFO - [2023-07-02T02:17:46.054+0000] {dag.py:2726} INFO - Sync 1 DAGs
[2023-07-02T02:17:46.088+0000] {logging_mixin.py:149} INFO - [2023-07-02T02:17:46.088+0000] {dag.py:3490} INFO - Setting next_dagrun for example_xcom to 2021-01-01T00:00:00+00:00, run_after=2021-01-01T00:00:00+00:00
[2023-07-02T02:17:46.116+0000] {processor.py:179} INFO - Processing /home/airflow/.local/lib/python3.7/site-packages/airflow/example_dags/example_xcom.py took 0.119 seconds
[2023-07-02T02:18:16.434+0000] {processor.py:157} INFO - Started process (PID=684) to work on /home/airflow/.local/lib/python3.7/site-packages/airflow/example_dags/example_xcom.py
[2023-07-02T02:18:16.436+0000] {processor.py:826} INFO - Processing file /home/airflow/.local/lib/python3.7/site-packages/airflow/example_dags/example_xcom.py for tasks to queue
[2023-07-02T02:18:16.437+0000] {logging_mixin.py:149} INFO - [2023-07-02T02:18:16.437+0000] {dagbag.py:541} INFO - Filling up the DagBag from /home/airflow/.local/lib/python3.7/site-packages/airflow/example_dags/example_xcom.py
[2023-07-02T02:18:16.448+0000] {processor.py:836} INFO - DAG(s) dict_keys(['example_xcom']) retrieved from /home/airflow/.local/lib/python3.7/site-packages/airflow/example_dags/example_xcom.py
[2023-07-02T02:18:16.483+0000] {logging_mixin.py:149} INFO - [2023-07-02T02:18:16.483+0000] {dag.py:2726} INFO - Sync 1 DAGs
[2023-07-02T02:18:16.515+0000] {logging_mixin.py:149} INFO - [2023-07-02T02:18:16.515+0000] {dag.py:3490} INFO - Setting next_dagrun for example_xcom to 2021-01-01T00:00:00+00:00, run_after=2021-01-01T00:00:00+00:00
[2023-07-02T02:18:16.539+0000] {processor.py:179} INFO - Processing /home/airflow/.local/lib/python3.7/site-packages/airflow/example_dags/example_xcom.py took 0.111 seconds
[2023-07-02T02:18:46.937+0000] {processor.py:157} INFO - Started process (PID=742) to work on /home/airflow/.local/lib/python3.7/site-packages/airflow/example_dags/example_xcom.py
[2023-07-02T02:18:46.938+0000] {processor.py:826} INFO - Processing file /home/airflow/.local/lib/python3.7/site-packages/airflow/example_dags/example_xcom.py for tasks to queue
[2023-07-02T02:18:46.939+0000] {logging_mixin.py:149} INFO - [2023-07-02T02:18:46.939+0000] {dagbag.py:541} INFO - Filling up the DagBag from /home/airflow/.local/lib/python3.7/site-packages/airflow/example_dags/example_xcom.py
[2023-07-02T02:18:46.949+0000] {processor.py:836} INFO - DAG(s) dict_keys(['example_xcom']) retrieved from /home/airflow/.local/lib/python3.7/site-packages/airflow/example_dags/example_xcom.py
[2023-07-02T02:18:46.982+0000] {logging_mixin.py:149} INFO - [2023-07-02T02:18:46.982+0000] {dag.py:2726} INFO - Sync 1 DAGs
[2023-07-02T02:18:47.015+0000] {logging_mixin.py:149} INFO - [2023-07-02T02:18:47.015+0000] {dag.py:3490} INFO - Setting next_dagrun for example_xcom to 2021-01-01T00:00:00+00:00, run_after=2021-01-01T00:00:00+00:00
[2023-07-02T02:18:47.035+0000] {processor.py:179} INFO - Processing /home/airflow/.local/lib/python3.7/site-packages/airflow/example_dags/example_xcom.py took 0.104 seconds
[2023-07-02T02:19:17.155+0000] {processor.py:157} INFO - Started process (PID=799) to work on /home/airflow/.local/lib/python3.7/site-packages/airflow/example_dags/example_xcom.py
[2023-07-02T02:19:17.157+0000] {processor.py:826} INFO - Processing file /home/airflow/.local/lib/python3.7/site-packages/airflow/example_dags/example_xcom.py for tasks to queue
[2023-07-02T02:19:17.158+0000] {logging_mixin.py:149} INFO - [2023-07-02T02:19:17.158+0000] {dagbag.py:541} INFO - Filling up the DagBag from /home/airflow/.local/lib/python3.7/site-packages/airflow/example_dags/example_xcom.py
[2023-07-02T02:19:17.167+0000] {processor.py:836} INFO - DAG(s) dict_keys(['example_xcom']) retrieved from /home/airflow/.local/lib/python3.7/site-packages/airflow/example_dags/example_xcom.py
[2023-07-02T02:19:17.199+0000] {logging_mixin.py:149} INFO - [2023-07-02T02:19:17.199+0000] {dag.py:2726} INFO - Sync 1 DAGs
[2023-07-02T02:19:17.232+0000] {logging_mixin.py:149} INFO - [2023-07-02T02:19:17.231+0000] {dag.py:3490} INFO - Setting next_dagrun for example_xcom to 2021-01-01T00:00:00+00:00, run_after=2021-01-01T00:00:00+00:00
[2023-07-02T02:19:17.256+0000] {processor.py:179} INFO - Processing /home/airflow/.local/lib/python3.7/site-packages/airflow/example_dags/example_xcom.py took 0.106 seconds
[2023-07-02T02:19:47.383+0000] {processor.py:157} INFO - Started process (PID=857) to work on /home/airflow/.local/lib/python3.7/site-packages/airflow/example_dags/example_xcom.py
[2023-07-02T02:19:47.384+0000] {processor.py:826} INFO - Processing file /home/airflow/.local/lib/python3.7/site-packages/airflow/example_dags/example_xcom.py for tasks to queue
[2023-07-02T02:19:47.386+0000] {logging_mixin.py:149} INFO - [2023-07-02T02:19:47.385+0000] {dagbag.py:541} INFO - Filling up the DagBag from /home/airflow/.local/lib/python3.7/site-packages/airflow/example_dags/example_xcom.py
[2023-07-02T02:19:47.395+0000] {processor.py:836} INFO - DAG(s) dict_keys(['example_xcom']) retrieved from /home/airflow/.local/lib/python3.7/site-packages/airflow/example_dags/example_xcom.py
[2023-07-02T02:19:47.430+0000] {logging_mixin.py:149} INFO - [2023-07-02T02:19:47.430+0000] {dag.py:2726} INFO - Sync 1 DAGs
[2023-07-02T02:19:47.462+0000] {logging_mixin.py:149} INFO - [2023-07-02T02:19:47.462+0000] {dag.py:3490} INFO - Setting next_dagrun for example_xcom to 2021-01-01T00:00:00+00:00, run_after=2021-01-01T00:00:00+00:00
[2023-07-02T02:19:47.488+0000] {processor.py:179} INFO - Processing /home/airflow/.local/lib/python3.7/site-packages/airflow/example_dags/example_xcom.py took 0.110 seconds
[2023-07-02T02:20:17.755+0000] {processor.py:157} INFO - Started process (PID=916) to work on /home/airflow/.local/lib/python3.7/site-packages/airflow/example_dags/example_xcom.py
[2023-07-02T02:20:17.757+0000] {processor.py:826} INFO - Processing file /home/airflow/.local/lib/python3.7/site-packages/airflow/example_dags/example_xcom.py for tasks to queue
[2023-07-02T02:20:17.758+0000] {logging_mixin.py:149} INFO - [2023-07-02T02:20:17.758+0000] {dagbag.py:541} INFO - Filling up the DagBag from /home/airflow/.local/lib/python3.7/site-packages/airflow/example_dags/example_xcom.py
[2023-07-02T02:20:17.768+0000] {processor.py:836} INFO - DAG(s) dict_keys(['example_xcom']) retrieved from /home/airflow/.local/lib/python3.7/site-packages/airflow/example_dags/example_xcom.py
[2023-07-02T02:20:17.800+0000] {logging_mixin.py:149} INFO - [2023-07-02T02:20:17.800+0000] {dag.py:2726} INFO - Sync 1 DAGs
[2023-07-02T02:20:17.836+0000] {logging_mixin.py:149} INFO - [2023-07-02T02:20:17.836+0000] {dag.py:3490} INFO - Setting next_dagrun for example_xcom to 2021-01-01T00:00:00+00:00, run_after=2021-01-01T00:00:00+00:00
[2023-07-02T02:20:17.860+0000] {processor.py:179} INFO - Processing /home/airflow/.local/lib/python3.7/site-packages/airflow/example_dags/example_xcom.py took 0.109 seconds
[2023-07-02T02:20:48.167+0000] {processor.py:157} INFO - Started process (PID=974) to work on /home/airflow/.local/lib/python3.7/site-packages/airflow/example_dags/example_xcom.py
[2023-07-02T02:20:48.169+0000] {processor.py:826} INFO - Processing file /home/airflow/.local/lib/python3.7/site-packages/airflow/example_dags/example_xcom.py for tasks to queue
[2023-07-02T02:20:48.170+0000] {logging_mixin.py:149} INFO - [2023-07-02T02:20:48.170+0000] {dagbag.py:541} INFO - Filling up the DagBag from /home/airflow/.local/lib/python3.7/site-packages/airflow/example_dags/example_xcom.py
[2023-07-02T02:20:48.181+0000] {processor.py:836} INFO - DAG(s) dict_keys(['example_xcom']) retrieved from /home/airflow/.local/lib/python3.7/site-packages/airflow/example_dags/example_xcom.py
[2023-07-02T02:20:48.216+0000] {logging_mixin.py:149} INFO - [2023-07-02T02:20:48.216+0000] {dag.py:2726} INFO - Sync 1 DAGs
[2023-07-02T02:20:48.251+0000] {logging_mixin.py:149} INFO - [2023-07-02T02:20:48.250+0000] {dag.py:3490} INFO - Setting next_dagrun for example_xcom to 2021-01-01T00:00:00+00:00, run_after=2021-01-01T00:00:00+00:00
[2023-07-02T02:20:48.278+0000] {processor.py:179} INFO - Processing /home/airflow/.local/lib/python3.7/site-packages/airflow/example_dags/example_xcom.py took 0.115 seconds
[2023-07-02T02:21:18.477+0000] {processor.py:157} INFO - Started process (PID=1032) to work on /home/airflow/.local/lib/python3.7/site-packages/airflow/example_dags/example_xcom.py
[2023-07-02T02:21:18.478+0000] {processor.py:826} INFO - Processing file /home/airflow/.local/lib/python3.7/site-packages/airflow/example_dags/example_xcom.py for tasks to queue
[2023-07-02T02:21:18.480+0000] {logging_mixin.py:149} INFO - [2023-07-02T02:21:18.480+0000] {dagbag.py:541} INFO - Filling up the DagBag from /home/airflow/.local/lib/python3.7/site-packages/airflow/example_dags/example_xcom.py
[2023-07-02T02:21:18.500+0000] {processor.py:836} INFO - DAG(s) dict_keys(['example_xcom']) retrieved from /home/airflow/.local/lib/python3.7/site-packages/airflow/example_dags/example_xcom.py
[2023-07-02T02:21:18.548+0000] {logging_mixin.py:149} INFO - [2023-07-02T02:21:18.547+0000] {dag.py:2726} INFO - Sync 1 DAGs
[2023-07-02T02:21:18.581+0000] {logging_mixin.py:149} INFO - [2023-07-02T02:21:18.581+0000] {dag.py:3490} INFO - Setting next_dagrun for example_xcom to 2021-01-01T00:00:00+00:00, run_after=2021-01-01T00:00:00+00:00
[2023-07-02T02:21:18.607+0000] {processor.py:179} INFO - Processing /home/airflow/.local/lib/python3.7/site-packages/airflow/example_dags/example_xcom.py took 0.135 seconds
