[2023-07-02T01:19:16.685+0000] {processor.py:157} INFO - Started process (PID=59) to work on /home/airflow/.local/lib/python3.7/site-packages/airflow/example_dags/example_sensors.py
[2023-07-02T01:19:16.698+0000] {processor.py:826} INFO - Processing file /home/airflow/.local/lib/python3.7/site-packages/airflow/example_dags/example_sensors.py for tasks to queue
[2023-07-02T01:19:16.701+0000] {logging_mixin.py:149} INFO - [2023-07-02T01:19:16.701+0000] {dagbag.py:541} INFO - Filling up the DagBag from /home/airflow/.local/lib/python3.7/site-packages/airflow/example_dags/example_sensors.py
[2023-07-02T01:19:16.756+0000] {processor.py:836} INFO - DAG(s) dict_keys(['example_sensors']) retrieved from /home/airflow/.local/lib/python3.7/site-packages/airflow/example_dags/example_sensors.py
[2023-07-02T01:19:17.146+0000] {logging_mixin.py:149} INFO - [2023-07-02T01:19:17.145+0000] {manager.py:504} INFO - Created Permission View: can delete on DAG:example_sensors
[2023-07-02T01:19:17.166+0000] {logging_mixin.py:149} INFO - [2023-07-02T01:19:17.166+0000] {manager.py:504} INFO - Created Permission View: can edit on DAG:example_sensors
[2023-07-02T01:19:17.197+0000] {logging_mixin.py:149} INFO - [2023-07-02T01:19:17.197+0000] {manager.py:504} INFO - Created Permission View: can read on DAG:example_sensors
[2023-07-02T01:19:17.229+0000] {logging_mixin.py:149} INFO - [2023-07-02T01:19:17.228+0000] {dag.py:2726} INFO - Sync 1 DAGs
[2023-07-02T01:19:17.254+0000] {logging_mixin.py:149} INFO - [2023-07-02T01:19:17.254+0000] {dag.py:2747} INFO - Creating ORM DAG for example_sensors
[2023-07-02T01:19:17.282+0000] {logging_mixin.py:149} INFO - [2023-07-02T01:19:17.281+0000] {dag.py:3490} INFO - Setting next_dagrun for example_sensors to None, run_after=None
[2023-07-02T01:19:17.315+0000] {processor.py:179} INFO - Processing /home/airflow/.local/lib/python3.7/site-packages/airflow/example_dags/example_sensors.py took 0.636 seconds
[2023-07-02T01:19:54.339+0000] {processor.py:157} INFO - Started process (PID=123) to work on /home/airflow/.local/lib/python3.7/site-packages/airflow/example_dags/example_sensors.py
[2023-07-02T01:19:54.341+0000] {processor.py:826} INFO - Processing file /home/airflow/.local/lib/python3.7/site-packages/airflow/example_dags/example_sensors.py for tasks to queue
[2023-07-02T01:19:54.343+0000] {logging_mixin.py:149} INFO - [2023-07-02T01:19:54.342+0000] {dagbag.py:541} INFO - Filling up the DagBag from /home/airflow/.local/lib/python3.7/site-packages/airflow/example_dags/example_sensors.py
[2023-07-02T01:19:54.371+0000] {processor.py:836} INFO - DAG(s) dict_keys(['example_sensors']) retrieved from /home/airflow/.local/lib/python3.7/site-packages/airflow/example_dags/example_sensors.py
[2023-07-02T01:19:54.433+0000] {logging_mixin.py:149} INFO - [2023-07-02T01:19:54.432+0000] {dag.py:2726} INFO - Sync 1 DAGs
[2023-07-02T01:19:54.483+0000] {logging_mixin.py:149} INFO - [2023-07-02T01:19:54.483+0000] {dag.py:3490} INFO - Setting next_dagrun for example_sensors to None, run_after=None
[2023-07-02T01:19:54.524+0000] {processor.py:179} INFO - Processing /home/airflow/.local/lib/python3.7/site-packages/airflow/example_dags/example_sensors.py took 0.192 seconds
[2023-07-02T01:20:25.000+0000] {processor.py:157} INFO - Started process (PID=181) to work on /home/airflow/.local/lib/python3.7/site-packages/airflow/example_dags/example_sensors.py
[2023-07-02T01:20:25.002+0000] {processor.py:826} INFO - Processing file /home/airflow/.local/lib/python3.7/site-packages/airflow/example_dags/example_sensors.py for tasks to queue
[2023-07-02T01:20:25.004+0000] {logging_mixin.py:149} INFO - [2023-07-02T01:20:25.004+0000] {dagbag.py:541} INFO - Filling up the DagBag from /home/airflow/.local/lib/python3.7/site-packages/airflow/example_dags/example_sensors.py
[2023-07-02T01:20:25.028+0000] {processor.py:836} INFO - DAG(s) dict_keys(['example_sensors']) retrieved from /home/airflow/.local/lib/python3.7/site-packages/airflow/example_dags/example_sensors.py
[2023-07-02T01:20:25.098+0000] {logging_mixin.py:149} INFO - [2023-07-02T01:20:25.098+0000] {dag.py:2726} INFO - Sync 1 DAGs
[2023-07-02T01:20:25.152+0000] {logging_mixin.py:149} INFO - [2023-07-02T01:20:25.151+0000] {dag.py:3490} INFO - Setting next_dagrun for example_sensors to None, run_after=None
[2023-07-02T01:20:25.193+0000] {processor.py:179} INFO - Processing /home/airflow/.local/lib/python3.7/site-packages/airflow/example_dags/example_sensors.py took 0.198 seconds
[2023-07-02T01:20:55.643+0000] {processor.py:157} INFO - Started process (PID=240) to work on /home/airflow/.local/lib/python3.7/site-packages/airflow/example_dags/example_sensors.py
[2023-07-02T01:20:55.645+0000] {processor.py:826} INFO - Processing file /home/airflow/.local/lib/python3.7/site-packages/airflow/example_dags/example_sensors.py for tasks to queue
[2023-07-02T01:20:55.647+0000] {logging_mixin.py:149} INFO - [2023-07-02T01:20:55.646+0000] {dagbag.py:541} INFO - Filling up the DagBag from /home/airflow/.local/lib/python3.7/site-packages/airflow/example_dags/example_sensors.py
[2023-07-02T01:20:55.670+0000] {processor.py:836} INFO - DAG(s) dict_keys(['example_sensors']) retrieved from /home/airflow/.local/lib/python3.7/site-packages/airflow/example_dags/example_sensors.py
[2023-07-02T01:20:55.733+0000] {logging_mixin.py:149} INFO - [2023-07-02T01:20:55.733+0000] {dag.py:2726} INFO - Sync 1 DAGs
[2023-07-02T01:20:55.798+0000] {logging_mixin.py:149} INFO - [2023-07-02T01:20:55.798+0000] {dag.py:3490} INFO - Setting next_dagrun for example_sensors to None, run_after=None
[2023-07-02T01:20:55.836+0000] {processor.py:179} INFO - Processing /home/airflow/.local/lib/python3.7/site-packages/airflow/example_dags/example_sensors.py took 0.201 seconds
[2023-07-02T01:21:26.439+0000] {processor.py:157} INFO - Started process (PID=299) to work on /home/airflow/.local/lib/python3.7/site-packages/airflow/example_dags/example_sensors.py
[2023-07-02T01:21:26.449+0000] {processor.py:826} INFO - Processing file /home/airflow/.local/lib/python3.7/site-packages/airflow/example_dags/example_sensors.py for tasks to queue
[2023-07-02T01:21:26.455+0000] {logging_mixin.py:149} INFO - [2023-07-02T01:21:26.454+0000] {dagbag.py:541} INFO - Filling up the DagBag from /home/airflow/.local/lib/python3.7/site-packages/airflow/example_dags/example_sensors.py
[2023-07-02T01:21:26.494+0000] {processor.py:836} INFO - DAG(s) dict_keys(['example_sensors']) retrieved from /home/airflow/.local/lib/python3.7/site-packages/airflow/example_dags/example_sensors.py
[2023-07-02T01:21:26.556+0000] {logging_mixin.py:149} INFO - [2023-07-02T01:21:26.556+0000] {dag.py:2726} INFO - Sync 1 DAGs
[2023-07-02T01:21:26.608+0000] {logging_mixin.py:149} INFO - [2023-07-02T01:21:26.608+0000] {dag.py:3490} INFO - Setting next_dagrun for example_sensors to None, run_after=None
[2023-07-02T01:21:26.644+0000] {processor.py:179} INFO - Processing /home/airflow/.local/lib/python3.7/site-packages/airflow/example_dags/example_sensors.py took 0.226 seconds
[2023-07-02T01:21:57.593+0000] {processor.py:157} INFO - Started process (PID=356) to work on /home/airflow/.local/lib/python3.7/site-packages/airflow/example_dags/example_sensors.py
[2023-07-02T01:21:57.595+0000] {processor.py:826} INFO - Processing file /home/airflow/.local/lib/python3.7/site-packages/airflow/example_dags/example_sensors.py for tasks to queue
[2023-07-02T01:21:57.597+0000] {logging_mixin.py:149} INFO - [2023-07-02T01:21:57.596+0000] {dagbag.py:541} INFO - Filling up the DagBag from /home/airflow/.local/lib/python3.7/site-packages/airflow/example_dags/example_sensors.py
[2023-07-02T01:21:57.622+0000] {processor.py:836} INFO - DAG(s) dict_keys(['example_sensors']) retrieved from /home/airflow/.local/lib/python3.7/site-packages/airflow/example_dags/example_sensors.py
[2023-07-02T01:21:57.687+0000] {logging_mixin.py:149} INFO - [2023-07-02T01:21:57.687+0000] {dag.py:2726} INFO - Sync 1 DAGs
[2023-07-02T01:21:57.738+0000] {logging_mixin.py:149} INFO - [2023-07-02T01:21:57.737+0000] {dag.py:3490} INFO - Setting next_dagrun for example_sensors to None, run_after=None
[2023-07-02T01:21:57.795+0000] {processor.py:179} INFO - Processing /home/airflow/.local/lib/python3.7/site-packages/airflow/example_dags/example_sensors.py took 0.209 seconds
[2023-07-02T01:22:28.116+0000] {processor.py:157} INFO - Started process (PID=414) to work on /home/airflow/.local/lib/python3.7/site-packages/airflow/example_dags/example_sensors.py
[2023-07-02T01:22:28.118+0000] {processor.py:826} INFO - Processing file /home/airflow/.local/lib/python3.7/site-packages/airflow/example_dags/example_sensors.py for tasks to queue
[2023-07-02T01:22:28.129+0000] {logging_mixin.py:149} INFO - [2023-07-02T01:22:28.120+0000] {dagbag.py:541} INFO - Filling up the DagBag from /home/airflow/.local/lib/python3.7/site-packages/airflow/example_dags/example_sensors.py
[2023-07-02T01:22:28.160+0000] {processor.py:836} INFO - DAG(s) dict_keys(['example_sensors']) retrieved from /home/airflow/.local/lib/python3.7/site-packages/airflow/example_dags/example_sensors.py
[2023-07-02T01:22:28.228+0000] {logging_mixin.py:149} INFO - [2023-07-02T01:22:28.228+0000] {dag.py:2726} INFO - Sync 1 DAGs
[2023-07-02T01:22:28.283+0000] {logging_mixin.py:149} INFO - [2023-07-02T01:22:28.283+0000] {dag.py:3490} INFO - Setting next_dagrun for example_sensors to None, run_after=None
[2023-07-02T01:22:28.351+0000] {processor.py:179} INFO - Processing /home/airflow/.local/lib/python3.7/site-packages/airflow/example_dags/example_sensors.py took 0.243 seconds
[2023-07-02T01:22:59.092+0000] {processor.py:157} INFO - Started process (PID=475) to work on /home/airflow/.local/lib/python3.7/site-packages/airflow/example_dags/example_sensors.py
[2023-07-02T01:22:59.097+0000] {processor.py:826} INFO - Processing file /home/airflow/.local/lib/python3.7/site-packages/airflow/example_dags/example_sensors.py for tasks to queue
[2023-07-02T01:22:59.099+0000] {logging_mixin.py:149} INFO - [2023-07-02T01:22:59.098+0000] {dagbag.py:541} INFO - Filling up the DagBag from /home/airflow/.local/lib/python3.7/site-packages/airflow/example_dags/example_sensors.py
[2023-07-02T01:22:59.131+0000] {processor.py:836} INFO - DAG(s) dict_keys(['example_sensors']) retrieved from /home/airflow/.local/lib/python3.7/site-packages/airflow/example_dags/example_sensors.py
[2023-07-02T01:22:59.278+0000] {logging_mixin.py:149} INFO - [2023-07-02T01:22:59.278+0000] {dag.py:2726} INFO - Sync 1 DAGs
[2023-07-02T01:22:59.351+0000] {logging_mixin.py:149} INFO - [2023-07-02T01:22:59.351+0000] {dag.py:3490} INFO - Setting next_dagrun for example_sensors to None, run_after=None
[2023-07-02T01:22:59.404+0000] {processor.py:179} INFO - Processing /home/airflow/.local/lib/python3.7/site-packages/airflow/example_dags/example_sensors.py took 0.319 seconds
[2023-07-02T01:23:29.489+0000] {processor.py:157} INFO - Started process (PID=534) to work on /home/airflow/.local/lib/python3.7/site-packages/airflow/example_dags/example_sensors.py
[2023-07-02T01:23:29.490+0000] {processor.py:826} INFO - Processing file /home/airflow/.local/lib/python3.7/site-packages/airflow/example_dags/example_sensors.py for tasks to queue
[2023-07-02T01:23:29.493+0000] {logging_mixin.py:149} INFO - [2023-07-02T01:23:29.493+0000] {dagbag.py:541} INFO - Filling up the DagBag from /home/airflow/.local/lib/python3.7/site-packages/airflow/example_dags/example_sensors.py
[2023-07-02T01:23:29.538+0000] {processor.py:836} INFO - DAG(s) dict_keys(['example_sensors']) retrieved from /home/airflow/.local/lib/python3.7/site-packages/airflow/example_dags/example_sensors.py
[2023-07-02T01:23:29.600+0000] {logging_mixin.py:149} INFO - [2023-07-02T01:23:29.599+0000] {dag.py:2726} INFO - Sync 1 DAGs
[2023-07-02T01:23:29.632+0000] {logging_mixin.py:149} INFO - [2023-07-02T01:23:29.631+0000] {dag.py:3490} INFO - Setting next_dagrun for example_sensors to None, run_after=None
[2023-07-02T01:23:29.672+0000] {processor.py:179} INFO - Processing /home/airflow/.local/lib/python3.7/site-packages/airflow/example_dags/example_sensors.py took 0.242 seconds
[2023-07-02T02:04:20.682+0000] {processor.py:157} INFO - Started process (PID=57) to work on /home/airflow/.local/lib/python3.7/site-packages/airflow/example_dags/example_sensors.py
[2023-07-02T02:04:20.685+0000] {processor.py:826} INFO - Processing file /home/airflow/.local/lib/python3.7/site-packages/airflow/example_dags/example_sensors.py for tasks to queue
[2023-07-02T02:04:20.687+0000] {logging_mixin.py:149} INFO - [2023-07-02T02:04:20.686+0000] {dagbag.py:541} INFO - Filling up the DagBag from /home/airflow/.local/lib/python3.7/site-packages/airflow/example_dags/example_sensors.py
[2023-07-02T02:04:20.704+0000] {processor.py:836} INFO - DAG(s) dict_keys(['example_sensors']) retrieved from /home/airflow/.local/lib/python3.7/site-packages/airflow/example_dags/example_sensors.py
[2023-07-02T02:04:20.761+0000] {logging_mixin.py:149} INFO - [2023-07-02T02:04:20.761+0000] {dag.py:2726} INFO - Sync 1 DAGs
[2023-07-02T02:04:20.802+0000] {logging_mixin.py:149} INFO - [2023-07-02T02:04:20.802+0000] {dag.py:3490} INFO - Setting next_dagrun for example_sensors to None, run_after=None
[2023-07-02T02:04:20.833+0000] {processor.py:179} INFO - Processing /home/airflow/.local/lib/python3.7/site-packages/airflow/example_dags/example_sensors.py took 0.157 seconds
[2023-07-02T02:04:51.402+0000] {processor.py:157} INFO - Started process (PID=115) to work on /home/airflow/.local/lib/python3.7/site-packages/airflow/example_dags/example_sensors.py
[2023-07-02T02:04:51.404+0000] {processor.py:826} INFO - Processing file /home/airflow/.local/lib/python3.7/site-packages/airflow/example_dags/example_sensors.py for tasks to queue
[2023-07-02T02:04:51.405+0000] {logging_mixin.py:149} INFO - [2023-07-02T02:04:51.405+0000] {dagbag.py:541} INFO - Filling up the DagBag from /home/airflow/.local/lib/python3.7/site-packages/airflow/example_dags/example_sensors.py
[2023-07-02T02:04:51.419+0000] {processor.py:836} INFO - DAG(s) dict_keys(['example_sensors']) retrieved from /home/airflow/.local/lib/python3.7/site-packages/airflow/example_dags/example_sensors.py
[2023-07-02T02:04:51.460+0000] {logging_mixin.py:149} INFO - [2023-07-02T02:04:51.460+0000] {dag.py:2726} INFO - Sync 1 DAGs
[2023-07-02T02:04:51.505+0000] {logging_mixin.py:149} INFO - [2023-07-02T02:04:51.505+0000] {dag.py:3490} INFO - Setting next_dagrun for example_sensors to None, run_after=None
[2023-07-02T02:04:51.577+0000] {processor.py:179} INFO - Processing /home/airflow/.local/lib/python3.7/site-packages/airflow/example_dags/example_sensors.py took 0.178 seconds
[2023-07-02T02:05:22.556+0000] {processor.py:157} INFO - Started process (PID=172) to work on /home/airflow/.local/lib/python3.7/site-packages/airflow/example_dags/example_sensors.py
[2023-07-02T02:05:22.558+0000] {processor.py:826} INFO - Processing file /home/airflow/.local/lib/python3.7/site-packages/airflow/example_dags/example_sensors.py for tasks to queue
[2023-07-02T02:05:22.560+0000] {logging_mixin.py:149} INFO - [2023-07-02T02:05:22.560+0000] {dagbag.py:541} INFO - Filling up the DagBag from /home/airflow/.local/lib/python3.7/site-packages/airflow/example_dags/example_sensors.py
[2023-07-02T02:05:22.576+0000] {processor.py:836} INFO - DAG(s) dict_keys(['example_sensors']) retrieved from /home/airflow/.local/lib/python3.7/site-packages/airflow/example_dags/example_sensors.py
[2023-07-02T02:05:22.623+0000] {logging_mixin.py:149} INFO - [2023-07-02T02:05:22.623+0000] {dag.py:2726} INFO - Sync 1 DAGs
[2023-07-02T02:05:22.664+0000] {logging_mixin.py:149} INFO - [2023-07-02T02:05:22.664+0000] {dag.py:3490} INFO - Setting next_dagrun for example_sensors to None, run_after=None
[2023-07-02T02:05:22.693+0000] {processor.py:179} INFO - Processing /home/airflow/.local/lib/python3.7/site-packages/airflow/example_dags/example_sensors.py took 0.142 seconds
[2023-07-02T02:05:53.101+0000] {processor.py:157} INFO - Started process (PID=231) to work on /home/airflow/.local/lib/python3.7/site-packages/airflow/example_dags/example_sensors.py
[2023-07-02T02:05:53.103+0000] {processor.py:826} INFO - Processing file /home/airflow/.local/lib/python3.7/site-packages/airflow/example_dags/example_sensors.py for tasks to queue
[2023-07-02T02:05:53.105+0000] {logging_mixin.py:149} INFO - [2023-07-02T02:05:53.105+0000] {dagbag.py:541} INFO - Filling up the DagBag from /home/airflow/.local/lib/python3.7/site-packages/airflow/example_dags/example_sensors.py
[2023-07-02T02:05:53.125+0000] {processor.py:836} INFO - DAG(s) dict_keys(['example_sensors']) retrieved from /home/airflow/.local/lib/python3.7/site-packages/airflow/example_dags/example_sensors.py
[2023-07-02T02:05:53.177+0000] {logging_mixin.py:149} INFO - [2023-07-02T02:05:53.177+0000] {dag.py:2726} INFO - Sync 1 DAGs
[2023-07-02T02:05:53.217+0000] {logging_mixin.py:149} INFO - [2023-07-02T02:05:53.217+0000] {dag.py:3490} INFO - Setting next_dagrun for example_sensors to None, run_after=None
[2023-07-02T02:05:53.250+0000] {processor.py:179} INFO - Processing /home/airflow/.local/lib/python3.7/site-packages/airflow/example_dags/example_sensors.py took 0.154 seconds
[2023-07-02T02:06:24.132+0000] {processor.py:157} INFO - Started process (PID=289) to work on /home/airflow/.local/lib/python3.7/site-packages/airflow/example_dags/example_sensors.py
[2023-07-02T02:06:24.133+0000] {processor.py:826} INFO - Processing file /home/airflow/.local/lib/python3.7/site-packages/airflow/example_dags/example_sensors.py for tasks to queue
[2023-07-02T02:06:24.135+0000] {logging_mixin.py:149} INFO - [2023-07-02T02:06:24.134+0000] {dagbag.py:541} INFO - Filling up the DagBag from /home/airflow/.local/lib/python3.7/site-packages/airflow/example_dags/example_sensors.py
[2023-07-02T02:06:24.149+0000] {processor.py:836} INFO - DAG(s) dict_keys(['example_sensors']) retrieved from /home/airflow/.local/lib/python3.7/site-packages/airflow/example_dags/example_sensors.py
[2023-07-02T02:06:24.192+0000] {logging_mixin.py:149} INFO - [2023-07-02T02:06:24.192+0000] {dag.py:2726} INFO - Sync 1 DAGs
[2023-07-02T02:06:24.230+0000] {logging_mixin.py:149} INFO - [2023-07-02T02:06:24.230+0000] {dag.py:3490} INFO - Setting next_dagrun for example_sensors to None, run_after=None
[2023-07-02T02:06:24.257+0000] {processor.py:179} INFO - Processing /home/airflow/.local/lib/python3.7/site-packages/airflow/example_dags/example_sensors.py took 0.129 seconds
[2023-07-02T02:06:54.464+0000] {processor.py:157} INFO - Started process (PID=347) to work on /home/airflow/.local/lib/python3.7/site-packages/airflow/example_dags/example_sensors.py
[2023-07-02T02:06:54.466+0000] {processor.py:826} INFO - Processing file /home/airflow/.local/lib/python3.7/site-packages/airflow/example_dags/example_sensors.py for tasks to queue
[2023-07-02T02:06:54.467+0000] {logging_mixin.py:149} INFO - [2023-07-02T02:06:54.467+0000] {dagbag.py:541} INFO - Filling up the DagBag from /home/airflow/.local/lib/python3.7/site-packages/airflow/example_dags/example_sensors.py
[2023-07-02T02:06:54.482+0000] {processor.py:836} INFO - DAG(s) dict_keys(['example_sensors']) retrieved from /home/airflow/.local/lib/python3.7/site-packages/airflow/example_dags/example_sensors.py
[2023-07-02T02:06:54.524+0000] {logging_mixin.py:149} INFO - [2023-07-02T02:06:54.524+0000] {dag.py:2726} INFO - Sync 1 DAGs
[2023-07-02T02:06:54.574+0000] {logging_mixin.py:149} INFO - [2023-07-02T02:06:54.574+0000] {dag.py:3490} INFO - Setting next_dagrun for example_sensors to None, run_after=None
[2023-07-02T02:06:54.602+0000] {processor.py:179} INFO - Processing /home/airflow/.local/lib/python3.7/site-packages/airflow/example_dags/example_sensors.py took 0.142 seconds
[2023-07-02T02:12:41.300+0000] {processor.py:157} INFO - Started process (PID=57) to work on /home/airflow/.local/lib/python3.7/site-packages/airflow/example_dags/example_sensors.py
[2023-07-02T02:12:41.302+0000] {processor.py:826} INFO - Processing file /home/airflow/.local/lib/python3.7/site-packages/airflow/example_dags/example_sensors.py for tasks to queue
[2023-07-02T02:12:41.304+0000] {logging_mixin.py:149} INFO - [2023-07-02T02:12:41.303+0000] {dagbag.py:541} INFO - Filling up the DagBag from /home/airflow/.local/lib/python3.7/site-packages/airflow/example_dags/example_sensors.py
[2023-07-02T02:12:41.319+0000] {processor.py:836} INFO - DAG(s) dict_keys(['example_sensors']) retrieved from /home/airflow/.local/lib/python3.7/site-packages/airflow/example_dags/example_sensors.py
[2023-07-02T02:12:41.363+0000] {logging_mixin.py:149} INFO - [2023-07-02T02:12:41.362+0000] {dag.py:2726} INFO - Sync 1 DAGs
[2023-07-02T02:12:41.600+0000] {logging_mixin.py:149} INFO - [2023-07-02T02:12:41.600+0000] {dag.py:3490} INFO - Setting next_dagrun for example_sensors to None, run_after=None
[2023-07-02T02:12:41.638+0000] {processor.py:179} INFO - Processing /home/airflow/.local/lib/python3.7/site-packages/airflow/example_dags/example_sensors.py took 0.343 seconds
[2023-07-02T02:13:12.524+0000] {processor.py:157} INFO - Started process (PID=118) to work on /home/airflow/.local/lib/python3.7/site-packages/airflow/example_dags/example_sensors.py
[2023-07-02T02:13:12.525+0000] {processor.py:826} INFO - Processing file /home/airflow/.local/lib/python3.7/site-packages/airflow/example_dags/example_sensors.py for tasks to queue
[2023-07-02T02:13:12.526+0000] {logging_mixin.py:149} INFO - [2023-07-02T02:13:12.526+0000] {dagbag.py:541} INFO - Filling up the DagBag from /home/airflow/.local/lib/python3.7/site-packages/airflow/example_dags/example_sensors.py
[2023-07-02T02:13:12.543+0000] {processor.py:836} INFO - DAG(s) dict_keys(['example_sensors']) retrieved from /home/airflow/.local/lib/python3.7/site-packages/airflow/example_dags/example_sensors.py
[2023-07-02T02:13:12.583+0000] {logging_mixin.py:149} INFO - [2023-07-02T02:13:12.583+0000] {dag.py:2726} INFO - Sync 1 DAGs
[2023-07-02T02:13:12.619+0000] {logging_mixin.py:149} INFO - [2023-07-02T02:13:12.619+0000] {dag.py:3490} INFO - Setting next_dagrun for example_sensors to None, run_after=None
[2023-07-02T02:13:12.646+0000] {processor.py:179} INFO - Processing /home/airflow/.local/lib/python3.7/site-packages/airflow/example_dags/example_sensors.py took 0.127 seconds
[2023-07-02T02:13:42.843+0000] {processor.py:157} INFO - Started process (PID=176) to work on /home/airflow/.local/lib/python3.7/site-packages/airflow/example_dags/example_sensors.py
[2023-07-02T02:13:42.845+0000] {processor.py:826} INFO - Processing file /home/airflow/.local/lib/python3.7/site-packages/airflow/example_dags/example_sensors.py for tasks to queue
[2023-07-02T02:13:42.847+0000] {logging_mixin.py:149} INFO - [2023-07-02T02:13:42.847+0000] {dagbag.py:541} INFO - Filling up the DagBag from /home/airflow/.local/lib/python3.7/site-packages/airflow/example_dags/example_sensors.py
[2023-07-02T02:13:42.863+0000] {processor.py:836} INFO - DAG(s) dict_keys(['example_sensors']) retrieved from /home/airflow/.local/lib/python3.7/site-packages/airflow/example_dags/example_sensors.py
[2023-07-02T02:13:42.904+0000] {logging_mixin.py:149} INFO - [2023-07-02T02:13:42.904+0000] {dag.py:2726} INFO - Sync 1 DAGs
[2023-07-02T02:13:42.941+0000] {logging_mixin.py:149} INFO - [2023-07-02T02:13:42.941+0000] {dag.py:3490} INFO - Setting next_dagrun for example_sensors to None, run_after=None
[2023-07-02T02:13:42.968+0000] {processor.py:179} INFO - Processing /home/airflow/.local/lib/python3.7/site-packages/airflow/example_dags/example_sensors.py took 0.130 seconds
[2023-07-02T02:14:13.422+0000] {processor.py:157} INFO - Started process (PID=234) to work on /home/airflow/.local/lib/python3.7/site-packages/airflow/example_dags/example_sensors.py
[2023-07-02T02:14:13.423+0000] {processor.py:826} INFO - Processing file /home/airflow/.local/lib/python3.7/site-packages/airflow/example_dags/example_sensors.py for tasks to queue
[2023-07-02T02:14:13.424+0000] {logging_mixin.py:149} INFO - [2023-07-02T02:14:13.424+0000] {dagbag.py:541} INFO - Filling up the DagBag from /home/airflow/.local/lib/python3.7/site-packages/airflow/example_dags/example_sensors.py
[2023-07-02T02:14:13.437+0000] {processor.py:836} INFO - DAG(s) dict_keys(['example_sensors']) retrieved from /home/airflow/.local/lib/python3.7/site-packages/airflow/example_dags/example_sensors.py
[2023-07-02T02:14:13.474+0000] {logging_mixin.py:149} INFO - [2023-07-02T02:14:13.474+0000] {dag.py:2726} INFO - Sync 1 DAGs
[2023-07-02T02:14:13.519+0000] {logging_mixin.py:149} INFO - [2023-07-02T02:14:13.518+0000] {dag.py:3490} INFO - Setting next_dagrun for example_sensors to None, run_after=None
[2023-07-02T02:14:13.562+0000] {processor.py:179} INFO - Processing /home/airflow/.local/lib/python3.7/site-packages/airflow/example_dags/example_sensors.py took 0.145 seconds
[2023-07-02T02:14:44.246+0000] {processor.py:157} INFO - Started process (PID=292) to work on /home/airflow/.local/lib/python3.7/site-packages/airflow/example_dags/example_sensors.py
[2023-07-02T02:14:44.247+0000] {processor.py:826} INFO - Processing file /home/airflow/.local/lib/python3.7/site-packages/airflow/example_dags/example_sensors.py for tasks to queue
[2023-07-02T02:14:44.248+0000] {logging_mixin.py:149} INFO - [2023-07-02T02:14:44.248+0000] {dagbag.py:541} INFO - Filling up the DagBag from /home/airflow/.local/lib/python3.7/site-packages/airflow/example_dags/example_sensors.py
[2023-07-02T02:14:44.262+0000] {processor.py:836} INFO - DAG(s) dict_keys(['example_sensors']) retrieved from /home/airflow/.local/lib/python3.7/site-packages/airflow/example_dags/example_sensors.py
[2023-07-02T02:14:44.414+0000] {logging_mixin.py:149} INFO - [2023-07-02T02:14:44.414+0000] {dag.py:2726} INFO - Sync 1 DAGs
[2023-07-02T02:14:44.454+0000] {logging_mixin.py:149} INFO - [2023-07-02T02:14:44.453+0000] {dag.py:3490} INFO - Setting next_dagrun for example_sensors to None, run_after=None
[2023-07-02T02:14:44.480+0000] {processor.py:179} INFO - Processing /home/airflow/.local/lib/python3.7/site-packages/airflow/example_dags/example_sensors.py took 0.239 seconds
[2023-07-02T02:15:15.043+0000] {processor.py:157} INFO - Started process (PID=350) to work on /home/airflow/.local/lib/python3.7/site-packages/airflow/example_dags/example_sensors.py
[2023-07-02T02:15:15.045+0000] {processor.py:826} INFO - Processing file /home/airflow/.local/lib/python3.7/site-packages/airflow/example_dags/example_sensors.py for tasks to queue
[2023-07-02T02:15:15.046+0000] {logging_mixin.py:149} INFO - [2023-07-02T02:15:15.046+0000] {dagbag.py:541} INFO - Filling up the DagBag from /home/airflow/.local/lib/python3.7/site-packages/airflow/example_dags/example_sensors.py
[2023-07-02T02:15:15.060+0000] {processor.py:836} INFO - DAG(s) dict_keys(['example_sensors']) retrieved from /home/airflow/.local/lib/python3.7/site-packages/airflow/example_dags/example_sensors.py
[2023-07-02T02:15:15.096+0000] {logging_mixin.py:149} INFO - [2023-07-02T02:15:15.096+0000] {dag.py:2726} INFO - Sync 1 DAGs
[2023-07-02T02:15:15.126+0000] {logging_mixin.py:149} INFO - [2023-07-02T02:15:15.126+0000] {dag.py:3490} INFO - Setting next_dagrun for example_sensors to None, run_after=None
[2023-07-02T02:15:15.149+0000] {processor.py:179} INFO - Processing /home/airflow/.local/lib/python3.7/site-packages/airflow/example_dags/example_sensors.py took 0.110 seconds
[2023-07-02T02:15:46.440+0000] {processor.py:157} INFO - Started process (PID=407) to work on /home/airflow/.local/lib/python3.7/site-packages/airflow/example_dags/example_sensors.py
[2023-07-02T02:15:46.442+0000] {processor.py:826} INFO - Processing file /home/airflow/.local/lib/python3.7/site-packages/airflow/example_dags/example_sensors.py for tasks to queue
[2023-07-02T02:15:46.443+0000] {logging_mixin.py:149} INFO - [2023-07-02T02:15:46.443+0000] {dagbag.py:541} INFO - Filling up the DagBag from /home/airflow/.local/lib/python3.7/site-packages/airflow/example_dags/example_sensors.py
[2023-07-02T02:15:46.456+0000] {processor.py:836} INFO - DAG(s) dict_keys(['example_sensors']) retrieved from /home/airflow/.local/lib/python3.7/site-packages/airflow/example_dags/example_sensors.py
[2023-07-02T02:15:46.608+0000] {logging_mixin.py:149} INFO - [2023-07-02T02:15:46.608+0000] {dag.py:2726} INFO - Sync 1 DAGs
[2023-07-02T02:15:46.640+0000] {logging_mixin.py:149} INFO - [2023-07-02T02:15:46.639+0000] {dag.py:3490} INFO - Setting next_dagrun for example_sensors to None, run_after=None
[2023-07-02T02:15:46.665+0000] {processor.py:179} INFO - Processing /home/airflow/.local/lib/python3.7/site-packages/airflow/example_dags/example_sensors.py took 0.228 seconds
[2023-07-02T02:16:17.786+0000] {processor.py:157} INFO - Started process (PID=465) to work on /home/airflow/.local/lib/python3.7/site-packages/airflow/example_dags/example_sensors.py
[2023-07-02T02:16:17.789+0000] {processor.py:826} INFO - Processing file /home/airflow/.local/lib/python3.7/site-packages/airflow/example_dags/example_sensors.py for tasks to queue
[2023-07-02T02:16:17.790+0000] {logging_mixin.py:149} INFO - [2023-07-02T02:16:17.790+0000] {dagbag.py:541} INFO - Filling up the DagBag from /home/airflow/.local/lib/python3.7/site-packages/airflow/example_dags/example_sensors.py
[2023-07-02T02:16:17.804+0000] {processor.py:836} INFO - DAG(s) dict_keys(['example_sensors']) retrieved from /home/airflow/.local/lib/python3.7/site-packages/airflow/example_dags/example_sensors.py
[2023-07-02T02:16:17.858+0000] {logging_mixin.py:149} INFO - [2023-07-02T02:16:17.857+0000] {dag.py:2726} INFO - Sync 1 DAGs
[2023-07-02T02:16:17.907+0000] {logging_mixin.py:149} INFO - [2023-07-02T02:16:17.907+0000] {dag.py:3490} INFO - Setting next_dagrun for example_sensors to None, run_after=None
[2023-07-02T02:16:17.949+0000] {processor.py:179} INFO - Processing /home/airflow/.local/lib/python3.7/site-packages/airflow/example_dags/example_sensors.py took 0.166 seconds
[2023-07-02T02:16:48.645+0000] {processor.py:157} INFO - Started process (PID=524) to work on /home/airflow/.local/lib/python3.7/site-packages/airflow/example_dags/example_sensors.py
[2023-07-02T02:16:48.648+0000] {processor.py:826} INFO - Processing file /home/airflow/.local/lib/python3.7/site-packages/airflow/example_dags/example_sensors.py for tasks to queue
[2023-07-02T02:16:48.650+0000] {logging_mixin.py:149} INFO - [2023-07-02T02:16:48.650+0000] {dagbag.py:541} INFO - Filling up the DagBag from /home/airflow/.local/lib/python3.7/site-packages/airflow/example_dags/example_sensors.py
[2023-07-02T02:16:48.673+0000] {processor.py:836} INFO - DAG(s) dict_keys(['example_sensors']) retrieved from /home/airflow/.local/lib/python3.7/site-packages/airflow/example_dags/example_sensors.py
[2023-07-02T02:16:48.731+0000] {logging_mixin.py:149} INFO - [2023-07-02T02:16:48.731+0000] {dag.py:2726} INFO - Sync 1 DAGs
[2023-07-02T02:16:48.785+0000] {logging_mixin.py:149} INFO - [2023-07-02T02:16:48.784+0000] {dag.py:3490} INFO - Setting next_dagrun for example_sensors to None, run_after=None
[2023-07-02T02:16:48.842+0000] {processor.py:179} INFO - Processing /home/airflow/.local/lib/python3.7/site-packages/airflow/example_dags/example_sensors.py took 0.205 seconds
[2023-07-02T02:17:18.922+0000] {processor.py:157} INFO - Started process (PID=582) to work on /home/airflow/.local/lib/python3.7/site-packages/airflow/example_dags/example_sensors.py
[2023-07-02T02:17:18.925+0000] {processor.py:826} INFO - Processing file /home/airflow/.local/lib/python3.7/site-packages/airflow/example_dags/example_sensors.py for tasks to queue
[2023-07-02T02:17:18.927+0000] {logging_mixin.py:149} INFO - [2023-07-02T02:17:18.926+0000] {dagbag.py:541} INFO - Filling up the DagBag from /home/airflow/.local/lib/python3.7/site-packages/airflow/example_dags/example_sensors.py
[2023-07-02T02:17:18.957+0000] {processor.py:836} INFO - DAG(s) dict_keys(['example_sensors']) retrieved from /home/airflow/.local/lib/python3.7/site-packages/airflow/example_dags/example_sensors.py
[2023-07-02T02:17:19.014+0000] {logging_mixin.py:149} INFO - [2023-07-02T02:17:19.013+0000] {dag.py:2726} INFO - Sync 1 DAGs
[2023-07-02T02:17:19.068+0000] {logging_mixin.py:149} INFO - [2023-07-02T02:17:19.068+0000] {dag.py:3490} INFO - Setting next_dagrun for example_sensors to None, run_after=None
[2023-07-02T02:17:19.097+0000] {processor.py:179} INFO - Processing /home/airflow/.local/lib/python3.7/site-packages/airflow/example_dags/example_sensors.py took 0.185 seconds
[2023-07-02T02:17:49.335+0000] {processor.py:157} INFO - Started process (PID=641) to work on /home/airflow/.local/lib/python3.7/site-packages/airflow/example_dags/example_sensors.py
[2023-07-02T02:17:49.337+0000] {processor.py:826} INFO - Processing file /home/airflow/.local/lib/python3.7/site-packages/airflow/example_dags/example_sensors.py for tasks to queue
[2023-07-02T02:17:49.338+0000] {logging_mixin.py:149} INFO - [2023-07-02T02:17:49.338+0000] {dagbag.py:541} INFO - Filling up the DagBag from /home/airflow/.local/lib/python3.7/site-packages/airflow/example_dags/example_sensors.py
[2023-07-02T02:17:49.354+0000] {processor.py:836} INFO - DAG(s) dict_keys(['example_sensors']) retrieved from /home/airflow/.local/lib/python3.7/site-packages/airflow/example_dags/example_sensors.py
[2023-07-02T02:17:49.402+0000] {logging_mixin.py:149} INFO - [2023-07-02T02:17:49.402+0000] {dag.py:2726} INFO - Sync 1 DAGs
[2023-07-02T02:17:49.444+0000] {logging_mixin.py:149} INFO - [2023-07-02T02:17:49.444+0000] {dag.py:3490} INFO - Setting next_dagrun for example_sensors to None, run_after=None
[2023-07-02T02:17:49.479+0000] {processor.py:179} INFO - Processing /home/airflow/.local/lib/python3.7/site-packages/airflow/example_dags/example_sensors.py took 0.148 seconds
[2023-07-02T02:18:20.017+0000] {processor.py:157} INFO - Started process (PID=700) to work on /home/airflow/.local/lib/python3.7/site-packages/airflow/example_dags/example_sensors.py
[2023-07-02T02:18:20.019+0000] {processor.py:826} INFO - Processing file /home/airflow/.local/lib/python3.7/site-packages/airflow/example_dags/example_sensors.py for tasks to queue
[2023-07-02T02:18:20.020+0000] {logging_mixin.py:149} INFO - [2023-07-02T02:18:20.020+0000] {dagbag.py:541} INFO - Filling up the DagBag from /home/airflow/.local/lib/python3.7/site-packages/airflow/example_dags/example_sensors.py
[2023-07-02T02:18:20.036+0000] {processor.py:836} INFO - DAG(s) dict_keys(['example_sensors']) retrieved from /home/airflow/.local/lib/python3.7/site-packages/airflow/example_dags/example_sensors.py
[2023-07-02T02:18:20.076+0000] {logging_mixin.py:149} INFO - [2023-07-02T02:18:20.076+0000] {dag.py:2726} INFO - Sync 1 DAGs
[2023-07-02T02:18:20.110+0000] {logging_mixin.py:149} INFO - [2023-07-02T02:18:20.110+0000] {dag.py:3490} INFO - Setting next_dagrun for example_sensors to None, run_after=None
[2023-07-02T02:18:20.141+0000] {processor.py:179} INFO - Processing /home/airflow/.local/lib/python3.7/site-packages/airflow/example_dags/example_sensors.py took 0.128 seconds
[2023-07-02T02:18:51.090+0000] {processor.py:157} INFO - Started process (PID=758) to work on /home/airflow/.local/lib/python3.7/site-packages/airflow/example_dags/example_sensors.py
[2023-07-02T02:18:51.092+0000] {processor.py:826} INFO - Processing file /home/airflow/.local/lib/python3.7/site-packages/airflow/example_dags/example_sensors.py for tasks to queue
[2023-07-02T02:18:51.093+0000] {logging_mixin.py:149} INFO - [2023-07-02T02:18:51.093+0000] {dagbag.py:541} INFO - Filling up the DagBag from /home/airflow/.local/lib/python3.7/site-packages/airflow/example_dags/example_sensors.py
[2023-07-02T02:18:51.110+0000] {processor.py:836} INFO - DAG(s) dict_keys(['example_sensors']) retrieved from /home/airflow/.local/lib/python3.7/site-packages/airflow/example_dags/example_sensors.py
[2023-07-02T02:18:51.149+0000] {logging_mixin.py:149} INFO - [2023-07-02T02:18:51.148+0000] {dag.py:2726} INFO - Sync 1 DAGs
[2023-07-02T02:18:51.181+0000] {logging_mixin.py:149} INFO - [2023-07-02T02:18:51.181+0000] {dag.py:3490} INFO - Setting next_dagrun for example_sensors to None, run_after=None
[2023-07-02T02:18:51.205+0000] {processor.py:179} INFO - Processing /home/airflow/.local/lib/python3.7/site-packages/airflow/example_dags/example_sensors.py took 0.119 seconds
[2023-07-02T02:19:21.321+0000] {processor.py:157} INFO - Started process (PID=815) to work on /home/airflow/.local/lib/python3.7/site-packages/airflow/example_dags/example_sensors.py
[2023-07-02T02:19:21.322+0000] {processor.py:826} INFO - Processing file /home/airflow/.local/lib/python3.7/site-packages/airflow/example_dags/example_sensors.py for tasks to queue
[2023-07-02T02:19:21.324+0000] {logging_mixin.py:149} INFO - [2023-07-02T02:19:21.323+0000] {dagbag.py:541} INFO - Filling up the DagBag from /home/airflow/.local/lib/python3.7/site-packages/airflow/example_dags/example_sensors.py
[2023-07-02T02:19:21.337+0000] {processor.py:836} INFO - DAG(s) dict_keys(['example_sensors']) retrieved from /home/airflow/.local/lib/python3.7/site-packages/airflow/example_dags/example_sensors.py
[2023-07-02T02:19:21.377+0000] {logging_mixin.py:149} INFO - [2023-07-02T02:19:21.377+0000] {dag.py:2726} INFO - Sync 1 DAGs
[2023-07-02T02:19:21.414+0000] {logging_mixin.py:149} INFO - [2023-07-02T02:19:21.414+0000] {dag.py:3490} INFO - Setting next_dagrun for example_sensors to None, run_after=None
[2023-07-02T02:19:21.439+0000] {processor.py:179} INFO - Processing /home/airflow/.local/lib/python3.7/site-packages/airflow/example_dags/example_sensors.py took 0.122 seconds
[2023-07-02T02:19:51.594+0000] {processor.py:157} INFO - Started process (PID=873) to work on /home/airflow/.local/lib/python3.7/site-packages/airflow/example_dags/example_sensors.py
[2023-07-02T02:19:51.595+0000] {processor.py:826} INFO - Processing file /home/airflow/.local/lib/python3.7/site-packages/airflow/example_dags/example_sensors.py for tasks to queue
[2023-07-02T02:19:51.597+0000] {logging_mixin.py:149} INFO - [2023-07-02T02:19:51.596+0000] {dagbag.py:541} INFO - Filling up the DagBag from /home/airflow/.local/lib/python3.7/site-packages/airflow/example_dags/example_sensors.py
[2023-07-02T02:19:51.610+0000] {processor.py:836} INFO - DAG(s) dict_keys(['example_sensors']) retrieved from /home/airflow/.local/lib/python3.7/site-packages/airflow/example_dags/example_sensors.py
[2023-07-02T02:19:51.649+0000] {logging_mixin.py:149} INFO - [2023-07-02T02:19:51.648+0000] {dag.py:2726} INFO - Sync 1 DAGs
[2023-07-02T02:19:51.684+0000] {logging_mixin.py:149} INFO - [2023-07-02T02:19:51.683+0000] {dag.py:3490} INFO - Setting next_dagrun for example_sensors to None, run_after=None
[2023-07-02T02:19:51.718+0000] {processor.py:179} INFO - Processing /home/airflow/.local/lib/python3.7/site-packages/airflow/example_dags/example_sensors.py took 0.128 seconds
[2023-07-02T02:20:21.918+0000] {processor.py:157} INFO - Started process (PID=932) to work on /home/airflow/.local/lib/python3.7/site-packages/airflow/example_dags/example_sensors.py
[2023-07-02T02:20:21.919+0000] {processor.py:826} INFO - Processing file /home/airflow/.local/lib/python3.7/site-packages/airflow/example_dags/example_sensors.py for tasks to queue
[2023-07-02T02:20:21.920+0000] {logging_mixin.py:149} INFO - [2023-07-02T02:20:21.920+0000] {dagbag.py:541} INFO - Filling up the DagBag from /home/airflow/.local/lib/python3.7/site-packages/airflow/example_dags/example_sensors.py
[2023-07-02T02:20:21.935+0000] {processor.py:836} INFO - DAG(s) dict_keys(['example_sensors']) retrieved from /home/airflow/.local/lib/python3.7/site-packages/airflow/example_dags/example_sensors.py
[2023-07-02T02:20:21.980+0000] {logging_mixin.py:149} INFO - [2023-07-02T02:20:21.980+0000] {dag.py:2726} INFO - Sync 1 DAGs
[2023-07-02T02:20:22.021+0000] {logging_mixin.py:149} INFO - [2023-07-02T02:20:22.021+0000] {dag.py:3490} INFO - Setting next_dagrun for example_sensors to None, run_after=None
[2023-07-02T02:20:22.048+0000] {processor.py:179} INFO - Processing /home/airflow/.local/lib/python3.7/site-packages/airflow/example_dags/example_sensors.py took 0.135 seconds
[2023-07-02T02:20:52.386+0000] {processor.py:157} INFO - Started process (PID=990) to work on /home/airflow/.local/lib/python3.7/site-packages/airflow/example_dags/example_sensors.py
[2023-07-02T02:20:52.388+0000] {processor.py:826} INFO - Processing file /home/airflow/.local/lib/python3.7/site-packages/airflow/example_dags/example_sensors.py for tasks to queue
[2023-07-02T02:20:52.389+0000] {logging_mixin.py:149} INFO - [2023-07-02T02:20:52.389+0000] {dagbag.py:541} INFO - Filling up the DagBag from /home/airflow/.local/lib/python3.7/site-packages/airflow/example_dags/example_sensors.py
[2023-07-02T02:20:52.403+0000] {processor.py:836} INFO - DAG(s) dict_keys(['example_sensors']) retrieved from /home/airflow/.local/lib/python3.7/site-packages/airflow/example_dags/example_sensors.py
[2023-07-02T02:20:52.443+0000] {logging_mixin.py:149} INFO - [2023-07-02T02:20:52.443+0000] {dag.py:2726} INFO - Sync 1 DAGs
[2023-07-02T02:20:52.481+0000] {logging_mixin.py:149} INFO - [2023-07-02T02:20:52.481+0000] {dag.py:3490} INFO - Setting next_dagrun for example_sensors to None, run_after=None
[2023-07-02T02:20:52.510+0000] {processor.py:179} INFO - Processing /home/airflow/.local/lib/python3.7/site-packages/airflow/example_dags/example_sensors.py took 0.129 seconds
[2023-07-02T02:21:22.676+0000] {processor.py:157} INFO - Started process (PID=1048) to work on /home/airflow/.local/lib/python3.7/site-packages/airflow/example_dags/example_sensors.py
[2023-07-02T02:21:22.677+0000] {processor.py:826} INFO - Processing file /home/airflow/.local/lib/python3.7/site-packages/airflow/example_dags/example_sensors.py for tasks to queue
[2023-07-02T02:21:22.678+0000] {logging_mixin.py:149} INFO - [2023-07-02T02:21:22.678+0000] {dagbag.py:541} INFO - Filling up the DagBag from /home/airflow/.local/lib/python3.7/site-packages/airflow/example_dags/example_sensors.py
[2023-07-02T02:21:22.692+0000] {processor.py:836} INFO - DAG(s) dict_keys(['example_sensors']) retrieved from /home/airflow/.local/lib/python3.7/site-packages/airflow/example_dags/example_sensors.py
[2023-07-02T02:21:22.731+0000] {logging_mixin.py:149} INFO - [2023-07-02T02:21:22.731+0000] {dag.py:2726} INFO - Sync 1 DAGs
[2023-07-02T02:21:22.764+0000] {logging_mixin.py:149} INFO - [2023-07-02T02:21:22.764+0000] {dag.py:3490} INFO - Setting next_dagrun for example_sensors to None, run_after=None
[2023-07-02T02:21:22.790+0000] {processor.py:179} INFO - Processing /home/airflow/.local/lib/python3.7/site-packages/airflow/example_dags/example_sensors.py took 0.119 seconds
