[2023-07-02T01:19:08.573+0000] {processor.py:157} INFO - Started process (PID=37) to work on /home/airflow/.local/lib/python3.7/site-packages/airflow/example_dags/example_skip_dag.py
[2023-07-02T01:19:08.574+0000] {processor.py:826} INFO - Processing file /home/airflow/.local/lib/python3.7/site-packages/airflow/example_dags/example_skip_dag.py for tasks to queue
[2023-07-02T01:19:08.576+0000] {logging_mixin.py:149} INFO - [2023-07-02T01:19:08.576+0000] {dagbag.py:541} INFO - Filling up the DagBag from /home/airflow/.local/lib/python3.7/site-packages/airflow/example_dags/example_skip_dag.py
[2023-07-02T01:19:08.595+0000] {processor.py:836} INFO - DAG(s) dict_keys(['example_skip_dag']) retrieved from /home/airflow/.local/lib/python3.7/site-packages/airflow/example_dags/example_skip_dag.py
[2023-07-02T01:19:08.832+0000] {logging_mixin.py:149} INFO - [2023-07-02T01:19:08.832+0000] {manager.py:504} INFO - Created Permission View: can delete on DAG:example_skip_dag
[2023-07-02T01:19:08.860+0000] {logging_mixin.py:149} INFO - [2023-07-02T01:19:08.859+0000] {manager.py:504} INFO - Created Permission View: can edit on DAG:example_skip_dag
[2023-07-02T01:19:08.876+0000] {logging_mixin.py:149} INFO - [2023-07-02T01:19:08.876+0000] {manager.py:504} INFO - Created Permission View: can read on DAG:example_skip_dag
[2023-07-02T01:19:08.903+0000] {logging_mixin.py:149} INFO - [2023-07-02T01:19:08.902+0000] {dag.py:2726} INFO - Sync 1 DAGs
[2023-07-02T01:19:08.929+0000] {logging_mixin.py:149} INFO - [2023-07-02T01:19:08.928+0000] {dag.py:2747} INFO - Creating ORM DAG for example_skip_dag
[2023-07-02T01:19:08.952+0000] {logging_mixin.py:149} INFO - [2023-07-02T01:19:08.952+0000] {dag.py:3490} INFO - Setting next_dagrun for example_skip_dag to 2023-07-01T01:19:08.951677+00:00, run_after=2023-07-02T01:19:08.951677+00:00
[2023-07-02T01:19:08.984+0000] {processor.py:179} INFO - Processing /home/airflow/.local/lib/python3.7/site-packages/airflow/example_dags/example_skip_dag.py took 0.417 seconds
[2023-07-02T01:19:43.780+0000] {processor.py:157} INFO - Started process (PID=94) to work on /home/airflow/.local/lib/python3.7/site-packages/airflow/example_dags/example_skip_dag.py
[2023-07-02T01:19:43.783+0000] {processor.py:826} INFO - Processing file /home/airflow/.local/lib/python3.7/site-packages/airflow/example_dags/example_skip_dag.py for tasks to queue
[2023-07-02T01:19:43.785+0000] {logging_mixin.py:149} INFO - [2023-07-02T01:19:43.785+0000] {dagbag.py:541} INFO - Filling up the DagBag from /home/airflow/.local/lib/python3.7/site-packages/airflow/example_dags/example_skip_dag.py
[2023-07-02T01:19:43.861+0000] {processor.py:836} INFO - DAG(s) dict_keys(['example_skip_dag']) retrieved from /home/airflow/.local/lib/python3.7/site-packages/airflow/example_dags/example_skip_dag.py
[2023-07-02T01:19:44.084+0000] {logging_mixin.py:149} INFO - [2023-07-02T01:19:44.084+0000] {dag.py:2726} INFO - Sync 1 DAGs
[2023-07-02T01:19:44.279+0000] {logging_mixin.py:149} INFO - [2023-07-02T01:19:44.278+0000] {dag.py:3490} INFO - Setting next_dagrun for example_skip_dag to 2023-07-01T01:19:44.272279+00:00, run_after=2023-07-02T01:19:44.272279+00:00
[2023-07-02T01:19:44.448+0000] {processor.py:179} INFO - Processing /home/airflow/.local/lib/python3.7/site-packages/airflow/example_dags/example_skip_dag.py took 0.677 seconds
[2023-07-02T01:20:20.672+0000] {processor.py:157} INFO - Started process (PID=151) to work on /home/airflow/.local/lib/python3.7/site-packages/airflow/example_dags/example_skip_dag.py
[2023-07-02T01:20:20.673+0000] {processor.py:826} INFO - Processing file /home/airflow/.local/lib/python3.7/site-packages/airflow/example_dags/example_skip_dag.py for tasks to queue
[2023-07-02T01:20:20.675+0000] {logging_mixin.py:149} INFO - [2023-07-02T01:20:20.675+0000] {dagbag.py:541} INFO - Filling up the DagBag from /home/airflow/.local/lib/python3.7/site-packages/airflow/example_dags/example_skip_dag.py
[2023-07-02T01:20:20.693+0000] {processor.py:836} INFO - DAG(s) dict_keys(['example_skip_dag']) retrieved from /home/airflow/.local/lib/python3.7/site-packages/airflow/example_dags/example_skip_dag.py
[2023-07-02T01:20:20.797+0000] {logging_mixin.py:149} INFO - [2023-07-02T01:20:20.796+0000] {dag.py:2726} INFO - Sync 1 DAGs
[2023-07-02T01:20:20.848+0000] {logging_mixin.py:149} INFO - [2023-07-02T01:20:20.847+0000] {dag.py:3490} INFO - Setting next_dagrun for example_skip_dag to 2023-07-01T01:20:20.846401+00:00, run_after=2023-07-02T01:20:20.846401+00:00
[2023-07-02T01:20:20.890+0000] {processor.py:179} INFO - Processing /home/airflow/.local/lib/python3.7/site-packages/airflow/example_dags/example_skip_dag.py took 0.226 seconds
[2023-07-02T01:20:51.983+0000] {processor.py:157} INFO - Started process (PID=209) to work on /home/airflow/.local/lib/python3.7/site-packages/airflow/example_dags/example_skip_dag.py
[2023-07-02T01:20:51.987+0000] {processor.py:826} INFO - Processing file /home/airflow/.local/lib/python3.7/site-packages/airflow/example_dags/example_skip_dag.py for tasks to queue
[2023-07-02T01:20:51.989+0000] {logging_mixin.py:149} INFO - [2023-07-02T01:20:51.989+0000] {dagbag.py:541} INFO - Filling up the DagBag from /home/airflow/.local/lib/python3.7/site-packages/airflow/example_dags/example_skip_dag.py
[2023-07-02T01:20:52.006+0000] {processor.py:836} INFO - DAG(s) dict_keys(['example_skip_dag']) retrieved from /home/airflow/.local/lib/python3.7/site-packages/airflow/example_dags/example_skip_dag.py
[2023-07-02T01:20:52.057+0000] {logging_mixin.py:149} INFO - [2023-07-02T01:20:52.057+0000] {dag.py:2726} INFO - Sync 1 DAGs
[2023-07-02T01:20:52.107+0000] {logging_mixin.py:149} INFO - [2023-07-02T01:20:52.107+0000] {dag.py:3490} INFO - Setting next_dagrun for example_skip_dag to 2023-07-01T01:20:52.106203+00:00, run_after=2023-07-02T01:20:52.106203+00:00
[2023-07-02T01:20:52.148+0000] {processor.py:179} INFO - Processing /home/airflow/.local/lib/python3.7/site-packages/airflow/example_dags/example_skip_dag.py took 0.170 seconds
[2023-07-02T01:21:23.388+0000] {processor.py:157} INFO - Started process (PID=277) to work on /home/airflow/.local/lib/python3.7/site-packages/airflow/example_dags/example_skip_dag.py
[2023-07-02T01:21:23.390+0000] {processor.py:826} INFO - Processing file /home/airflow/.local/lib/python3.7/site-packages/airflow/example_dags/example_skip_dag.py for tasks to queue
[2023-07-02T01:21:23.392+0000] {logging_mixin.py:149} INFO - [2023-07-02T01:21:23.391+0000] {dagbag.py:541} INFO - Filling up the DagBag from /home/airflow/.local/lib/python3.7/site-packages/airflow/example_dags/example_skip_dag.py
[2023-07-02T01:21:23.410+0000] {processor.py:836} INFO - DAG(s) dict_keys(['example_skip_dag']) retrieved from /home/airflow/.local/lib/python3.7/site-packages/airflow/example_dags/example_skip_dag.py
[2023-07-02T01:21:23.463+0000] {logging_mixin.py:149} INFO - [2023-07-02T01:21:23.463+0000] {dag.py:2726} INFO - Sync 1 DAGs
[2023-07-02T01:21:23.513+0000] {logging_mixin.py:149} INFO - [2023-07-02T01:21:23.512+0000] {dag.py:3490} INFO - Setting next_dagrun for example_skip_dag to 2023-07-01T01:21:23.512252+00:00, run_after=2023-07-02T01:21:23.512252+00:00
[2023-07-02T01:21:23.552+0000] {processor.py:179} INFO - Processing /home/airflow/.local/lib/python3.7/site-packages/airflow/example_dags/example_skip_dag.py took 0.169 seconds
[2023-07-02T01:21:54.238+0000] {processor.py:157} INFO - Started process (PID=334) to work on /home/airflow/.local/lib/python3.7/site-packages/airflow/example_dags/example_skip_dag.py
[2023-07-02T01:21:54.241+0000] {processor.py:826} INFO - Processing file /home/airflow/.local/lib/python3.7/site-packages/airflow/example_dags/example_skip_dag.py for tasks to queue
[2023-07-02T01:21:54.243+0000] {logging_mixin.py:149} INFO - [2023-07-02T01:21:54.242+0000] {dagbag.py:541} INFO - Filling up the DagBag from /home/airflow/.local/lib/python3.7/site-packages/airflow/example_dags/example_skip_dag.py
[2023-07-02T01:21:54.261+0000] {processor.py:836} INFO - DAG(s) dict_keys(['example_skip_dag']) retrieved from /home/airflow/.local/lib/python3.7/site-packages/airflow/example_dags/example_skip_dag.py
[2023-07-02T01:21:54.317+0000] {logging_mixin.py:149} INFO - [2023-07-02T01:21:54.316+0000] {dag.py:2726} INFO - Sync 1 DAGs
[2023-07-02T01:21:54.367+0000] {logging_mixin.py:149} INFO - [2023-07-02T01:21:54.367+0000] {dag.py:3490} INFO - Setting next_dagrun for example_skip_dag to 2023-07-01T01:21:54.366774+00:00, run_after=2023-07-02T01:21:54.366774+00:00
[2023-07-02T01:21:54.434+0000] {processor.py:179} INFO - Processing /home/airflow/.local/lib/python3.7/site-packages/airflow/example_dags/example_skip_dag.py took 0.202 seconds
[2023-07-02T01:22:25.002+0000] {processor.py:157} INFO - Started process (PID=392) to work on /home/airflow/.local/lib/python3.7/site-packages/airflow/example_dags/example_skip_dag.py
[2023-07-02T01:22:25.004+0000] {processor.py:826} INFO - Processing file /home/airflow/.local/lib/python3.7/site-packages/airflow/example_dags/example_skip_dag.py for tasks to queue
[2023-07-02T01:22:25.006+0000] {logging_mixin.py:149} INFO - [2023-07-02T01:22:25.006+0000] {dagbag.py:541} INFO - Filling up the DagBag from /home/airflow/.local/lib/python3.7/site-packages/airflow/example_dags/example_skip_dag.py
[2023-07-02T01:22:25.025+0000] {processor.py:836} INFO - DAG(s) dict_keys(['example_skip_dag']) retrieved from /home/airflow/.local/lib/python3.7/site-packages/airflow/example_dags/example_skip_dag.py
[2023-07-02T01:22:25.083+0000] {logging_mixin.py:149} INFO - [2023-07-02T01:22:25.083+0000] {dag.py:2726} INFO - Sync 1 DAGs
[2023-07-02T01:22:25.140+0000] {logging_mixin.py:149} INFO - [2023-07-02T01:22:25.140+0000] {dag.py:3490} INFO - Setting next_dagrun for example_skip_dag to 2023-07-01T01:22:25.140121+00:00, run_after=2023-07-02T01:22:25.140121+00:00
[2023-07-02T01:22:25.194+0000] {processor.py:179} INFO - Processing /home/airflow/.local/lib/python3.7/site-packages/airflow/example_dags/example_skip_dag.py took 0.198 seconds
[2023-07-02T01:22:55.530+0000] {processor.py:157} INFO - Started process (PID=453) to work on /home/airflow/.local/lib/python3.7/site-packages/airflow/example_dags/example_skip_dag.py
[2023-07-02T01:22:55.532+0000] {processor.py:826} INFO - Processing file /home/airflow/.local/lib/python3.7/site-packages/airflow/example_dags/example_skip_dag.py for tasks to queue
[2023-07-02T01:22:55.534+0000] {logging_mixin.py:149} INFO - [2023-07-02T01:22:55.534+0000] {dagbag.py:541} INFO - Filling up the DagBag from /home/airflow/.local/lib/python3.7/site-packages/airflow/example_dags/example_skip_dag.py
[2023-07-02T01:22:55.551+0000] {processor.py:836} INFO - DAG(s) dict_keys(['example_skip_dag']) retrieved from /home/airflow/.local/lib/python3.7/site-packages/airflow/example_dags/example_skip_dag.py
[2023-07-02T01:22:55.616+0000] {logging_mixin.py:149} INFO - [2023-07-02T01:22:55.615+0000] {dag.py:2726} INFO - Sync 1 DAGs
[2023-07-02T01:22:55.671+0000] {logging_mixin.py:149} INFO - [2023-07-02T01:22:55.671+0000] {dag.py:3490} INFO - Setting next_dagrun for example_skip_dag to 2023-07-01T01:22:55.670893+00:00, run_after=2023-07-02T01:22:55.670893+00:00
[2023-07-02T01:22:55.748+0000] {processor.py:179} INFO - Processing /home/airflow/.local/lib/python3.7/site-packages/airflow/example_dags/example_skip_dag.py took 0.224 seconds
[2023-07-02T01:23:26.393+0000] {processor.py:157} INFO - Started process (PID=512) to work on /home/airflow/.local/lib/python3.7/site-packages/airflow/example_dags/example_skip_dag.py
[2023-07-02T01:23:26.395+0000] {processor.py:826} INFO - Processing file /home/airflow/.local/lib/python3.7/site-packages/airflow/example_dags/example_skip_dag.py for tasks to queue
[2023-07-02T01:23:26.396+0000] {logging_mixin.py:149} INFO - [2023-07-02T01:23:26.396+0000] {dagbag.py:541} INFO - Filling up the DagBag from /home/airflow/.local/lib/python3.7/site-packages/airflow/example_dags/example_skip_dag.py
[2023-07-02T01:23:26.413+0000] {processor.py:836} INFO - DAG(s) dict_keys(['example_skip_dag']) retrieved from /home/airflow/.local/lib/python3.7/site-packages/airflow/example_dags/example_skip_dag.py
[2023-07-02T01:23:26.473+0000] {logging_mixin.py:149} INFO - [2023-07-02T01:23:26.473+0000] {dag.py:2726} INFO - Sync 1 DAGs
[2023-07-02T01:23:26.534+0000] {logging_mixin.py:149} INFO - [2023-07-02T01:23:26.534+0000] {dag.py:3490} INFO - Setting next_dagrun for example_skip_dag to 2023-07-01T01:23:26.534156+00:00, run_after=2023-07-02T01:23:26.534156+00:00
[2023-07-02T01:23:26.573+0000] {processor.py:179} INFO - Processing /home/airflow/.local/lib/python3.7/site-packages/airflow/example_dags/example_skip_dag.py took 0.190 seconds
[2023-07-02T01:23:57.043+0000] {processor.py:157} INFO - Started process (PID=567) to work on /home/airflow/.local/lib/python3.7/site-packages/airflow/example_dags/example_skip_dag.py
[2023-07-02T01:23:57.056+0000] {processor.py:826} INFO - Processing file /home/airflow/.local/lib/python3.7/site-packages/airflow/example_dags/example_skip_dag.py for tasks to queue
[2023-07-02T01:23:57.059+0000] {logging_mixin.py:149} INFO - [2023-07-02T01:23:57.058+0000] {dagbag.py:541} INFO - Filling up the DagBag from /home/airflow/.local/lib/python3.7/site-packages/airflow/example_dags/example_skip_dag.py
[2023-07-02T01:23:57.098+0000] {processor.py:836} INFO - DAG(s) dict_keys(['example_skip_dag']) retrieved from /home/airflow/.local/lib/python3.7/site-packages/airflow/example_dags/example_skip_dag.py
[2023-07-02T01:23:57.222+0000] {logging_mixin.py:149} INFO - [2023-07-02T01:23:57.222+0000] {dag.py:2726} INFO - Sync 1 DAGs
[2023-07-02T01:23:57.302+0000] {logging_mixin.py:149} INFO - [2023-07-02T01:23:57.301+0000] {dag.py:3490} INFO - Setting next_dagrun for example_skip_dag to 2023-07-01T01:23:57.300682+00:00, run_after=2023-07-02T01:23:57.300682+00:00
[2023-07-02T01:23:57.383+0000] {processor.py:179} INFO - Processing /home/airflow/.local/lib/python3.7/site-packages/airflow/example_dags/example_skip_dag.py took 0.363 seconds
[2023-07-02T02:04:17.836+0000] {processor.py:157} INFO - Started process (PID=35) to work on /home/airflow/.local/lib/python3.7/site-packages/airflow/example_dags/example_skip_dag.py
[2023-07-02T02:04:17.838+0000] {processor.py:826} INFO - Processing file /home/airflow/.local/lib/python3.7/site-packages/airflow/example_dags/example_skip_dag.py for tasks to queue
[2023-07-02T02:04:17.839+0000] {logging_mixin.py:149} INFO - [2023-07-02T02:04:17.839+0000] {dagbag.py:541} INFO - Filling up the DagBag from /home/airflow/.local/lib/python3.7/site-packages/airflow/example_dags/example_skip_dag.py
[2023-07-02T02:04:17.856+0000] {processor.py:836} INFO - DAG(s) dict_keys(['example_skip_dag']) retrieved from /home/airflow/.local/lib/python3.7/site-packages/airflow/example_dags/example_skip_dag.py
[2023-07-02T02:04:17.920+0000] {logging_mixin.py:149} INFO - [2023-07-02T02:04:17.920+0000] {dag.py:2726} INFO - Sync 1 DAGs
[2023-07-02T02:04:17.969+0000] {logging_mixin.py:149} INFO - [2023-07-02T02:04:17.969+0000] {dag.py:3490} INFO - Setting next_dagrun for example_skip_dag to 2023-07-01T02:04:17.969092+00:00, run_after=2023-07-02T02:04:17.969092+00:00
[2023-07-02T02:04:17.999+0000] {processor.py:179} INFO - Processing /home/airflow/.local/lib/python3.7/site-packages/airflow/example_dags/example_skip_dag.py took 0.168 seconds
[2023-07-02T02:04:48.370+0000] {processor.py:157} INFO - Started process (PID=93) to work on /home/airflow/.local/lib/python3.7/site-packages/airflow/example_dags/example_skip_dag.py
[2023-07-02T02:04:48.371+0000] {processor.py:826} INFO - Processing file /home/airflow/.local/lib/python3.7/site-packages/airflow/example_dags/example_skip_dag.py for tasks to queue
[2023-07-02T02:04:48.373+0000] {logging_mixin.py:149} INFO - [2023-07-02T02:04:48.373+0000] {dagbag.py:541} INFO - Filling up the DagBag from /home/airflow/.local/lib/python3.7/site-packages/airflow/example_dags/example_skip_dag.py
[2023-07-02T02:04:48.382+0000] {processor.py:836} INFO - DAG(s) dict_keys(['example_skip_dag']) retrieved from /home/airflow/.local/lib/python3.7/site-packages/airflow/example_dags/example_skip_dag.py
[2023-07-02T02:04:48.417+0000] {logging_mixin.py:149} INFO - [2023-07-02T02:04:48.416+0000] {dag.py:2726} INFO - Sync 1 DAGs
[2023-07-02T02:04:48.450+0000] {logging_mixin.py:149} INFO - [2023-07-02T02:04:48.450+0000] {dag.py:3490} INFO - Setting next_dagrun for example_skip_dag to 2023-07-01T02:04:48.450036+00:00, run_after=2023-07-02T02:04:48.450036+00:00
[2023-07-02T02:04:48.479+0000] {processor.py:179} INFO - Processing /home/airflow/.local/lib/python3.7/site-packages/airflow/example_dags/example_skip_dag.py took 0.113 seconds
[2023-07-02T02:05:18.911+0000] {processor.py:157} INFO - Started process (PID=150) to work on /home/airflow/.local/lib/python3.7/site-packages/airflow/example_dags/example_skip_dag.py
[2023-07-02T02:05:18.914+0000] {processor.py:826} INFO - Processing file /home/airflow/.local/lib/python3.7/site-packages/airflow/example_dags/example_skip_dag.py for tasks to queue
[2023-07-02T02:05:18.917+0000] {logging_mixin.py:149} INFO - [2023-07-02T02:05:18.916+0000] {dagbag.py:541} INFO - Filling up the DagBag from /home/airflow/.local/lib/python3.7/site-packages/airflow/example_dags/example_skip_dag.py
[2023-07-02T02:05:18.943+0000] {processor.py:836} INFO - DAG(s) dict_keys(['example_skip_dag']) retrieved from /home/airflow/.local/lib/python3.7/site-packages/airflow/example_dags/example_skip_dag.py
[2023-07-02T02:05:19.019+0000] {logging_mixin.py:149} INFO - [2023-07-02T02:05:19.018+0000] {dag.py:2726} INFO - Sync 1 DAGs
[2023-07-02T02:05:19.130+0000] {logging_mixin.py:149} INFO - [2023-07-02T02:05:19.130+0000] {dag.py:3490} INFO - Setting next_dagrun for example_skip_dag to 2023-07-01T02:05:19.129823+00:00, run_after=2023-07-02T02:05:19.129823+00:00
[2023-07-02T02:05:19.163+0000] {processor.py:179} INFO - Processing /home/airflow/.local/lib/python3.7/site-packages/airflow/example_dags/example_skip_dag.py took 0.259 seconds
[2023-07-02T02:05:49.685+0000] {processor.py:157} INFO - Started process (PID=209) to work on /home/airflow/.local/lib/python3.7/site-packages/airflow/example_dags/example_skip_dag.py
[2023-07-02T02:05:49.689+0000] {processor.py:826} INFO - Processing file /home/airflow/.local/lib/python3.7/site-packages/airflow/example_dags/example_skip_dag.py for tasks to queue
[2023-07-02T02:05:49.691+0000] {logging_mixin.py:149} INFO - [2023-07-02T02:05:49.691+0000] {dagbag.py:541} INFO - Filling up the DagBag from /home/airflow/.local/lib/python3.7/site-packages/airflow/example_dags/example_skip_dag.py
[2023-07-02T02:05:49.720+0000] {processor.py:836} INFO - DAG(s) dict_keys(['example_skip_dag']) retrieved from /home/airflow/.local/lib/python3.7/site-packages/airflow/example_dags/example_skip_dag.py
[2023-07-02T02:05:49.780+0000] {logging_mixin.py:149} INFO - [2023-07-02T02:05:49.779+0000] {dag.py:2726} INFO - Sync 1 DAGs
[2023-07-02T02:05:49.821+0000] {logging_mixin.py:149} INFO - [2023-07-02T02:05:49.821+0000] {dag.py:3490} INFO - Setting next_dagrun for example_skip_dag to 2023-07-01T02:05:49.820691+00:00, run_after=2023-07-02T02:05:49.820691+00:00
[2023-07-02T02:05:49.872+0000] {processor.py:179} INFO - Processing /home/airflow/.local/lib/python3.7/site-packages/airflow/example_dags/example_skip_dag.py took 0.198 seconds
[2023-07-02T02:06:19.966+0000] {processor.py:157} INFO - Started process (PID=267) to work on /home/airflow/.local/lib/python3.7/site-packages/airflow/example_dags/example_skip_dag.py
[2023-07-02T02:06:19.968+0000] {processor.py:826} INFO - Processing file /home/airflow/.local/lib/python3.7/site-packages/airflow/example_dags/example_skip_dag.py for tasks to queue
[2023-07-02T02:06:19.969+0000] {logging_mixin.py:149} INFO - [2023-07-02T02:06:19.969+0000] {dagbag.py:541} INFO - Filling up the DagBag from /home/airflow/.local/lib/python3.7/site-packages/airflow/example_dags/example_skip_dag.py
[2023-07-02T02:06:19.979+0000] {processor.py:836} INFO - DAG(s) dict_keys(['example_skip_dag']) retrieved from /home/airflow/.local/lib/python3.7/site-packages/airflow/example_dags/example_skip_dag.py
[2023-07-02T02:06:20.017+0000] {logging_mixin.py:149} INFO - [2023-07-02T02:06:20.017+0000] {dag.py:2726} INFO - Sync 1 DAGs
[2023-07-02T02:06:20.062+0000] {logging_mixin.py:149} INFO - [2023-07-02T02:06:20.062+0000] {dag.py:3490} INFO - Setting next_dagrun for example_skip_dag to 2023-07-01T02:06:20.061654+00:00, run_after=2023-07-02T02:06:20.061654+00:00
[2023-07-02T02:06:20.085+0000] {processor.py:179} INFO - Processing /home/airflow/.local/lib/python3.7/site-packages/airflow/example_dags/example_skip_dag.py took 0.123 seconds
[2023-07-02T02:06:50.151+0000] {processor.py:157} INFO - Started process (PID=325) to work on /home/airflow/.local/lib/python3.7/site-packages/airflow/example_dags/example_skip_dag.py
[2023-07-02T02:06:50.154+0000] {processor.py:826} INFO - Processing file /home/airflow/.local/lib/python3.7/site-packages/airflow/example_dags/example_skip_dag.py for tasks to queue
[2023-07-02T02:06:50.156+0000] {logging_mixin.py:149} INFO - [2023-07-02T02:06:50.155+0000] {dagbag.py:541} INFO - Filling up the DagBag from /home/airflow/.local/lib/python3.7/site-packages/airflow/example_dags/example_skip_dag.py
[2023-07-02T02:06:50.171+0000] {processor.py:836} INFO - DAG(s) dict_keys(['example_skip_dag']) retrieved from /home/airflow/.local/lib/python3.7/site-packages/airflow/example_dags/example_skip_dag.py
[2023-07-02T02:06:50.241+0000] {logging_mixin.py:149} INFO - [2023-07-02T02:06:50.240+0000] {dag.py:2726} INFO - Sync 1 DAGs
[2023-07-02T02:06:50.311+0000] {logging_mixin.py:149} INFO - [2023-07-02T02:06:50.310+0000] {dag.py:3490} INFO - Setting next_dagrun for example_skip_dag to 2023-07-01T02:06:50.310191+00:00, run_after=2023-07-02T02:06:50.310191+00:00
[2023-07-02T02:06:50.360+0000] {processor.py:179} INFO - Processing /home/airflow/.local/lib/python3.7/site-packages/airflow/example_dags/example_skip_dag.py took 0.215 seconds
[2023-07-02T02:12:37.492+0000] {processor.py:157} INFO - Started process (PID=35) to work on /home/airflow/.local/lib/python3.7/site-packages/airflow/example_dags/example_skip_dag.py
[2023-07-02T02:12:37.494+0000] {processor.py:826} INFO - Processing file /home/airflow/.local/lib/python3.7/site-packages/airflow/example_dags/example_skip_dag.py for tasks to queue
[2023-07-02T02:12:37.496+0000] {logging_mixin.py:149} INFO - [2023-07-02T02:12:37.495+0000] {dagbag.py:541} INFO - Filling up the DagBag from /home/airflow/.local/lib/python3.7/site-packages/airflow/example_dags/example_skip_dag.py
[2023-07-02T02:12:37.546+0000] {processor.py:836} INFO - DAG(s) dict_keys(['example_skip_dag']) retrieved from /home/airflow/.local/lib/python3.7/site-packages/airflow/example_dags/example_skip_dag.py
[2023-07-02T02:12:37.642+0000] {logging_mixin.py:149} INFO - [2023-07-02T02:12:37.642+0000] {dag.py:2726} INFO - Sync 1 DAGs
[2023-07-02T02:12:37.685+0000] {logging_mixin.py:149} INFO - [2023-07-02T02:12:37.684+0000] {dag.py:3490} INFO - Setting next_dagrun for example_skip_dag to 2023-07-01T02:12:37.684541+00:00, run_after=2023-07-02T02:12:37.684541+00:00
[2023-07-02T02:12:37.890+0000] {processor.py:179} INFO - Processing /home/airflow/.local/lib/python3.7/site-packages/airflow/example_dags/example_skip_dag.py took 0.415 seconds
[2023-07-02T02:13:08.001+0000] {processor.py:157} INFO - Started process (PID=96) to work on /home/airflow/.local/lib/python3.7/site-packages/airflow/example_dags/example_skip_dag.py
[2023-07-02T02:13:08.002+0000] {processor.py:826} INFO - Processing file /home/airflow/.local/lib/python3.7/site-packages/airflow/example_dags/example_skip_dag.py for tasks to queue
[2023-07-02T02:13:08.003+0000] {logging_mixin.py:149} INFO - [2023-07-02T02:13:08.003+0000] {dagbag.py:541} INFO - Filling up the DagBag from /home/airflow/.local/lib/python3.7/site-packages/airflow/example_dags/example_skip_dag.py
[2023-07-02T02:13:08.014+0000] {processor.py:836} INFO - DAG(s) dict_keys(['example_skip_dag']) retrieved from /home/airflow/.local/lib/python3.7/site-packages/airflow/example_dags/example_skip_dag.py
[2023-07-02T02:13:08.152+0000] {logging_mixin.py:149} INFO - [2023-07-02T02:13:08.151+0000] {dag.py:2726} INFO - Sync 1 DAGs
[2023-07-02T02:13:08.184+0000] {logging_mixin.py:149} INFO - [2023-07-02T02:13:08.183+0000] {dag.py:3490} INFO - Setting next_dagrun for example_skip_dag to 2023-07-01T02:13:08.183656+00:00, run_after=2023-07-02T02:13:08.183656+00:00
[2023-07-02T02:13:08.211+0000] {processor.py:179} INFO - Processing /home/airflow/.local/lib/python3.7/site-packages/airflow/example_dags/example_skip_dag.py took 0.214 seconds
[2023-07-02T02:13:38.992+0000] {processor.py:157} INFO - Started process (PID=154) to work on /home/airflow/.local/lib/python3.7/site-packages/airflow/example_dags/example_skip_dag.py
[2023-07-02T02:13:38.994+0000] {processor.py:826} INFO - Processing file /home/airflow/.local/lib/python3.7/site-packages/airflow/example_dags/example_skip_dag.py for tasks to queue
[2023-07-02T02:13:38.995+0000] {logging_mixin.py:149} INFO - [2023-07-02T02:13:38.995+0000] {dagbag.py:541} INFO - Filling up the DagBag from /home/airflow/.local/lib/python3.7/site-packages/airflow/example_dags/example_skip_dag.py
[2023-07-02T02:13:39.006+0000] {processor.py:836} INFO - DAG(s) dict_keys(['example_skip_dag']) retrieved from /home/airflow/.local/lib/python3.7/site-packages/airflow/example_dags/example_skip_dag.py
[2023-07-02T02:13:39.040+0000] {logging_mixin.py:149} INFO - [2023-07-02T02:13:39.040+0000] {dag.py:2726} INFO - Sync 1 DAGs
[2023-07-02T02:13:39.075+0000] {logging_mixin.py:149} INFO - [2023-07-02T02:13:39.075+0000] {dag.py:3490} INFO - Setting next_dagrun for example_skip_dag to 2023-07-01T02:13:39.074908+00:00, run_after=2023-07-02T02:13:39.074908+00:00
[2023-07-02T02:13:39.104+0000] {processor.py:179} INFO - Processing /home/airflow/.local/lib/python3.7/site-packages/airflow/example_dags/example_skip_dag.py took 0.116 seconds
[2023-07-02T02:14:09.523+0000] {processor.py:157} INFO - Started process (PID=212) to work on /home/airflow/.local/lib/python3.7/site-packages/airflow/example_dags/example_skip_dag.py
[2023-07-02T02:14:09.524+0000] {processor.py:826} INFO - Processing file /home/airflow/.local/lib/python3.7/site-packages/airflow/example_dags/example_skip_dag.py for tasks to queue
[2023-07-02T02:14:09.525+0000] {logging_mixin.py:149} INFO - [2023-07-02T02:14:09.525+0000] {dagbag.py:541} INFO - Filling up the DagBag from /home/airflow/.local/lib/python3.7/site-packages/airflow/example_dags/example_skip_dag.py
[2023-07-02T02:14:09.534+0000] {processor.py:836} INFO - DAG(s) dict_keys(['example_skip_dag']) retrieved from /home/airflow/.local/lib/python3.7/site-packages/airflow/example_dags/example_skip_dag.py
[2023-07-02T02:14:09.565+0000] {logging_mixin.py:149} INFO - [2023-07-02T02:14:09.565+0000] {dag.py:2726} INFO - Sync 1 DAGs
[2023-07-02T02:14:09.597+0000] {logging_mixin.py:149} INFO - [2023-07-02T02:14:09.597+0000] {dag.py:3490} INFO - Setting next_dagrun for example_skip_dag to 2023-07-01T02:14:09.597231+00:00, run_after=2023-07-02T02:14:09.597231+00:00
[2023-07-02T02:14:09.623+0000] {processor.py:179} INFO - Processing /home/airflow/.local/lib/python3.7/site-packages/airflow/example_dags/example_skip_dag.py took 0.104 seconds
[2023-07-02T02:14:40.191+0000] {processor.py:157} INFO - Started process (PID=270) to work on /home/airflow/.local/lib/python3.7/site-packages/airflow/example_dags/example_skip_dag.py
[2023-07-02T02:14:40.192+0000] {processor.py:826} INFO - Processing file /home/airflow/.local/lib/python3.7/site-packages/airflow/example_dags/example_skip_dag.py for tasks to queue
[2023-07-02T02:14:40.193+0000] {logging_mixin.py:149} INFO - [2023-07-02T02:14:40.193+0000] {dagbag.py:541} INFO - Filling up the DagBag from /home/airflow/.local/lib/python3.7/site-packages/airflow/example_dags/example_skip_dag.py
[2023-07-02T02:14:40.204+0000] {processor.py:836} INFO - DAG(s) dict_keys(['example_skip_dag']) retrieved from /home/airflow/.local/lib/python3.7/site-packages/airflow/example_dags/example_skip_dag.py
[2023-07-02T02:14:40.356+0000] {logging_mixin.py:149} INFO - [2023-07-02T02:14:40.356+0000] {dag.py:2726} INFO - Sync 1 DAGs
[2023-07-02T02:14:40.381+0000] {logging_mixin.py:149} INFO - [2023-07-02T02:14:40.381+0000] {dag.py:3490} INFO - Setting next_dagrun for example_skip_dag to 2023-07-01T02:14:40.381579+00:00, run_after=2023-07-02T02:14:40.381579+00:00
[2023-07-02T02:14:40.403+0000] {processor.py:179} INFO - Processing /home/airflow/.local/lib/python3.7/site-packages/airflow/example_dags/example_skip_dag.py took 0.217 seconds
[2023-07-02T02:15:10.455+0000] {processor.py:157} INFO - Started process (PID=328) to work on /home/airflow/.local/lib/python3.7/site-packages/airflow/example_dags/example_skip_dag.py
[2023-07-02T02:15:10.456+0000] {processor.py:826} INFO - Processing file /home/airflow/.local/lib/python3.7/site-packages/airflow/example_dags/example_skip_dag.py for tasks to queue
[2023-07-02T02:15:10.457+0000] {logging_mixin.py:149} INFO - [2023-07-02T02:15:10.457+0000] {dagbag.py:541} INFO - Filling up the DagBag from /home/airflow/.local/lib/python3.7/site-packages/airflow/example_dags/example_skip_dag.py
[2023-07-02T02:15:10.467+0000] {processor.py:836} INFO - DAG(s) dict_keys(['example_skip_dag']) retrieved from /home/airflow/.local/lib/python3.7/site-packages/airflow/example_dags/example_skip_dag.py
[2023-07-02T02:15:10.498+0000] {logging_mixin.py:149} INFO - [2023-07-02T02:15:10.498+0000] {dag.py:2726} INFO - Sync 1 DAGs
[2023-07-02T02:15:10.528+0000] {logging_mixin.py:149} INFO - [2023-07-02T02:15:10.528+0000] {dag.py:3490} INFO - Setting next_dagrun for example_skip_dag to 2023-07-01T02:15:10.528186+00:00, run_after=2023-07-02T02:15:10.528186+00:00
[2023-07-02T02:15:10.551+0000] {processor.py:179} INFO - Processing /home/airflow/.local/lib/python3.7/site-packages/airflow/example_dags/example_skip_dag.py took 0.101 seconds
[2023-07-02T02:15:41.530+0000] {processor.py:157} INFO - Started process (PID=385) to work on /home/airflow/.local/lib/python3.7/site-packages/airflow/example_dags/example_skip_dag.py
[2023-07-02T02:15:41.532+0000] {processor.py:826} INFO - Processing file /home/airflow/.local/lib/python3.7/site-packages/airflow/example_dags/example_skip_dag.py for tasks to queue
[2023-07-02T02:15:41.533+0000] {logging_mixin.py:149} INFO - [2023-07-02T02:15:41.533+0000] {dagbag.py:541} INFO - Filling up the DagBag from /home/airflow/.local/lib/python3.7/site-packages/airflow/example_dags/example_skip_dag.py
[2023-07-02T02:15:41.545+0000] {processor.py:836} INFO - DAG(s) dict_keys(['example_skip_dag']) retrieved from /home/airflow/.local/lib/python3.7/site-packages/airflow/example_dags/example_skip_dag.py
[2023-07-02T02:15:41.720+0000] {logging_mixin.py:149} INFO - [2023-07-02T02:15:41.720+0000] {dag.py:2726} INFO - Sync 1 DAGs
[2023-07-02T02:15:41.752+0000] {logging_mixin.py:149} INFO - [2023-07-02T02:15:41.751+0000] {dag.py:3490} INFO - Setting next_dagrun for example_skip_dag to 2023-07-01T02:15:41.751494+00:00, run_after=2023-07-02T02:15:41.751494+00:00
[2023-07-02T02:15:41.785+0000] {processor.py:179} INFO - Processing /home/airflow/.local/lib/python3.7/site-packages/airflow/example_dags/example_skip_dag.py took 0.260 seconds
[2023-07-02T02:16:12.448+0000] {processor.py:157} INFO - Started process (PID=443) to work on /home/airflow/.local/lib/python3.7/site-packages/airflow/example_dags/example_skip_dag.py
[2023-07-02T02:16:12.449+0000] {processor.py:826} INFO - Processing file /home/airflow/.local/lib/python3.7/site-packages/airflow/example_dags/example_skip_dag.py for tasks to queue
[2023-07-02T02:16:12.450+0000] {logging_mixin.py:149} INFO - [2023-07-02T02:16:12.450+0000] {dagbag.py:541} INFO - Filling up the DagBag from /home/airflow/.local/lib/python3.7/site-packages/airflow/example_dags/example_skip_dag.py
[2023-07-02T02:16:12.459+0000] {processor.py:836} INFO - DAG(s) dict_keys(['example_skip_dag']) retrieved from /home/airflow/.local/lib/python3.7/site-packages/airflow/example_dags/example_skip_dag.py
[2023-07-02T02:16:12.493+0000] {logging_mixin.py:149} INFO - [2023-07-02T02:16:12.492+0000] {dag.py:2726} INFO - Sync 1 DAGs
[2023-07-02T02:16:12.525+0000] {logging_mixin.py:149} INFO - [2023-07-02T02:16:12.525+0000] {dag.py:3490} INFO - Setting next_dagrun for example_skip_dag to 2023-07-01T02:16:12.524796+00:00, run_after=2023-07-02T02:16:12.524796+00:00
[2023-07-02T02:16:12.548+0000] {processor.py:179} INFO - Processing /home/airflow/.local/lib/python3.7/site-packages/airflow/example_dags/example_skip_dag.py took 0.104 seconds
[2023-07-02T02:16:43.656+0000] {processor.py:157} INFO - Started process (PID=502) to work on /home/airflow/.local/lib/python3.7/site-packages/airflow/example_dags/example_skip_dag.py
[2023-07-02T02:16:43.657+0000] {processor.py:826} INFO - Processing file /home/airflow/.local/lib/python3.7/site-packages/airflow/example_dags/example_skip_dag.py for tasks to queue
[2023-07-02T02:16:43.659+0000] {logging_mixin.py:149} INFO - [2023-07-02T02:16:43.659+0000] {dagbag.py:541} INFO - Filling up the DagBag from /home/airflow/.local/lib/python3.7/site-packages/airflow/example_dags/example_skip_dag.py
[2023-07-02T02:16:43.671+0000] {processor.py:836} INFO - DAG(s) dict_keys(['example_skip_dag']) retrieved from /home/airflow/.local/lib/python3.7/site-packages/airflow/example_dags/example_skip_dag.py
[2023-07-02T02:16:43.721+0000] {logging_mixin.py:149} INFO - [2023-07-02T02:16:43.721+0000] {dag.py:2726} INFO - Sync 1 DAGs
[2023-07-02T02:16:43.779+0000] {logging_mixin.py:149} INFO - [2023-07-02T02:16:43.778+0000] {dag.py:3490} INFO - Setting next_dagrun for example_skip_dag to 2023-07-01T02:16:43.778381+00:00, run_after=2023-07-02T02:16:43.778381+00:00
[2023-07-02T02:16:43.821+0000] {processor.py:179} INFO - Processing /home/airflow/.local/lib/python3.7/site-packages/airflow/example_dags/example_skip_dag.py took 0.169 seconds
[2023-07-02T02:17:13.958+0000] {processor.py:157} INFO - Started process (PID=561) to work on /home/airflow/.local/lib/python3.7/site-packages/airflow/example_dags/example_skip_dag.py
[2023-07-02T02:17:13.960+0000] {processor.py:826} INFO - Processing file /home/airflow/.local/lib/python3.7/site-packages/airflow/example_dags/example_skip_dag.py for tasks to queue
[2023-07-02T02:17:13.961+0000] {logging_mixin.py:149} INFO - [2023-07-02T02:17:13.961+0000] {dagbag.py:541} INFO - Filling up the DagBag from /home/airflow/.local/lib/python3.7/site-packages/airflow/example_dags/example_skip_dag.py
[2023-07-02T02:17:13.971+0000] {processor.py:836} INFO - DAG(s) dict_keys(['example_skip_dag']) retrieved from /home/airflow/.local/lib/python3.7/site-packages/airflow/example_dags/example_skip_dag.py
[2023-07-02T02:17:14.004+0000] {logging_mixin.py:149} INFO - [2023-07-02T02:17:14.003+0000] {dag.py:2726} INFO - Sync 1 DAGs
[2023-07-02T02:17:14.038+0000] {logging_mixin.py:149} INFO - [2023-07-02T02:17:14.038+0000] {dag.py:3490} INFO - Setting next_dagrun for example_skip_dag to 2023-07-01T02:17:14.038382+00:00, run_after=2023-07-02T02:17:14.038382+00:00
[2023-07-02T02:17:14.063+0000] {processor.py:179} INFO - Processing /home/airflow/.local/lib/python3.7/site-packages/airflow/example_dags/example_skip_dag.py took 0.110 seconds
[2023-07-02T02:17:44.439+0000] {processor.py:157} INFO - Started process (PID=620) to work on /home/airflow/.local/lib/python3.7/site-packages/airflow/example_dags/example_skip_dag.py
[2023-07-02T02:17:44.440+0000] {processor.py:826} INFO - Processing file /home/airflow/.local/lib/python3.7/site-packages/airflow/example_dags/example_skip_dag.py for tasks to queue
[2023-07-02T02:17:44.441+0000] {logging_mixin.py:149} INFO - [2023-07-02T02:17:44.441+0000] {dagbag.py:541} INFO - Filling up the DagBag from /home/airflow/.local/lib/python3.7/site-packages/airflow/example_dags/example_skip_dag.py
[2023-07-02T02:17:44.452+0000] {processor.py:836} INFO - DAG(s) dict_keys(['example_skip_dag']) retrieved from /home/airflow/.local/lib/python3.7/site-packages/airflow/example_dags/example_skip_dag.py
[2023-07-02T02:17:44.485+0000] {logging_mixin.py:149} INFO - [2023-07-02T02:17:44.485+0000] {dag.py:2726} INFO - Sync 1 DAGs
[2023-07-02T02:17:44.522+0000] {logging_mixin.py:149} INFO - [2023-07-02T02:17:44.522+0000] {dag.py:3490} INFO - Setting next_dagrun for example_skip_dag to 2023-07-01T02:17:44.521755+00:00, run_after=2023-07-02T02:17:44.521755+00:00
[2023-07-02T02:17:44.552+0000] {processor.py:179} INFO - Processing /home/airflow/.local/lib/python3.7/site-packages/airflow/example_dags/example_skip_dag.py took 0.117 seconds
[2023-07-02T02:18:15.002+0000] {processor.py:157} INFO - Started process (PID=678) to work on /home/airflow/.local/lib/python3.7/site-packages/airflow/example_dags/example_skip_dag.py
[2023-07-02T02:18:15.004+0000] {processor.py:826} INFO - Processing file /home/airflow/.local/lib/python3.7/site-packages/airflow/example_dags/example_skip_dag.py for tasks to queue
[2023-07-02T02:18:15.005+0000] {logging_mixin.py:149} INFO - [2023-07-02T02:18:15.005+0000] {dagbag.py:541} INFO - Filling up the DagBag from /home/airflow/.local/lib/python3.7/site-packages/airflow/example_dags/example_skip_dag.py
[2023-07-02T02:18:15.015+0000] {processor.py:836} INFO - DAG(s) dict_keys(['example_skip_dag']) retrieved from /home/airflow/.local/lib/python3.7/site-packages/airflow/example_dags/example_skip_dag.py
[2023-07-02T02:18:15.048+0000] {logging_mixin.py:149} INFO - [2023-07-02T02:18:15.047+0000] {dag.py:2726} INFO - Sync 1 DAGs
[2023-07-02T02:18:15.079+0000] {logging_mixin.py:149} INFO - [2023-07-02T02:18:15.079+0000] {dag.py:3490} INFO - Setting next_dagrun for example_skip_dag to 2023-07-01T02:18:15.078878+00:00, run_after=2023-07-02T02:18:15.078878+00:00
[2023-07-02T02:18:15.102+0000] {processor.py:179} INFO - Processing /home/airflow/.local/lib/python3.7/site-packages/airflow/example_dags/example_skip_dag.py took 0.105 seconds
[2023-07-02T02:18:45.536+0000] {processor.py:157} INFO - Started process (PID=736) to work on /home/airflow/.local/lib/python3.7/site-packages/airflow/example_dags/example_skip_dag.py
[2023-07-02T02:18:45.537+0000] {processor.py:826} INFO - Processing file /home/airflow/.local/lib/python3.7/site-packages/airflow/example_dags/example_skip_dag.py for tasks to queue
[2023-07-02T02:18:45.538+0000] {logging_mixin.py:149} INFO - [2023-07-02T02:18:45.538+0000] {dagbag.py:541} INFO - Filling up the DagBag from /home/airflow/.local/lib/python3.7/site-packages/airflow/example_dags/example_skip_dag.py
[2023-07-02T02:18:45.547+0000] {processor.py:836} INFO - DAG(s) dict_keys(['example_skip_dag']) retrieved from /home/airflow/.local/lib/python3.7/site-packages/airflow/example_dags/example_skip_dag.py
[2023-07-02T02:18:45.576+0000] {logging_mixin.py:149} INFO - [2023-07-02T02:18:45.576+0000] {dag.py:2726} INFO - Sync 1 DAGs
[2023-07-02T02:18:45.610+0000] {logging_mixin.py:149} INFO - [2023-07-02T02:18:45.610+0000] {dag.py:3490} INFO - Setting next_dagrun for example_skip_dag to 2023-07-01T02:18:45.609963+00:00, run_after=2023-07-02T02:18:45.609963+00:00
[2023-07-02T02:18:45.634+0000] {processor.py:179} INFO - Processing /home/airflow/.local/lib/python3.7/site-packages/airflow/example_dags/example_skip_dag.py took 0.102 seconds
[2023-07-02T02:19:15.676+0000] {processor.py:157} INFO - Started process (PID=793) to work on /home/airflow/.local/lib/python3.7/site-packages/airflow/example_dags/example_skip_dag.py
[2023-07-02T02:19:15.678+0000] {processor.py:826} INFO - Processing file /home/airflow/.local/lib/python3.7/site-packages/airflow/example_dags/example_skip_dag.py for tasks to queue
[2023-07-02T02:19:15.679+0000] {logging_mixin.py:149} INFO - [2023-07-02T02:19:15.679+0000] {dagbag.py:541} INFO - Filling up the DagBag from /home/airflow/.local/lib/python3.7/site-packages/airflow/example_dags/example_skip_dag.py
[2023-07-02T02:19:15.691+0000] {processor.py:836} INFO - DAG(s) dict_keys(['example_skip_dag']) retrieved from /home/airflow/.local/lib/python3.7/site-packages/airflow/example_dags/example_skip_dag.py
[2023-07-02T02:19:15.726+0000] {logging_mixin.py:149} INFO - [2023-07-02T02:19:15.726+0000] {dag.py:2726} INFO - Sync 1 DAGs
[2023-07-02T02:19:15.762+0000] {logging_mixin.py:149} INFO - [2023-07-02T02:19:15.762+0000] {dag.py:3490} INFO - Setting next_dagrun for example_skip_dag to 2023-07-01T02:19:15.761724+00:00, run_after=2023-07-02T02:19:15.761724+00:00
[2023-07-02T02:19:15.790+0000] {processor.py:179} INFO - Processing /home/airflow/.local/lib/python3.7/site-packages/airflow/example_dags/example_skip_dag.py took 0.119 seconds
[2023-07-02T02:19:46.795+0000] {processor.py:157} INFO - Started process (PID=851) to work on /home/airflow/.local/lib/python3.7/site-packages/airflow/example_dags/example_skip_dag.py
[2023-07-02T02:19:46.797+0000] {processor.py:826} INFO - Processing file /home/airflow/.local/lib/python3.7/site-packages/airflow/example_dags/example_skip_dag.py for tasks to queue
[2023-07-02T02:19:46.798+0000] {logging_mixin.py:149} INFO - [2023-07-02T02:19:46.798+0000] {dagbag.py:541} INFO - Filling up the DagBag from /home/airflow/.local/lib/python3.7/site-packages/airflow/example_dags/example_skip_dag.py
[2023-07-02T02:19:46.808+0000] {processor.py:836} INFO - DAG(s) dict_keys(['example_skip_dag']) retrieved from /home/airflow/.local/lib/python3.7/site-packages/airflow/example_dags/example_skip_dag.py
[2023-07-02T02:19:46.863+0000] {logging_mixin.py:149} INFO - [2023-07-02T02:19:46.862+0000] {dag.py:2726} INFO - Sync 1 DAGs
[2023-07-02T02:19:46.900+0000] {logging_mixin.py:149} INFO - [2023-07-02T02:19:46.900+0000] {dag.py:3490} INFO - Setting next_dagrun for example_skip_dag to 2023-07-01T02:19:46.899975+00:00, run_after=2023-07-02T02:19:46.899975+00:00
[2023-07-02T02:19:46.928+0000] {processor.py:179} INFO - Processing /home/airflow/.local/lib/python3.7/site-packages/airflow/example_dags/example_skip_dag.py took 0.137 seconds
[2023-07-02T02:20:17.195+0000] {processor.py:157} INFO - Started process (PID=910) to work on /home/airflow/.local/lib/python3.7/site-packages/airflow/example_dags/example_skip_dag.py
[2023-07-02T02:20:17.196+0000] {processor.py:826} INFO - Processing file /home/airflow/.local/lib/python3.7/site-packages/airflow/example_dags/example_skip_dag.py for tasks to queue
[2023-07-02T02:20:17.197+0000] {logging_mixin.py:149} INFO - [2023-07-02T02:20:17.197+0000] {dagbag.py:541} INFO - Filling up the DagBag from /home/airflow/.local/lib/python3.7/site-packages/airflow/example_dags/example_skip_dag.py
[2023-07-02T02:20:17.207+0000] {processor.py:836} INFO - DAG(s) dict_keys(['example_skip_dag']) retrieved from /home/airflow/.local/lib/python3.7/site-packages/airflow/example_dags/example_skip_dag.py
[2023-07-02T02:20:17.240+0000] {logging_mixin.py:149} INFO - [2023-07-02T02:20:17.240+0000] {dag.py:2726} INFO - Sync 1 DAGs
[2023-07-02T02:20:17.273+0000] {logging_mixin.py:149} INFO - [2023-07-02T02:20:17.273+0000] {dag.py:3490} INFO - Setting next_dagrun for example_skip_dag to 2023-07-01T02:20:17.273062+00:00, run_after=2023-07-02T02:20:17.273062+00:00
[2023-07-02T02:20:17.299+0000] {processor.py:179} INFO - Processing /home/airflow/.local/lib/python3.7/site-packages/airflow/example_dags/example_skip_dag.py took 0.109 seconds
[2023-07-02T02:20:47.762+0000] {processor.py:157} INFO - Started process (PID=968) to work on /home/airflow/.local/lib/python3.7/site-packages/airflow/example_dags/example_skip_dag.py
[2023-07-02T02:20:47.763+0000] {processor.py:826} INFO - Processing file /home/airflow/.local/lib/python3.7/site-packages/airflow/example_dags/example_skip_dag.py for tasks to queue
[2023-07-02T02:20:47.764+0000] {logging_mixin.py:149} INFO - [2023-07-02T02:20:47.764+0000] {dagbag.py:541} INFO - Filling up the DagBag from /home/airflow/.local/lib/python3.7/site-packages/airflow/example_dags/example_skip_dag.py
[2023-07-02T02:20:47.775+0000] {processor.py:836} INFO - DAG(s) dict_keys(['example_skip_dag']) retrieved from /home/airflow/.local/lib/python3.7/site-packages/airflow/example_dags/example_skip_dag.py
[2023-07-02T02:20:47.807+0000] {logging_mixin.py:149} INFO - [2023-07-02T02:20:47.807+0000] {dag.py:2726} INFO - Sync 1 DAGs
[2023-07-02T02:20:47.839+0000] {logging_mixin.py:149} INFO - [2023-07-02T02:20:47.839+0000] {dag.py:3490} INFO - Setting next_dagrun for example_skip_dag to 2023-07-01T02:20:47.839110+00:00, run_after=2023-07-02T02:20:47.839110+00:00
[2023-07-02T02:20:47.862+0000] {processor.py:179} INFO - Processing /home/airflow/.local/lib/python3.7/site-packages/airflow/example_dags/example_skip_dag.py took 0.104 seconds
[2023-07-02T02:21:18.057+0000] {processor.py:157} INFO - Started process (PID=1026) to work on /home/airflow/.local/lib/python3.7/site-packages/airflow/example_dags/example_skip_dag.py
[2023-07-02T02:21:18.059+0000] {processor.py:826} INFO - Processing file /home/airflow/.local/lib/python3.7/site-packages/airflow/example_dags/example_skip_dag.py for tasks to queue
[2023-07-02T02:21:18.060+0000] {logging_mixin.py:149} INFO - [2023-07-02T02:21:18.060+0000] {dagbag.py:541} INFO - Filling up the DagBag from /home/airflow/.local/lib/python3.7/site-packages/airflow/example_dags/example_skip_dag.py
[2023-07-02T02:21:18.070+0000] {processor.py:836} INFO - DAG(s) dict_keys(['example_skip_dag']) retrieved from /home/airflow/.local/lib/python3.7/site-packages/airflow/example_dags/example_skip_dag.py
[2023-07-02T02:21:18.104+0000] {logging_mixin.py:149} INFO - [2023-07-02T02:21:18.104+0000] {dag.py:2726} INFO - Sync 1 DAGs
[2023-07-02T02:21:18.136+0000] {logging_mixin.py:149} INFO - [2023-07-02T02:21:18.136+0000] {dag.py:3490} INFO - Setting next_dagrun for example_skip_dag to 2023-07-01T02:21:18.136284+00:00, run_after=2023-07-02T02:21:18.136284+00:00
[2023-07-02T02:21:18.160+0000] {processor.py:179} INFO - Processing /home/airflow/.local/lib/python3.7/site-packages/airflow/example_dags/example_skip_dag.py took 0.106 seconds
