[2023-07-02T01:19:24.712+0000] {processor.py:157} INFO - Started process (PID=80) to work on /home/airflow/.local/lib/python3.7/site-packages/airflow/example_dags/example_dynamic_task_mapping_with_no_taskflow_operators.py
[2023-07-02T01:19:24.716+0000] {processor.py:826} INFO - Processing file /home/airflow/.local/lib/python3.7/site-packages/airflow/example_dags/example_dynamic_task_mapping_with_no_taskflow_operators.py for tasks to queue
[2023-07-02T01:19:24.721+0000] {logging_mixin.py:149} INFO - [2023-07-02T01:19:24.720+0000] {dagbag.py:541} INFO - Filling up the DagBag from /home/airflow/.local/lib/python3.7/site-packages/airflow/example_dags/example_dynamic_task_mapping_with_no_taskflow_operators.py
[2023-07-02T01:19:24.743+0000] {processor.py:836} INFO - DAG(s) dict_keys(['example_dynamic_task_mapping_with_no_taskflow_operators']) retrieved from /home/airflow/.local/lib/python3.7/site-packages/airflow/example_dags/example_dynamic_task_mapping_with_no_taskflow_operators.py
[2023-07-02T01:19:25.172+0000] {logging_mixin.py:149} INFO - [2023-07-02T01:19:25.172+0000] {manager.py:504} INFO - Created Permission View: can delete on DAG:example_dynamic_task_mapping_with_no_taskflow_operators
[2023-07-02T01:19:25.233+0000] {logging_mixin.py:149} INFO - [2023-07-02T01:19:25.233+0000] {manager.py:504} INFO - Created Permission View: can edit on DAG:example_dynamic_task_mapping_with_no_taskflow_operators
[2023-07-02T01:19:25.253+0000] {logging_mixin.py:149} INFO - [2023-07-02T01:19:25.253+0000] {manager.py:504} INFO - Created Permission View: can read on DAG:example_dynamic_task_mapping_with_no_taskflow_operators
[2023-07-02T01:19:25.305+0000] {logging_mixin.py:149} INFO - [2023-07-02T01:19:25.304+0000] {dag.py:2726} INFO - Sync 1 DAGs
[2023-07-02T01:19:25.356+0000] {logging_mixin.py:149} INFO - [2023-07-02T01:19:25.356+0000] {dag.py:2747} INFO - Creating ORM DAG for example_dynamic_task_mapping_with_no_taskflow_operators
[2023-07-02T01:19:25.393+0000] {logging_mixin.py:149} INFO - [2023-07-02T01:19:25.391+0000] {dag.py:3490} INFO - Setting next_dagrun for example_dynamic_task_mapping_with_no_taskflow_operators to 2023-07-01T01:19:25.391298+00:00, run_after=2023-07-02T01:19:25.391298+00:00
[2023-07-02T01:19:25.468+0000] {processor.py:179} INFO - Processing /home/airflow/.local/lib/python3.7/site-packages/airflow/example_dags/example_dynamic_task_mapping_with_no_taskflow_operators.py took 0.762 seconds
[2023-07-02T01:19:57.544+0000] {processor.py:157} INFO - Started process (PID=137) to work on /home/airflow/.local/lib/python3.7/site-packages/airflow/example_dags/example_dynamic_task_mapping_with_no_taskflow_operators.py
[2023-07-02T01:19:57.546+0000] {processor.py:826} INFO - Processing file /home/airflow/.local/lib/python3.7/site-packages/airflow/example_dags/example_dynamic_task_mapping_with_no_taskflow_operators.py for tasks to queue
[2023-07-02T01:19:57.548+0000] {logging_mixin.py:149} INFO - [2023-07-02T01:19:57.547+0000] {dagbag.py:541} INFO - Filling up the DagBag from /home/airflow/.local/lib/python3.7/site-packages/airflow/example_dags/example_dynamic_task_mapping_with_no_taskflow_operators.py
[2023-07-02T01:19:57.563+0000] {processor.py:836} INFO - DAG(s) dict_keys(['example_dynamic_task_mapping_with_no_taskflow_operators']) retrieved from /home/airflow/.local/lib/python3.7/site-packages/airflow/example_dags/example_dynamic_task_mapping_with_no_taskflow_operators.py
[2023-07-02T01:19:57.608+0000] {logging_mixin.py:149} INFO - [2023-07-02T01:19:57.607+0000] {dag.py:2726} INFO - Sync 1 DAGs
[2023-07-02T01:19:57.676+0000] {logging_mixin.py:149} INFO - [2023-07-02T01:19:57.675+0000] {dag.py:3490} INFO - Setting next_dagrun for example_dynamic_task_mapping_with_no_taskflow_operators to 2023-07-01T01:19:57.675229+00:00, run_after=2023-07-02T01:19:57.675229+00:00
[2023-07-02T01:19:57.713+0000] {processor.py:179} INFO - Processing /home/airflow/.local/lib/python3.7/site-packages/airflow/example_dags/example_dynamic_task_mapping_with_no_taskflow_operators.py took 0.195 seconds
[2023-07-02T01:20:28.870+0000] {processor.py:157} INFO - Started process (PID=195) to work on /home/airflow/.local/lib/python3.7/site-packages/airflow/example_dags/example_dynamic_task_mapping_with_no_taskflow_operators.py
[2023-07-02T01:20:28.872+0000] {processor.py:826} INFO - Processing file /home/airflow/.local/lib/python3.7/site-packages/airflow/example_dags/example_dynamic_task_mapping_with_no_taskflow_operators.py for tasks to queue
[2023-07-02T01:20:28.876+0000] {logging_mixin.py:149} INFO - [2023-07-02T01:20:28.876+0000] {dagbag.py:541} INFO - Filling up the DagBag from /home/airflow/.local/lib/python3.7/site-packages/airflow/example_dags/example_dynamic_task_mapping_with_no_taskflow_operators.py
[2023-07-02T01:20:28.895+0000] {processor.py:836} INFO - DAG(s) dict_keys(['example_dynamic_task_mapping_with_no_taskflow_operators']) retrieved from /home/airflow/.local/lib/python3.7/site-packages/airflow/example_dags/example_dynamic_task_mapping_with_no_taskflow_operators.py
[2023-07-02T01:20:28.945+0000] {logging_mixin.py:149} INFO - [2023-07-02T01:20:28.944+0000] {dag.py:2726} INFO - Sync 1 DAGs
[2023-07-02T01:20:28.994+0000] {logging_mixin.py:149} INFO - [2023-07-02T01:20:28.994+0000] {dag.py:3490} INFO - Setting next_dagrun for example_dynamic_task_mapping_with_no_taskflow_operators to 2023-07-01T01:20:28.993911+00:00, run_after=2023-07-02T01:20:28.993911+00:00
[2023-07-02T01:20:29.035+0000] {processor.py:179} INFO - Processing /home/airflow/.local/lib/python3.7/site-packages/airflow/example_dags/example_dynamic_task_mapping_with_no_taskflow_operators.py took 0.173 seconds
[2023-07-02T01:21:00.109+0000] {processor.py:157} INFO - Started process (PID=254) to work on /home/airflow/.local/lib/python3.7/site-packages/airflow/example_dags/example_dynamic_task_mapping_with_no_taskflow_operators.py
[2023-07-02T01:21:00.111+0000] {processor.py:826} INFO - Processing file /home/airflow/.local/lib/python3.7/site-packages/airflow/example_dags/example_dynamic_task_mapping_with_no_taskflow_operators.py for tasks to queue
[2023-07-02T01:21:00.114+0000] {logging_mixin.py:149} INFO - [2023-07-02T01:21:00.114+0000] {dagbag.py:541} INFO - Filling up the DagBag from /home/airflow/.local/lib/python3.7/site-packages/airflow/example_dags/example_dynamic_task_mapping_with_no_taskflow_operators.py
[2023-07-02T01:21:00.134+0000] {processor.py:836} INFO - DAG(s) dict_keys(['example_dynamic_task_mapping_with_no_taskflow_operators']) retrieved from /home/airflow/.local/lib/python3.7/site-packages/airflow/example_dags/example_dynamic_task_mapping_with_no_taskflow_operators.py
[2023-07-02T01:21:00.193+0000] {logging_mixin.py:149} INFO - [2023-07-02T01:21:00.192+0000] {dag.py:2726} INFO - Sync 1 DAGs
[2023-07-02T01:21:00.243+0000] {logging_mixin.py:149} INFO - [2023-07-02T01:21:00.243+0000] {dag.py:3490} INFO - Setting next_dagrun for example_dynamic_task_mapping_with_no_taskflow_operators to 2023-07-01T01:21:00.242534+00:00, run_after=2023-07-02T01:21:00.242534+00:00
[2023-07-02T01:21:00.282+0000] {processor.py:179} INFO - Processing /home/airflow/.local/lib/python3.7/site-packages/airflow/example_dags/example_dynamic_task_mapping_with_no_taskflow_operators.py took 0.179 seconds
[2023-07-02T01:21:32.326+0000] {processor.py:157} INFO - Started process (PID=313) to work on /home/airflow/.local/lib/python3.7/site-packages/airflow/example_dags/example_dynamic_task_mapping_with_no_taskflow_operators.py
[2023-07-02T01:21:32.328+0000] {processor.py:826} INFO - Processing file /home/airflow/.local/lib/python3.7/site-packages/airflow/example_dags/example_dynamic_task_mapping_with_no_taskflow_operators.py for tasks to queue
[2023-07-02T01:21:32.337+0000] {logging_mixin.py:149} INFO - [2023-07-02T01:21:32.337+0000] {dagbag.py:541} INFO - Filling up the DagBag from /home/airflow/.local/lib/python3.7/site-packages/airflow/example_dags/example_dynamic_task_mapping_with_no_taskflow_operators.py
[2023-07-02T01:21:32.356+0000] {processor.py:836} INFO - DAG(s) dict_keys(['example_dynamic_task_mapping_with_no_taskflow_operators']) retrieved from /home/airflow/.local/lib/python3.7/site-packages/airflow/example_dags/example_dynamic_task_mapping_with_no_taskflow_operators.py
[2023-07-02T01:21:32.415+0000] {logging_mixin.py:149} INFO - [2023-07-02T01:21:32.414+0000] {dag.py:2726} INFO - Sync 1 DAGs
[2023-07-02T01:21:32.475+0000] {logging_mixin.py:149} INFO - [2023-07-02T01:21:32.475+0000] {dag.py:3490} INFO - Setting next_dagrun for example_dynamic_task_mapping_with_no_taskflow_operators to 2023-07-01T01:21:32.474719+00:00, run_after=2023-07-02T01:21:32.474719+00:00
[2023-07-02T01:21:32.515+0000] {processor.py:179} INFO - Processing /home/airflow/.local/lib/python3.7/site-packages/airflow/example_dags/example_dynamic_task_mapping_with_no_taskflow_operators.py took 0.202 seconds
[2023-07-02T01:22:04.393+0000] {processor.py:157} INFO - Started process (PID=370) to work on /home/airflow/.local/lib/python3.7/site-packages/airflow/example_dags/example_dynamic_task_mapping_with_no_taskflow_operators.py
[2023-07-02T01:22:04.396+0000] {processor.py:826} INFO - Processing file /home/airflow/.local/lib/python3.7/site-packages/airflow/example_dags/example_dynamic_task_mapping_with_no_taskflow_operators.py for tasks to queue
[2023-07-02T01:22:04.398+0000] {logging_mixin.py:149} INFO - [2023-07-02T01:22:04.398+0000] {dagbag.py:541} INFO - Filling up the DagBag from /home/airflow/.local/lib/python3.7/site-packages/airflow/example_dags/example_dynamic_task_mapping_with_no_taskflow_operators.py
[2023-07-02T01:22:04.419+0000] {processor.py:836} INFO - DAG(s) dict_keys(['example_dynamic_task_mapping_with_no_taskflow_operators']) retrieved from /home/airflow/.local/lib/python3.7/site-packages/airflow/example_dags/example_dynamic_task_mapping_with_no_taskflow_operators.py
[2023-07-02T01:22:04.486+0000] {logging_mixin.py:149} INFO - [2023-07-02T01:22:04.485+0000] {dag.py:2726} INFO - Sync 1 DAGs
[2023-07-02T01:22:04.550+0000] {logging_mixin.py:149} INFO - [2023-07-02T01:22:04.549+0000] {dag.py:3490} INFO - Setting next_dagrun for example_dynamic_task_mapping_with_no_taskflow_operators to 2023-07-01T01:22:04.549190+00:00, run_after=2023-07-02T01:22:04.549190+00:00
[2023-07-02T01:22:04.598+0000] {processor.py:179} INFO - Processing /home/airflow/.local/lib/python3.7/site-packages/airflow/example_dags/example_dynamic_task_mapping_with_no_taskflow_operators.py took 0.217 seconds
[2023-07-02T01:22:36.095+0000] {processor.py:157} INFO - Started process (PID=428) to work on /home/airflow/.local/lib/python3.7/site-packages/airflow/example_dags/example_dynamic_task_mapping_with_no_taskflow_operators.py
[2023-07-02T01:22:36.097+0000] {processor.py:826} INFO - Processing file /home/airflow/.local/lib/python3.7/site-packages/airflow/example_dags/example_dynamic_task_mapping_with_no_taskflow_operators.py for tasks to queue
[2023-07-02T01:22:36.099+0000] {logging_mixin.py:149} INFO - [2023-07-02T01:22:36.098+0000] {dagbag.py:541} INFO - Filling up the DagBag from /home/airflow/.local/lib/python3.7/site-packages/airflow/example_dags/example_dynamic_task_mapping_with_no_taskflow_operators.py
[2023-07-02T01:22:36.114+0000] {processor.py:836} INFO - DAG(s) dict_keys(['example_dynamic_task_mapping_with_no_taskflow_operators']) retrieved from /home/airflow/.local/lib/python3.7/site-packages/airflow/example_dags/example_dynamic_task_mapping_with_no_taskflow_operators.py
[2023-07-02T01:22:36.178+0000] {logging_mixin.py:149} INFO - [2023-07-02T01:22:36.178+0000] {dag.py:2726} INFO - Sync 1 DAGs
[2023-07-02T01:22:36.234+0000] {logging_mixin.py:149} INFO - [2023-07-02T01:22:36.234+0000] {dag.py:3490} INFO - Setting next_dagrun for example_dynamic_task_mapping_with_no_taskflow_operators to 2023-07-01T01:22:36.233791+00:00, run_after=2023-07-02T01:22:36.233791+00:00
[2023-07-02T01:22:36.279+0000] {processor.py:179} INFO - Processing /home/airflow/.local/lib/python3.7/site-packages/airflow/example_dags/example_dynamic_task_mapping_with_no_taskflow_operators.py took 0.193 seconds
[2023-07-02T01:23:08.273+0000] {processor.py:157} INFO - Started process (PID=489) to work on /home/airflow/.local/lib/python3.7/site-packages/airflow/example_dags/example_dynamic_task_mapping_with_no_taskflow_operators.py
[2023-07-02T01:23:08.287+0000] {processor.py:826} INFO - Processing file /home/airflow/.local/lib/python3.7/site-packages/airflow/example_dags/example_dynamic_task_mapping_with_no_taskflow_operators.py for tasks to queue
[2023-07-02T01:23:08.296+0000] {logging_mixin.py:149} INFO - [2023-07-02T01:23:08.295+0000] {dagbag.py:541} INFO - Filling up the DagBag from /home/airflow/.local/lib/python3.7/site-packages/airflow/example_dags/example_dynamic_task_mapping_with_no_taskflow_operators.py
[2023-07-02T01:23:08.433+0000] {processor.py:836} INFO - DAG(s) dict_keys(['example_dynamic_task_mapping_with_no_taskflow_operators']) retrieved from /home/airflow/.local/lib/python3.7/site-packages/airflow/example_dags/example_dynamic_task_mapping_with_no_taskflow_operators.py
[2023-07-02T01:23:08.547+0000] {logging_mixin.py:149} INFO - [2023-07-02T01:23:08.546+0000] {dag.py:2726} INFO - Sync 1 DAGs
[2023-07-02T01:23:08.754+0000] {logging_mixin.py:149} INFO - [2023-07-02T01:23:08.754+0000] {dag.py:3490} INFO - Setting next_dagrun for example_dynamic_task_mapping_with_no_taskflow_operators to 2023-07-01T01:23:08.743977+00:00, run_after=2023-07-02T01:23:08.743977+00:00
[2023-07-02T01:23:09.795+0000] {processor.py:179} INFO - Processing /home/airflow/.local/lib/python3.7/site-packages/airflow/example_dags/example_dynamic_task_mapping_with_no_taskflow_operators.py took 1.631 seconds
[2023-07-02T01:23:53.988+0000] {processor.py:157} INFO - Started process (PID=552) to work on /home/airflow/.local/lib/python3.7/site-packages/airflow/example_dags/example_dynamic_task_mapping_with_no_taskflow_operators.py
[2023-07-02T01:23:53.992+0000] {processor.py:826} INFO - Processing file /home/airflow/.local/lib/python3.7/site-packages/airflow/example_dags/example_dynamic_task_mapping_with_no_taskflow_operators.py for tasks to queue
[2023-07-02T01:23:53.998+0000] {logging_mixin.py:149} INFO - [2023-07-02T01:23:53.997+0000] {dagbag.py:541} INFO - Filling up the DagBag from /home/airflow/.local/lib/python3.7/site-packages/airflow/example_dags/example_dynamic_task_mapping_with_no_taskflow_operators.py
[2023-07-02T01:23:54.062+0000] {processor.py:836} INFO - DAG(s) dict_keys(['example_dynamic_task_mapping_with_no_taskflow_operators']) retrieved from /home/airflow/.local/lib/python3.7/site-packages/airflow/example_dags/example_dynamic_task_mapping_with_no_taskflow_operators.py
[2023-07-02T01:23:54.140+0000] {logging_mixin.py:149} INFO - [2023-07-02T01:23:54.140+0000] {dag.py:2726} INFO - Sync 1 DAGs
[2023-07-02T01:23:54.192+0000] {logging_mixin.py:149} INFO - [2023-07-02T01:23:54.192+0000] {dag.py:3490} INFO - Setting next_dagrun for example_dynamic_task_mapping_with_no_taskflow_operators to 2023-07-01T01:23:54.191558+00:00, run_after=2023-07-02T01:23:54.191558+00:00
[2023-07-02T01:23:54.251+0000] {processor.py:179} INFO - Processing /home/airflow/.local/lib/python3.7/site-packages/airflow/example_dags/example_dynamic_task_mapping_with_no_taskflow_operators.py took 0.285 seconds
[2023-07-02T02:04:23.748+0000] {processor.py:157} INFO - Started process (PID=71) to work on /home/airflow/.local/lib/python3.7/site-packages/airflow/example_dags/example_dynamic_task_mapping_with_no_taskflow_operators.py
[2023-07-02T02:04:23.750+0000] {processor.py:826} INFO - Processing file /home/airflow/.local/lib/python3.7/site-packages/airflow/example_dags/example_dynamic_task_mapping_with_no_taskflow_operators.py for tasks to queue
[2023-07-02T02:04:23.752+0000] {logging_mixin.py:149} INFO - [2023-07-02T02:04:23.751+0000] {dagbag.py:541} INFO - Filling up the DagBag from /home/airflow/.local/lib/python3.7/site-packages/airflow/example_dags/example_dynamic_task_mapping_with_no_taskflow_operators.py
[2023-07-02T02:04:23.762+0000] {processor.py:836} INFO - DAG(s) dict_keys(['example_dynamic_task_mapping_with_no_taskflow_operators']) retrieved from /home/airflow/.local/lib/python3.7/site-packages/airflow/example_dags/example_dynamic_task_mapping_with_no_taskflow_operators.py
[2023-07-02T02:04:23.809+0000] {logging_mixin.py:149} INFO - [2023-07-02T02:04:23.809+0000] {dag.py:2726} INFO - Sync 1 DAGs
[2023-07-02T02:04:23.852+0000] {logging_mixin.py:149} INFO - [2023-07-02T02:04:23.852+0000] {dag.py:3490} INFO - Setting next_dagrun for example_dynamic_task_mapping_with_no_taskflow_operators to 2023-07-01T02:04:23.852394+00:00, run_after=2023-07-02T02:04:23.852394+00:00
[2023-07-02T02:04:23.886+0000] {processor.py:179} INFO - Processing /home/airflow/.local/lib/python3.7/site-packages/airflow/example_dags/example_dynamic_task_mapping_with_no_taskflow_operators.py took 0.143 seconds
[2023-07-02T02:04:54.402+0000] {processor.py:157} INFO - Started process (PID=129) to work on /home/airflow/.local/lib/python3.7/site-packages/airflow/example_dags/example_dynamic_task_mapping_with_no_taskflow_operators.py
[2023-07-02T02:04:54.404+0000] {processor.py:826} INFO - Processing file /home/airflow/.local/lib/python3.7/site-packages/airflow/example_dags/example_dynamic_task_mapping_with_no_taskflow_operators.py for tasks to queue
[2023-07-02T02:04:54.405+0000] {logging_mixin.py:149} INFO - [2023-07-02T02:04:54.405+0000] {dagbag.py:541} INFO - Filling up the DagBag from /home/airflow/.local/lib/python3.7/site-packages/airflow/example_dags/example_dynamic_task_mapping_with_no_taskflow_operators.py
[2023-07-02T02:04:54.415+0000] {processor.py:836} INFO - DAG(s) dict_keys(['example_dynamic_task_mapping_with_no_taskflow_operators']) retrieved from /home/airflow/.local/lib/python3.7/site-packages/airflow/example_dags/example_dynamic_task_mapping_with_no_taskflow_operators.py
[2023-07-02T02:04:54.447+0000] {logging_mixin.py:149} INFO - [2023-07-02T02:04:54.446+0000] {dag.py:2726} INFO - Sync 1 DAGs
[2023-07-02T02:04:54.481+0000] {logging_mixin.py:149} INFO - [2023-07-02T02:04:54.481+0000] {dag.py:3490} INFO - Setting next_dagrun for example_dynamic_task_mapping_with_no_taskflow_operators to 2023-07-01T02:04:54.481027+00:00, run_after=2023-07-02T02:04:54.481027+00:00
[2023-07-02T02:04:54.509+0000] {processor.py:179} INFO - Processing /home/airflow/.local/lib/python3.7/site-packages/airflow/example_dags/example_dynamic_task_mapping_with_no_taskflow_operators.py took 0.111 seconds
[2023-07-02T02:05:25.204+0000] {processor.py:157} INFO - Started process (PID=186) to work on /home/airflow/.local/lib/python3.7/site-packages/airflow/example_dags/example_dynamic_task_mapping_with_no_taskflow_operators.py
[2023-07-02T02:05:25.210+0000] {processor.py:826} INFO - Processing file /home/airflow/.local/lib/python3.7/site-packages/airflow/example_dags/example_dynamic_task_mapping_with_no_taskflow_operators.py for tasks to queue
[2023-07-02T02:05:25.211+0000] {logging_mixin.py:149} INFO - [2023-07-02T02:05:25.211+0000] {dagbag.py:541} INFO - Filling up the DagBag from /home/airflow/.local/lib/python3.7/site-packages/airflow/example_dags/example_dynamic_task_mapping_with_no_taskflow_operators.py
[2023-07-02T02:05:25.220+0000] {processor.py:836} INFO - DAG(s) dict_keys(['example_dynamic_task_mapping_with_no_taskflow_operators']) retrieved from /home/airflow/.local/lib/python3.7/site-packages/airflow/example_dags/example_dynamic_task_mapping_with_no_taskflow_operators.py
[2023-07-02T02:05:25.255+0000] {logging_mixin.py:149} INFO - [2023-07-02T02:05:25.255+0000] {dag.py:2726} INFO - Sync 1 DAGs
[2023-07-02T02:05:25.289+0000] {logging_mixin.py:149} INFO - [2023-07-02T02:05:25.289+0000] {dag.py:3490} INFO - Setting next_dagrun for example_dynamic_task_mapping_with_no_taskflow_operators to 2023-07-01T02:05:25.288741+00:00, run_after=2023-07-02T02:05:25.288741+00:00
[2023-07-02T02:05:25.321+0000] {processor.py:179} INFO - Processing /home/airflow/.local/lib/python3.7/site-packages/airflow/example_dags/example_dynamic_task_mapping_with_no_taskflow_operators.py took 0.132 seconds
[2023-07-02T02:05:55.611+0000] {processor.py:157} INFO - Started process (PID=245) to work on /home/airflow/.local/lib/python3.7/site-packages/airflow/example_dags/example_dynamic_task_mapping_with_no_taskflow_operators.py
[2023-07-02T02:05:55.613+0000] {processor.py:826} INFO - Processing file /home/airflow/.local/lib/python3.7/site-packages/airflow/example_dags/example_dynamic_task_mapping_with_no_taskflow_operators.py for tasks to queue
[2023-07-02T02:05:55.615+0000] {logging_mixin.py:149} INFO - [2023-07-02T02:05:55.614+0000] {dagbag.py:541} INFO - Filling up the DagBag from /home/airflow/.local/lib/python3.7/site-packages/airflow/example_dags/example_dynamic_task_mapping_with_no_taskflow_operators.py
[2023-07-02T02:05:55.624+0000] {processor.py:836} INFO - DAG(s) dict_keys(['example_dynamic_task_mapping_with_no_taskflow_operators']) retrieved from /home/airflow/.local/lib/python3.7/site-packages/airflow/example_dags/example_dynamic_task_mapping_with_no_taskflow_operators.py
[2023-07-02T02:05:55.658+0000] {logging_mixin.py:149} INFO - [2023-07-02T02:05:55.658+0000] {dag.py:2726} INFO - Sync 1 DAGs
[2023-07-02T02:05:55.692+0000] {logging_mixin.py:149} INFO - [2023-07-02T02:05:55.692+0000] {dag.py:3490} INFO - Setting next_dagrun for example_dynamic_task_mapping_with_no_taskflow_operators to 2023-07-01T02:05:55.692233+00:00, run_after=2023-07-02T02:05:55.692233+00:00
[2023-07-02T02:05:55.721+0000] {processor.py:179} INFO - Processing /home/airflow/.local/lib/python3.7/site-packages/airflow/example_dags/example_dynamic_task_mapping_with_no_taskflow_operators.py took 0.115 seconds
[2023-07-02T02:06:26.621+0000] {processor.py:157} INFO - Started process (PID=303) to work on /home/airflow/.local/lib/python3.7/site-packages/airflow/example_dags/example_dynamic_task_mapping_with_no_taskflow_operators.py
[2023-07-02T02:06:26.623+0000] {processor.py:826} INFO - Processing file /home/airflow/.local/lib/python3.7/site-packages/airflow/example_dags/example_dynamic_task_mapping_with_no_taskflow_operators.py for tasks to queue
[2023-07-02T02:06:26.624+0000] {logging_mixin.py:149} INFO - [2023-07-02T02:06:26.624+0000] {dagbag.py:541} INFO - Filling up the DagBag from /home/airflow/.local/lib/python3.7/site-packages/airflow/example_dags/example_dynamic_task_mapping_with_no_taskflow_operators.py
[2023-07-02T02:06:26.636+0000] {processor.py:836} INFO - DAG(s) dict_keys(['example_dynamic_task_mapping_with_no_taskflow_operators']) retrieved from /home/airflow/.local/lib/python3.7/site-packages/airflow/example_dags/example_dynamic_task_mapping_with_no_taskflow_operators.py
[2023-07-02T02:06:26.678+0000] {logging_mixin.py:149} INFO - [2023-07-02T02:06:26.678+0000] {dag.py:2726} INFO - Sync 1 DAGs
[2023-07-02T02:06:26.717+0000] {logging_mixin.py:149} INFO - [2023-07-02T02:06:26.717+0000] {dag.py:3490} INFO - Setting next_dagrun for example_dynamic_task_mapping_with_no_taskflow_operators to 2023-07-01T02:06:26.717066+00:00, run_after=2023-07-02T02:06:26.717066+00:00
[2023-07-02T02:06:26.745+0000] {processor.py:179} INFO - Processing /home/airflow/.local/lib/python3.7/site-packages/airflow/example_dags/example_dynamic_task_mapping_with_no_taskflow_operators.py took 0.128 seconds
[2023-07-02T02:06:57.959+0000] {processor.py:157} INFO - Started process (PID=361) to work on /home/airflow/.local/lib/python3.7/site-packages/airflow/example_dags/example_dynamic_task_mapping_with_no_taskflow_operators.py
[2023-07-02T02:06:57.960+0000] {processor.py:826} INFO - Processing file /home/airflow/.local/lib/python3.7/site-packages/airflow/example_dags/example_dynamic_task_mapping_with_no_taskflow_operators.py for tasks to queue
[2023-07-02T02:06:57.962+0000] {logging_mixin.py:149} INFO - [2023-07-02T02:06:57.961+0000] {dagbag.py:541} INFO - Filling up the DagBag from /home/airflow/.local/lib/python3.7/site-packages/airflow/example_dags/example_dynamic_task_mapping_with_no_taskflow_operators.py
[2023-07-02T02:06:57.971+0000] {processor.py:836} INFO - DAG(s) dict_keys(['example_dynamic_task_mapping_with_no_taskflow_operators']) retrieved from /home/airflow/.local/lib/python3.7/site-packages/airflow/example_dags/example_dynamic_task_mapping_with_no_taskflow_operators.py
[2023-07-02T02:06:58.008+0000] {logging_mixin.py:149} INFO - [2023-07-02T02:06:58.008+0000] {dag.py:2726} INFO - Sync 1 DAGs
[2023-07-02T02:06:58.061+0000] {logging_mixin.py:149} INFO - [2023-07-02T02:06:58.061+0000] {dag.py:3490} INFO - Setting next_dagrun for example_dynamic_task_mapping_with_no_taskflow_operators to 2023-07-01T02:06:58.060756+00:00, run_after=2023-07-02T02:06:58.060756+00:00
[2023-07-02T02:06:58.089+0000] {processor.py:179} INFO - Processing /home/airflow/.local/lib/python3.7/site-packages/airflow/example_dags/example_dynamic_task_mapping_with_no_taskflow_operators.py took 0.134 seconds
[2023-07-02T02:12:44.390+0000] {processor.py:157} INFO - Started process (PID=71) to work on /home/airflow/.local/lib/python3.7/site-packages/airflow/example_dags/example_dynamic_task_mapping_with_no_taskflow_operators.py
[2023-07-02T02:12:44.398+0000] {processor.py:826} INFO - Processing file /home/airflow/.local/lib/python3.7/site-packages/airflow/example_dags/example_dynamic_task_mapping_with_no_taskflow_operators.py for tasks to queue
[2023-07-02T02:12:44.402+0000] {logging_mixin.py:149} INFO - [2023-07-02T02:12:44.401+0000] {dagbag.py:541} INFO - Filling up the DagBag from /home/airflow/.local/lib/python3.7/site-packages/airflow/example_dags/example_dynamic_task_mapping_with_no_taskflow_operators.py
[2023-07-02T02:12:44.432+0000] {processor.py:836} INFO - DAG(s) dict_keys(['example_dynamic_task_mapping_with_no_taskflow_operators']) retrieved from /home/airflow/.local/lib/python3.7/site-packages/airflow/example_dags/example_dynamic_task_mapping_with_no_taskflow_operators.py
[2023-07-02T02:12:44.610+0000] {logging_mixin.py:149} INFO - [2023-07-02T02:12:44.610+0000] {dag.py:2726} INFO - Sync 1 DAGs
[2023-07-02T02:12:44.643+0000] {logging_mixin.py:149} INFO - [2023-07-02T02:12:44.643+0000] {dag.py:3490} INFO - Setting next_dagrun for example_dynamic_task_mapping_with_no_taskflow_operators to 2023-07-01T02:12:44.642950+00:00, run_after=2023-07-02T02:12:44.642950+00:00
[2023-07-02T02:12:44.672+0000] {processor.py:179} INFO - Processing /home/airflow/.local/lib/python3.7/site-packages/airflow/example_dags/example_dynamic_task_mapping_with_no_taskflow_operators.py took 0.289 seconds
[2023-07-02T02:13:14.965+0000] {processor.py:157} INFO - Started process (PID=132) to work on /home/airflow/.local/lib/python3.7/site-packages/airflow/example_dags/example_dynamic_task_mapping_with_no_taskflow_operators.py
[2023-07-02T02:13:14.967+0000] {processor.py:826} INFO - Processing file /home/airflow/.local/lib/python3.7/site-packages/airflow/example_dags/example_dynamic_task_mapping_with_no_taskflow_operators.py for tasks to queue
[2023-07-02T02:13:14.969+0000] {logging_mixin.py:149} INFO - [2023-07-02T02:13:14.968+0000] {dagbag.py:541} INFO - Filling up the DagBag from /home/airflow/.local/lib/python3.7/site-packages/airflow/example_dags/example_dynamic_task_mapping_with_no_taskflow_operators.py
[2023-07-02T02:13:14.988+0000] {processor.py:836} INFO - DAG(s) dict_keys(['example_dynamic_task_mapping_with_no_taskflow_operators']) retrieved from /home/airflow/.local/lib/python3.7/site-packages/airflow/example_dags/example_dynamic_task_mapping_with_no_taskflow_operators.py
[2023-07-02T02:13:15.019+0000] {logging_mixin.py:149} INFO - [2023-07-02T02:13:15.018+0000] {dag.py:2726} INFO - Sync 1 DAGs
[2023-07-02T02:13:15.051+0000] {logging_mixin.py:149} INFO - [2023-07-02T02:13:15.051+0000] {dag.py:3490} INFO - Setting next_dagrun for example_dynamic_task_mapping_with_no_taskflow_operators to 2023-07-01T02:13:15.051509+00:00, run_after=2023-07-02T02:13:15.051509+00:00
[2023-07-02T02:13:15.077+0000] {processor.py:179} INFO - Processing /home/airflow/.local/lib/python3.7/site-packages/airflow/example_dags/example_dynamic_task_mapping_with_no_taskflow_operators.py took 0.117 seconds
[2023-07-02T02:13:45.178+0000] {processor.py:157} INFO - Started process (PID=189) to work on /home/airflow/.local/lib/python3.7/site-packages/airflow/example_dags/example_dynamic_task_mapping_with_no_taskflow_operators.py
[2023-07-02T02:13:45.179+0000] {processor.py:826} INFO - Processing file /home/airflow/.local/lib/python3.7/site-packages/airflow/example_dags/example_dynamic_task_mapping_with_no_taskflow_operators.py for tasks to queue
[2023-07-02T02:13:45.181+0000] {logging_mixin.py:149} INFO - [2023-07-02T02:13:45.180+0000] {dagbag.py:541} INFO - Filling up the DagBag from /home/airflow/.local/lib/python3.7/site-packages/airflow/example_dags/example_dynamic_task_mapping_with_no_taskflow_operators.py
[2023-07-02T02:13:45.190+0000] {processor.py:836} INFO - DAG(s) dict_keys(['example_dynamic_task_mapping_with_no_taskflow_operators']) retrieved from /home/airflow/.local/lib/python3.7/site-packages/airflow/example_dags/example_dynamic_task_mapping_with_no_taskflow_operators.py
[2023-07-02T02:13:45.223+0000] {logging_mixin.py:149} INFO - [2023-07-02T02:13:45.223+0000] {dag.py:2726} INFO - Sync 1 DAGs
[2023-07-02T02:13:45.259+0000] {logging_mixin.py:149} INFO - [2023-07-02T02:13:45.259+0000] {dag.py:3490} INFO - Setting next_dagrun for example_dynamic_task_mapping_with_no_taskflow_operators to 2023-07-01T02:13:45.259124+00:00, run_after=2023-07-02T02:13:45.259124+00:00
[2023-07-02T02:13:45.287+0000] {processor.py:179} INFO - Processing /home/airflow/.local/lib/python3.7/site-packages/airflow/example_dags/example_dynamic_task_mapping_with_no_taskflow_operators.py took 0.114 seconds
[2023-07-02T02:14:16.259+0000] {processor.py:157} INFO - Started process (PID=247) to work on /home/airflow/.local/lib/python3.7/site-packages/airflow/example_dags/example_dynamic_task_mapping_with_no_taskflow_operators.py
[2023-07-02T02:14:16.260+0000] {processor.py:826} INFO - Processing file /home/airflow/.local/lib/python3.7/site-packages/airflow/example_dags/example_dynamic_task_mapping_with_no_taskflow_operators.py for tasks to queue
[2023-07-02T02:14:16.261+0000] {logging_mixin.py:149} INFO - [2023-07-02T02:14:16.261+0000] {dagbag.py:541} INFO - Filling up the DagBag from /home/airflow/.local/lib/python3.7/site-packages/airflow/example_dags/example_dynamic_task_mapping_with_no_taskflow_operators.py
[2023-07-02T02:14:16.272+0000] {processor.py:836} INFO - DAG(s) dict_keys(['example_dynamic_task_mapping_with_no_taskflow_operators']) retrieved from /home/airflow/.local/lib/python3.7/site-packages/airflow/example_dags/example_dynamic_task_mapping_with_no_taskflow_operators.py
[2023-07-02T02:14:16.302+0000] {logging_mixin.py:149} INFO - [2023-07-02T02:14:16.302+0000] {dag.py:2726} INFO - Sync 1 DAGs
[2023-07-02T02:14:16.342+0000] {logging_mixin.py:149} INFO - [2023-07-02T02:14:16.342+0000] {dag.py:3490} INFO - Setting next_dagrun for example_dynamic_task_mapping_with_no_taskflow_operators to 2023-07-01T02:14:16.342053+00:00, run_after=2023-07-02T02:14:16.342053+00:00
[2023-07-02T02:14:16.393+0000] {processor.py:179} INFO - Processing /home/airflow/.local/lib/python3.7/site-packages/airflow/example_dags/example_dynamic_task_mapping_with_no_taskflow_operators.py took 0.140 seconds
[2023-07-02T02:14:47.296+0000] {processor.py:157} INFO - Started process (PID=305) to work on /home/airflow/.local/lib/python3.7/site-packages/airflow/example_dags/example_dynamic_task_mapping_with_no_taskflow_operators.py
[2023-07-02T02:14:47.297+0000] {processor.py:826} INFO - Processing file /home/airflow/.local/lib/python3.7/site-packages/airflow/example_dags/example_dynamic_task_mapping_with_no_taskflow_operators.py for tasks to queue
[2023-07-02T02:14:47.298+0000] {logging_mixin.py:149} INFO - [2023-07-02T02:14:47.298+0000] {dagbag.py:541} INFO - Filling up the DagBag from /home/airflow/.local/lib/python3.7/site-packages/airflow/example_dags/example_dynamic_task_mapping_with_no_taskflow_operators.py
[2023-07-02T02:14:47.307+0000] {processor.py:836} INFO - DAG(s) dict_keys(['example_dynamic_task_mapping_with_no_taskflow_operators']) retrieved from /home/airflow/.local/lib/python3.7/site-packages/airflow/example_dags/example_dynamic_task_mapping_with_no_taskflow_operators.py
[2023-07-02T02:14:47.437+0000] {logging_mixin.py:149} INFO - [2023-07-02T02:14:47.437+0000] {dag.py:2726} INFO - Sync 1 DAGs
[2023-07-02T02:14:47.464+0000] {logging_mixin.py:149} INFO - [2023-07-02T02:14:47.464+0000] {dag.py:3490} INFO - Setting next_dagrun for example_dynamic_task_mapping_with_no_taskflow_operators to 2023-07-01T02:14:47.464136+00:00, run_after=2023-07-02T02:14:47.464136+00:00
[2023-07-02T02:14:47.486+0000] {processor.py:179} INFO - Processing /home/airflow/.local/lib/python3.7/site-packages/airflow/example_dags/example_dynamic_task_mapping_with_no_taskflow_operators.py took 0.194 seconds
[2023-07-02T02:15:18.185+0000] {processor.py:157} INFO - Started process (PID=363) to work on /home/airflow/.local/lib/python3.7/site-packages/airflow/example_dags/example_dynamic_task_mapping_with_no_taskflow_operators.py
[2023-07-02T02:15:18.187+0000] {processor.py:826} INFO - Processing file /home/airflow/.local/lib/python3.7/site-packages/airflow/example_dags/example_dynamic_task_mapping_with_no_taskflow_operators.py for tasks to queue
[2023-07-02T02:15:18.188+0000] {logging_mixin.py:149} INFO - [2023-07-02T02:15:18.188+0000] {dagbag.py:541} INFO - Filling up the DagBag from /home/airflow/.local/lib/python3.7/site-packages/airflow/example_dags/example_dynamic_task_mapping_with_no_taskflow_operators.py
[2023-07-02T02:15:18.196+0000] {processor.py:836} INFO - DAG(s) dict_keys(['example_dynamic_task_mapping_with_no_taskflow_operators']) retrieved from /home/airflow/.local/lib/python3.7/site-packages/airflow/example_dags/example_dynamic_task_mapping_with_no_taskflow_operators.py
[2023-07-02T02:15:18.226+0000] {logging_mixin.py:149} INFO - [2023-07-02T02:15:18.226+0000] {dag.py:2726} INFO - Sync 1 DAGs
[2023-07-02T02:15:18.258+0000] {logging_mixin.py:149} INFO - [2023-07-02T02:15:18.258+0000] {dag.py:3490} INFO - Setting next_dagrun for example_dynamic_task_mapping_with_no_taskflow_operators to 2023-07-01T02:15:18.257857+00:00, run_after=2023-07-02T02:15:18.257857+00:00
[2023-07-02T02:15:18.288+0000] {processor.py:179} INFO - Processing /home/airflow/.local/lib/python3.7/site-packages/airflow/example_dags/example_dynamic_task_mapping_with_no_taskflow_operators.py took 0.107 seconds
[2023-07-02T02:15:49.250+0000] {processor.py:157} INFO - Started process (PID=420) to work on /home/airflow/.local/lib/python3.7/site-packages/airflow/example_dags/example_dynamic_task_mapping_with_no_taskflow_operators.py
[2023-07-02T02:15:49.251+0000] {processor.py:826} INFO - Processing file /home/airflow/.local/lib/python3.7/site-packages/airflow/example_dags/example_dynamic_task_mapping_with_no_taskflow_operators.py for tasks to queue
[2023-07-02T02:15:49.253+0000] {logging_mixin.py:149} INFO - [2023-07-02T02:15:49.253+0000] {dagbag.py:541} INFO - Filling up the DagBag from /home/airflow/.local/lib/python3.7/site-packages/airflow/example_dags/example_dynamic_task_mapping_with_no_taskflow_operators.py
[2023-07-02T02:15:49.261+0000] {processor.py:836} INFO - DAG(s) dict_keys(['example_dynamic_task_mapping_with_no_taskflow_operators']) retrieved from /home/airflow/.local/lib/python3.7/site-packages/airflow/example_dags/example_dynamic_task_mapping_with_no_taskflow_operators.py
[2023-07-02T02:15:49.397+0000] {logging_mixin.py:149} INFO - [2023-07-02T02:15:49.397+0000] {dag.py:2726} INFO - Sync 1 DAGs
[2023-07-02T02:15:49.423+0000] {logging_mixin.py:149} INFO - [2023-07-02T02:15:49.423+0000] {dag.py:3490} INFO - Setting next_dagrun for example_dynamic_task_mapping_with_no_taskflow_operators to 2023-07-01T02:15:49.423105+00:00, run_after=2023-07-02T02:15:49.423105+00:00
[2023-07-02T02:15:49.444+0000] {processor.py:179} INFO - Processing /home/airflow/.local/lib/python3.7/site-packages/airflow/example_dags/example_dynamic_task_mapping_with_no_taskflow_operators.py took 0.199 seconds
[2023-07-02T02:16:20.172+0000] {processor.py:157} INFO - Started process (PID=478) to work on /home/airflow/.local/lib/python3.7/site-packages/airflow/example_dags/example_dynamic_task_mapping_with_no_taskflow_operators.py
[2023-07-02T02:16:20.174+0000] {processor.py:826} INFO - Processing file /home/airflow/.local/lib/python3.7/site-packages/airflow/example_dags/example_dynamic_task_mapping_with_no_taskflow_operators.py for tasks to queue
[2023-07-02T02:16:20.175+0000] {logging_mixin.py:149} INFO - [2023-07-02T02:16:20.175+0000] {dagbag.py:541} INFO - Filling up the DagBag from /home/airflow/.local/lib/python3.7/site-packages/airflow/example_dags/example_dynamic_task_mapping_with_no_taskflow_operators.py
[2023-07-02T02:16:20.183+0000] {processor.py:836} INFO - DAG(s) dict_keys(['example_dynamic_task_mapping_with_no_taskflow_operators']) retrieved from /home/airflow/.local/lib/python3.7/site-packages/airflow/example_dags/example_dynamic_task_mapping_with_no_taskflow_operators.py
[2023-07-02T02:16:20.214+0000] {logging_mixin.py:149} INFO - [2023-07-02T02:16:20.214+0000] {dag.py:2726} INFO - Sync 1 DAGs
[2023-07-02T02:16:20.254+0000] {logging_mixin.py:149} INFO - [2023-07-02T02:16:20.254+0000] {dag.py:3490} INFO - Setting next_dagrun for example_dynamic_task_mapping_with_no_taskflow_operators to 2023-07-01T02:16:20.254133+00:00, run_after=2023-07-02T02:16:20.254133+00:00
[2023-07-02T02:16:20.303+0000] {processor.py:179} INFO - Processing /home/airflow/.local/lib/python3.7/site-packages/airflow/example_dags/example_dynamic_task_mapping_with_no_taskflow_operators.py took 0.134 seconds
[2023-07-02T02:16:50.493+0000] {processor.py:157} INFO - Started process (PID=537) to work on /home/airflow/.local/lib/python3.7/site-packages/airflow/example_dags/example_dynamic_task_mapping_with_no_taskflow_operators.py
[2023-07-02T02:16:50.495+0000] {processor.py:826} INFO - Processing file /home/airflow/.local/lib/python3.7/site-packages/airflow/example_dags/example_dynamic_task_mapping_with_no_taskflow_operators.py for tasks to queue
[2023-07-02T02:16:50.497+0000] {logging_mixin.py:149} INFO - [2023-07-02T02:16:50.497+0000] {dagbag.py:541} INFO - Filling up the DagBag from /home/airflow/.local/lib/python3.7/site-packages/airflow/example_dags/example_dynamic_task_mapping_with_no_taskflow_operators.py
[2023-07-02T02:16:50.510+0000] {processor.py:836} INFO - DAG(s) dict_keys(['example_dynamic_task_mapping_with_no_taskflow_operators']) retrieved from /home/airflow/.local/lib/python3.7/site-packages/airflow/example_dags/example_dynamic_task_mapping_with_no_taskflow_operators.py
[2023-07-02T02:16:50.559+0000] {logging_mixin.py:149} INFO - [2023-07-02T02:16:50.558+0000] {dag.py:2726} INFO - Sync 1 DAGs
[2023-07-02T02:16:50.598+0000] {logging_mixin.py:149} INFO - [2023-07-02T02:16:50.598+0000] {dag.py:3490} INFO - Setting next_dagrun for example_dynamic_task_mapping_with_no_taskflow_operators to 2023-07-01T02:16:50.598188+00:00, run_after=2023-07-02T02:16:50.598188+00:00
[2023-07-02T02:16:50.633+0000] {processor.py:179} INFO - Processing /home/airflow/.local/lib/python3.7/site-packages/airflow/example_dags/example_dynamic_task_mapping_with_no_taskflow_operators.py took 0.147 seconds
[2023-07-02T02:17:20.986+0000] {processor.py:157} INFO - Started process (PID=595) to work on /home/airflow/.local/lib/python3.7/site-packages/airflow/example_dags/example_dynamic_task_mapping_with_no_taskflow_operators.py
[2023-07-02T02:17:20.987+0000] {processor.py:826} INFO - Processing file /home/airflow/.local/lib/python3.7/site-packages/airflow/example_dags/example_dynamic_task_mapping_with_no_taskflow_operators.py for tasks to queue
[2023-07-02T02:17:20.988+0000] {logging_mixin.py:149} INFO - [2023-07-02T02:17:20.988+0000] {dagbag.py:541} INFO - Filling up the DagBag from /home/airflow/.local/lib/python3.7/site-packages/airflow/example_dags/example_dynamic_task_mapping_with_no_taskflow_operators.py
[2023-07-02T02:17:20.997+0000] {processor.py:836} INFO - DAG(s) dict_keys(['example_dynamic_task_mapping_with_no_taskflow_operators']) retrieved from /home/airflow/.local/lib/python3.7/site-packages/airflow/example_dags/example_dynamic_task_mapping_with_no_taskflow_operators.py
[2023-07-02T02:17:21.026+0000] {logging_mixin.py:149} INFO - [2023-07-02T02:17:21.026+0000] {dag.py:2726} INFO - Sync 1 DAGs
[2023-07-02T02:17:21.058+0000] {logging_mixin.py:149} INFO - [2023-07-02T02:17:21.058+0000] {dag.py:3490} INFO - Setting next_dagrun for example_dynamic_task_mapping_with_no_taskflow_operators to 2023-07-01T02:17:21.058165+00:00, run_after=2023-07-02T02:17:21.058165+00:00
[2023-07-02T02:17:21.083+0000] {processor.py:179} INFO - Processing /home/airflow/.local/lib/python3.7/site-packages/airflow/example_dags/example_dynamic_task_mapping_with_no_taskflow_operators.py took 0.101 seconds
[2023-07-02T02:17:51.584+0000] {processor.py:157} INFO - Started process (PID=654) to work on /home/airflow/.local/lib/python3.7/site-packages/airflow/example_dags/example_dynamic_task_mapping_with_no_taskflow_operators.py
[2023-07-02T02:17:51.587+0000] {processor.py:826} INFO - Processing file /home/airflow/.local/lib/python3.7/site-packages/airflow/example_dags/example_dynamic_task_mapping_with_no_taskflow_operators.py for tasks to queue
[2023-07-02T02:17:51.589+0000] {logging_mixin.py:149} INFO - [2023-07-02T02:17:51.588+0000] {dagbag.py:541} INFO - Filling up the DagBag from /home/airflow/.local/lib/python3.7/site-packages/airflow/example_dags/example_dynamic_task_mapping_with_no_taskflow_operators.py
[2023-07-02T02:17:51.601+0000] {processor.py:836} INFO - DAG(s) dict_keys(['example_dynamic_task_mapping_with_no_taskflow_operators']) retrieved from /home/airflow/.local/lib/python3.7/site-packages/airflow/example_dags/example_dynamic_task_mapping_with_no_taskflow_operators.py
[2023-07-02T02:17:51.638+0000] {logging_mixin.py:149} INFO - [2023-07-02T02:17:51.638+0000] {dag.py:2726} INFO - Sync 1 DAGs
[2023-07-02T02:17:51.682+0000] {logging_mixin.py:149} INFO - [2023-07-02T02:17:51.681+0000] {dag.py:3490} INFO - Setting next_dagrun for example_dynamic_task_mapping_with_no_taskflow_operators to 2023-07-01T02:17:51.681515+00:00, run_after=2023-07-02T02:17:51.681515+00:00
[2023-07-02T02:17:51.719+0000] {processor.py:179} INFO - Processing /home/airflow/.local/lib/python3.7/site-packages/airflow/example_dags/example_dynamic_task_mapping_with_no_taskflow_operators.py took 0.139 seconds
[2023-07-02T02:18:22.565+0000] {processor.py:157} INFO - Started process (PID=712) to work on /home/airflow/.local/lib/python3.7/site-packages/airflow/example_dags/example_dynamic_task_mapping_with_no_taskflow_operators.py
[2023-07-02T02:18:22.568+0000] {processor.py:826} INFO - Processing file /home/airflow/.local/lib/python3.7/site-packages/airflow/example_dags/example_dynamic_task_mapping_with_no_taskflow_operators.py for tasks to queue
[2023-07-02T02:18:22.570+0000] {logging_mixin.py:149} INFO - [2023-07-02T02:18:22.570+0000] {dagbag.py:541} INFO - Filling up the DagBag from /home/airflow/.local/lib/python3.7/site-packages/airflow/example_dags/example_dynamic_task_mapping_with_no_taskflow_operators.py
[2023-07-02T02:18:22.582+0000] {processor.py:836} INFO - DAG(s) dict_keys(['example_dynamic_task_mapping_with_no_taskflow_operators']) retrieved from /home/airflow/.local/lib/python3.7/site-packages/airflow/example_dags/example_dynamic_task_mapping_with_no_taskflow_operators.py
[2023-07-02T02:18:22.620+0000] {logging_mixin.py:149} INFO - [2023-07-02T02:18:22.619+0000] {dag.py:2726} INFO - Sync 1 DAGs
[2023-07-02T02:18:22.656+0000] {logging_mixin.py:149} INFO - [2023-07-02T02:18:22.656+0000] {dag.py:3490} INFO - Setting next_dagrun for example_dynamic_task_mapping_with_no_taskflow_operators to 2023-07-01T02:18:22.656508+00:00, run_after=2023-07-02T02:18:22.656508+00:00
[2023-07-02T02:18:22.682+0000] {processor.py:179} INFO - Processing /home/airflow/.local/lib/python3.7/site-packages/airflow/example_dags/example_dynamic_task_mapping_with_no_taskflow_operators.py took 0.126 seconds
[2023-07-02T02:18:52.892+0000] {processor.py:157} INFO - Started process (PID=770) to work on /home/airflow/.local/lib/python3.7/site-packages/airflow/example_dags/example_dynamic_task_mapping_with_no_taskflow_operators.py
[2023-07-02T02:18:52.895+0000] {processor.py:826} INFO - Processing file /home/airflow/.local/lib/python3.7/site-packages/airflow/example_dags/example_dynamic_task_mapping_with_no_taskflow_operators.py for tasks to queue
[2023-07-02T02:18:52.896+0000] {logging_mixin.py:149} INFO - [2023-07-02T02:18:52.896+0000] {dagbag.py:541} INFO - Filling up the DagBag from /home/airflow/.local/lib/python3.7/site-packages/airflow/example_dags/example_dynamic_task_mapping_with_no_taskflow_operators.py
[2023-07-02T02:18:52.905+0000] {processor.py:836} INFO - DAG(s) dict_keys(['example_dynamic_task_mapping_with_no_taskflow_operators']) retrieved from /home/airflow/.local/lib/python3.7/site-packages/airflow/example_dags/example_dynamic_task_mapping_with_no_taskflow_operators.py
[2023-07-02T02:18:52.937+0000] {logging_mixin.py:149} INFO - [2023-07-02T02:18:52.937+0000] {dag.py:2726} INFO - Sync 1 DAGs
[2023-07-02T02:18:52.970+0000] {logging_mixin.py:149} INFO - [2023-07-02T02:18:52.969+0000] {dag.py:3490} INFO - Setting next_dagrun for example_dynamic_task_mapping_with_no_taskflow_operators to 2023-07-01T02:18:52.969552+00:00, run_after=2023-07-02T02:18:52.969552+00:00
[2023-07-02T02:18:52.998+0000] {processor.py:179} INFO - Processing /home/airflow/.local/lib/python3.7/site-packages/airflow/example_dags/example_dynamic_task_mapping_with_no_taskflow_operators.py took 0.110 seconds
[2023-07-02T02:19:23.688+0000] {processor.py:157} INFO - Started process (PID=827) to work on /home/airflow/.local/lib/python3.7/site-packages/airflow/example_dags/example_dynamic_task_mapping_with_no_taskflow_operators.py
[2023-07-02T02:19:23.689+0000] {processor.py:826} INFO - Processing file /home/airflow/.local/lib/python3.7/site-packages/airflow/example_dags/example_dynamic_task_mapping_with_no_taskflow_operators.py for tasks to queue
[2023-07-02T02:19:23.690+0000] {logging_mixin.py:149} INFO - [2023-07-02T02:19:23.690+0000] {dagbag.py:541} INFO - Filling up the DagBag from /home/airflow/.local/lib/python3.7/site-packages/airflow/example_dags/example_dynamic_task_mapping_with_no_taskflow_operators.py
[2023-07-02T02:19:23.700+0000] {processor.py:836} INFO - DAG(s) dict_keys(['example_dynamic_task_mapping_with_no_taskflow_operators']) retrieved from /home/airflow/.local/lib/python3.7/site-packages/airflow/example_dags/example_dynamic_task_mapping_with_no_taskflow_operators.py
[2023-07-02T02:19:23.731+0000] {logging_mixin.py:149} INFO - [2023-07-02T02:19:23.731+0000] {dag.py:2726} INFO - Sync 1 DAGs
[2023-07-02T02:19:23.766+0000] {logging_mixin.py:149} INFO - [2023-07-02T02:19:23.765+0000] {dag.py:3490} INFO - Setting next_dagrun for example_dynamic_task_mapping_with_no_taskflow_operators to 2023-07-01T02:19:23.765167+00:00, run_after=2023-07-02T02:19:23.765167+00:00
[2023-07-02T02:19:23.792+0000] {processor.py:179} INFO - Processing /home/airflow/.local/lib/python3.7/site-packages/airflow/example_dags/example_dynamic_task_mapping_with_no_taskflow_operators.py took 0.108 seconds
[2023-07-02T02:19:54.423+0000] {processor.py:157} INFO - Started process (PID=885) to work on /home/airflow/.local/lib/python3.7/site-packages/airflow/example_dags/example_dynamic_task_mapping_with_no_taskflow_operators.py
[2023-07-02T02:19:54.425+0000] {processor.py:826} INFO - Processing file /home/airflow/.local/lib/python3.7/site-packages/airflow/example_dags/example_dynamic_task_mapping_with_no_taskflow_operators.py for tasks to queue
[2023-07-02T02:19:54.426+0000] {logging_mixin.py:149} INFO - [2023-07-02T02:19:54.426+0000] {dagbag.py:541} INFO - Filling up the DagBag from /home/airflow/.local/lib/python3.7/site-packages/airflow/example_dags/example_dynamic_task_mapping_with_no_taskflow_operators.py
[2023-07-02T02:19:54.435+0000] {processor.py:836} INFO - DAG(s) dict_keys(['example_dynamic_task_mapping_with_no_taskflow_operators']) retrieved from /home/airflow/.local/lib/python3.7/site-packages/airflow/example_dags/example_dynamic_task_mapping_with_no_taskflow_operators.py
[2023-07-02T02:19:54.468+0000] {logging_mixin.py:149} INFO - [2023-07-02T02:19:54.468+0000] {dag.py:2726} INFO - Sync 1 DAGs
[2023-07-02T02:19:54.500+0000] {logging_mixin.py:149} INFO - [2023-07-02T02:19:54.500+0000] {dag.py:3490} INFO - Setting next_dagrun for example_dynamic_task_mapping_with_no_taskflow_operators to 2023-07-01T02:19:54.499748+00:00, run_after=2023-07-02T02:19:54.499748+00:00
[2023-07-02T02:19:54.524+0000] {processor.py:179} INFO - Processing /home/airflow/.local/lib/python3.7/site-packages/airflow/example_dags/example_dynamic_task_mapping_with_no_taskflow_operators.py took 0.106 seconds
[2023-07-02T02:20:24.834+0000] {processor.py:157} INFO - Started process (PID=944) to work on /home/airflow/.local/lib/python3.7/site-packages/airflow/example_dags/example_dynamic_task_mapping_with_no_taskflow_operators.py
[2023-07-02T02:20:24.836+0000] {processor.py:826} INFO - Processing file /home/airflow/.local/lib/python3.7/site-packages/airflow/example_dags/example_dynamic_task_mapping_with_no_taskflow_operators.py for tasks to queue
[2023-07-02T02:20:24.837+0000] {logging_mixin.py:149} INFO - [2023-07-02T02:20:24.837+0000] {dagbag.py:541} INFO - Filling up the DagBag from /home/airflow/.local/lib/python3.7/site-packages/airflow/example_dags/example_dynamic_task_mapping_with_no_taskflow_operators.py
[2023-07-02T02:20:24.847+0000] {processor.py:836} INFO - DAG(s) dict_keys(['example_dynamic_task_mapping_with_no_taskflow_operators']) retrieved from /home/airflow/.local/lib/python3.7/site-packages/airflow/example_dags/example_dynamic_task_mapping_with_no_taskflow_operators.py
[2023-07-02T02:20:24.879+0000] {logging_mixin.py:149} INFO - [2023-07-02T02:20:24.879+0000] {dag.py:2726} INFO - Sync 1 DAGs
[2023-07-02T02:20:24.914+0000] {logging_mixin.py:149} INFO - [2023-07-02T02:20:24.914+0000] {dag.py:3490} INFO - Setting next_dagrun for example_dynamic_task_mapping_with_no_taskflow_operators to 2023-07-01T02:20:24.914181+00:00, run_after=2023-07-02T02:20:24.914181+00:00
[2023-07-02T02:20:24.940+0000] {processor.py:179} INFO - Processing /home/airflow/.local/lib/python3.7/site-packages/airflow/example_dags/example_dynamic_task_mapping_with_no_taskflow_operators.py took 0.111 seconds
[2023-07-02T02:20:55.599+0000] {processor.py:157} INFO - Started process (PID=1002) to work on /home/airflow/.local/lib/python3.7/site-packages/airflow/example_dags/example_dynamic_task_mapping_with_no_taskflow_operators.py
[2023-07-02T02:20:55.606+0000] {processor.py:826} INFO - Processing file /home/airflow/.local/lib/python3.7/site-packages/airflow/example_dags/example_dynamic_task_mapping_with_no_taskflow_operators.py for tasks to queue
[2023-07-02T02:20:55.609+0000] {logging_mixin.py:149} INFO - [2023-07-02T02:20:55.608+0000] {dagbag.py:541} INFO - Filling up the DagBag from /home/airflow/.local/lib/python3.7/site-packages/airflow/example_dags/example_dynamic_task_mapping_with_no_taskflow_operators.py
[2023-07-02T02:20:55.621+0000] {processor.py:836} INFO - DAG(s) dict_keys(['example_dynamic_task_mapping_with_no_taskflow_operators']) retrieved from /home/airflow/.local/lib/python3.7/site-packages/airflow/example_dags/example_dynamic_task_mapping_with_no_taskflow_operators.py
[2023-07-02T02:20:55.660+0000] {logging_mixin.py:149} INFO - [2023-07-02T02:20:55.660+0000] {dag.py:2726} INFO - Sync 1 DAGs
[2023-07-02T02:20:55.692+0000] {logging_mixin.py:149} INFO - [2023-07-02T02:20:55.692+0000] {dag.py:3490} INFO - Setting next_dagrun for example_dynamic_task_mapping_with_no_taskflow_operators to 2023-07-01T02:20:55.692395+00:00, run_after=2023-07-02T02:20:55.692395+00:00
[2023-07-02T02:20:55.715+0000] {processor.py:179} INFO - Processing /home/airflow/.local/lib/python3.7/site-packages/airflow/example_dags/example_dynamic_task_mapping_with_no_taskflow_operators.py took 0.120 seconds
[2023-07-02T02:21:26.975+0000] {processor.py:157} INFO - Started process (PID=1070) to work on /home/airflow/.local/lib/python3.7/site-packages/airflow/example_dags/example_dynamic_task_mapping_with_no_taskflow_operators.py
[2023-07-02T02:21:26.977+0000] {processor.py:826} INFO - Processing file /home/airflow/.local/lib/python3.7/site-packages/airflow/example_dags/example_dynamic_task_mapping_with_no_taskflow_operators.py for tasks to queue
[2023-07-02T02:21:26.978+0000] {logging_mixin.py:149} INFO - [2023-07-02T02:21:26.978+0000] {dagbag.py:541} INFO - Filling up the DagBag from /home/airflow/.local/lib/python3.7/site-packages/airflow/example_dags/example_dynamic_task_mapping_with_no_taskflow_operators.py
[2023-07-02T02:21:26.992+0000] {processor.py:836} INFO - DAG(s) dict_keys(['example_dynamic_task_mapping_with_no_taskflow_operators']) retrieved from /home/airflow/.local/lib/python3.7/site-packages/airflow/example_dags/example_dynamic_task_mapping_with_no_taskflow_operators.py
[2023-07-02T02:21:27.029+0000] {logging_mixin.py:149} INFO - [2023-07-02T02:21:27.029+0000] {dag.py:2726} INFO - Sync 1 DAGs
[2023-07-02T02:21:27.065+0000] {logging_mixin.py:149} INFO - [2023-07-02T02:21:27.065+0000] {dag.py:3490} INFO - Setting next_dagrun for example_dynamic_task_mapping_with_no_taskflow_operators to 2023-07-01T02:21:27.065270+00:00, run_after=2023-07-02T02:21:27.065270+00:00
[2023-07-02T02:21:27.090+0000] {processor.py:179} INFO - Processing /home/airflow/.local/lib/python3.7/site-packages/airflow/example_dags/example_dynamic_task_mapping_with_no_taskflow_operators.py took 0.119 seconds
