[2023-07-02T01:19:18.650+0000] {processor.py:157} INFO - Started process (PID=64) to work on /home/airflow/.local/lib/python3.7/site-packages/airflow/example_dags/example_complex.py
[2023-07-02T01:19:18.662+0000] {processor.py:826} INFO - Processing file /home/airflow/.local/lib/python3.7/site-packages/airflow/example_dags/example_complex.py for tasks to queue
[2023-07-02T01:19:18.664+0000] {logging_mixin.py:149} INFO - [2023-07-02T01:19:18.664+0000] {dagbag.py:541} INFO - Filling up the DagBag from /home/airflow/.local/lib/python3.7/site-packages/airflow/example_dags/example_complex.py
[2023-07-02T01:19:18.720+0000] {processor.py:836} INFO - DAG(s) dict_keys(['example_complex']) retrieved from /home/airflow/.local/lib/python3.7/site-packages/airflow/example_dags/example_complex.py
[2023-07-02T01:19:19.157+0000] {logging_mixin.py:149} INFO - [2023-07-02T01:19:19.157+0000] {manager.py:504} INFO - Created Permission View: can delete on DAG:example_complex
[2023-07-02T01:19:19.188+0000] {logging_mixin.py:149} INFO - [2023-07-02T01:19:19.188+0000] {manager.py:504} INFO - Created Permission View: can edit on DAG:example_complex
[2023-07-02T01:19:19.208+0000] {logging_mixin.py:149} INFO - [2023-07-02T01:19:19.208+0000] {manager.py:504} INFO - Created Permission View: can read on DAG:example_complex
[2023-07-02T01:19:19.306+0000] {logging_mixin.py:149} INFO - [2023-07-02T01:19:19.306+0000] {dag.py:2726} INFO - Sync 1 DAGs
[2023-07-02T01:19:19.352+0000] {logging_mixin.py:149} INFO - [2023-07-02T01:19:19.350+0000] {dag.py:2747} INFO - Creating ORM DAG for example_complex
[2023-07-02T01:19:19.388+0000] {logging_mixin.py:149} INFO - [2023-07-02T01:19:19.387+0000] {dag.py:3490} INFO - Setting next_dagrun for example_complex to None, run_after=None
[2023-07-02T01:19:19.433+0000] {processor.py:179} INFO - Processing /home/airflow/.local/lib/python3.7/site-packages/airflow/example_dags/example_complex.py took 0.792 seconds
[2023-07-02T01:19:55.043+0000] {processor.py:157} INFO - Started process (PID=128) to work on /home/airflow/.local/lib/python3.7/site-packages/airflow/example_dags/example_complex.py
[2023-07-02T01:19:55.045+0000] {processor.py:826} INFO - Processing file /home/airflow/.local/lib/python3.7/site-packages/airflow/example_dags/example_complex.py for tasks to queue
[2023-07-02T01:19:55.047+0000] {logging_mixin.py:149} INFO - [2023-07-02T01:19:55.047+0000] {dagbag.py:541} INFO - Filling up the DagBag from /home/airflow/.local/lib/python3.7/site-packages/airflow/example_dags/example_complex.py
[2023-07-02T01:19:55.079+0000] {processor.py:836} INFO - DAG(s) dict_keys(['example_complex']) retrieved from /home/airflow/.local/lib/python3.7/site-packages/airflow/example_dags/example_complex.py
[2023-07-02T01:19:55.166+0000] {logging_mixin.py:149} INFO - [2023-07-02T01:19:55.166+0000] {dag.py:2726} INFO - Sync 1 DAGs
[2023-07-02T01:19:55.218+0000] {logging_mixin.py:149} INFO - [2023-07-02T01:19:55.218+0000] {dag.py:3490} INFO - Setting next_dagrun for example_complex to None, run_after=None
[2023-07-02T01:19:55.259+0000] {processor.py:179} INFO - Processing /home/airflow/.local/lib/python3.7/site-packages/airflow/example_dags/example_complex.py took 0.223 seconds
[2023-07-02T01:20:25.646+0000] {processor.py:157} INFO - Started process (PID=186) to work on /home/airflow/.local/lib/python3.7/site-packages/airflow/example_dags/example_complex.py
[2023-07-02T01:20:25.648+0000] {processor.py:826} INFO - Processing file /home/airflow/.local/lib/python3.7/site-packages/airflow/example_dags/example_complex.py for tasks to queue
[2023-07-02T01:20:25.650+0000] {logging_mixin.py:149} INFO - [2023-07-02T01:20:25.649+0000] {dagbag.py:541} INFO - Filling up the DagBag from /home/airflow/.local/lib/python3.7/site-packages/airflow/example_dags/example_complex.py
[2023-07-02T01:20:25.675+0000] {processor.py:836} INFO - DAG(s) dict_keys(['example_complex']) retrieved from /home/airflow/.local/lib/python3.7/site-packages/airflow/example_dags/example_complex.py
[2023-07-02T01:20:25.750+0000] {logging_mixin.py:149} INFO - [2023-07-02T01:20:25.749+0000] {dag.py:2726} INFO - Sync 1 DAGs
[2023-07-02T01:20:25.803+0000] {logging_mixin.py:149} INFO - [2023-07-02T01:20:25.803+0000] {dag.py:3490} INFO - Setting next_dagrun for example_complex to None, run_after=None
[2023-07-02T01:20:25.851+0000] {processor.py:179} INFO - Processing /home/airflow/.local/lib/python3.7/site-packages/airflow/example_dags/example_complex.py took 0.211 seconds
[2023-07-02T01:20:56.266+0000] {processor.py:157} INFO - Started process (PID=245) to work on /home/airflow/.local/lib/python3.7/site-packages/airflow/example_dags/example_complex.py
[2023-07-02T01:20:56.268+0000] {processor.py:826} INFO - Processing file /home/airflow/.local/lib/python3.7/site-packages/airflow/example_dags/example_complex.py for tasks to queue
[2023-07-02T01:20:56.270+0000] {logging_mixin.py:149} INFO - [2023-07-02T01:20:56.270+0000] {dagbag.py:541} INFO - Filling up the DagBag from /home/airflow/.local/lib/python3.7/site-packages/airflow/example_dags/example_complex.py
[2023-07-02T01:20:56.296+0000] {processor.py:836} INFO - DAG(s) dict_keys(['example_complex']) retrieved from /home/airflow/.local/lib/python3.7/site-packages/airflow/example_dags/example_complex.py
[2023-07-02T01:20:56.379+0000] {logging_mixin.py:149} INFO - [2023-07-02T01:20:56.379+0000] {dag.py:2726} INFO - Sync 1 DAGs
[2023-07-02T01:20:56.448+0000] {logging_mixin.py:149} INFO - [2023-07-02T01:20:56.447+0000] {dag.py:3490} INFO - Setting next_dagrun for example_complex to None, run_after=None
[2023-07-02T01:20:56.491+0000] {processor.py:179} INFO - Processing /home/airflow/.local/lib/python3.7/site-packages/airflow/example_dags/example_complex.py took 0.232 seconds
[2023-07-02T01:21:27.013+0000] {processor.py:157} INFO - Started process (PID=304) to work on /home/airflow/.local/lib/python3.7/site-packages/airflow/example_dags/example_complex.py
[2023-07-02T01:21:27.015+0000] {processor.py:826} INFO - Processing file /home/airflow/.local/lib/python3.7/site-packages/airflow/example_dags/example_complex.py for tasks to queue
[2023-07-02T01:21:27.017+0000] {logging_mixin.py:149} INFO - [2023-07-02T01:21:27.017+0000] {dagbag.py:541} INFO - Filling up the DagBag from /home/airflow/.local/lib/python3.7/site-packages/airflow/example_dags/example_complex.py
[2023-07-02T01:21:27.043+0000] {processor.py:836} INFO - DAG(s) dict_keys(['example_complex']) retrieved from /home/airflow/.local/lib/python3.7/site-packages/airflow/example_dags/example_complex.py
[2023-07-02T01:21:27.129+0000] {logging_mixin.py:149} INFO - [2023-07-02T01:21:27.128+0000] {dag.py:2726} INFO - Sync 1 DAGs
[2023-07-02T01:21:27.195+0000] {logging_mixin.py:149} INFO - [2023-07-02T01:21:27.195+0000] {dag.py:3490} INFO - Setting next_dagrun for example_complex to None, run_after=None
[2023-07-02T01:21:27.230+0000] {processor.py:179} INFO - Processing /home/airflow/.local/lib/python3.7/site-packages/airflow/example_dags/example_complex.py took 0.224 seconds
[2023-07-02T01:21:58.189+0000] {processor.py:157} INFO - Started process (PID=361) to work on /home/airflow/.local/lib/python3.7/site-packages/airflow/example_dags/example_complex.py
[2023-07-02T01:21:58.191+0000] {processor.py:826} INFO - Processing file /home/airflow/.local/lib/python3.7/site-packages/airflow/example_dags/example_complex.py for tasks to queue
[2023-07-02T01:21:58.193+0000] {logging_mixin.py:149} INFO - [2023-07-02T01:21:58.193+0000] {dagbag.py:541} INFO - Filling up the DagBag from /home/airflow/.local/lib/python3.7/site-packages/airflow/example_dags/example_complex.py
[2023-07-02T01:21:58.216+0000] {processor.py:836} INFO - DAG(s) dict_keys(['example_complex']) retrieved from /home/airflow/.local/lib/python3.7/site-packages/airflow/example_dags/example_complex.py
[2023-07-02T01:21:58.292+0000] {logging_mixin.py:149} INFO - [2023-07-02T01:21:58.292+0000] {dag.py:2726} INFO - Sync 1 DAGs
[2023-07-02T01:21:58.360+0000] {logging_mixin.py:149} INFO - [2023-07-02T01:21:58.360+0000] {dag.py:3490} INFO - Setting next_dagrun for example_complex to None, run_after=None
[2023-07-02T01:21:58.404+0000] {processor.py:179} INFO - Processing /home/airflow/.local/lib/python3.7/site-packages/airflow/example_dags/example_complex.py took 0.221 seconds
[2023-07-02T01:22:28.908+0000] {processor.py:157} INFO - Started process (PID=419) to work on /home/airflow/.local/lib/python3.7/site-packages/airflow/example_dags/example_complex.py
[2023-07-02T01:22:28.914+0000] {processor.py:826} INFO - Processing file /home/airflow/.local/lib/python3.7/site-packages/airflow/example_dags/example_complex.py for tasks to queue
[2023-07-02T01:22:28.916+0000] {logging_mixin.py:149} INFO - [2023-07-02T01:22:28.916+0000] {dagbag.py:541} INFO - Filling up the DagBag from /home/airflow/.local/lib/python3.7/site-packages/airflow/example_dags/example_complex.py
[2023-07-02T01:22:28.942+0000] {processor.py:836} INFO - DAG(s) dict_keys(['example_complex']) retrieved from /home/airflow/.local/lib/python3.7/site-packages/airflow/example_dags/example_complex.py
[2023-07-02T01:22:29.028+0000] {logging_mixin.py:149} INFO - [2023-07-02T01:22:29.027+0000] {dag.py:2726} INFO - Sync 1 DAGs
[2023-07-02T01:22:29.088+0000] {logging_mixin.py:149} INFO - [2023-07-02T01:22:29.087+0000] {dag.py:3490} INFO - Setting next_dagrun for example_complex to None, run_after=None
[2023-07-02T01:22:29.133+0000] {processor.py:179} INFO - Processing /home/airflow/.local/lib/python3.7/site-packages/airflow/example_dags/example_complex.py took 0.233 seconds
[2023-07-02T01:22:59.892+0000] {processor.py:157} INFO - Started process (PID=480) to work on /home/airflow/.local/lib/python3.7/site-packages/airflow/example_dags/example_complex.py
[2023-07-02T01:22:59.894+0000] {processor.py:826} INFO - Processing file /home/airflow/.local/lib/python3.7/site-packages/airflow/example_dags/example_complex.py for tasks to queue
[2023-07-02T01:22:59.896+0000] {logging_mixin.py:149} INFO - [2023-07-02T01:22:59.895+0000] {dagbag.py:541} INFO - Filling up the DagBag from /home/airflow/.local/lib/python3.7/site-packages/airflow/example_dags/example_complex.py
[2023-07-02T01:22:59.921+0000] {processor.py:836} INFO - DAG(s) dict_keys(['example_complex']) retrieved from /home/airflow/.local/lib/python3.7/site-packages/airflow/example_dags/example_complex.py
[2023-07-02T01:23:00.007+0000] {logging_mixin.py:149} INFO - [2023-07-02T01:23:00.004+0000] {dag.py:2726} INFO - Sync 1 DAGs
[2023-07-02T01:23:00.092+0000] {logging_mixin.py:149} INFO - [2023-07-02T01:23:00.091+0000] {dag.py:3490} INFO - Setting next_dagrun for example_complex to None, run_after=None
[2023-07-02T01:23:00.143+0000] {processor.py:179} INFO - Processing /home/airflow/.local/lib/python3.7/site-packages/airflow/example_dags/example_complex.py took 0.258 seconds
[2023-07-02T01:23:30.391+0000] {processor.py:157} INFO - Started process (PID=539) to work on /home/airflow/.local/lib/python3.7/site-packages/airflow/example_dags/example_complex.py
[2023-07-02T01:23:30.394+0000] {processor.py:826} INFO - Processing file /home/airflow/.local/lib/python3.7/site-packages/airflow/example_dags/example_complex.py for tasks to queue
[2023-07-02T01:23:30.395+0000] {logging_mixin.py:149} INFO - [2023-07-02T01:23:30.395+0000] {dagbag.py:541} INFO - Filling up the DagBag from /home/airflow/.local/lib/python3.7/site-packages/airflow/example_dags/example_complex.py
[2023-07-02T01:23:30.419+0000] {processor.py:836} INFO - DAG(s) dict_keys(['example_complex']) retrieved from /home/airflow/.local/lib/python3.7/site-packages/airflow/example_dags/example_complex.py
[2023-07-02T01:23:30.494+0000] {logging_mixin.py:149} INFO - [2023-07-02T01:23:30.494+0000] {dag.py:2726} INFO - Sync 1 DAGs
[2023-07-02T01:23:30.543+0000] {logging_mixin.py:149} INFO - [2023-07-02T01:23:30.542+0000] {dag.py:3490} INFO - Setting next_dagrun for example_complex to None, run_after=None
[2023-07-02T01:23:30.581+0000] {processor.py:179} INFO - Processing /home/airflow/.local/lib/python3.7/site-packages/airflow/example_dags/example_complex.py took 0.195 seconds
[2023-07-02T02:04:21.271+0000] {processor.py:157} INFO - Started process (PID=62) to work on /home/airflow/.local/lib/python3.7/site-packages/airflow/example_dags/example_complex.py
[2023-07-02T02:04:21.273+0000] {processor.py:826} INFO - Processing file /home/airflow/.local/lib/python3.7/site-packages/airflow/example_dags/example_complex.py for tasks to queue
[2023-07-02T02:04:21.275+0000] {logging_mixin.py:149} INFO - [2023-07-02T02:04:21.274+0000] {dagbag.py:541} INFO - Filling up the DagBag from /home/airflow/.local/lib/python3.7/site-packages/airflow/example_dags/example_complex.py
[2023-07-02T02:04:21.298+0000] {processor.py:836} INFO - DAG(s) dict_keys(['example_complex']) retrieved from /home/airflow/.local/lib/python3.7/site-packages/airflow/example_dags/example_complex.py
[2023-07-02T02:04:21.364+0000] {logging_mixin.py:149} INFO - [2023-07-02T02:04:21.364+0000] {dag.py:2726} INFO - Sync 1 DAGs
[2023-07-02T02:04:21.406+0000] {logging_mixin.py:149} INFO - [2023-07-02T02:04:21.406+0000] {dag.py:3490} INFO - Setting next_dagrun for example_complex to None, run_after=None
[2023-07-02T02:04:21.443+0000] {processor.py:179} INFO - Processing /home/airflow/.local/lib/python3.7/site-packages/airflow/example_dags/example_complex.py took 0.192 seconds
[2023-07-02T02:04:51.951+0000] {processor.py:157} INFO - Started process (PID=120) to work on /home/airflow/.local/lib/python3.7/site-packages/airflow/example_dags/example_complex.py
[2023-07-02T02:04:51.953+0000] {processor.py:826} INFO - Processing file /home/airflow/.local/lib/python3.7/site-packages/airflow/example_dags/example_complex.py for tasks to queue
[2023-07-02T02:04:51.954+0000] {logging_mixin.py:149} INFO - [2023-07-02T02:04:51.954+0000] {dagbag.py:541} INFO - Filling up the DagBag from /home/airflow/.local/lib/python3.7/site-packages/airflow/example_dags/example_complex.py
[2023-07-02T02:04:51.972+0000] {processor.py:836} INFO - DAG(s) dict_keys(['example_complex']) retrieved from /home/airflow/.local/lib/python3.7/site-packages/airflow/example_dags/example_complex.py
[2023-07-02T02:04:52.025+0000] {logging_mixin.py:149} INFO - [2023-07-02T02:04:52.025+0000] {dag.py:2726} INFO - Sync 1 DAGs
[2023-07-02T02:04:52.072+0000] {logging_mixin.py:149} INFO - [2023-07-02T02:04:52.072+0000] {dag.py:3490} INFO - Setting next_dagrun for example_complex to None, run_after=None
[2023-07-02T02:04:52.099+0000] {processor.py:179} INFO - Processing /home/airflow/.local/lib/python3.7/site-packages/airflow/example_dags/example_complex.py took 0.154 seconds
[2023-07-02T02:05:22.961+0000] {processor.py:157} INFO - Started process (PID=177) to work on /home/airflow/.local/lib/python3.7/site-packages/airflow/example_dags/example_complex.py
[2023-07-02T02:05:22.962+0000] {processor.py:826} INFO - Processing file /home/airflow/.local/lib/python3.7/site-packages/airflow/example_dags/example_complex.py for tasks to queue
[2023-07-02T02:05:22.963+0000] {logging_mixin.py:149} INFO - [2023-07-02T02:05:22.963+0000] {dagbag.py:541} INFO - Filling up the DagBag from /home/airflow/.local/lib/python3.7/site-packages/airflow/example_dags/example_complex.py
[2023-07-02T02:05:22.979+0000] {processor.py:836} INFO - DAG(s) dict_keys(['example_complex']) retrieved from /home/airflow/.local/lib/python3.7/site-packages/airflow/example_dags/example_complex.py
[2023-07-02T02:05:23.031+0000] {logging_mixin.py:149} INFO - [2023-07-02T02:05:23.030+0000] {dag.py:2726} INFO - Sync 1 DAGs
[2023-07-02T02:05:23.086+0000] {logging_mixin.py:149} INFO - [2023-07-02T02:05:23.086+0000] {dag.py:3490} INFO - Setting next_dagrun for example_complex to None, run_after=None
[2023-07-02T02:05:23.117+0000] {processor.py:179} INFO - Processing /home/airflow/.local/lib/python3.7/site-packages/airflow/example_dags/example_complex.py took 0.161 seconds
[2023-07-02T02:05:53.566+0000] {processor.py:157} INFO - Started process (PID=236) to work on /home/airflow/.local/lib/python3.7/site-packages/airflow/example_dags/example_complex.py
[2023-07-02T02:05:53.568+0000] {processor.py:826} INFO - Processing file /home/airflow/.local/lib/python3.7/site-packages/airflow/example_dags/example_complex.py for tasks to queue
[2023-07-02T02:05:53.569+0000] {logging_mixin.py:149} INFO - [2023-07-02T02:05:53.569+0000] {dagbag.py:541} INFO - Filling up the DagBag from /home/airflow/.local/lib/python3.7/site-packages/airflow/example_dags/example_complex.py
[2023-07-02T02:05:53.586+0000] {processor.py:836} INFO - DAG(s) dict_keys(['example_complex']) retrieved from /home/airflow/.local/lib/python3.7/site-packages/airflow/example_dags/example_complex.py
[2023-07-02T02:05:53.639+0000] {logging_mixin.py:149} INFO - [2023-07-02T02:05:53.639+0000] {dag.py:2726} INFO - Sync 1 DAGs
[2023-07-02T02:05:53.674+0000] {logging_mixin.py:149} INFO - [2023-07-02T02:05:53.674+0000] {dag.py:3490} INFO - Setting next_dagrun for example_complex to None, run_after=None
[2023-07-02T02:05:53.705+0000] {processor.py:179} INFO - Processing /home/airflow/.local/lib/python3.7/site-packages/airflow/example_dags/example_complex.py took 0.143 seconds
[2023-07-02T02:06:24.568+0000] {processor.py:157} INFO - Started process (PID=294) to work on /home/airflow/.local/lib/python3.7/site-packages/airflow/example_dags/example_complex.py
[2023-07-02T02:06:24.570+0000] {processor.py:826} INFO - Processing file /home/airflow/.local/lib/python3.7/site-packages/airflow/example_dags/example_complex.py for tasks to queue
[2023-07-02T02:06:24.571+0000] {logging_mixin.py:149} INFO - [2023-07-02T02:06:24.571+0000] {dagbag.py:541} INFO - Filling up the DagBag from /home/airflow/.local/lib/python3.7/site-packages/airflow/example_dags/example_complex.py
[2023-07-02T02:06:24.589+0000] {processor.py:836} INFO - DAG(s) dict_keys(['example_complex']) retrieved from /home/airflow/.local/lib/python3.7/site-packages/airflow/example_dags/example_complex.py
[2023-07-02T02:06:24.653+0000] {logging_mixin.py:149} INFO - [2023-07-02T02:06:24.653+0000] {dag.py:2726} INFO - Sync 1 DAGs
[2023-07-02T02:06:24.690+0000] {logging_mixin.py:149} INFO - [2023-07-02T02:06:24.690+0000] {dag.py:3490} INFO - Setting next_dagrun for example_complex to None, run_after=None
[2023-07-02T02:06:24.723+0000] {processor.py:179} INFO - Processing /home/airflow/.local/lib/python3.7/site-packages/airflow/example_dags/example_complex.py took 0.159 seconds
[2023-07-02T02:06:54.956+0000] {processor.py:157} INFO - Started process (PID=352) to work on /home/airflow/.local/lib/python3.7/site-packages/airflow/example_dags/example_complex.py
[2023-07-02T02:06:54.958+0000] {processor.py:826} INFO - Processing file /home/airflow/.local/lib/python3.7/site-packages/airflow/example_dags/example_complex.py for tasks to queue
[2023-07-02T02:06:54.959+0000] {logging_mixin.py:149} INFO - [2023-07-02T02:06:54.959+0000] {dagbag.py:541} INFO - Filling up the DagBag from /home/airflow/.local/lib/python3.7/site-packages/airflow/example_dags/example_complex.py
[2023-07-02T02:06:54.976+0000] {processor.py:836} INFO - DAG(s) dict_keys(['example_complex']) retrieved from /home/airflow/.local/lib/python3.7/site-packages/airflow/example_dags/example_complex.py
[2023-07-02T02:06:55.026+0000] {logging_mixin.py:149} INFO - [2023-07-02T02:06:55.026+0000] {dag.py:2726} INFO - Sync 1 DAGs
[2023-07-02T02:06:55.074+0000] {logging_mixin.py:149} INFO - [2023-07-02T02:06:55.073+0000] {dag.py:3490} INFO - Setting next_dagrun for example_complex to None, run_after=None
[2023-07-02T02:06:55.103+0000] {processor.py:179} INFO - Processing /home/airflow/.local/lib/python3.7/site-packages/airflow/example_dags/example_complex.py took 0.151 seconds
[2023-07-02T02:12:42.265+0000] {processor.py:157} INFO - Started process (PID=62) to work on /home/airflow/.local/lib/python3.7/site-packages/airflow/example_dags/example_complex.py
[2023-07-02T02:12:42.267+0000] {processor.py:826} INFO - Processing file /home/airflow/.local/lib/python3.7/site-packages/airflow/example_dags/example_complex.py for tasks to queue
[2023-07-02T02:12:42.269+0000] {logging_mixin.py:149} INFO - [2023-07-02T02:12:42.268+0000] {dagbag.py:541} INFO - Filling up the DagBag from /home/airflow/.local/lib/python3.7/site-packages/airflow/example_dags/example_complex.py
[2023-07-02T02:12:42.287+0000] {processor.py:836} INFO - DAG(s) dict_keys(['example_complex']) retrieved from /home/airflow/.local/lib/python3.7/site-packages/airflow/example_dags/example_complex.py
[2023-07-02T02:12:42.335+0000] {logging_mixin.py:149} INFO - [2023-07-02T02:12:42.334+0000] {dag.py:2726} INFO - Sync 1 DAGs
[2023-07-02T02:12:42.501+0000] {logging_mixin.py:149} INFO - [2023-07-02T02:12:42.500+0000] {dag.py:3490} INFO - Setting next_dagrun for example_complex to None, run_after=None
[2023-07-02T02:12:42.543+0000] {processor.py:179} INFO - Processing /home/airflow/.local/lib/python3.7/site-packages/airflow/example_dags/example_complex.py took 0.283 seconds
[2023-07-02T02:13:13.034+0000] {processor.py:157} INFO - Started process (PID=123) to work on /home/airflow/.local/lib/python3.7/site-packages/airflow/example_dags/example_complex.py
[2023-07-02T02:13:13.035+0000] {processor.py:826} INFO - Processing file /home/airflow/.local/lib/python3.7/site-packages/airflow/example_dags/example_complex.py for tasks to queue
[2023-07-02T02:13:13.037+0000] {logging_mixin.py:149} INFO - [2023-07-02T02:13:13.036+0000] {dagbag.py:541} INFO - Filling up the DagBag from /home/airflow/.local/lib/python3.7/site-packages/airflow/example_dags/example_complex.py
[2023-07-02T02:13:13.053+0000] {processor.py:836} INFO - DAG(s) dict_keys(['example_complex']) retrieved from /home/airflow/.local/lib/python3.7/site-packages/airflow/example_dags/example_complex.py
[2023-07-02T02:13:13.097+0000] {logging_mixin.py:149} INFO - [2023-07-02T02:13:13.096+0000] {dag.py:2726} INFO - Sync 1 DAGs
[2023-07-02T02:13:13.129+0000] {logging_mixin.py:149} INFO - [2023-07-02T02:13:13.129+0000] {dag.py:3490} INFO - Setting next_dagrun for example_complex to None, run_after=None
[2023-07-02T02:13:13.156+0000] {processor.py:179} INFO - Processing /home/airflow/.local/lib/python3.7/site-packages/airflow/example_dags/example_complex.py took 0.128 seconds
[2023-07-02T02:13:43.334+0000] {processor.py:157} INFO - Started process (PID=181) to work on /home/airflow/.local/lib/python3.7/site-packages/airflow/example_dags/example_complex.py
[2023-07-02T02:13:43.335+0000] {processor.py:826} INFO - Processing file /home/airflow/.local/lib/python3.7/site-packages/airflow/example_dags/example_complex.py for tasks to queue
[2023-07-02T02:13:43.337+0000] {logging_mixin.py:149} INFO - [2023-07-02T02:13:43.337+0000] {dagbag.py:541} INFO - Filling up the DagBag from /home/airflow/.local/lib/python3.7/site-packages/airflow/example_dags/example_complex.py
[2023-07-02T02:13:43.356+0000] {processor.py:836} INFO - DAG(s) dict_keys(['example_complex']) retrieved from /home/airflow/.local/lib/python3.7/site-packages/airflow/example_dags/example_complex.py
[2023-07-02T02:13:43.404+0000] {logging_mixin.py:149} INFO - [2023-07-02T02:13:43.404+0000] {dag.py:2726} INFO - Sync 1 DAGs
[2023-07-02T02:13:43.445+0000] {logging_mixin.py:149} INFO - [2023-07-02T02:13:43.445+0000] {dag.py:3490} INFO - Setting next_dagrun for example_complex to None, run_after=None
[2023-07-02T02:13:43.470+0000] {processor.py:179} INFO - Processing /home/airflow/.local/lib/python3.7/site-packages/airflow/example_dags/example_complex.py took 0.142 seconds
[2023-07-02T02:14:14.207+0000] {processor.py:157} INFO - Started process (PID=239) to work on /home/airflow/.local/lib/python3.7/site-packages/airflow/example_dags/example_complex.py
[2023-07-02T02:14:14.210+0000] {processor.py:826} INFO - Processing file /home/airflow/.local/lib/python3.7/site-packages/airflow/example_dags/example_complex.py for tasks to queue
[2023-07-02T02:14:14.213+0000] {logging_mixin.py:149} INFO - [2023-07-02T02:14:14.213+0000] {dagbag.py:541} INFO - Filling up the DagBag from /home/airflow/.local/lib/python3.7/site-packages/airflow/example_dags/example_complex.py
[2023-07-02T02:14:14.247+0000] {processor.py:836} INFO - DAG(s) dict_keys(['example_complex']) retrieved from /home/airflow/.local/lib/python3.7/site-packages/airflow/example_dags/example_complex.py
[2023-07-02T02:14:14.297+0000] {logging_mixin.py:149} INFO - [2023-07-02T02:14:14.297+0000] {dag.py:2726} INFO - Sync 1 DAGs
[2023-07-02T02:14:14.361+0000] {logging_mixin.py:149} INFO - [2023-07-02T02:14:14.360+0000] {dag.py:3490} INFO - Setting next_dagrun for example_complex to None, run_after=None
[2023-07-02T02:14:14.403+0000] {processor.py:179} INFO - Processing /home/airflow/.local/lib/python3.7/site-packages/airflow/example_dags/example_complex.py took 0.205 seconds
[2023-07-02T02:14:44.959+0000] {processor.py:157} INFO - Started process (PID=297) to work on /home/airflow/.local/lib/python3.7/site-packages/airflow/example_dags/example_complex.py
[2023-07-02T02:14:44.961+0000] {processor.py:826} INFO - Processing file /home/airflow/.local/lib/python3.7/site-packages/airflow/example_dags/example_complex.py for tasks to queue
[2023-07-02T02:14:44.962+0000] {logging_mixin.py:149} INFO - [2023-07-02T02:14:44.962+0000] {dagbag.py:541} INFO - Filling up the DagBag from /home/airflow/.local/lib/python3.7/site-packages/airflow/example_dags/example_complex.py
[2023-07-02T02:14:44.978+0000] {processor.py:836} INFO - DAG(s) dict_keys(['example_complex']) retrieved from /home/airflow/.local/lib/python3.7/site-packages/airflow/example_dags/example_complex.py
[2023-07-02T02:14:45.140+0000] {logging_mixin.py:149} INFO - [2023-07-02T02:14:45.140+0000] {dag.py:2726} INFO - Sync 1 DAGs
[2023-07-02T02:14:45.168+0000] {logging_mixin.py:149} INFO - [2023-07-02T02:14:45.168+0000] {dag.py:3490} INFO - Setting next_dagrun for example_complex to None, run_after=None
[2023-07-02T02:14:45.193+0000] {processor.py:179} INFO - Processing /home/airflow/.local/lib/python3.7/site-packages/airflow/example_dags/example_complex.py took 0.239 seconds
[2023-07-02T02:15:15.466+0000] {processor.py:157} INFO - Started process (PID=355) to work on /home/airflow/.local/lib/python3.7/site-packages/airflow/example_dags/example_complex.py
[2023-07-02T02:15:15.468+0000] {processor.py:826} INFO - Processing file /home/airflow/.local/lib/python3.7/site-packages/airflow/example_dags/example_complex.py for tasks to queue
[2023-07-02T02:15:15.469+0000] {logging_mixin.py:149} INFO - [2023-07-02T02:15:15.469+0000] {dagbag.py:541} INFO - Filling up the DagBag from /home/airflow/.local/lib/python3.7/site-packages/airflow/example_dags/example_complex.py
[2023-07-02T02:15:15.485+0000] {processor.py:836} INFO - DAG(s) dict_keys(['example_complex']) retrieved from /home/airflow/.local/lib/python3.7/site-packages/airflow/example_dags/example_complex.py
[2023-07-02T02:15:15.530+0000] {logging_mixin.py:149} INFO - [2023-07-02T02:15:15.530+0000] {dag.py:2726} INFO - Sync 1 DAGs
[2023-07-02T02:15:15.562+0000] {logging_mixin.py:149} INFO - [2023-07-02T02:15:15.562+0000] {dag.py:3490} INFO - Setting next_dagrun for example_complex to None, run_after=None
[2023-07-02T02:15:15.586+0000] {processor.py:179} INFO - Processing /home/airflow/.local/lib/python3.7/site-packages/airflow/example_dags/example_complex.py took 0.124 seconds
[2023-07-02T02:15:47.141+0000] {processor.py:157} INFO - Started process (PID=412) to work on /home/airflow/.local/lib/python3.7/site-packages/airflow/example_dags/example_complex.py
[2023-07-02T02:15:47.143+0000] {processor.py:826} INFO - Processing file /home/airflow/.local/lib/python3.7/site-packages/airflow/example_dags/example_complex.py for tasks to queue
[2023-07-02T02:15:47.144+0000] {logging_mixin.py:149} INFO - [2023-07-02T02:15:47.144+0000] {dagbag.py:541} INFO - Filling up the DagBag from /home/airflow/.local/lib/python3.7/site-packages/airflow/example_dags/example_complex.py
[2023-07-02T02:15:47.160+0000] {processor.py:836} INFO - DAG(s) dict_keys(['example_complex']) retrieved from /home/airflow/.local/lib/python3.7/site-packages/airflow/example_dags/example_complex.py
[2023-07-02T02:15:47.326+0000] {logging_mixin.py:149} INFO - [2023-07-02T02:15:47.326+0000] {dag.py:2726} INFO - Sync 1 DAGs
[2023-07-02T02:15:47.355+0000] {logging_mixin.py:149} INFO - [2023-07-02T02:15:47.354+0000] {dag.py:3490} INFO - Setting next_dagrun for example_complex to None, run_after=None
[2023-07-02T02:15:47.376+0000] {processor.py:179} INFO - Processing /home/airflow/.local/lib/python3.7/site-packages/airflow/example_dags/example_complex.py took 0.239 seconds
[2023-07-02T02:16:18.411+0000] {processor.py:157} INFO - Started process (PID=470) to work on /home/airflow/.local/lib/python3.7/site-packages/airflow/example_dags/example_complex.py
[2023-07-02T02:16:18.413+0000] {processor.py:826} INFO - Processing file /home/airflow/.local/lib/python3.7/site-packages/airflow/example_dags/example_complex.py for tasks to queue
[2023-07-02T02:16:18.414+0000] {logging_mixin.py:149} INFO - [2023-07-02T02:16:18.414+0000] {dagbag.py:541} INFO - Filling up the DagBag from /home/airflow/.local/lib/python3.7/site-packages/airflow/example_dags/example_complex.py
[2023-07-02T02:16:18.437+0000] {processor.py:836} INFO - DAG(s) dict_keys(['example_complex']) retrieved from /home/airflow/.local/lib/python3.7/site-packages/airflow/example_dags/example_complex.py
[2023-07-02T02:16:18.492+0000] {logging_mixin.py:149} INFO - [2023-07-02T02:16:18.492+0000] {dag.py:2726} INFO - Sync 1 DAGs
[2023-07-02T02:16:18.535+0000] {logging_mixin.py:149} INFO - [2023-07-02T02:16:18.535+0000] {dag.py:3490} INFO - Setting next_dagrun for example_complex to None, run_after=None
[2023-07-02T02:16:18.572+0000] {processor.py:179} INFO - Processing /home/airflow/.local/lib/python3.7/site-packages/airflow/example_dags/example_complex.py took 0.168 seconds
[2023-07-02T02:16:49.368+0000] {processor.py:157} INFO - Started process (PID=529) to work on /home/airflow/.local/lib/python3.7/site-packages/airflow/example_dags/example_complex.py
[2023-07-02T02:16:49.371+0000] {processor.py:826} INFO - Processing file /home/airflow/.local/lib/python3.7/site-packages/airflow/example_dags/example_complex.py for tasks to queue
[2023-07-02T02:16:49.375+0000] {logging_mixin.py:149} INFO - [2023-07-02T02:16:49.374+0000] {dagbag.py:541} INFO - Filling up the DagBag from /home/airflow/.local/lib/python3.7/site-packages/airflow/example_dags/example_complex.py
[2023-07-02T02:16:49.434+0000] {processor.py:836} INFO - DAG(s) dict_keys(['example_complex']) retrieved from /home/airflow/.local/lib/python3.7/site-packages/airflow/example_dags/example_complex.py
[2023-07-02T02:16:49.555+0000] {logging_mixin.py:149} INFO - [2023-07-02T02:16:49.555+0000] {dag.py:2726} INFO - Sync 1 DAGs
[2023-07-02T02:16:49.617+0000] {logging_mixin.py:149} INFO - [2023-07-02T02:16:49.616+0000] {dag.py:3490} INFO - Setting next_dagrun for example_complex to None, run_after=None
[2023-07-02T02:16:49.693+0000] {processor.py:179} INFO - Processing /home/airflow/.local/lib/python3.7/site-packages/airflow/example_dags/example_complex.py took 0.336 seconds
[2023-07-02T02:17:20.542+0000] {processor.py:157} INFO - Started process (PID=588) to work on /home/airflow/.local/lib/python3.7/site-packages/airflow/example_dags/example_complex.py
[2023-07-02T02:17:20.543+0000] {processor.py:826} INFO - Processing file /home/airflow/.local/lib/python3.7/site-packages/airflow/example_dags/example_complex.py for tasks to queue
[2023-07-02T02:17:20.544+0000] {logging_mixin.py:149} INFO - [2023-07-02T02:17:20.544+0000] {dagbag.py:541} INFO - Filling up the DagBag from /home/airflow/.local/lib/python3.7/site-packages/airflow/example_dags/example_complex.py
[2023-07-02T02:17:20.559+0000] {processor.py:836} INFO - DAG(s) dict_keys(['example_complex']) retrieved from /home/airflow/.local/lib/python3.7/site-packages/airflow/example_dags/example_complex.py
[2023-07-02T02:17:20.607+0000] {logging_mixin.py:149} INFO - [2023-07-02T02:17:20.607+0000] {dag.py:2726} INFO - Sync 1 DAGs
[2023-07-02T02:17:20.637+0000] {logging_mixin.py:149} INFO - [2023-07-02T02:17:20.637+0000] {dag.py:3490} INFO - Setting next_dagrun for example_complex to None, run_after=None
[2023-07-02T02:17:20.661+0000] {processor.py:179} INFO - Processing /home/airflow/.local/lib/python3.7/site-packages/airflow/example_dags/example_complex.py took 0.124 seconds
[2023-07-02T02:17:50.963+0000] {processor.py:157} INFO - Started process (PID=647) to work on /home/airflow/.local/lib/python3.7/site-packages/airflow/example_dags/example_complex.py
[2023-07-02T02:17:50.964+0000] {processor.py:826} INFO - Processing file /home/airflow/.local/lib/python3.7/site-packages/airflow/example_dags/example_complex.py for tasks to queue
[2023-07-02T02:17:50.966+0000] {logging_mixin.py:149} INFO - [2023-07-02T02:17:50.965+0000] {dagbag.py:541} INFO - Filling up the DagBag from /home/airflow/.local/lib/python3.7/site-packages/airflow/example_dags/example_complex.py
[2023-07-02T02:17:50.981+0000] {processor.py:836} INFO - DAG(s) dict_keys(['example_complex']) retrieved from /home/airflow/.local/lib/python3.7/site-packages/airflow/example_dags/example_complex.py
[2023-07-02T02:17:51.025+0000] {logging_mixin.py:149} INFO - [2023-07-02T02:17:51.025+0000] {dag.py:2726} INFO - Sync 1 DAGs
[2023-07-02T02:17:51.054+0000] {logging_mixin.py:149} INFO - [2023-07-02T02:17:51.053+0000] {dag.py:3490} INFO - Setting next_dagrun for example_complex to None, run_after=None
[2023-07-02T02:17:51.074+0000] {processor.py:179} INFO - Processing /home/airflow/.local/lib/python3.7/site-packages/airflow/example_dags/example_complex.py took 0.115 seconds
[2023-07-02T02:18:21.524+0000] {processor.py:157} INFO - Started process (PID=705) to work on /home/airflow/.local/lib/python3.7/site-packages/airflow/example_dags/example_complex.py
[2023-07-02T02:18:21.526+0000] {processor.py:826} INFO - Processing file /home/airflow/.local/lib/python3.7/site-packages/airflow/example_dags/example_complex.py for tasks to queue
[2023-07-02T02:18:21.527+0000] {logging_mixin.py:149} INFO - [2023-07-02T02:18:21.527+0000] {dagbag.py:541} INFO - Filling up the DagBag from /home/airflow/.local/lib/python3.7/site-packages/airflow/example_dags/example_complex.py
[2023-07-02T02:18:21.541+0000] {processor.py:836} INFO - DAG(s) dict_keys(['example_complex']) retrieved from /home/airflow/.local/lib/python3.7/site-packages/airflow/example_dags/example_complex.py
[2023-07-02T02:18:21.583+0000] {logging_mixin.py:149} INFO - [2023-07-02T02:18:21.583+0000] {dag.py:2726} INFO - Sync 1 DAGs
[2023-07-02T02:18:21.614+0000] {logging_mixin.py:149} INFO - [2023-07-02T02:18:21.614+0000] {dag.py:3490} INFO - Setting next_dagrun for example_complex to None, run_after=None
[2023-07-02T02:18:21.639+0000] {processor.py:179} INFO - Processing /home/airflow/.local/lib/python3.7/site-packages/airflow/example_dags/example_complex.py took 0.119 seconds
[2023-07-02T02:18:52.435+0000] {processor.py:157} INFO - Started process (PID=763) to work on /home/airflow/.local/lib/python3.7/site-packages/airflow/example_dags/example_complex.py
[2023-07-02T02:18:52.436+0000] {processor.py:826} INFO - Processing file /home/airflow/.local/lib/python3.7/site-packages/airflow/example_dags/example_complex.py for tasks to queue
[2023-07-02T02:18:52.437+0000] {logging_mixin.py:149} INFO - [2023-07-02T02:18:52.437+0000] {dagbag.py:541} INFO - Filling up the DagBag from /home/airflow/.local/lib/python3.7/site-packages/airflow/example_dags/example_complex.py
[2023-07-02T02:18:52.454+0000] {processor.py:836} INFO - DAG(s) dict_keys(['example_complex']) retrieved from /home/airflow/.local/lib/python3.7/site-packages/airflow/example_dags/example_complex.py
[2023-07-02T02:18:52.500+0000] {logging_mixin.py:149} INFO - [2023-07-02T02:18:52.500+0000] {dag.py:2726} INFO - Sync 1 DAGs
[2023-07-02T02:18:52.530+0000] {logging_mixin.py:149} INFO - [2023-07-02T02:18:52.530+0000] {dag.py:3490} INFO - Setting next_dagrun for example_complex to None, run_after=None
[2023-07-02T02:18:52.555+0000] {processor.py:179} INFO - Processing /home/airflow/.local/lib/python3.7/site-packages/airflow/example_dags/example_complex.py took 0.125 seconds
[2023-07-02T02:19:22.775+0000] {processor.py:157} INFO - Started process (PID=820) to work on /home/airflow/.local/lib/python3.7/site-packages/airflow/example_dags/example_complex.py
[2023-07-02T02:19:22.780+0000] {processor.py:826} INFO - Processing file /home/airflow/.local/lib/python3.7/site-packages/airflow/example_dags/example_complex.py for tasks to queue
[2023-07-02T02:19:22.781+0000] {logging_mixin.py:149} INFO - [2023-07-02T02:19:22.781+0000] {dagbag.py:541} INFO - Filling up the DagBag from /home/airflow/.local/lib/python3.7/site-packages/airflow/example_dags/example_complex.py
[2023-07-02T02:19:22.800+0000] {processor.py:836} INFO - DAG(s) dict_keys(['example_complex']) retrieved from /home/airflow/.local/lib/python3.7/site-packages/airflow/example_dags/example_complex.py
[2023-07-02T02:19:22.849+0000] {logging_mixin.py:149} INFO - [2023-07-02T02:19:22.848+0000] {dag.py:2726} INFO - Sync 1 DAGs
[2023-07-02T02:19:22.880+0000] {logging_mixin.py:149} INFO - [2023-07-02T02:19:22.880+0000] {dag.py:3490} INFO - Setting next_dagrun for example_complex to None, run_after=None
[2023-07-02T02:19:22.904+0000] {processor.py:179} INFO - Processing /home/airflow/.local/lib/python3.7/site-packages/airflow/example_dags/example_complex.py took 0.141 seconds
[2023-07-02T02:19:52.967+0000] {processor.py:157} INFO - Started process (PID=878) to work on /home/airflow/.local/lib/python3.7/site-packages/airflow/example_dags/example_complex.py
[2023-07-02T02:19:52.968+0000] {processor.py:826} INFO - Processing file /home/airflow/.local/lib/python3.7/site-packages/airflow/example_dags/example_complex.py for tasks to queue
[2023-07-02T02:19:52.969+0000] {logging_mixin.py:149} INFO - [2023-07-02T02:19:52.968+0000] {dagbag.py:541} INFO - Filling up the DagBag from /home/airflow/.local/lib/python3.7/site-packages/airflow/example_dags/example_complex.py
[2023-07-02T02:19:52.983+0000] {processor.py:836} INFO - DAG(s) dict_keys(['example_complex']) retrieved from /home/airflow/.local/lib/python3.7/site-packages/airflow/example_dags/example_complex.py
[2023-07-02T02:19:53.027+0000] {logging_mixin.py:149} INFO - [2023-07-02T02:19:53.027+0000] {dag.py:2726} INFO - Sync 1 DAGs
[2023-07-02T02:19:53.063+0000] {logging_mixin.py:149} INFO - [2023-07-02T02:19:53.063+0000] {dag.py:3490} INFO - Setting next_dagrun for example_complex to None, run_after=None
[2023-07-02T02:19:53.091+0000] {processor.py:179} INFO - Processing /home/airflow/.local/lib/python3.7/site-packages/airflow/example_dags/example_complex.py took 0.128 seconds
[2023-07-02T02:20:23.322+0000] {processor.py:157} INFO - Started process (PID=937) to work on /home/airflow/.local/lib/python3.7/site-packages/airflow/example_dags/example_complex.py
[2023-07-02T02:20:23.323+0000] {processor.py:826} INFO - Processing file /home/airflow/.local/lib/python3.7/site-packages/airflow/example_dags/example_complex.py for tasks to queue
[2023-07-02T02:20:23.324+0000] {logging_mixin.py:149} INFO - [2023-07-02T02:20:23.324+0000] {dagbag.py:541} INFO - Filling up the DagBag from /home/airflow/.local/lib/python3.7/site-packages/airflow/example_dags/example_complex.py
[2023-07-02T02:20:23.340+0000] {processor.py:836} INFO - DAG(s) dict_keys(['example_complex']) retrieved from /home/airflow/.local/lib/python3.7/site-packages/airflow/example_dags/example_complex.py
[2023-07-02T02:20:23.385+0000] {logging_mixin.py:149} INFO - [2023-07-02T02:20:23.385+0000] {dag.py:2726} INFO - Sync 1 DAGs
[2023-07-02T02:20:23.418+0000] {logging_mixin.py:149} INFO - [2023-07-02T02:20:23.418+0000] {dag.py:3490} INFO - Setting next_dagrun for example_complex to None, run_after=None
[2023-07-02T02:20:23.445+0000] {processor.py:179} INFO - Processing /home/airflow/.local/lib/python3.7/site-packages/airflow/example_dags/example_complex.py took 0.127 seconds
[2023-07-02T02:20:53.793+0000] {processor.py:157} INFO - Started process (PID=995) to work on /home/airflow/.local/lib/python3.7/site-packages/airflow/example_dags/example_complex.py
[2023-07-02T02:20:53.795+0000] {processor.py:826} INFO - Processing file /home/airflow/.local/lib/python3.7/site-packages/airflow/example_dags/example_complex.py for tasks to queue
[2023-07-02T02:20:53.797+0000] {logging_mixin.py:149} INFO - [2023-07-02T02:20:53.796+0000] {dagbag.py:541} INFO - Filling up the DagBag from /home/airflow/.local/lib/python3.7/site-packages/airflow/example_dags/example_complex.py
[2023-07-02T02:20:53.818+0000] {processor.py:836} INFO - DAG(s) dict_keys(['example_complex']) retrieved from /home/airflow/.local/lib/python3.7/site-packages/airflow/example_dags/example_complex.py
[2023-07-02T02:20:53.877+0000] {logging_mixin.py:149} INFO - [2023-07-02T02:20:53.876+0000] {dag.py:2726} INFO - Sync 1 DAGs
[2023-07-02T02:20:53.911+0000] {logging_mixin.py:149} INFO - [2023-07-02T02:20:53.911+0000] {dag.py:3490} INFO - Setting next_dagrun for example_complex to None, run_after=None
[2023-07-02T02:20:53.939+0000] {processor.py:179} INFO - Processing /home/airflow/.local/lib/python3.7/site-packages/airflow/example_dags/example_complex.py took 0.153 seconds
[2023-07-02T02:21:24.051+0000] {processor.py:157} INFO - Started process (PID=1053) to work on /home/airflow/.local/lib/python3.7/site-packages/airflow/example_dags/example_complex.py
[2023-07-02T02:21:24.053+0000] {processor.py:826} INFO - Processing file /home/airflow/.local/lib/python3.7/site-packages/airflow/example_dags/example_complex.py for tasks to queue
[2023-07-02T02:21:24.056+0000] {logging_mixin.py:149} INFO - [2023-07-02T02:21:24.055+0000] {dagbag.py:541} INFO - Filling up the DagBag from /home/airflow/.local/lib/python3.7/site-packages/airflow/example_dags/example_complex.py
[2023-07-02T02:21:24.083+0000] {processor.py:836} INFO - DAG(s) dict_keys(['example_complex']) retrieved from /home/airflow/.local/lib/python3.7/site-packages/airflow/example_dags/example_complex.py
[2023-07-02T02:21:24.144+0000] {logging_mixin.py:149} INFO - [2023-07-02T02:21:24.144+0000] {dag.py:2726} INFO - Sync 1 DAGs
[2023-07-02T02:21:24.185+0000] {logging_mixin.py:149} INFO - [2023-07-02T02:21:24.185+0000] {dag.py:3490} INFO - Setting next_dagrun for example_complex to None, run_after=None
[2023-07-02T02:21:24.213+0000] {processor.py:179} INFO - Processing /home/airflow/.local/lib/python3.7/site-packages/airflow/example_dags/example_complex.py took 0.169 seconds
