[2023-07-02T01:19:13.861+0000] {processor.py:157} INFO - Started process (PID=53) to work on /home/airflow/.local/lib/python3.7/site-packages/airflow/example_dags/example_trigger_controller_dag.py
[2023-07-02T01:19:13.863+0000] {processor.py:826} INFO - Processing file /home/airflow/.local/lib/python3.7/site-packages/airflow/example_dags/example_trigger_controller_dag.py for tasks to queue
[2023-07-02T01:19:13.865+0000] {logging_mixin.py:149} INFO - [2023-07-02T01:19:13.865+0000] {dagbag.py:541} INFO - Filling up the DagBag from /home/airflow/.local/lib/python3.7/site-packages/airflow/example_dags/example_trigger_controller_dag.py
[2023-07-02T01:19:13.877+0000] {processor.py:836} INFO - DAG(s) dict_keys(['example_trigger_controller_dag']) retrieved from /home/airflow/.local/lib/python3.7/site-packages/airflow/example_dags/example_trigger_controller_dag.py
[2023-07-02T01:19:14.147+0000] {logging_mixin.py:149} INFO - [2023-07-02T01:19:14.147+0000] {manager.py:504} INFO - Created Permission View: can delete on DAG:example_trigger_controller_dag
[2023-07-02T01:19:14.210+0000] {logging_mixin.py:149} INFO - [2023-07-02T01:19:14.210+0000] {manager.py:504} INFO - Created Permission View: can edit on DAG:example_trigger_controller_dag
[2023-07-02T01:19:14.237+0000] {logging_mixin.py:149} INFO - [2023-07-02T01:19:14.236+0000] {manager.py:504} INFO - Created Permission View: can read on DAG:example_trigger_controller_dag
[2023-07-02T01:19:14.282+0000] {logging_mixin.py:149} INFO - [2023-07-02T01:19:14.281+0000] {dag.py:2726} INFO - Sync 1 DAGs
[2023-07-02T01:19:14.316+0000] {logging_mixin.py:149} INFO - [2023-07-02T01:19:14.316+0000] {dag.py:2747} INFO - Creating ORM DAG for example_trigger_controller_dag
[2023-07-02T01:19:14.376+0000] {logging_mixin.py:149} INFO - [2023-07-02T01:19:14.375+0000] {dag.py:3490} INFO - Setting next_dagrun for example_trigger_controller_dag to 2021-01-01T00:00:00+00:00, run_after=2021-01-01T00:00:00+00:00
[2023-07-02T01:19:14.468+0000] {processor.py:179} INFO - Processing /home/airflow/.local/lib/python3.7/site-packages/airflow/example_dags/example_trigger_controller_dag.py took 0.613 seconds
[2023-07-02T01:19:53.271+0000] {processor.py:157} INFO - Started process (PID=117) to work on /home/airflow/.local/lib/python3.7/site-packages/airflow/example_dags/example_trigger_controller_dag.py
[2023-07-02T01:19:53.277+0000] {processor.py:826} INFO - Processing file /home/airflow/.local/lib/python3.7/site-packages/airflow/example_dags/example_trigger_controller_dag.py for tasks to queue
[2023-07-02T01:19:53.282+0000] {logging_mixin.py:149} INFO - [2023-07-02T01:19:53.281+0000] {dagbag.py:541} INFO - Filling up the DagBag from /home/airflow/.local/lib/python3.7/site-packages/airflow/example_dags/example_trigger_controller_dag.py
[2023-07-02T01:19:53.292+0000] {processor.py:836} INFO - DAG(s) dict_keys(['example_trigger_controller_dag']) retrieved from /home/airflow/.local/lib/python3.7/site-packages/airflow/example_dags/example_trigger_controller_dag.py
[2023-07-02T01:19:53.409+0000] {logging_mixin.py:149} INFO - [2023-07-02T01:19:53.409+0000] {dag.py:2726} INFO - Sync 1 DAGs
[2023-07-02T01:19:53.475+0000] {logging_mixin.py:149} INFO - [2023-07-02T01:19:53.475+0000] {dag.py:3490} INFO - Setting next_dagrun for example_trigger_controller_dag to 2021-01-01T00:00:00+00:00, run_after=2021-01-01T00:00:00+00:00
[2023-07-02T01:19:53.544+0000] {processor.py:179} INFO - Processing /home/airflow/.local/lib/python3.7/site-packages/airflow/example_dags/example_trigger_controller_dag.py took 0.292 seconds
[2023-07-02T01:20:24.115+0000] {processor.py:157} INFO - Started process (PID=175) to work on /home/airflow/.local/lib/python3.7/site-packages/airflow/example_dags/example_trigger_controller_dag.py
[2023-07-02T01:20:24.123+0000] {processor.py:826} INFO - Processing file /home/airflow/.local/lib/python3.7/site-packages/airflow/example_dags/example_trigger_controller_dag.py for tasks to queue
[2023-07-02T01:20:24.125+0000] {logging_mixin.py:149} INFO - [2023-07-02T01:20:24.125+0000] {dagbag.py:541} INFO - Filling up the DagBag from /home/airflow/.local/lib/python3.7/site-packages/airflow/example_dags/example_trigger_controller_dag.py
[2023-07-02T01:20:24.135+0000] {processor.py:836} INFO - DAG(s) dict_keys(['example_trigger_controller_dag']) retrieved from /home/airflow/.local/lib/python3.7/site-packages/airflow/example_dags/example_trigger_controller_dag.py
[2023-07-02T01:20:24.222+0000] {logging_mixin.py:149} INFO - [2023-07-02T01:20:24.221+0000] {dag.py:2726} INFO - Sync 1 DAGs
[2023-07-02T01:20:24.298+0000] {logging_mixin.py:149} INFO - [2023-07-02T01:20:24.297+0000] {dag.py:3490} INFO - Setting next_dagrun for example_trigger_controller_dag to 2021-01-01T00:00:00+00:00, run_after=2021-01-01T00:00:00+00:00
[2023-07-02T01:20:24.348+0000] {processor.py:179} INFO - Processing /home/airflow/.local/lib/python3.7/site-packages/airflow/example_dags/example_trigger_controller_dag.py took 0.245 seconds
[2023-07-02T01:20:54.782+0000] {processor.py:157} INFO - Started process (PID=234) to work on /home/airflow/.local/lib/python3.7/site-packages/airflow/example_dags/example_trigger_controller_dag.py
[2023-07-02T01:20:54.786+0000] {processor.py:826} INFO - Processing file /home/airflow/.local/lib/python3.7/site-packages/airflow/example_dags/example_trigger_controller_dag.py for tasks to queue
[2023-07-02T01:20:54.789+0000] {logging_mixin.py:149} INFO - [2023-07-02T01:20:54.788+0000] {dagbag.py:541} INFO - Filling up the DagBag from /home/airflow/.local/lib/python3.7/site-packages/airflow/example_dags/example_trigger_controller_dag.py
[2023-07-02T01:20:54.799+0000] {processor.py:836} INFO - DAG(s) dict_keys(['example_trigger_controller_dag']) retrieved from /home/airflow/.local/lib/python3.7/site-packages/airflow/example_dags/example_trigger_controller_dag.py
[2023-07-02T01:20:54.862+0000] {logging_mixin.py:149} INFO - [2023-07-02T01:20:54.862+0000] {dag.py:2726} INFO - Sync 1 DAGs
[2023-07-02T01:20:54.935+0000] {logging_mixin.py:149} INFO - [2023-07-02T01:20:54.934+0000] {dag.py:3490} INFO - Setting next_dagrun for example_trigger_controller_dag to 2021-01-01T00:00:00+00:00, run_after=2021-01-01T00:00:00+00:00
[2023-07-02T01:20:54.973+0000] {processor.py:179} INFO - Processing /home/airflow/.local/lib/python3.7/site-packages/airflow/example_dags/example_trigger_controller_dag.py took 0.213 seconds
[2023-07-02T01:21:25.443+0000] {processor.py:157} INFO - Started process (PID=293) to work on /home/airflow/.local/lib/python3.7/site-packages/airflow/example_dags/example_trigger_controller_dag.py
[2023-07-02T01:21:25.445+0000] {processor.py:826} INFO - Processing file /home/airflow/.local/lib/python3.7/site-packages/airflow/example_dags/example_trigger_controller_dag.py for tasks to queue
[2023-07-02T01:21:25.447+0000] {logging_mixin.py:149} INFO - [2023-07-02T01:21:25.447+0000] {dagbag.py:541} INFO - Filling up the DagBag from /home/airflow/.local/lib/python3.7/site-packages/airflow/example_dags/example_trigger_controller_dag.py
[2023-07-02T01:21:25.456+0000] {processor.py:836} INFO - DAG(s) dict_keys(['example_trigger_controller_dag']) retrieved from /home/airflow/.local/lib/python3.7/site-packages/airflow/example_dags/example_trigger_controller_dag.py
[2023-07-02T01:21:25.507+0000] {logging_mixin.py:149} INFO - [2023-07-02T01:21:25.507+0000] {dag.py:2726} INFO - Sync 1 DAGs
[2023-07-02T01:21:25.555+0000] {logging_mixin.py:149} INFO - [2023-07-02T01:21:25.555+0000] {dag.py:3490} INFO - Setting next_dagrun for example_trigger_controller_dag to 2021-01-01T00:00:00+00:00, run_after=2021-01-01T00:00:00+00:00
[2023-07-02T01:21:25.589+0000] {processor.py:179} INFO - Processing /home/airflow/.local/lib/python3.7/site-packages/airflow/example_dags/example_trigger_controller_dag.py took 0.152 seconds
[2023-07-02T01:21:56.754+0000] {processor.py:157} INFO - Started process (PID=350) to work on /home/airflow/.local/lib/python3.7/site-packages/airflow/example_dags/example_trigger_controller_dag.py
[2023-07-02T01:21:56.757+0000] {processor.py:826} INFO - Processing file /home/airflow/.local/lib/python3.7/site-packages/airflow/example_dags/example_trigger_controller_dag.py for tasks to queue
[2023-07-02T01:21:56.759+0000] {logging_mixin.py:149} INFO - [2023-07-02T01:21:56.758+0000] {dagbag.py:541} INFO - Filling up the DagBag from /home/airflow/.local/lib/python3.7/site-packages/airflow/example_dags/example_trigger_controller_dag.py
[2023-07-02T01:21:56.767+0000] {processor.py:836} INFO - DAG(s) dict_keys(['example_trigger_controller_dag']) retrieved from /home/airflow/.local/lib/python3.7/site-packages/airflow/example_dags/example_trigger_controller_dag.py
[2023-07-02T01:21:56.850+0000] {logging_mixin.py:149} INFO - [2023-07-02T01:21:56.849+0000] {dag.py:2726} INFO - Sync 1 DAGs
[2023-07-02T01:21:56.906+0000] {logging_mixin.py:149} INFO - [2023-07-02T01:21:56.905+0000] {dag.py:3490} INFO - Setting next_dagrun for example_trigger_controller_dag to 2021-01-01T00:00:00+00:00, run_after=2021-01-01T00:00:00+00:00
[2023-07-02T01:21:56.945+0000] {processor.py:179} INFO - Processing /home/airflow/.local/lib/python3.7/site-packages/airflow/example_dags/example_trigger_controller_dag.py took 0.196 seconds
[2023-07-02T01:22:27.232+0000] {processor.py:157} INFO - Started process (PID=408) to work on /home/airflow/.local/lib/python3.7/site-packages/airflow/example_dags/example_trigger_controller_dag.py
[2023-07-02T01:22:27.240+0000] {processor.py:826} INFO - Processing file /home/airflow/.local/lib/python3.7/site-packages/airflow/example_dags/example_trigger_controller_dag.py for tasks to queue
[2023-07-02T01:22:27.242+0000] {logging_mixin.py:149} INFO - [2023-07-02T01:22:27.241+0000] {dagbag.py:541} INFO - Filling up the DagBag from /home/airflow/.local/lib/python3.7/site-packages/airflow/example_dags/example_trigger_controller_dag.py
[2023-07-02T01:22:27.250+0000] {processor.py:836} INFO - DAG(s) dict_keys(['example_trigger_controller_dag']) retrieved from /home/airflow/.local/lib/python3.7/site-packages/airflow/example_dags/example_trigger_controller_dag.py
[2023-07-02T01:22:27.308+0000] {logging_mixin.py:149} INFO - [2023-07-02T01:22:27.308+0000] {dag.py:2726} INFO - Sync 1 DAGs
[2023-07-02T01:22:27.359+0000] {logging_mixin.py:149} INFO - [2023-07-02T01:22:27.359+0000] {dag.py:3490} INFO - Setting next_dagrun for example_trigger_controller_dag to 2021-01-01T00:00:00+00:00, run_after=2021-01-01T00:00:00+00:00
[2023-07-02T01:22:27.395+0000] {processor.py:179} INFO - Processing /home/airflow/.local/lib/python3.7/site-packages/airflow/example_dags/example_trigger_controller_dag.py took 0.167 seconds
[2023-07-02T01:22:57.923+0000] {processor.py:157} INFO - Started process (PID=469) to work on /home/airflow/.local/lib/python3.7/site-packages/airflow/example_dags/example_trigger_controller_dag.py
[2023-07-02T01:22:57.925+0000] {processor.py:826} INFO - Processing file /home/airflow/.local/lib/python3.7/site-packages/airflow/example_dags/example_trigger_controller_dag.py for tasks to queue
[2023-07-02T01:22:57.928+0000] {logging_mixin.py:149} INFO - [2023-07-02T01:22:57.927+0000] {dagbag.py:541} INFO - Filling up the DagBag from /home/airflow/.local/lib/python3.7/site-packages/airflow/example_dags/example_trigger_controller_dag.py
[2023-07-02T01:22:57.938+0000] {processor.py:836} INFO - DAG(s) dict_keys(['example_trigger_controller_dag']) retrieved from /home/airflow/.local/lib/python3.7/site-packages/airflow/example_dags/example_trigger_controller_dag.py
[2023-07-02T01:22:58.038+0000] {logging_mixin.py:149} INFO - [2023-07-02T01:22:58.038+0000] {dag.py:2726} INFO - Sync 1 DAGs
[2023-07-02T01:22:58.129+0000] {logging_mixin.py:149} INFO - [2023-07-02T01:22:58.129+0000] {dag.py:3490} INFO - Setting next_dagrun for example_trigger_controller_dag to 2021-01-01T00:00:00+00:00, run_after=2021-01-01T00:00:00+00:00
[2023-07-02T01:22:58.210+0000] {processor.py:179} INFO - Processing /home/airflow/.local/lib/python3.7/site-packages/airflow/example_dags/example_trigger_controller_dag.py took 0.297 seconds
[2023-07-02T01:23:28.594+0000] {processor.py:157} INFO - Started process (PID=528) to work on /home/airflow/.local/lib/python3.7/site-packages/airflow/example_dags/example_trigger_controller_dag.py
[2023-07-02T01:23:28.599+0000] {processor.py:826} INFO - Processing file /home/airflow/.local/lib/python3.7/site-packages/airflow/example_dags/example_trigger_controller_dag.py for tasks to queue
[2023-07-02T01:23:28.601+0000] {logging_mixin.py:149} INFO - [2023-07-02T01:23:28.600+0000] {dagbag.py:541} INFO - Filling up the DagBag from /home/airflow/.local/lib/python3.7/site-packages/airflow/example_dags/example_trigger_controller_dag.py
[2023-07-02T01:23:28.614+0000] {processor.py:836} INFO - DAG(s) dict_keys(['example_trigger_controller_dag']) retrieved from /home/airflow/.local/lib/python3.7/site-packages/airflow/example_dags/example_trigger_controller_dag.py
[2023-07-02T01:23:28.690+0000] {logging_mixin.py:149} INFO - [2023-07-02T01:23:28.690+0000] {dag.py:2726} INFO - Sync 1 DAGs
[2023-07-02T01:23:28.765+0000] {logging_mixin.py:149} INFO - [2023-07-02T01:23:28.765+0000] {dag.py:3490} INFO - Setting next_dagrun for example_trigger_controller_dag to 2021-01-01T00:00:00+00:00, run_after=2021-01-01T00:00:00+00:00
[2023-07-02T01:23:28.815+0000] {processor.py:179} INFO - Processing /home/airflow/.local/lib/python3.7/site-packages/airflow/example_dags/example_trigger_controller_dag.py took 0.232 seconds
[2023-07-02T02:04:19.796+0000] {processor.py:157} INFO - Started process (PID=51) to work on /home/airflow/.local/lib/python3.7/site-packages/airflow/example_dags/example_trigger_controller_dag.py
[2023-07-02T02:04:19.803+0000] {processor.py:826} INFO - Processing file /home/airflow/.local/lib/python3.7/site-packages/airflow/example_dags/example_trigger_controller_dag.py for tasks to queue
[2023-07-02T02:04:19.808+0000] {logging_mixin.py:149} INFO - [2023-07-02T02:04:19.808+0000] {dagbag.py:541} INFO - Filling up the DagBag from /home/airflow/.local/lib/python3.7/site-packages/airflow/example_dags/example_trigger_controller_dag.py
[2023-07-02T02:04:19.824+0000] {processor.py:836} INFO - DAG(s) dict_keys(['example_trigger_controller_dag']) retrieved from /home/airflow/.local/lib/python3.7/site-packages/airflow/example_dags/example_trigger_controller_dag.py
[2023-07-02T02:04:19.865+0000] {logging_mixin.py:149} INFO - [2023-07-02T02:04:19.865+0000] {dag.py:2726} INFO - Sync 1 DAGs
[2023-07-02T02:04:19.918+0000] {logging_mixin.py:149} INFO - [2023-07-02T02:04:19.918+0000] {dag.py:3490} INFO - Setting next_dagrun for example_trigger_controller_dag to 2021-01-01T00:00:00+00:00, run_after=2021-01-01T00:00:00+00:00
[2023-07-02T02:04:19.947+0000] {processor.py:179} INFO - Processing /home/airflow/.local/lib/python3.7/site-packages/airflow/example_dags/example_trigger_controller_dag.py took 0.156 seconds
[2023-07-02T02:04:50.733+0000] {processor.py:157} INFO - Started process (PID=109) to work on /home/airflow/.local/lib/python3.7/site-packages/airflow/example_dags/example_trigger_controller_dag.py
[2023-07-02T02:04:50.734+0000] {processor.py:826} INFO - Processing file /home/airflow/.local/lib/python3.7/site-packages/airflow/example_dags/example_trigger_controller_dag.py for tasks to queue
[2023-07-02T02:04:50.735+0000] {logging_mixin.py:149} INFO - [2023-07-02T02:04:50.735+0000] {dagbag.py:541} INFO - Filling up the DagBag from /home/airflow/.local/lib/python3.7/site-packages/airflow/example_dags/example_trigger_controller_dag.py
[2023-07-02T02:04:50.741+0000] {processor.py:836} INFO - DAG(s) dict_keys(['example_trigger_controller_dag']) retrieved from /home/airflow/.local/lib/python3.7/site-packages/airflow/example_dags/example_trigger_controller_dag.py
[2023-07-02T02:04:50.778+0000] {logging_mixin.py:149} INFO - [2023-07-02T02:04:50.778+0000] {dag.py:2726} INFO - Sync 1 DAGs
[2023-07-02T02:04:50.810+0000] {logging_mixin.py:149} INFO - [2023-07-02T02:04:50.810+0000] {dag.py:3490} INFO - Setting next_dagrun for example_trigger_controller_dag to 2021-01-01T00:00:00+00:00, run_after=2021-01-01T00:00:00+00:00
[2023-07-02T02:04:50.837+0000] {processor.py:179} INFO - Processing /home/airflow/.local/lib/python3.7/site-packages/airflow/example_dags/example_trigger_controller_dag.py took 0.109 seconds
[2023-07-02T02:05:21.863+0000] {processor.py:157} INFO - Started process (PID=166) to work on /home/airflow/.local/lib/python3.7/site-packages/airflow/example_dags/example_trigger_controller_dag.py
[2023-07-02T02:05:21.864+0000] {processor.py:826} INFO - Processing file /home/airflow/.local/lib/python3.7/site-packages/airflow/example_dags/example_trigger_controller_dag.py for tasks to queue
[2023-07-02T02:05:21.865+0000] {logging_mixin.py:149} INFO - [2023-07-02T02:05:21.865+0000] {dagbag.py:541} INFO - Filling up the DagBag from /home/airflow/.local/lib/python3.7/site-packages/airflow/example_dags/example_trigger_controller_dag.py
[2023-07-02T02:05:21.872+0000] {processor.py:836} INFO - DAG(s) dict_keys(['example_trigger_controller_dag']) retrieved from /home/airflow/.local/lib/python3.7/site-packages/airflow/example_dags/example_trigger_controller_dag.py
[2023-07-02T02:05:21.907+0000] {logging_mixin.py:149} INFO - [2023-07-02T02:05:21.907+0000] {dag.py:2726} INFO - Sync 1 DAGs
[2023-07-02T02:05:21.943+0000] {logging_mixin.py:149} INFO - [2023-07-02T02:05:21.943+0000] {dag.py:3490} INFO - Setting next_dagrun for example_trigger_controller_dag to 2021-01-01T00:00:00+00:00, run_after=2021-01-01T00:00:00+00:00
[2023-07-02T02:05:21.974+0000] {processor.py:179} INFO - Processing /home/airflow/.local/lib/python3.7/site-packages/airflow/example_dags/example_trigger_controller_dag.py took 0.116 seconds
[2023-07-02T02:05:52.479+0000] {processor.py:157} INFO - Started process (PID=225) to work on /home/airflow/.local/lib/python3.7/site-packages/airflow/example_dags/example_trigger_controller_dag.py
[2023-07-02T02:05:52.481+0000] {processor.py:826} INFO - Processing file /home/airflow/.local/lib/python3.7/site-packages/airflow/example_dags/example_trigger_controller_dag.py for tasks to queue
[2023-07-02T02:05:52.484+0000] {logging_mixin.py:149} INFO - [2023-07-02T02:05:52.483+0000] {dagbag.py:541} INFO - Filling up the DagBag from /home/airflow/.local/lib/python3.7/site-packages/airflow/example_dags/example_trigger_controller_dag.py
[2023-07-02T02:05:52.490+0000] {processor.py:836} INFO - DAG(s) dict_keys(['example_trigger_controller_dag']) retrieved from /home/airflow/.local/lib/python3.7/site-packages/airflow/example_dags/example_trigger_controller_dag.py
[2023-07-02T02:05:52.526+0000] {logging_mixin.py:149} INFO - [2023-07-02T02:05:52.526+0000] {dag.py:2726} INFO - Sync 1 DAGs
[2023-07-02T02:05:52.579+0000] {logging_mixin.py:149} INFO - [2023-07-02T02:05:52.579+0000] {dag.py:3490} INFO - Setting next_dagrun for example_trigger_controller_dag to 2021-01-01T00:00:00+00:00, run_after=2021-01-01T00:00:00+00:00
[2023-07-02T02:05:52.607+0000] {processor.py:179} INFO - Processing /home/airflow/.local/lib/python3.7/site-packages/airflow/example_dags/example_trigger_controller_dag.py took 0.133 seconds
[2023-07-02T02:06:23.575+0000] {processor.py:157} INFO - Started process (PID=283) to work on /home/airflow/.local/lib/python3.7/site-packages/airflow/example_dags/example_trigger_controller_dag.py
[2023-07-02T02:06:23.576+0000] {processor.py:826} INFO - Processing file /home/airflow/.local/lib/python3.7/site-packages/airflow/example_dags/example_trigger_controller_dag.py for tasks to queue
[2023-07-02T02:06:23.578+0000] {logging_mixin.py:149} INFO - [2023-07-02T02:06:23.577+0000] {dagbag.py:541} INFO - Filling up the DagBag from /home/airflow/.local/lib/python3.7/site-packages/airflow/example_dags/example_trigger_controller_dag.py
[2023-07-02T02:06:23.583+0000] {processor.py:836} INFO - DAG(s) dict_keys(['example_trigger_controller_dag']) retrieved from /home/airflow/.local/lib/python3.7/site-packages/airflow/example_dags/example_trigger_controller_dag.py
[2023-07-02T02:06:23.617+0000] {logging_mixin.py:149} INFO - [2023-07-02T02:06:23.617+0000] {dag.py:2726} INFO - Sync 1 DAGs
[2023-07-02T02:06:23.653+0000] {logging_mixin.py:149} INFO - [2023-07-02T02:06:23.653+0000] {dag.py:3490} INFO - Setting next_dagrun for example_trigger_controller_dag to 2021-01-01T00:00:00+00:00, run_after=2021-01-01T00:00:00+00:00
[2023-07-02T02:06:23.682+0000] {processor.py:179} INFO - Processing /home/airflow/.local/lib/python3.7/site-packages/airflow/example_dags/example_trigger_controller_dag.py took 0.111 seconds
[2023-07-02T02:06:53.914+0000] {processor.py:157} INFO - Started process (PID=341) to work on /home/airflow/.local/lib/python3.7/site-packages/airflow/example_dags/example_trigger_controller_dag.py
[2023-07-02T02:06:53.915+0000] {processor.py:826} INFO - Processing file /home/airflow/.local/lib/python3.7/site-packages/airflow/example_dags/example_trigger_controller_dag.py for tasks to queue
[2023-07-02T02:06:53.916+0000] {logging_mixin.py:149} INFO - [2023-07-02T02:06:53.916+0000] {dagbag.py:541} INFO - Filling up the DagBag from /home/airflow/.local/lib/python3.7/site-packages/airflow/example_dags/example_trigger_controller_dag.py
[2023-07-02T02:06:53.921+0000] {processor.py:836} INFO - DAG(s) dict_keys(['example_trigger_controller_dag']) retrieved from /home/airflow/.local/lib/python3.7/site-packages/airflow/example_dags/example_trigger_controller_dag.py
[2023-07-02T02:06:53.959+0000] {logging_mixin.py:149} INFO - [2023-07-02T02:06:53.959+0000] {dag.py:2726} INFO - Sync 1 DAGs
[2023-07-02T02:06:53.992+0000] {logging_mixin.py:149} INFO - [2023-07-02T02:06:53.992+0000] {dag.py:3490} INFO - Setting next_dagrun for example_trigger_controller_dag to 2021-01-01T00:00:00+00:00, run_after=2021-01-01T00:00:00+00:00
[2023-07-02T02:06:54.022+0000] {processor.py:179} INFO - Processing /home/airflow/.local/lib/python3.7/site-packages/airflow/example_dags/example_trigger_controller_dag.py took 0.113 seconds
[2023-07-02T02:12:40.269+0000] {processor.py:157} INFO - Started process (PID=51) to work on /home/airflow/.local/lib/python3.7/site-packages/airflow/example_dags/example_trigger_controller_dag.py
[2023-07-02T02:12:40.271+0000] {processor.py:826} INFO - Processing file /home/airflow/.local/lib/python3.7/site-packages/airflow/example_dags/example_trigger_controller_dag.py for tasks to queue
[2023-07-02T02:12:40.272+0000] {logging_mixin.py:149} INFO - [2023-07-02T02:12:40.272+0000] {dagbag.py:541} INFO - Filling up the DagBag from /home/airflow/.local/lib/python3.7/site-packages/airflow/example_dags/example_trigger_controller_dag.py
[2023-07-02T02:12:40.282+0000] {processor.py:836} INFO - DAG(s) dict_keys(['example_trigger_controller_dag']) retrieved from /home/airflow/.local/lib/python3.7/site-packages/airflow/example_dags/example_trigger_controller_dag.py
[2023-07-02T02:12:40.321+0000] {logging_mixin.py:149} INFO - [2023-07-02T02:12:40.321+0000] {dag.py:2726} INFO - Sync 1 DAGs
[2023-07-02T02:12:40.496+0000] {logging_mixin.py:149} INFO - [2023-07-02T02:12:40.496+0000] {dag.py:3490} INFO - Setting next_dagrun for example_trigger_controller_dag to 2021-01-01T00:00:00+00:00, run_after=2021-01-01T00:00:00+00:00
[2023-07-02T02:12:40.531+0000] {processor.py:179} INFO - Processing /home/airflow/.local/lib/python3.7/site-packages/airflow/example_dags/example_trigger_controller_dag.py took 0.268 seconds
[2023-07-02T02:13:11.086+0000] {processor.py:157} INFO - Started process (PID=112) to work on /home/airflow/.local/lib/python3.7/site-packages/airflow/example_dags/example_trigger_controller_dag.py
[2023-07-02T02:13:11.087+0000] {processor.py:826} INFO - Processing file /home/airflow/.local/lib/python3.7/site-packages/airflow/example_dags/example_trigger_controller_dag.py for tasks to queue
[2023-07-02T02:13:11.090+0000] {logging_mixin.py:149} INFO - [2023-07-02T02:13:11.089+0000] {dagbag.py:541} INFO - Filling up the DagBag from /home/airflow/.local/lib/python3.7/site-packages/airflow/example_dags/example_trigger_controller_dag.py
[2023-07-02T02:13:11.095+0000] {processor.py:836} INFO - DAG(s) dict_keys(['example_trigger_controller_dag']) retrieved from /home/airflow/.local/lib/python3.7/site-packages/airflow/example_dags/example_trigger_controller_dag.py
[2023-07-02T02:13:11.128+0000] {logging_mixin.py:149} INFO - [2023-07-02T02:13:11.128+0000] {dag.py:2726} INFO - Sync 1 DAGs
[2023-07-02T02:13:11.162+0000] {logging_mixin.py:149} INFO - [2023-07-02T02:13:11.161+0000] {dag.py:3490} INFO - Setting next_dagrun for example_trigger_controller_dag to 2021-01-01T00:00:00+00:00, run_after=2021-01-01T00:00:00+00:00
[2023-07-02T02:13:11.185+0000] {processor.py:179} INFO - Processing /home/airflow/.local/lib/python3.7/site-packages/airflow/example_dags/example_trigger_controller_dag.py took 0.104 seconds
[2023-07-02T02:13:41.396+0000] {processor.py:157} INFO - Started process (PID=170) to work on /home/airflow/.local/lib/python3.7/site-packages/airflow/example_dags/example_trigger_controller_dag.py
[2023-07-02T02:13:41.398+0000] {processor.py:826} INFO - Processing file /home/airflow/.local/lib/python3.7/site-packages/airflow/example_dags/example_trigger_controller_dag.py for tasks to queue
[2023-07-02T02:13:41.399+0000] {logging_mixin.py:149} INFO - [2023-07-02T02:13:41.399+0000] {dagbag.py:541} INFO - Filling up the DagBag from /home/airflow/.local/lib/python3.7/site-packages/airflow/example_dags/example_trigger_controller_dag.py
[2023-07-02T02:13:41.404+0000] {processor.py:836} INFO - DAG(s) dict_keys(['example_trigger_controller_dag']) retrieved from /home/airflow/.local/lib/python3.7/site-packages/airflow/example_dags/example_trigger_controller_dag.py
[2023-07-02T02:13:41.438+0000] {logging_mixin.py:149} INFO - [2023-07-02T02:13:41.438+0000] {dag.py:2726} INFO - Sync 1 DAGs
[2023-07-02T02:13:41.475+0000] {logging_mixin.py:149} INFO - [2023-07-02T02:13:41.475+0000] {dag.py:3490} INFO - Setting next_dagrun for example_trigger_controller_dag to 2021-01-01T00:00:00+00:00, run_after=2021-01-01T00:00:00+00:00
[2023-07-02T02:13:41.502+0000] {processor.py:179} INFO - Processing /home/airflow/.local/lib/python3.7/site-packages/airflow/example_dags/example_trigger_controller_dag.py took 0.110 seconds
[2023-07-02T02:14:11.854+0000] {processor.py:157} INFO - Started process (PID=228) to work on /home/airflow/.local/lib/python3.7/site-packages/airflow/example_dags/example_trigger_controller_dag.py
[2023-07-02T02:14:11.855+0000] {processor.py:826} INFO - Processing file /home/airflow/.local/lib/python3.7/site-packages/airflow/example_dags/example_trigger_controller_dag.py for tasks to queue
[2023-07-02T02:14:11.858+0000] {logging_mixin.py:149} INFO - [2023-07-02T02:14:11.857+0000] {dagbag.py:541} INFO - Filling up the DagBag from /home/airflow/.local/lib/python3.7/site-packages/airflow/example_dags/example_trigger_controller_dag.py
[2023-07-02T02:14:11.865+0000] {processor.py:836} INFO - DAG(s) dict_keys(['example_trigger_controller_dag']) retrieved from /home/airflow/.local/lib/python3.7/site-packages/airflow/example_dags/example_trigger_controller_dag.py
[2023-07-02T02:14:11.897+0000] {logging_mixin.py:149} INFO - [2023-07-02T02:14:11.897+0000] {dag.py:2726} INFO - Sync 1 DAGs
[2023-07-02T02:14:11.929+0000] {logging_mixin.py:149} INFO - [2023-07-02T02:14:11.929+0000] {dag.py:3490} INFO - Setting next_dagrun for example_trigger_controller_dag to 2021-01-01T00:00:00+00:00, run_after=2021-01-01T00:00:00+00:00
[2023-07-02T02:14:11.953+0000] {processor.py:179} INFO - Processing /home/airflow/.local/lib/python3.7/site-packages/airflow/example_dags/example_trigger_controller_dag.py took 0.104 seconds
[2023-07-02T02:14:43.310+0000] {processor.py:157} INFO - Started process (PID=286) to work on /home/airflow/.local/lib/python3.7/site-packages/airflow/example_dags/example_trigger_controller_dag.py
[2023-07-02T02:14:43.311+0000] {processor.py:826} INFO - Processing file /home/airflow/.local/lib/python3.7/site-packages/airflow/example_dags/example_trigger_controller_dag.py for tasks to queue
[2023-07-02T02:14:43.314+0000] {logging_mixin.py:149} INFO - [2023-07-02T02:14:43.314+0000] {dagbag.py:541} INFO - Filling up the DagBag from /home/airflow/.local/lib/python3.7/site-packages/airflow/example_dags/example_trigger_controller_dag.py
[2023-07-02T02:14:43.321+0000] {processor.py:836} INFO - DAG(s) dict_keys(['example_trigger_controller_dag']) retrieved from /home/airflow/.local/lib/python3.7/site-packages/airflow/example_dags/example_trigger_controller_dag.py
[2023-07-02T02:14:43.491+0000] {logging_mixin.py:149} INFO - [2023-07-02T02:14:43.490+0000] {dag.py:2726} INFO - Sync 1 DAGs
[2023-07-02T02:14:43.536+0000] {logging_mixin.py:149} INFO - [2023-07-02T02:14:43.536+0000] {dag.py:3490} INFO - Setting next_dagrun for example_trigger_controller_dag to 2021-01-01T00:00:00+00:00, run_after=2021-01-01T00:00:00+00:00
[2023-07-02T02:14:43.570+0000] {processor.py:179} INFO - Processing /home/airflow/.local/lib/python3.7/site-packages/airflow/example_dags/example_trigger_controller_dag.py took 0.268 seconds
[2023-07-02T02:15:14.558+0000] {processor.py:157} INFO - Started process (PID=344) to work on /home/airflow/.local/lib/python3.7/site-packages/airflow/example_dags/example_trigger_controller_dag.py
[2023-07-02T02:15:14.559+0000] {processor.py:826} INFO - Processing file /home/airflow/.local/lib/python3.7/site-packages/airflow/example_dags/example_trigger_controller_dag.py for tasks to queue
[2023-07-02T02:15:14.560+0000] {logging_mixin.py:149} INFO - [2023-07-02T02:15:14.560+0000] {dagbag.py:541} INFO - Filling up the DagBag from /home/airflow/.local/lib/python3.7/site-packages/airflow/example_dags/example_trigger_controller_dag.py
[2023-07-02T02:15:14.565+0000] {processor.py:836} INFO - DAG(s) dict_keys(['example_trigger_controller_dag']) retrieved from /home/airflow/.local/lib/python3.7/site-packages/airflow/example_dags/example_trigger_controller_dag.py
[2023-07-02T02:15:14.596+0000] {logging_mixin.py:149} INFO - [2023-07-02T02:15:14.596+0000] {dag.py:2726} INFO - Sync 1 DAGs
[2023-07-02T02:15:14.628+0000] {logging_mixin.py:149} INFO - [2023-07-02T02:15:14.628+0000] {dag.py:3490} INFO - Setting next_dagrun for example_trigger_controller_dag to 2021-01-01T00:00:00+00:00, run_after=2021-01-01T00:00:00+00:00
[2023-07-02T02:15:14.653+0000] {processor.py:179} INFO - Processing /home/airflow/.local/lib/python3.7/site-packages/airflow/example_dags/example_trigger_controller_dag.py took 0.099 seconds
[2023-07-02T02:15:45.559+0000] {processor.py:157} INFO - Started process (PID=401) to work on /home/airflow/.local/lib/python3.7/site-packages/airflow/example_dags/example_trigger_controller_dag.py
[2023-07-02T02:15:45.561+0000] {processor.py:826} INFO - Processing file /home/airflow/.local/lib/python3.7/site-packages/airflow/example_dags/example_trigger_controller_dag.py for tasks to queue
[2023-07-02T02:15:45.562+0000] {logging_mixin.py:149} INFO - [2023-07-02T02:15:45.562+0000] {dagbag.py:541} INFO - Filling up the DagBag from /home/airflow/.local/lib/python3.7/site-packages/airflow/example_dags/example_trigger_controller_dag.py
[2023-07-02T02:15:45.567+0000] {processor.py:836} INFO - DAG(s) dict_keys(['example_trigger_controller_dag']) retrieved from /home/airflow/.local/lib/python3.7/site-packages/airflow/example_dags/example_trigger_controller_dag.py
[2023-07-02T02:15:45.700+0000] {logging_mixin.py:149} INFO - [2023-07-02T02:15:45.700+0000] {dag.py:2726} INFO - Sync 1 DAGs
[2023-07-02T02:15:45.732+0000] {logging_mixin.py:149} INFO - [2023-07-02T02:15:45.732+0000] {dag.py:3490} INFO - Setting next_dagrun for example_trigger_controller_dag to 2021-01-01T00:00:00+00:00, run_after=2021-01-01T00:00:00+00:00
[2023-07-02T02:15:45.757+0000] {processor.py:179} INFO - Processing /home/airflow/.local/lib/python3.7/site-packages/airflow/example_dags/example_trigger_controller_dag.py took 0.202 seconds
[2023-07-02T02:16:16.689+0000] {processor.py:157} INFO - Started process (PID=459) to work on /home/airflow/.local/lib/python3.7/site-packages/airflow/example_dags/example_trigger_controller_dag.py
[2023-07-02T02:16:16.691+0000] {processor.py:826} INFO - Processing file /home/airflow/.local/lib/python3.7/site-packages/airflow/example_dags/example_trigger_controller_dag.py for tasks to queue
[2023-07-02T02:16:16.693+0000] {logging_mixin.py:149} INFO - [2023-07-02T02:16:16.692+0000] {dagbag.py:541} INFO - Filling up the DagBag from /home/airflow/.local/lib/python3.7/site-packages/airflow/example_dags/example_trigger_controller_dag.py
[2023-07-02T02:16:16.700+0000] {processor.py:836} INFO - DAG(s) dict_keys(['example_trigger_controller_dag']) retrieved from /home/airflow/.local/lib/python3.7/site-packages/airflow/example_dags/example_trigger_controller_dag.py
[2023-07-02T02:16:16.746+0000] {logging_mixin.py:149} INFO - [2023-07-02T02:16:16.746+0000] {dag.py:2726} INFO - Sync 1 DAGs
[2023-07-02T02:16:16.821+0000] {logging_mixin.py:149} INFO - [2023-07-02T02:16:16.821+0000] {dag.py:3490} INFO - Setting next_dagrun for example_trigger_controller_dag to 2021-01-01T00:00:00+00:00, run_after=2021-01-01T00:00:00+00:00
[2023-07-02T02:16:16.890+0000] {processor.py:179} INFO - Processing /home/airflow/.local/lib/python3.7/site-packages/airflow/example_dags/example_trigger_controller_dag.py took 0.208 seconds
[2023-07-02T02:16:47.233+0000] {processor.py:157} INFO - Started process (PID=518) to work on /home/airflow/.local/lib/python3.7/site-packages/airflow/example_dags/example_trigger_controller_dag.py
[2023-07-02T02:16:47.235+0000] {processor.py:826} INFO - Processing file /home/airflow/.local/lib/python3.7/site-packages/airflow/example_dags/example_trigger_controller_dag.py for tasks to queue
[2023-07-02T02:16:47.236+0000] {logging_mixin.py:149} INFO - [2023-07-02T02:16:47.236+0000] {dagbag.py:541} INFO - Filling up the DagBag from /home/airflow/.local/lib/python3.7/site-packages/airflow/example_dags/example_trigger_controller_dag.py
[2023-07-02T02:16:47.242+0000] {processor.py:836} INFO - DAG(s) dict_keys(['example_trigger_controller_dag']) retrieved from /home/airflow/.local/lib/python3.7/site-packages/airflow/example_dags/example_trigger_controller_dag.py
[2023-07-02T02:16:47.273+0000] {logging_mixin.py:149} INFO - [2023-07-02T02:16:47.273+0000] {dag.py:2726} INFO - Sync 1 DAGs
[2023-07-02T02:16:47.308+0000] {logging_mixin.py:149} INFO - [2023-07-02T02:16:47.307+0000] {dag.py:3490} INFO - Setting next_dagrun for example_trigger_controller_dag to 2021-01-01T00:00:00+00:00, run_after=2021-01-01T00:00:00+00:00
[2023-07-02T02:16:47.332+0000] {processor.py:179} INFO - Processing /home/airflow/.local/lib/python3.7/site-packages/airflow/example_dags/example_trigger_controller_dag.py took 0.103 seconds
[2023-07-02T02:17:18.106+0000] {processor.py:157} INFO - Started process (PID=577) to work on /home/airflow/.local/lib/python3.7/site-packages/airflow/example_dags/example_trigger_controller_dag.py
[2023-07-02T02:17:18.109+0000] {processor.py:826} INFO - Processing file /home/airflow/.local/lib/python3.7/site-packages/airflow/example_dags/example_trigger_controller_dag.py for tasks to queue
[2023-07-02T02:17:18.111+0000] {logging_mixin.py:149} INFO - [2023-07-02T02:17:18.111+0000] {dagbag.py:541} INFO - Filling up the DagBag from /home/airflow/.local/lib/python3.7/site-packages/airflow/example_dags/example_trigger_controller_dag.py
[2023-07-02T02:17:18.116+0000] {processor.py:836} INFO - DAG(s) dict_keys(['example_trigger_controller_dag']) retrieved from /home/airflow/.local/lib/python3.7/site-packages/airflow/example_dags/example_trigger_controller_dag.py
[2023-07-02T02:17:18.156+0000] {logging_mixin.py:149} INFO - [2023-07-02T02:17:18.156+0000] {dag.py:2726} INFO - Sync 1 DAGs
[2023-07-02T02:17:18.198+0000] {logging_mixin.py:149} INFO - [2023-07-02T02:17:18.198+0000] {dag.py:3490} INFO - Setting next_dagrun for example_trigger_controller_dag to 2021-01-01T00:00:00+00:00, run_after=2021-01-01T00:00:00+00:00
[2023-07-02T02:17:18.227+0000] {processor.py:179} INFO - Processing /home/airflow/.local/lib/python3.7/site-packages/airflow/example_dags/example_trigger_controller_dag.py took 0.131 seconds
[2023-07-02T02:17:48.728+0000] {processor.py:157} INFO - Started process (PID=636) to work on /home/airflow/.local/lib/python3.7/site-packages/airflow/example_dags/example_trigger_controller_dag.py
[2023-07-02T02:17:48.729+0000] {processor.py:826} INFO - Processing file /home/airflow/.local/lib/python3.7/site-packages/airflow/example_dags/example_trigger_controller_dag.py for tasks to queue
[2023-07-02T02:17:48.731+0000] {logging_mixin.py:149} INFO - [2023-07-02T02:17:48.730+0000] {dagbag.py:541} INFO - Filling up the DagBag from /home/airflow/.local/lib/python3.7/site-packages/airflow/example_dags/example_trigger_controller_dag.py
[2023-07-02T02:17:48.737+0000] {processor.py:836} INFO - DAG(s) dict_keys(['example_trigger_controller_dag']) retrieved from /home/airflow/.local/lib/python3.7/site-packages/airflow/example_dags/example_trigger_controller_dag.py
[2023-07-02T02:17:48.777+0000] {logging_mixin.py:149} INFO - [2023-07-02T02:17:48.776+0000] {dag.py:2726} INFO - Sync 1 DAGs
[2023-07-02T02:17:48.817+0000] {logging_mixin.py:149} INFO - [2023-07-02T02:17:48.817+0000] {dag.py:3490} INFO - Setting next_dagrun for example_trigger_controller_dag to 2021-01-01T00:00:00+00:00, run_after=2021-01-01T00:00:00+00:00
[2023-07-02T02:17:48.842+0000] {processor.py:179} INFO - Processing /home/airflow/.local/lib/python3.7/site-packages/airflow/example_dags/example_trigger_controller_dag.py took 0.119 seconds
[2023-07-02T02:18:19.294+0000] {processor.py:157} INFO - Started process (PID=694) to work on /home/airflow/.local/lib/python3.7/site-packages/airflow/example_dags/example_trigger_controller_dag.py
[2023-07-02T02:18:19.296+0000] {processor.py:826} INFO - Processing file /home/airflow/.local/lib/python3.7/site-packages/airflow/example_dags/example_trigger_controller_dag.py for tasks to queue
[2023-07-02T02:18:19.298+0000] {logging_mixin.py:149} INFO - [2023-07-02T02:18:19.297+0000] {dagbag.py:541} INFO - Filling up the DagBag from /home/airflow/.local/lib/python3.7/site-packages/airflow/example_dags/example_trigger_controller_dag.py
[2023-07-02T02:18:19.306+0000] {processor.py:836} INFO - DAG(s) dict_keys(['example_trigger_controller_dag']) retrieved from /home/airflow/.local/lib/python3.7/site-packages/airflow/example_dags/example_trigger_controller_dag.py
[2023-07-02T02:18:19.341+0000] {logging_mixin.py:149} INFO - [2023-07-02T02:18:19.340+0000] {dag.py:2726} INFO - Sync 1 DAGs
[2023-07-02T02:18:19.376+0000] {logging_mixin.py:149} INFO - [2023-07-02T02:18:19.376+0000] {dag.py:3490} INFO - Setting next_dagrun for example_trigger_controller_dag to 2021-01-01T00:00:00+00:00, run_after=2021-01-01T00:00:00+00:00
[2023-07-02T02:18:19.402+0000] {processor.py:179} INFO - Processing /home/airflow/.local/lib/python3.7/site-packages/airflow/example_dags/example_trigger_controller_dag.py took 0.114 seconds
[2023-07-02T02:18:49.645+0000] {processor.py:157} INFO - Started process (PID=752) to work on /home/airflow/.local/lib/python3.7/site-packages/airflow/example_dags/example_trigger_controller_dag.py
[2023-07-02T02:18:49.647+0000] {processor.py:826} INFO - Processing file /home/airflow/.local/lib/python3.7/site-packages/airflow/example_dags/example_trigger_controller_dag.py for tasks to queue
[2023-07-02T02:18:49.649+0000] {logging_mixin.py:149} INFO - [2023-07-02T02:18:49.649+0000] {dagbag.py:541} INFO - Filling up the DagBag from /home/airflow/.local/lib/python3.7/site-packages/airflow/example_dags/example_trigger_controller_dag.py
[2023-07-02T02:18:49.654+0000] {processor.py:836} INFO - DAG(s) dict_keys(['example_trigger_controller_dag']) retrieved from /home/airflow/.local/lib/python3.7/site-packages/airflow/example_dags/example_trigger_controller_dag.py
[2023-07-02T02:18:49.686+0000] {logging_mixin.py:149} INFO - [2023-07-02T02:18:49.686+0000] {dag.py:2726} INFO - Sync 1 DAGs
[2023-07-02T02:18:49.719+0000] {logging_mixin.py:149} INFO - [2023-07-02T02:18:49.718+0000] {dag.py:3490} INFO - Setting next_dagrun for example_trigger_controller_dag to 2021-01-01T00:00:00+00:00, run_after=2021-01-01T00:00:00+00:00
[2023-07-02T02:18:49.742+0000] {processor.py:179} INFO - Processing /home/airflow/.local/lib/python3.7/site-packages/airflow/example_dags/example_trigger_controller_dag.py took 0.101 seconds
[2023-07-02T02:19:19.877+0000] {processor.py:157} INFO - Started process (PID=809) to work on /home/airflow/.local/lib/python3.7/site-packages/airflow/example_dags/example_trigger_controller_dag.py
[2023-07-02T02:19:19.878+0000] {processor.py:826} INFO - Processing file /home/airflow/.local/lib/python3.7/site-packages/airflow/example_dags/example_trigger_controller_dag.py for tasks to queue
[2023-07-02T02:19:19.879+0000] {logging_mixin.py:149} INFO - [2023-07-02T02:19:19.879+0000] {dagbag.py:541} INFO - Filling up the DagBag from /home/airflow/.local/lib/python3.7/site-packages/airflow/example_dags/example_trigger_controller_dag.py
[2023-07-02T02:19:19.884+0000] {processor.py:836} INFO - DAG(s) dict_keys(['example_trigger_controller_dag']) retrieved from /home/airflow/.local/lib/python3.7/site-packages/airflow/example_dags/example_trigger_controller_dag.py
[2023-07-02T02:19:19.919+0000] {logging_mixin.py:149} INFO - [2023-07-02T02:19:19.919+0000] {dag.py:2726} INFO - Sync 1 DAGs
[2023-07-02T02:19:19.955+0000] {logging_mixin.py:149} INFO - [2023-07-02T02:19:19.955+0000] {dag.py:3490} INFO - Setting next_dagrun for example_trigger_controller_dag to 2021-01-01T00:00:00+00:00, run_after=2021-01-01T00:00:00+00:00
[2023-07-02T02:19:19.979+0000] {processor.py:179} INFO - Processing /home/airflow/.local/lib/python3.7/site-packages/airflow/example_dags/example_trigger_controller_dag.py took 0.107 seconds
[2023-07-02T02:19:50.146+0000] {processor.py:157} INFO - Started process (PID=867) to work on /home/airflow/.local/lib/python3.7/site-packages/airflow/example_dags/example_trigger_controller_dag.py
[2023-07-02T02:19:50.148+0000] {processor.py:826} INFO - Processing file /home/airflow/.local/lib/python3.7/site-packages/airflow/example_dags/example_trigger_controller_dag.py for tasks to queue
[2023-07-02T02:19:50.149+0000] {logging_mixin.py:149} INFO - [2023-07-02T02:19:50.149+0000] {dagbag.py:541} INFO - Filling up the DagBag from /home/airflow/.local/lib/python3.7/site-packages/airflow/example_dags/example_trigger_controller_dag.py
[2023-07-02T02:19:50.155+0000] {processor.py:836} INFO - DAG(s) dict_keys(['example_trigger_controller_dag']) retrieved from /home/airflow/.local/lib/python3.7/site-packages/airflow/example_dags/example_trigger_controller_dag.py
[2023-07-02T02:19:50.184+0000] {logging_mixin.py:149} INFO - [2023-07-02T02:19:50.184+0000] {dag.py:2726} INFO - Sync 1 DAGs
[2023-07-02T02:19:50.223+0000] {logging_mixin.py:149} INFO - [2023-07-02T02:19:50.223+0000] {dag.py:3490} INFO - Setting next_dagrun for example_trigger_controller_dag to 2021-01-01T00:00:00+00:00, run_after=2021-01-01T00:00:00+00:00
[2023-07-02T02:19:50.250+0000] {processor.py:179} INFO - Processing /home/airflow/.local/lib/python3.7/site-packages/airflow/example_dags/example_trigger_controller_dag.py took 0.108 seconds
[2023-07-02T02:20:20.467+0000] {processor.py:157} INFO - Started process (PID=926) to work on /home/airflow/.local/lib/python3.7/site-packages/airflow/example_dags/example_trigger_controller_dag.py
[2023-07-02T02:20:20.469+0000] {processor.py:826} INFO - Processing file /home/airflow/.local/lib/python3.7/site-packages/airflow/example_dags/example_trigger_controller_dag.py for tasks to queue
[2023-07-02T02:20:20.470+0000] {logging_mixin.py:149} INFO - [2023-07-02T02:20:20.470+0000] {dagbag.py:541} INFO - Filling up the DagBag from /home/airflow/.local/lib/python3.7/site-packages/airflow/example_dags/example_trigger_controller_dag.py
[2023-07-02T02:20:20.476+0000] {processor.py:836} INFO - DAG(s) dict_keys(['example_trigger_controller_dag']) retrieved from /home/airflow/.local/lib/python3.7/site-packages/airflow/example_dags/example_trigger_controller_dag.py
[2023-07-02T02:20:20.510+0000] {logging_mixin.py:149} INFO - [2023-07-02T02:20:20.510+0000] {dag.py:2726} INFO - Sync 1 DAGs
[2023-07-02T02:20:20.543+0000] {logging_mixin.py:149} INFO - [2023-07-02T02:20:20.542+0000] {dag.py:3490} INFO - Setting next_dagrun for example_trigger_controller_dag to 2021-01-01T00:00:00+00:00, run_after=2021-01-01T00:00:00+00:00
[2023-07-02T02:20:20.567+0000] {processor.py:179} INFO - Processing /home/airflow/.local/lib/python3.7/site-packages/airflow/example_dags/example_trigger_controller_dag.py took 0.105 seconds
[2023-07-02T02:20:50.855+0000] {processor.py:157} INFO - Started process (PID=984) to work on /home/airflow/.local/lib/python3.7/site-packages/airflow/example_dags/example_trigger_controller_dag.py
[2023-07-02T02:20:50.857+0000] {processor.py:826} INFO - Processing file /home/airflow/.local/lib/python3.7/site-packages/airflow/example_dags/example_trigger_controller_dag.py for tasks to queue
[2023-07-02T02:20:50.858+0000] {logging_mixin.py:149} INFO - [2023-07-02T02:20:50.858+0000] {dagbag.py:541} INFO - Filling up the DagBag from /home/airflow/.local/lib/python3.7/site-packages/airflow/example_dags/example_trigger_controller_dag.py
[2023-07-02T02:20:50.863+0000] {processor.py:836} INFO - DAG(s) dict_keys(['example_trigger_controller_dag']) retrieved from /home/airflow/.local/lib/python3.7/site-packages/airflow/example_dags/example_trigger_controller_dag.py
[2023-07-02T02:20:50.895+0000] {logging_mixin.py:149} INFO - [2023-07-02T02:20:50.895+0000] {dag.py:2726} INFO - Sync 1 DAGs
[2023-07-02T02:20:50.928+0000] {logging_mixin.py:149} INFO - [2023-07-02T02:20:50.928+0000] {dag.py:3490} INFO - Setting next_dagrun for example_trigger_controller_dag to 2021-01-01T00:00:00+00:00, run_after=2021-01-01T00:00:00+00:00
[2023-07-02T02:20:50.950+0000] {processor.py:179} INFO - Processing /home/airflow/.local/lib/python3.7/site-packages/airflow/example_dags/example_trigger_controller_dag.py took 0.100 seconds
[2023-07-02T02:21:21.206+0000] {processor.py:157} INFO - Started process (PID=1042) to work on /home/airflow/.local/lib/python3.7/site-packages/airflow/example_dags/example_trigger_controller_dag.py
[2023-07-02T02:21:21.208+0000] {processor.py:826} INFO - Processing file /home/airflow/.local/lib/python3.7/site-packages/airflow/example_dags/example_trigger_controller_dag.py for tasks to queue
[2023-07-02T02:21:21.209+0000] {logging_mixin.py:149} INFO - [2023-07-02T02:21:21.209+0000] {dagbag.py:541} INFO - Filling up the DagBag from /home/airflow/.local/lib/python3.7/site-packages/airflow/example_dags/example_trigger_controller_dag.py
[2023-07-02T02:21:21.215+0000] {processor.py:836} INFO - DAG(s) dict_keys(['example_trigger_controller_dag']) retrieved from /home/airflow/.local/lib/python3.7/site-packages/airflow/example_dags/example_trigger_controller_dag.py
[2023-07-02T02:21:21.251+0000] {logging_mixin.py:149} INFO - [2023-07-02T02:21:21.250+0000] {dag.py:2726} INFO - Sync 1 DAGs
[2023-07-02T02:21:21.283+0000] {logging_mixin.py:149} INFO - [2023-07-02T02:21:21.282+0000] {dag.py:3490} INFO - Setting next_dagrun for example_trigger_controller_dag to 2021-01-01T00:00:00+00:00, run_after=2021-01-01T00:00:00+00:00
[2023-07-02T02:21:21.308+0000] {processor.py:179} INFO - Processing /home/airflow/.local/lib/python3.7/site-packages/airflow/example_dags/example_trigger_controller_dag.py took 0.107 seconds
