[2023-07-02T01:19:14.580+0000] {processor.py:157} INFO - Started process (PID=55) to work on /home/airflow/.local/lib/python3.7/site-packages/airflow/example_dags/example_params_ui_tutorial.py
[2023-07-02T01:19:14.584+0000] {processor.py:826} INFO - Processing file /home/airflow/.local/lib/python3.7/site-packages/airflow/example_dags/example_params_ui_tutorial.py for tasks to queue
[2023-07-02T01:19:14.587+0000] {logging_mixin.py:149} INFO - [2023-07-02T01:19:14.587+0000] {dagbag.py:541} INFO - Filling up the DagBag from /home/airflow/.local/lib/python3.7/site-packages/airflow/example_dags/example_params_ui_tutorial.py
[2023-07-02T01:19:14.702+0000] {processor.py:836} INFO - DAG(s) dict_keys(['example_params_ui_tutorial']) retrieved from /home/airflow/.local/lib/python3.7/site-packages/airflow/example_dags/example_params_ui_tutorial.py
[2023-07-02T01:19:15.129+0000] {logging_mixin.py:149} INFO - [2023-07-02T01:19:15.128+0000] {manager.py:504} INFO - Created Permission View: can delete on DAG:example_params_ui_tutorial
[2023-07-02T01:19:15.155+0000] {logging_mixin.py:149} INFO - [2023-07-02T01:19:15.154+0000] {manager.py:504} INFO - Created Permission View: can edit on DAG:example_params_ui_tutorial
[2023-07-02T01:19:15.174+0000] {logging_mixin.py:149} INFO - [2023-07-02T01:19:15.173+0000] {manager.py:504} INFO - Created Permission View: can read on DAG:example_params_ui_tutorial
[2023-07-02T01:19:15.223+0000] {logging_mixin.py:149} INFO - [2023-07-02T01:19:15.223+0000] {dag.py:2726} INFO - Sync 1 DAGs
[2023-07-02T01:19:15.272+0000] {logging_mixin.py:149} INFO - [2023-07-02T01:19:15.260+0000] {dag.py:2747} INFO - Creating ORM DAG for example_params_ui_tutorial
[2023-07-02T01:19:15.355+0000] {logging_mixin.py:149} INFO - [2023-07-02T01:19:15.354+0000] {dag.py:3490} INFO - Setting next_dagrun for example_params_ui_tutorial to None, run_after=None
[2023-07-02T01:19:15.405+0000] {processor.py:179} INFO - Processing /home/airflow/.local/lib/python3.7/site-packages/airflow/example_dags/example_params_ui_tutorial.py took 0.832 seconds
[2023-07-02T01:19:53.613+0000] {processor.py:157} INFO - Started process (PID=119) to work on /home/airflow/.local/lib/python3.7/site-packages/airflow/example_dags/example_params_ui_tutorial.py
[2023-07-02T01:19:53.616+0000] {processor.py:826} INFO - Processing file /home/airflow/.local/lib/python3.7/site-packages/airflow/example_dags/example_params_ui_tutorial.py for tasks to queue
[2023-07-02T01:19:53.620+0000] {logging_mixin.py:149} INFO - [2023-07-02T01:19:53.619+0000] {dagbag.py:541} INFO - Filling up the DagBag from /home/airflow/.local/lib/python3.7/site-packages/airflow/example_dags/example_params_ui_tutorial.py
[2023-07-02T01:19:53.768+0000] {processor.py:836} INFO - DAG(s) dict_keys(['example_params_ui_tutorial']) retrieved from /home/airflow/.local/lib/python3.7/site-packages/airflow/example_dags/example_params_ui_tutorial.py
[2023-07-02T01:19:53.908+0000] {logging_mixin.py:149} INFO - [2023-07-02T01:19:53.907+0000] {dag.py:2726} INFO - Sync 1 DAGs
[2023-07-02T01:19:53.975+0000] {logging_mixin.py:149} INFO - [2023-07-02T01:19:53.974+0000] {dag.py:3490} INFO - Setting next_dagrun for example_params_ui_tutorial to None, run_after=None
[2023-07-02T01:19:54.046+0000] {processor.py:179} INFO - Processing /home/airflow/.local/lib/python3.7/site-packages/airflow/example_dags/example_params_ui_tutorial.py took 0.441 seconds
[2023-07-02T01:20:24.414+0000] {processor.py:157} INFO - Started process (PID=177) to work on /home/airflow/.local/lib/python3.7/site-packages/airflow/example_dags/example_params_ui_tutorial.py
[2023-07-02T01:20:24.416+0000] {processor.py:826} INFO - Processing file /home/airflow/.local/lib/python3.7/site-packages/airflow/example_dags/example_params_ui_tutorial.py for tasks to queue
[2023-07-02T01:20:24.419+0000] {logging_mixin.py:149} INFO - [2023-07-02T01:20:24.418+0000] {dagbag.py:541} INFO - Filling up the DagBag from /home/airflow/.local/lib/python3.7/site-packages/airflow/example_dags/example_params_ui_tutorial.py
[2023-07-02T01:20:24.518+0000] {processor.py:836} INFO - DAG(s) dict_keys(['example_params_ui_tutorial']) retrieved from /home/airflow/.local/lib/python3.7/site-packages/airflow/example_dags/example_params_ui_tutorial.py
[2023-07-02T01:20:24.650+0000] {logging_mixin.py:149} INFO - [2023-07-02T01:20:24.650+0000] {dag.py:2726} INFO - Sync 1 DAGs
[2023-07-02T01:20:24.698+0000] {logging_mixin.py:149} INFO - [2023-07-02T01:20:24.698+0000] {dag.py:3490} INFO - Setting next_dagrun for example_params_ui_tutorial to None, run_after=None
[2023-07-02T01:20:24.736+0000] {processor.py:179} INFO - Processing /home/airflow/.local/lib/python3.7/site-packages/airflow/example_dags/example_params_ui_tutorial.py took 0.328 seconds
[2023-07-02T01:20:55.030+0000] {processor.py:157} INFO - Started process (PID=236) to work on /home/airflow/.local/lib/python3.7/site-packages/airflow/example_dags/example_params_ui_tutorial.py
[2023-07-02T01:20:55.032+0000] {processor.py:826} INFO - Processing file /home/airflow/.local/lib/python3.7/site-packages/airflow/example_dags/example_params_ui_tutorial.py for tasks to queue
[2023-07-02T01:20:55.034+0000] {logging_mixin.py:149} INFO - [2023-07-02T01:20:55.034+0000] {dagbag.py:541} INFO - Filling up the DagBag from /home/airflow/.local/lib/python3.7/site-packages/airflow/example_dags/example_params_ui_tutorial.py
[2023-07-02T01:20:55.123+0000] {processor.py:836} INFO - DAG(s) dict_keys(['example_params_ui_tutorial']) retrieved from /home/airflow/.local/lib/python3.7/site-packages/airflow/example_dags/example_params_ui_tutorial.py
[2023-07-02T01:20:55.281+0000] {logging_mixin.py:149} INFO - [2023-07-02T01:20:55.281+0000] {dag.py:2726} INFO - Sync 1 DAGs
[2023-07-02T01:20:55.345+0000] {logging_mixin.py:149} INFO - [2023-07-02T01:20:55.344+0000] {dag.py:3490} INFO - Setting next_dagrun for example_params_ui_tutorial to None, run_after=None
[2023-07-02T01:20:55.380+0000] {processor.py:179} INFO - Processing /home/airflow/.local/lib/python3.7/site-packages/airflow/example_dags/example_params_ui_tutorial.py took 0.357 seconds
[2023-07-02T01:21:25.656+0000] {processor.py:157} INFO - Started process (PID=295) to work on /home/airflow/.local/lib/python3.7/site-packages/airflow/example_dags/example_params_ui_tutorial.py
[2023-07-02T01:21:25.659+0000] {processor.py:826} INFO - Processing file /home/airflow/.local/lib/python3.7/site-packages/airflow/example_dags/example_params_ui_tutorial.py for tasks to queue
[2023-07-02T01:21:25.665+0000] {logging_mixin.py:149} INFO - [2023-07-02T01:21:25.664+0000] {dagbag.py:541} INFO - Filling up the DagBag from /home/airflow/.local/lib/python3.7/site-packages/airflow/example_dags/example_params_ui_tutorial.py
[2023-07-02T01:21:25.789+0000] {processor.py:836} INFO - DAG(s) dict_keys(['example_params_ui_tutorial']) retrieved from /home/airflow/.local/lib/python3.7/site-packages/airflow/example_dags/example_params_ui_tutorial.py
[2023-07-02T01:21:25.933+0000] {logging_mixin.py:149} INFO - [2023-07-02T01:21:25.932+0000] {dag.py:2726} INFO - Sync 1 DAGs
[2023-07-02T01:21:25.980+0000] {logging_mixin.py:149} INFO - [2023-07-02T01:21:25.980+0000] {dag.py:3490} INFO - Setting next_dagrun for example_params_ui_tutorial to None, run_after=None
[2023-07-02T01:21:26.021+0000] {processor.py:179} INFO - Processing /home/airflow/.local/lib/python3.7/site-packages/airflow/example_dags/example_params_ui_tutorial.py took 0.374 seconds
[2023-07-02T01:21:57.013+0000] {processor.py:157} INFO - Started process (PID=352) to work on /home/airflow/.local/lib/python3.7/site-packages/airflow/example_dags/example_params_ui_tutorial.py
[2023-07-02T01:21:57.015+0000] {processor.py:826} INFO - Processing file /home/airflow/.local/lib/python3.7/site-packages/airflow/example_dags/example_params_ui_tutorial.py for tasks to queue
[2023-07-02T01:21:57.017+0000] {logging_mixin.py:149} INFO - [2023-07-02T01:21:57.017+0000] {dagbag.py:541} INFO - Filling up the DagBag from /home/airflow/.local/lib/python3.7/site-packages/airflow/example_dags/example_params_ui_tutorial.py
[2023-07-02T01:21:57.114+0000] {processor.py:836} INFO - DAG(s) dict_keys(['example_params_ui_tutorial']) retrieved from /home/airflow/.local/lib/python3.7/site-packages/airflow/example_dags/example_params_ui_tutorial.py
[2023-07-02T01:21:57.242+0000] {logging_mixin.py:149} INFO - [2023-07-02T01:21:57.241+0000] {dag.py:2726} INFO - Sync 1 DAGs
[2023-07-02T01:21:57.290+0000] {logging_mixin.py:149} INFO - [2023-07-02T01:21:57.290+0000] {dag.py:3490} INFO - Setting next_dagrun for example_params_ui_tutorial to None, run_after=None
[2023-07-02T01:21:57.336+0000] {processor.py:179} INFO - Processing /home/airflow/.local/lib/python3.7/site-packages/airflow/example_dags/example_params_ui_tutorial.py took 0.328 seconds
[2023-07-02T01:22:27.454+0000] {processor.py:157} INFO - Started process (PID=410) to work on /home/airflow/.local/lib/python3.7/site-packages/airflow/example_dags/example_params_ui_tutorial.py
[2023-07-02T01:22:27.456+0000] {processor.py:826} INFO - Processing file /home/airflow/.local/lib/python3.7/site-packages/airflow/example_dags/example_params_ui_tutorial.py for tasks to queue
[2023-07-02T01:22:27.462+0000] {logging_mixin.py:149} INFO - [2023-07-02T01:22:27.461+0000] {dagbag.py:541} INFO - Filling up the DagBag from /home/airflow/.local/lib/python3.7/site-packages/airflow/example_dags/example_params_ui_tutorial.py
[2023-07-02T01:22:27.601+0000] {processor.py:836} INFO - DAG(s) dict_keys(['example_params_ui_tutorial']) retrieved from /home/airflow/.local/lib/python3.7/site-packages/airflow/example_dags/example_params_ui_tutorial.py
[2023-07-02T01:22:27.746+0000] {logging_mixin.py:149} INFO - [2023-07-02T01:22:27.746+0000] {dag.py:2726} INFO - Sync 1 DAGs
[2023-07-02T01:22:27.793+0000] {logging_mixin.py:149} INFO - [2023-07-02T01:22:27.793+0000] {dag.py:3490} INFO - Setting next_dagrun for example_params_ui_tutorial to None, run_after=None
[2023-07-02T01:22:27.829+0000] {processor.py:179} INFO - Processing /home/airflow/.local/lib/python3.7/site-packages/airflow/example_dags/example_params_ui_tutorial.py took 0.383 seconds
[2023-07-02T01:22:58.281+0000] {processor.py:157} INFO - Started process (PID=471) to work on /home/airflow/.local/lib/python3.7/site-packages/airflow/example_dags/example_params_ui_tutorial.py
[2023-07-02T01:22:58.283+0000] {processor.py:826} INFO - Processing file /home/airflow/.local/lib/python3.7/site-packages/airflow/example_dags/example_params_ui_tutorial.py for tasks to queue
[2023-07-02T01:22:58.286+0000] {logging_mixin.py:149} INFO - [2023-07-02T01:22:58.285+0000] {dagbag.py:541} INFO - Filling up the DagBag from /home/airflow/.local/lib/python3.7/site-packages/airflow/example_dags/example_params_ui_tutorial.py
[2023-07-02T01:22:58.424+0000] {processor.py:836} INFO - DAG(s) dict_keys(['example_params_ui_tutorial']) retrieved from /home/airflow/.local/lib/python3.7/site-packages/airflow/example_dags/example_params_ui_tutorial.py
[2023-07-02T01:22:58.627+0000] {logging_mixin.py:149} INFO - [2023-07-02T01:22:58.626+0000] {dag.py:2726} INFO - Sync 1 DAGs
[2023-07-02T01:22:58.704+0000] {logging_mixin.py:149} INFO - [2023-07-02T01:22:58.704+0000] {dag.py:3490} INFO - Setting next_dagrun for example_params_ui_tutorial to None, run_after=None
[2023-07-02T01:22:58.749+0000] {processor.py:179} INFO - Processing /home/airflow/.local/lib/python3.7/site-packages/airflow/example_dags/example_params_ui_tutorial.py took 0.480 seconds
[2023-07-02T01:23:28.865+0000] {processor.py:157} INFO - Started process (PID=530) to work on /home/airflow/.local/lib/python3.7/site-packages/airflow/example_dags/example_params_ui_tutorial.py
[2023-07-02T01:23:28.866+0000] {processor.py:826} INFO - Processing file /home/airflow/.local/lib/python3.7/site-packages/airflow/example_dags/example_params_ui_tutorial.py for tasks to queue
[2023-07-02T01:23:28.868+0000] {logging_mixin.py:149} INFO - [2023-07-02T01:23:28.868+0000] {dagbag.py:541} INFO - Filling up the DagBag from /home/airflow/.local/lib/python3.7/site-packages/airflow/example_dags/example_params_ui_tutorial.py
[2023-07-02T01:23:28.979+0000] {processor.py:836} INFO - DAG(s) dict_keys(['example_params_ui_tutorial']) retrieved from /home/airflow/.local/lib/python3.7/site-packages/airflow/example_dags/example_params_ui_tutorial.py
[2023-07-02T01:23:29.108+0000] {logging_mixin.py:149} INFO - [2023-07-02T01:23:29.108+0000] {dag.py:2726} INFO - Sync 1 DAGs
[2023-07-02T01:23:29.157+0000] {logging_mixin.py:149} INFO - [2023-07-02T01:23:29.157+0000] {dag.py:3490} INFO - Setting next_dagrun for example_params_ui_tutorial to None, run_after=None
[2023-07-02T01:23:29.195+0000] {processor.py:179} INFO - Processing /home/airflow/.local/lib/python3.7/site-packages/airflow/example_dags/example_params_ui_tutorial.py took 0.337 seconds
[2023-07-02T02:04:19.999+0000] {processor.py:157} INFO - Started process (PID=53) to work on /home/airflow/.local/lib/python3.7/site-packages/airflow/example_dags/example_params_ui_tutorial.py
[2023-07-02T02:04:20.001+0000] {processor.py:826} INFO - Processing file /home/airflow/.local/lib/python3.7/site-packages/airflow/example_dags/example_params_ui_tutorial.py for tasks to queue
[2023-07-02T02:04:20.002+0000] {logging_mixin.py:149} INFO - [2023-07-02T02:04:20.002+0000] {dagbag.py:541} INFO - Filling up the DagBag from /home/airflow/.local/lib/python3.7/site-packages/airflow/example_dags/example_params_ui_tutorial.py
[2023-07-02T02:04:20.115+0000] {processor.py:836} INFO - DAG(s) dict_keys(['example_params_ui_tutorial']) retrieved from /home/airflow/.local/lib/python3.7/site-packages/airflow/example_dags/example_params_ui_tutorial.py
[2023-07-02T02:04:20.250+0000] {logging_mixin.py:149} INFO - [2023-07-02T02:04:20.250+0000] {dag.py:2726} INFO - Sync 1 DAGs
[2023-07-02T02:04:20.294+0000] {logging_mixin.py:149} INFO - [2023-07-02T02:04:20.293+0000] {dag.py:3490} INFO - Setting next_dagrun for example_params_ui_tutorial to None, run_after=None
[2023-07-02T02:04:20.326+0000] {processor.py:179} INFO - Processing /home/airflow/.local/lib/python3.7/site-packages/airflow/example_dags/example_params_ui_tutorial.py took 0.332 seconds
[2023-07-02T02:04:51.027+0000] {processor.py:157} INFO - Started process (PID=111) to work on /home/airflow/.local/lib/python3.7/site-packages/airflow/example_dags/example_params_ui_tutorial.py
[2023-07-02T02:04:51.028+0000] {processor.py:826} INFO - Processing file /home/airflow/.local/lib/python3.7/site-packages/airflow/example_dags/example_params_ui_tutorial.py for tasks to queue
[2023-07-02T02:04:51.031+0000] {logging_mixin.py:149} INFO - [2023-07-02T02:04:51.030+0000] {dagbag.py:541} INFO - Filling up the DagBag from /home/airflow/.local/lib/python3.7/site-packages/airflow/example_dags/example_params_ui_tutorial.py
[2023-07-02T02:04:51.096+0000] {processor.py:836} INFO - DAG(s) dict_keys(['example_params_ui_tutorial']) retrieved from /home/airflow/.local/lib/python3.7/site-packages/airflow/example_dags/example_params_ui_tutorial.py
[2023-07-02T02:04:51.176+0000] {logging_mixin.py:149} INFO - [2023-07-02T02:04:51.176+0000] {dag.py:2726} INFO - Sync 1 DAGs
[2023-07-02T02:04:51.206+0000] {logging_mixin.py:149} INFO - [2023-07-02T02:04:51.206+0000] {dag.py:3490} INFO - Setting next_dagrun for example_params_ui_tutorial to None, run_after=None
[2023-07-02T02:04:51.234+0000] {processor.py:179} INFO - Processing /home/airflow/.local/lib/python3.7/site-packages/airflow/example_dags/example_params_ui_tutorial.py took 0.212 seconds
[2023-07-02T02:05:22.187+0000] {processor.py:157} INFO - Started process (PID=168) to work on /home/airflow/.local/lib/python3.7/site-packages/airflow/example_dags/example_params_ui_tutorial.py
[2023-07-02T02:05:22.188+0000] {processor.py:826} INFO - Processing file /home/airflow/.local/lib/python3.7/site-packages/airflow/example_dags/example_params_ui_tutorial.py for tasks to queue
[2023-07-02T02:05:22.190+0000] {logging_mixin.py:149} INFO - [2023-07-02T02:05:22.189+0000] {dagbag.py:541} INFO - Filling up the DagBag from /home/airflow/.local/lib/python3.7/site-packages/airflow/example_dags/example_params_ui_tutorial.py
[2023-07-02T02:05:22.243+0000] {processor.py:836} INFO - DAG(s) dict_keys(['example_params_ui_tutorial']) retrieved from /home/airflow/.local/lib/python3.7/site-packages/airflow/example_dags/example_params_ui_tutorial.py
[2023-07-02T02:05:22.326+0000] {logging_mixin.py:149} INFO - [2023-07-02T02:05:22.325+0000] {dag.py:2726} INFO - Sync 1 DAGs
[2023-07-02T02:05:22.356+0000] {logging_mixin.py:149} INFO - [2023-07-02T02:05:22.355+0000] {dag.py:3490} INFO - Setting next_dagrun for example_params_ui_tutorial to None, run_after=None
[2023-07-02T02:05:22.386+0000] {processor.py:179} INFO - Processing /home/airflow/.local/lib/python3.7/site-packages/airflow/example_dags/example_params_ui_tutorial.py took 0.204 seconds
[2023-07-02T02:05:52.645+0000] {processor.py:157} INFO - Started process (PID=227) to work on /home/airflow/.local/lib/python3.7/site-packages/airflow/example_dags/example_params_ui_tutorial.py
[2023-07-02T02:05:52.647+0000] {processor.py:826} INFO - Processing file /home/airflow/.local/lib/python3.7/site-packages/airflow/example_dags/example_params_ui_tutorial.py for tasks to queue
[2023-07-02T02:05:52.648+0000] {logging_mixin.py:149} INFO - [2023-07-02T02:05:52.648+0000] {dagbag.py:541} INFO - Filling up the DagBag from /home/airflow/.local/lib/python3.7/site-packages/airflow/example_dags/example_params_ui_tutorial.py
[2023-07-02T02:05:52.704+0000] {processor.py:836} INFO - DAG(s) dict_keys(['example_params_ui_tutorial']) retrieved from /home/airflow/.local/lib/python3.7/site-packages/airflow/example_dags/example_params_ui_tutorial.py
[2023-07-02T02:05:52.808+0000] {logging_mixin.py:149} INFO - [2023-07-02T02:05:52.807+0000] {dag.py:2726} INFO - Sync 1 DAGs
[2023-07-02T02:05:52.846+0000] {logging_mixin.py:149} INFO - [2023-07-02T02:05:52.845+0000] {dag.py:3490} INFO - Setting next_dagrun for example_params_ui_tutorial to None, run_after=None
[2023-07-02T02:05:52.871+0000] {processor.py:179} INFO - Processing /home/airflow/.local/lib/python3.7/site-packages/airflow/example_dags/example_params_ui_tutorial.py took 0.230 seconds
[2023-07-02T02:06:23.717+0000] {processor.py:157} INFO - Started process (PID=285) to work on /home/airflow/.local/lib/python3.7/site-packages/airflow/example_dags/example_params_ui_tutorial.py
[2023-07-02T02:06:23.718+0000] {processor.py:826} INFO - Processing file /home/airflow/.local/lib/python3.7/site-packages/airflow/example_dags/example_params_ui_tutorial.py for tasks to queue
[2023-07-02T02:06:23.720+0000] {logging_mixin.py:149} INFO - [2023-07-02T02:06:23.720+0000] {dagbag.py:541} INFO - Filling up the DagBag from /home/airflow/.local/lib/python3.7/site-packages/airflow/example_dags/example_params_ui_tutorial.py
[2023-07-02T02:06:23.777+0000] {processor.py:836} INFO - DAG(s) dict_keys(['example_params_ui_tutorial']) retrieved from /home/airflow/.local/lib/python3.7/site-packages/airflow/example_dags/example_params_ui_tutorial.py
[2023-07-02T02:06:23.864+0000] {logging_mixin.py:149} INFO - [2023-07-02T02:06:23.864+0000] {dag.py:2726} INFO - Sync 1 DAGs
[2023-07-02T02:06:23.901+0000] {logging_mixin.py:149} INFO - [2023-07-02T02:06:23.901+0000] {dag.py:3490} INFO - Setting next_dagrun for example_params_ui_tutorial to None, run_after=None
[2023-07-02T02:06:23.931+0000] {processor.py:179} INFO - Processing /home/airflow/.local/lib/python3.7/site-packages/airflow/example_dags/example_params_ui_tutorial.py took 0.218 seconds
[2023-07-02T02:06:54.081+0000] {processor.py:157} INFO - Started process (PID=343) to work on /home/airflow/.local/lib/python3.7/site-packages/airflow/example_dags/example_params_ui_tutorial.py
[2023-07-02T02:06:54.083+0000] {processor.py:826} INFO - Processing file /home/airflow/.local/lib/python3.7/site-packages/airflow/example_dags/example_params_ui_tutorial.py for tasks to queue
[2023-07-02T02:06:54.084+0000] {logging_mixin.py:149} INFO - [2023-07-02T02:06:54.084+0000] {dagbag.py:541} INFO - Filling up the DagBag from /home/airflow/.local/lib/python3.7/site-packages/airflow/example_dags/example_params_ui_tutorial.py
[2023-07-02T02:06:54.145+0000] {processor.py:836} INFO - DAG(s) dict_keys(['example_params_ui_tutorial']) retrieved from /home/airflow/.local/lib/python3.7/site-packages/airflow/example_dags/example_params_ui_tutorial.py
[2023-07-02T02:06:54.234+0000] {logging_mixin.py:149} INFO - [2023-07-02T02:06:54.234+0000] {dag.py:2726} INFO - Sync 1 DAGs
[2023-07-02T02:06:54.264+0000] {logging_mixin.py:149} INFO - [2023-07-02T02:06:54.263+0000] {dag.py:3490} INFO - Setting next_dagrun for example_params_ui_tutorial to None, run_after=None
[2023-07-02T02:06:54.291+0000] {processor.py:179} INFO - Processing /home/airflow/.local/lib/python3.7/site-packages/airflow/example_dags/example_params_ui_tutorial.py took 0.215 seconds
[2023-07-02T02:12:40.586+0000] {processor.py:157} INFO - Started process (PID=53) to work on /home/airflow/.local/lib/python3.7/site-packages/airflow/example_dags/example_params_ui_tutorial.py
[2023-07-02T02:12:40.607+0000] {processor.py:826} INFO - Processing file /home/airflow/.local/lib/python3.7/site-packages/airflow/example_dags/example_params_ui_tutorial.py for tasks to queue
[2023-07-02T02:12:40.609+0000] {logging_mixin.py:149} INFO - [2023-07-02T02:12:40.609+0000] {dagbag.py:541} INFO - Filling up the DagBag from /home/airflow/.local/lib/python3.7/site-packages/airflow/example_dags/example_params_ui_tutorial.py
[2023-07-02T02:12:40.691+0000] {processor.py:836} INFO - DAG(s) dict_keys(['example_params_ui_tutorial']) retrieved from /home/airflow/.local/lib/python3.7/site-packages/airflow/example_dags/example_params_ui_tutorial.py
[2023-07-02T02:12:40.914+0000] {logging_mixin.py:149} INFO - [2023-07-02T02:12:40.914+0000] {dag.py:2726} INFO - Sync 1 DAGs
[2023-07-02T02:12:40.953+0000] {logging_mixin.py:149} INFO - [2023-07-02T02:12:40.953+0000] {dag.py:3490} INFO - Setting next_dagrun for example_params_ui_tutorial to None, run_after=None
[2023-07-02T02:12:40.977+0000] {processor.py:179} INFO - Processing /home/airflow/.local/lib/python3.7/site-packages/airflow/example_dags/example_params_ui_tutorial.py took 0.398 seconds
[2023-07-02T02:13:11.218+0000] {processor.py:157} INFO - Started process (PID=114) to work on /home/airflow/.local/lib/python3.7/site-packages/airflow/example_dags/example_params_ui_tutorial.py
[2023-07-02T02:13:11.219+0000] {processor.py:826} INFO - Processing file /home/airflow/.local/lib/python3.7/site-packages/airflow/example_dags/example_params_ui_tutorial.py for tasks to queue
[2023-07-02T02:13:11.220+0000] {logging_mixin.py:149} INFO - [2023-07-02T02:13:11.220+0000] {dagbag.py:541} INFO - Filling up the DagBag from /home/airflow/.local/lib/python3.7/site-packages/airflow/example_dags/example_params_ui_tutorial.py
[2023-07-02T02:13:11.276+0000] {processor.py:836} INFO - DAG(s) dict_keys(['example_params_ui_tutorial']) retrieved from /home/airflow/.local/lib/python3.7/site-packages/airflow/example_dags/example_params_ui_tutorial.py
[2023-07-02T02:13:11.360+0000] {logging_mixin.py:149} INFO - [2023-07-02T02:13:11.360+0000] {dag.py:2726} INFO - Sync 1 DAGs
[2023-07-02T02:13:11.391+0000] {logging_mixin.py:149} INFO - [2023-07-02T02:13:11.390+0000] {dag.py:3490} INFO - Setting next_dagrun for example_params_ui_tutorial to None, run_after=None
[2023-07-02T02:13:11.411+0000] {processor.py:179} INFO - Processing /home/airflow/.local/lib/python3.7/site-packages/airflow/example_dags/example_params_ui_tutorial.py took 0.198 seconds
[2023-07-02T02:13:41.544+0000] {processor.py:157} INFO - Started process (PID=172) to work on /home/airflow/.local/lib/python3.7/site-packages/airflow/example_dags/example_params_ui_tutorial.py
[2023-07-02T02:13:41.545+0000] {processor.py:826} INFO - Processing file /home/airflow/.local/lib/python3.7/site-packages/airflow/example_dags/example_params_ui_tutorial.py for tasks to queue
[2023-07-02T02:13:41.547+0000] {logging_mixin.py:149} INFO - [2023-07-02T02:13:41.547+0000] {dagbag.py:541} INFO - Filling up the DagBag from /home/airflow/.local/lib/python3.7/site-packages/airflow/example_dags/example_params_ui_tutorial.py
[2023-07-02T02:13:41.612+0000] {processor.py:836} INFO - DAG(s) dict_keys(['example_params_ui_tutorial']) retrieved from /home/airflow/.local/lib/python3.7/site-packages/airflow/example_dags/example_params_ui_tutorial.py
[2023-07-02T02:13:41.703+0000] {logging_mixin.py:149} INFO - [2023-07-02T02:13:41.702+0000] {dag.py:2726} INFO - Sync 1 DAGs
[2023-07-02T02:13:41.739+0000] {logging_mixin.py:149} INFO - [2023-07-02T02:13:41.739+0000] {dag.py:3490} INFO - Setting next_dagrun for example_params_ui_tutorial to None, run_after=None
[2023-07-02T02:13:41.766+0000] {processor.py:179} INFO - Processing /home/airflow/.local/lib/python3.7/site-packages/airflow/example_dags/example_params_ui_tutorial.py took 0.227 seconds
[2023-07-02T02:14:11.992+0000] {processor.py:157} INFO - Started process (PID=230) to work on /home/airflow/.local/lib/python3.7/site-packages/airflow/example_dags/example_params_ui_tutorial.py
[2023-07-02T02:14:12.006+0000] {processor.py:826} INFO - Processing file /home/airflow/.local/lib/python3.7/site-packages/airflow/example_dags/example_params_ui_tutorial.py for tasks to queue
[2023-07-02T02:14:12.007+0000] {logging_mixin.py:149} INFO - [2023-07-02T02:14:12.007+0000] {dagbag.py:541} INFO - Filling up the DagBag from /home/airflow/.local/lib/python3.7/site-packages/airflow/example_dags/example_params_ui_tutorial.py
[2023-07-02T02:14:12.072+0000] {processor.py:836} INFO - DAG(s) dict_keys(['example_params_ui_tutorial']) retrieved from /home/airflow/.local/lib/python3.7/site-packages/airflow/example_dags/example_params_ui_tutorial.py
[2023-07-02T02:14:12.175+0000] {logging_mixin.py:149} INFO - [2023-07-02T02:14:12.174+0000] {dag.py:2726} INFO - Sync 1 DAGs
[2023-07-02T02:14:12.209+0000] {logging_mixin.py:149} INFO - [2023-07-02T02:14:12.209+0000] {dag.py:3490} INFO - Setting next_dagrun for example_params_ui_tutorial to None, run_after=None
[2023-07-02T02:14:12.243+0000] {processor.py:179} INFO - Processing /home/airflow/.local/lib/python3.7/site-packages/airflow/example_dags/example_params_ui_tutorial.py took 0.255 seconds
[2023-07-02T02:14:43.616+0000] {processor.py:157} INFO - Started process (PID=288) to work on /home/airflow/.local/lib/python3.7/site-packages/airflow/example_dags/example_params_ui_tutorial.py
[2023-07-02T02:14:43.618+0000] {processor.py:826} INFO - Processing file /home/airflow/.local/lib/python3.7/site-packages/airflow/example_dags/example_params_ui_tutorial.py for tasks to queue
[2023-07-02T02:14:43.620+0000] {logging_mixin.py:149} INFO - [2023-07-02T02:14:43.620+0000] {dagbag.py:541} INFO - Filling up the DagBag from /home/airflow/.local/lib/python3.7/site-packages/airflow/example_dags/example_params_ui_tutorial.py
[2023-07-02T02:14:43.684+0000] {processor.py:836} INFO - DAG(s) dict_keys(['example_params_ui_tutorial']) retrieved from /home/airflow/.local/lib/python3.7/site-packages/airflow/example_dags/example_params_ui_tutorial.py
[2023-07-02T02:14:43.896+0000] {logging_mixin.py:149} INFO - [2023-07-02T02:14:43.895+0000] {dag.py:2726} INFO - Sync 1 DAGs
[2023-07-02T02:14:43.922+0000] {logging_mixin.py:149} INFO - [2023-07-02T02:14:43.922+0000] {dag.py:3490} INFO - Setting next_dagrun for example_params_ui_tutorial to None, run_after=None
[2023-07-02T02:14:43.947+0000] {processor.py:179} INFO - Processing /home/airflow/.local/lib/python3.7/site-packages/airflow/example_dags/example_params_ui_tutorial.py took 0.336 seconds
[2023-07-02T02:15:14.684+0000] {processor.py:157} INFO - Started process (PID=346) to work on /home/airflow/.local/lib/python3.7/site-packages/airflow/example_dags/example_params_ui_tutorial.py
[2023-07-02T02:15:14.686+0000] {processor.py:826} INFO - Processing file /home/airflow/.local/lib/python3.7/site-packages/airflow/example_dags/example_params_ui_tutorial.py for tasks to queue
[2023-07-02T02:15:14.688+0000] {logging_mixin.py:149} INFO - [2023-07-02T02:15:14.687+0000] {dagbag.py:541} INFO - Filling up the DagBag from /home/airflow/.local/lib/python3.7/site-packages/airflow/example_dags/example_params_ui_tutorial.py
[2023-07-02T02:15:14.751+0000] {processor.py:836} INFO - DAG(s) dict_keys(['example_params_ui_tutorial']) retrieved from /home/airflow/.local/lib/python3.7/site-packages/airflow/example_dags/example_params_ui_tutorial.py
[2023-07-02T02:15:14.832+0000] {logging_mixin.py:149} INFO - [2023-07-02T02:15:14.832+0000] {dag.py:2726} INFO - Sync 1 DAGs
[2023-07-02T02:15:14.859+0000] {logging_mixin.py:149} INFO - [2023-07-02T02:15:14.859+0000] {dag.py:3490} INFO - Setting next_dagrun for example_params_ui_tutorial to None, run_after=None
[2023-07-02T02:15:14.881+0000] {processor.py:179} INFO - Processing /home/airflow/.local/lib/python3.7/site-packages/airflow/example_dags/example_params_ui_tutorial.py took 0.201 seconds
[2023-07-02T02:15:45.794+0000] {processor.py:157} INFO - Started process (PID=403) to work on /home/airflow/.local/lib/python3.7/site-packages/airflow/example_dags/example_params_ui_tutorial.py
[2023-07-02T02:15:45.796+0000] {processor.py:826} INFO - Processing file /home/airflow/.local/lib/python3.7/site-packages/airflow/example_dags/example_params_ui_tutorial.py for tasks to queue
[2023-07-02T02:15:45.798+0000] {logging_mixin.py:149} INFO - [2023-07-02T02:15:45.798+0000] {dagbag.py:541} INFO - Filling up the DagBag from /home/airflow/.local/lib/python3.7/site-packages/airflow/example_dags/example_params_ui_tutorial.py
[2023-07-02T02:15:45.859+0000] {processor.py:836} INFO - DAG(s) dict_keys(['example_params_ui_tutorial']) retrieved from /home/airflow/.local/lib/python3.7/site-packages/airflow/example_dags/example_params_ui_tutorial.py
[2023-07-02T02:15:46.087+0000] {logging_mixin.py:149} INFO - [2023-07-02T02:15:46.087+0000] {dag.py:2726} INFO - Sync 1 DAGs
[2023-07-02T02:15:46.113+0000] {logging_mixin.py:149} INFO - [2023-07-02T02:15:46.113+0000] {dag.py:3490} INFO - Setting next_dagrun for example_params_ui_tutorial to None, run_after=None
[2023-07-02T02:15:46.146+0000] {processor.py:179} INFO - Processing /home/airflow/.local/lib/python3.7/site-packages/airflow/example_dags/example_params_ui_tutorial.py took 0.358 seconds
[2023-07-02T02:16:16.951+0000] {processor.py:157} INFO - Started process (PID=461) to work on /home/airflow/.local/lib/python3.7/site-packages/airflow/example_dags/example_params_ui_tutorial.py
[2023-07-02T02:16:16.953+0000] {processor.py:826} INFO - Processing file /home/airflow/.local/lib/python3.7/site-packages/airflow/example_dags/example_params_ui_tutorial.py for tasks to queue
[2023-07-02T02:16:16.955+0000] {logging_mixin.py:149} INFO - [2023-07-02T02:16:16.955+0000] {dagbag.py:541} INFO - Filling up the DagBag from /home/airflow/.local/lib/python3.7/site-packages/airflow/example_dags/example_params_ui_tutorial.py
[2023-07-02T02:16:17.021+0000] {processor.py:836} INFO - DAG(s) dict_keys(['example_params_ui_tutorial']) retrieved from /home/airflow/.local/lib/python3.7/site-packages/airflow/example_dags/example_params_ui_tutorial.py
[2023-07-02T02:16:17.110+0000] {logging_mixin.py:149} INFO - [2023-07-02T02:16:17.110+0000] {dag.py:2726} INFO - Sync 1 DAGs
[2023-07-02T02:16:17.145+0000] {logging_mixin.py:149} INFO - [2023-07-02T02:16:17.145+0000] {dag.py:3490} INFO - Setting next_dagrun for example_params_ui_tutorial to None, run_after=None
[2023-07-02T02:16:17.169+0000] {processor.py:179} INFO - Processing /home/airflow/.local/lib/python3.7/site-packages/airflow/example_dags/example_params_ui_tutorial.py took 0.223 seconds
[2023-07-02T02:16:47.367+0000] {processor.py:157} INFO - Started process (PID=520) to work on /home/airflow/.local/lib/python3.7/site-packages/airflow/example_dags/example_params_ui_tutorial.py
[2023-07-02T02:16:47.369+0000] {processor.py:826} INFO - Processing file /home/airflow/.local/lib/python3.7/site-packages/airflow/example_dags/example_params_ui_tutorial.py for tasks to queue
[2023-07-02T02:16:47.370+0000] {logging_mixin.py:149} INFO - [2023-07-02T02:16:47.370+0000] {dagbag.py:541} INFO - Filling up the DagBag from /home/airflow/.local/lib/python3.7/site-packages/airflow/example_dags/example_params_ui_tutorial.py
[2023-07-02T02:16:47.437+0000] {processor.py:836} INFO - DAG(s) dict_keys(['example_params_ui_tutorial']) retrieved from /home/airflow/.local/lib/python3.7/site-packages/airflow/example_dags/example_params_ui_tutorial.py
[2023-07-02T02:16:47.523+0000] {logging_mixin.py:149} INFO - [2023-07-02T02:16:47.523+0000] {dag.py:2726} INFO - Sync 1 DAGs
[2023-07-02T02:16:47.556+0000] {logging_mixin.py:149} INFO - [2023-07-02T02:16:47.556+0000] {dag.py:3490} INFO - Setting next_dagrun for example_params_ui_tutorial to None, run_after=None
[2023-07-02T02:16:47.580+0000] {processor.py:179} INFO - Processing /home/airflow/.local/lib/python3.7/site-packages/airflow/example_dags/example_params_ui_tutorial.py took 0.217 seconds
[2023-07-02T02:17:18.283+0000] {processor.py:157} INFO - Started process (PID=579) to work on /home/airflow/.local/lib/python3.7/site-packages/airflow/example_dags/example_params_ui_tutorial.py
[2023-07-02T02:17:18.284+0000] {processor.py:826} INFO - Processing file /home/airflow/.local/lib/python3.7/site-packages/airflow/example_dags/example_params_ui_tutorial.py for tasks to queue
[2023-07-02T02:17:18.285+0000] {logging_mixin.py:149} INFO - [2023-07-02T02:17:18.285+0000] {dagbag.py:541} INFO - Filling up the DagBag from /home/airflow/.local/lib/python3.7/site-packages/airflow/example_dags/example_params_ui_tutorial.py
[2023-07-02T02:17:18.343+0000] {processor.py:836} INFO - DAG(s) dict_keys(['example_params_ui_tutorial']) retrieved from /home/airflow/.local/lib/python3.7/site-packages/airflow/example_dags/example_params_ui_tutorial.py
[2023-07-02T02:17:18.482+0000] {logging_mixin.py:149} INFO - [2023-07-02T02:17:18.482+0000] {dag.py:2726} INFO - Sync 1 DAGs
[2023-07-02T02:17:18.581+0000] {logging_mixin.py:149} INFO - [2023-07-02T02:17:18.581+0000] {dag.py:3490} INFO - Setting next_dagrun for example_params_ui_tutorial to None, run_after=None
[2023-07-02T02:17:18.655+0000] {processor.py:179} INFO - Processing /home/airflow/.local/lib/python3.7/site-packages/airflow/example_dags/example_params_ui_tutorial.py took 0.378 seconds
[2023-07-02T02:17:48.876+0000] {processor.py:157} INFO - Started process (PID=638) to work on /home/airflow/.local/lib/python3.7/site-packages/airflow/example_dags/example_params_ui_tutorial.py
[2023-07-02T02:17:48.877+0000] {processor.py:826} INFO - Processing file /home/airflow/.local/lib/python3.7/site-packages/airflow/example_dags/example_params_ui_tutorial.py for tasks to queue
[2023-07-02T02:17:48.879+0000] {logging_mixin.py:149} INFO - [2023-07-02T02:17:48.878+0000] {dagbag.py:541} INFO - Filling up the DagBag from /home/airflow/.local/lib/python3.7/site-packages/airflow/example_dags/example_params_ui_tutorial.py
[2023-07-02T02:17:48.938+0000] {processor.py:836} INFO - DAG(s) dict_keys(['example_params_ui_tutorial']) retrieved from /home/airflow/.local/lib/python3.7/site-packages/airflow/example_dags/example_params_ui_tutorial.py
[2023-07-02T02:17:49.019+0000] {logging_mixin.py:149} INFO - [2023-07-02T02:17:49.019+0000] {dag.py:2726} INFO - Sync 1 DAGs
[2023-07-02T02:17:49.063+0000] {logging_mixin.py:149} INFO - [2023-07-02T02:17:49.062+0000] {dag.py:3490} INFO - Setting next_dagrun for example_params_ui_tutorial to None, run_after=None
[2023-07-02T02:17:49.104+0000] {processor.py:179} INFO - Processing /home/airflow/.local/lib/python3.7/site-packages/airflow/example_dags/example_params_ui_tutorial.py took 0.234 seconds
[2023-07-02T02:18:19.435+0000] {processor.py:157} INFO - Started process (PID=696) to work on /home/airflow/.local/lib/python3.7/site-packages/airflow/example_dags/example_params_ui_tutorial.py
[2023-07-02T02:18:19.437+0000] {processor.py:826} INFO - Processing file /home/airflow/.local/lib/python3.7/site-packages/airflow/example_dags/example_params_ui_tutorial.py for tasks to queue
[2023-07-02T02:18:19.438+0000] {logging_mixin.py:149} INFO - [2023-07-02T02:18:19.438+0000] {dagbag.py:541} INFO - Filling up the DagBag from /home/airflow/.local/lib/python3.7/site-packages/airflow/example_dags/example_params_ui_tutorial.py
[2023-07-02T02:18:19.494+0000] {processor.py:836} INFO - DAG(s) dict_keys(['example_params_ui_tutorial']) retrieved from /home/airflow/.local/lib/python3.7/site-packages/airflow/example_dags/example_params_ui_tutorial.py
[2023-07-02T02:18:19.632+0000] {logging_mixin.py:149} INFO - [2023-07-02T02:18:19.632+0000] {dag.py:2726} INFO - Sync 1 DAGs
[2023-07-02T02:18:19.714+0000] {logging_mixin.py:149} INFO - [2023-07-02T02:18:19.714+0000] {dag.py:3490} INFO - Setting next_dagrun for example_params_ui_tutorial to None, run_after=None
[2023-07-02T02:18:19.782+0000] {processor.py:179} INFO - Processing /home/airflow/.local/lib/python3.7/site-packages/airflow/example_dags/example_params_ui_tutorial.py took 0.351 seconds
[2023-07-02T02:18:50.780+0000] {processor.py:157} INFO - Started process (PID=754) to work on /home/airflow/.local/lib/python3.7/site-packages/airflow/example_dags/example_params_ui_tutorial.py
[2023-07-02T02:18:50.781+0000] {processor.py:826} INFO - Processing file /home/airflow/.local/lib/python3.7/site-packages/airflow/example_dags/example_params_ui_tutorial.py for tasks to queue
[2023-07-02T02:18:50.782+0000] {logging_mixin.py:149} INFO - [2023-07-02T02:18:50.782+0000] {dagbag.py:541} INFO - Filling up the DagBag from /home/airflow/.local/lib/python3.7/site-packages/airflow/example_dags/example_params_ui_tutorial.py
[2023-07-02T02:18:50.832+0000] {processor.py:836} INFO - DAG(s) dict_keys(['example_params_ui_tutorial']) retrieved from /home/airflow/.local/lib/python3.7/site-packages/airflow/example_dags/example_params_ui_tutorial.py
[2023-07-02T02:18:50.902+0000] {logging_mixin.py:149} INFO - [2023-07-02T02:18:50.902+0000] {dag.py:2726} INFO - Sync 1 DAGs
[2023-07-02T02:18:50.932+0000] {logging_mixin.py:149} INFO - [2023-07-02T02:18:50.932+0000] {dag.py:3490} INFO - Setting next_dagrun for example_params_ui_tutorial to None, run_after=None
[2023-07-02T02:18:50.957+0000] {processor.py:179} INFO - Processing /home/airflow/.local/lib/python3.7/site-packages/airflow/example_dags/example_params_ui_tutorial.py took 0.183 seconds
[2023-07-02T02:19:21.014+0000] {processor.py:157} INFO - Started process (PID=811) to work on /home/airflow/.local/lib/python3.7/site-packages/airflow/example_dags/example_params_ui_tutorial.py
[2023-07-02T02:19:21.015+0000] {processor.py:826} INFO - Processing file /home/airflow/.local/lib/python3.7/site-packages/airflow/example_dags/example_params_ui_tutorial.py for tasks to queue
[2023-07-02T02:19:21.016+0000] {logging_mixin.py:149} INFO - [2023-07-02T02:19:21.016+0000] {dagbag.py:541} INFO - Filling up the DagBag from /home/airflow/.local/lib/python3.7/site-packages/airflow/example_dags/example_params_ui_tutorial.py
[2023-07-02T02:19:21.068+0000] {processor.py:836} INFO - DAG(s) dict_keys(['example_params_ui_tutorial']) retrieved from /home/airflow/.local/lib/python3.7/site-packages/airflow/example_dags/example_params_ui_tutorial.py
[2023-07-02T02:19:21.145+0000] {logging_mixin.py:149} INFO - [2023-07-02T02:19:21.145+0000] {dag.py:2726} INFO - Sync 1 DAGs
[2023-07-02T02:19:21.176+0000] {logging_mixin.py:149} INFO - [2023-07-02T02:19:21.176+0000] {dag.py:3490} INFO - Setting next_dagrun for example_params_ui_tutorial to None, run_after=None
[2023-07-02T02:19:21.200+0000] {processor.py:179} INFO - Processing /home/airflow/.local/lib/python3.7/site-packages/airflow/example_dags/example_params_ui_tutorial.py took 0.191 seconds
[2023-07-02T02:19:51.288+0000] {processor.py:157} INFO - Started process (PID=869) to work on /home/airflow/.local/lib/python3.7/site-packages/airflow/example_dags/example_params_ui_tutorial.py
[2023-07-02T02:19:51.290+0000] {processor.py:826} INFO - Processing file /home/airflow/.local/lib/python3.7/site-packages/airflow/example_dags/example_params_ui_tutorial.py for tasks to queue
[2023-07-02T02:19:51.290+0000] {logging_mixin.py:149} INFO - [2023-07-02T02:19:51.290+0000] {dagbag.py:541} INFO - Filling up the DagBag from /home/airflow/.local/lib/python3.7/site-packages/airflow/example_dags/example_params_ui_tutorial.py
[2023-07-02T02:19:51.337+0000] {processor.py:836} INFO - DAG(s) dict_keys(['example_params_ui_tutorial']) retrieved from /home/airflow/.local/lib/python3.7/site-packages/airflow/example_dags/example_params_ui_tutorial.py
[2023-07-02T02:19:51.410+0000] {logging_mixin.py:149} INFO - [2023-07-02T02:19:51.410+0000] {dag.py:2726} INFO - Sync 1 DAGs
[2023-07-02T02:19:51.439+0000] {logging_mixin.py:149} INFO - [2023-07-02T02:19:51.439+0000] {dag.py:3490} INFO - Setting next_dagrun for example_params_ui_tutorial to None, run_after=None
[2023-07-02T02:19:51.466+0000] {processor.py:179} INFO - Processing /home/airflow/.local/lib/python3.7/site-packages/airflow/example_dags/example_params_ui_tutorial.py took 0.183 seconds
[2023-07-02T02:20:21.608+0000] {processor.py:157} INFO - Started process (PID=928) to work on /home/airflow/.local/lib/python3.7/site-packages/airflow/example_dags/example_params_ui_tutorial.py
[2023-07-02T02:20:21.609+0000] {processor.py:826} INFO - Processing file /home/airflow/.local/lib/python3.7/site-packages/airflow/example_dags/example_params_ui_tutorial.py for tasks to queue
[2023-07-02T02:20:21.611+0000] {logging_mixin.py:149} INFO - [2023-07-02T02:20:21.610+0000] {dagbag.py:541} INFO - Filling up the DagBag from /home/airflow/.local/lib/python3.7/site-packages/airflow/example_dags/example_params_ui_tutorial.py
[2023-07-02T02:20:21.666+0000] {processor.py:836} INFO - DAG(s) dict_keys(['example_params_ui_tutorial']) retrieved from /home/airflow/.local/lib/python3.7/site-packages/airflow/example_dags/example_params_ui_tutorial.py
[2023-07-02T02:20:21.742+0000] {logging_mixin.py:149} INFO - [2023-07-02T02:20:21.742+0000] {dag.py:2726} INFO - Sync 1 DAGs
[2023-07-02T02:20:21.752+0000] {logging_mixin.py:149} INFO - [2023-07-02T02:20:21.752+0000] {dag.py:3490} INFO - Setting next_dagrun for example_params_ui_tutorial to None, run_after=None
[2023-07-02T02:20:21.780+0000] {processor.py:179} INFO - Processing /home/airflow/.local/lib/python3.7/site-packages/airflow/example_dags/example_params_ui_tutorial.py took 0.198 seconds
[2023-07-02T02:20:51.963+0000] {processor.py:157} INFO - Started process (PID=986) to work on /home/airflow/.local/lib/python3.7/site-packages/airflow/example_dags/example_params_ui_tutorial.py
[2023-07-02T02:20:51.965+0000] {processor.py:826} INFO - Processing file /home/airflow/.local/lib/python3.7/site-packages/airflow/example_dags/example_params_ui_tutorial.py for tasks to queue
[2023-07-02T02:20:51.967+0000] {logging_mixin.py:149} INFO - [2023-07-02T02:20:51.967+0000] {dagbag.py:541} INFO - Filling up the DagBag from /home/airflow/.local/lib/python3.7/site-packages/airflow/example_dags/example_params_ui_tutorial.py
[2023-07-02T02:20:52.039+0000] {processor.py:836} INFO - DAG(s) dict_keys(['example_params_ui_tutorial']) retrieved from /home/airflow/.local/lib/python3.7/site-packages/airflow/example_dags/example_params_ui_tutorial.py
[2023-07-02T02:20:52.134+0000] {logging_mixin.py:149} INFO - [2023-07-02T02:20:52.134+0000] {dag.py:2726} INFO - Sync 1 DAGs
[2023-07-02T02:20:52.173+0000] {logging_mixin.py:149} INFO - [2023-07-02T02:20:52.173+0000] {dag.py:3490} INFO - Setting next_dagrun for example_params_ui_tutorial to None, run_after=None
[2023-07-02T02:20:52.210+0000] {processor.py:179} INFO - Processing /home/airflow/.local/lib/python3.7/site-packages/airflow/example_dags/example_params_ui_tutorial.py took 0.251 seconds
[2023-07-02T02:21:22.315+0000] {processor.py:157} INFO - Started process (PID=1044) to work on /home/airflow/.local/lib/python3.7/site-packages/airflow/example_dags/example_params_ui_tutorial.py
[2023-07-02T02:21:22.317+0000] {processor.py:826} INFO - Processing file /home/airflow/.local/lib/python3.7/site-packages/airflow/example_dags/example_params_ui_tutorial.py for tasks to queue
[2023-07-02T02:21:22.318+0000] {logging_mixin.py:149} INFO - [2023-07-02T02:21:22.318+0000] {dagbag.py:541} INFO - Filling up the DagBag from /home/airflow/.local/lib/python3.7/site-packages/airflow/example_dags/example_params_ui_tutorial.py
[2023-07-02T02:21:22.380+0000] {processor.py:836} INFO - DAG(s) dict_keys(['example_params_ui_tutorial']) retrieved from /home/airflow/.local/lib/python3.7/site-packages/airflow/example_dags/example_params_ui_tutorial.py
[2023-07-02T02:21:22.465+0000] {logging_mixin.py:149} INFO - [2023-07-02T02:21:22.464+0000] {dag.py:2726} INFO - Sync 1 DAGs
[2023-07-02T02:21:22.496+0000] {logging_mixin.py:149} INFO - [2023-07-02T02:21:22.496+0000] {dag.py:3490} INFO - Setting next_dagrun for example_params_ui_tutorial to None, run_after=None
[2023-07-02T02:21:22.527+0000] {processor.py:179} INFO - Processing /home/airflow/.local/lib/python3.7/site-packages/airflow/example_dags/example_params_ui_tutorial.py took 0.217 seconds
