[2023-07-02T01:19:11.593+0000] {processor.py:157} INFO - Started process (PID=46) to work on /home/airflow/.local/lib/python3.7/site-packages/airflow/example_dags/example_params_trigger_ui.py
[2023-07-02T01:19:11.596+0000] {processor.py:826} INFO - Processing file /home/airflow/.local/lib/python3.7/site-packages/airflow/example_dags/example_params_trigger_ui.py for tasks to queue
[2023-07-02T01:19:11.600+0000] {logging_mixin.py:149} INFO - [2023-07-02T01:19:11.600+0000] {dagbag.py:541} INFO - Filling up the DagBag from /home/airflow/.local/lib/python3.7/site-packages/airflow/example_dags/example_params_trigger_ui.py
[2023-07-02T01:19:11.691+0000] {processor.py:836} INFO - DAG(s) dict_keys(['example_params_trigger_ui']) retrieved from /home/airflow/.local/lib/python3.7/site-packages/airflow/example_dags/example_params_trigger_ui.py
[2023-07-02T01:19:12.222+0000] {logging_mixin.py:149} INFO - [2023-07-02T01:19:12.221+0000] {manager.py:504} INFO - Created Permission View: can delete on DAG:example_params_trigger_ui
[2023-07-02T01:19:12.259+0000] {logging_mixin.py:149} INFO - [2023-07-02T01:19:12.259+0000] {manager.py:504} INFO - Created Permission View: can edit on DAG:example_params_trigger_ui
[2023-07-02T01:19:12.283+0000] {logging_mixin.py:149} INFO - [2023-07-02T01:19:12.283+0000] {manager.py:504} INFO - Created Permission View: can read on DAG:example_params_trigger_ui
[2023-07-02T01:19:12.319+0000] {logging_mixin.py:149} INFO - [2023-07-02T01:19:12.319+0000] {dag.py:2726} INFO - Sync 1 DAGs
[2023-07-02T01:19:12.344+0000] {logging_mixin.py:149} INFO - [2023-07-02T01:19:12.344+0000] {dag.py:2747} INFO - Creating ORM DAG for example_params_trigger_ui
[2023-07-02T01:19:12.375+0000] {logging_mixin.py:149} INFO - [2023-07-02T01:19:12.374+0000] {dag.py:3490} INFO - Setting next_dagrun for example_params_trigger_ui to None, run_after=None
[2023-07-02T01:19:12.447+0000] {processor.py:179} INFO - Processing /home/airflow/.local/lib/python3.7/site-packages/airflow/example_dags/example_params_trigger_ui.py took 0.870 seconds
[2023-07-02T01:19:51.892+0000] {processor.py:157} INFO - Started process (PID=109) to work on /home/airflow/.local/lib/python3.7/site-packages/airflow/example_dags/example_params_trigger_ui.py
[2023-07-02T01:19:51.898+0000] {processor.py:826} INFO - Processing file /home/airflow/.local/lib/python3.7/site-packages/airflow/example_dags/example_params_trigger_ui.py for tasks to queue
[2023-07-02T01:19:51.900+0000] {logging_mixin.py:149} INFO - [2023-07-02T01:19:51.900+0000] {dagbag.py:541} INFO - Filling up the DagBag from /home/airflow/.local/lib/python3.7/site-packages/airflow/example_dags/example_params_trigger_ui.py
[2023-07-02T01:19:52.045+0000] {processor.py:836} INFO - DAG(s) dict_keys(['example_params_trigger_ui']) retrieved from /home/airflow/.local/lib/python3.7/site-packages/airflow/example_dags/example_params_trigger_ui.py
[2023-07-02T01:19:52.396+0000] {logging_mixin.py:149} INFO - [2023-07-02T01:19:52.396+0000] {dag.py:2726} INFO - Sync 1 DAGs
[2023-07-02T01:19:52.501+0000] {logging_mixin.py:149} INFO - [2023-07-02T01:19:52.501+0000] {dag.py:3490} INFO - Setting next_dagrun for example_params_trigger_ui to None, run_after=None
[2023-07-02T01:19:52.585+0000] {processor.py:179} INFO - Processing /home/airflow/.local/lib/python3.7/site-packages/airflow/example_dags/example_params_trigger_ui.py took 0.709 seconds
[2023-07-02T01:20:23.149+0000] {processor.py:157} INFO - Started process (PID=168) to work on /home/airflow/.local/lib/python3.7/site-packages/airflow/example_dags/example_params_trigger_ui.py
[2023-07-02T01:20:23.152+0000] {processor.py:826} INFO - Processing file /home/airflow/.local/lib/python3.7/site-packages/airflow/example_dags/example_params_trigger_ui.py for tasks to queue
[2023-07-02T01:20:23.153+0000] {logging_mixin.py:149} INFO - [2023-07-02T01:20:23.153+0000] {dagbag.py:541} INFO - Filling up the DagBag from /home/airflow/.local/lib/python3.7/site-packages/airflow/example_dags/example_params_trigger_ui.py
[2023-07-02T01:20:23.305+0000] {processor.py:836} INFO - DAG(s) dict_keys(['example_params_trigger_ui']) retrieved from /home/airflow/.local/lib/python3.7/site-packages/airflow/example_dags/example_params_trigger_ui.py
[2023-07-02T01:20:23.552+0000] {logging_mixin.py:149} INFO - [2023-07-02T01:20:23.551+0000] {dag.py:2726} INFO - Sync 1 DAGs
[2023-07-02T01:20:23.620+0000] {logging_mixin.py:149} INFO - [2023-07-02T01:20:23.619+0000] {dag.py:3490} INFO - Setting next_dagrun for example_params_trigger_ui to None, run_after=None
[2023-07-02T01:20:23.667+0000] {processor.py:179} INFO - Processing /home/airflow/.local/lib/python3.7/site-packages/airflow/example_dags/example_params_trigger_ui.py took 0.524 seconds
[2023-07-02T01:20:53.756+0000] {processor.py:157} INFO - Started process (PID=228) to work on /home/airflow/.local/lib/python3.7/site-packages/airflow/example_dags/example_params_trigger_ui.py
[2023-07-02T01:20:53.770+0000] {processor.py:826} INFO - Processing file /home/airflow/.local/lib/python3.7/site-packages/airflow/example_dags/example_params_trigger_ui.py for tasks to queue
[2023-07-02T01:20:53.772+0000] {logging_mixin.py:149} INFO - [2023-07-02T01:20:53.772+0000] {dagbag.py:541} INFO - Filling up the DagBag from /home/airflow/.local/lib/python3.7/site-packages/airflow/example_dags/example_params_trigger_ui.py
[2023-07-02T01:20:53.847+0000] {processor.py:836} INFO - DAG(s) dict_keys(['example_params_trigger_ui']) retrieved from /home/airflow/.local/lib/python3.7/site-packages/airflow/example_dags/example_params_trigger_ui.py
[2023-07-02T01:20:54.060+0000] {logging_mixin.py:149} INFO - [2023-07-02T01:20:54.059+0000] {dag.py:2726} INFO - Sync 1 DAGs
[2023-07-02T01:20:54.109+0000] {logging_mixin.py:149} INFO - [2023-07-02T01:20:54.109+0000] {dag.py:3490} INFO - Setting next_dagrun for example_params_trigger_ui to None, run_after=None
[2023-07-02T01:20:54.146+0000] {processor.py:179} INFO - Processing /home/airflow/.local/lib/python3.7/site-packages/airflow/example_dags/example_params_trigger_ui.py took 0.398 seconds
[2023-07-02T01:21:24.654+0000] {processor.py:157} INFO - Started process (PID=287) to work on /home/airflow/.local/lib/python3.7/site-packages/airflow/example_dags/example_params_trigger_ui.py
[2023-07-02T01:21:24.656+0000] {processor.py:826} INFO - Processing file /home/airflow/.local/lib/python3.7/site-packages/airflow/example_dags/example_params_trigger_ui.py for tasks to queue
[2023-07-02T01:21:24.658+0000] {logging_mixin.py:149} INFO - [2023-07-02T01:21:24.657+0000] {dagbag.py:541} INFO - Filling up the DagBag from /home/airflow/.local/lib/python3.7/site-packages/airflow/example_dags/example_params_trigger_ui.py
[2023-07-02T01:21:24.778+0000] {processor.py:836} INFO - DAG(s) dict_keys(['example_params_trigger_ui']) retrieved from /home/airflow/.local/lib/python3.7/site-packages/airflow/example_dags/example_params_trigger_ui.py
[2023-07-02T01:21:24.958+0000] {logging_mixin.py:149} INFO - [2023-07-02T01:21:24.958+0000] {dag.py:2726} INFO - Sync 1 DAGs
[2023-07-02T01:21:25.009+0000] {logging_mixin.py:149} INFO - [2023-07-02T01:21:25.009+0000] {dag.py:3490} INFO - Setting next_dagrun for example_params_trigger_ui to None, run_after=None
[2023-07-02T01:21:25.049+0000] {processor.py:179} INFO - Processing /home/airflow/.local/lib/python3.7/site-packages/airflow/example_dags/example_params_trigger_ui.py took 0.401 seconds
[2023-07-02T01:21:55.911+0000] {processor.py:157} INFO - Started process (PID=344) to work on /home/airflow/.local/lib/python3.7/site-packages/airflow/example_dags/example_params_trigger_ui.py
[2023-07-02T01:21:55.916+0000] {processor.py:826} INFO - Processing file /home/airflow/.local/lib/python3.7/site-packages/airflow/example_dags/example_params_trigger_ui.py for tasks to queue
[2023-07-02T01:21:55.919+0000] {logging_mixin.py:149} INFO - [2023-07-02T01:21:55.919+0000] {dagbag.py:541} INFO - Filling up the DagBag from /home/airflow/.local/lib/python3.7/site-packages/airflow/example_dags/example_params_trigger_ui.py
[2023-07-02T01:21:56.100+0000] {processor.py:836} INFO - DAG(s) dict_keys(['example_params_trigger_ui']) retrieved from /home/airflow/.local/lib/python3.7/site-packages/airflow/example_dags/example_params_trigger_ui.py
[2023-07-02T01:21:56.291+0000] {logging_mixin.py:149} INFO - [2023-07-02T01:21:56.290+0000] {dag.py:2726} INFO - Sync 1 DAGs
[2023-07-02T01:21:56.350+0000] {logging_mixin.py:149} INFO - [2023-07-02T01:21:56.350+0000] {dag.py:3490} INFO - Setting next_dagrun for example_params_trigger_ui to None, run_after=None
[2023-07-02T01:21:56.384+0000] {processor.py:179} INFO - Processing /home/airflow/.local/lib/python3.7/site-packages/airflow/example_dags/example_params_trigger_ui.py took 0.481 seconds
[2023-07-02T01:22:26.530+0000] {processor.py:157} INFO - Started process (PID=403) to work on /home/airflow/.local/lib/python3.7/site-packages/airflow/example_dags/example_params_trigger_ui.py
[2023-07-02T01:22:26.532+0000] {processor.py:826} INFO - Processing file /home/airflow/.local/lib/python3.7/site-packages/airflow/example_dags/example_params_trigger_ui.py for tasks to queue
[2023-07-02T01:22:26.534+0000] {logging_mixin.py:149} INFO - [2023-07-02T01:22:26.534+0000] {dagbag.py:541} INFO - Filling up the DagBag from /home/airflow/.local/lib/python3.7/site-packages/airflow/example_dags/example_params_trigger_ui.py
[2023-07-02T01:22:26.713+0000] {processor.py:836} INFO - DAG(s) dict_keys(['example_params_trigger_ui']) retrieved from /home/airflow/.local/lib/python3.7/site-packages/airflow/example_dags/example_params_trigger_ui.py
[2023-07-02T01:22:26.894+0000] {logging_mixin.py:149} INFO - [2023-07-02T01:22:26.893+0000] {dag.py:2726} INFO - Sync 1 DAGs
[2023-07-02T01:22:26.948+0000] {logging_mixin.py:149} INFO - [2023-07-02T01:22:26.948+0000] {dag.py:3490} INFO - Setting next_dagrun for example_params_trigger_ui to None, run_after=None
[2023-07-02T01:22:26.989+0000] {processor.py:179} INFO - Processing /home/airflow/.local/lib/python3.7/site-packages/airflow/example_dags/example_params_trigger_ui.py took 0.465 seconds
[2023-07-02T01:22:57.075+0000] {processor.py:157} INFO - Started process (PID=464) to work on /home/airflow/.local/lib/python3.7/site-packages/airflow/example_dags/example_params_trigger_ui.py
[2023-07-02T01:22:57.077+0000] {processor.py:826} INFO - Processing file /home/airflow/.local/lib/python3.7/site-packages/airflow/example_dags/example_params_trigger_ui.py for tasks to queue
[2023-07-02T01:22:57.079+0000] {logging_mixin.py:149} INFO - [2023-07-02T01:22:57.078+0000] {dagbag.py:541} INFO - Filling up the DagBag from /home/airflow/.local/lib/python3.7/site-packages/airflow/example_dags/example_params_trigger_ui.py
[2023-07-02T01:22:57.194+0000] {processor.py:836} INFO - DAG(s) dict_keys(['example_params_trigger_ui']) retrieved from /home/airflow/.local/lib/python3.7/site-packages/airflow/example_dags/example_params_trigger_ui.py
[2023-07-02T01:22:57.425+0000] {logging_mixin.py:149} INFO - [2023-07-02T01:22:57.424+0000] {dag.py:2726} INFO - Sync 1 DAGs
[2023-07-02T01:22:57.489+0000] {logging_mixin.py:149} INFO - [2023-07-02T01:22:57.488+0000] {dag.py:3490} INFO - Setting next_dagrun for example_params_trigger_ui to None, run_after=None
[2023-07-02T01:22:57.565+0000] {processor.py:179} INFO - Processing /home/airflow/.local/lib/python3.7/site-packages/airflow/example_dags/example_params_trigger_ui.py took 0.497 seconds
[2023-07-02T01:23:27.621+0000] {processor.py:157} INFO - Started process (PID=521) to work on /home/airflow/.local/lib/python3.7/site-packages/airflow/example_dags/example_params_trigger_ui.py
[2023-07-02T01:23:27.624+0000] {processor.py:826} INFO - Processing file /home/airflow/.local/lib/python3.7/site-packages/airflow/example_dags/example_params_trigger_ui.py for tasks to queue
[2023-07-02T01:23:27.626+0000] {logging_mixin.py:149} INFO - [2023-07-02T01:23:27.625+0000] {dagbag.py:541} INFO - Filling up the DagBag from /home/airflow/.local/lib/python3.7/site-packages/airflow/example_dags/example_params_trigger_ui.py
[2023-07-02T01:23:27.713+0000] {processor.py:836} INFO - DAG(s) dict_keys(['example_params_trigger_ui']) retrieved from /home/airflow/.local/lib/python3.7/site-packages/airflow/example_dags/example_params_trigger_ui.py
[2023-07-02T01:23:28.014+0000] {logging_mixin.py:149} INFO - [2023-07-02T01:23:28.014+0000] {dag.py:2726} INFO - Sync 1 DAGs
[2023-07-02T01:23:28.082+0000] {logging_mixin.py:149} INFO - [2023-07-02T01:23:28.082+0000] {dag.py:3490} INFO - Setting next_dagrun for example_params_trigger_ui to None, run_after=None
[2023-07-02T01:23:28.136+0000] {processor.py:179} INFO - Processing /home/airflow/.local/lib/python3.7/site-packages/airflow/example_dags/example_params_trigger_ui.py took 0.523 seconds
[2023-07-02T02:04:19.068+0000] {processor.py:157} INFO - Started process (PID=44) to work on /home/airflow/.local/lib/python3.7/site-packages/airflow/example_dags/example_params_trigger_ui.py
[2023-07-02T02:04:19.070+0000] {processor.py:826} INFO - Processing file /home/airflow/.local/lib/python3.7/site-packages/airflow/example_dags/example_params_trigger_ui.py for tasks to queue
[2023-07-02T02:04:19.071+0000] {logging_mixin.py:149} INFO - [2023-07-02T02:04:19.071+0000] {dagbag.py:541} INFO - Filling up the DagBag from /home/airflow/.local/lib/python3.7/site-packages/airflow/example_dags/example_params_trigger_ui.py
[2023-07-02T02:04:19.118+0000] {processor.py:836} INFO - DAG(s) dict_keys(['example_params_trigger_ui']) retrieved from /home/airflow/.local/lib/python3.7/site-packages/airflow/example_dags/example_params_trigger_ui.py
[2023-07-02T02:04:19.310+0000] {logging_mixin.py:149} INFO - [2023-07-02T02:04:19.309+0000] {dag.py:2726} INFO - Sync 1 DAGs
[2023-07-02T02:04:19.356+0000] {logging_mixin.py:149} INFO - [2023-07-02T02:04:19.356+0000] {dag.py:3490} INFO - Setting next_dagrun for example_params_trigger_ui to None, run_after=None
[2023-07-02T02:04:19.392+0000] {processor.py:179} INFO - Processing /home/airflow/.local/lib/python3.7/site-packages/airflow/example_dags/example_params_trigger_ui.py took 0.328 seconds
[2023-07-02T02:04:50.295+0000] {processor.py:157} INFO - Started process (PID=103) to work on /home/airflow/.local/lib/python3.7/site-packages/airflow/example_dags/example_params_trigger_ui.py
[2023-07-02T02:04:50.296+0000] {processor.py:826} INFO - Processing file /home/airflow/.local/lib/python3.7/site-packages/airflow/example_dags/example_params_trigger_ui.py for tasks to queue
[2023-07-02T02:04:50.297+0000] {logging_mixin.py:149} INFO - [2023-07-02T02:04:50.297+0000] {dagbag.py:541} INFO - Filling up the DagBag from /home/airflow/.local/lib/python3.7/site-packages/airflow/example_dags/example_params_trigger_ui.py
[2023-07-02T02:04:50.323+0000] {processor.py:836} INFO - DAG(s) dict_keys(['example_params_trigger_ui']) retrieved from /home/airflow/.local/lib/python3.7/site-packages/airflow/example_dags/example_params_trigger_ui.py
[2023-07-02T02:04:50.448+0000] {logging_mixin.py:149} INFO - [2023-07-02T02:04:50.447+0000] {dag.py:2726} INFO - Sync 1 DAGs
[2023-07-02T02:04:50.482+0000] {logging_mixin.py:149} INFO - [2023-07-02T02:04:50.482+0000] {dag.py:3490} INFO - Setting next_dagrun for example_params_trigger_ui to None, run_after=None
[2023-07-02T02:04:50.517+0000] {processor.py:179} INFO - Processing /home/airflow/.local/lib/python3.7/site-packages/airflow/example_dags/example_params_trigger_ui.py took 0.226 seconds
[2023-07-02T02:05:21.097+0000] {processor.py:157} INFO - Started process (PID=160) to work on /home/airflow/.local/lib/python3.7/site-packages/airflow/example_dags/example_params_trigger_ui.py
[2023-07-02T02:05:21.099+0000] {processor.py:826} INFO - Processing file /home/airflow/.local/lib/python3.7/site-packages/airflow/example_dags/example_params_trigger_ui.py for tasks to queue
[2023-07-02T02:05:21.102+0000] {logging_mixin.py:149} INFO - [2023-07-02T02:05:21.102+0000] {dagbag.py:541} INFO - Filling up the DagBag from /home/airflow/.local/lib/python3.7/site-packages/airflow/example_dags/example_params_trigger_ui.py
[2023-07-02T02:05:21.173+0000] {processor.py:836} INFO - DAG(s) dict_keys(['example_params_trigger_ui']) retrieved from /home/airflow/.local/lib/python3.7/site-packages/airflow/example_dags/example_params_trigger_ui.py
[2023-07-02T02:05:21.568+0000] {logging_mixin.py:149} INFO - [2023-07-02T02:05:21.567+0000] {dag.py:2726} INFO - Sync 1 DAGs
[2023-07-02T02:05:21.623+0000] {logging_mixin.py:149} INFO - [2023-07-02T02:05:21.623+0000] {dag.py:3490} INFO - Setting next_dagrun for example_params_trigger_ui to None, run_after=None
[2023-07-02T02:05:21.659+0000] {processor.py:179} INFO - Processing /home/airflow/.local/lib/python3.7/site-packages/airflow/example_dags/example_params_trigger_ui.py took 0.575 seconds
[2023-07-02T02:05:52.051+0000] {processor.py:157} INFO - Started process (PID=219) to work on /home/airflow/.local/lib/python3.7/site-packages/airflow/example_dags/example_params_trigger_ui.py
[2023-07-02T02:05:52.053+0000] {processor.py:826} INFO - Processing file /home/airflow/.local/lib/python3.7/site-packages/airflow/example_dags/example_params_trigger_ui.py for tasks to queue
[2023-07-02T02:05:52.054+0000] {logging_mixin.py:149} INFO - [2023-07-02T02:05:52.054+0000] {dagbag.py:541} INFO - Filling up the DagBag from /home/airflow/.local/lib/python3.7/site-packages/airflow/example_dags/example_params_trigger_ui.py
[2023-07-02T02:05:52.083+0000] {processor.py:836} INFO - DAG(s) dict_keys(['example_params_trigger_ui']) retrieved from /home/airflow/.local/lib/python3.7/site-packages/airflow/example_dags/example_params_trigger_ui.py
[2023-07-02T02:05:52.203+0000] {logging_mixin.py:149} INFO - [2023-07-02T02:05:52.203+0000] {dag.py:2726} INFO - Sync 1 DAGs
[2023-07-02T02:05:52.243+0000] {logging_mixin.py:149} INFO - [2023-07-02T02:05:52.243+0000] {dag.py:3490} INFO - Setting next_dagrun for example_params_trigger_ui to None, run_after=None
[2023-07-02T02:05:52.272+0000] {processor.py:179} INFO - Processing /home/airflow/.local/lib/python3.7/site-packages/airflow/example_dags/example_params_trigger_ui.py took 0.226 seconds
[2023-07-02T02:06:23.130+0000] {processor.py:157} INFO - Started process (PID=277) to work on /home/airflow/.local/lib/python3.7/site-packages/airflow/example_dags/example_params_trigger_ui.py
[2023-07-02T02:06:23.132+0000] {processor.py:826} INFO - Processing file /home/airflow/.local/lib/python3.7/site-packages/airflow/example_dags/example_params_trigger_ui.py for tasks to queue
[2023-07-02T02:06:23.133+0000] {logging_mixin.py:149} INFO - [2023-07-02T02:06:23.133+0000] {dagbag.py:541} INFO - Filling up the DagBag from /home/airflow/.local/lib/python3.7/site-packages/airflow/example_dags/example_params_trigger_ui.py
[2023-07-02T02:06:23.161+0000] {processor.py:836} INFO - DAG(s) dict_keys(['example_params_trigger_ui']) retrieved from /home/airflow/.local/lib/python3.7/site-packages/airflow/example_dags/example_params_trigger_ui.py
[2023-07-02T02:06:23.292+0000] {logging_mixin.py:149} INFO - [2023-07-02T02:06:23.292+0000] {dag.py:2726} INFO - Sync 1 DAGs
[2023-07-02T02:06:23.330+0000] {logging_mixin.py:149} INFO - [2023-07-02T02:06:23.330+0000] {dag.py:3490} INFO - Setting next_dagrun for example_params_trigger_ui to None, run_after=None
[2023-07-02T02:06:23.359+0000] {processor.py:179} INFO - Processing /home/airflow/.local/lib/python3.7/site-packages/airflow/example_dags/example_params_trigger_ui.py took 0.232 seconds
[2023-07-02T02:06:53.419+0000] {processor.py:157} INFO - Started process (PID=336) to work on /home/airflow/.local/lib/python3.7/site-packages/airflow/example_dags/example_params_trigger_ui.py
[2023-07-02T02:06:53.420+0000] {processor.py:826} INFO - Processing file /home/airflow/.local/lib/python3.7/site-packages/airflow/example_dags/example_params_trigger_ui.py for tasks to queue
[2023-07-02T02:06:53.421+0000] {logging_mixin.py:149} INFO - [2023-07-02T02:06:53.421+0000] {dagbag.py:541} INFO - Filling up the DagBag from /home/airflow/.local/lib/python3.7/site-packages/airflow/example_dags/example_params_trigger_ui.py
[2023-07-02T02:06:53.450+0000] {processor.py:836} INFO - DAG(s) dict_keys(['example_params_trigger_ui']) retrieved from /home/airflow/.local/lib/python3.7/site-packages/airflow/example_dags/example_params_trigger_ui.py
[2023-07-02T02:06:53.563+0000] {logging_mixin.py:149} INFO - [2023-07-02T02:06:53.563+0000] {dag.py:2726} INFO - Sync 1 DAGs
[2023-07-02T02:06:53.591+0000] {logging_mixin.py:149} INFO - [2023-07-02T02:06:53.591+0000] {dag.py:3490} INFO - Setting next_dagrun for example_params_trigger_ui to None, run_after=None
[2023-07-02T02:06:53.615+0000] {processor.py:179} INFO - Processing /home/airflow/.local/lib/python3.7/site-packages/airflow/example_dags/example_params_trigger_ui.py took 0.200 seconds
[2023-07-02T02:12:39.441+0000] {processor.py:157} INFO - Started process (PID=44) to work on /home/airflow/.local/lib/python3.7/site-packages/airflow/example_dags/example_params_trigger_ui.py
[2023-07-02T02:12:39.443+0000] {processor.py:826} INFO - Processing file /home/airflow/.local/lib/python3.7/site-packages/airflow/example_dags/example_params_trigger_ui.py for tasks to queue
[2023-07-02T02:12:39.445+0000] {logging_mixin.py:149} INFO - [2023-07-02T02:12:39.445+0000] {dagbag.py:541} INFO - Filling up the DagBag from /home/airflow/.local/lib/python3.7/site-packages/airflow/example_dags/example_params_trigger_ui.py
[2023-07-02T02:12:39.478+0000] {processor.py:836} INFO - DAG(s) dict_keys(['example_params_trigger_ui']) retrieved from /home/airflow/.local/lib/python3.7/site-packages/airflow/example_dags/example_params_trigger_ui.py
[2023-07-02T02:12:39.734+0000] {logging_mixin.py:149} INFO - [2023-07-02T02:12:39.733+0000] {dag.py:2726} INFO - Sync 1 DAGs
[2023-07-02T02:12:39.767+0000] {logging_mixin.py:149} INFO - [2023-07-02T02:12:39.767+0000] {dag.py:3490} INFO - Setting next_dagrun for example_params_trigger_ui to None, run_after=None
[2023-07-02T02:12:39.799+0000] {processor.py:179} INFO - Processing /home/airflow/.local/lib/python3.7/site-packages/airflow/example_dags/example_params_trigger_ui.py took 0.362 seconds
[2023-07-02T02:13:10.638+0000] {processor.py:157} INFO - Started process (PID=105) to work on /home/airflow/.local/lib/python3.7/site-packages/airflow/example_dags/example_params_trigger_ui.py
[2023-07-02T02:13:10.640+0000] {processor.py:826} INFO - Processing file /home/airflow/.local/lib/python3.7/site-packages/airflow/example_dags/example_params_trigger_ui.py for tasks to queue
[2023-07-02T02:13:10.641+0000] {logging_mixin.py:149} INFO - [2023-07-02T02:13:10.641+0000] {dagbag.py:541} INFO - Filling up the DagBag from /home/airflow/.local/lib/python3.7/site-packages/airflow/example_dags/example_params_trigger_ui.py
[2023-07-02T02:13:10.673+0000] {processor.py:836} INFO - DAG(s) dict_keys(['example_params_trigger_ui']) retrieved from /home/airflow/.local/lib/python3.7/site-packages/airflow/example_dags/example_params_trigger_ui.py
[2023-07-02T02:13:10.790+0000] {logging_mixin.py:149} INFO - [2023-07-02T02:13:10.790+0000] {dag.py:2726} INFO - Sync 1 DAGs
[2023-07-02T02:13:10.823+0000] {logging_mixin.py:149} INFO - [2023-07-02T02:13:10.823+0000] {dag.py:3490} INFO - Setting next_dagrun for example_params_trigger_ui to None, run_after=None
[2023-07-02T02:13:10.846+0000] {processor.py:179} INFO - Processing /home/airflow/.local/lib/python3.7/site-packages/airflow/example_dags/example_params_trigger_ui.py took 0.214 seconds
[2023-07-02T02:13:40.913+0000] {processor.py:157} INFO - Started process (PID=163) to work on /home/airflow/.local/lib/python3.7/site-packages/airflow/example_dags/example_params_trigger_ui.py
[2023-07-02T02:13:40.915+0000] {processor.py:826} INFO - Processing file /home/airflow/.local/lib/python3.7/site-packages/airflow/example_dags/example_params_trigger_ui.py for tasks to queue
[2023-07-02T02:13:40.917+0000] {logging_mixin.py:149} INFO - [2023-07-02T02:13:40.917+0000] {dagbag.py:541} INFO - Filling up the DagBag from /home/airflow/.local/lib/python3.7/site-packages/airflow/example_dags/example_params_trigger_ui.py
[2023-07-02T02:13:40.952+0000] {processor.py:836} INFO - DAG(s) dict_keys(['example_params_trigger_ui']) retrieved from /home/airflow/.local/lib/python3.7/site-packages/airflow/example_dags/example_params_trigger_ui.py
[2023-07-02T02:13:41.071+0000] {logging_mixin.py:149} INFO - [2023-07-02T02:13:41.071+0000] {dag.py:2726} INFO - Sync 1 DAGs
[2023-07-02T02:13:41.105+0000] {logging_mixin.py:149} INFO - [2023-07-02T02:13:41.104+0000] {dag.py:3490} INFO - Setting next_dagrun for example_params_trigger_ui to None, run_after=None
[2023-07-02T02:13:41.127+0000] {processor.py:179} INFO - Processing /home/airflow/.local/lib/python3.7/site-packages/airflow/example_dags/example_params_trigger_ui.py took 0.219 seconds
[2023-07-02T02:14:11.319+0000] {processor.py:157} INFO - Started process (PID=221) to work on /home/airflow/.local/lib/python3.7/site-packages/airflow/example_dags/example_params_trigger_ui.py
[2023-07-02T02:14:11.321+0000] {processor.py:826} INFO - Processing file /home/airflow/.local/lib/python3.7/site-packages/airflow/example_dags/example_params_trigger_ui.py for tasks to queue
[2023-07-02T02:14:11.324+0000] {logging_mixin.py:149} INFO - [2023-07-02T02:14:11.324+0000] {dagbag.py:541} INFO - Filling up the DagBag from /home/airflow/.local/lib/python3.7/site-packages/airflow/example_dags/example_params_trigger_ui.py
[2023-07-02T02:14:11.360+0000] {processor.py:836} INFO - DAG(s) dict_keys(['example_params_trigger_ui']) retrieved from /home/airflow/.local/lib/python3.7/site-packages/airflow/example_dags/example_params_trigger_ui.py
[2023-07-02T02:14:11.495+0000] {logging_mixin.py:149} INFO - [2023-07-02T02:14:11.495+0000] {dag.py:2726} INFO - Sync 1 DAGs
[2023-07-02T02:14:11.530+0000] {logging_mixin.py:149} INFO - [2023-07-02T02:14:11.529+0000] {dag.py:3490} INFO - Setting next_dagrun for example_params_trigger_ui to None, run_after=None
[2023-07-02T02:14:11.553+0000] {processor.py:179} INFO - Processing /home/airflow/.local/lib/python3.7/site-packages/airflow/example_dags/example_params_trigger_ui.py took 0.240 seconds
[2023-07-02T02:14:42.365+0000] {processor.py:157} INFO - Started process (PID=279) to work on /home/airflow/.local/lib/python3.7/site-packages/airflow/example_dags/example_params_trigger_ui.py
[2023-07-02T02:14:42.367+0000] {processor.py:826} INFO - Processing file /home/airflow/.local/lib/python3.7/site-packages/airflow/example_dags/example_params_trigger_ui.py for tasks to queue
[2023-07-02T02:14:42.368+0000] {logging_mixin.py:149} INFO - [2023-07-02T02:14:42.368+0000] {dagbag.py:541} INFO - Filling up the DagBag from /home/airflow/.local/lib/python3.7/site-packages/airflow/example_dags/example_params_trigger_ui.py
[2023-07-02T02:14:42.400+0000] {processor.py:836} INFO - DAG(s) dict_keys(['example_params_trigger_ui']) retrieved from /home/airflow/.local/lib/python3.7/site-packages/airflow/example_dags/example_params_trigger_ui.py
[2023-07-02T02:14:42.688+0000] {logging_mixin.py:149} INFO - [2023-07-02T02:14:42.687+0000] {dag.py:2726} INFO - Sync 1 DAGs
[2023-07-02T02:14:42.725+0000] {logging_mixin.py:149} INFO - [2023-07-02T02:14:42.725+0000] {dag.py:3490} INFO - Setting next_dagrun for example_params_trigger_ui to None, run_after=None
[2023-07-02T02:14:42.756+0000] {processor.py:179} INFO - Processing /home/airflow/.local/lib/python3.7/site-packages/airflow/example_dags/example_params_trigger_ui.py took 0.396 seconds
[2023-07-02T02:15:13.123+0000] {processor.py:157} INFO - Started process (PID=337) to work on /home/airflow/.local/lib/python3.7/site-packages/airflow/example_dags/example_params_trigger_ui.py
[2023-07-02T02:15:13.124+0000] {processor.py:826} INFO - Processing file /home/airflow/.local/lib/python3.7/site-packages/airflow/example_dags/example_params_trigger_ui.py for tasks to queue
[2023-07-02T02:15:13.125+0000] {logging_mixin.py:149} INFO - [2023-07-02T02:15:13.125+0000] {dagbag.py:541} INFO - Filling up the DagBag from /home/airflow/.local/lib/python3.7/site-packages/airflow/example_dags/example_params_trigger_ui.py
[2023-07-02T02:15:13.156+0000] {processor.py:836} INFO - DAG(s) dict_keys(['example_params_trigger_ui']) retrieved from /home/airflow/.local/lib/python3.7/site-packages/airflow/example_dags/example_params_trigger_ui.py
[2023-07-02T02:15:13.263+0000] {logging_mixin.py:149} INFO - [2023-07-02T02:15:13.263+0000] {dag.py:2726} INFO - Sync 1 DAGs
[2023-07-02T02:15:13.297+0000] {logging_mixin.py:149} INFO - [2023-07-02T02:15:13.297+0000] {dag.py:3490} INFO - Setting next_dagrun for example_params_trigger_ui to None, run_after=None
[2023-07-02T02:15:13.321+0000] {processor.py:179} INFO - Processing /home/airflow/.local/lib/python3.7/site-packages/airflow/example_dags/example_params_trigger_ui.py took 0.202 seconds
[2023-07-02T02:15:43.863+0000] {processor.py:157} INFO - Started process (PID=394) to work on /home/airflow/.local/lib/python3.7/site-packages/airflow/example_dags/example_params_trigger_ui.py
[2023-07-02T02:15:43.864+0000] {processor.py:826} INFO - Processing file /home/airflow/.local/lib/python3.7/site-packages/airflow/example_dags/example_params_trigger_ui.py for tasks to queue
[2023-07-02T02:15:43.865+0000] {logging_mixin.py:149} INFO - [2023-07-02T02:15:43.865+0000] {dagbag.py:541} INFO - Filling up the DagBag from /home/airflow/.local/lib/python3.7/site-packages/airflow/example_dags/example_params_trigger_ui.py
[2023-07-02T02:15:43.898+0000] {processor.py:836} INFO - DAG(s) dict_keys(['example_params_trigger_ui']) retrieved from /home/airflow/.local/lib/python3.7/site-packages/airflow/example_dags/example_params_trigger_ui.py
[2023-07-02T02:15:44.099+0000] {logging_mixin.py:149} INFO - [2023-07-02T02:15:44.099+0000] {dag.py:2726} INFO - Sync 1 DAGs
[2023-07-02T02:15:44.129+0000] {logging_mixin.py:149} INFO - [2023-07-02T02:15:44.129+0000] {dag.py:3490} INFO - Setting next_dagrun for example_params_trigger_ui to None, run_after=None
[2023-07-02T02:15:44.152+0000] {processor.py:179} INFO - Processing /home/airflow/.local/lib/python3.7/site-packages/airflow/example_dags/example_params_trigger_ui.py took 0.293 seconds
[2023-07-02T02:16:14.263+0000] {processor.py:157} INFO - Started process (PID=453) to work on /home/airflow/.local/lib/python3.7/site-packages/airflow/example_dags/example_params_trigger_ui.py
[2023-07-02T02:16:14.264+0000] {processor.py:826} INFO - Processing file /home/airflow/.local/lib/python3.7/site-packages/airflow/example_dags/example_params_trigger_ui.py for tasks to queue
[2023-07-02T02:16:14.265+0000] {logging_mixin.py:149} INFO - [2023-07-02T02:16:14.265+0000] {dagbag.py:541} INFO - Filling up the DagBag from /home/airflow/.local/lib/python3.7/site-packages/airflow/example_dags/example_params_trigger_ui.py
[2023-07-02T02:16:14.293+0000] {processor.py:836} INFO - DAG(s) dict_keys(['example_params_trigger_ui']) retrieved from /home/airflow/.local/lib/python3.7/site-packages/airflow/example_dags/example_params_trigger_ui.py
[2023-07-02T02:16:14.390+0000] {logging_mixin.py:149} INFO - [2023-07-02T02:16:14.390+0000] {dag.py:2726} INFO - Sync 1 DAGs
[2023-07-02T02:16:14.418+0000] {logging_mixin.py:149} INFO - [2023-07-02T02:16:14.418+0000] {dag.py:3490} INFO - Setting next_dagrun for example_params_trigger_ui to None, run_after=None
[2023-07-02T02:16:14.439+0000] {processor.py:179} INFO - Processing /home/airflow/.local/lib/python3.7/site-packages/airflow/example_dags/example_params_trigger_ui.py took 0.181 seconds
[2023-07-02T02:16:44.774+0000] {processor.py:157} INFO - Started process (PID=512) to work on /home/airflow/.local/lib/python3.7/site-packages/airflow/example_dags/example_params_trigger_ui.py
[2023-07-02T02:16:44.775+0000] {processor.py:826} INFO - Processing file /home/airflow/.local/lib/python3.7/site-packages/airflow/example_dags/example_params_trigger_ui.py for tasks to queue
[2023-07-02T02:16:44.777+0000] {logging_mixin.py:149} INFO - [2023-07-02T02:16:44.776+0000] {dagbag.py:541} INFO - Filling up the DagBag from /home/airflow/.local/lib/python3.7/site-packages/airflow/example_dags/example_params_trigger_ui.py
[2023-07-02T02:16:44.808+0000] {processor.py:836} INFO - DAG(s) dict_keys(['example_params_trigger_ui']) retrieved from /home/airflow/.local/lib/python3.7/site-packages/airflow/example_dags/example_params_trigger_ui.py
[2023-07-02T02:16:44.955+0000] {logging_mixin.py:149} INFO - [2023-07-02T02:16:44.955+0000] {dag.py:2726} INFO - Sync 1 DAGs
[2023-07-02T02:16:44.997+0000] {logging_mixin.py:149} INFO - [2023-07-02T02:16:44.997+0000] {dag.py:3490} INFO - Setting next_dagrun for example_params_trigger_ui to None, run_after=None
[2023-07-02T02:16:45.032+0000] {processor.py:179} INFO - Processing /home/airflow/.local/lib/python3.7/site-packages/airflow/example_dags/example_params_trigger_ui.py took 0.263 seconds
[2023-07-02T02:17:15.293+0000] {processor.py:157} INFO - Started process (PID=570) to work on /home/airflow/.local/lib/python3.7/site-packages/airflow/example_dags/example_params_trigger_ui.py
[2023-07-02T02:17:15.295+0000] {processor.py:826} INFO - Processing file /home/airflow/.local/lib/python3.7/site-packages/airflow/example_dags/example_params_trigger_ui.py for tasks to queue
[2023-07-02T02:17:15.296+0000] {logging_mixin.py:149} INFO - [2023-07-02T02:17:15.296+0000] {dagbag.py:541} INFO - Filling up the DagBag from /home/airflow/.local/lib/python3.7/site-packages/airflow/example_dags/example_params_trigger_ui.py
[2023-07-02T02:17:15.328+0000] {processor.py:836} INFO - DAG(s) dict_keys(['example_params_trigger_ui']) retrieved from /home/airflow/.local/lib/python3.7/site-packages/airflow/example_dags/example_params_trigger_ui.py
[2023-07-02T02:17:15.475+0000] {logging_mixin.py:149} INFO - [2023-07-02T02:17:15.475+0000] {dag.py:2726} INFO - Sync 1 DAGs
[2023-07-02T02:17:15.542+0000] {logging_mixin.py:149} INFO - [2023-07-02T02:17:15.541+0000] {dag.py:3490} INFO - Setting next_dagrun for example_params_trigger_ui to None, run_after=None
[2023-07-02T02:17:15.589+0000] {processor.py:179} INFO - Processing /home/airflow/.local/lib/python3.7/site-packages/airflow/example_dags/example_params_trigger_ui.py took 0.300 seconds
[2023-07-02T02:17:46.288+0000] {processor.py:157} INFO - Started process (PID=629) to work on /home/airflow/.local/lib/python3.7/site-packages/airflow/example_dags/example_params_trigger_ui.py
[2023-07-02T02:17:46.290+0000] {processor.py:826} INFO - Processing file /home/airflow/.local/lib/python3.7/site-packages/airflow/example_dags/example_params_trigger_ui.py for tasks to queue
[2023-07-02T02:17:46.291+0000] {logging_mixin.py:149} INFO - [2023-07-02T02:17:46.291+0000] {dagbag.py:541} INFO - Filling up the DagBag from /home/airflow/.local/lib/python3.7/site-packages/airflow/example_dags/example_params_trigger_ui.py
[2023-07-02T02:17:46.321+0000] {processor.py:836} INFO - DAG(s) dict_keys(['example_params_trigger_ui']) retrieved from /home/airflow/.local/lib/python3.7/site-packages/airflow/example_dags/example_params_trigger_ui.py
[2023-07-02T02:17:46.430+0000] {logging_mixin.py:149} INFO - [2023-07-02T02:17:46.430+0000] {dag.py:2726} INFO - Sync 1 DAGs
[2023-07-02T02:17:46.461+0000] {logging_mixin.py:149} INFO - [2023-07-02T02:17:46.461+0000] {dag.py:3490} INFO - Setting next_dagrun for example_params_trigger_ui to None, run_after=None
[2023-07-02T02:17:46.484+0000] {processor.py:179} INFO - Processing /home/airflow/.local/lib/python3.7/site-packages/airflow/example_dags/example_params_trigger_ui.py took 0.200 seconds
[2023-07-02T02:18:16.725+0000] {processor.py:157} INFO - Started process (PID=688) to work on /home/airflow/.local/lib/python3.7/site-packages/airflow/example_dags/example_params_trigger_ui.py
[2023-07-02T02:18:16.727+0000] {processor.py:826} INFO - Processing file /home/airflow/.local/lib/python3.7/site-packages/airflow/example_dags/example_params_trigger_ui.py for tasks to queue
[2023-07-02T02:18:16.728+0000] {logging_mixin.py:149} INFO - [2023-07-02T02:18:16.728+0000] {dagbag.py:541} INFO - Filling up the DagBag from /home/airflow/.local/lib/python3.7/site-packages/airflow/example_dags/example_params_trigger_ui.py
[2023-07-02T02:18:16.757+0000] {processor.py:836} INFO - DAG(s) dict_keys(['example_params_trigger_ui']) retrieved from /home/airflow/.local/lib/python3.7/site-packages/airflow/example_dags/example_params_trigger_ui.py
[2023-07-02T02:18:16.860+0000] {logging_mixin.py:149} INFO - [2023-07-02T02:18:16.860+0000] {dag.py:2726} INFO - Sync 1 DAGs
[2023-07-02T02:18:16.889+0000] {logging_mixin.py:149} INFO - [2023-07-02T02:18:16.889+0000] {dag.py:3490} INFO - Setting next_dagrun for example_params_trigger_ui to None, run_after=None
[2023-07-02T02:18:16.916+0000] {processor.py:179} INFO - Processing /home/airflow/.local/lib/python3.7/site-packages/airflow/example_dags/example_params_trigger_ui.py took 0.195 seconds
[2023-07-02T02:18:47.209+0000] {processor.py:157} INFO - Started process (PID=746) to work on /home/airflow/.local/lib/python3.7/site-packages/airflow/example_dags/example_params_trigger_ui.py
[2023-07-02T02:18:47.210+0000] {processor.py:826} INFO - Processing file /home/airflow/.local/lib/python3.7/site-packages/airflow/example_dags/example_params_trigger_ui.py for tasks to queue
[2023-07-02T02:18:47.212+0000] {logging_mixin.py:149} INFO - [2023-07-02T02:18:47.211+0000] {dagbag.py:541} INFO - Filling up the DagBag from /home/airflow/.local/lib/python3.7/site-packages/airflow/example_dags/example_params_trigger_ui.py
[2023-07-02T02:18:47.241+0000] {processor.py:836} INFO - DAG(s) dict_keys(['example_params_trigger_ui']) retrieved from /home/airflow/.local/lib/python3.7/site-packages/airflow/example_dags/example_params_trigger_ui.py
[2023-07-02T02:18:47.354+0000] {logging_mixin.py:149} INFO - [2023-07-02T02:18:47.354+0000] {dag.py:2726} INFO - Sync 1 DAGs
[2023-07-02T02:18:47.393+0000] {logging_mixin.py:149} INFO - [2023-07-02T02:18:47.393+0000] {dag.py:3490} INFO - Setting next_dagrun for example_params_trigger_ui to None, run_after=None
[2023-07-02T02:18:47.425+0000] {processor.py:179} INFO - Processing /home/airflow/.local/lib/python3.7/site-packages/airflow/example_dags/example_params_trigger_ui.py took 0.220 seconds
[2023-07-02T02:19:17.568+0000] {processor.py:157} INFO - Started process (PID=804) to work on /home/airflow/.local/lib/python3.7/site-packages/airflow/example_dags/example_params_trigger_ui.py
[2023-07-02T02:19:17.569+0000] {processor.py:826} INFO - Processing file /home/airflow/.local/lib/python3.7/site-packages/airflow/example_dags/example_params_trigger_ui.py for tasks to queue
[2023-07-02T02:19:17.570+0000] {logging_mixin.py:149} INFO - [2023-07-02T02:19:17.570+0000] {dagbag.py:541} INFO - Filling up the DagBag from /home/airflow/.local/lib/python3.7/site-packages/airflow/example_dags/example_params_trigger_ui.py
[2023-07-02T02:19:17.600+0000] {processor.py:836} INFO - DAG(s) dict_keys(['example_params_trigger_ui']) retrieved from /home/airflow/.local/lib/python3.7/site-packages/airflow/example_dags/example_params_trigger_ui.py
[2023-07-02T02:19:17.717+0000] {logging_mixin.py:149} INFO - [2023-07-02T02:19:17.716+0000] {dag.py:2726} INFO - Sync 1 DAGs
[2023-07-02T02:19:17.753+0000] {logging_mixin.py:149} INFO - [2023-07-02T02:19:17.753+0000] {dag.py:3490} INFO - Setting next_dagrun for example_params_trigger_ui to None, run_after=None
[2023-07-02T02:19:17.778+0000] {processor.py:179} INFO - Processing /home/airflow/.local/lib/python3.7/site-packages/airflow/example_dags/example_params_trigger_ui.py took 0.214 seconds
[2023-07-02T02:19:47.830+0000] {processor.py:157} INFO - Started process (PID=863) to work on /home/airflow/.local/lib/python3.7/site-packages/airflow/example_dags/example_params_trigger_ui.py
[2023-07-02T02:19:47.831+0000] {processor.py:826} INFO - Processing file /home/airflow/.local/lib/python3.7/site-packages/airflow/example_dags/example_params_trigger_ui.py for tasks to queue
[2023-07-02T02:19:47.833+0000] {logging_mixin.py:149} INFO - [2023-07-02T02:19:47.833+0000] {dagbag.py:541} INFO - Filling up the DagBag from /home/airflow/.local/lib/python3.7/site-packages/airflow/example_dags/example_params_trigger_ui.py
[2023-07-02T02:19:47.869+0000] {processor.py:836} INFO - DAG(s) dict_keys(['example_params_trigger_ui']) retrieved from /home/airflow/.local/lib/python3.7/site-packages/airflow/example_dags/example_params_trigger_ui.py
[2023-07-02T02:19:48.005+0000] {logging_mixin.py:149} INFO - [2023-07-02T02:19:48.005+0000] {dag.py:2726} INFO - Sync 1 DAGs
[2023-07-02T02:19:48.049+0000] {logging_mixin.py:149} INFO - [2023-07-02T02:19:48.049+0000] {dag.py:3490} INFO - Setting next_dagrun for example_params_trigger_ui to None, run_after=None
[2023-07-02T02:19:48.086+0000] {processor.py:179} INFO - Processing /home/airflow/.local/lib/python3.7/site-packages/airflow/example_dags/example_params_trigger_ui.py took 0.262 seconds
[2023-07-02T02:20:18.250+0000] {processor.py:157} INFO - Started process (PID=923) to work on /home/airflow/.local/lib/python3.7/site-packages/airflow/example_dags/example_params_trigger_ui.py
[2023-07-02T02:20:18.251+0000] {processor.py:826} INFO - Processing file /home/airflow/.local/lib/python3.7/site-packages/airflow/example_dags/example_params_trigger_ui.py for tasks to queue
[2023-07-02T02:20:18.252+0000] {logging_mixin.py:149} INFO - [2023-07-02T02:20:18.252+0000] {dagbag.py:541} INFO - Filling up the DagBag from /home/airflow/.local/lib/python3.7/site-packages/airflow/example_dags/example_params_trigger_ui.py
[2023-07-02T02:20:18.282+0000] {processor.py:836} INFO - DAG(s) dict_keys(['example_params_trigger_ui']) retrieved from /home/airflow/.local/lib/python3.7/site-packages/airflow/example_dags/example_params_trigger_ui.py
[2023-07-02T02:20:18.392+0000] {logging_mixin.py:149} INFO - [2023-07-02T02:20:18.392+0000] {dag.py:2726} INFO - Sync 1 DAGs
[2023-07-02T02:20:18.428+0000] {logging_mixin.py:149} INFO - [2023-07-02T02:20:18.428+0000] {dag.py:3490} INFO - Setting next_dagrun for example_params_trigger_ui to None, run_after=None
[2023-07-02T02:20:18.452+0000] {processor.py:179} INFO - Processing /home/airflow/.local/lib/python3.7/site-packages/airflow/example_dags/example_params_trigger_ui.py took 0.207 seconds
[2023-07-02T02:20:48.653+0000] {processor.py:157} INFO - Started process (PID=981) to work on /home/airflow/.local/lib/python3.7/site-packages/airflow/example_dags/example_params_trigger_ui.py
[2023-07-02T02:20:48.655+0000] {processor.py:826} INFO - Processing file /home/airflow/.local/lib/python3.7/site-packages/airflow/example_dags/example_params_trigger_ui.py for tasks to queue
[2023-07-02T02:20:48.656+0000] {logging_mixin.py:149} INFO - [2023-07-02T02:20:48.656+0000] {dagbag.py:541} INFO - Filling up the DagBag from /home/airflow/.local/lib/python3.7/site-packages/airflow/example_dags/example_params_trigger_ui.py
[2023-07-02T02:20:48.686+0000] {processor.py:836} INFO - DAG(s) dict_keys(['example_params_trigger_ui']) retrieved from /home/airflow/.local/lib/python3.7/site-packages/airflow/example_dags/example_params_trigger_ui.py
[2023-07-02T02:20:48.790+0000] {logging_mixin.py:149} INFO - [2023-07-02T02:20:48.789+0000] {dag.py:2726} INFO - Sync 1 DAGs
[2023-07-02T02:20:48.822+0000] {logging_mixin.py:149} INFO - [2023-07-02T02:20:48.822+0000] {dag.py:3490} INFO - Setting next_dagrun for example_params_trigger_ui to None, run_after=None
[2023-07-02T02:20:48.846+0000] {processor.py:179} INFO - Processing /home/airflow/.local/lib/python3.7/site-packages/airflow/example_dags/example_params_trigger_ui.py took 0.196 seconds
[2023-07-02T02:21:18.899+0000] {processor.py:157} INFO - Started process (PID=1037) to work on /home/airflow/.local/lib/python3.7/site-packages/airflow/example_dags/example_params_trigger_ui.py
[2023-07-02T02:21:18.900+0000] {processor.py:826} INFO - Processing file /home/airflow/.local/lib/python3.7/site-packages/airflow/example_dags/example_params_trigger_ui.py for tasks to queue
[2023-07-02T02:21:18.901+0000] {logging_mixin.py:149} INFO - [2023-07-02T02:21:18.901+0000] {dagbag.py:541} INFO - Filling up the DagBag from /home/airflow/.local/lib/python3.7/site-packages/airflow/example_dags/example_params_trigger_ui.py
[2023-07-02T02:21:18.933+0000] {processor.py:836} INFO - DAG(s) dict_keys(['example_params_trigger_ui']) retrieved from /home/airflow/.local/lib/python3.7/site-packages/airflow/example_dags/example_params_trigger_ui.py
[2023-07-02T02:21:19.040+0000] {logging_mixin.py:149} INFO - [2023-07-02T02:21:19.039+0000] {dag.py:2726} INFO - Sync 1 DAGs
[2023-07-02T02:21:19.072+0000] {logging_mixin.py:149} INFO - [2023-07-02T02:21:19.072+0000] {dag.py:3490} INFO - Setting next_dagrun for example_params_trigger_ui to None, run_after=None
[2023-07-02T02:21:19.099+0000] {processor.py:179} INFO - Processing /home/airflow/.local/lib/python3.7/site-packages/airflow/example_dags/example_params_trigger_ui.py took 0.204 seconds
