[2023-07-02T01:19:12.752+0000] {processor.py:157} INFO - Started process (PID=49) to work on /home/airflow/.local/lib/python3.7/site-packages/airflow/example_dags/example_short_circuit_operator.py
[2023-07-02T01:19:12.758+0000] {processor.py:826} INFO - Processing file /home/airflow/.local/lib/python3.7/site-packages/airflow/example_dags/example_short_circuit_operator.py for tasks to queue
[2023-07-02T01:19:12.763+0000] {logging_mixin.py:149} INFO - [2023-07-02T01:19:12.762+0000] {dagbag.py:541} INFO - Filling up the DagBag from /home/airflow/.local/lib/python3.7/site-packages/airflow/example_dags/example_short_circuit_operator.py
[2023-07-02T01:19:12.830+0000] {processor.py:836} INFO - DAG(s) dict_keys(['example_short_circuit_operator']) retrieved from /home/airflow/.local/lib/python3.7/site-packages/airflow/example_dags/example_short_circuit_operator.py
[2023-07-02T01:19:13.281+0000] {logging_mixin.py:149} INFO - [2023-07-02T01:19:13.281+0000] {manager.py:504} INFO - Created Permission View: can delete on DAG:example_short_circuit_operator
[2023-07-02T01:19:13.302+0000] {logging_mixin.py:149} INFO - [2023-07-02T01:19:13.302+0000] {manager.py:504} INFO - Created Permission View: can edit on DAG:example_short_circuit_operator
[2023-07-02T01:19:13.315+0000] {logging_mixin.py:149} INFO - [2023-07-02T01:19:13.315+0000] {manager.py:504} INFO - Created Permission View: can read on DAG:example_short_circuit_operator
[2023-07-02T01:19:13.357+0000] {logging_mixin.py:149} INFO - [2023-07-02T01:19:13.357+0000] {dag.py:2726} INFO - Sync 1 DAGs
[2023-07-02T01:19:13.401+0000] {logging_mixin.py:149} INFO - [2023-07-02T01:19:13.400+0000] {dag.py:2747} INFO - Creating ORM DAG for example_short_circuit_operator
[2023-07-02T01:19:13.422+0000] {logging_mixin.py:149} INFO - [2023-07-02T01:19:13.422+0000] {dag.py:3490} INFO - Setting next_dagrun for example_short_circuit_operator to 2023-07-01T01:19:13.422057+00:00, run_after=2023-07-02T01:19:13.422057+00:00
[2023-07-02T01:19:13.482+0000] {processor.py:179} INFO - Processing /home/airflow/.local/lib/python3.7/site-packages/airflow/example_dags/example_short_circuit_operator.py took 0.739 seconds
[2023-07-02T01:19:52.682+0000] {processor.py:157} INFO - Started process (PID=113) to work on /home/airflow/.local/lib/python3.7/site-packages/airflow/example_dags/example_short_circuit_operator.py
[2023-07-02T01:19:52.687+0000] {processor.py:826} INFO - Processing file /home/airflow/.local/lib/python3.7/site-packages/airflow/example_dags/example_short_circuit_operator.py for tasks to queue
[2023-07-02T01:19:52.689+0000] {logging_mixin.py:149} INFO - [2023-07-02T01:19:52.689+0000] {dagbag.py:541} INFO - Filling up the DagBag from /home/airflow/.local/lib/python3.7/site-packages/airflow/example_dags/example_short_circuit_operator.py
[2023-07-02T01:19:52.709+0000] {processor.py:836} INFO - DAG(s) dict_keys(['example_short_circuit_operator']) retrieved from /home/airflow/.local/lib/python3.7/site-packages/airflow/example_dags/example_short_circuit_operator.py
[2023-07-02T01:19:52.817+0000] {logging_mixin.py:149} INFO - [2023-07-02T01:19:52.816+0000] {dag.py:2726} INFO - Sync 1 DAGs
[2023-07-02T01:19:52.918+0000] {logging_mixin.py:149} INFO - [2023-07-02T01:19:52.918+0000] {dag.py:3490} INFO - Setting next_dagrun for example_short_circuit_operator to 2023-07-01T01:19:52.917382+00:00, run_after=2023-07-02T01:19:52.917382+00:00
[2023-07-02T01:19:53.033+0000] {processor.py:179} INFO - Processing /home/airflow/.local/lib/python3.7/site-packages/airflow/example_dags/example_short_circuit_operator.py took 0.357 seconds
[2023-07-02T01:20:23.678+0000] {processor.py:157} INFO - Started process (PID=171) to work on /home/airflow/.local/lib/python3.7/site-packages/airflow/example_dags/example_short_circuit_operator.py
[2023-07-02T01:20:23.687+0000] {processor.py:826} INFO - Processing file /home/airflow/.local/lib/python3.7/site-packages/airflow/example_dags/example_short_circuit_operator.py for tasks to queue
[2023-07-02T01:20:23.692+0000] {logging_mixin.py:149} INFO - [2023-07-02T01:20:23.692+0000] {dagbag.py:541} INFO - Filling up the DagBag from /home/airflow/.local/lib/python3.7/site-packages/airflow/example_dags/example_short_circuit_operator.py
[2023-07-02T01:20:23.725+0000] {processor.py:836} INFO - DAG(s) dict_keys(['example_short_circuit_operator']) retrieved from /home/airflow/.local/lib/python3.7/site-packages/airflow/example_dags/example_short_circuit_operator.py
[2023-07-02T01:20:23.805+0000] {logging_mixin.py:149} INFO - [2023-07-02T01:20:23.805+0000] {dag.py:2726} INFO - Sync 1 DAGs
[2023-07-02T01:20:23.871+0000] {logging_mixin.py:149} INFO - [2023-07-02T01:20:23.871+0000] {dag.py:3490} INFO - Setting next_dagrun for example_short_circuit_operator to 2023-07-01T01:20:23.870687+00:00, run_after=2023-07-02T01:20:23.870687+00:00
[2023-07-02T01:20:23.918+0000] {processor.py:179} INFO - Processing /home/airflow/.local/lib/python3.7/site-packages/airflow/example_dags/example_short_circuit_operator.py took 0.251 seconds
[2023-07-02T01:20:54.414+0000] {processor.py:157} INFO - Started process (PID=230) to work on /home/airflow/.local/lib/python3.7/site-packages/airflow/example_dags/example_short_circuit_operator.py
[2023-07-02T01:20:54.416+0000] {processor.py:826} INFO - Processing file /home/airflow/.local/lib/python3.7/site-packages/airflow/example_dags/example_short_circuit_operator.py for tasks to queue
[2023-07-02T01:20:54.418+0000] {logging_mixin.py:149} INFO - [2023-07-02T01:20:54.417+0000] {dagbag.py:541} INFO - Filling up the DagBag from /home/airflow/.local/lib/python3.7/site-packages/airflow/example_dags/example_short_circuit_operator.py
[2023-07-02T01:20:54.439+0000] {processor.py:836} INFO - DAG(s) dict_keys(['example_short_circuit_operator']) retrieved from /home/airflow/.local/lib/python3.7/site-packages/airflow/example_dags/example_short_circuit_operator.py
[2023-07-02T01:20:54.512+0000] {logging_mixin.py:149} INFO - [2023-07-02T01:20:54.512+0000] {dag.py:2726} INFO - Sync 1 DAGs
[2023-07-02T01:20:54.590+0000] {logging_mixin.py:149} INFO - [2023-07-02T01:20:54.590+0000] {dag.py:3490} INFO - Setting next_dagrun for example_short_circuit_operator to 2023-07-01T01:20:54.589797+00:00, run_after=2023-07-02T01:20:54.589797+00:00
[2023-07-02T01:20:54.630+0000] {processor.py:179} INFO - Processing /home/airflow/.local/lib/python3.7/site-packages/airflow/example_dags/example_short_circuit_operator.py took 0.225 seconds
[2023-07-02T01:21:25.012+0000] {processor.py:157} INFO - Started process (PID=289) to work on /home/airflow/.local/lib/python3.7/site-packages/airflow/example_dags/example_short_circuit_operator.py
[2023-07-02T01:21:25.013+0000] {processor.py:826} INFO - Processing file /home/airflow/.local/lib/python3.7/site-packages/airflow/example_dags/example_short_circuit_operator.py for tasks to queue
[2023-07-02T01:21:25.015+0000] {logging_mixin.py:149} INFO - [2023-07-02T01:21:25.015+0000] {dagbag.py:541} INFO - Filling up the DagBag from /home/airflow/.local/lib/python3.7/site-packages/airflow/example_dags/example_short_circuit_operator.py
[2023-07-02T01:21:25.033+0000] {processor.py:836} INFO - DAG(s) dict_keys(['example_short_circuit_operator']) retrieved from /home/airflow/.local/lib/python3.7/site-packages/airflow/example_dags/example_short_circuit_operator.py
[2023-07-02T01:21:25.095+0000] {logging_mixin.py:149} INFO - [2023-07-02T01:21:25.094+0000] {dag.py:2726} INFO - Sync 1 DAGs
[2023-07-02T01:21:25.163+0000] {logging_mixin.py:149} INFO - [2023-07-02T01:21:25.163+0000] {dag.py:3490} INFO - Setting next_dagrun for example_short_circuit_operator to 2023-07-01T01:21:25.162950+00:00, run_after=2023-07-02T01:21:25.162950+00:00
[2023-07-02T01:21:25.201+0000] {processor.py:179} INFO - Processing /home/airflow/.local/lib/python3.7/site-packages/airflow/example_dags/example_short_circuit_operator.py took 0.196 seconds
[2023-07-02T01:21:56.295+0000] {processor.py:157} INFO - Started process (PID=346) to work on /home/airflow/.local/lib/python3.7/site-packages/airflow/example_dags/example_short_circuit_operator.py
[2023-07-02T01:21:56.297+0000] {processor.py:826} INFO - Processing file /home/airflow/.local/lib/python3.7/site-packages/airflow/example_dags/example_short_circuit_operator.py for tasks to queue
[2023-07-02T01:21:56.299+0000] {logging_mixin.py:149} INFO - [2023-07-02T01:21:56.299+0000] {dagbag.py:541} INFO - Filling up the DagBag from /home/airflow/.local/lib/python3.7/site-packages/airflow/example_dags/example_short_circuit_operator.py
[2023-07-02T01:21:56.322+0000] {processor.py:836} INFO - DAG(s) dict_keys(['example_short_circuit_operator']) retrieved from /home/airflow/.local/lib/python3.7/site-packages/airflow/example_dags/example_short_circuit_operator.py
[2023-07-02T01:21:56.375+0000] {logging_mixin.py:149} INFO - [2023-07-02T01:21:56.375+0000] {dag.py:2726} INFO - Sync 1 DAGs
[2023-07-02T01:21:56.436+0000] {logging_mixin.py:149} INFO - [2023-07-02T01:21:56.436+0000] {dag.py:3490} INFO - Setting next_dagrun for example_short_circuit_operator to 2023-07-01T01:21:56.436072+00:00, run_after=2023-07-02T01:21:56.436072+00:00
[2023-07-02T01:21:56.475+0000] {processor.py:179} INFO - Processing /home/airflow/.local/lib/python3.7/site-packages/airflow/example_dags/example_short_circuit_operator.py took 0.186 seconds
[2023-07-02T01:22:26.728+0000] {processor.py:157} INFO - Started process (PID=404) to work on /home/airflow/.local/lib/python3.7/site-packages/airflow/example_dags/example_short_circuit_operator.py
[2023-07-02T01:22:26.735+0000] {processor.py:826} INFO - Processing file /home/airflow/.local/lib/python3.7/site-packages/airflow/example_dags/example_short_circuit_operator.py for tasks to queue
[2023-07-02T01:22:26.737+0000] {logging_mixin.py:149} INFO - [2023-07-02T01:22:26.737+0000] {dagbag.py:541} INFO - Filling up the DagBag from /home/airflow/.local/lib/python3.7/site-packages/airflow/example_dags/example_short_circuit_operator.py
[2023-07-02T01:22:26.787+0000] {processor.py:836} INFO - DAG(s) dict_keys(['example_short_circuit_operator']) retrieved from /home/airflow/.local/lib/python3.7/site-packages/airflow/example_dags/example_short_circuit_operator.py
[2023-07-02T01:22:26.844+0000] {logging_mixin.py:149} INFO - [2023-07-02T01:22:26.843+0000] {dag.py:2726} INFO - Sync 1 DAGs
[2023-07-02T01:22:26.892+0000] {logging_mixin.py:149} INFO - [2023-07-02T01:22:26.892+0000] {dag.py:3490} INFO - Setting next_dagrun for example_short_circuit_operator to 2023-07-01T01:22:26.891520+00:00, run_after=2023-07-02T01:22:26.891520+00:00
[2023-07-02T01:22:26.932+0000] {processor.py:179} INFO - Processing /home/airflow/.local/lib/python3.7/site-packages/airflow/example_dags/example_short_circuit_operator.py took 0.223 seconds
[2023-07-02T01:22:57.264+0000] {processor.py:157} INFO - Started process (PID=465) to work on /home/airflow/.local/lib/python3.7/site-packages/airflow/example_dags/example_short_circuit_operator.py
[2023-07-02T01:22:57.266+0000] {processor.py:826} INFO - Processing file /home/airflow/.local/lib/python3.7/site-packages/airflow/example_dags/example_short_circuit_operator.py for tasks to queue
[2023-07-02T01:22:57.268+0000] {logging_mixin.py:149} INFO - [2023-07-02T01:22:57.268+0000] {dagbag.py:541} INFO - Filling up the DagBag from /home/airflow/.local/lib/python3.7/site-packages/airflow/example_dags/example_short_circuit_operator.py
[2023-07-02T01:22:57.288+0000] {processor.py:836} INFO - DAG(s) dict_keys(['example_short_circuit_operator']) retrieved from /home/airflow/.local/lib/python3.7/site-packages/airflow/example_dags/example_short_circuit_operator.py
[2023-07-02T01:22:57.358+0000] {logging_mixin.py:149} INFO - [2023-07-02T01:22:57.358+0000] {dag.py:2726} INFO - Sync 1 DAGs
[2023-07-02T01:22:57.421+0000] {logging_mixin.py:149} INFO - [2023-07-02T01:22:57.421+0000] {dag.py:3490} INFO - Setting next_dagrun for example_short_circuit_operator to 2023-07-01T01:22:57.420661+00:00, run_after=2023-07-02T01:22:57.420661+00:00
[2023-07-02T01:22:57.483+0000] {processor.py:179} INFO - Processing /home/airflow/.local/lib/python3.7/site-packages/airflow/example_dags/example_short_circuit_operator.py took 0.226 seconds
[2023-07-02T01:23:28.214+0000] {processor.py:157} INFO - Started process (PID=524) to work on /home/airflow/.local/lib/python3.7/site-packages/airflow/example_dags/example_short_circuit_operator.py
[2023-07-02T01:23:28.216+0000] {processor.py:826} INFO - Processing file /home/airflow/.local/lib/python3.7/site-packages/airflow/example_dags/example_short_circuit_operator.py for tasks to queue
[2023-07-02T01:23:28.220+0000] {logging_mixin.py:149} INFO - [2023-07-02T01:23:28.219+0000] {dagbag.py:541} INFO - Filling up the DagBag from /home/airflow/.local/lib/python3.7/site-packages/airflow/example_dags/example_short_circuit_operator.py
[2023-07-02T01:23:28.260+0000] {processor.py:836} INFO - DAG(s) dict_keys(['example_short_circuit_operator']) retrieved from /home/airflow/.local/lib/python3.7/site-packages/airflow/example_dags/example_short_circuit_operator.py
[2023-07-02T01:23:28.313+0000] {logging_mixin.py:149} INFO - [2023-07-02T01:23:28.313+0000] {dag.py:2726} INFO - Sync 1 DAGs
[2023-07-02T01:23:28.376+0000] {logging_mixin.py:149} INFO - [2023-07-02T01:23:28.376+0000] {dag.py:3490} INFO - Setting next_dagrun for example_short_circuit_operator to 2023-07-01T01:23:28.375656+00:00, run_after=2023-07-02T01:23:28.375656+00:00
[2023-07-02T01:23:28.424+0000] {processor.py:179} INFO - Processing /home/airflow/.local/lib/python3.7/site-packages/airflow/example_dags/example_short_circuit_operator.py took 0.219 seconds
[2023-07-02T02:04:19.436+0000] {processor.py:157} INFO - Started process (PID=47) to work on /home/airflow/.local/lib/python3.7/site-packages/airflow/example_dags/example_short_circuit_operator.py
[2023-07-02T02:04:19.438+0000] {processor.py:826} INFO - Processing file /home/airflow/.local/lib/python3.7/site-packages/airflow/example_dags/example_short_circuit_operator.py for tasks to queue
[2023-07-02T02:04:19.441+0000] {logging_mixin.py:149} INFO - [2023-07-02T02:04:19.441+0000] {dagbag.py:541} INFO - Filling up the DagBag from /home/airflow/.local/lib/python3.7/site-packages/airflow/example_dags/example_short_circuit_operator.py
[2023-07-02T02:04:19.476+0000] {processor.py:836} INFO - DAG(s) dict_keys(['example_short_circuit_operator']) retrieved from /home/airflow/.local/lib/python3.7/site-packages/airflow/example_dags/example_short_circuit_operator.py
[2023-07-02T02:04:19.561+0000] {logging_mixin.py:149} INFO - [2023-07-02T02:04:19.560+0000] {dag.py:2726} INFO - Sync 1 DAGs
[2023-07-02T02:04:19.607+0000] {logging_mixin.py:149} INFO - [2023-07-02T02:04:19.607+0000] {dag.py:3490} INFO - Setting next_dagrun for example_short_circuit_operator to 2023-07-01T02:04:19.606819+00:00, run_after=2023-07-02T02:04:19.606819+00:00
[2023-07-02T02:04:19.641+0000] {processor.py:179} INFO - Processing /home/airflow/.local/lib/python3.7/site-packages/airflow/example_dags/example_short_circuit_operator.py took 0.211 seconds
[2023-07-02T02:04:50.423+0000] {processor.py:157} INFO - Started process (PID=105) to work on /home/airflow/.local/lib/python3.7/site-packages/airflow/example_dags/example_short_circuit_operator.py
[2023-07-02T02:04:50.424+0000] {processor.py:826} INFO - Processing file /home/airflow/.local/lib/python3.7/site-packages/airflow/example_dags/example_short_circuit_operator.py for tasks to queue
[2023-07-02T02:04:50.425+0000] {logging_mixin.py:149} INFO - [2023-07-02T02:04:50.425+0000] {dagbag.py:541} INFO - Filling up the DagBag from /home/airflow/.local/lib/python3.7/site-packages/airflow/example_dags/example_short_circuit_operator.py
[2023-07-02T02:04:50.439+0000] {processor.py:836} INFO - DAG(s) dict_keys(['example_short_circuit_operator']) retrieved from /home/airflow/.local/lib/python3.7/site-packages/airflow/example_dags/example_short_circuit_operator.py
[2023-07-02T02:04:50.482+0000] {logging_mixin.py:149} INFO - [2023-07-02T02:04:50.482+0000] {dag.py:2726} INFO - Sync 1 DAGs
[2023-07-02T02:04:50.523+0000] {logging_mixin.py:149} INFO - [2023-07-02T02:04:50.523+0000] {dag.py:3490} INFO - Setting next_dagrun for example_short_circuit_operator to 2023-07-01T02:04:50.522661+00:00, run_after=2023-07-02T02:04:50.522661+00:00
[2023-07-02T02:04:50.570+0000] {processor.py:179} INFO - Processing /home/airflow/.local/lib/python3.7/site-packages/airflow/example_dags/example_short_circuit_operator.py took 0.152 seconds
[2023-07-02T02:05:21.519+0000] {processor.py:157} INFO - Started process (PID=162) to work on /home/airflow/.local/lib/python3.7/site-packages/airflow/example_dags/example_short_circuit_operator.py
[2023-07-02T02:05:21.521+0000] {processor.py:826} INFO - Processing file /home/airflow/.local/lib/python3.7/site-packages/airflow/example_dags/example_short_circuit_operator.py for tasks to queue
[2023-07-02T02:05:21.522+0000] {logging_mixin.py:149} INFO - [2023-07-02T02:05:21.522+0000] {dagbag.py:541} INFO - Filling up the DagBag from /home/airflow/.local/lib/python3.7/site-packages/airflow/example_dags/example_short_circuit_operator.py
[2023-07-02T02:05:21.562+0000] {processor.py:836} INFO - DAG(s) dict_keys(['example_short_circuit_operator']) retrieved from /home/airflow/.local/lib/python3.7/site-packages/airflow/example_dags/example_short_circuit_operator.py
[2023-07-02T02:05:21.612+0000] {logging_mixin.py:149} INFO - [2023-07-02T02:05:21.611+0000] {dag.py:2726} INFO - Sync 1 DAGs
[2023-07-02T02:05:21.655+0000] {logging_mixin.py:149} INFO - [2023-07-02T02:05:21.655+0000] {dag.py:3490} INFO - Setting next_dagrun for example_short_circuit_operator to 2023-07-01T02:05:21.654637+00:00, run_after=2023-07-02T02:05:21.654637+00:00
[2023-07-02T02:05:21.691+0000] {processor.py:179} INFO - Processing /home/airflow/.local/lib/python3.7/site-packages/airflow/example_dags/example_short_circuit_operator.py took 0.178 seconds
[2023-07-02T02:05:52.192+0000] {processor.py:157} INFO - Started process (PID=221) to work on /home/airflow/.local/lib/python3.7/site-packages/airflow/example_dags/example_short_circuit_operator.py
[2023-07-02T02:05:52.194+0000] {processor.py:826} INFO - Processing file /home/airflow/.local/lib/python3.7/site-packages/airflow/example_dags/example_short_circuit_operator.py for tasks to queue
[2023-07-02T02:05:52.196+0000] {logging_mixin.py:149} INFO - [2023-07-02T02:05:52.195+0000] {dagbag.py:541} INFO - Filling up the DagBag from /home/airflow/.local/lib/python3.7/site-packages/airflow/example_dags/example_short_circuit_operator.py
[2023-07-02T02:05:52.209+0000] {processor.py:836} INFO - DAG(s) dict_keys(['example_short_circuit_operator']) retrieved from /home/airflow/.local/lib/python3.7/site-packages/airflow/example_dags/example_short_circuit_operator.py
[2023-07-02T02:05:52.255+0000] {logging_mixin.py:149} INFO - [2023-07-02T02:05:52.254+0000] {dag.py:2726} INFO - Sync 1 DAGs
[2023-07-02T02:05:52.292+0000] {logging_mixin.py:149} INFO - [2023-07-02T02:05:52.292+0000] {dag.py:3490} INFO - Setting next_dagrun for example_short_circuit_operator to 2023-07-01T02:05:52.291977+00:00, run_after=2023-07-02T02:05:52.291977+00:00
[2023-07-02T02:05:52.323+0000] {processor.py:179} INFO - Processing /home/airflow/.local/lib/python3.7/site-packages/airflow/example_dags/example_short_circuit_operator.py took 0.136 seconds
[2023-07-02T02:06:23.292+0000] {processor.py:157} INFO - Started process (PID=279) to work on /home/airflow/.local/lib/python3.7/site-packages/airflow/example_dags/example_short_circuit_operator.py
[2023-07-02T02:06:23.294+0000] {processor.py:826} INFO - Processing file /home/airflow/.local/lib/python3.7/site-packages/airflow/example_dags/example_short_circuit_operator.py for tasks to queue
[2023-07-02T02:06:23.296+0000] {logging_mixin.py:149} INFO - [2023-07-02T02:06:23.295+0000] {dagbag.py:541} INFO - Filling up the DagBag from /home/airflow/.local/lib/python3.7/site-packages/airflow/example_dags/example_short_circuit_operator.py
[2023-07-02T02:06:23.308+0000] {processor.py:836} INFO - DAG(s) dict_keys(['example_short_circuit_operator']) retrieved from /home/airflow/.local/lib/python3.7/site-packages/airflow/example_dags/example_short_circuit_operator.py
[2023-07-02T02:06:23.352+0000] {logging_mixin.py:149} INFO - [2023-07-02T02:06:23.352+0000] {dag.py:2726} INFO - Sync 1 DAGs
[2023-07-02T02:06:23.389+0000] {logging_mixin.py:149} INFO - [2023-07-02T02:06:23.389+0000] {dag.py:3490} INFO - Setting next_dagrun for example_short_circuit_operator to 2023-07-01T02:06:23.389375+00:00, run_after=2023-07-02T02:06:23.389375+00:00
[2023-07-02T02:06:23.423+0000] {processor.py:179} INFO - Processing /home/airflow/.local/lib/python3.7/site-packages/airflow/example_dags/example_short_circuit_operator.py took 0.137 seconds
[2023-07-02T02:06:53.645+0000] {processor.py:157} INFO - Started process (PID=337) to work on /home/airflow/.local/lib/python3.7/site-packages/airflow/example_dags/example_short_circuit_operator.py
[2023-07-02T02:06:53.647+0000] {processor.py:826} INFO - Processing file /home/airflow/.local/lib/python3.7/site-packages/airflow/example_dags/example_short_circuit_operator.py for tasks to queue
[2023-07-02T02:06:53.648+0000] {logging_mixin.py:149} INFO - [2023-07-02T02:06:53.648+0000] {dagbag.py:541} INFO - Filling up the DagBag from /home/airflow/.local/lib/python3.7/site-packages/airflow/example_dags/example_short_circuit_operator.py
[2023-07-02T02:06:53.658+0000] {processor.py:836} INFO - DAG(s) dict_keys(['example_short_circuit_operator']) retrieved from /home/airflow/.local/lib/python3.7/site-packages/airflow/example_dags/example_short_circuit_operator.py
[2023-07-02T02:06:53.697+0000] {logging_mixin.py:149} INFO - [2023-07-02T02:06:53.697+0000] {dag.py:2726} INFO - Sync 1 DAGs
[2023-07-02T02:06:53.731+0000] {logging_mixin.py:149} INFO - [2023-07-02T02:06:53.731+0000] {dag.py:3490} INFO - Setting next_dagrun for example_short_circuit_operator to 2023-07-01T02:06:53.731198+00:00, run_after=2023-07-02T02:06:53.731198+00:00
[2023-07-02T02:06:53.759+0000] {processor.py:179} INFO - Processing /home/airflow/.local/lib/python3.7/site-packages/airflow/example_dags/example_short_circuit_operator.py took 0.118 seconds
[2023-07-02T02:12:39.861+0000] {processor.py:157} INFO - Started process (PID=47) to work on /home/airflow/.local/lib/python3.7/site-packages/airflow/example_dags/example_short_circuit_operator.py
[2023-07-02T02:12:39.864+0000] {processor.py:826} INFO - Processing file /home/airflow/.local/lib/python3.7/site-packages/airflow/example_dags/example_short_circuit_operator.py for tasks to queue
[2023-07-02T02:12:39.865+0000] {logging_mixin.py:149} INFO - [2023-07-02T02:12:39.865+0000] {dagbag.py:541} INFO - Filling up the DagBag from /home/airflow/.local/lib/python3.7/site-packages/airflow/example_dags/example_short_circuit_operator.py
[2023-07-02T02:12:39.879+0000] {processor.py:836} INFO - DAG(s) dict_keys(['example_short_circuit_operator']) retrieved from /home/airflow/.local/lib/python3.7/site-packages/airflow/example_dags/example_short_circuit_operator.py
[2023-07-02T02:12:39.918+0000] {logging_mixin.py:149} INFO - [2023-07-02T02:12:39.918+0000] {dag.py:2726} INFO - Sync 1 DAGs
[2023-07-02T02:12:40.060+0000] {logging_mixin.py:149} INFO - [2023-07-02T02:12:40.060+0000] {dag.py:3490} INFO - Setting next_dagrun for example_short_circuit_operator to 2023-07-01T02:12:40.060170+00:00, run_after=2023-07-02T02:12:40.060170+00:00
[2023-07-02T02:12:40.084+0000] {processor.py:179} INFO - Processing /home/airflow/.local/lib/python3.7/site-packages/airflow/example_dags/example_short_circuit_operator.py took 0.228 seconds
[2023-07-02T02:13:10.877+0000] {processor.py:157} INFO - Started process (PID=108) to work on /home/airflow/.local/lib/python3.7/site-packages/airflow/example_dags/example_short_circuit_operator.py
[2023-07-02T02:13:10.878+0000] {processor.py:826} INFO - Processing file /home/airflow/.local/lib/python3.7/site-packages/airflow/example_dags/example_short_circuit_operator.py for tasks to queue
[2023-07-02T02:13:10.880+0000] {logging_mixin.py:149} INFO - [2023-07-02T02:13:10.880+0000] {dagbag.py:541} INFO - Filling up the DagBag from /home/airflow/.local/lib/python3.7/site-packages/airflow/example_dags/example_short_circuit_operator.py
[2023-07-02T02:13:10.891+0000] {processor.py:836} INFO - DAG(s) dict_keys(['example_short_circuit_operator']) retrieved from /home/airflow/.local/lib/python3.7/site-packages/airflow/example_dags/example_short_circuit_operator.py
[2023-07-02T02:13:10.926+0000] {logging_mixin.py:149} INFO - [2023-07-02T02:13:10.925+0000] {dag.py:2726} INFO - Sync 1 DAGs
[2023-07-02T02:13:10.958+0000] {logging_mixin.py:149} INFO - [2023-07-02T02:13:10.958+0000] {dag.py:3490} INFO - Setting next_dagrun for example_short_circuit_operator to 2023-07-01T02:13:10.957949+00:00, run_after=2023-07-02T02:13:10.957949+00:00
[2023-07-02T02:13:10.981+0000] {processor.py:179} INFO - Processing /home/airflow/.local/lib/python3.7/site-packages/airflow/example_dags/example_short_circuit_operator.py took 0.109 seconds
[2023-07-02T02:13:41.170+0000] {processor.py:157} INFO - Started process (PID=166) to work on /home/airflow/.local/lib/python3.7/site-packages/airflow/example_dags/example_short_circuit_operator.py
[2023-07-02T02:13:41.172+0000] {processor.py:826} INFO - Processing file /home/airflow/.local/lib/python3.7/site-packages/airflow/example_dags/example_short_circuit_operator.py for tasks to queue
[2023-07-02T02:13:41.173+0000] {logging_mixin.py:149} INFO - [2023-07-02T02:13:41.173+0000] {dagbag.py:541} INFO - Filling up the DagBag from /home/airflow/.local/lib/python3.7/site-packages/airflow/example_dags/example_short_circuit_operator.py
[2023-07-02T02:13:41.187+0000] {processor.py:836} INFO - DAG(s) dict_keys(['example_short_circuit_operator']) retrieved from /home/airflow/.local/lib/python3.7/site-packages/airflow/example_dags/example_short_circuit_operator.py
[2023-07-02T02:13:41.228+0000] {logging_mixin.py:149} INFO - [2023-07-02T02:13:41.228+0000] {dag.py:2726} INFO - Sync 1 DAGs
[2023-07-02T02:13:41.266+0000] {logging_mixin.py:149} INFO - [2023-07-02T02:13:41.266+0000] {dag.py:3490} INFO - Setting next_dagrun for example_short_circuit_operator to 2023-07-01T02:13:41.265625+00:00, run_after=2023-07-02T02:13:41.265625+00:00
[2023-07-02T02:13:41.297+0000] {processor.py:179} INFO - Processing /home/airflow/.local/lib/python3.7/site-packages/airflow/example_dags/example_short_circuit_operator.py took 0.133 seconds
[2023-07-02T02:14:11.585+0000] {processor.py:157} INFO - Started process (PID=224) to work on /home/airflow/.local/lib/python3.7/site-packages/airflow/example_dags/example_short_circuit_operator.py
[2023-07-02T02:14:11.586+0000] {processor.py:826} INFO - Processing file /home/airflow/.local/lib/python3.7/site-packages/airflow/example_dags/example_short_circuit_operator.py for tasks to queue
[2023-07-02T02:14:11.587+0000] {logging_mixin.py:149} INFO - [2023-07-02T02:14:11.587+0000] {dagbag.py:541} INFO - Filling up the DagBag from /home/airflow/.local/lib/python3.7/site-packages/airflow/example_dags/example_short_circuit_operator.py
[2023-07-02T02:14:11.598+0000] {processor.py:836} INFO - DAG(s) dict_keys(['example_short_circuit_operator']) retrieved from /home/airflow/.local/lib/python3.7/site-packages/airflow/example_dags/example_short_circuit_operator.py
[2023-07-02T02:14:11.635+0000] {logging_mixin.py:149} INFO - [2023-07-02T02:14:11.635+0000] {dag.py:2726} INFO - Sync 1 DAGs
[2023-07-02T02:14:11.670+0000] {logging_mixin.py:149} INFO - [2023-07-02T02:14:11.670+0000] {dag.py:3490} INFO - Setting next_dagrun for example_short_circuit_operator to 2023-07-01T02:14:11.670067+00:00, run_after=2023-07-02T02:14:11.670067+00:00
[2023-07-02T02:14:11.695+0000] {processor.py:179} INFO - Processing /home/airflow/.local/lib/python3.7/site-packages/airflow/example_dags/example_short_circuit_operator.py took 0.114 seconds
[2023-07-02T02:14:42.910+0000] {processor.py:157} INFO - Started process (PID=282) to work on /home/airflow/.local/lib/python3.7/site-packages/airflow/example_dags/example_short_circuit_operator.py
[2023-07-02T02:14:42.912+0000] {processor.py:826} INFO - Processing file /home/airflow/.local/lib/python3.7/site-packages/airflow/example_dags/example_short_circuit_operator.py for tasks to queue
[2023-07-02T02:14:42.913+0000] {logging_mixin.py:149} INFO - [2023-07-02T02:14:42.913+0000] {dagbag.py:541} INFO - Filling up the DagBag from /home/airflow/.local/lib/python3.7/site-packages/airflow/example_dags/example_short_circuit_operator.py
[2023-07-02T02:14:42.924+0000] {processor.py:836} INFO - DAG(s) dict_keys(['example_short_circuit_operator']) retrieved from /home/airflow/.local/lib/python3.7/site-packages/airflow/example_dags/example_short_circuit_operator.py
[2023-07-02T02:14:43.084+0000] {logging_mixin.py:149} INFO - [2023-07-02T02:14:43.084+0000] {dag.py:2726} INFO - Sync 1 DAGs
[2023-07-02T02:14:43.117+0000] {logging_mixin.py:149} INFO - [2023-07-02T02:14:43.117+0000] {dag.py:3490} INFO - Setting next_dagrun for example_short_circuit_operator to 2023-07-01T02:14:43.116832+00:00, run_after=2023-07-02T02:14:43.116832+00:00
[2023-07-02T02:14:43.145+0000] {processor.py:179} INFO - Processing /home/airflow/.local/lib/python3.7/site-packages/airflow/example_dags/example_short_circuit_operator.py took 0.239 seconds
[2023-07-02T02:15:13.354+0000] {processor.py:157} INFO - Started process (PID=340) to work on /home/airflow/.local/lib/python3.7/site-packages/airflow/example_dags/example_short_circuit_operator.py
[2023-07-02T02:15:13.356+0000] {processor.py:826} INFO - Processing file /home/airflow/.local/lib/python3.7/site-packages/airflow/example_dags/example_short_circuit_operator.py for tasks to queue
[2023-07-02T02:15:13.357+0000] {logging_mixin.py:149} INFO - [2023-07-02T02:15:13.357+0000] {dagbag.py:541} INFO - Filling up the DagBag from /home/airflow/.local/lib/python3.7/site-packages/airflow/example_dags/example_short_circuit_operator.py
[2023-07-02T02:15:13.368+0000] {processor.py:836} INFO - DAG(s) dict_keys(['example_short_circuit_operator']) retrieved from /home/airflow/.local/lib/python3.7/site-packages/airflow/example_dags/example_short_circuit_operator.py
[2023-07-02T02:15:13.404+0000] {logging_mixin.py:149} INFO - [2023-07-02T02:15:13.404+0000] {dag.py:2726} INFO - Sync 1 DAGs
[2023-07-02T02:15:13.437+0000] {logging_mixin.py:149} INFO - [2023-07-02T02:15:13.437+0000] {dag.py:3490} INFO - Setting next_dagrun for example_short_circuit_operator to 2023-07-01T02:15:13.436831+00:00, run_after=2023-07-02T02:15:13.436831+00:00
[2023-07-02T02:15:13.462+0000] {processor.py:179} INFO - Processing /home/airflow/.local/lib/python3.7/site-packages/airflow/example_dags/example_short_circuit_operator.py took 0.112 seconds
[2023-07-02T02:15:44.187+0000] {processor.py:157} INFO - Started process (PID=397) to work on /home/airflow/.local/lib/python3.7/site-packages/airflow/example_dags/example_short_circuit_operator.py
[2023-07-02T02:15:44.188+0000] {processor.py:826} INFO - Processing file /home/airflow/.local/lib/python3.7/site-packages/airflow/example_dags/example_short_circuit_operator.py for tasks to queue
[2023-07-02T02:15:44.189+0000] {logging_mixin.py:149} INFO - [2023-07-02T02:15:44.189+0000] {dagbag.py:541} INFO - Filling up the DagBag from /home/airflow/.local/lib/python3.7/site-packages/airflow/example_dags/example_short_circuit_operator.py
[2023-07-02T02:15:44.200+0000] {processor.py:836} INFO - DAG(s) dict_keys(['example_short_circuit_operator']) retrieved from /home/airflow/.local/lib/python3.7/site-packages/airflow/example_dags/example_short_circuit_operator.py
[2023-07-02T02:15:44.355+0000] {logging_mixin.py:149} INFO - [2023-07-02T02:15:44.355+0000] {dag.py:2726} INFO - Sync 1 DAGs
[2023-07-02T02:15:44.393+0000] {logging_mixin.py:149} INFO - [2023-07-02T02:15:44.393+0000] {dag.py:3490} INFO - Setting next_dagrun for example_short_circuit_operator to 2023-07-01T02:15:44.392964+00:00, run_after=2023-07-02T02:15:44.392964+00:00
[2023-07-02T02:15:44.420+0000] {processor.py:179} INFO - Processing /home/airflow/.local/lib/python3.7/site-packages/airflow/example_dags/example_short_circuit_operator.py took 0.237 seconds
[2023-07-02T02:16:14.474+0000] {processor.py:157} INFO - Started process (PID=455) to work on /home/airflow/.local/lib/python3.7/site-packages/airflow/example_dags/example_short_circuit_operator.py
[2023-07-02T02:16:14.475+0000] {processor.py:826} INFO - Processing file /home/airflow/.local/lib/python3.7/site-packages/airflow/example_dags/example_short_circuit_operator.py for tasks to queue
[2023-07-02T02:16:14.476+0000] {logging_mixin.py:149} INFO - [2023-07-02T02:16:14.476+0000] {dagbag.py:541} INFO - Filling up the DagBag from /home/airflow/.local/lib/python3.7/site-packages/airflow/example_dags/example_short_circuit_operator.py
[2023-07-02T02:16:14.488+0000] {processor.py:836} INFO - DAG(s) dict_keys(['example_short_circuit_operator']) retrieved from /home/airflow/.local/lib/python3.7/site-packages/airflow/example_dags/example_short_circuit_operator.py
[2023-07-02T02:16:14.523+0000] {logging_mixin.py:149} INFO - [2023-07-02T02:16:14.523+0000] {dag.py:2726} INFO - Sync 1 DAGs
[2023-07-02T02:16:14.555+0000] {logging_mixin.py:149} INFO - [2023-07-02T02:16:14.555+0000] {dag.py:3490} INFO - Setting next_dagrun for example_short_circuit_operator to 2023-07-01T02:16:14.555086+00:00, run_after=2023-07-02T02:16:14.555086+00:00
[2023-07-02T02:16:14.579+0000] {processor.py:179} INFO - Processing /home/airflow/.local/lib/python3.7/site-packages/airflow/example_dags/example_short_circuit_operator.py took 0.110 seconds
[2023-07-02T02:16:44.985+0000] {processor.py:157} INFO - Started process (PID=514) to work on /home/airflow/.local/lib/python3.7/site-packages/airflow/example_dags/example_short_circuit_operator.py
[2023-07-02T02:16:44.987+0000] {processor.py:826} INFO - Processing file /home/airflow/.local/lib/python3.7/site-packages/airflow/example_dags/example_short_circuit_operator.py for tasks to queue
[2023-07-02T02:16:44.988+0000] {logging_mixin.py:149} INFO - [2023-07-02T02:16:44.988+0000] {dagbag.py:541} INFO - Filling up the DagBag from /home/airflow/.local/lib/python3.7/site-packages/airflow/example_dags/example_short_circuit_operator.py
[2023-07-02T02:16:45.001+0000] {processor.py:836} INFO - DAG(s) dict_keys(['example_short_circuit_operator']) retrieved from /home/airflow/.local/lib/python3.7/site-packages/airflow/example_dags/example_short_circuit_operator.py
[2023-07-02T02:16:45.053+0000] {logging_mixin.py:149} INFO - [2023-07-02T02:16:45.053+0000] {dag.py:2726} INFO - Sync 1 DAGs
[2023-07-02T02:16:45.099+0000] {logging_mixin.py:149} INFO - [2023-07-02T02:16:45.098+0000] {dag.py:3490} INFO - Setting next_dagrun for example_short_circuit_operator to 2023-07-01T02:16:45.098577+00:00, run_after=2023-07-02T02:16:45.098577+00:00
[2023-07-02T02:16:45.132+0000] {processor.py:179} INFO - Processing /home/airflow/.local/lib/python3.7/site-packages/airflow/example_dags/example_short_circuit_operator.py took 0.152 seconds
[2023-07-02T02:17:15.797+0000] {processor.py:157} INFO - Started process (PID=573) to work on /home/airflow/.local/lib/python3.7/site-packages/airflow/example_dags/example_short_circuit_operator.py
[2023-07-02T02:17:15.799+0000] {processor.py:826} INFO - Processing file /home/airflow/.local/lib/python3.7/site-packages/airflow/example_dags/example_short_circuit_operator.py for tasks to queue
[2023-07-02T02:17:15.800+0000] {logging_mixin.py:149} INFO - [2023-07-02T02:17:15.800+0000] {dagbag.py:541} INFO - Filling up the DagBag from /home/airflow/.local/lib/python3.7/site-packages/airflow/example_dags/example_short_circuit_operator.py
[2023-07-02T02:17:15.812+0000] {processor.py:836} INFO - DAG(s) dict_keys(['example_short_circuit_operator']) retrieved from /home/airflow/.local/lib/python3.7/site-packages/airflow/example_dags/example_short_circuit_operator.py
[2023-07-02T02:17:15.854+0000] {logging_mixin.py:149} INFO - [2023-07-02T02:17:15.854+0000] {dag.py:2726} INFO - Sync 1 DAGs
[2023-07-02T02:17:15.915+0000] {logging_mixin.py:149} INFO - [2023-07-02T02:17:15.915+0000] {dag.py:3490} INFO - Setting next_dagrun for example_short_circuit_operator to 2023-07-01T02:17:15.915444+00:00, run_after=2023-07-02T02:17:15.915444+00:00
[2023-07-02T02:17:15.948+0000] {processor.py:179} INFO - Processing /home/airflow/.local/lib/python3.7/site-packages/airflow/example_dags/example_short_circuit_operator.py took 0.156 seconds
[2023-07-02T02:17:46.515+0000] {processor.py:157} INFO - Started process (PID=632) to work on /home/airflow/.local/lib/python3.7/site-packages/airflow/example_dags/example_short_circuit_operator.py
[2023-07-02T02:17:46.517+0000] {processor.py:826} INFO - Processing file /home/airflow/.local/lib/python3.7/site-packages/airflow/example_dags/example_short_circuit_operator.py for tasks to queue
[2023-07-02T02:17:46.518+0000] {logging_mixin.py:149} INFO - [2023-07-02T02:17:46.518+0000] {dagbag.py:541} INFO - Filling up the DagBag from /home/airflow/.local/lib/python3.7/site-packages/airflow/example_dags/example_short_circuit_operator.py
[2023-07-02T02:17:46.530+0000] {processor.py:836} INFO - DAG(s) dict_keys(['example_short_circuit_operator']) retrieved from /home/airflow/.local/lib/python3.7/site-packages/airflow/example_dags/example_short_circuit_operator.py
[2023-07-02T02:17:46.566+0000] {logging_mixin.py:149} INFO - [2023-07-02T02:17:46.565+0000] {dag.py:2726} INFO - Sync 1 DAGs
[2023-07-02T02:17:46.598+0000] {logging_mixin.py:149} INFO - [2023-07-02T02:17:46.598+0000] {dag.py:3490} INFO - Setting next_dagrun for example_short_circuit_operator to 2023-07-01T02:17:46.597989+00:00, run_after=2023-07-02T02:17:46.597989+00:00
[2023-07-02T02:17:46.621+0000] {processor.py:179} INFO - Processing /home/airflow/.local/lib/python3.7/site-packages/airflow/example_dags/example_short_circuit_operator.py took 0.110 seconds
[2023-07-02T02:18:16.956+0000] {processor.py:157} INFO - Started process (PID=690) to work on /home/airflow/.local/lib/python3.7/site-packages/airflow/example_dags/example_short_circuit_operator.py
[2023-07-02T02:18:16.958+0000] {processor.py:826} INFO - Processing file /home/airflow/.local/lib/python3.7/site-packages/airflow/example_dags/example_short_circuit_operator.py for tasks to queue
[2023-07-02T02:18:16.959+0000] {logging_mixin.py:149} INFO - [2023-07-02T02:18:16.959+0000] {dagbag.py:541} INFO - Filling up the DagBag from /home/airflow/.local/lib/python3.7/site-packages/airflow/example_dags/example_short_circuit_operator.py
[2023-07-02T02:18:16.971+0000] {processor.py:836} INFO - DAG(s) dict_keys(['example_short_circuit_operator']) retrieved from /home/airflow/.local/lib/python3.7/site-packages/airflow/example_dags/example_short_circuit_operator.py
[2023-07-02T02:18:17.008+0000] {logging_mixin.py:149} INFO - [2023-07-02T02:18:17.008+0000] {dag.py:2726} INFO - Sync 1 DAGs
[2023-07-02T02:18:17.041+0000] {logging_mixin.py:149} INFO - [2023-07-02T02:18:17.040+0000] {dag.py:3490} INFO - Setting next_dagrun for example_short_circuit_operator to 2023-07-01T02:18:17.040653+00:00, run_after=2023-07-02T02:18:17.040653+00:00
[2023-07-02T02:18:17.085+0000] {processor.py:179} INFO - Processing /home/airflow/.local/lib/python3.7/site-packages/airflow/example_dags/example_short_circuit_operator.py took 0.133 seconds
[2023-07-02T02:18:47.354+0000] {processor.py:157} INFO - Started process (PID=748) to work on /home/airflow/.local/lib/python3.7/site-packages/airflow/example_dags/example_short_circuit_operator.py
[2023-07-02T02:18:47.356+0000] {processor.py:826} INFO - Processing file /home/airflow/.local/lib/python3.7/site-packages/airflow/example_dags/example_short_circuit_operator.py for tasks to queue
[2023-07-02T02:18:47.357+0000] {logging_mixin.py:149} INFO - [2023-07-02T02:18:47.357+0000] {dagbag.py:541} INFO - Filling up the DagBag from /home/airflow/.local/lib/python3.7/site-packages/airflow/example_dags/example_short_circuit_operator.py
[2023-07-02T02:18:47.369+0000] {processor.py:836} INFO - DAG(s) dict_keys(['example_short_circuit_operator']) retrieved from /home/airflow/.local/lib/python3.7/site-packages/airflow/example_dags/example_short_circuit_operator.py
[2023-07-02T02:18:47.410+0000] {logging_mixin.py:149} INFO - [2023-07-02T02:18:47.410+0000] {dag.py:2726} INFO - Sync 1 DAGs
[2023-07-02T02:18:47.445+0000] {logging_mixin.py:149} INFO - [2023-07-02T02:18:47.445+0000] {dag.py:3490} INFO - Setting next_dagrun for example_short_circuit_operator to 2023-07-01T02:18:47.445374+00:00, run_after=2023-07-02T02:18:47.445374+00:00
[2023-07-02T02:18:47.473+0000] {processor.py:179} INFO - Processing /home/airflow/.local/lib/python3.7/site-packages/airflow/example_dags/example_short_circuit_operator.py took 0.123 seconds
[2023-07-02T02:19:17.570+0000] {processor.py:157} INFO - Started process (PID=805) to work on /home/airflow/.local/lib/python3.7/site-packages/airflow/example_dags/example_short_circuit_operator.py
[2023-07-02T02:19:17.571+0000] {processor.py:826} INFO - Processing file /home/airflow/.local/lib/python3.7/site-packages/airflow/example_dags/example_short_circuit_operator.py for tasks to queue
[2023-07-02T02:19:17.572+0000] {logging_mixin.py:149} INFO - [2023-07-02T02:19:17.572+0000] {dagbag.py:541} INFO - Filling up the DagBag from /home/airflow/.local/lib/python3.7/site-packages/airflow/example_dags/example_short_circuit_operator.py
[2023-07-02T02:19:17.583+0000] {processor.py:836} INFO - DAG(s) dict_keys(['example_short_circuit_operator']) retrieved from /home/airflow/.local/lib/python3.7/site-packages/airflow/example_dags/example_short_circuit_operator.py
[2023-07-02T02:19:17.625+0000] {logging_mixin.py:149} INFO - [2023-07-02T02:19:17.625+0000] {dag.py:2726} INFO - Sync 1 DAGs
[2023-07-02T02:19:17.657+0000] {logging_mixin.py:149} INFO - [2023-07-02T02:19:17.657+0000] {dag.py:3490} INFO - Setting next_dagrun for example_short_circuit_operator to 2023-07-01T02:19:17.656750+00:00, run_after=2023-07-02T02:19:17.656750+00:00
[2023-07-02T02:19:17.681+0000] {processor.py:179} INFO - Processing /home/airflow/.local/lib/python3.7/site-packages/airflow/example_dags/example_short_circuit_operator.py took 0.116 seconds
[2023-07-02T02:19:47.711+0000] {processor.py:157} INFO - Started process (PID=862) to work on /home/airflow/.local/lib/python3.7/site-packages/airflow/example_dags/example_short_circuit_operator.py
[2023-07-02T02:19:47.713+0000] {processor.py:826} INFO - Processing file /home/airflow/.local/lib/python3.7/site-packages/airflow/example_dags/example_short_circuit_operator.py for tasks to queue
[2023-07-02T02:19:47.714+0000] {logging_mixin.py:149} INFO - [2023-07-02T02:19:47.714+0000] {dagbag.py:541} INFO - Filling up the DagBag from /home/airflow/.local/lib/python3.7/site-packages/airflow/example_dags/example_short_circuit_operator.py
[2023-07-02T02:19:47.725+0000] {processor.py:836} INFO - DAG(s) dict_keys(['example_short_circuit_operator']) retrieved from /home/airflow/.local/lib/python3.7/site-packages/airflow/example_dags/example_short_circuit_operator.py
[2023-07-02T02:19:47.770+0000] {logging_mixin.py:149} INFO - [2023-07-02T02:19:47.769+0000] {dag.py:2726} INFO - Sync 1 DAGs
[2023-07-02T02:19:47.825+0000] {logging_mixin.py:149} INFO - [2023-07-02T02:19:47.825+0000] {dag.py:3490} INFO - Setting next_dagrun for example_short_circuit_operator to 2023-07-01T02:19:47.825507+00:00, run_after=2023-07-02T02:19:47.825507+00:00
[2023-07-02T02:19:47.861+0000] {processor.py:179} INFO - Processing /home/airflow/.local/lib/python3.7/site-packages/airflow/example_dags/example_short_circuit_operator.py took 0.154 seconds
[2023-07-02T02:20:18.101+0000] {processor.py:157} INFO - Started process (PID=921) to work on /home/airflow/.local/lib/python3.7/site-packages/airflow/example_dags/example_short_circuit_operator.py
[2023-07-02T02:20:18.103+0000] {processor.py:826} INFO - Processing file /home/airflow/.local/lib/python3.7/site-packages/airflow/example_dags/example_short_circuit_operator.py for tasks to queue
[2023-07-02T02:20:18.105+0000] {logging_mixin.py:149} INFO - [2023-07-02T02:20:18.104+0000] {dagbag.py:541} INFO - Filling up the DagBag from /home/airflow/.local/lib/python3.7/site-packages/airflow/example_dags/example_short_circuit_operator.py
[2023-07-02T02:20:18.116+0000] {processor.py:836} INFO - DAG(s) dict_keys(['example_short_circuit_operator']) retrieved from /home/airflow/.local/lib/python3.7/site-packages/airflow/example_dags/example_short_circuit_operator.py
[2023-07-02T02:20:18.151+0000] {logging_mixin.py:149} INFO - [2023-07-02T02:20:18.151+0000] {dag.py:2726} INFO - Sync 1 DAGs
[2023-07-02T02:20:18.186+0000] {logging_mixin.py:149} INFO - [2023-07-02T02:20:18.186+0000] {dag.py:3490} INFO - Setting next_dagrun for example_short_circuit_operator to 2023-07-01T02:20:18.185909+00:00, run_after=2023-07-02T02:20:18.185909+00:00
[2023-07-02T02:20:18.214+0000] {processor.py:179} INFO - Processing /home/airflow/.local/lib/python3.7/site-packages/airflow/example_dags/example_short_circuit_operator.py took 0.120 seconds
[2023-07-02T02:20:48.509+0000] {processor.py:157} INFO - Started process (PID=979) to work on /home/airflow/.local/lib/python3.7/site-packages/airflow/example_dags/example_short_circuit_operator.py
[2023-07-02T02:20:48.511+0000] {processor.py:826} INFO - Processing file /home/airflow/.local/lib/python3.7/site-packages/airflow/example_dags/example_short_circuit_operator.py for tasks to queue
[2023-07-02T02:20:48.512+0000] {logging_mixin.py:149} INFO - [2023-07-02T02:20:48.512+0000] {dagbag.py:541} INFO - Filling up the DagBag from /home/airflow/.local/lib/python3.7/site-packages/airflow/example_dags/example_short_circuit_operator.py
[2023-07-02T02:20:48.523+0000] {processor.py:836} INFO - DAG(s) dict_keys(['example_short_circuit_operator']) retrieved from /home/airflow/.local/lib/python3.7/site-packages/airflow/example_dags/example_short_circuit_operator.py
[2023-07-02T02:20:48.557+0000] {logging_mixin.py:149} INFO - [2023-07-02T02:20:48.557+0000] {dag.py:2726} INFO - Sync 1 DAGs
[2023-07-02T02:20:48.589+0000] {logging_mixin.py:149} INFO - [2023-07-02T02:20:48.589+0000] {dag.py:3490} INFO - Setting next_dagrun for example_short_circuit_operator to 2023-07-01T02:20:48.589541+00:00, run_after=2023-07-02T02:20:48.589541+00:00
[2023-07-02T02:20:48.615+0000] {processor.py:179} INFO - Processing /home/airflow/.local/lib/python3.7/site-packages/airflow/example_dags/example_short_circuit_operator.py took 0.110 seconds
[2023-07-02T02:21:18.904+0000] {processor.py:157} INFO - Started process (PID=1038) to work on /home/airflow/.local/lib/python3.7/site-packages/airflow/example_dags/example_short_circuit_operator.py
[2023-07-02T02:21:18.905+0000] {processor.py:826} INFO - Processing file /home/airflow/.local/lib/python3.7/site-packages/airflow/example_dags/example_short_circuit_operator.py for tasks to queue
[2023-07-02T02:21:18.906+0000] {logging_mixin.py:149} INFO - [2023-07-02T02:21:18.906+0000] {dagbag.py:541} INFO - Filling up the DagBag from /home/airflow/.local/lib/python3.7/site-packages/airflow/example_dags/example_short_circuit_operator.py
[2023-07-02T02:21:18.916+0000] {processor.py:836} INFO - DAG(s) dict_keys(['example_short_circuit_operator']) retrieved from /home/airflow/.local/lib/python3.7/site-packages/airflow/example_dags/example_short_circuit_operator.py
[2023-07-02T02:21:18.951+0000] {logging_mixin.py:149} INFO - [2023-07-02T02:21:18.950+0000] {dag.py:2726} INFO - Sync 1 DAGs
[2023-07-02T02:21:18.981+0000] {logging_mixin.py:149} INFO - [2023-07-02T02:21:18.981+0000] {dag.py:3490} INFO - Setting next_dagrun for example_short_circuit_operator to 2023-07-01T02:21:18.981025+00:00, run_after=2023-07-02T02:21:18.981025+00:00
[2023-07-02T02:21:19.002+0000] {processor.py:179} INFO - Processing /home/airflow/.local/lib/python3.7/site-packages/airflow/example_dags/example_short_circuit_operator.py took 0.103 seconds
