[2023-07-02T01:19:14.164+0000] {processor.py:157} INFO - Started process (PID=54) to work on /home/airflow/.local/lib/python3.7/site-packages/airflow/example_dags/example_branch_datetime_operator.py
[2023-07-02T01:19:14.173+0000] {processor.py:826} INFO - Processing file /home/airflow/.local/lib/python3.7/site-packages/airflow/example_dags/example_branch_datetime_operator.py for tasks to queue
[2023-07-02T01:19:14.209+0000] {logging_mixin.py:149} INFO - [2023-07-02T01:19:14.209+0000] {dagbag.py:541} INFO - Filling up the DagBag from /home/airflow/.local/lib/python3.7/site-packages/airflow/example_dags/example_branch_datetime_operator.py
[2023-07-02T01:19:14.278+0000] {processor.py:836} INFO - DAG(s) dict_keys(['example_branch_datetime_operator_2', 'example_branch_datetime_operator_3', 'example_branch_datetime_operator']) retrieved from /home/airflow/.local/lib/python3.7/site-packages/airflow/example_dags/example_branch_datetime_operator.py
[2023-07-02T01:19:14.538+0000] {logging_mixin.py:149} INFO - [2023-07-02T01:19:14.537+0000] {manager.py:504} INFO - Created Permission View: can delete on DAG:example_branch_datetime_operator_2
[2023-07-02T01:19:14.569+0000] {logging_mixin.py:149} INFO - [2023-07-02T01:19:14.568+0000] {manager.py:504} INFO - Created Permission View: can edit on DAG:example_branch_datetime_operator_2
[2023-07-02T01:19:14.604+0000] {logging_mixin.py:149} INFO - [2023-07-02T01:19:14.604+0000] {manager.py:504} INFO - Created Permission View: can read on DAG:example_branch_datetime_operator_2
[2023-07-02T01:19:14.714+0000] {logging_mixin.py:149} INFO - [2023-07-02T01:19:14.714+0000] {manager.py:504} INFO - Created Permission View: can delete on DAG:example_branch_datetime_operator_3
[2023-07-02T01:19:14.736+0000] {logging_mixin.py:149} INFO - [2023-07-02T01:19:14.736+0000] {manager.py:504} INFO - Created Permission View: can edit on DAG:example_branch_datetime_operator_3
[2023-07-02T01:19:14.762+0000] {logging_mixin.py:149} INFO - [2023-07-02T01:19:14.761+0000] {manager.py:504} INFO - Created Permission View: can read on DAG:example_branch_datetime_operator_3
[2023-07-02T01:19:14.832+0000] {logging_mixin.py:149} INFO - [2023-07-02T01:19:14.832+0000] {manager.py:504} INFO - Created Permission View: can delete on DAG:example_branch_datetime_operator
[2023-07-02T01:19:14.871+0000] {logging_mixin.py:149} INFO - [2023-07-02T01:19:14.871+0000] {manager.py:504} INFO - Created Permission View: can edit on DAG:example_branch_datetime_operator
[2023-07-02T01:19:14.900+0000] {logging_mixin.py:149} INFO - [2023-07-02T01:19:14.899+0000] {manager.py:504} INFO - Created Permission View: can read on DAG:example_branch_datetime_operator
[2023-07-02T01:19:14.938+0000] {logging_mixin.py:149} INFO - [2023-07-02T01:19:14.938+0000] {dag.py:2726} INFO - Sync 3 DAGs
[2023-07-02T01:19:14.982+0000] {logging_mixin.py:149} INFO - [2023-07-02T01:19:14.982+0000] {dag.py:2747} INFO - Creating ORM DAG for example_branch_datetime_operator_3
[2023-07-02T01:19:14.984+0000] {logging_mixin.py:149} INFO - [2023-07-02T01:19:14.984+0000] {dag.py:2747} INFO - Creating ORM DAG for example_branch_datetime_operator_2
[2023-07-02T01:19:14.985+0000] {logging_mixin.py:149} INFO - [2023-07-02T01:19:14.985+0000] {dag.py:2747} INFO - Creating ORM DAG for example_branch_datetime_operator
[2023-07-02T01:19:15.027+0000] {logging_mixin.py:149} INFO - [2023-07-02T01:19:15.027+0000] {dag.py:3490} INFO - Setting next_dagrun for example_branch_datetime_operator to 2023-07-01T00:00:00+00:00, run_after=2023-07-02T00:00:00+00:00
[2023-07-02T01:19:15.032+0000] {logging_mixin.py:149} INFO - [2023-07-02T01:19:15.032+0000] {dag.py:3490} INFO - Setting next_dagrun for example_branch_datetime_operator_2 to 2023-07-01T00:00:00+00:00, run_after=2023-07-02T00:00:00+00:00
[2023-07-02T01:19:15.043+0000] {logging_mixin.py:149} INFO - [2023-07-02T01:19:15.043+0000] {dag.py:3490} INFO - Setting next_dagrun for example_branch_datetime_operator_3 to 2023-07-01T00:00:00+00:00, run_after=2023-07-02T00:00:00+00:00
[2023-07-02T01:19:15.127+0000] {processor.py:179} INFO - Processing /home/airflow/.local/lib/python3.7/site-packages/airflow/example_dags/example_branch_datetime_operator.py took 0.969 seconds
[2023-07-02T01:19:53.344+0000] {processor.py:157} INFO - Started process (PID=118) to work on /home/airflow/.local/lib/python3.7/site-packages/airflow/example_dags/example_branch_datetime_operator.py
[2023-07-02T01:19:53.348+0000] {processor.py:826} INFO - Processing file /home/airflow/.local/lib/python3.7/site-packages/airflow/example_dags/example_branch_datetime_operator.py for tasks to queue
[2023-07-02T01:19:53.350+0000] {logging_mixin.py:149} INFO - [2023-07-02T01:19:53.350+0000] {dagbag.py:541} INFO - Filling up the DagBag from /home/airflow/.local/lib/python3.7/site-packages/airflow/example_dags/example_branch_datetime_operator.py
[2023-07-02T01:19:53.384+0000] {processor.py:836} INFO - DAG(s) dict_keys(['example_branch_datetime_operator_3', 'example_branch_datetime_operator', 'example_branch_datetime_operator_2']) retrieved from /home/airflow/.local/lib/python3.7/site-packages/airflow/example_dags/example_branch_datetime_operator.py
[2023-07-02T01:19:53.492+0000] {logging_mixin.py:149} INFO - [2023-07-02T01:19:53.492+0000] {dag.py:2726} INFO - Sync 3 DAGs
[2023-07-02T01:19:53.568+0000] {logging_mixin.py:149} INFO - [2023-07-02T01:19:53.568+0000] {dag.py:3490} INFO - Setting next_dagrun for example_branch_datetime_operator to 2023-07-01T00:00:00+00:00, run_after=2023-07-02T00:00:00+00:00
[2023-07-02T01:19:53.584+0000] {logging_mixin.py:149} INFO - [2023-07-02T01:19:53.584+0000] {dag.py:3490} INFO - Setting next_dagrun for example_branch_datetime_operator_2 to 2023-07-01T00:00:00+00:00, run_after=2023-07-02T00:00:00+00:00
[2023-07-02T01:19:53.599+0000] {logging_mixin.py:149} INFO - [2023-07-02T01:19:53.599+0000] {dag.py:3490} INFO - Setting next_dagrun for example_branch_datetime_operator_3 to 2023-07-01T00:00:00+00:00, run_after=2023-07-02T00:00:00+00:00
[2023-07-02T01:19:53.652+0000] {processor.py:179} INFO - Processing /home/airflow/.local/lib/python3.7/site-packages/airflow/example_dags/example_branch_datetime_operator.py took 0.313 seconds
[2023-07-02T01:20:24.169+0000] {processor.py:157} INFO - Started process (PID=176) to work on /home/airflow/.local/lib/python3.7/site-packages/airflow/example_dags/example_branch_datetime_operator.py
[2023-07-02T01:20:24.174+0000] {processor.py:826} INFO - Processing file /home/airflow/.local/lib/python3.7/site-packages/airflow/example_dags/example_branch_datetime_operator.py for tasks to queue
[2023-07-02T01:20:24.178+0000] {logging_mixin.py:149} INFO - [2023-07-02T01:20:24.177+0000] {dagbag.py:541} INFO - Filling up the DagBag from /home/airflow/.local/lib/python3.7/site-packages/airflow/example_dags/example_branch_datetime_operator.py
[2023-07-02T01:20:24.214+0000] {processor.py:836} INFO - DAG(s) dict_keys(['example_branch_datetime_operator', 'example_branch_datetime_operator_3', 'example_branch_datetime_operator_2']) retrieved from /home/airflow/.local/lib/python3.7/site-packages/airflow/example_dags/example_branch_datetime_operator.py
[2023-07-02T01:20:24.325+0000] {logging_mixin.py:149} INFO - [2023-07-02T01:20:24.325+0000] {dag.py:2726} INFO - Sync 3 DAGs
[2023-07-02T01:20:24.386+0000] {logging_mixin.py:149} INFO - [2023-07-02T01:20:24.386+0000] {dag.py:3490} INFO - Setting next_dagrun for example_branch_datetime_operator to 2023-07-01T00:00:00+00:00, run_after=2023-07-02T00:00:00+00:00
[2023-07-02T01:20:24.407+0000] {logging_mixin.py:149} INFO - [2023-07-02T01:20:24.407+0000] {dag.py:3490} INFO - Setting next_dagrun for example_branch_datetime_operator_2 to 2023-07-01T00:00:00+00:00, run_after=2023-07-02T00:00:00+00:00
[2023-07-02T01:20:24.412+0000] {logging_mixin.py:149} INFO - [2023-07-02T01:20:24.412+0000] {dag.py:3490} INFO - Setting next_dagrun for example_branch_datetime_operator_3 to 2023-07-01T00:00:00+00:00, run_after=2023-07-02T00:00:00+00:00
[2023-07-02T01:20:24.444+0000] {processor.py:179} INFO - Processing /home/airflow/.local/lib/python3.7/site-packages/airflow/example_dags/example_branch_datetime_operator.py took 0.295 seconds
[2023-07-02T01:20:54.855+0000] {processor.py:157} INFO - Started process (PID=235) to work on /home/airflow/.local/lib/python3.7/site-packages/airflow/example_dags/example_branch_datetime_operator.py
[2023-07-02T01:20:54.878+0000] {processor.py:826} INFO - Processing file /home/airflow/.local/lib/python3.7/site-packages/airflow/example_dags/example_branch_datetime_operator.py for tasks to queue
[2023-07-02T01:20:54.881+0000] {logging_mixin.py:149} INFO - [2023-07-02T01:20:54.880+0000] {dagbag.py:541} INFO - Filling up the DagBag from /home/airflow/.local/lib/python3.7/site-packages/airflow/example_dags/example_branch_datetime_operator.py
[2023-07-02T01:20:54.909+0000] {processor.py:836} INFO - DAG(s) dict_keys(['example_branch_datetime_operator', 'example_branch_datetime_operator_2', 'example_branch_datetime_operator_3']) retrieved from /home/airflow/.local/lib/python3.7/site-packages/airflow/example_dags/example_branch_datetime_operator.py
[2023-07-02T01:20:54.981+0000] {logging_mixin.py:149} INFO - [2023-07-02T01:20:54.980+0000] {dag.py:2726} INFO - Sync 3 DAGs
[2023-07-02T01:20:55.050+0000] {logging_mixin.py:149} INFO - [2023-07-02T01:20:55.049+0000] {dag.py:3490} INFO - Setting next_dagrun for example_branch_datetime_operator to 2023-07-01T00:00:00+00:00, run_after=2023-07-02T00:00:00+00:00
[2023-07-02T01:20:55.059+0000] {logging_mixin.py:149} INFO - [2023-07-02T01:20:55.059+0000] {dag.py:3490} INFO - Setting next_dagrun for example_branch_datetime_operator_2 to 2023-07-01T00:00:00+00:00, run_after=2023-07-02T00:00:00+00:00
[2023-07-02T01:20:55.065+0000] {logging_mixin.py:149} INFO - [2023-07-02T01:20:55.065+0000] {dag.py:3490} INFO - Setting next_dagrun for example_branch_datetime_operator_3 to 2023-07-01T00:00:00+00:00, run_after=2023-07-02T00:00:00+00:00
[2023-07-02T01:20:55.100+0000] {processor.py:179} INFO - Processing /home/airflow/.local/lib/python3.7/site-packages/airflow/example_dags/example_branch_datetime_operator.py took 0.253 seconds
[2023-07-02T01:21:25.461+0000] {processor.py:157} INFO - Started process (PID=294) to work on /home/airflow/.local/lib/python3.7/site-packages/airflow/example_dags/example_branch_datetime_operator.py
[2023-07-02T01:21:25.463+0000] {processor.py:826} INFO - Processing file /home/airflow/.local/lib/python3.7/site-packages/airflow/example_dags/example_branch_datetime_operator.py for tasks to queue
[2023-07-02T01:21:25.466+0000] {logging_mixin.py:149} INFO - [2023-07-02T01:21:25.466+0000] {dagbag.py:541} INFO - Filling up the DagBag from /home/airflow/.local/lib/python3.7/site-packages/airflow/example_dags/example_branch_datetime_operator.py
[2023-07-02T01:21:25.486+0000] {processor.py:836} INFO - DAG(s) dict_keys(['example_branch_datetime_operator_2', 'example_branch_datetime_operator', 'example_branch_datetime_operator_3']) retrieved from /home/airflow/.local/lib/python3.7/site-packages/airflow/example_dags/example_branch_datetime_operator.py
[2023-07-02T01:21:25.548+0000] {logging_mixin.py:149} INFO - [2023-07-02T01:21:25.547+0000] {dag.py:2726} INFO - Sync 3 DAGs
[2023-07-02T01:21:25.599+0000] {logging_mixin.py:149} INFO - [2023-07-02T01:21:25.599+0000] {dag.py:3490} INFO - Setting next_dagrun for example_branch_datetime_operator to 2023-07-01T00:00:00+00:00, run_after=2023-07-02T00:00:00+00:00
[2023-07-02T01:21:25.614+0000] {logging_mixin.py:149} INFO - [2023-07-02T01:21:25.614+0000] {dag.py:3490} INFO - Setting next_dagrun for example_branch_datetime_operator_2 to 2023-07-01T00:00:00+00:00, run_after=2023-07-02T00:00:00+00:00
[2023-07-02T01:21:25.620+0000] {logging_mixin.py:149} INFO - [2023-07-02T01:21:25.619+0000] {dag.py:3490} INFO - Setting next_dagrun for example_branch_datetime_operator_3 to 2023-07-01T00:00:00+00:00, run_after=2023-07-02T00:00:00+00:00
[2023-07-02T01:21:25.659+0000] {processor.py:179} INFO - Processing /home/airflow/.local/lib/python3.7/site-packages/airflow/example_dags/example_branch_datetime_operator.py took 0.204 seconds
[2023-07-02T01:21:56.782+0000] {processor.py:157} INFO - Started process (PID=351) to work on /home/airflow/.local/lib/python3.7/site-packages/airflow/example_dags/example_branch_datetime_operator.py
[2023-07-02T01:21:56.784+0000] {processor.py:826} INFO - Processing file /home/airflow/.local/lib/python3.7/site-packages/airflow/example_dags/example_branch_datetime_operator.py for tasks to queue
[2023-07-02T01:21:56.786+0000] {logging_mixin.py:149} INFO - [2023-07-02T01:21:56.786+0000] {dagbag.py:541} INFO - Filling up the DagBag from /home/airflow/.local/lib/python3.7/site-packages/airflow/example_dags/example_branch_datetime_operator.py
[2023-07-02T01:21:56.809+0000] {processor.py:836} INFO - DAG(s) dict_keys(['example_branch_datetime_operator_2', 'example_branch_datetime_operator_3', 'example_branch_datetime_operator']) retrieved from /home/airflow/.local/lib/python3.7/site-packages/airflow/example_dags/example_branch_datetime_operator.py
[2023-07-02T01:21:56.871+0000] {logging_mixin.py:149} INFO - [2023-07-02T01:21:56.870+0000] {dag.py:2726} INFO - Sync 3 DAGs
[2023-07-02T01:21:56.929+0000] {logging_mixin.py:149} INFO - [2023-07-02T01:21:56.928+0000] {dag.py:3490} INFO - Setting next_dagrun for example_branch_datetime_operator to 2023-07-01T00:00:00+00:00, run_after=2023-07-02T00:00:00+00:00
[2023-07-02T01:21:56.939+0000] {logging_mixin.py:149} INFO - [2023-07-02T01:21:56.938+0000] {dag.py:3490} INFO - Setting next_dagrun for example_branch_datetime_operator_2 to 2023-07-01T00:00:00+00:00, run_after=2023-07-02T00:00:00+00:00
[2023-07-02T01:21:56.944+0000] {logging_mixin.py:149} INFO - [2023-07-02T01:21:56.944+0000] {dag.py:3490} INFO - Setting next_dagrun for example_branch_datetime_operator_3 to 2023-07-01T00:00:00+00:00, run_after=2023-07-02T00:00:00+00:00
[2023-07-02T01:21:56.986+0000] {processor.py:179} INFO - Processing /home/airflow/.local/lib/python3.7/site-packages/airflow/example_dags/example_branch_datetime_operator.py took 0.210 seconds
[2023-07-02T01:22:27.235+0000] {processor.py:157} INFO - Started process (PID=409) to work on /home/airflow/.local/lib/python3.7/site-packages/airflow/example_dags/example_branch_datetime_operator.py
[2023-07-02T01:22:27.240+0000] {processor.py:826} INFO - Processing file /home/airflow/.local/lib/python3.7/site-packages/airflow/example_dags/example_branch_datetime_operator.py for tasks to queue
[2023-07-02T01:22:27.242+0000] {logging_mixin.py:149} INFO - [2023-07-02T01:22:27.241+0000] {dagbag.py:541} INFO - Filling up the DagBag from /home/airflow/.local/lib/python3.7/site-packages/airflow/example_dags/example_branch_datetime_operator.py
[2023-07-02T01:22:27.271+0000] {processor.py:836} INFO - DAG(s) dict_keys(['example_branch_datetime_operator_2', 'example_branch_datetime_operator_3', 'example_branch_datetime_operator']) retrieved from /home/airflow/.local/lib/python3.7/site-packages/airflow/example_dags/example_branch_datetime_operator.py
[2023-07-02T01:22:27.338+0000] {logging_mixin.py:149} INFO - [2023-07-02T01:22:27.337+0000] {dag.py:2726} INFO - Sync 3 DAGs
[2023-07-02T01:22:27.400+0000] {logging_mixin.py:149} INFO - [2023-07-02T01:22:27.400+0000] {dag.py:3490} INFO - Setting next_dagrun for example_branch_datetime_operator to 2023-07-01T00:00:00+00:00, run_after=2023-07-02T00:00:00+00:00
[2023-07-02T01:22:27.413+0000] {logging_mixin.py:149} INFO - [2023-07-02T01:22:27.412+0000] {dag.py:3490} INFO - Setting next_dagrun for example_branch_datetime_operator_2 to 2023-07-01T00:00:00+00:00, run_after=2023-07-02T00:00:00+00:00
[2023-07-02T01:22:27.420+0000] {logging_mixin.py:149} INFO - [2023-07-02T01:22:27.420+0000] {dag.py:3490} INFO - Setting next_dagrun for example_branch_datetime_operator_3 to 2023-07-01T00:00:00+00:00, run_after=2023-07-02T00:00:00+00:00
[2023-07-02T01:22:27.456+0000] {processor.py:179} INFO - Processing /home/airflow/.local/lib/python3.7/site-packages/airflow/example_dags/example_branch_datetime_operator.py took 0.227 seconds
[2023-07-02T01:22:57.955+0000] {processor.py:157} INFO - Started process (PID=470) to work on /home/airflow/.local/lib/python3.7/site-packages/airflow/example_dags/example_branch_datetime_operator.py
[2023-07-02T01:22:57.958+0000] {processor.py:826} INFO - Processing file /home/airflow/.local/lib/python3.7/site-packages/airflow/example_dags/example_branch_datetime_operator.py for tasks to queue
[2023-07-02T01:22:57.961+0000] {logging_mixin.py:149} INFO - [2023-07-02T01:22:57.961+0000] {dagbag.py:541} INFO - Filling up the DagBag from /home/airflow/.local/lib/python3.7/site-packages/airflow/example_dags/example_branch_datetime_operator.py
[2023-07-02T01:22:58.000+0000] {processor.py:836} INFO - DAG(s) dict_keys(['example_branch_datetime_operator', 'example_branch_datetime_operator_2', 'example_branch_datetime_operator_3']) retrieved from /home/airflow/.local/lib/python3.7/site-packages/airflow/example_dags/example_branch_datetime_operator.py
[2023-07-02T01:22:58.123+0000] {logging_mixin.py:149} INFO - [2023-07-02T01:22:58.123+0000] {dag.py:2726} INFO - Sync 3 DAGs
[2023-07-02T01:22:58.244+0000] {logging_mixin.py:149} INFO - [2023-07-02T01:22:58.243+0000] {dag.py:3490} INFO - Setting next_dagrun for example_branch_datetime_operator to 2023-07-01T00:00:00+00:00, run_after=2023-07-02T00:00:00+00:00
[2023-07-02T01:22:58.267+0000] {logging_mixin.py:149} INFO - [2023-07-02T01:22:58.266+0000] {dag.py:3490} INFO - Setting next_dagrun for example_branch_datetime_operator_2 to 2023-07-01T00:00:00+00:00, run_after=2023-07-02T00:00:00+00:00
[2023-07-02T01:22:58.277+0000] {logging_mixin.py:149} INFO - [2023-07-02T01:22:58.277+0000] {dag.py:3490} INFO - Setting next_dagrun for example_branch_datetime_operator_3 to 2023-07-01T00:00:00+00:00, run_after=2023-07-02T00:00:00+00:00
[2023-07-02T01:22:58.327+0000] {processor.py:179} INFO - Processing /home/airflow/.local/lib/python3.7/site-packages/airflow/example_dags/example_branch_datetime_operator.py took 0.383 seconds
[2023-07-02T01:23:28.663+0000] {processor.py:157} INFO - Started process (PID=529) to work on /home/airflow/.local/lib/python3.7/site-packages/airflow/example_dags/example_branch_datetime_operator.py
[2023-07-02T01:23:28.665+0000] {processor.py:826} INFO - Processing file /home/airflow/.local/lib/python3.7/site-packages/airflow/example_dags/example_branch_datetime_operator.py for tasks to queue
[2023-07-02T01:23:28.667+0000] {logging_mixin.py:149} INFO - [2023-07-02T01:23:28.667+0000] {dagbag.py:541} INFO - Filling up the DagBag from /home/airflow/.local/lib/python3.7/site-packages/airflow/example_dags/example_branch_datetime_operator.py
[2023-07-02T01:23:28.688+0000] {processor.py:836} INFO - DAG(s) dict_keys(['example_branch_datetime_operator_2', 'example_branch_datetime_operator', 'example_branch_datetime_operator_3']) retrieved from /home/airflow/.local/lib/python3.7/site-packages/airflow/example_dags/example_branch_datetime_operator.py
[2023-07-02T01:23:28.780+0000] {logging_mixin.py:149} INFO - [2023-07-02T01:23:28.779+0000] {dag.py:2726} INFO - Sync 3 DAGs
[2023-07-02T01:23:28.843+0000] {logging_mixin.py:149} INFO - [2023-07-02T01:23:28.843+0000] {dag.py:3490} INFO - Setting next_dagrun for example_branch_datetime_operator to 2023-07-01T00:00:00+00:00, run_after=2023-07-02T00:00:00+00:00
[2023-07-02T01:23:28.853+0000] {logging_mixin.py:149} INFO - [2023-07-02T01:23:28.852+0000] {dag.py:3490} INFO - Setting next_dagrun for example_branch_datetime_operator_2 to 2023-07-01T00:00:00+00:00, run_after=2023-07-02T00:00:00+00:00
[2023-07-02T01:23:28.858+0000] {logging_mixin.py:149} INFO - [2023-07-02T01:23:28.858+0000] {dag.py:3490} INFO - Setting next_dagrun for example_branch_datetime_operator_3 to 2023-07-01T00:00:00+00:00, run_after=2023-07-02T00:00:00+00:00
[2023-07-02T01:23:28.890+0000] {processor.py:179} INFO - Processing /home/airflow/.local/lib/python3.7/site-packages/airflow/example_dags/example_branch_datetime_operator.py took 0.233 seconds
[2023-07-02T02:04:19.838+0000] {processor.py:157} INFO - Started process (PID=52) to work on /home/airflow/.local/lib/python3.7/site-packages/airflow/example_dags/example_branch_datetime_operator.py
[2023-07-02T02:04:19.840+0000] {processor.py:826} INFO - Processing file /home/airflow/.local/lib/python3.7/site-packages/airflow/example_dags/example_branch_datetime_operator.py for tasks to queue
[2023-07-02T02:04:19.842+0000] {logging_mixin.py:149} INFO - [2023-07-02T02:04:19.842+0000] {dagbag.py:541} INFO - Filling up the DagBag from /home/airflow/.local/lib/python3.7/site-packages/airflow/example_dags/example_branch_datetime_operator.py
[2023-07-02T02:04:19.861+0000] {processor.py:836} INFO - DAG(s) dict_keys(['example_branch_datetime_operator_3', 'example_branch_datetime_operator', 'example_branch_datetime_operator_2']) retrieved from /home/airflow/.local/lib/python3.7/site-packages/airflow/example_dags/example_branch_datetime_operator.py
[2023-07-02T02:04:19.921+0000] {logging_mixin.py:149} INFO - [2023-07-02T02:04:19.921+0000] {dag.py:2726} INFO - Sync 3 DAGs
[2023-07-02T02:04:19.973+0000] {logging_mixin.py:149} INFO - [2023-07-02T02:04:19.973+0000] {dag.py:3490} INFO - Setting next_dagrun for example_branch_datetime_operator to 2023-07-01T00:00:00+00:00, run_after=2023-07-02T00:00:00+00:00
[2023-07-02T02:04:19.982+0000] {logging_mixin.py:149} INFO - [2023-07-02T02:04:19.982+0000] {dag.py:3490} INFO - Setting next_dagrun for example_branch_datetime_operator_2 to 2023-07-01T00:00:00+00:00, run_after=2023-07-02T00:00:00+00:00
[2023-07-02T02:04:19.990+0000] {logging_mixin.py:149} INFO - [2023-07-02T02:04:19.990+0000] {dag.py:3490} INFO - Setting next_dagrun for example_branch_datetime_operator_3 to 2023-07-01T00:00:00+00:00, run_after=2023-07-02T00:00:00+00:00
[2023-07-02T02:04:20.026+0000] {processor.py:179} INFO - Processing /home/airflow/.local/lib/python3.7/site-packages/airflow/example_dags/example_branch_datetime_operator.py took 0.198 seconds
[2023-07-02T02:04:50.869+0000] {processor.py:157} INFO - Started process (PID=110) to work on /home/airflow/.local/lib/python3.7/site-packages/airflow/example_dags/example_branch_datetime_operator.py
[2023-07-02T02:04:50.871+0000] {processor.py:826} INFO - Processing file /home/airflow/.local/lib/python3.7/site-packages/airflow/example_dags/example_branch_datetime_operator.py for tasks to queue
[2023-07-02T02:04:50.872+0000] {logging_mixin.py:149} INFO - [2023-07-02T02:04:50.872+0000] {dagbag.py:541} INFO - Filling up the DagBag from /home/airflow/.local/lib/python3.7/site-packages/airflow/example_dags/example_branch_datetime_operator.py
[2023-07-02T02:04:50.885+0000] {processor.py:836} INFO - DAG(s) dict_keys(['example_branch_datetime_operator_3', 'example_branch_datetime_operator_2', 'example_branch_datetime_operator']) retrieved from /home/airflow/.local/lib/python3.7/site-packages/airflow/example_dags/example_branch_datetime_operator.py
[2023-07-02T02:04:50.927+0000] {logging_mixin.py:149} INFO - [2023-07-02T02:04:50.927+0000] {dag.py:2726} INFO - Sync 3 DAGs
[2023-07-02T02:04:50.959+0000] {logging_mixin.py:149} INFO - [2023-07-02T02:04:50.959+0000] {dag.py:3490} INFO - Setting next_dagrun for example_branch_datetime_operator to 2023-07-01T00:00:00+00:00, run_after=2023-07-02T00:00:00+00:00
[2023-07-02T02:04:50.966+0000] {logging_mixin.py:149} INFO - [2023-07-02T02:04:50.965+0000] {dag.py:3490} INFO - Setting next_dagrun for example_branch_datetime_operator_2 to 2023-07-01T00:00:00+00:00, run_after=2023-07-02T00:00:00+00:00
[2023-07-02T02:04:50.969+0000] {logging_mixin.py:149} INFO - [2023-07-02T02:04:50.969+0000] {dag.py:3490} INFO - Setting next_dagrun for example_branch_datetime_operator_3 to 2023-07-01T00:00:00+00:00, run_after=2023-07-02T00:00:00+00:00
[2023-07-02T02:04:50.993+0000] {processor.py:179} INFO - Processing /home/airflow/.local/lib/python3.7/site-packages/airflow/example_dags/example_branch_datetime_operator.py took 0.128 seconds
[2023-07-02T02:05:22.011+0000] {processor.py:157} INFO - Started process (PID=167) to work on /home/airflow/.local/lib/python3.7/site-packages/airflow/example_dags/example_branch_datetime_operator.py
[2023-07-02T02:05:22.012+0000] {processor.py:826} INFO - Processing file /home/airflow/.local/lib/python3.7/site-packages/airflow/example_dags/example_branch_datetime_operator.py for tasks to queue
[2023-07-02T02:05:22.013+0000] {logging_mixin.py:149} INFO - [2023-07-02T02:05:22.013+0000] {dagbag.py:541} INFO - Filling up the DagBag from /home/airflow/.local/lib/python3.7/site-packages/airflow/example_dags/example_branch_datetime_operator.py
[2023-07-02T02:05:22.027+0000] {processor.py:836} INFO - DAG(s) dict_keys(['example_branch_datetime_operator', 'example_branch_datetime_operator_3', 'example_branch_datetime_operator_2']) retrieved from /home/airflow/.local/lib/python3.7/site-packages/airflow/example_dags/example_branch_datetime_operator.py
[2023-07-02T02:05:22.087+0000] {logging_mixin.py:149} INFO - [2023-07-02T02:05:22.087+0000] {dag.py:2726} INFO - Sync 3 DAGs
[2023-07-02T02:05:22.120+0000] {logging_mixin.py:149} INFO - [2023-07-02T02:05:22.120+0000] {dag.py:3490} INFO - Setting next_dagrun for example_branch_datetime_operator to 2023-07-01T00:00:00+00:00, run_after=2023-07-02T00:00:00+00:00
[2023-07-02T02:05:22.127+0000] {logging_mixin.py:149} INFO - [2023-07-02T02:05:22.126+0000] {dag.py:3490} INFO - Setting next_dagrun for example_branch_datetime_operator_2 to 2023-07-01T00:00:00+00:00, run_after=2023-07-02T00:00:00+00:00
[2023-07-02T02:05:22.130+0000] {logging_mixin.py:149} INFO - [2023-07-02T02:05:22.130+0000] {dag.py:3490} INFO - Setting next_dagrun for example_branch_datetime_operator_3 to 2023-07-01T00:00:00+00:00, run_after=2023-07-02T00:00:00+00:00
[2023-07-02T02:05:22.156+0000] {processor.py:179} INFO - Processing /home/airflow/.local/lib/python3.7/site-packages/airflow/example_dags/example_branch_datetime_operator.py took 0.149 seconds
[2023-07-02T02:05:52.513+0000] {processor.py:157} INFO - Started process (PID=226) to work on /home/airflow/.local/lib/python3.7/site-packages/airflow/example_dags/example_branch_datetime_operator.py
[2023-07-02T02:05:52.514+0000] {processor.py:826} INFO - Processing file /home/airflow/.local/lib/python3.7/site-packages/airflow/example_dags/example_branch_datetime_operator.py for tasks to queue
[2023-07-02T02:05:52.515+0000] {logging_mixin.py:149} INFO - [2023-07-02T02:05:52.515+0000] {dagbag.py:541} INFO - Filling up the DagBag from /home/airflow/.local/lib/python3.7/site-packages/airflow/example_dags/example_branch_datetime_operator.py
[2023-07-02T02:05:52.530+0000] {processor.py:836} INFO - DAG(s) dict_keys(['example_branch_datetime_operator_3', 'example_branch_datetime_operator', 'example_branch_datetime_operator_2']) retrieved from /home/airflow/.local/lib/python3.7/site-packages/airflow/example_dags/example_branch_datetime_operator.py
[2023-07-02T02:05:52.590+0000] {logging_mixin.py:149} INFO - [2023-07-02T02:05:52.589+0000] {dag.py:2726} INFO - Sync 3 DAGs
[2023-07-02T02:05:52.631+0000] {logging_mixin.py:149} INFO - [2023-07-02T02:05:52.630+0000] {dag.py:3490} INFO - Setting next_dagrun for example_branch_datetime_operator to 2023-07-01T00:00:00+00:00, run_after=2023-07-02T00:00:00+00:00
[2023-07-02T02:05:52.638+0000] {logging_mixin.py:149} INFO - [2023-07-02T02:05:52.638+0000] {dag.py:3490} INFO - Setting next_dagrun for example_branch_datetime_operator_2 to 2023-07-01T00:00:00+00:00, run_after=2023-07-02T00:00:00+00:00
[2023-07-02T02:05:52.642+0000] {logging_mixin.py:149} INFO - [2023-07-02T02:05:52.642+0000] {dag.py:3490} INFO - Setting next_dagrun for example_branch_datetime_operator_3 to 2023-07-01T00:00:00+00:00, run_after=2023-07-02T00:00:00+00:00
[2023-07-02T02:05:52.667+0000] {processor.py:179} INFO - Processing /home/airflow/.local/lib/python3.7/site-packages/airflow/example_dags/example_branch_datetime_operator.py took 0.159 seconds
[2023-07-02T02:06:23.607+0000] {processor.py:157} INFO - Started process (PID=284) to work on /home/airflow/.local/lib/python3.7/site-packages/airflow/example_dags/example_branch_datetime_operator.py
[2023-07-02T02:06:23.608+0000] {processor.py:826} INFO - Processing file /home/airflow/.local/lib/python3.7/site-packages/airflow/example_dags/example_branch_datetime_operator.py for tasks to queue
[2023-07-02T02:06:23.610+0000] {logging_mixin.py:149} INFO - [2023-07-02T02:06:23.609+0000] {dagbag.py:541} INFO - Filling up the DagBag from /home/airflow/.local/lib/python3.7/site-packages/airflow/example_dags/example_branch_datetime_operator.py
[2023-07-02T02:06:23.623+0000] {processor.py:836} INFO - DAG(s) dict_keys(['example_branch_datetime_operator_2', 'example_branch_datetime_operator', 'example_branch_datetime_operator_3']) retrieved from /home/airflow/.local/lib/python3.7/site-packages/airflow/example_dags/example_branch_datetime_operator.py
[2023-07-02T02:06:23.670+0000] {logging_mixin.py:149} INFO - [2023-07-02T02:06:23.670+0000] {dag.py:2726} INFO - Sync 3 DAGs
[2023-07-02T02:06:23.709+0000] {logging_mixin.py:149} INFO - [2023-07-02T02:06:23.709+0000] {dag.py:3490} INFO - Setting next_dagrun for example_branch_datetime_operator to 2023-07-01T00:00:00+00:00, run_after=2023-07-02T00:00:00+00:00
[2023-07-02T02:06:23.716+0000] {logging_mixin.py:149} INFO - [2023-07-02T02:06:23.716+0000] {dag.py:3490} INFO - Setting next_dagrun for example_branch_datetime_operator_2 to 2023-07-01T00:00:00+00:00, run_after=2023-07-02T00:00:00+00:00
[2023-07-02T02:06:23.720+0000] {logging_mixin.py:149} INFO - [2023-07-02T02:06:23.720+0000] {dag.py:3490} INFO - Setting next_dagrun for example_branch_datetime_operator_3 to 2023-07-01T00:00:00+00:00, run_after=2023-07-02T00:00:00+00:00
[2023-07-02T02:06:23.748+0000] {processor.py:179} INFO - Processing /home/airflow/.local/lib/python3.7/site-packages/airflow/example_dags/example_branch_datetime_operator.py took 0.145 seconds
[2023-07-02T02:06:53.922+0000] {processor.py:157} INFO - Started process (PID=342) to work on /home/airflow/.local/lib/python3.7/site-packages/airflow/example_dags/example_branch_datetime_operator.py
[2023-07-02T02:06:53.923+0000] {processor.py:826} INFO - Processing file /home/airflow/.local/lib/python3.7/site-packages/airflow/example_dags/example_branch_datetime_operator.py for tasks to queue
[2023-07-02T02:06:53.924+0000] {logging_mixin.py:149} INFO - [2023-07-02T02:06:53.924+0000] {dagbag.py:541} INFO - Filling up the DagBag from /home/airflow/.local/lib/python3.7/site-packages/airflow/example_dags/example_branch_datetime_operator.py
[2023-07-02T02:06:53.938+0000] {processor.py:836} INFO - DAG(s) dict_keys(['example_branch_datetime_operator_2', 'example_branch_datetime_operator', 'example_branch_datetime_operator_3']) retrieved from /home/airflow/.local/lib/python3.7/site-packages/airflow/example_dags/example_branch_datetime_operator.py
[2023-07-02T02:06:53.984+0000] {logging_mixin.py:149} INFO - [2023-07-02T02:06:53.984+0000] {dag.py:2726} INFO - Sync 3 DAGs
[2023-07-02T02:06:54.021+0000] {logging_mixin.py:149} INFO - [2023-07-02T02:06:54.020+0000] {dag.py:3490} INFO - Setting next_dagrun for example_branch_datetime_operator to 2023-07-01T00:00:00+00:00, run_after=2023-07-02T00:00:00+00:00
[2023-07-02T02:06:54.033+0000] {logging_mixin.py:149} INFO - [2023-07-02T02:06:54.032+0000] {dag.py:3490} INFO - Setting next_dagrun for example_branch_datetime_operator_2 to 2023-07-01T00:00:00+00:00, run_after=2023-07-02T00:00:00+00:00
[2023-07-02T02:06:54.052+0000] {logging_mixin.py:149} INFO - [2023-07-02T02:06:54.052+0000] {dag.py:3490} INFO - Setting next_dagrun for example_branch_datetime_operator_3 to 2023-07-01T00:00:00+00:00, run_after=2023-07-02T00:00:00+00:00
[2023-07-02T02:06:54.079+0000] {processor.py:179} INFO - Processing /home/airflow/.local/lib/python3.7/site-packages/airflow/example_dags/example_branch_datetime_operator.py took 0.162 seconds
[2023-07-02T02:12:40.409+0000] {processor.py:157} INFO - Started process (PID=52) to work on /home/airflow/.local/lib/python3.7/site-packages/airflow/example_dags/example_branch_datetime_operator.py
[2023-07-02T02:12:40.411+0000] {processor.py:826} INFO - Processing file /home/airflow/.local/lib/python3.7/site-packages/airflow/example_dags/example_branch_datetime_operator.py for tasks to queue
[2023-07-02T02:12:40.412+0000] {logging_mixin.py:149} INFO - [2023-07-02T02:12:40.412+0000] {dagbag.py:541} INFO - Filling up the DagBag from /home/airflow/.local/lib/python3.7/site-packages/airflow/example_dags/example_branch_datetime_operator.py
[2023-07-02T02:12:40.429+0000] {processor.py:836} INFO - DAG(s) dict_keys(['example_branch_datetime_operator_3', 'example_branch_datetime_operator_2', 'example_branch_datetime_operator']) retrieved from /home/airflow/.local/lib/python3.7/site-packages/airflow/example_dags/example_branch_datetime_operator.py
[2023-07-02T02:12:40.480+0000] {logging_mixin.py:149} INFO - [2023-07-02T02:12:40.479+0000] {dag.py:2726} INFO - Sync 3 DAGs
[2023-07-02T02:12:40.657+0000] {logging_mixin.py:149} INFO - [2023-07-02T02:12:40.656+0000] {dag.py:3490} INFO - Setting next_dagrun for example_branch_datetime_operator to 2023-07-01T00:00:00+00:00, run_after=2023-07-02T00:00:00+00:00
[2023-07-02T02:12:40.670+0000] {logging_mixin.py:149} INFO - [2023-07-02T02:12:40.670+0000] {dag.py:3490} INFO - Setting next_dagrun for example_branch_datetime_operator_2 to 2023-07-01T00:00:00+00:00, run_after=2023-07-02T00:00:00+00:00
[2023-07-02T02:12:40.675+0000] {logging_mixin.py:149} INFO - [2023-07-02T02:12:40.674+0000] {dag.py:3490} INFO - Setting next_dagrun for example_branch_datetime_operator_3 to 2023-07-01T00:00:00+00:00, run_after=2023-07-02T00:00:00+00:00
[2023-07-02T02:12:40.697+0000] {processor.py:179} INFO - Processing /home/airflow/.local/lib/python3.7/site-packages/airflow/example_dags/example_branch_datetime_operator.py took 0.293 seconds
[2023-07-02T02:13:11.115+0000] {processor.py:157} INFO - Started process (PID=113) to work on /home/airflow/.local/lib/python3.7/site-packages/airflow/example_dags/example_branch_datetime_operator.py
[2023-07-02T02:13:11.116+0000] {processor.py:826} INFO - Processing file /home/airflow/.local/lib/python3.7/site-packages/airflow/example_dags/example_branch_datetime_operator.py for tasks to queue
[2023-07-02T02:13:11.117+0000] {logging_mixin.py:149} INFO - [2023-07-02T02:13:11.117+0000] {dagbag.py:541} INFO - Filling up the DagBag from /home/airflow/.local/lib/python3.7/site-packages/airflow/example_dags/example_branch_datetime_operator.py
[2023-07-02T02:13:11.130+0000] {processor.py:836} INFO - DAG(s) dict_keys(['example_branch_datetime_operator_2', 'example_branch_datetime_operator', 'example_branch_datetime_operator_3']) retrieved from /home/airflow/.local/lib/python3.7/site-packages/airflow/example_dags/example_branch_datetime_operator.py
[2023-07-02T02:13:11.172+0000] {logging_mixin.py:149} INFO - [2023-07-02T02:13:11.171+0000] {dag.py:2726} INFO - Sync 3 DAGs
[2023-07-02T02:13:11.209+0000] {logging_mixin.py:149} INFO - [2023-07-02T02:13:11.208+0000] {dag.py:3490} INFO - Setting next_dagrun for example_branch_datetime_operator to 2023-07-01T00:00:00+00:00, run_after=2023-07-02T00:00:00+00:00
[2023-07-02T02:13:11.215+0000] {logging_mixin.py:149} INFO - [2023-07-02T02:13:11.215+0000] {dag.py:3490} INFO - Setting next_dagrun for example_branch_datetime_operator_2 to 2023-07-01T00:00:00+00:00, run_after=2023-07-02T00:00:00+00:00
[2023-07-02T02:13:11.219+0000] {logging_mixin.py:149} INFO - [2023-07-02T02:13:11.219+0000] {dag.py:3490} INFO - Setting next_dagrun for example_branch_datetime_operator_3 to 2023-07-01T00:00:00+00:00, run_after=2023-07-02T00:00:00+00:00
[2023-07-02T02:13:11.242+0000] {processor.py:179} INFO - Processing /home/airflow/.local/lib/python3.7/site-packages/airflow/example_dags/example_branch_datetime_operator.py took 0.132 seconds
[2023-07-02T02:13:41.426+0000] {processor.py:157} INFO - Started process (PID=171) to work on /home/airflow/.local/lib/python3.7/site-packages/airflow/example_dags/example_branch_datetime_operator.py
[2023-07-02T02:13:41.427+0000] {processor.py:826} INFO - Processing file /home/airflow/.local/lib/python3.7/site-packages/airflow/example_dags/example_branch_datetime_operator.py for tasks to queue
[2023-07-02T02:13:41.428+0000] {logging_mixin.py:149} INFO - [2023-07-02T02:13:41.428+0000] {dagbag.py:541} INFO - Filling up the DagBag from /home/airflow/.local/lib/python3.7/site-packages/airflow/example_dags/example_branch_datetime_operator.py
[2023-07-02T02:13:41.441+0000] {processor.py:836} INFO - DAG(s) dict_keys(['example_branch_datetime_operator', 'example_branch_datetime_operator_2', 'example_branch_datetime_operator_3']) retrieved from /home/airflow/.local/lib/python3.7/site-packages/airflow/example_dags/example_branch_datetime_operator.py
[2023-07-02T02:13:41.487+0000] {logging_mixin.py:149} INFO - [2023-07-02T02:13:41.487+0000] {dag.py:2726} INFO - Sync 3 DAGs
[2023-07-02T02:13:41.528+0000] {logging_mixin.py:149} INFO - [2023-07-02T02:13:41.528+0000] {dag.py:3490} INFO - Setting next_dagrun for example_branch_datetime_operator to 2023-07-01T00:00:00+00:00, run_after=2023-07-02T00:00:00+00:00
[2023-07-02T02:13:41.537+0000] {logging_mixin.py:149} INFO - [2023-07-02T02:13:41.537+0000] {dag.py:3490} INFO - Setting next_dagrun for example_branch_datetime_operator_2 to 2023-07-01T00:00:00+00:00, run_after=2023-07-02T00:00:00+00:00
[2023-07-02T02:13:41.541+0000] {logging_mixin.py:149} INFO - [2023-07-02T02:13:41.541+0000] {dag.py:3490} INFO - Setting next_dagrun for example_branch_datetime_operator_3 to 2023-07-01T00:00:00+00:00, run_after=2023-07-02T00:00:00+00:00
[2023-07-02T02:13:41.567+0000] {processor.py:179} INFO - Processing /home/airflow/.local/lib/python3.7/site-packages/airflow/example_dags/example_branch_datetime_operator.py took 0.145 seconds
[2023-07-02T02:14:11.985+0000] {processor.py:157} INFO - Started process (PID=229) to work on /home/airflow/.local/lib/python3.7/site-packages/airflow/example_dags/example_branch_datetime_operator.py
[2023-07-02T02:14:12.006+0000] {processor.py:826} INFO - Processing file /home/airflow/.local/lib/python3.7/site-packages/airflow/example_dags/example_branch_datetime_operator.py for tasks to queue
[2023-07-02T02:14:12.007+0000] {logging_mixin.py:149} INFO - [2023-07-02T02:14:12.007+0000] {dagbag.py:541} INFO - Filling up the DagBag from /home/airflow/.local/lib/python3.7/site-packages/airflow/example_dags/example_branch_datetime_operator.py
[2023-07-02T02:14:12.021+0000] {processor.py:836} INFO - DAG(s) dict_keys(['example_branch_datetime_operator_3', 'example_branch_datetime_operator', 'example_branch_datetime_operator_2']) retrieved from /home/airflow/.local/lib/python3.7/site-packages/airflow/example_dags/example_branch_datetime_operator.py
[2023-07-02T02:14:12.064+0000] {logging_mixin.py:149} INFO - [2023-07-02T02:14:12.064+0000] {dag.py:2726} INFO - Sync 3 DAGs
[2023-07-02T02:14:12.109+0000] {logging_mixin.py:149} INFO - [2023-07-02T02:14:12.109+0000] {dag.py:3490} INFO - Setting next_dagrun for example_branch_datetime_operator to 2023-07-01T00:00:00+00:00, run_after=2023-07-02T00:00:00+00:00
[2023-07-02T02:14:12.115+0000] {logging_mixin.py:149} INFO - [2023-07-02T02:14:12.115+0000] {dag.py:3490} INFO - Setting next_dagrun for example_branch_datetime_operator_2 to 2023-07-01T00:00:00+00:00, run_after=2023-07-02T00:00:00+00:00
[2023-07-02T02:14:12.118+0000] {logging_mixin.py:149} INFO - [2023-07-02T02:14:12.118+0000] {dag.py:3490} INFO - Setting next_dagrun for example_branch_datetime_operator_3 to 2023-07-01T00:00:00+00:00, run_after=2023-07-02T00:00:00+00:00
[2023-07-02T02:14:12.140+0000] {processor.py:179} INFO - Processing /home/airflow/.local/lib/python3.7/site-packages/airflow/example_dags/example_branch_datetime_operator.py took 0.161 seconds
[2023-07-02T02:14:43.360+0000] {processor.py:157} INFO - Started process (PID=287) to work on /home/airflow/.local/lib/python3.7/site-packages/airflow/example_dags/example_branch_datetime_operator.py
[2023-07-02T02:14:43.361+0000] {processor.py:826} INFO - Processing file /home/airflow/.local/lib/python3.7/site-packages/airflow/example_dags/example_branch_datetime_operator.py for tasks to queue
[2023-07-02T02:14:43.362+0000] {logging_mixin.py:149} INFO - [2023-07-02T02:14:43.362+0000] {dagbag.py:541} INFO - Filling up the DagBag from /home/airflow/.local/lib/python3.7/site-packages/airflow/example_dags/example_branch_datetime_operator.py
[2023-07-02T02:14:43.376+0000] {processor.py:836} INFO - DAG(s) dict_keys(['example_branch_datetime_operator', 'example_branch_datetime_operator_3', 'example_branch_datetime_operator_2']) retrieved from /home/airflow/.local/lib/python3.7/site-packages/airflow/example_dags/example_branch_datetime_operator.py
[2023-07-02T02:14:43.634+0000] {logging_mixin.py:149} INFO - [2023-07-02T02:14:43.634+0000] {dag.py:2726} INFO - Sync 3 DAGs
[2023-07-02T02:14:43.669+0000] {logging_mixin.py:149} INFO - [2023-07-02T02:14:43.669+0000] {dag.py:3490} INFO - Setting next_dagrun for example_branch_datetime_operator to 2023-07-01T00:00:00+00:00, run_after=2023-07-02T00:00:00+00:00
[2023-07-02T02:14:43.675+0000] {logging_mixin.py:149} INFO - [2023-07-02T02:14:43.674+0000] {dag.py:3490} INFO - Setting next_dagrun for example_branch_datetime_operator_2 to 2023-07-01T00:00:00+00:00, run_after=2023-07-02T00:00:00+00:00
[2023-07-02T02:14:43.679+0000] {logging_mixin.py:149} INFO - [2023-07-02T02:14:43.679+0000] {dag.py:3490} INFO - Setting next_dagrun for example_branch_datetime_operator_3 to 2023-07-01T00:00:00+00:00, run_after=2023-07-02T00:00:00+00:00
[2023-07-02T02:14:43.711+0000] {processor.py:179} INFO - Processing /home/airflow/.local/lib/python3.7/site-packages/airflow/example_dags/example_branch_datetime_operator.py took 0.356 seconds
[2023-07-02T02:15:14.566+0000] {processor.py:157} INFO - Started process (PID=345) to work on /home/airflow/.local/lib/python3.7/site-packages/airflow/example_dags/example_branch_datetime_operator.py
[2023-07-02T02:15:14.567+0000] {processor.py:826} INFO - Processing file /home/airflow/.local/lib/python3.7/site-packages/airflow/example_dags/example_branch_datetime_operator.py for tasks to queue
[2023-07-02T02:15:14.569+0000] {logging_mixin.py:149} INFO - [2023-07-02T02:15:14.568+0000] {dagbag.py:541} INFO - Filling up the DagBag from /home/airflow/.local/lib/python3.7/site-packages/airflow/example_dags/example_branch_datetime_operator.py
[2023-07-02T02:15:14.585+0000] {processor.py:836} INFO - DAG(s) dict_keys(['example_branch_datetime_operator_2', 'example_branch_datetime_operator', 'example_branch_datetime_operator_3']) retrieved from /home/airflow/.local/lib/python3.7/site-packages/airflow/example_dags/example_branch_datetime_operator.py
[2023-07-02T02:15:14.623+0000] {logging_mixin.py:149} INFO - [2023-07-02T02:15:14.623+0000] {dag.py:2726} INFO - Sync 3 DAGs
[2023-07-02T02:15:14.658+0000] {logging_mixin.py:149} INFO - [2023-07-02T02:15:14.658+0000] {dag.py:3490} INFO - Setting next_dagrun for example_branch_datetime_operator to 2023-07-01T00:00:00+00:00, run_after=2023-07-02T00:00:00+00:00
[2023-07-02T02:15:14.665+0000] {logging_mixin.py:149} INFO - [2023-07-02T02:15:14.665+0000] {dag.py:3490} INFO - Setting next_dagrun for example_branch_datetime_operator_2 to 2023-07-01T00:00:00+00:00, run_after=2023-07-02T00:00:00+00:00
[2023-07-02T02:15:14.669+0000] {logging_mixin.py:149} INFO - [2023-07-02T02:15:14.669+0000] {dag.py:3490} INFO - Setting next_dagrun for example_branch_datetime_operator_3 to 2023-07-01T00:00:00+00:00, run_after=2023-07-02T00:00:00+00:00
[2023-07-02T02:15:14.698+0000] {processor.py:179} INFO - Processing /home/airflow/.local/lib/python3.7/site-packages/airflow/example_dags/example_branch_datetime_operator.py took 0.136 seconds
[2023-07-02T02:15:45.567+0000] {processor.py:157} INFO - Started process (PID=402) to work on /home/airflow/.local/lib/python3.7/site-packages/airflow/example_dags/example_branch_datetime_operator.py
[2023-07-02T02:15:45.569+0000] {processor.py:826} INFO - Processing file /home/airflow/.local/lib/python3.7/site-packages/airflow/example_dags/example_branch_datetime_operator.py for tasks to queue
[2023-07-02T02:15:45.570+0000] {logging_mixin.py:149} INFO - [2023-07-02T02:15:45.570+0000] {dagbag.py:541} INFO - Filling up the DagBag from /home/airflow/.local/lib/python3.7/site-packages/airflow/example_dags/example_branch_datetime_operator.py
[2023-07-02T02:15:45.583+0000] {processor.py:836} INFO - DAG(s) dict_keys(['example_branch_datetime_operator', 'example_branch_datetime_operator_2', 'example_branch_datetime_operator_3']) retrieved from /home/airflow/.local/lib/python3.7/site-packages/airflow/example_dags/example_branch_datetime_operator.py
[2023-07-02T02:15:45.773+0000] {logging_mixin.py:149} INFO - [2023-07-02T02:15:45.773+0000] {dag.py:2726} INFO - Sync 3 DAGs
[2023-07-02T02:15:45.813+0000] {logging_mixin.py:149} INFO - [2023-07-02T02:15:45.813+0000] {dag.py:3490} INFO - Setting next_dagrun for example_branch_datetime_operator to 2023-07-01T00:00:00+00:00, run_after=2023-07-02T00:00:00+00:00
[2023-07-02T02:15:45.819+0000] {logging_mixin.py:149} INFO - [2023-07-02T02:15:45.819+0000] {dag.py:3490} INFO - Setting next_dagrun for example_branch_datetime_operator_2 to 2023-07-01T00:00:00+00:00, run_after=2023-07-02T00:00:00+00:00
[2023-07-02T02:15:45.823+0000] {logging_mixin.py:149} INFO - [2023-07-02T02:15:45.822+0000] {dag.py:3490} INFO - Setting next_dagrun for example_branch_datetime_operator_3 to 2023-07-01T00:00:00+00:00, run_after=2023-07-02T00:00:00+00:00
[2023-07-02T02:15:45.850+0000] {processor.py:179} INFO - Processing /home/airflow/.local/lib/python3.7/site-packages/airflow/example_dags/example_branch_datetime_operator.py took 0.287 seconds
[2023-07-02T02:16:16.703+0000] {processor.py:157} INFO - Started process (PID=460) to work on /home/airflow/.local/lib/python3.7/site-packages/airflow/example_dags/example_branch_datetime_operator.py
[2023-07-02T02:16:16.705+0000] {processor.py:826} INFO - Processing file /home/airflow/.local/lib/python3.7/site-packages/airflow/example_dags/example_branch_datetime_operator.py for tasks to queue
[2023-07-02T02:16:16.707+0000] {logging_mixin.py:149} INFO - [2023-07-02T02:16:16.707+0000] {dagbag.py:541} INFO - Filling up the DagBag from /home/airflow/.local/lib/python3.7/site-packages/airflow/example_dags/example_branch_datetime_operator.py
[2023-07-02T02:16:16.729+0000] {processor.py:836} INFO - DAG(s) dict_keys(['example_branch_datetime_operator_3', 'example_branch_datetime_operator', 'example_branch_datetime_operator_2']) retrieved from /home/airflow/.local/lib/python3.7/site-packages/airflow/example_dags/example_branch_datetime_operator.py
[2023-07-02T02:16:16.806+0000] {logging_mixin.py:149} INFO - [2023-07-02T02:16:16.805+0000] {dag.py:2726} INFO - Sync 3 DAGs
[2023-07-02T02:16:16.911+0000] {logging_mixin.py:149} INFO - [2023-07-02T02:16:16.911+0000] {dag.py:3490} INFO - Setting next_dagrun for example_branch_datetime_operator to 2023-07-01T00:00:00+00:00, run_after=2023-07-02T00:00:00+00:00
[2023-07-02T02:16:16.930+0000] {logging_mixin.py:149} INFO - [2023-07-02T02:16:16.929+0000] {dag.py:3490} INFO - Setting next_dagrun for example_branch_datetime_operator_2 to 2023-07-01T00:00:00+00:00, run_after=2023-07-02T00:00:00+00:00
[2023-07-02T02:16:16.939+0000] {logging_mixin.py:149} INFO - [2023-07-02T02:16:16.938+0000] {dag.py:3490} INFO - Setting next_dagrun for example_branch_datetime_operator_3 to 2023-07-01T00:00:00+00:00, run_after=2023-07-02T00:00:00+00:00
[2023-07-02T02:16:16.966+0000] {processor.py:179} INFO - Processing /home/airflow/.local/lib/python3.7/site-packages/airflow/example_dags/example_branch_datetime_operator.py took 0.270 seconds
[2023-07-02T02:16:47.245+0000] {processor.py:157} INFO - Started process (PID=519) to work on /home/airflow/.local/lib/python3.7/site-packages/airflow/example_dags/example_branch_datetime_operator.py
[2023-07-02T02:16:47.246+0000] {processor.py:826} INFO - Processing file /home/airflow/.local/lib/python3.7/site-packages/airflow/example_dags/example_branch_datetime_operator.py for tasks to queue
[2023-07-02T02:16:47.247+0000] {logging_mixin.py:149} INFO - [2023-07-02T02:16:47.247+0000] {dagbag.py:541} INFO - Filling up the DagBag from /home/airflow/.local/lib/python3.7/site-packages/airflow/example_dags/example_branch_datetime_operator.py
[2023-07-02T02:16:47.261+0000] {processor.py:836} INFO - DAG(s) dict_keys(['example_branch_datetime_operator_2', 'example_branch_datetime_operator_3', 'example_branch_datetime_operator']) retrieved from /home/airflow/.local/lib/python3.7/site-packages/airflow/example_dags/example_branch_datetime_operator.py
[2023-07-02T02:16:47.301+0000] {logging_mixin.py:149} INFO - [2023-07-02T02:16:47.301+0000] {dag.py:2726} INFO - Sync 3 DAGs
[2023-07-02T02:16:47.344+0000] {logging_mixin.py:149} INFO - [2023-07-02T02:16:47.344+0000] {dag.py:3490} INFO - Setting next_dagrun for example_branch_datetime_operator to 2023-07-01T00:00:00+00:00, run_after=2023-07-02T00:00:00+00:00
[2023-07-02T02:16:47.352+0000] {logging_mixin.py:149} INFO - [2023-07-02T02:16:47.352+0000] {dag.py:3490} INFO - Setting next_dagrun for example_branch_datetime_operator_2 to 2023-07-01T00:00:00+00:00, run_after=2023-07-02T00:00:00+00:00
[2023-07-02T02:16:47.356+0000] {logging_mixin.py:149} INFO - [2023-07-02T02:16:47.356+0000] {dag.py:3490} INFO - Setting next_dagrun for example_branch_datetime_operator_3 to 2023-07-01T00:00:00+00:00, run_after=2023-07-02T00:00:00+00:00
[2023-07-02T02:16:47.379+0000] {processor.py:179} INFO - Processing /home/airflow/.local/lib/python3.7/site-packages/airflow/example_dags/example_branch_datetime_operator.py took 0.138 seconds
[2023-07-02T02:17:18.115+0000] {processor.py:157} INFO - Started process (PID=578) to work on /home/airflow/.local/lib/python3.7/site-packages/airflow/example_dags/example_branch_datetime_operator.py
[2023-07-02T02:17:18.116+0000] {processor.py:826} INFO - Processing file /home/airflow/.local/lib/python3.7/site-packages/airflow/example_dags/example_branch_datetime_operator.py for tasks to queue
[2023-07-02T02:17:18.118+0000] {logging_mixin.py:149} INFO - [2023-07-02T02:17:18.117+0000] {dagbag.py:541} INFO - Filling up the DagBag from /home/airflow/.local/lib/python3.7/site-packages/airflow/example_dags/example_branch_datetime_operator.py
[2023-07-02T02:17:18.132+0000] {processor.py:836} INFO - DAG(s) dict_keys(['example_branch_datetime_operator_2', 'example_branch_datetime_operator_3', 'example_branch_datetime_operator']) retrieved from /home/airflow/.local/lib/python3.7/site-packages/airflow/example_dags/example_branch_datetime_operator.py
[2023-07-02T02:17:18.185+0000] {logging_mixin.py:149} INFO - [2023-07-02T02:17:18.185+0000] {dag.py:2726} INFO - Sync 3 DAGs
[2023-07-02T02:17:18.219+0000] {logging_mixin.py:149} INFO - [2023-07-02T02:17:18.218+0000] {dag.py:3490} INFO - Setting next_dagrun for example_branch_datetime_operator to 2023-07-01T00:00:00+00:00, run_after=2023-07-02T00:00:00+00:00
[2023-07-02T02:17:18.225+0000] {logging_mixin.py:149} INFO - [2023-07-02T02:17:18.225+0000] {dag.py:3490} INFO - Setting next_dagrun for example_branch_datetime_operator_2 to 2023-07-01T00:00:00+00:00, run_after=2023-07-02T00:00:00+00:00
[2023-07-02T02:17:18.229+0000] {logging_mixin.py:149} INFO - [2023-07-02T02:17:18.228+0000] {dag.py:3490} INFO - Setting next_dagrun for example_branch_datetime_operator_3 to 2023-07-01T00:00:00+00:00, run_after=2023-07-02T00:00:00+00:00
[2023-07-02T02:17:18.253+0000] {processor.py:179} INFO - Processing /home/airflow/.local/lib/python3.7/site-packages/airflow/example_dags/example_branch_datetime_operator.py took 0.142 seconds
[2023-07-02T02:17:48.742+0000] {processor.py:157} INFO - Started process (PID=637) to work on /home/airflow/.local/lib/python3.7/site-packages/airflow/example_dags/example_branch_datetime_operator.py
[2023-07-02T02:17:48.745+0000] {processor.py:826} INFO - Processing file /home/airflow/.local/lib/python3.7/site-packages/airflow/example_dags/example_branch_datetime_operator.py for tasks to queue
[2023-07-02T02:17:48.749+0000] {logging_mixin.py:149} INFO - [2023-07-02T02:17:48.748+0000] {dagbag.py:541} INFO - Filling up the DagBag from /home/airflow/.local/lib/python3.7/site-packages/airflow/example_dags/example_branch_datetime_operator.py
[2023-07-02T02:17:48.767+0000] {processor.py:836} INFO - DAG(s) dict_keys(['example_branch_datetime_operator_3', 'example_branch_datetime_operator_2', 'example_branch_datetime_operator']) retrieved from /home/airflow/.local/lib/python3.7/site-packages/airflow/example_dags/example_branch_datetime_operator.py
[2023-07-02T02:17:48.817+0000] {logging_mixin.py:149} INFO - [2023-07-02T02:17:48.817+0000] {dag.py:2726} INFO - Sync 3 DAGs
[2023-07-02T02:17:48.854+0000] {logging_mixin.py:149} INFO - [2023-07-02T02:17:48.854+0000] {dag.py:3490} INFO - Setting next_dagrun for example_branch_datetime_operator to 2023-07-01T00:00:00+00:00, run_after=2023-07-02T00:00:00+00:00
[2023-07-02T02:17:48.860+0000] {logging_mixin.py:149} INFO - [2023-07-02T02:17:48.860+0000] {dag.py:3490} INFO - Setting next_dagrun for example_branch_datetime_operator_2 to 2023-07-01T00:00:00+00:00, run_after=2023-07-02T00:00:00+00:00
[2023-07-02T02:17:48.865+0000] {logging_mixin.py:149} INFO - [2023-07-02T02:17:48.864+0000] {dag.py:3490} INFO - Setting next_dagrun for example_branch_datetime_operator_3 to 2023-07-01T00:00:00+00:00, run_after=2023-07-02T00:00:00+00:00
[2023-07-02T02:17:48.888+0000] {processor.py:179} INFO - Processing /home/airflow/.local/lib/python3.7/site-packages/airflow/example_dags/example_branch_datetime_operator.py took 0.150 seconds
[2023-07-02T02:18:19.305+0000] {processor.py:157} INFO - Started process (PID=695) to work on /home/airflow/.local/lib/python3.7/site-packages/airflow/example_dags/example_branch_datetime_operator.py
[2023-07-02T02:18:19.307+0000] {processor.py:826} INFO - Processing file /home/airflow/.local/lib/python3.7/site-packages/airflow/example_dags/example_branch_datetime_operator.py for tasks to queue
[2023-07-02T02:18:19.308+0000] {logging_mixin.py:149} INFO - [2023-07-02T02:18:19.308+0000] {dagbag.py:541} INFO - Filling up the DagBag from /home/airflow/.local/lib/python3.7/site-packages/airflow/example_dags/example_branch_datetime_operator.py
[2023-07-02T02:18:19.324+0000] {processor.py:836} INFO - DAG(s) dict_keys(['example_branch_datetime_operator_3', 'example_branch_datetime_operator', 'example_branch_datetime_operator_2']) retrieved from /home/airflow/.local/lib/python3.7/site-packages/airflow/example_dags/example_branch_datetime_operator.py
[2023-07-02T02:18:19.368+0000] {logging_mixin.py:149} INFO - [2023-07-02T02:18:19.368+0000] {dag.py:2726} INFO - Sync 3 DAGs
[2023-07-02T02:18:19.405+0000] {logging_mixin.py:149} INFO - [2023-07-02T02:18:19.405+0000] {dag.py:3490} INFO - Setting next_dagrun for example_branch_datetime_operator to 2023-07-01T00:00:00+00:00, run_after=2023-07-02T00:00:00+00:00
[2023-07-02T02:18:19.413+0000] {logging_mixin.py:149} INFO - [2023-07-02T02:18:19.413+0000] {dag.py:3490} INFO - Setting next_dagrun for example_branch_datetime_operator_2 to 2023-07-01T00:00:00+00:00, run_after=2023-07-02T00:00:00+00:00
[2023-07-02T02:18:19.417+0000] {logging_mixin.py:149} INFO - [2023-07-02T02:18:19.417+0000] {dag.py:3490} INFO - Setting next_dagrun for example_branch_datetime_operator_3 to 2023-07-01T00:00:00+00:00, run_after=2023-07-02T00:00:00+00:00
[2023-07-02T02:18:19.443+0000] {processor.py:179} INFO - Processing /home/airflow/.local/lib/python3.7/site-packages/airflow/example_dags/example_branch_datetime_operator.py took 0.144 seconds
[2023-07-02T02:18:49.653+0000] {processor.py:157} INFO - Started process (PID=753) to work on /home/airflow/.local/lib/python3.7/site-packages/airflow/example_dags/example_branch_datetime_operator.py
[2023-07-02T02:18:49.654+0000] {processor.py:826} INFO - Processing file /home/airflow/.local/lib/python3.7/site-packages/airflow/example_dags/example_branch_datetime_operator.py for tasks to queue
[2023-07-02T02:18:49.655+0000] {logging_mixin.py:149} INFO - [2023-07-02T02:18:49.655+0000] {dagbag.py:541} INFO - Filling up the DagBag from /home/airflow/.local/lib/python3.7/site-packages/airflow/example_dags/example_branch_datetime_operator.py
[2023-07-02T02:18:49.669+0000] {processor.py:836} INFO - DAG(s) dict_keys(['example_branch_datetime_operator_2', 'example_branch_datetime_operator_3', 'example_branch_datetime_operator']) retrieved from /home/airflow/.local/lib/python3.7/site-packages/airflow/example_dags/example_branch_datetime_operator.py
[2023-07-02T02:18:49.710+0000] {logging_mixin.py:149} INFO - [2023-07-02T02:18:49.710+0000] {dag.py:2726} INFO - Sync 3 DAGs
[2023-07-02T02:18:49.744+0000] {logging_mixin.py:149} INFO - [2023-07-02T02:18:49.743+0000] {dag.py:3490} INFO - Setting next_dagrun for example_branch_datetime_operator to 2023-07-01T00:00:00+00:00, run_after=2023-07-02T00:00:00+00:00
[2023-07-02T02:18:49.752+0000] {logging_mixin.py:149} INFO - [2023-07-02T02:18:49.752+0000] {dag.py:3490} INFO - Setting next_dagrun for example_branch_datetime_operator_2 to 2023-07-01T00:00:00+00:00, run_after=2023-07-02T00:00:00+00:00
[2023-07-02T02:18:49.756+0000] {logging_mixin.py:149} INFO - [2023-07-02T02:18:49.756+0000] {dag.py:3490} INFO - Setting next_dagrun for example_branch_datetime_operator_3 to 2023-07-01T00:00:00+00:00, run_after=2023-07-02T00:00:00+00:00
[2023-07-02T02:18:49.778+0000] {processor.py:179} INFO - Processing /home/airflow/.local/lib/python3.7/site-packages/airflow/example_dags/example_branch_datetime_operator.py took 0.130 seconds
[2023-07-02T02:19:19.885+0000] {processor.py:157} INFO - Started process (PID=810) to work on /home/airflow/.local/lib/python3.7/site-packages/airflow/example_dags/example_branch_datetime_operator.py
[2023-07-02T02:19:19.886+0000] {processor.py:826} INFO - Processing file /home/airflow/.local/lib/python3.7/site-packages/airflow/example_dags/example_branch_datetime_operator.py for tasks to queue
[2023-07-02T02:19:19.887+0000] {logging_mixin.py:149} INFO - [2023-07-02T02:19:19.887+0000] {dagbag.py:541} INFO - Filling up the DagBag from /home/airflow/.local/lib/python3.7/site-packages/airflow/example_dags/example_branch_datetime_operator.py
[2023-07-02T02:19:19.900+0000] {processor.py:836} INFO - DAG(s) dict_keys(['example_branch_datetime_operator', 'example_branch_datetime_operator_3', 'example_branch_datetime_operator_2']) retrieved from /home/airflow/.local/lib/python3.7/site-packages/airflow/example_dags/example_branch_datetime_operator.py
[2023-07-02T02:19:19.940+0000] {logging_mixin.py:149} INFO - [2023-07-02T02:19:19.940+0000] {dag.py:2726} INFO - Sync 3 DAGs
[2023-07-02T02:19:19.979+0000] {logging_mixin.py:149} INFO - [2023-07-02T02:19:19.979+0000] {dag.py:3490} INFO - Setting next_dagrun for example_branch_datetime_operator to 2023-07-01T00:00:00+00:00, run_after=2023-07-02T00:00:00+00:00
[2023-07-02T02:19:19.986+0000] {logging_mixin.py:149} INFO - [2023-07-02T02:19:19.986+0000] {dag.py:3490} INFO - Setting next_dagrun for example_branch_datetime_operator_2 to 2023-07-01T00:00:00+00:00, run_after=2023-07-02T00:00:00+00:00
[2023-07-02T02:19:19.990+0000] {logging_mixin.py:149} INFO - [2023-07-02T02:19:19.990+0000] {dag.py:3490} INFO - Setting next_dagrun for example_branch_datetime_operator_3 to 2023-07-01T00:00:00+00:00, run_after=2023-07-02T00:00:00+00:00
[2023-07-02T02:19:20.013+0000] {processor.py:179} INFO - Processing /home/airflow/.local/lib/python3.7/site-packages/airflow/example_dags/example_branch_datetime_operator.py took 0.133 seconds
[2023-07-02T02:19:50.158+0000] {processor.py:157} INFO - Started process (PID=868) to work on /home/airflow/.local/lib/python3.7/site-packages/airflow/example_dags/example_branch_datetime_operator.py
[2023-07-02T02:19:50.159+0000] {processor.py:826} INFO - Processing file /home/airflow/.local/lib/python3.7/site-packages/airflow/example_dags/example_branch_datetime_operator.py for tasks to queue
[2023-07-02T02:19:50.160+0000] {logging_mixin.py:149} INFO - [2023-07-02T02:19:50.160+0000] {dagbag.py:541} INFO - Filling up the DagBag from /home/airflow/.local/lib/python3.7/site-packages/airflow/example_dags/example_branch_datetime_operator.py
[2023-07-02T02:19:50.173+0000] {processor.py:836} INFO - DAG(s) dict_keys(['example_branch_datetime_operator_2', 'example_branch_datetime_operator_3', 'example_branch_datetime_operator']) retrieved from /home/airflow/.local/lib/python3.7/site-packages/airflow/example_dags/example_branch_datetime_operator.py
[2023-07-02T02:19:50.220+0000] {logging_mixin.py:149} INFO - [2023-07-02T02:19:50.220+0000] {dag.py:2726} INFO - Sync 3 DAGs
[2023-07-02T02:19:50.262+0000] {logging_mixin.py:149} INFO - [2023-07-02T02:19:50.262+0000] {dag.py:3490} INFO - Setting next_dagrun for example_branch_datetime_operator to 2023-07-01T00:00:00+00:00, run_after=2023-07-02T00:00:00+00:00
[2023-07-02T02:19:50.269+0000] {logging_mixin.py:149} INFO - [2023-07-02T02:19:50.269+0000] {dag.py:3490} INFO - Setting next_dagrun for example_branch_datetime_operator_2 to 2023-07-01T00:00:00+00:00, run_after=2023-07-02T00:00:00+00:00
[2023-07-02T02:19:50.272+0000] {logging_mixin.py:149} INFO - [2023-07-02T02:19:50.272+0000] {dag.py:3490} INFO - Setting next_dagrun for example_branch_datetime_operator_3 to 2023-07-01T00:00:00+00:00, run_after=2023-07-02T00:00:00+00:00
[2023-07-02T02:19:50.292+0000] {processor.py:179} INFO - Processing /home/airflow/.local/lib/python3.7/site-packages/airflow/example_dags/example_branch_datetime_operator.py took 0.138 seconds
[2023-07-02T02:20:20.477+0000] {processor.py:157} INFO - Started process (PID=927) to work on /home/airflow/.local/lib/python3.7/site-packages/airflow/example_dags/example_branch_datetime_operator.py
[2023-07-02T02:20:20.478+0000] {processor.py:826} INFO - Processing file /home/airflow/.local/lib/python3.7/site-packages/airflow/example_dags/example_branch_datetime_operator.py for tasks to queue
[2023-07-02T02:20:20.479+0000] {logging_mixin.py:149} INFO - [2023-07-02T02:20:20.479+0000] {dagbag.py:541} INFO - Filling up the DagBag from /home/airflow/.local/lib/python3.7/site-packages/airflow/example_dags/example_branch_datetime_operator.py
[2023-07-02T02:20:20.493+0000] {processor.py:836} INFO - DAG(s) dict_keys(['example_branch_datetime_operator', 'example_branch_datetime_operator_3', 'example_branch_datetime_operator_2']) retrieved from /home/airflow/.local/lib/python3.7/site-packages/airflow/example_dags/example_branch_datetime_operator.py
[2023-07-02T02:20:20.533+0000] {logging_mixin.py:149} INFO - [2023-07-02T02:20:20.532+0000] {dag.py:2726} INFO - Sync 3 DAGs
[2023-07-02T02:20:20.567+0000] {logging_mixin.py:149} INFO - [2023-07-02T02:20:20.567+0000] {dag.py:3490} INFO - Setting next_dagrun for example_branch_datetime_operator to 2023-07-01T00:00:00+00:00, run_after=2023-07-02T00:00:00+00:00
[2023-07-02T02:20:20.574+0000] {logging_mixin.py:149} INFO - [2023-07-02T02:20:20.573+0000] {dag.py:3490} INFO - Setting next_dagrun for example_branch_datetime_operator_2 to 2023-07-01T00:00:00+00:00, run_after=2023-07-02T00:00:00+00:00
[2023-07-02T02:20:20.578+0000] {logging_mixin.py:149} INFO - [2023-07-02T02:20:20.577+0000] {dag.py:3490} INFO - Setting next_dagrun for example_branch_datetime_operator_3 to 2023-07-01T00:00:00+00:00, run_after=2023-07-02T00:00:00+00:00
[2023-07-02T02:20:20.598+0000] {processor.py:179} INFO - Processing /home/airflow/.local/lib/python3.7/site-packages/airflow/example_dags/example_branch_datetime_operator.py took 0.128 seconds
[2023-07-02T02:20:50.860+0000] {processor.py:157} INFO - Started process (PID=985) to work on /home/airflow/.local/lib/python3.7/site-packages/airflow/example_dags/example_branch_datetime_operator.py
[2023-07-02T02:20:50.861+0000] {processor.py:826} INFO - Processing file /home/airflow/.local/lib/python3.7/site-packages/airflow/example_dags/example_branch_datetime_operator.py for tasks to queue
[2023-07-02T02:20:50.862+0000] {logging_mixin.py:149} INFO - [2023-07-02T02:20:50.862+0000] {dagbag.py:541} INFO - Filling up the DagBag from /home/airflow/.local/lib/python3.7/site-packages/airflow/example_dags/example_branch_datetime_operator.py
[2023-07-02T02:20:50.876+0000] {processor.py:836} INFO - DAG(s) dict_keys(['example_branch_datetime_operator_3', 'example_branch_datetime_operator', 'example_branch_datetime_operator_2']) retrieved from /home/airflow/.local/lib/python3.7/site-packages/airflow/example_dags/example_branch_datetime_operator.py
[2023-07-02T02:20:50.917+0000] {logging_mixin.py:149} INFO - [2023-07-02T02:20:50.916+0000] {dag.py:2726} INFO - Sync 3 DAGs
[2023-07-02T02:20:50.952+0000] {logging_mixin.py:149} INFO - [2023-07-02T02:20:50.951+0000] {dag.py:3490} INFO - Setting next_dagrun for example_branch_datetime_operator to 2023-07-01T00:00:00+00:00, run_after=2023-07-02T00:00:00+00:00
[2023-07-02T02:20:50.958+0000] {logging_mixin.py:149} INFO - [2023-07-02T02:20:50.958+0000] {dag.py:3490} INFO - Setting next_dagrun for example_branch_datetime_operator_2 to 2023-07-01T00:00:00+00:00, run_after=2023-07-02T00:00:00+00:00
[2023-07-02T02:20:50.963+0000] {logging_mixin.py:149} INFO - [2023-07-02T02:20:50.963+0000] {dag.py:3490} INFO - Setting next_dagrun for example_branch_datetime_operator_3 to 2023-07-01T00:00:00+00:00, run_after=2023-07-02T00:00:00+00:00
[2023-07-02T02:20:50.986+0000] {processor.py:179} INFO - Processing /home/airflow/.local/lib/python3.7/site-packages/airflow/example_dags/example_branch_datetime_operator.py took 0.130 seconds
[2023-07-02T02:21:21.215+0000] {processor.py:157} INFO - Started process (PID=1043) to work on /home/airflow/.local/lib/python3.7/site-packages/airflow/example_dags/example_branch_datetime_operator.py
[2023-07-02T02:21:21.216+0000] {processor.py:826} INFO - Processing file /home/airflow/.local/lib/python3.7/site-packages/airflow/example_dags/example_branch_datetime_operator.py for tasks to queue
[2023-07-02T02:21:21.217+0000] {logging_mixin.py:149} INFO - [2023-07-02T02:21:21.217+0000] {dagbag.py:541} INFO - Filling up the DagBag from /home/airflow/.local/lib/python3.7/site-packages/airflow/example_dags/example_branch_datetime_operator.py
[2023-07-02T02:21:21.232+0000] {processor.py:836} INFO - DAG(s) dict_keys(['example_branch_datetime_operator', 'example_branch_datetime_operator_3', 'example_branch_datetime_operator_2']) retrieved from /home/airflow/.local/lib/python3.7/site-packages/airflow/example_dags/example_branch_datetime_operator.py
[2023-07-02T02:21:21.275+0000] {logging_mixin.py:149} INFO - [2023-07-02T02:21:21.275+0000] {dag.py:2726} INFO - Sync 3 DAGs
[2023-07-02T02:21:21.311+0000] {logging_mixin.py:149} INFO - [2023-07-02T02:21:21.311+0000] {dag.py:3490} INFO - Setting next_dagrun for example_branch_datetime_operator to 2023-07-01T00:00:00+00:00, run_after=2023-07-02T00:00:00+00:00
[2023-07-02T02:21:21.319+0000] {logging_mixin.py:149} INFO - [2023-07-02T02:21:21.319+0000] {dag.py:3490} INFO - Setting next_dagrun for example_branch_datetime_operator_2 to 2023-07-01T00:00:00+00:00, run_after=2023-07-02T00:00:00+00:00
[2023-07-02T02:21:21.323+0000] {logging_mixin.py:149} INFO - [2023-07-02T02:21:21.323+0000] {dag.py:3490} INFO - Setting next_dagrun for example_branch_datetime_operator_3 to 2023-07-01T00:00:00+00:00, run_after=2023-07-02T00:00:00+00:00
[2023-07-02T02:21:21.345+0000] {processor.py:179} INFO - Processing /home/airflow/.local/lib/python3.7/site-packages/airflow/example_dags/example_branch_datetime_operator.py took 0.134 seconds
