[2023-07-02T01:19:16.539+0000] {processor.py:157} INFO - Started process (PID=58) to work on /home/airflow/.local/lib/python3.7/site-packages/airflow/example_dags/example_subdag_operator.py
[2023-07-02T01:19:16.544+0000] {processor.py:826} INFO - Processing file /home/airflow/.local/lib/python3.7/site-packages/airflow/example_dags/example_subdag_operator.py for tasks to queue
[2023-07-02T01:19:16.548+0000] {logging_mixin.py:149} INFO - [2023-07-02T01:19:16.547+0000] {dagbag.py:541} INFO - Filling up the DagBag from /home/airflow/.local/lib/python3.7/site-packages/airflow/example_dags/example_subdag_operator.py
[2023-07-02T01:19:16.653+0000] {processor.py:836} INFO - DAG(s) dict_keys(['example_subdag_operator.section-1', 'example_subdag_operator.section-2', 'example_subdag_operator']) retrieved from /home/airflow/.local/lib/python3.7/site-packages/airflow/example_dags/example_subdag_operator.py
[2023-07-02T01:19:16.871+0000] {logging_mixin.py:149} INFO - [2023-07-02T01:19:16.871+0000] {manager.py:504} INFO - Created Permission View: can delete on DAG:example_subdag_operator
[2023-07-02T01:19:16.891+0000] {logging_mixin.py:149} INFO - [2023-07-02T01:19:16.891+0000] {manager.py:504} INFO - Created Permission View: can edit on DAG:example_subdag_operator
[2023-07-02T01:19:16.904+0000] {logging_mixin.py:149} INFO - [2023-07-02T01:19:16.904+0000] {manager.py:504} INFO - Created Permission View: can read on DAG:example_subdag_operator
[2023-07-02T01:19:16.936+0000] {logging_mixin.py:149} INFO - [2023-07-02T01:19:16.936+0000] {dag.py:2726} INFO - Sync 3 DAGs
[2023-07-02T01:19:16.961+0000] {logging_mixin.py:149} INFO - [2023-07-02T01:19:16.961+0000] {dag.py:2747} INFO - Creating ORM DAG for example_subdag_operator
[2023-07-02T01:19:16.977+0000] {logging_mixin.py:149} INFO - [2023-07-02T01:19:16.976+0000] {dag.py:2747} INFO - Creating ORM DAG for example_subdag_operator.section-1
[2023-07-02T01:19:16.978+0000] {logging_mixin.py:149} INFO - [2023-07-02T01:19:16.978+0000] {dag.py:2747} INFO - Creating ORM DAG for example_subdag_operator.section-2
[2023-07-02T01:19:17.045+0000] {logging_mixin.py:149} INFO - [2023-07-02T01:19:17.045+0000] {dag.py:3490} INFO - Setting next_dagrun for example_subdag_operator to 2022-01-01T00:00:00+00:00, run_after=2022-01-01T00:00:00+00:00
[2023-07-02T01:19:17.048+0000] {logging_mixin.py:149} INFO - [2023-07-02T01:19:17.048+0000] {dag.py:3490} INFO - Setting next_dagrun for example_subdag_operator.section-1 to None, run_after=None
[2023-07-02T01:19:17.051+0000] {logging_mixin.py:149} INFO - [2023-07-02T01:19:17.051+0000] {dag.py:3490} INFO - Setting next_dagrun for example_subdag_operator.section-2 to None, run_after=None
[2023-07-02T01:19:17.082+0000] {logging_mixin.py:149} INFO - [2023-07-02T01:19:17.082+0000] {dag.py:2726} INFO - Sync 2 DAGs
[2023-07-02T01:19:17.097+0000] {logging_mixin.py:149} INFO - [2023-07-02T01:19:17.096+0000] {dag.py:3490} INFO - Setting next_dagrun for example_subdag_operator.section-1 to None, run_after=None
[2023-07-02T01:19:17.108+0000] {logging_mixin.py:149} INFO - [2023-07-02T01:19:17.108+0000] {dag.py:3490} INFO - Setting next_dagrun for example_subdag_operator.section-2 to None, run_after=None
[2023-07-02T01:19:17.157+0000] {processor.py:179} INFO - Processing /home/airflow/.local/lib/python3.7/site-packages/airflow/example_dags/example_subdag_operator.py took 0.624 seconds
[2023-07-02T01:19:54.328+0000] {processor.py:157} INFO - Started process (PID=122) to work on /home/airflow/.local/lib/python3.7/site-packages/airflow/example_dags/example_subdag_operator.py
[2023-07-02T01:19:54.332+0000] {processor.py:826} INFO - Processing file /home/airflow/.local/lib/python3.7/site-packages/airflow/example_dags/example_subdag_operator.py for tasks to queue
[2023-07-02T01:19:54.335+0000] {logging_mixin.py:149} INFO - [2023-07-02T01:19:54.335+0000] {dagbag.py:541} INFO - Filling up the DagBag from /home/airflow/.local/lib/python3.7/site-packages/airflow/example_dags/example_subdag_operator.py
[2023-07-02T01:19:54.408+0000] {processor.py:836} INFO - DAG(s) dict_keys(['example_subdag_operator.section-1', 'example_subdag_operator.section-2', 'example_subdag_operator']) retrieved from /home/airflow/.local/lib/python3.7/site-packages/airflow/example_dags/example_subdag_operator.py
[2023-07-02T01:19:54.445+0000] {logging_mixin.py:149} INFO - [2023-07-02T01:19:54.445+0000] {dag.py:2726} INFO - Sync 3 DAGs
[2023-07-02T01:19:54.496+0000] {logging_mixin.py:149} INFO - [2023-07-02T01:19:54.496+0000] {dag.py:3490} INFO - Setting next_dagrun for example_subdag_operator to 2022-01-01T00:00:00+00:00, run_after=2022-01-01T00:00:00+00:00
[2023-07-02T01:19:54.503+0000] {logging_mixin.py:149} INFO - [2023-07-02T01:19:54.503+0000] {dag.py:3490} INFO - Setting next_dagrun for example_subdag_operator.section-1 to None, run_after=None
[2023-07-02T01:19:54.506+0000] {logging_mixin.py:149} INFO - [2023-07-02T01:19:54.506+0000] {dag.py:3490} INFO - Setting next_dagrun for example_subdag_operator.section-2 to None, run_after=None
[2023-07-02T01:19:54.519+0000] {logging_mixin.py:149} INFO - [2023-07-02T01:19:54.519+0000] {dag.py:2726} INFO - Sync 2 DAGs
[2023-07-02T01:19:54.542+0000] {logging_mixin.py:149} INFO - [2023-07-02T01:19:54.542+0000] {dag.py:3490} INFO - Setting next_dagrun for example_subdag_operator.section-1 to None, run_after=None
[2023-07-02T01:19:54.543+0000] {logging_mixin.py:149} INFO - [2023-07-02T01:19:54.543+0000] {dag.py:3490} INFO - Setting next_dagrun for example_subdag_operator.section-2 to None, run_after=None
[2023-07-02T01:19:54.580+0000] {processor.py:179} INFO - Processing /home/airflow/.local/lib/python3.7/site-packages/airflow/example_dags/example_subdag_operator.py took 0.260 seconds
[2023-07-02T01:20:24.865+0000] {processor.py:157} INFO - Started process (PID=180) to work on /home/airflow/.local/lib/python3.7/site-packages/airflow/example_dags/example_subdag_operator.py
[2023-07-02T01:20:24.867+0000] {processor.py:826} INFO - Processing file /home/airflow/.local/lib/python3.7/site-packages/airflow/example_dags/example_subdag_operator.py for tasks to queue
[2023-07-02T01:20:24.869+0000] {logging_mixin.py:149} INFO - [2023-07-02T01:20:24.868+0000] {dagbag.py:541} INFO - Filling up the DagBag from /home/airflow/.local/lib/python3.7/site-packages/airflow/example_dags/example_subdag_operator.py
[2023-07-02T01:20:24.920+0000] {processor.py:836} INFO - DAG(s) dict_keys(['example_subdag_operator.section-1', 'example_subdag_operator.section-2', 'example_subdag_operator']) retrieved from /home/airflow/.local/lib/python3.7/site-packages/airflow/example_dags/example_subdag_operator.py
[2023-07-02T01:20:24.959+0000] {logging_mixin.py:149} INFO - [2023-07-02T01:20:24.958+0000] {dag.py:2726} INFO - Sync 3 DAGs
[2023-07-02T01:20:25.013+0000] {logging_mixin.py:149} INFO - [2023-07-02T01:20:25.013+0000] {dag.py:3490} INFO - Setting next_dagrun for example_subdag_operator to 2022-01-01T00:00:00+00:00, run_after=2022-01-01T00:00:00+00:00
[2023-07-02T01:20:25.020+0000] {logging_mixin.py:149} INFO - [2023-07-02T01:20:25.020+0000] {dag.py:3490} INFO - Setting next_dagrun for example_subdag_operator.section-1 to None, run_after=None
[2023-07-02T01:20:25.023+0000] {logging_mixin.py:149} INFO - [2023-07-02T01:20:25.022+0000] {dag.py:3490} INFO - Setting next_dagrun for example_subdag_operator.section-2 to None, run_after=None
[2023-07-02T01:20:25.037+0000] {logging_mixin.py:149} INFO - [2023-07-02T01:20:25.036+0000] {dag.py:2726} INFO - Sync 2 DAGs
[2023-07-02T01:20:25.051+0000] {logging_mixin.py:149} INFO - [2023-07-02T01:20:25.050+0000] {dag.py:3490} INFO - Setting next_dagrun for example_subdag_operator.section-1 to None, run_after=None
[2023-07-02T01:20:25.052+0000] {logging_mixin.py:149} INFO - [2023-07-02T01:20:25.052+0000] {dag.py:3490} INFO - Setting next_dagrun for example_subdag_operator.section-2 to None, run_after=None
[2023-07-02T01:20:25.077+0000] {processor.py:179} INFO - Processing /home/airflow/.local/lib/python3.7/site-packages/airflow/example_dags/example_subdag_operator.py took 0.218 seconds
[2023-07-02T01:20:55.496+0000] {processor.py:157} INFO - Started process (PID=239) to work on /home/airflow/.local/lib/python3.7/site-packages/airflow/example_dags/example_subdag_operator.py
[2023-07-02T01:20:55.498+0000] {processor.py:826} INFO - Processing file /home/airflow/.local/lib/python3.7/site-packages/airflow/example_dags/example_subdag_operator.py for tasks to queue
[2023-07-02T01:20:55.499+0000] {logging_mixin.py:149} INFO - [2023-07-02T01:20:55.499+0000] {dagbag.py:541} INFO - Filling up the DagBag from /home/airflow/.local/lib/python3.7/site-packages/airflow/example_dags/example_subdag_operator.py
[2023-07-02T01:20:55.580+0000] {processor.py:836} INFO - DAG(s) dict_keys(['example_subdag_operator.section-1', 'example_subdag_operator.section-2', 'example_subdag_operator']) retrieved from /home/airflow/.local/lib/python3.7/site-packages/airflow/example_dags/example_subdag_operator.py
[2023-07-02T01:20:55.618+0000] {logging_mixin.py:149} INFO - [2023-07-02T01:20:55.618+0000] {dag.py:2726} INFO - Sync 3 DAGs
[2023-07-02T01:20:55.672+0000] {logging_mixin.py:149} INFO - [2023-07-02T01:20:55.671+0000] {dag.py:3490} INFO - Setting next_dagrun for example_subdag_operator to 2022-01-01T00:00:00+00:00, run_after=2022-01-01T00:00:00+00:00
[2023-07-02T01:20:55.680+0000] {logging_mixin.py:149} INFO - [2023-07-02T01:20:55.679+0000] {dag.py:3490} INFO - Setting next_dagrun for example_subdag_operator.section-1 to None, run_after=None
[2023-07-02T01:20:55.683+0000] {logging_mixin.py:149} INFO - [2023-07-02T01:20:55.683+0000] {dag.py:3490} INFO - Setting next_dagrun for example_subdag_operator.section-2 to None, run_after=None
[2023-07-02T01:20:55.698+0000] {logging_mixin.py:149} INFO - [2023-07-02T01:20:55.698+0000] {dag.py:2726} INFO - Sync 2 DAGs
[2023-07-02T01:20:55.709+0000] {logging_mixin.py:149} INFO - [2023-07-02T01:20:55.709+0000] {dag.py:3490} INFO - Setting next_dagrun for example_subdag_operator.section-1 to None, run_after=None
[2023-07-02T01:20:55.710+0000] {logging_mixin.py:149} INFO - [2023-07-02T01:20:55.710+0000] {dag.py:3490} INFO - Setting next_dagrun for example_subdag_operator.section-2 to None, run_after=None
[2023-07-02T01:20:55.736+0000] {processor.py:179} INFO - Processing /home/airflow/.local/lib/python3.7/site-packages/airflow/example_dags/example_subdag_operator.py took 0.247 seconds
[2023-07-02T01:21:26.078+0000] {processor.py:157} INFO - Started process (PID=298) to work on /home/airflow/.local/lib/python3.7/site-packages/airflow/example_dags/example_subdag_operator.py
[2023-07-02T01:21:26.080+0000] {processor.py:826} INFO - Processing file /home/airflow/.local/lib/python3.7/site-packages/airflow/example_dags/example_subdag_operator.py for tasks to queue
[2023-07-02T01:21:26.083+0000] {logging_mixin.py:149} INFO - [2023-07-02T01:21:26.083+0000] {dagbag.py:541} INFO - Filling up the DagBag from /home/airflow/.local/lib/python3.7/site-packages/airflow/example_dags/example_subdag_operator.py
[2023-07-02T01:21:26.138+0000] {processor.py:836} INFO - DAG(s) dict_keys(['example_subdag_operator.section-1', 'example_subdag_operator.section-2', 'example_subdag_operator']) retrieved from /home/airflow/.local/lib/python3.7/site-packages/airflow/example_dags/example_subdag_operator.py
[2023-07-02T01:21:26.187+0000] {logging_mixin.py:149} INFO - [2023-07-02T01:21:26.186+0000] {dag.py:2726} INFO - Sync 3 DAGs
[2023-07-02T01:21:26.307+0000] {logging_mixin.py:149} INFO - [2023-07-02T01:21:26.307+0000] {dag.py:3490} INFO - Setting next_dagrun for example_subdag_operator to 2022-01-01T00:00:00+00:00, run_after=2022-01-01T00:00:00+00:00
[2023-07-02T01:21:26.320+0000] {logging_mixin.py:149} INFO - [2023-07-02T01:21:26.319+0000] {dag.py:3490} INFO - Setting next_dagrun for example_subdag_operator.section-1 to None, run_after=None
[2023-07-02T01:21:26.325+0000] {logging_mixin.py:149} INFO - [2023-07-02T01:21:26.325+0000] {dag.py:3490} INFO - Setting next_dagrun for example_subdag_operator.section-2 to None, run_after=None
[2023-07-02T01:21:26.386+0000] {logging_mixin.py:149} INFO - [2023-07-02T01:21:26.386+0000] {dag.py:2726} INFO - Sync 2 DAGs
[2023-07-02T01:21:26.408+0000] {logging_mixin.py:149} INFO - [2023-07-02T01:21:26.408+0000] {dag.py:3490} INFO - Setting next_dagrun for example_subdag_operator.section-1 to None, run_after=None
[2023-07-02T01:21:26.413+0000] {logging_mixin.py:149} INFO - [2023-07-02T01:21:26.411+0000] {dag.py:3490} INFO - Setting next_dagrun for example_subdag_operator.section-2 to None, run_after=None
[2023-07-02T01:21:26.470+0000] {processor.py:179} INFO - Processing /home/airflow/.local/lib/python3.7/site-packages/airflow/example_dags/example_subdag_operator.py took 0.398 seconds
[2023-07-02T01:21:57.420+0000] {processor.py:157} INFO - Started process (PID=355) to work on /home/airflow/.local/lib/python3.7/site-packages/airflow/example_dags/example_subdag_operator.py
[2023-07-02T01:21:57.422+0000] {processor.py:826} INFO - Processing file /home/airflow/.local/lib/python3.7/site-packages/airflow/example_dags/example_subdag_operator.py for tasks to queue
[2023-07-02T01:21:57.423+0000] {logging_mixin.py:149} INFO - [2023-07-02T01:21:57.423+0000] {dagbag.py:541} INFO - Filling up the DagBag from /home/airflow/.local/lib/python3.7/site-packages/airflow/example_dags/example_subdag_operator.py
[2023-07-02T01:21:57.483+0000] {processor.py:836} INFO - DAG(s) dict_keys(['example_subdag_operator.section-1', 'example_subdag_operator.section-2', 'example_subdag_operator']) retrieved from /home/airflow/.local/lib/python3.7/site-packages/airflow/example_dags/example_subdag_operator.py
[2023-07-02T01:21:57.520+0000] {logging_mixin.py:149} INFO - [2023-07-02T01:21:57.520+0000] {dag.py:2726} INFO - Sync 3 DAGs
[2023-07-02T01:21:57.573+0000] {logging_mixin.py:149} INFO - [2023-07-02T01:21:57.572+0000] {dag.py:3490} INFO - Setting next_dagrun for example_subdag_operator to 2022-01-01T00:00:00+00:00, run_after=2022-01-01T00:00:00+00:00
[2023-07-02T01:21:57.581+0000] {logging_mixin.py:149} INFO - [2023-07-02T01:21:57.580+0000] {dag.py:3490} INFO - Setting next_dagrun for example_subdag_operator.section-1 to None, run_after=None
[2023-07-02T01:21:57.584+0000] {logging_mixin.py:149} INFO - [2023-07-02T01:21:57.584+0000] {dag.py:3490} INFO - Setting next_dagrun for example_subdag_operator.section-2 to None, run_after=None
[2023-07-02T01:21:57.600+0000] {logging_mixin.py:149} INFO - [2023-07-02T01:21:57.600+0000] {dag.py:2726} INFO - Sync 2 DAGs
[2023-07-02T01:21:57.611+0000] {logging_mixin.py:149} INFO - [2023-07-02T01:21:57.611+0000] {dag.py:3490} INFO - Setting next_dagrun for example_subdag_operator.section-1 to None, run_after=None
[2023-07-02T01:21:57.612+0000] {logging_mixin.py:149} INFO - [2023-07-02T01:21:57.612+0000] {dag.py:3490} INFO - Setting next_dagrun for example_subdag_operator.section-2 to None, run_after=None
[2023-07-02T01:21:57.643+0000] {processor.py:179} INFO - Processing /home/airflow/.local/lib/python3.7/site-packages/airflow/example_dags/example_subdag_operator.py took 0.237 seconds
[2023-07-02T01:22:28.090+0000] {processor.py:157} INFO - Started process (PID=413) to work on /home/airflow/.local/lib/python3.7/site-packages/airflow/example_dags/example_subdag_operator.py
[2023-07-02T01:22:28.091+0000] {processor.py:826} INFO - Processing file /home/airflow/.local/lib/python3.7/site-packages/airflow/example_dags/example_subdag_operator.py for tasks to queue
[2023-07-02T01:22:28.093+0000] {logging_mixin.py:149} INFO - [2023-07-02T01:22:28.093+0000] {dagbag.py:541} INFO - Filling up the DagBag from /home/airflow/.local/lib/python3.7/site-packages/airflow/example_dags/example_subdag_operator.py
[2023-07-02T01:22:28.158+0000] {processor.py:836} INFO - DAG(s) dict_keys(['example_subdag_operator.section-1', 'example_subdag_operator.section-2', 'example_subdag_operator']) retrieved from /home/airflow/.local/lib/python3.7/site-packages/airflow/example_dags/example_subdag_operator.py
[2023-07-02T01:22:28.206+0000] {logging_mixin.py:149} INFO - [2023-07-02T01:22:28.205+0000] {dag.py:2726} INFO - Sync 3 DAGs
[2023-07-02T01:22:28.256+0000] {logging_mixin.py:149} INFO - [2023-07-02T01:22:28.256+0000] {dag.py:3490} INFO - Setting next_dagrun for example_subdag_operator to 2022-01-01T00:00:00+00:00, run_after=2022-01-01T00:00:00+00:00
[2023-07-02T01:22:28.263+0000] {logging_mixin.py:149} INFO - [2023-07-02T01:22:28.263+0000] {dag.py:3490} INFO - Setting next_dagrun for example_subdag_operator.section-1 to None, run_after=None
[2023-07-02T01:22:28.266+0000] {logging_mixin.py:149} INFO - [2023-07-02T01:22:28.266+0000] {dag.py:3490} INFO - Setting next_dagrun for example_subdag_operator.section-2 to None, run_after=None
[2023-07-02T01:22:28.280+0000] {logging_mixin.py:149} INFO - [2023-07-02T01:22:28.280+0000] {dag.py:2726} INFO - Sync 2 DAGs
[2023-07-02T01:22:28.291+0000] {logging_mixin.py:149} INFO - [2023-07-02T01:22:28.290+0000] {dag.py:3490} INFO - Setting next_dagrun for example_subdag_operator.section-1 to None, run_after=None
[2023-07-02T01:22:28.292+0000] {logging_mixin.py:149} INFO - [2023-07-02T01:22:28.291+0000] {dag.py:3490} INFO - Setting next_dagrun for example_subdag_operator.section-2 to None, run_after=None
[2023-07-02T01:22:28.348+0000] {processor.py:179} INFO - Processing /home/airflow/.local/lib/python3.7/site-packages/airflow/example_dags/example_subdag_operator.py took 0.265 seconds
[2023-07-02T01:22:58.918+0000] {processor.py:157} INFO - Started process (PID=474) to work on /home/airflow/.local/lib/python3.7/site-packages/airflow/example_dags/example_subdag_operator.py
[2023-07-02T01:22:58.921+0000] {processor.py:826} INFO - Processing file /home/airflow/.local/lib/python3.7/site-packages/airflow/example_dags/example_subdag_operator.py for tasks to queue
[2023-07-02T01:22:58.923+0000] {logging_mixin.py:149} INFO - [2023-07-02T01:22:58.922+0000] {dagbag.py:541} INFO - Filling up the DagBag from /home/airflow/.local/lib/python3.7/site-packages/airflow/example_dags/example_subdag_operator.py
[2023-07-02T01:22:58.996+0000] {processor.py:836} INFO - DAG(s) dict_keys(['example_subdag_operator.section-1', 'example_subdag_operator.section-2', 'example_subdag_operator']) retrieved from /home/airflow/.local/lib/python3.7/site-packages/airflow/example_dags/example_subdag_operator.py
[2023-07-02T01:22:59.056+0000] {logging_mixin.py:149} INFO - [2023-07-02T01:22:59.056+0000] {dag.py:2726} INFO - Sync 3 DAGs
[2023-07-02T01:22:59.124+0000] {logging_mixin.py:149} INFO - [2023-07-02T01:22:59.124+0000] {dag.py:3490} INFO - Setting next_dagrun for example_subdag_operator to 2022-01-01T00:00:00+00:00, run_after=2022-01-01T00:00:00+00:00
[2023-07-02T01:22:59.135+0000] {logging_mixin.py:149} INFO - [2023-07-02T01:22:59.134+0000] {dag.py:3490} INFO - Setting next_dagrun for example_subdag_operator.section-1 to None, run_after=None
[2023-07-02T01:22:59.140+0000] {logging_mixin.py:149} INFO - [2023-07-02T01:22:59.140+0000] {dag.py:3490} INFO - Setting next_dagrun for example_subdag_operator.section-2 to None, run_after=None
[2023-07-02T01:22:59.188+0000] {logging_mixin.py:149} INFO - [2023-07-02T01:22:59.187+0000] {dag.py:2726} INFO - Sync 2 DAGs
[2023-07-02T01:22:59.220+0000] {logging_mixin.py:149} INFO - [2023-07-02T01:22:59.220+0000] {dag.py:3490} INFO - Setting next_dagrun for example_subdag_operator.section-1 to None, run_after=None
[2023-07-02T01:22:59.223+0000] {logging_mixin.py:149} INFO - [2023-07-02T01:22:59.222+0000] {dag.py:3490} INFO - Setting next_dagrun for example_subdag_operator.section-2 to None, run_after=None
[2023-07-02T01:22:59.271+0000] {processor.py:179} INFO - Processing /home/airflow/.local/lib/python3.7/site-packages/airflow/example_dags/example_subdag_operator.py took 0.361 seconds
[2023-07-02T01:23:29.459+0000] {processor.py:157} INFO - Started process (PID=533) to work on /home/airflow/.local/lib/python3.7/site-packages/airflow/example_dags/example_subdag_operator.py
[2023-07-02T01:23:29.460+0000] {processor.py:826} INFO - Processing file /home/airflow/.local/lib/python3.7/site-packages/airflow/example_dags/example_subdag_operator.py for tasks to queue
[2023-07-02T01:23:29.462+0000] {logging_mixin.py:149} INFO - [2023-07-02T01:23:29.462+0000] {dagbag.py:541} INFO - Filling up the DagBag from /home/airflow/.local/lib/python3.7/site-packages/airflow/example_dags/example_subdag_operator.py
[2023-07-02T01:23:29.531+0000] {processor.py:836} INFO - DAG(s) dict_keys(['example_subdag_operator.section-1', 'example_subdag_operator.section-2', 'example_subdag_operator']) retrieved from /home/airflow/.local/lib/python3.7/site-packages/airflow/example_dags/example_subdag_operator.py
[2023-07-02T01:23:29.582+0000] {logging_mixin.py:149} INFO - [2023-07-02T01:23:29.582+0000] {dag.py:2726} INFO - Sync 3 DAGs
[2023-07-02T01:23:29.602+0000] {logging_mixin.py:149} INFO - [2023-07-02T01:23:29.602+0000] {dag.py:3490} INFO - Setting next_dagrun for example_subdag_operator to 2022-01-01T00:00:00+00:00, run_after=2022-01-01T00:00:00+00:00
[2023-07-02T01:23:29.609+0000] {logging_mixin.py:149} INFO - [2023-07-02T01:23:29.609+0000] {dag.py:3490} INFO - Setting next_dagrun for example_subdag_operator.section-1 to None, run_after=None
[2023-07-02T01:23:29.612+0000] {logging_mixin.py:149} INFO - [2023-07-02T01:23:29.612+0000] {dag.py:3490} INFO - Setting next_dagrun for example_subdag_operator.section-2 to None, run_after=None
[2023-07-02T01:23:29.634+0000] {logging_mixin.py:149} INFO - [2023-07-02T01:23:29.634+0000] {dag.py:2726} INFO - Sync 2 DAGs
[2023-07-02T01:23:29.647+0000] {logging_mixin.py:149} INFO - [2023-07-02T01:23:29.647+0000] {dag.py:3490} INFO - Setting next_dagrun for example_subdag_operator.section-1 to None, run_after=None
[2023-07-02T01:23:29.648+0000] {logging_mixin.py:149} INFO - [2023-07-02T01:23:29.648+0000] {dag.py:3490} INFO - Setting next_dagrun for example_subdag_operator.section-2 to None, run_after=None
[2023-07-02T01:23:29.669+0000] {processor.py:179} INFO - Processing /home/airflow/.local/lib/python3.7/site-packages/airflow/example_dags/example_subdag_operator.py took 0.252 seconds
[2023-07-02T02:04:20.588+0000] {processor.py:157} INFO - Started process (PID=56) to work on /home/airflow/.local/lib/python3.7/site-packages/airflow/example_dags/example_subdag_operator.py
[2023-07-02T02:04:20.591+0000] {processor.py:826} INFO - Processing file /home/airflow/.local/lib/python3.7/site-packages/airflow/example_dags/example_subdag_operator.py for tasks to queue
[2023-07-02T02:04:20.592+0000] {logging_mixin.py:149} INFO - [2023-07-02T02:04:20.592+0000] {dagbag.py:541} INFO - Filling up the DagBag from /home/airflow/.local/lib/python3.7/site-packages/airflow/example_dags/example_subdag_operator.py
[2023-07-02T02:04:20.661+0000] {processor.py:836} INFO - DAG(s) dict_keys(['example_subdag_operator.section-1', 'example_subdag_operator.section-2', 'example_subdag_operator']) retrieved from /home/airflow/.local/lib/python3.7/site-packages/airflow/example_dags/example_subdag_operator.py
[2023-07-02T02:04:20.705+0000] {logging_mixin.py:149} INFO - [2023-07-02T02:04:20.705+0000] {dag.py:2726} INFO - Sync 3 DAGs
[2023-07-02T02:04:20.757+0000] {logging_mixin.py:149} INFO - [2023-07-02T02:04:20.757+0000] {dag.py:3490} INFO - Setting next_dagrun for example_subdag_operator to 2022-01-01T00:00:00+00:00, run_after=2022-01-01T00:00:00+00:00
[2023-07-02T02:04:20.763+0000] {logging_mixin.py:149} INFO - [2023-07-02T02:04:20.763+0000] {dag.py:3490} INFO - Setting next_dagrun for example_subdag_operator.section-1 to None, run_after=None
[2023-07-02T02:04:20.766+0000] {logging_mixin.py:149} INFO - [2023-07-02T02:04:20.766+0000] {dag.py:3490} INFO - Setting next_dagrun for example_subdag_operator.section-2 to None, run_after=None
[2023-07-02T02:04:20.779+0000] {logging_mixin.py:149} INFO - [2023-07-02T02:04:20.779+0000] {dag.py:2726} INFO - Sync 2 DAGs
[2023-07-02T02:04:20.788+0000] {logging_mixin.py:149} INFO - [2023-07-02T02:04:20.787+0000] {dag.py:3490} INFO - Setting next_dagrun for example_subdag_operator.section-1 to None, run_after=None
[2023-07-02T02:04:20.789+0000] {logging_mixin.py:149} INFO - [2023-07-02T02:04:20.789+0000] {dag.py:3490} INFO - Setting next_dagrun for example_subdag_operator.section-2 to None, run_after=None
[2023-07-02T02:04:20.810+0000] {processor.py:179} INFO - Processing /home/airflow/.local/lib/python3.7/site-packages/airflow/example_dags/example_subdag_operator.py took 0.228 seconds
[2023-07-02T02:04:51.396+0000] {processor.py:157} INFO - Started process (PID=114) to work on /home/airflow/.local/lib/python3.7/site-packages/airflow/example_dags/example_subdag_operator.py
[2023-07-02T02:04:51.397+0000] {processor.py:826} INFO - Processing file /home/airflow/.local/lib/python3.7/site-packages/airflow/example_dags/example_subdag_operator.py for tasks to queue
[2023-07-02T02:04:51.398+0000] {logging_mixin.py:149} INFO - [2023-07-02T02:04:51.398+0000] {dagbag.py:541} INFO - Filling up the DagBag from /home/airflow/.local/lib/python3.7/site-packages/airflow/example_dags/example_subdag_operator.py
[2023-07-02T02:04:51.434+0000] {processor.py:836} INFO - DAG(s) dict_keys(['example_subdag_operator.section-1', 'example_subdag_operator.section-2', 'example_subdag_operator']) retrieved from /home/airflow/.local/lib/python3.7/site-packages/airflow/example_dags/example_subdag_operator.py
[2023-07-02T02:04:51.460+0000] {logging_mixin.py:149} INFO - [2023-07-02T02:04:51.460+0000] {dag.py:2726} INFO - Sync 3 DAGs
[2023-07-02T02:04:51.507+0000] {logging_mixin.py:149} INFO - [2023-07-02T02:04:51.507+0000] {dag.py:3490} INFO - Setting next_dagrun for example_subdag_operator to 2022-01-01T00:00:00+00:00, run_after=2022-01-01T00:00:00+00:00
[2023-07-02T02:04:51.515+0000] {logging_mixin.py:149} INFO - [2023-07-02T02:04:51.515+0000] {dag.py:3490} INFO - Setting next_dagrun for example_subdag_operator.section-1 to None, run_after=None
[2023-07-02T02:04:51.518+0000] {logging_mixin.py:149} INFO - [2023-07-02T02:04:51.518+0000] {dag.py:3490} INFO - Setting next_dagrun for example_subdag_operator.section-2 to None, run_after=None
[2023-07-02T02:04:51.547+0000] {logging_mixin.py:149} INFO - [2023-07-02T02:04:51.544+0000] {dag.py:2726} INFO - Sync 2 DAGs
[2023-07-02T02:04:51.576+0000] {logging_mixin.py:149} INFO - [2023-07-02T02:04:51.575+0000] {dag.py:3490} INFO - Setting next_dagrun for example_subdag_operator.section-1 to None, run_after=None
[2023-07-02T02:04:51.577+0000] {logging_mixin.py:149} INFO - [2023-07-02T02:04:51.577+0000] {dag.py:3490} INFO - Setting next_dagrun for example_subdag_operator.section-2 to None, run_after=None
[2023-07-02T02:04:51.603+0000] {processor.py:179} INFO - Processing /home/airflow/.local/lib/python3.7/site-packages/airflow/example_dags/example_subdag_operator.py took 0.212 seconds
[2023-07-02T02:05:22.425+0000] {processor.py:157} INFO - Started process (PID=171) to work on /home/airflow/.local/lib/python3.7/site-packages/airflow/example_dags/example_subdag_operator.py
[2023-07-02T02:05:22.426+0000] {processor.py:826} INFO - Processing file /home/airflow/.local/lib/python3.7/site-packages/airflow/example_dags/example_subdag_operator.py for tasks to queue
[2023-07-02T02:05:22.428+0000] {logging_mixin.py:149} INFO - [2023-07-02T02:05:22.428+0000] {dagbag.py:541} INFO - Filling up the DagBag from /home/airflow/.local/lib/python3.7/site-packages/airflow/example_dags/example_subdag_operator.py
[2023-07-02T02:05:22.465+0000] {processor.py:836} INFO - DAG(s) dict_keys(['example_subdag_operator.section-1', 'example_subdag_operator.section-2', 'example_subdag_operator']) retrieved from /home/airflow/.local/lib/python3.7/site-packages/airflow/example_dags/example_subdag_operator.py
[2023-07-02T02:05:22.491+0000] {logging_mixin.py:149} INFO - [2023-07-02T02:05:22.491+0000] {dag.py:2726} INFO - Sync 3 DAGs
[2023-07-02T02:05:22.528+0000] {logging_mixin.py:149} INFO - [2023-07-02T02:05:22.527+0000] {dag.py:3490} INFO - Setting next_dagrun for example_subdag_operator to 2022-01-01T00:00:00+00:00, run_after=2022-01-01T00:00:00+00:00
[2023-07-02T02:05:22.547+0000] {logging_mixin.py:149} INFO - [2023-07-02T02:05:22.546+0000] {dag.py:3490} INFO - Setting next_dagrun for example_subdag_operator.section-1 to None, run_after=None
[2023-07-02T02:05:22.549+0000] {logging_mixin.py:149} INFO - [2023-07-02T02:05:22.549+0000] {dag.py:3490} INFO - Setting next_dagrun for example_subdag_operator.section-2 to None, run_after=None
[2023-07-02T02:05:22.564+0000] {logging_mixin.py:149} INFO - [2023-07-02T02:05:22.564+0000] {dag.py:2726} INFO - Sync 2 DAGs
[2023-07-02T02:05:22.572+0000] {logging_mixin.py:149} INFO - [2023-07-02T02:05:22.572+0000] {dag.py:3490} INFO - Setting next_dagrun for example_subdag_operator.section-1 to None, run_after=None
[2023-07-02T02:05:22.574+0000] {logging_mixin.py:149} INFO - [2023-07-02T02:05:22.574+0000] {dag.py:3490} INFO - Setting next_dagrun for example_subdag_operator.section-2 to None, run_after=None
[2023-07-02T02:05:22.589+0000] {processor.py:179} INFO - Processing /home/airflow/.local/lib/python3.7/site-packages/airflow/example_dags/example_subdag_operator.py took 0.168 seconds
[2023-07-02T02:05:52.949+0000] {processor.py:157} INFO - Started process (PID=230) to work on /home/airflow/.local/lib/python3.7/site-packages/airflow/example_dags/example_subdag_operator.py
[2023-07-02T02:05:52.951+0000] {processor.py:826} INFO - Processing file /home/airflow/.local/lib/python3.7/site-packages/airflow/example_dags/example_subdag_operator.py for tasks to queue
[2023-07-02T02:05:52.953+0000] {logging_mixin.py:149} INFO - [2023-07-02T02:05:52.953+0000] {dagbag.py:541} INFO - Filling up the DagBag from /home/airflow/.local/lib/python3.7/site-packages/airflow/example_dags/example_subdag_operator.py
[2023-07-02T02:05:52.996+0000] {processor.py:836} INFO - DAG(s) dict_keys(['example_subdag_operator.section-1', 'example_subdag_operator.section-2', 'example_subdag_operator']) retrieved from /home/airflow/.local/lib/python3.7/site-packages/airflow/example_dags/example_subdag_operator.py
[2023-07-02T02:05:53.025+0000] {logging_mixin.py:149} INFO - [2023-07-02T02:05:53.025+0000] {dag.py:2726} INFO - Sync 3 DAGs
[2023-07-02T02:05:53.092+0000] {logging_mixin.py:149} INFO - [2023-07-02T02:05:53.092+0000] {dag.py:3490} INFO - Setting next_dagrun for example_subdag_operator to 2022-01-01T00:00:00+00:00, run_after=2022-01-01T00:00:00+00:00
[2023-07-02T02:05:53.099+0000] {logging_mixin.py:149} INFO - [2023-07-02T02:05:53.099+0000] {dag.py:3490} INFO - Setting next_dagrun for example_subdag_operator.section-1 to None, run_after=None
[2023-07-02T02:05:53.102+0000] {logging_mixin.py:149} INFO - [2023-07-02T02:05:53.102+0000] {dag.py:3490} INFO - Setting next_dagrun for example_subdag_operator.section-2 to None, run_after=None
[2023-07-02T02:05:53.119+0000] {logging_mixin.py:149} INFO - [2023-07-02T02:05:53.118+0000] {dag.py:2726} INFO - Sync 2 DAGs
[2023-07-02T02:05:53.131+0000] {logging_mixin.py:149} INFO - [2023-07-02T02:05:53.131+0000] {dag.py:3490} INFO - Setting next_dagrun for example_subdag_operator.section-1 to None, run_after=None
[2023-07-02T02:05:53.133+0000] {logging_mixin.py:149} INFO - [2023-07-02T02:05:53.133+0000] {dag.py:3490} INFO - Setting next_dagrun for example_subdag_operator.section-2 to None, run_after=None
[2023-07-02T02:05:53.156+0000] {processor.py:179} INFO - Processing /home/airflow/.local/lib/python3.7/site-packages/airflow/example_dags/example_subdag_operator.py took 0.212 seconds
[2023-07-02T02:06:23.994+0000] {processor.py:157} INFO - Started process (PID=288) to work on /home/airflow/.local/lib/python3.7/site-packages/airflow/example_dags/example_subdag_operator.py
[2023-07-02T02:06:23.995+0000] {processor.py:826} INFO - Processing file /home/airflow/.local/lib/python3.7/site-packages/airflow/example_dags/example_subdag_operator.py for tasks to queue
[2023-07-02T02:06:23.996+0000] {logging_mixin.py:149} INFO - [2023-07-02T02:06:23.996+0000] {dagbag.py:541} INFO - Filling up the DagBag from /home/airflow/.local/lib/python3.7/site-packages/airflow/example_dags/example_subdag_operator.py
[2023-07-02T02:06:24.032+0000] {processor.py:836} INFO - DAG(s) dict_keys(['example_subdag_operator.section-1', 'example_subdag_operator.section-2', 'example_subdag_operator']) retrieved from /home/airflow/.local/lib/python3.7/site-packages/airflow/example_dags/example_subdag_operator.py
[2023-07-02T02:06:24.079+0000] {logging_mixin.py:149} INFO - [2023-07-02T02:06:24.079+0000] {dag.py:2726} INFO - Sync 3 DAGs
[2023-07-02T02:06:24.119+0000] {logging_mixin.py:149} INFO - [2023-07-02T02:06:24.119+0000] {dag.py:3490} INFO - Setting next_dagrun for example_subdag_operator to 2022-01-01T00:00:00+00:00, run_after=2022-01-01T00:00:00+00:00
[2023-07-02T02:06:24.126+0000] {logging_mixin.py:149} INFO - [2023-07-02T02:06:24.126+0000] {dag.py:3490} INFO - Setting next_dagrun for example_subdag_operator.section-1 to None, run_after=None
[2023-07-02T02:06:24.128+0000] {logging_mixin.py:149} INFO - [2023-07-02T02:06:24.128+0000] {dag.py:3490} INFO - Setting next_dagrun for example_subdag_operator.section-2 to None, run_after=None
[2023-07-02T02:06:24.139+0000] {logging_mixin.py:149} INFO - [2023-07-02T02:06:24.139+0000] {dag.py:2726} INFO - Sync 2 DAGs
[2023-07-02T02:06:24.148+0000] {logging_mixin.py:149} INFO - [2023-07-02T02:06:24.147+0000] {dag.py:3490} INFO - Setting next_dagrun for example_subdag_operator.section-1 to None, run_after=None
[2023-07-02T02:06:24.149+0000] {logging_mixin.py:149} INFO - [2023-07-02T02:06:24.149+0000] {dag.py:3490} INFO - Setting next_dagrun for example_subdag_operator.section-2 to None, run_after=None
[2023-07-02T02:06:24.169+0000] {processor.py:179} INFO - Processing /home/airflow/.local/lib/python3.7/site-packages/airflow/example_dags/example_subdag_operator.py took 0.180 seconds
[2023-07-02T02:06:54.459+0000] {processor.py:157} INFO - Started process (PID=346) to work on /home/airflow/.local/lib/python3.7/site-packages/airflow/example_dags/example_subdag_operator.py
[2023-07-02T02:06:54.460+0000] {processor.py:826} INFO - Processing file /home/airflow/.local/lib/python3.7/site-packages/airflow/example_dags/example_subdag_operator.py for tasks to queue
[2023-07-02T02:06:54.462+0000] {logging_mixin.py:149} INFO - [2023-07-02T02:06:54.462+0000] {dagbag.py:541} INFO - Filling up the DagBag from /home/airflow/.local/lib/python3.7/site-packages/airflow/example_dags/example_subdag_operator.py
[2023-07-02T02:06:54.498+0000] {processor.py:836} INFO - DAG(s) dict_keys(['example_subdag_operator.section-1', 'example_subdag_operator.section-2', 'example_subdag_operator']) retrieved from /home/airflow/.local/lib/python3.7/site-packages/airflow/example_dags/example_subdag_operator.py
[2023-07-02T02:06:54.524+0000] {logging_mixin.py:149} INFO - [2023-07-02T02:06:54.523+0000] {dag.py:2726} INFO - Sync 3 DAGs
[2023-07-02T02:06:54.571+0000] {logging_mixin.py:149} INFO - [2023-07-02T02:06:54.570+0000] {dag.py:3490} INFO - Setting next_dagrun for example_subdag_operator to 2022-01-01T00:00:00+00:00, run_after=2022-01-01T00:00:00+00:00
[2023-07-02T02:06:54.575+0000] {logging_mixin.py:149} INFO - [2023-07-02T02:06:54.575+0000] {dag.py:3490} INFO - Setting next_dagrun for example_subdag_operator.section-1 to None, run_after=None
[2023-07-02T02:06:54.577+0000] {logging_mixin.py:149} INFO - [2023-07-02T02:06:54.577+0000] {dag.py:3490} INFO - Setting next_dagrun for example_subdag_operator.section-2 to None, run_after=None
[2023-07-02T02:06:54.588+0000] {logging_mixin.py:149} INFO - [2023-07-02T02:06:54.587+0000] {dag.py:2726} INFO - Sync 2 DAGs
[2023-07-02T02:06:54.596+0000] {logging_mixin.py:149} INFO - [2023-07-02T02:06:54.596+0000] {dag.py:3490} INFO - Setting next_dagrun for example_subdag_operator.section-1 to None, run_after=None
[2023-07-02T02:06:54.597+0000] {logging_mixin.py:149} INFO - [2023-07-02T02:06:54.597+0000] {dag.py:3490} INFO - Setting next_dagrun for example_subdag_operator.section-2 to None, run_after=None
[2023-07-02T02:06:54.616+0000] {processor.py:179} INFO - Processing /home/airflow/.local/lib/python3.7/site-packages/airflow/example_dags/example_subdag_operator.py took 0.162 seconds
[2023-07-02T02:12:41.242+0000] {processor.py:157} INFO - Started process (PID=56) to work on /home/airflow/.local/lib/python3.7/site-packages/airflow/example_dags/example_subdag_operator.py
[2023-07-02T02:12:41.244+0000] {processor.py:826} INFO - Processing file /home/airflow/.local/lib/python3.7/site-packages/airflow/example_dags/example_subdag_operator.py for tasks to queue
[2023-07-02T02:12:41.245+0000] {logging_mixin.py:149} INFO - [2023-07-02T02:12:41.245+0000] {dagbag.py:541} INFO - Filling up the DagBag from /home/airflow/.local/lib/python3.7/site-packages/airflow/example_dags/example_subdag_operator.py
[2023-07-02T02:12:41.286+0000] {processor.py:836} INFO - DAG(s) dict_keys(['example_subdag_operator.section-1', 'example_subdag_operator.section-2', 'example_subdag_operator']) retrieved from /home/airflow/.local/lib/python3.7/site-packages/airflow/example_dags/example_subdag_operator.py
[2023-07-02T02:12:41.318+0000] {logging_mixin.py:149} INFO - [2023-07-02T02:12:41.318+0000] {dag.py:2726} INFO - Sync 3 DAGs
[2023-07-02T02:12:41.511+0000] {logging_mixin.py:149} INFO - [2023-07-02T02:12:41.511+0000] {dag.py:3490} INFO - Setting next_dagrun for example_subdag_operator to 2022-01-01T00:00:00+00:00, run_after=2022-01-01T00:00:00+00:00
[2023-07-02T02:12:41.521+0000] {logging_mixin.py:149} INFO - [2023-07-02T02:12:41.519+0000] {dag.py:3490} INFO - Setting next_dagrun for example_subdag_operator.section-1 to None, run_after=None
[2023-07-02T02:12:41.530+0000] {logging_mixin.py:149} INFO - [2023-07-02T02:12:41.530+0000] {dag.py:3490} INFO - Setting next_dagrun for example_subdag_operator.section-2 to None, run_after=None
[2023-07-02T02:12:41.550+0000] {logging_mixin.py:149} INFO - [2023-07-02T02:12:41.549+0000] {dag.py:2726} INFO - Sync 2 DAGs
[2023-07-02T02:12:41.566+0000] {logging_mixin.py:149} INFO - [2023-07-02T02:12:41.566+0000] {dag.py:3490} INFO - Setting next_dagrun for example_subdag_operator.section-1 to None, run_after=None
[2023-07-02T02:12:41.568+0000] {logging_mixin.py:149} INFO - [2023-07-02T02:12:41.568+0000] {dag.py:3490} INFO - Setting next_dagrun for example_subdag_operator.section-2 to None, run_after=None
[2023-07-02T02:12:41.592+0000] {processor.py:179} INFO - Processing /home/airflow/.local/lib/python3.7/site-packages/airflow/example_dags/example_subdag_operator.py took 0.355 seconds
[2023-07-02T02:13:12.517+0000] {processor.py:157} INFO - Started process (PID=117) to work on /home/airflow/.local/lib/python3.7/site-packages/airflow/example_dags/example_subdag_operator.py
[2023-07-02T02:13:12.520+0000] {processor.py:826} INFO - Processing file /home/airflow/.local/lib/python3.7/site-packages/airflow/example_dags/example_subdag_operator.py for tasks to queue
[2023-07-02T02:13:12.521+0000] {logging_mixin.py:149} INFO - [2023-07-02T02:13:12.521+0000] {dagbag.py:541} INFO - Filling up the DagBag from /home/airflow/.local/lib/python3.7/site-packages/airflow/example_dags/example_subdag_operator.py
[2023-07-02T02:13:12.554+0000] {processor.py:836} INFO - DAG(s) dict_keys(['example_subdag_operator.section-1', 'example_subdag_operator.section-2', 'example_subdag_operator']) retrieved from /home/airflow/.local/lib/python3.7/site-packages/airflow/example_dags/example_subdag_operator.py
[2023-07-02T02:13:12.586+0000] {logging_mixin.py:149} INFO - [2023-07-02T02:13:12.586+0000] {dag.py:2726} INFO - Sync 3 DAGs
[2023-07-02T02:13:12.622+0000] {logging_mixin.py:149} INFO - [2023-07-02T02:13:12.621+0000] {dag.py:3490} INFO - Setting next_dagrun for example_subdag_operator to 2022-01-01T00:00:00+00:00, run_after=2022-01-01T00:00:00+00:00
[2023-07-02T02:13:12.626+0000] {logging_mixin.py:149} INFO - [2023-07-02T02:13:12.626+0000] {dag.py:3490} INFO - Setting next_dagrun for example_subdag_operator.section-1 to None, run_after=None
[2023-07-02T02:13:12.628+0000] {logging_mixin.py:149} INFO - [2023-07-02T02:13:12.628+0000] {dag.py:3490} INFO - Setting next_dagrun for example_subdag_operator.section-2 to None, run_after=None
[2023-07-02T02:13:12.638+0000] {logging_mixin.py:149} INFO - [2023-07-02T02:13:12.638+0000] {dag.py:2726} INFO - Sync 2 DAGs
[2023-07-02T02:13:12.645+0000] {logging_mixin.py:149} INFO - [2023-07-02T02:13:12.645+0000] {dag.py:3490} INFO - Setting next_dagrun for example_subdag_operator.section-1 to None, run_after=None
[2023-07-02T02:13:12.646+0000] {logging_mixin.py:149} INFO - [2023-07-02T02:13:12.646+0000] {dag.py:3490} INFO - Setting next_dagrun for example_subdag_operator.section-2 to None, run_after=None
[2023-07-02T02:13:12.661+0000] {processor.py:179} INFO - Processing /home/airflow/.local/lib/python3.7/site-packages/airflow/example_dags/example_subdag_operator.py took 0.150 seconds
[2023-07-02T02:13:42.833+0000] {processor.py:157} INFO - Started process (PID=175) to work on /home/airflow/.local/lib/python3.7/site-packages/airflow/example_dags/example_subdag_operator.py
[2023-07-02T02:13:42.835+0000] {processor.py:826} INFO - Processing file /home/airflow/.local/lib/python3.7/site-packages/airflow/example_dags/example_subdag_operator.py for tasks to queue
[2023-07-02T02:13:42.837+0000] {logging_mixin.py:149} INFO - [2023-07-02T02:13:42.836+0000] {dagbag.py:541} INFO - Filling up the DagBag from /home/airflow/.local/lib/python3.7/site-packages/airflow/example_dags/example_subdag_operator.py
[2023-07-02T02:13:42.881+0000] {processor.py:836} INFO - DAG(s) dict_keys(['example_subdag_operator.section-1', 'example_subdag_operator.section-2', 'example_subdag_operator']) retrieved from /home/airflow/.local/lib/python3.7/site-packages/airflow/example_dags/example_subdag_operator.py
[2023-07-02T02:13:42.907+0000] {logging_mixin.py:149} INFO - [2023-07-02T02:13:42.907+0000] {dag.py:2726} INFO - Sync 3 DAGs
[2023-07-02T02:13:42.941+0000] {logging_mixin.py:149} INFO - [2023-07-02T02:13:42.940+0000] {dag.py:3490} INFO - Setting next_dagrun for example_subdag_operator to 2022-01-01T00:00:00+00:00, run_after=2022-01-01T00:00:00+00:00
[2023-07-02T02:13:42.947+0000] {logging_mixin.py:149} INFO - [2023-07-02T02:13:42.947+0000] {dag.py:3490} INFO - Setting next_dagrun for example_subdag_operator.section-1 to None, run_after=None
[2023-07-02T02:13:42.950+0000] {logging_mixin.py:149} INFO - [2023-07-02T02:13:42.949+0000] {dag.py:3490} INFO - Setting next_dagrun for example_subdag_operator.section-2 to None, run_after=None
[2023-07-02T02:13:42.960+0000] {logging_mixin.py:149} INFO - [2023-07-02T02:13:42.960+0000] {dag.py:2726} INFO - Sync 2 DAGs
[2023-07-02T02:13:42.968+0000] {logging_mixin.py:149} INFO - [2023-07-02T02:13:42.967+0000] {dag.py:3490} INFO - Setting next_dagrun for example_subdag_operator.section-1 to None, run_after=None
[2023-07-02T02:13:42.969+0000] {logging_mixin.py:149} INFO - [2023-07-02T02:13:42.969+0000] {dag.py:3490} INFO - Setting next_dagrun for example_subdag_operator.section-2 to None, run_after=None
[2023-07-02T02:13:42.984+0000] {processor.py:179} INFO - Processing /home/airflow/.local/lib/python3.7/site-packages/airflow/example_dags/example_subdag_operator.py took 0.155 seconds
[2023-07-02T02:14:13.418+0000] {processor.py:157} INFO - Started process (PID=233) to work on /home/airflow/.local/lib/python3.7/site-packages/airflow/example_dags/example_subdag_operator.py
[2023-07-02T02:14:13.419+0000] {processor.py:826} INFO - Processing file /home/airflow/.local/lib/python3.7/site-packages/airflow/example_dags/example_subdag_operator.py for tasks to queue
[2023-07-02T02:14:13.420+0000] {logging_mixin.py:149} INFO - [2023-07-02T02:14:13.420+0000] {dagbag.py:541} INFO - Filling up the DagBag from /home/airflow/.local/lib/python3.7/site-packages/airflow/example_dags/example_subdag_operator.py
[2023-07-02T02:14:13.453+0000] {processor.py:836} INFO - DAG(s) dict_keys(['example_subdag_operator.section-1', 'example_subdag_operator.section-2', 'example_subdag_operator']) retrieved from /home/airflow/.local/lib/python3.7/site-packages/airflow/example_dags/example_subdag_operator.py
[2023-07-02T02:14:13.478+0000] {logging_mixin.py:149} INFO - [2023-07-02T02:14:13.478+0000] {dag.py:2726} INFO - Sync 3 DAGs
[2023-07-02T02:14:13.525+0000] {logging_mixin.py:149} INFO - [2023-07-02T02:14:13.525+0000] {dag.py:3490} INFO - Setting next_dagrun for example_subdag_operator to 2022-01-01T00:00:00+00:00, run_after=2022-01-01T00:00:00+00:00
[2023-07-02T02:14:13.531+0000] {logging_mixin.py:149} INFO - [2023-07-02T02:14:13.530+0000] {dag.py:3490} INFO - Setting next_dagrun for example_subdag_operator.section-1 to None, run_after=None
[2023-07-02T02:14:13.533+0000] {logging_mixin.py:149} INFO - [2023-07-02T02:14:13.533+0000] {dag.py:3490} INFO - Setting next_dagrun for example_subdag_operator.section-2 to None, run_after=None
[2023-07-02T02:14:13.554+0000] {logging_mixin.py:149} INFO - [2023-07-02T02:14:13.554+0000] {dag.py:2726} INFO - Sync 2 DAGs
[2023-07-02T02:14:13.571+0000] {logging_mixin.py:149} INFO - [2023-07-02T02:14:13.571+0000] {dag.py:3490} INFO - Setting next_dagrun for example_subdag_operator.section-1 to None, run_after=None
[2023-07-02T02:14:13.573+0000] {logging_mixin.py:149} INFO - [2023-07-02T02:14:13.572+0000] {dag.py:3490} INFO - Setting next_dagrun for example_subdag_operator.section-2 to None, run_after=None
[2023-07-02T02:14:13.609+0000] {processor.py:179} INFO - Processing /home/airflow/.local/lib/python3.7/site-packages/airflow/example_dags/example_subdag_operator.py took 0.197 seconds
[2023-07-02T02:14:44.152+0000] {processor.py:157} INFO - Started process (PID=291) to work on /home/airflow/.local/lib/python3.7/site-packages/airflow/example_dags/example_subdag_operator.py
[2023-07-02T02:14:44.153+0000] {processor.py:826} INFO - Processing file /home/airflow/.local/lib/python3.7/site-packages/airflow/example_dags/example_subdag_operator.py for tasks to queue
[2023-07-02T02:14:44.155+0000] {logging_mixin.py:149} INFO - [2023-07-02T02:14:44.154+0000] {dagbag.py:541} INFO - Filling up the DagBag from /home/airflow/.local/lib/python3.7/site-packages/airflow/example_dags/example_subdag_operator.py
[2023-07-02T02:14:44.188+0000] {processor.py:836} INFO - DAG(s) dict_keys(['example_subdag_operator.section-1', 'example_subdag_operator.section-2', 'example_subdag_operator']) retrieved from /home/airflow/.local/lib/python3.7/site-packages/airflow/example_dags/example_subdag_operator.py
[2023-07-02T02:14:44.333+0000] {logging_mixin.py:149} INFO - [2023-07-02T02:14:44.333+0000] {dag.py:2726} INFO - Sync 3 DAGs
[2023-07-02T02:14:44.363+0000] {logging_mixin.py:149} INFO - [2023-07-02T02:14:44.363+0000] {dag.py:3490} INFO - Setting next_dagrun for example_subdag_operator to 2022-01-01T00:00:00+00:00, run_after=2022-01-01T00:00:00+00:00
[2023-07-02T02:14:44.367+0000] {logging_mixin.py:149} INFO - [2023-07-02T02:14:44.367+0000] {dag.py:3490} INFO - Setting next_dagrun for example_subdag_operator.section-1 to None, run_after=None
[2023-07-02T02:14:44.369+0000] {logging_mixin.py:149} INFO - [2023-07-02T02:14:44.369+0000] {dag.py:3490} INFO - Setting next_dagrun for example_subdag_operator.section-2 to None, run_after=None
[2023-07-02T02:14:44.382+0000] {logging_mixin.py:149} INFO - [2023-07-02T02:14:44.382+0000] {dag.py:2726} INFO - Sync 2 DAGs
[2023-07-02T02:14:44.390+0000] {logging_mixin.py:149} INFO - [2023-07-02T02:14:44.390+0000] {dag.py:3490} INFO - Setting next_dagrun for example_subdag_operator.section-1 to None, run_after=None
[2023-07-02T02:14:44.391+0000] {logging_mixin.py:149} INFO - [2023-07-02T02:14:44.391+0000] {dag.py:3490} INFO - Setting next_dagrun for example_subdag_operator.section-2 to None, run_after=None
[2023-07-02T02:14:44.407+0000] {processor.py:179} INFO - Processing /home/airflow/.local/lib/python3.7/site-packages/airflow/example_dags/example_subdag_operator.py took 0.259 seconds
[2023-07-02T02:15:15.035+0000] {processor.py:157} INFO - Started process (PID=349) to work on /home/airflow/.local/lib/python3.7/site-packages/airflow/example_dags/example_subdag_operator.py
[2023-07-02T02:15:15.036+0000] {processor.py:826} INFO - Processing file /home/airflow/.local/lib/python3.7/site-packages/airflow/example_dags/example_subdag_operator.py for tasks to queue
[2023-07-02T02:15:15.037+0000] {logging_mixin.py:149} INFO - [2023-07-02T02:15:15.037+0000] {dagbag.py:541} INFO - Filling up the DagBag from /home/airflow/.local/lib/python3.7/site-packages/airflow/example_dags/example_subdag_operator.py
[2023-07-02T02:15:15.070+0000] {processor.py:836} INFO - DAG(s) dict_keys(['example_subdag_operator.section-1', 'example_subdag_operator.section-2', 'example_subdag_operator']) retrieved from /home/airflow/.local/lib/python3.7/site-packages/airflow/example_dags/example_subdag_operator.py
[2023-07-02T02:15:15.095+0000] {logging_mixin.py:149} INFO - [2023-07-02T02:15:15.094+0000] {dag.py:2726} INFO - Sync 3 DAGs
[2023-07-02T02:15:15.126+0000] {logging_mixin.py:149} INFO - [2023-07-02T02:15:15.125+0000] {dag.py:3490} INFO - Setting next_dagrun for example_subdag_operator to 2022-01-01T00:00:00+00:00, run_after=2022-01-01T00:00:00+00:00
[2023-07-02T02:15:15.130+0000] {logging_mixin.py:149} INFO - [2023-07-02T02:15:15.130+0000] {dag.py:3490} INFO - Setting next_dagrun for example_subdag_operator.section-1 to None, run_after=None
[2023-07-02T02:15:15.132+0000] {logging_mixin.py:149} INFO - [2023-07-02T02:15:15.132+0000] {dag.py:3490} INFO - Setting next_dagrun for example_subdag_operator.section-2 to None, run_after=None
[2023-07-02T02:15:15.141+0000] {logging_mixin.py:149} INFO - [2023-07-02T02:15:15.141+0000] {dag.py:2726} INFO - Sync 2 DAGs
[2023-07-02T02:15:15.148+0000] {logging_mixin.py:149} INFO - [2023-07-02T02:15:15.148+0000] {dag.py:3490} INFO - Setting next_dagrun for example_subdag_operator.section-1 to None, run_after=None
[2023-07-02T02:15:15.149+0000] {logging_mixin.py:149} INFO - [2023-07-02T02:15:15.149+0000] {dag.py:3490} INFO - Setting next_dagrun for example_subdag_operator.section-2 to None, run_after=None
[2023-07-02T02:15:15.167+0000] {processor.py:179} INFO - Processing /home/airflow/.local/lib/python3.7/site-packages/airflow/example_dags/example_subdag_operator.py took 0.136 seconds
[2023-07-02T02:15:46.321+0000] {processor.py:157} INFO - Started process (PID=406) to work on /home/airflow/.local/lib/python3.7/site-packages/airflow/example_dags/example_subdag_operator.py
[2023-07-02T02:15:46.322+0000] {processor.py:826} INFO - Processing file /home/airflow/.local/lib/python3.7/site-packages/airflow/example_dags/example_subdag_operator.py for tasks to queue
[2023-07-02T02:15:46.323+0000] {logging_mixin.py:149} INFO - [2023-07-02T02:15:46.323+0000] {dagbag.py:541} INFO - Filling up the DagBag from /home/airflow/.local/lib/python3.7/site-packages/airflow/example_dags/example_subdag_operator.py
[2023-07-02T02:15:46.355+0000] {processor.py:836} INFO - DAG(s) dict_keys(['example_subdag_operator.section-1', 'example_subdag_operator.section-2', 'example_subdag_operator']) retrieved from /home/airflow/.local/lib/python3.7/site-packages/airflow/example_dags/example_subdag_operator.py
[2023-07-02T02:15:46.502+0000] {logging_mixin.py:149} INFO - [2023-07-02T02:15:46.502+0000] {dag.py:2726} INFO - Sync 3 DAGs
[2023-07-02T02:15:46.532+0000] {logging_mixin.py:149} INFO - [2023-07-02T02:15:46.532+0000] {dag.py:3490} INFO - Setting next_dagrun for example_subdag_operator to 2022-01-01T00:00:00+00:00, run_after=2022-01-01T00:00:00+00:00
[2023-07-02T02:15:46.536+0000] {logging_mixin.py:149} INFO - [2023-07-02T02:15:46.536+0000] {dag.py:3490} INFO - Setting next_dagrun for example_subdag_operator.section-1 to None, run_after=None
[2023-07-02T02:15:46.537+0000] {logging_mixin.py:149} INFO - [2023-07-02T02:15:46.537+0000] {dag.py:3490} INFO - Setting next_dagrun for example_subdag_operator.section-2 to None, run_after=None
[2023-07-02T02:15:46.548+0000] {logging_mixin.py:149} INFO - [2023-07-02T02:15:46.548+0000] {dag.py:2726} INFO - Sync 2 DAGs
[2023-07-02T02:15:46.555+0000] {logging_mixin.py:149} INFO - [2023-07-02T02:15:46.555+0000] {dag.py:3490} INFO - Setting next_dagrun for example_subdag_operator.section-1 to None, run_after=None
[2023-07-02T02:15:46.555+0000] {logging_mixin.py:149} INFO - [2023-07-02T02:15:46.555+0000] {dag.py:3490} INFO - Setting next_dagrun for example_subdag_operator.section-2 to None, run_after=None
[2023-07-02T02:15:46.570+0000] {processor.py:179} INFO - Processing /home/airflow/.local/lib/python3.7/site-packages/airflow/example_dags/example_subdag_operator.py took 0.254 seconds
[2023-07-02T02:16:17.568+0000] {processor.py:157} INFO - Started process (PID=464) to work on /home/airflow/.local/lib/python3.7/site-packages/airflow/example_dags/example_subdag_operator.py
[2023-07-02T02:16:17.570+0000] {processor.py:826} INFO - Processing file /home/airflow/.local/lib/python3.7/site-packages/airflow/example_dags/example_subdag_operator.py for tasks to queue
[2023-07-02T02:16:17.572+0000] {logging_mixin.py:149} INFO - [2023-07-02T02:16:17.571+0000] {dagbag.py:541} INFO - Filling up the DagBag from /home/airflow/.local/lib/python3.7/site-packages/airflow/example_dags/example_subdag_operator.py
[2023-07-02T02:16:17.629+0000] {processor.py:836} INFO - DAG(s) dict_keys(['example_subdag_operator.section-1', 'example_subdag_operator.section-2', 'example_subdag_operator']) retrieved from /home/airflow/.local/lib/python3.7/site-packages/airflow/example_dags/example_subdag_operator.py
[2023-07-02T02:16:17.668+0000] {logging_mixin.py:149} INFO - [2023-07-02T02:16:17.668+0000] {dag.py:2726} INFO - Sync 3 DAGs
[2023-07-02T02:16:17.712+0000] {logging_mixin.py:149} INFO - [2023-07-02T02:16:17.711+0000] {dag.py:3490} INFO - Setting next_dagrun for example_subdag_operator to 2022-01-01T00:00:00+00:00, run_after=2022-01-01T00:00:00+00:00
[2023-07-02T02:16:17.717+0000] {logging_mixin.py:149} INFO - [2023-07-02T02:16:17.717+0000] {dag.py:3490} INFO - Setting next_dagrun for example_subdag_operator.section-1 to None, run_after=None
[2023-07-02T02:16:17.719+0000] {logging_mixin.py:149} INFO - [2023-07-02T02:16:17.719+0000] {dag.py:3490} INFO - Setting next_dagrun for example_subdag_operator.section-2 to None, run_after=None
[2023-07-02T02:16:17.729+0000] {logging_mixin.py:149} INFO - [2023-07-02T02:16:17.729+0000] {dag.py:2726} INFO - Sync 2 DAGs
[2023-07-02T02:16:17.736+0000] {logging_mixin.py:149} INFO - [2023-07-02T02:16:17.736+0000] {dag.py:3490} INFO - Setting next_dagrun for example_subdag_operator.section-1 to None, run_after=None
[2023-07-02T02:16:17.737+0000] {logging_mixin.py:149} INFO - [2023-07-02T02:16:17.737+0000] {dag.py:3490} INFO - Setting next_dagrun for example_subdag_operator.section-2 to None, run_after=None
[2023-07-02T02:16:17.754+0000] {processor.py:179} INFO - Processing /home/airflow/.local/lib/python3.7/site-packages/airflow/example_dags/example_subdag_operator.py took 0.193 seconds
[2023-07-02T02:16:48.631+0000] {processor.py:157} INFO - Started process (PID=523) to work on /home/airflow/.local/lib/python3.7/site-packages/airflow/example_dags/example_subdag_operator.py
[2023-07-02T02:16:48.633+0000] {processor.py:826} INFO - Processing file /home/airflow/.local/lib/python3.7/site-packages/airflow/example_dags/example_subdag_operator.py for tasks to queue
[2023-07-02T02:16:48.637+0000] {logging_mixin.py:149} INFO - [2023-07-02T02:16:48.636+0000] {dagbag.py:541} INFO - Filling up the DagBag from /home/airflow/.local/lib/python3.7/site-packages/airflow/example_dags/example_subdag_operator.py
[2023-07-02T02:16:48.696+0000] {processor.py:836} INFO - DAG(s) dict_keys(['example_subdag_operator.section-1', 'example_subdag_operator.section-2', 'example_subdag_operator']) retrieved from /home/airflow/.local/lib/python3.7/site-packages/airflow/example_dags/example_subdag_operator.py
[2023-07-02T02:16:48.734+0000] {logging_mixin.py:149} INFO - [2023-07-02T02:16:48.734+0000] {dag.py:2726} INFO - Sync 3 DAGs
[2023-07-02T02:16:48.786+0000] {logging_mixin.py:149} INFO - [2023-07-02T02:16:48.786+0000] {dag.py:3490} INFO - Setting next_dagrun for example_subdag_operator to 2022-01-01T00:00:00+00:00, run_after=2022-01-01T00:00:00+00:00
[2023-07-02T02:16:48.793+0000] {logging_mixin.py:149} INFO - [2023-07-02T02:16:48.792+0000] {dag.py:3490} INFO - Setting next_dagrun for example_subdag_operator.section-1 to None, run_after=None
[2023-07-02T02:16:48.796+0000] {logging_mixin.py:149} INFO - [2023-07-02T02:16:48.796+0000] {dag.py:3490} INFO - Setting next_dagrun for example_subdag_operator.section-2 to None, run_after=None
[2023-07-02T02:16:48.810+0000] {logging_mixin.py:149} INFO - [2023-07-02T02:16:48.810+0000] {dag.py:2726} INFO - Sync 2 DAGs
[2023-07-02T02:16:48.826+0000] {logging_mixin.py:149} INFO - [2023-07-02T02:16:48.821+0000] {dag.py:3490} INFO - Setting next_dagrun for example_subdag_operator.section-1 to None, run_after=None
[2023-07-02T02:16:48.830+0000] {logging_mixin.py:149} INFO - [2023-07-02T02:16:48.830+0000] {dag.py:3490} INFO - Setting next_dagrun for example_subdag_operator.section-2 to None, run_after=None
[2023-07-02T02:16:48.898+0000] {processor.py:179} INFO - Processing /home/airflow/.local/lib/python3.7/site-packages/airflow/example_dags/example_subdag_operator.py took 0.275 seconds
[2023-07-02T02:17:19.132+0000] {processor.py:157} INFO - Started process (PID=583) to work on /home/airflow/.local/lib/python3.7/site-packages/airflow/example_dags/example_subdag_operator.py
[2023-07-02T02:17:19.134+0000] {processor.py:826} INFO - Processing file /home/airflow/.local/lib/python3.7/site-packages/airflow/example_dags/example_subdag_operator.py for tasks to queue
[2023-07-02T02:17:19.135+0000] {logging_mixin.py:149} INFO - [2023-07-02T02:17:19.135+0000] {dagbag.py:541} INFO - Filling up the DagBag from /home/airflow/.local/lib/python3.7/site-packages/airflow/example_dags/example_subdag_operator.py
[2023-07-02T02:17:19.173+0000] {processor.py:836} INFO - DAG(s) dict_keys(['example_subdag_operator.section-1', 'example_subdag_operator.section-2', 'example_subdag_operator']) retrieved from /home/airflow/.local/lib/python3.7/site-packages/airflow/example_dags/example_subdag_operator.py
[2023-07-02T02:17:19.203+0000] {logging_mixin.py:149} INFO - [2023-07-02T02:17:19.203+0000] {dag.py:2726} INFO - Sync 3 DAGs
[2023-07-02T02:17:19.252+0000] {logging_mixin.py:149} INFO - [2023-07-02T02:17:19.251+0000] {dag.py:3490} INFO - Setting next_dagrun for example_subdag_operator to 2022-01-01T00:00:00+00:00, run_after=2022-01-01T00:00:00+00:00
[2023-07-02T02:17:19.257+0000] {logging_mixin.py:149} INFO - [2023-07-02T02:17:19.256+0000] {dag.py:3490} INFO - Setting next_dagrun for example_subdag_operator.section-1 to None, run_after=None
[2023-07-02T02:17:19.259+0000] {logging_mixin.py:149} INFO - [2023-07-02T02:17:19.259+0000] {dag.py:3490} INFO - Setting next_dagrun for example_subdag_operator.section-2 to None, run_after=None
[2023-07-02T02:17:19.270+0000] {logging_mixin.py:149} INFO - [2023-07-02T02:17:19.270+0000] {dag.py:2726} INFO - Sync 2 DAGs
[2023-07-02T02:17:19.279+0000] {logging_mixin.py:149} INFO - [2023-07-02T02:17:19.278+0000] {dag.py:3490} INFO - Setting next_dagrun for example_subdag_operator.section-1 to None, run_after=None
[2023-07-02T02:17:19.280+0000] {logging_mixin.py:149} INFO - [2023-07-02T02:17:19.280+0000] {dag.py:3490} INFO - Setting next_dagrun for example_subdag_operator.section-2 to None, run_after=None
[2023-07-02T02:17:19.299+0000] {processor.py:179} INFO - Processing /home/airflow/.local/lib/python3.7/site-packages/airflow/example_dags/example_subdag_operator.py took 0.173 seconds
[2023-07-02T02:17:49.520+0000] {processor.py:157} INFO - Started process (PID=642) to work on /home/airflow/.local/lib/python3.7/site-packages/airflow/example_dags/example_subdag_operator.py
[2023-07-02T02:17:49.522+0000] {processor.py:826} INFO - Processing file /home/airflow/.local/lib/python3.7/site-packages/airflow/example_dags/example_subdag_operator.py for tasks to queue
[2023-07-02T02:17:49.524+0000] {logging_mixin.py:149} INFO - [2023-07-02T02:17:49.524+0000] {dagbag.py:541} INFO - Filling up the DagBag from /home/airflow/.local/lib/python3.7/site-packages/airflow/example_dags/example_subdag_operator.py
[2023-07-02T02:17:49.573+0000] {processor.py:836} INFO - DAG(s) dict_keys(['example_subdag_operator.section-1', 'example_subdag_operator.section-2', 'example_subdag_operator']) retrieved from /home/airflow/.local/lib/python3.7/site-packages/airflow/example_dags/example_subdag_operator.py
[2023-07-02T02:17:49.634+0000] {logging_mixin.py:149} INFO - [2023-07-02T02:17:49.634+0000] {dag.py:2726} INFO - Sync 3 DAGs
[2023-07-02T02:17:49.692+0000] {logging_mixin.py:149} INFO - [2023-07-02T02:17:49.691+0000] {dag.py:3490} INFO - Setting next_dagrun for example_subdag_operator to 2022-01-01T00:00:00+00:00, run_after=2022-01-01T00:00:00+00:00
[2023-07-02T02:17:49.699+0000] {logging_mixin.py:149} INFO - [2023-07-02T02:17:49.699+0000] {dag.py:3490} INFO - Setting next_dagrun for example_subdag_operator.section-1 to None, run_after=None
[2023-07-02T02:17:49.703+0000] {logging_mixin.py:149} INFO - [2023-07-02T02:17:49.702+0000] {dag.py:3490} INFO - Setting next_dagrun for example_subdag_operator.section-2 to None, run_after=None
[2023-07-02T02:17:49.717+0000] {logging_mixin.py:149} INFO - [2023-07-02T02:17:49.717+0000] {dag.py:2726} INFO - Sync 2 DAGs
[2023-07-02T02:17:49.730+0000] {logging_mixin.py:149} INFO - [2023-07-02T02:17:49.730+0000] {dag.py:3490} INFO - Setting next_dagrun for example_subdag_operator.section-1 to None, run_after=None
[2023-07-02T02:17:49.732+0000] {logging_mixin.py:149} INFO - [2023-07-02T02:17:49.731+0000] {dag.py:3490} INFO - Setting next_dagrun for example_subdag_operator.section-2 to None, run_after=None
[2023-07-02T02:17:49.752+0000] {processor.py:179} INFO - Processing /home/airflow/.local/lib/python3.7/site-packages/airflow/example_dags/example_subdag_operator.py took 0.237 seconds
[2023-07-02T02:18:19.866+0000] {processor.py:157} INFO - Started process (PID=699) to work on /home/airflow/.local/lib/python3.7/site-packages/airflow/example_dags/example_subdag_operator.py
[2023-07-02T02:18:19.869+0000] {processor.py:826} INFO - Processing file /home/airflow/.local/lib/python3.7/site-packages/airflow/example_dags/example_subdag_operator.py for tasks to queue
[2023-07-02T02:18:19.872+0000] {logging_mixin.py:149} INFO - [2023-07-02T02:18:19.871+0000] {dagbag.py:541} INFO - Filling up the DagBag from /home/airflow/.local/lib/python3.7/site-packages/airflow/example_dags/example_subdag_operator.py
[2023-07-02T02:18:19.910+0000] {processor.py:836} INFO - DAG(s) dict_keys(['example_subdag_operator.section-1', 'example_subdag_operator.section-2', 'example_subdag_operator']) retrieved from /home/airflow/.local/lib/python3.7/site-packages/airflow/example_dags/example_subdag_operator.py
[2023-07-02T02:18:19.938+0000] {logging_mixin.py:149} INFO - [2023-07-02T02:18:19.938+0000] {dag.py:2726} INFO - Sync 3 DAGs
[2023-07-02T02:18:19.973+0000] {logging_mixin.py:149} INFO - [2023-07-02T02:18:19.973+0000] {dag.py:3490} INFO - Setting next_dagrun for example_subdag_operator to 2022-01-01T00:00:00+00:00, run_after=2022-01-01T00:00:00+00:00
[2023-07-02T02:18:19.978+0000] {logging_mixin.py:149} INFO - [2023-07-02T02:18:19.977+0000] {dag.py:3490} INFO - Setting next_dagrun for example_subdag_operator.section-1 to None, run_after=None
[2023-07-02T02:18:19.980+0000] {logging_mixin.py:149} INFO - [2023-07-02T02:18:19.980+0000] {dag.py:3490} INFO - Setting next_dagrun for example_subdag_operator.section-2 to None, run_after=None
[2023-07-02T02:18:19.992+0000] {logging_mixin.py:149} INFO - [2023-07-02T02:18:19.992+0000] {dag.py:2726} INFO - Sync 2 DAGs
[2023-07-02T02:18:20.002+0000] {logging_mixin.py:149} INFO - [2023-07-02T02:18:20.002+0000] {dag.py:3490} INFO - Setting next_dagrun for example_subdag_operator.section-1 to None, run_after=None
[2023-07-02T02:18:20.003+0000] {logging_mixin.py:149} INFO - [2023-07-02T02:18:20.003+0000] {dag.py:3490} INFO - Setting next_dagrun for example_subdag_operator.section-2 to None, run_after=None
[2023-07-02T02:18:20.025+0000] {processor.py:179} INFO - Processing /home/airflow/.local/lib/python3.7/site-packages/airflow/example_dags/example_subdag_operator.py took 0.167 seconds
[2023-07-02T02:18:50.990+0000] {processor.py:157} INFO - Started process (PID=757) to work on /home/airflow/.local/lib/python3.7/site-packages/airflow/example_dags/example_subdag_operator.py
[2023-07-02T02:18:50.991+0000] {processor.py:826} INFO - Processing file /home/airflow/.local/lib/python3.7/site-packages/airflow/example_dags/example_subdag_operator.py for tasks to queue
[2023-07-02T02:18:50.992+0000] {logging_mixin.py:149} INFO - [2023-07-02T02:18:50.992+0000] {dagbag.py:541} INFO - Filling up the DagBag from /home/airflow/.local/lib/python3.7/site-packages/airflow/example_dags/example_subdag_operator.py
[2023-07-02T02:18:51.026+0000] {processor.py:836} INFO - DAG(s) dict_keys(['example_subdag_operator.section-1', 'example_subdag_operator.section-2', 'example_subdag_operator']) retrieved from /home/airflow/.local/lib/python3.7/site-packages/airflow/example_dags/example_subdag_operator.py
[2023-07-02T02:18:51.052+0000] {logging_mixin.py:149} INFO - [2023-07-02T02:18:51.051+0000] {dag.py:2726} INFO - Sync 3 DAGs
[2023-07-02T02:18:51.087+0000] {logging_mixin.py:149} INFO - [2023-07-02T02:18:51.086+0000] {dag.py:3490} INFO - Setting next_dagrun for example_subdag_operator to 2022-01-01T00:00:00+00:00, run_after=2022-01-01T00:00:00+00:00
[2023-07-02T02:18:51.091+0000] {logging_mixin.py:149} INFO - [2023-07-02T02:18:51.091+0000] {dag.py:3490} INFO - Setting next_dagrun for example_subdag_operator.section-1 to None, run_after=None
[2023-07-02T02:18:51.094+0000] {logging_mixin.py:149} INFO - [2023-07-02T02:18:51.093+0000] {dag.py:3490} INFO - Setting next_dagrun for example_subdag_operator.section-2 to None, run_after=None
[2023-07-02T02:18:51.105+0000] {logging_mixin.py:149} INFO - [2023-07-02T02:18:51.104+0000] {dag.py:2726} INFO - Sync 2 DAGs
[2023-07-02T02:18:51.112+0000] {logging_mixin.py:149} INFO - [2023-07-02T02:18:51.112+0000] {dag.py:3490} INFO - Setting next_dagrun for example_subdag_operator.section-1 to None, run_after=None
[2023-07-02T02:18:51.113+0000] {logging_mixin.py:149} INFO - [2023-07-02T02:18:51.113+0000] {dag.py:3490} INFO - Setting next_dagrun for example_subdag_operator.section-2 to None, run_after=None
[2023-07-02T02:18:51.125+0000] {processor.py:179} INFO - Processing /home/airflow/.local/lib/python3.7/site-packages/airflow/example_dags/example_subdag_operator.py took 0.139 seconds
[2023-07-02T02:19:21.233+0000] {processor.py:157} INFO - Started process (PID=814) to work on /home/airflow/.local/lib/python3.7/site-packages/airflow/example_dags/example_subdag_operator.py
[2023-07-02T02:19:21.235+0000] {processor.py:826} INFO - Processing file /home/airflow/.local/lib/python3.7/site-packages/airflow/example_dags/example_subdag_operator.py for tasks to queue
[2023-07-02T02:19:21.236+0000] {logging_mixin.py:149} INFO - [2023-07-02T02:19:21.236+0000] {dagbag.py:541} INFO - Filling up the DagBag from /home/airflow/.local/lib/python3.7/site-packages/airflow/example_dags/example_subdag_operator.py
[2023-07-02T02:19:21.269+0000] {processor.py:836} INFO - DAG(s) dict_keys(['example_subdag_operator.section-1', 'example_subdag_operator.section-2', 'example_subdag_operator']) retrieved from /home/airflow/.local/lib/python3.7/site-packages/airflow/example_dags/example_subdag_operator.py
[2023-07-02T02:19:21.294+0000] {logging_mixin.py:149} INFO - [2023-07-02T02:19:21.294+0000] {dag.py:2726} INFO - Sync 3 DAGs
[2023-07-02T02:19:21.330+0000] {logging_mixin.py:149} INFO - [2023-07-02T02:19:21.330+0000] {dag.py:3490} INFO - Setting next_dagrun for example_subdag_operator to 2022-01-01T00:00:00+00:00, run_after=2022-01-01T00:00:00+00:00
[2023-07-02T02:19:21.334+0000] {logging_mixin.py:149} INFO - [2023-07-02T02:19:21.334+0000] {dag.py:3490} INFO - Setting next_dagrun for example_subdag_operator.section-1 to None, run_after=None
[2023-07-02T02:19:21.336+0000] {logging_mixin.py:149} INFO - [2023-07-02T02:19:21.336+0000] {dag.py:3490} INFO - Setting next_dagrun for example_subdag_operator.section-2 to None, run_after=None
[2023-07-02T02:19:21.347+0000] {logging_mixin.py:149} INFO - [2023-07-02T02:19:21.347+0000] {dag.py:2726} INFO - Sync 2 DAGs
[2023-07-02T02:19:21.355+0000] {logging_mixin.py:149} INFO - [2023-07-02T02:19:21.354+0000] {dag.py:3490} INFO - Setting next_dagrun for example_subdag_operator.section-1 to None, run_after=None
[2023-07-02T02:19:21.355+0000] {logging_mixin.py:149} INFO - [2023-07-02T02:19:21.355+0000] {dag.py:3490} INFO - Setting next_dagrun for example_subdag_operator.section-2 to None, run_after=None
[2023-07-02T02:19:21.370+0000] {processor.py:179} INFO - Processing /home/airflow/.local/lib/python3.7/site-packages/airflow/example_dags/example_subdag_operator.py took 0.141 seconds
[2023-07-02T02:19:51.503+0000] {processor.py:157} INFO - Started process (PID=872) to work on /home/airflow/.local/lib/python3.7/site-packages/airflow/example_dags/example_subdag_operator.py
[2023-07-02T02:19:51.504+0000] {processor.py:826} INFO - Processing file /home/airflow/.local/lib/python3.7/site-packages/airflow/example_dags/example_subdag_operator.py for tasks to queue
[2023-07-02T02:19:51.505+0000] {logging_mixin.py:149} INFO - [2023-07-02T02:19:51.505+0000] {dagbag.py:541} INFO - Filling up the DagBag from /home/airflow/.local/lib/python3.7/site-packages/airflow/example_dags/example_subdag_operator.py
[2023-07-02T02:19:51.538+0000] {processor.py:836} INFO - DAG(s) dict_keys(['example_subdag_operator.section-1', 'example_subdag_operator.section-2', 'example_subdag_operator']) retrieved from /home/airflow/.local/lib/python3.7/site-packages/airflow/example_dags/example_subdag_operator.py
[2023-07-02T02:19:51.562+0000] {logging_mixin.py:149} INFO - [2023-07-02T02:19:51.562+0000] {dag.py:2726} INFO - Sync 3 DAGs
[2023-07-02T02:19:51.596+0000] {logging_mixin.py:149} INFO - [2023-07-02T02:19:51.596+0000] {dag.py:3490} INFO - Setting next_dagrun for example_subdag_operator to 2022-01-01T00:00:00+00:00, run_after=2022-01-01T00:00:00+00:00
[2023-07-02T02:19:51.601+0000] {logging_mixin.py:149} INFO - [2023-07-02T02:19:51.601+0000] {dag.py:3490} INFO - Setting next_dagrun for example_subdag_operator.section-1 to None, run_after=None
[2023-07-02T02:19:51.603+0000] {logging_mixin.py:149} INFO - [2023-07-02T02:19:51.603+0000] {dag.py:3490} INFO - Setting next_dagrun for example_subdag_operator.section-2 to None, run_after=None
[2023-07-02T02:19:51.613+0000] {logging_mixin.py:149} INFO - [2023-07-02T02:19:51.613+0000] {dag.py:2726} INFO - Sync 2 DAGs
[2023-07-02T02:19:51.621+0000] {logging_mixin.py:149} INFO - [2023-07-02T02:19:51.621+0000] {dag.py:3490} INFO - Setting next_dagrun for example_subdag_operator.section-1 to None, run_after=None
[2023-07-02T02:19:51.622+0000] {logging_mixin.py:149} INFO - [2023-07-02T02:19:51.622+0000] {dag.py:3490} INFO - Setting next_dagrun for example_subdag_operator.section-2 to None, run_after=None
[2023-07-02T02:19:51.638+0000] {processor.py:179} INFO - Processing /home/airflow/.local/lib/python3.7/site-packages/airflow/example_dags/example_subdag_operator.py took 0.139 seconds
[2023-07-02T02:20:21.822+0000] {processor.py:157} INFO - Started process (PID=931) to work on /home/airflow/.local/lib/python3.7/site-packages/airflow/example_dags/example_subdag_operator.py
[2023-07-02T02:20:21.823+0000] {processor.py:826} INFO - Processing file /home/airflow/.local/lib/python3.7/site-packages/airflow/example_dags/example_subdag_operator.py for tasks to queue
[2023-07-02T02:20:21.824+0000] {logging_mixin.py:149} INFO - [2023-07-02T02:20:21.824+0000] {dagbag.py:541} INFO - Filling up the DagBag from /home/airflow/.local/lib/python3.7/site-packages/airflow/example_dags/example_subdag_operator.py
[2023-07-02T02:20:21.859+0000] {processor.py:836} INFO - DAG(s) dict_keys(['example_subdag_operator.section-1', 'example_subdag_operator.section-2', 'example_subdag_operator']) retrieved from /home/airflow/.local/lib/python3.7/site-packages/airflow/example_dags/example_subdag_operator.py
[2023-07-02T02:20:21.885+0000] {logging_mixin.py:149} INFO - [2023-07-02T02:20:21.885+0000] {dag.py:2726} INFO - Sync 3 DAGs
[2023-07-02T02:20:21.921+0000] {logging_mixin.py:149} INFO - [2023-07-02T02:20:21.921+0000] {dag.py:3490} INFO - Setting next_dagrun for example_subdag_operator to 2022-01-01T00:00:00+00:00, run_after=2022-01-01T00:00:00+00:00
[2023-07-02T02:20:21.925+0000] {logging_mixin.py:149} INFO - [2023-07-02T02:20:21.925+0000] {dag.py:3490} INFO - Setting next_dagrun for example_subdag_operator.section-1 to None, run_after=None
[2023-07-02T02:20:21.928+0000] {logging_mixin.py:149} INFO - [2023-07-02T02:20:21.927+0000] {dag.py:3490} INFO - Setting next_dagrun for example_subdag_operator.section-2 to None, run_after=None
[2023-07-02T02:20:21.938+0000] {logging_mixin.py:149} INFO - [2023-07-02T02:20:21.938+0000] {dag.py:2726} INFO - Sync 2 DAGs
[2023-07-02T02:20:21.949+0000] {logging_mixin.py:149} INFO - [2023-07-02T02:20:21.949+0000] {dag.py:3490} INFO - Setting next_dagrun for example_subdag_operator.section-1 to None, run_after=None
[2023-07-02T02:20:21.950+0000] {logging_mixin.py:149} INFO - [2023-07-02T02:20:21.950+0000] {dag.py:3490} INFO - Setting next_dagrun for example_subdag_operator.section-2 to None, run_after=None
[2023-07-02T02:20:21.966+0000] {processor.py:179} INFO - Processing /home/airflow/.local/lib/python3.7/site-packages/airflow/example_dags/example_subdag_operator.py took 0.149 seconds
[2023-07-02T02:20:52.264+0000] {processor.py:157} INFO - Started process (PID=989) to work on /home/airflow/.local/lib/python3.7/site-packages/airflow/example_dags/example_subdag_operator.py
[2023-07-02T02:20:52.266+0000] {processor.py:826} INFO - Processing file /home/airflow/.local/lib/python3.7/site-packages/airflow/example_dags/example_subdag_operator.py for tasks to queue
[2023-07-02T02:20:52.268+0000] {logging_mixin.py:149} INFO - [2023-07-02T02:20:52.267+0000] {dagbag.py:541} INFO - Filling up the DagBag from /home/airflow/.local/lib/python3.7/site-packages/airflow/example_dags/example_subdag_operator.py
[2023-07-02T02:20:52.315+0000] {processor.py:836} INFO - DAG(s) dict_keys(['example_subdag_operator.section-1', 'example_subdag_operator.section-2', 'example_subdag_operator']) retrieved from /home/airflow/.local/lib/python3.7/site-packages/airflow/example_dags/example_subdag_operator.py
[2023-07-02T02:20:52.352+0000] {logging_mixin.py:149} INFO - [2023-07-02T02:20:52.352+0000] {dag.py:2726} INFO - Sync 3 DAGs
[2023-07-02T02:20:52.394+0000] {logging_mixin.py:149} INFO - [2023-07-02T02:20:52.394+0000] {dag.py:3490} INFO - Setting next_dagrun for example_subdag_operator to 2022-01-01T00:00:00+00:00, run_after=2022-01-01T00:00:00+00:00
[2023-07-02T02:20:52.401+0000] {logging_mixin.py:149} INFO - [2023-07-02T02:20:52.400+0000] {dag.py:3490} INFO - Setting next_dagrun for example_subdag_operator.section-1 to None, run_after=None
[2023-07-02T02:20:52.403+0000] {logging_mixin.py:149} INFO - [2023-07-02T02:20:52.402+0000] {dag.py:3490} INFO - Setting next_dagrun for example_subdag_operator.section-2 to None, run_after=None
[2023-07-02T02:20:52.414+0000] {logging_mixin.py:149} INFO - [2023-07-02T02:20:52.414+0000] {dag.py:2726} INFO - Sync 2 DAGs
[2023-07-02T02:20:52.423+0000] {logging_mixin.py:149} INFO - [2023-07-02T02:20:52.423+0000] {dag.py:3490} INFO - Setting next_dagrun for example_subdag_operator.section-1 to None, run_after=None
[2023-07-02T02:20:52.424+0000] {logging_mixin.py:149} INFO - [2023-07-02T02:20:52.424+0000] {dag.py:3490} INFO - Setting next_dagrun for example_subdag_operator.section-2 to None, run_after=None
[2023-07-02T02:20:52.439+0000] {processor.py:179} INFO - Processing /home/airflow/.local/lib/python3.7/site-packages/airflow/example_dags/example_subdag_operator.py took 0.181 seconds
[2023-07-02T02:21:22.565+0000] {processor.py:157} INFO - Started process (PID=1047) to work on /home/airflow/.local/lib/python3.7/site-packages/airflow/example_dags/example_subdag_operator.py
[2023-07-02T02:21:22.567+0000] {processor.py:826} INFO - Processing file /home/airflow/.local/lib/python3.7/site-packages/airflow/example_dags/example_subdag_operator.py for tasks to queue
[2023-07-02T02:21:22.568+0000] {logging_mixin.py:149} INFO - [2023-07-02T02:21:22.568+0000] {dagbag.py:541} INFO - Filling up the DagBag from /home/airflow/.local/lib/python3.7/site-packages/airflow/example_dags/example_subdag_operator.py
[2023-07-02T02:21:22.603+0000] {processor.py:836} INFO - DAG(s) dict_keys(['example_subdag_operator.section-1', 'example_subdag_operator.section-2', 'example_subdag_operator']) retrieved from /home/airflow/.local/lib/python3.7/site-packages/airflow/example_dags/example_subdag_operator.py
[2023-07-02T02:21:22.630+0000] {logging_mixin.py:149} INFO - [2023-07-02T02:21:22.629+0000] {dag.py:2726} INFO - Sync 3 DAGs
[2023-07-02T02:21:22.665+0000] {logging_mixin.py:149} INFO - [2023-07-02T02:21:22.664+0000] {dag.py:3490} INFO - Setting next_dagrun for example_subdag_operator to 2022-01-01T00:00:00+00:00, run_after=2022-01-01T00:00:00+00:00
[2023-07-02T02:21:22.670+0000] {logging_mixin.py:149} INFO - [2023-07-02T02:21:22.670+0000] {dag.py:3490} INFO - Setting next_dagrun for example_subdag_operator.section-1 to None, run_after=None
[2023-07-02T02:21:22.672+0000] {logging_mixin.py:149} INFO - [2023-07-02T02:21:22.671+0000] {dag.py:3490} INFO - Setting next_dagrun for example_subdag_operator.section-2 to None, run_after=None
[2023-07-02T02:21:22.682+0000] {logging_mixin.py:149} INFO - [2023-07-02T02:21:22.681+0000] {dag.py:2726} INFO - Sync 2 DAGs
[2023-07-02T02:21:22.689+0000] {logging_mixin.py:149} INFO - [2023-07-02T02:21:22.689+0000] {dag.py:3490} INFO - Setting next_dagrun for example_subdag_operator.section-1 to None, run_after=None
[2023-07-02T02:21:22.690+0000] {logging_mixin.py:149} INFO - [2023-07-02T02:21:22.690+0000] {dag.py:3490} INFO - Setting next_dagrun for example_subdag_operator.section-2 to None, run_after=None
[2023-07-02T02:21:22.711+0000] {processor.py:179} INFO - Processing /home/airflow/.local/lib/python3.7/site-packages/airflow/example_dags/example_subdag_operator.py took 0.151 seconds
