[2023-07-02T01:19:15.528+0000] {processor.py:157} INFO - Started process (PID=57) to work on /home/airflow/.local/lib/python3.7/site-packages/airflow/example_dags/example_sensor_decorator.py
[2023-07-02T01:19:15.530+0000] {processor.py:826} INFO - Processing file /home/airflow/.local/lib/python3.7/site-packages/airflow/example_dags/example_sensor_decorator.py for tasks to queue
[2023-07-02T01:19:15.532+0000] {logging_mixin.py:149} INFO - [2023-07-02T01:19:15.531+0000] {dagbag.py:541} INFO - Filling up the DagBag from /home/airflow/.local/lib/python3.7/site-packages/airflow/example_dags/example_sensor_decorator.py
[2023-07-02T01:19:15.567+0000] {processor.py:836} INFO - DAG(s) dict_keys(['example_sensor_decorator']) retrieved from /home/airflow/.local/lib/python3.7/site-packages/airflow/example_dags/example_sensor_decorator.py
[2023-07-02T01:19:16.133+0000] {logging_mixin.py:149} INFO - [2023-07-02T01:19:16.130+0000] {manager.py:504} INFO - Created Permission View: can delete on DAG:example_sensor_decorator
[2023-07-02T01:19:16.212+0000] {logging_mixin.py:149} INFO - [2023-07-02T01:19:16.212+0000] {manager.py:504} INFO - Created Permission View: can edit on DAG:example_sensor_decorator
[2023-07-02T01:19:16.227+0000] {logging_mixin.py:149} INFO - [2023-07-02T01:19:16.226+0000] {manager.py:504} INFO - Created Permission View: can read on DAG:example_sensor_decorator
[2023-07-02T01:19:16.270+0000] {logging_mixin.py:149} INFO - [2023-07-02T01:19:16.270+0000] {dag.py:2726} INFO - Sync 1 DAGs
[2023-07-02T01:19:16.313+0000] {logging_mixin.py:149} INFO - [2023-07-02T01:19:16.313+0000] {dag.py:2747} INFO - Creating ORM DAG for example_sensor_decorator
[2023-07-02T01:19:16.348+0000] {logging_mixin.py:149} INFO - [2023-07-02T01:19:16.348+0000] {dag.py:3490} INFO - Setting next_dagrun for example_sensor_decorator to None, run_after=None
[2023-07-02T01:19:16.400+0000] {processor.py:179} INFO - Processing /home/airflow/.local/lib/python3.7/site-packages/airflow/example_dags/example_sensor_decorator.py took 0.888 seconds
[2023-07-02T01:19:54.121+0000] {processor.py:157} INFO - Started process (PID=121) to work on /home/airflow/.local/lib/python3.7/site-packages/airflow/example_dags/example_sensor_decorator.py
[2023-07-02T01:19:54.126+0000] {processor.py:826} INFO - Processing file /home/airflow/.local/lib/python3.7/site-packages/airflow/example_dags/example_sensor_decorator.py for tasks to queue
[2023-07-02T01:19:54.128+0000] {logging_mixin.py:149} INFO - [2023-07-02T01:19:54.128+0000] {dagbag.py:541} INFO - Filling up the DagBag from /home/airflow/.local/lib/python3.7/site-packages/airflow/example_dags/example_sensor_decorator.py
[2023-07-02T01:19:54.141+0000] {processor.py:836} INFO - DAG(s) dict_keys(['example_sensor_decorator']) retrieved from /home/airflow/.local/lib/python3.7/site-packages/airflow/example_dags/example_sensor_decorator.py
[2023-07-02T01:19:54.194+0000] {logging_mixin.py:149} INFO - [2023-07-02T01:19:54.194+0000] {dag.py:2726} INFO - Sync 1 DAGs
[2023-07-02T01:19:54.242+0000] {logging_mixin.py:149} INFO - [2023-07-02T01:19:54.241+0000] {dag.py:3490} INFO - Setting next_dagrun for example_sensor_decorator to None, run_after=None
[2023-07-02T01:19:54.280+0000] {processor.py:179} INFO - Processing /home/airflow/.local/lib/python3.7/site-packages/airflow/example_dags/example_sensor_decorator.py took 0.166 seconds
[2023-07-02T01:20:24.783+0000] {processor.py:157} INFO - Started process (PID=179) to work on /home/airflow/.local/lib/python3.7/site-packages/airflow/example_dags/example_sensor_decorator.py
[2023-07-02T01:20:24.786+0000] {processor.py:826} INFO - Processing file /home/airflow/.local/lib/python3.7/site-packages/airflow/example_dags/example_sensor_decorator.py for tasks to queue
[2023-07-02T01:20:24.789+0000] {logging_mixin.py:149} INFO - [2023-07-02T01:20:24.788+0000] {dagbag.py:541} INFO - Filling up the DagBag from /home/airflow/.local/lib/python3.7/site-packages/airflow/example_dags/example_sensor_decorator.py
[2023-07-02T01:20:24.805+0000] {processor.py:836} INFO - DAG(s) dict_keys(['example_sensor_decorator']) retrieved from /home/airflow/.local/lib/python3.7/site-packages/airflow/example_dags/example_sensor_decorator.py
[2023-07-02T01:20:24.862+0000] {logging_mixin.py:149} INFO - [2023-07-02T01:20:24.861+0000] {dag.py:2726} INFO - Sync 1 DAGs
[2023-07-02T01:20:24.909+0000] {logging_mixin.py:149} INFO - [2023-07-02T01:20:24.909+0000] {dag.py:3490} INFO - Setting next_dagrun for example_sensor_decorator to None, run_after=None
[2023-07-02T01:20:24.947+0000] {processor.py:179} INFO - Processing /home/airflow/.local/lib/python3.7/site-packages/airflow/example_dags/example_sensor_decorator.py took 0.173 seconds
[2023-07-02T01:20:55.430+0000] {processor.py:157} INFO - Started process (PID=238) to work on /home/airflow/.local/lib/python3.7/site-packages/airflow/example_dags/example_sensor_decorator.py
[2023-07-02T01:20:55.432+0000] {processor.py:826} INFO - Processing file /home/airflow/.local/lib/python3.7/site-packages/airflow/example_dags/example_sensor_decorator.py for tasks to queue
[2023-07-02T01:20:55.434+0000] {logging_mixin.py:149} INFO - [2023-07-02T01:20:55.434+0000] {dagbag.py:541} INFO - Filling up the DagBag from /home/airflow/.local/lib/python3.7/site-packages/airflow/example_dags/example_sensor_decorator.py
[2023-07-02T01:20:55.446+0000] {processor.py:836} INFO - DAG(s) dict_keys(['example_sensor_decorator']) retrieved from /home/airflow/.local/lib/python3.7/site-packages/airflow/example_dags/example_sensor_decorator.py
[2023-07-02T01:20:55.500+0000] {logging_mixin.py:149} INFO - [2023-07-02T01:20:55.499+0000] {dag.py:2726} INFO - Sync 1 DAGs
[2023-07-02T01:20:55.557+0000] {logging_mixin.py:149} INFO - [2023-07-02T01:20:55.557+0000] {dag.py:3490} INFO - Setting next_dagrun for example_sensor_decorator to None, run_after=None
[2023-07-02T01:20:55.595+0000] {processor.py:179} INFO - Processing /home/airflow/.local/lib/python3.7/site-packages/airflow/example_dags/example_sensor_decorator.py took 0.171 seconds
[2023-07-02T01:21:26.046+0000] {processor.py:157} INFO - Started process (PID=297) to work on /home/airflow/.local/lib/python3.7/site-packages/airflow/example_dags/example_sensor_decorator.py
[2023-07-02T01:21:26.051+0000] {processor.py:826} INFO - Processing file /home/airflow/.local/lib/python3.7/site-packages/airflow/example_dags/example_sensor_decorator.py for tasks to queue
[2023-07-02T01:21:26.059+0000] {logging_mixin.py:149} INFO - [2023-07-02T01:21:26.059+0000] {dagbag.py:541} INFO - Filling up the DagBag from /home/airflow/.local/lib/python3.7/site-packages/airflow/example_dags/example_sensor_decorator.py
[2023-07-02T01:21:26.075+0000] {processor.py:836} INFO - DAG(s) dict_keys(['example_sensor_decorator']) retrieved from /home/airflow/.local/lib/python3.7/site-packages/airflow/example_dags/example_sensor_decorator.py
[2023-07-02T01:21:26.129+0000] {logging_mixin.py:149} INFO - [2023-07-02T01:21:26.129+0000] {dag.py:2726} INFO - Sync 1 DAGs
[2023-07-02T01:21:26.217+0000] {logging_mixin.py:149} INFO - [2023-07-02T01:21:26.216+0000] {dag.py:3490} INFO - Setting next_dagrun for example_sensor_decorator to None, run_after=None
[2023-07-02T01:21:26.320+0000] {processor.py:179} INFO - Processing /home/airflow/.local/lib/python3.7/site-packages/airflow/example_dags/example_sensor_decorator.py took 0.290 seconds
[2023-07-02T01:21:57.386+0000] {processor.py:157} INFO - Started process (PID=354) to work on /home/airflow/.local/lib/python3.7/site-packages/airflow/example_dags/example_sensor_decorator.py
[2023-07-02T01:21:57.388+0000] {processor.py:826} INFO - Processing file /home/airflow/.local/lib/python3.7/site-packages/airflow/example_dags/example_sensor_decorator.py for tasks to queue
[2023-07-02T01:21:57.390+0000] {logging_mixin.py:149} INFO - [2023-07-02T01:21:57.390+0000] {dagbag.py:541} INFO - Filling up the DagBag from /home/airflow/.local/lib/python3.7/site-packages/airflow/example_dags/example_sensor_decorator.py
[2023-07-02T01:21:57.403+0000] {processor.py:836} INFO - DAG(s) dict_keys(['example_sensor_decorator']) retrieved from /home/airflow/.local/lib/python3.7/site-packages/airflow/example_dags/example_sensor_decorator.py
[2023-07-02T01:21:57.459+0000] {logging_mixin.py:149} INFO - [2023-07-02T01:21:57.459+0000] {dag.py:2726} INFO - Sync 1 DAGs
[2023-07-02T01:21:57.507+0000] {logging_mixin.py:149} INFO - [2023-07-02T01:21:57.507+0000] {dag.py:3490} INFO - Setting next_dagrun for example_sensor_decorator to None, run_after=None
[2023-07-02T01:21:57.546+0000] {processor.py:179} INFO - Processing /home/airflow/.local/lib/python3.7/site-packages/airflow/example_dags/example_sensor_decorator.py took 0.166 seconds
[2023-07-02T01:22:27.878+0000] {processor.py:157} INFO - Started process (PID=412) to work on /home/airflow/.local/lib/python3.7/site-packages/airflow/example_dags/example_sensor_decorator.py
[2023-07-02T01:22:27.880+0000] {processor.py:826} INFO - Processing file /home/airflow/.local/lib/python3.7/site-packages/airflow/example_dags/example_sensor_decorator.py for tasks to queue
[2023-07-02T01:22:27.881+0000] {logging_mixin.py:149} INFO - [2023-07-02T01:22:27.881+0000] {dagbag.py:541} INFO - Filling up the DagBag from /home/airflow/.local/lib/python3.7/site-packages/airflow/example_dags/example_sensor_decorator.py
[2023-07-02T01:22:27.894+0000] {processor.py:836} INFO - DAG(s) dict_keys(['example_sensor_decorator']) retrieved from /home/airflow/.local/lib/python3.7/site-packages/airflow/example_dags/example_sensor_decorator.py
[2023-07-02T01:22:27.945+0000] {logging_mixin.py:149} INFO - [2023-07-02T01:22:27.945+0000] {dag.py:2726} INFO - Sync 1 DAGs
[2023-07-02T01:22:27.998+0000] {logging_mixin.py:149} INFO - [2023-07-02T01:22:27.997+0000] {dag.py:3490} INFO - Setting next_dagrun for example_sensor_decorator to None, run_after=None
[2023-07-02T01:22:28.040+0000] {processor.py:179} INFO - Processing /home/airflow/.local/lib/python3.7/site-packages/airflow/example_dags/example_sensor_decorator.py took 0.170 seconds
[2023-07-02T01:22:58.813+0000] {processor.py:157} INFO - Started process (PID=473) to work on /home/airflow/.local/lib/python3.7/site-packages/airflow/example_dags/example_sensor_decorator.py
[2023-07-02T01:22:58.816+0000] {processor.py:826} INFO - Processing file /home/airflow/.local/lib/python3.7/site-packages/airflow/example_dags/example_sensor_decorator.py for tasks to queue
[2023-07-02T01:22:58.819+0000] {logging_mixin.py:149} INFO - [2023-07-02T01:22:58.818+0000] {dagbag.py:541} INFO - Filling up the DagBag from /home/airflow/.local/lib/python3.7/site-packages/airflow/example_dags/example_sensor_decorator.py
[2023-07-02T01:22:58.835+0000] {processor.py:836} INFO - DAG(s) dict_keys(['example_sensor_decorator']) retrieved from /home/airflow/.local/lib/python3.7/site-packages/airflow/example_dags/example_sensor_decorator.py
[2023-07-02T01:22:58.911+0000] {logging_mixin.py:149} INFO - [2023-07-02T01:22:58.911+0000] {dag.py:2726} INFO - Sync 1 DAGs
[2023-07-02T01:22:58.975+0000] {logging_mixin.py:149} INFO - [2023-07-02T01:22:58.975+0000] {dag.py:3490} INFO - Setting next_dagrun for example_sensor_decorator to None, run_after=None
[2023-07-02T01:22:59.023+0000] {processor.py:179} INFO - Processing /home/airflow/.local/lib/python3.7/site-packages/airflow/example_dags/example_sensor_decorator.py took 0.220 seconds
[2023-07-02T01:23:29.244+0000] {processor.py:157} INFO - Started process (PID=532) to work on /home/airflow/.local/lib/python3.7/site-packages/airflow/example_dags/example_sensor_decorator.py
[2023-07-02T01:23:29.245+0000] {processor.py:826} INFO - Processing file /home/airflow/.local/lib/python3.7/site-packages/airflow/example_dags/example_sensor_decorator.py for tasks to queue
[2023-07-02T01:23:29.247+0000] {logging_mixin.py:149} INFO - [2023-07-02T01:23:29.247+0000] {dagbag.py:541} INFO - Filling up the DagBag from /home/airflow/.local/lib/python3.7/site-packages/airflow/example_dags/example_sensor_decorator.py
[2023-07-02T01:23:29.258+0000] {processor.py:836} INFO - DAG(s) dict_keys(['example_sensor_decorator']) retrieved from /home/airflow/.local/lib/python3.7/site-packages/airflow/example_dags/example_sensor_decorator.py
[2023-07-02T01:23:29.318+0000] {logging_mixin.py:149} INFO - [2023-07-02T01:23:29.318+0000] {dag.py:2726} INFO - Sync 1 DAGs
[2023-07-02T01:23:29.368+0000] {logging_mixin.py:149} INFO - [2023-07-02T01:23:29.368+0000] {dag.py:3490} INFO - Setting next_dagrun for example_sensor_decorator to None, run_after=None
[2023-07-02T01:23:29.417+0000] {processor.py:179} INFO - Processing /home/airflow/.local/lib/python3.7/site-packages/airflow/example_dags/example_sensor_decorator.py took 0.180 seconds
[2023-07-02T02:04:20.377+0000] {processor.py:157} INFO - Started process (PID=55) to work on /home/airflow/.local/lib/python3.7/site-packages/airflow/example_dags/example_sensor_decorator.py
[2023-07-02T02:04:20.379+0000] {processor.py:826} INFO - Processing file /home/airflow/.local/lib/python3.7/site-packages/airflow/example_dags/example_sensor_decorator.py for tasks to queue
[2023-07-02T02:04:20.381+0000] {logging_mixin.py:149} INFO - [2023-07-02T02:04:20.380+0000] {dagbag.py:541} INFO - Filling up the DagBag from /home/airflow/.local/lib/python3.7/site-packages/airflow/example_dags/example_sensor_decorator.py
[2023-07-02T02:04:20.398+0000] {processor.py:836} INFO - DAG(s) dict_keys(['example_sensor_decorator']) retrieved from /home/airflow/.local/lib/python3.7/site-packages/airflow/example_dags/example_sensor_decorator.py
[2023-07-02T02:04:20.445+0000] {logging_mixin.py:149} INFO - [2023-07-02T02:04:20.445+0000] {dag.py:2726} INFO - Sync 1 DAGs
[2023-07-02T02:04:20.488+0000] {logging_mixin.py:149} INFO - [2023-07-02T02:04:20.488+0000] {dag.py:3490} INFO - Setting next_dagrun for example_sensor_decorator to None, run_after=None
[2023-07-02T02:04:20.518+0000] {processor.py:179} INFO - Processing /home/airflow/.local/lib/python3.7/site-packages/airflow/example_dags/example_sensor_decorator.py took 0.148 seconds
[2023-07-02T02:04:51.259+0000] {processor.py:157} INFO - Started process (PID=113) to work on /home/airflow/.local/lib/python3.7/site-packages/airflow/example_dags/example_sensor_decorator.py
[2023-07-02T02:04:51.261+0000] {processor.py:826} INFO - Processing file /home/airflow/.local/lib/python3.7/site-packages/airflow/example_dags/example_sensor_decorator.py for tasks to queue
[2023-07-02T02:04:51.262+0000] {logging_mixin.py:149} INFO - [2023-07-02T02:04:51.262+0000] {dagbag.py:541} INFO - Filling up the DagBag from /home/airflow/.local/lib/python3.7/site-packages/airflow/example_dags/example_sensor_decorator.py
[2023-07-02T02:04:51.269+0000] {processor.py:836} INFO - DAG(s) dict_keys(['example_sensor_decorator']) retrieved from /home/airflow/.local/lib/python3.7/site-packages/airflow/example_dags/example_sensor_decorator.py
[2023-07-02T02:04:51.304+0000] {logging_mixin.py:149} INFO - [2023-07-02T02:04:51.304+0000] {dag.py:2726} INFO - Sync 1 DAGs
[2023-07-02T02:04:51.335+0000] {logging_mixin.py:149} INFO - [2023-07-02T02:04:51.335+0000] {dag.py:3490} INFO - Setting next_dagrun for example_sensor_decorator to None, run_after=None
[2023-07-02T02:04:51.362+0000] {processor.py:179} INFO - Processing /home/airflow/.local/lib/python3.7/site-packages/airflow/example_dags/example_sensor_decorator.py took 0.107 seconds
[2023-07-02T02:05:22.392+0000] {processor.py:157} INFO - Started process (PID=170) to work on /home/airflow/.local/lib/python3.7/site-packages/airflow/example_dags/example_sensor_decorator.py
[2023-07-02T02:05:22.394+0000] {processor.py:826} INFO - Processing file /home/airflow/.local/lib/python3.7/site-packages/airflow/example_dags/example_sensor_decorator.py for tasks to queue
[2023-07-02T02:05:22.395+0000] {logging_mixin.py:149} INFO - [2023-07-02T02:05:22.395+0000] {dagbag.py:541} INFO - Filling up the DagBag from /home/airflow/.local/lib/python3.7/site-packages/airflow/example_dags/example_sensor_decorator.py
[2023-07-02T02:05:22.403+0000] {processor.py:836} INFO - DAG(s) dict_keys(['example_sensor_decorator']) retrieved from /home/airflow/.local/lib/python3.7/site-packages/airflow/example_dags/example_sensor_decorator.py
[2023-07-02T02:05:22.441+0000] {logging_mixin.py:149} INFO - [2023-07-02T02:05:22.441+0000] {dag.py:2726} INFO - Sync 1 DAGs
[2023-07-02T02:05:22.476+0000] {logging_mixin.py:149} INFO - [2023-07-02T02:05:22.475+0000] {dag.py:3490} INFO - Setting next_dagrun for example_sensor_decorator to None, run_after=None
[2023-07-02T02:05:22.504+0000] {processor.py:179} INFO - Processing /home/airflow/.local/lib/python3.7/site-packages/airflow/example_dags/example_sensor_decorator.py took 0.116 seconds
[2023-07-02T02:05:52.914+0000] {processor.py:157} INFO - Started process (PID=229) to work on /home/airflow/.local/lib/python3.7/site-packages/airflow/example_dags/example_sensor_decorator.py
[2023-07-02T02:05:52.916+0000] {processor.py:826} INFO - Processing file /home/airflow/.local/lib/python3.7/site-packages/airflow/example_dags/example_sensor_decorator.py for tasks to queue
[2023-07-02T02:05:52.917+0000] {logging_mixin.py:149} INFO - [2023-07-02T02:05:52.917+0000] {dagbag.py:541} INFO - Filling up the DagBag from /home/airflow/.local/lib/python3.7/site-packages/airflow/example_dags/example_sensor_decorator.py
[2023-07-02T02:05:52.925+0000] {processor.py:836} INFO - DAG(s) dict_keys(['example_sensor_decorator']) retrieved from /home/airflow/.local/lib/python3.7/site-packages/airflow/example_dags/example_sensor_decorator.py
[2023-07-02T02:05:52.966+0000] {logging_mixin.py:149} INFO - [2023-07-02T02:05:52.966+0000] {dag.py:2726} INFO - Sync 1 DAGs
[2023-07-02T02:05:53.008+0000] {logging_mixin.py:149} INFO - [2023-07-02T02:05:53.007+0000] {dag.py:3490} INFO - Setting next_dagrun for example_sensor_decorator to None, run_after=None
[2023-07-02T02:05:53.045+0000] {processor.py:179} INFO - Processing /home/airflow/.local/lib/python3.7/site-packages/airflow/example_dags/example_sensor_decorator.py took 0.136 seconds
[2023-07-02T02:06:23.966+0000] {processor.py:157} INFO - Started process (PID=287) to work on /home/airflow/.local/lib/python3.7/site-packages/airflow/example_dags/example_sensor_decorator.py
[2023-07-02T02:06:23.967+0000] {processor.py:826} INFO - Processing file /home/airflow/.local/lib/python3.7/site-packages/airflow/example_dags/example_sensor_decorator.py for tasks to queue
[2023-07-02T02:06:23.968+0000] {logging_mixin.py:149} INFO - [2023-07-02T02:06:23.968+0000] {dagbag.py:541} INFO - Filling up the DagBag from /home/airflow/.local/lib/python3.7/site-packages/airflow/example_dags/example_sensor_decorator.py
[2023-07-02T02:06:23.976+0000] {processor.py:836} INFO - DAG(s) dict_keys(['example_sensor_decorator']) retrieved from /home/airflow/.local/lib/python3.7/site-packages/airflow/example_dags/example_sensor_decorator.py
[2023-07-02T02:06:24.018+0000] {logging_mixin.py:149} INFO - [2023-07-02T02:06:24.018+0000] {dag.py:2726} INFO - Sync 1 DAGs
[2023-07-02T02:06:24.067+0000] {logging_mixin.py:149} INFO - [2023-07-02T02:06:24.067+0000] {dag.py:3490} INFO - Setting next_dagrun for example_sensor_decorator to None, run_after=None
[2023-07-02T02:06:24.095+0000] {processor.py:179} INFO - Processing /home/airflow/.local/lib/python3.7/site-packages/airflow/example_dags/example_sensor_decorator.py took 0.134 seconds
[2023-07-02T02:06:54.322+0000] {processor.py:157} INFO - Started process (PID=345) to work on /home/airflow/.local/lib/python3.7/site-packages/airflow/example_dags/example_sensor_decorator.py
[2023-07-02T02:06:54.324+0000] {processor.py:826} INFO - Processing file /home/airflow/.local/lib/python3.7/site-packages/airflow/example_dags/example_sensor_decorator.py for tasks to queue
[2023-07-02T02:06:54.325+0000] {logging_mixin.py:149} INFO - [2023-07-02T02:06:54.325+0000] {dagbag.py:541} INFO - Filling up the DagBag from /home/airflow/.local/lib/python3.7/site-packages/airflow/example_dags/example_sensor_decorator.py
[2023-07-02T02:06:54.338+0000] {processor.py:836} INFO - DAG(s) dict_keys(['example_sensor_decorator']) retrieved from /home/airflow/.local/lib/python3.7/site-packages/airflow/example_dags/example_sensor_decorator.py
[2023-07-02T02:06:54.373+0000] {logging_mixin.py:149} INFO - [2023-07-02T02:06:54.373+0000] {dag.py:2726} INFO - Sync 1 DAGs
[2023-07-02T02:06:54.402+0000] {logging_mixin.py:149} INFO - [2023-07-02T02:06:54.402+0000] {dag.py:3490} INFO - Setting next_dagrun for example_sensor_decorator to None, run_after=None
[2023-07-02T02:06:54.426+0000] {processor.py:179} INFO - Processing /home/airflow/.local/lib/python3.7/site-packages/airflow/example_dags/example_sensor_decorator.py took 0.108 seconds
[2023-07-02T02:12:41.030+0000] {processor.py:157} INFO - Started process (PID=55) to work on /home/airflow/.local/lib/python3.7/site-packages/airflow/example_dags/example_sensor_decorator.py
[2023-07-02T02:12:41.032+0000] {processor.py:826} INFO - Processing file /home/airflow/.local/lib/python3.7/site-packages/airflow/example_dags/example_sensor_decorator.py for tasks to queue
[2023-07-02T02:12:41.033+0000] {logging_mixin.py:149} INFO - [2023-07-02T02:12:41.033+0000] {dagbag.py:541} INFO - Filling up the DagBag from /home/airflow/.local/lib/python3.7/site-packages/airflow/example_dags/example_sensor_decorator.py
[2023-07-02T02:12:41.044+0000] {processor.py:836} INFO - DAG(s) dict_keys(['example_sensor_decorator']) retrieved from /home/airflow/.local/lib/python3.7/site-packages/airflow/example_dags/example_sensor_decorator.py
[2023-07-02T02:12:41.075+0000] {logging_mixin.py:149} INFO - [2023-07-02T02:12:41.075+0000] {dag.py:2726} INFO - Sync 1 DAGs
[2023-07-02T02:12:41.217+0000] {logging_mixin.py:149} INFO - [2023-07-02T02:12:41.217+0000] {dag.py:3490} INFO - Setting next_dagrun for example_sensor_decorator to None, run_after=None
[2023-07-02T02:12:41.243+0000] {processor.py:179} INFO - Processing /home/airflow/.local/lib/python3.7/site-packages/airflow/example_dags/example_sensor_decorator.py took 0.218 seconds
[2023-07-02T02:13:11.445+0000] {processor.py:157} INFO - Started process (PID=116) to work on /home/airflow/.local/lib/python3.7/site-packages/airflow/example_dags/example_sensor_decorator.py
[2023-07-02T02:13:11.447+0000] {processor.py:826} INFO - Processing file /home/airflow/.local/lib/python3.7/site-packages/airflow/example_dags/example_sensor_decorator.py for tasks to queue
[2023-07-02T02:13:11.448+0000] {logging_mixin.py:149} INFO - [2023-07-02T02:13:11.448+0000] {dagbag.py:541} INFO - Filling up the DagBag from /home/airflow/.local/lib/python3.7/site-packages/airflow/example_dags/example_sensor_decorator.py
[2023-07-02T02:13:11.457+0000] {processor.py:836} INFO - DAG(s) dict_keys(['example_sensor_decorator']) retrieved from /home/airflow/.local/lib/python3.7/site-packages/airflow/example_dags/example_sensor_decorator.py
[2023-07-02T02:13:11.510+0000] {logging_mixin.py:149} INFO - [2023-07-02T02:13:11.509+0000] {dag.py:2726} INFO - Sync 1 DAGs
[2023-07-02T02:13:11.548+0000] {logging_mixin.py:149} INFO - [2023-07-02T02:13:11.547+0000] {dag.py:3490} INFO - Setting next_dagrun for example_sensor_decorator to None, run_after=None
[2023-07-02T02:13:11.572+0000] {processor.py:179} INFO - Processing /home/airflow/.local/lib/python3.7/site-packages/airflow/example_dags/example_sensor_decorator.py took 0.131 seconds
[2023-07-02T02:13:41.807+0000] {processor.py:157} INFO - Started process (PID=174) to work on /home/airflow/.local/lib/python3.7/site-packages/airflow/example_dags/example_sensor_decorator.py
[2023-07-02T02:13:41.808+0000] {processor.py:826} INFO - Processing file /home/airflow/.local/lib/python3.7/site-packages/airflow/example_dags/example_sensor_decorator.py for tasks to queue
[2023-07-02T02:13:41.810+0000] {logging_mixin.py:149} INFO - [2023-07-02T02:13:41.809+0000] {dagbag.py:541} INFO - Filling up the DagBag from /home/airflow/.local/lib/python3.7/site-packages/airflow/example_dags/example_sensor_decorator.py
[2023-07-02T02:13:41.817+0000] {processor.py:836} INFO - DAG(s) dict_keys(['example_sensor_decorator']) retrieved from /home/airflow/.local/lib/python3.7/site-packages/airflow/example_dags/example_sensor_decorator.py
[2023-07-02T02:13:41.850+0000] {logging_mixin.py:149} INFO - [2023-07-02T02:13:41.849+0000] {dag.py:2726} INFO - Sync 1 DAGs
[2023-07-02T02:13:41.881+0000] {logging_mixin.py:149} INFO - [2023-07-02T02:13:41.881+0000] {dag.py:3490} INFO - Setting next_dagrun for example_sensor_decorator to None, run_after=None
[2023-07-02T02:13:41.905+0000] {processor.py:179} INFO - Processing /home/airflow/.local/lib/python3.7/site-packages/airflow/example_dags/example_sensor_decorator.py took 0.102 seconds
[2023-07-02T02:14:12.279+0000] {processor.py:157} INFO - Started process (PID=232) to work on /home/airflow/.local/lib/python3.7/site-packages/airflow/example_dags/example_sensor_decorator.py
[2023-07-02T02:14:12.281+0000] {processor.py:826} INFO - Processing file /home/airflow/.local/lib/python3.7/site-packages/airflow/example_dags/example_sensor_decorator.py for tasks to queue
[2023-07-02T02:14:12.282+0000] {logging_mixin.py:149} INFO - [2023-07-02T02:14:12.282+0000] {dagbag.py:541} INFO - Filling up the DagBag from /home/airflow/.local/lib/python3.7/site-packages/airflow/example_dags/example_sensor_decorator.py
[2023-07-02T02:14:12.292+0000] {processor.py:836} INFO - DAG(s) dict_keys(['example_sensor_decorator']) retrieved from /home/airflow/.local/lib/python3.7/site-packages/airflow/example_dags/example_sensor_decorator.py
[2023-07-02T02:14:12.329+0000] {logging_mixin.py:149} INFO - [2023-07-02T02:14:12.329+0000] {dag.py:2726} INFO - Sync 1 DAGs
[2023-07-02T02:14:12.367+0000] {logging_mixin.py:149} INFO - [2023-07-02T02:14:12.367+0000] {dag.py:3490} INFO - Setting next_dagrun for example_sensor_decorator to None, run_after=None
[2023-07-02T02:14:12.432+0000] {processor.py:179} INFO - Processing /home/airflow/.local/lib/python3.7/site-packages/airflow/example_dags/example_sensor_decorator.py took 0.158 seconds
[2023-07-02T02:14:43.979+0000] {processor.py:157} INFO - Started process (PID=290) to work on /home/airflow/.local/lib/python3.7/site-packages/airflow/example_dags/example_sensor_decorator.py
[2023-07-02T02:14:43.981+0000] {processor.py:826} INFO - Processing file /home/airflow/.local/lib/python3.7/site-packages/airflow/example_dags/example_sensor_decorator.py for tasks to queue
[2023-07-02T02:14:43.982+0000] {logging_mixin.py:149} INFO - [2023-07-02T02:14:43.982+0000] {dagbag.py:541} INFO - Filling up the DagBag from /home/airflow/.local/lib/python3.7/site-packages/airflow/example_dags/example_sensor_decorator.py
[2023-07-02T02:14:43.990+0000] {processor.py:836} INFO - DAG(s) dict_keys(['example_sensor_decorator']) retrieved from /home/airflow/.local/lib/python3.7/site-packages/airflow/example_dags/example_sensor_decorator.py
[2023-07-02T02:14:44.152+0000] {logging_mixin.py:149} INFO - [2023-07-02T02:14:44.152+0000] {dag.py:2726} INFO - Sync 1 DAGs
[2023-07-02T02:14:44.183+0000] {logging_mixin.py:149} INFO - [2023-07-02T02:14:44.183+0000] {dag.py:3490} INFO - Setting next_dagrun for example_sensor_decorator to None, run_after=None
[2023-07-02T02:14:44.212+0000] {processor.py:179} INFO - Processing /home/airflow/.local/lib/python3.7/site-packages/airflow/example_dags/example_sensor_decorator.py took 0.238 seconds
[2023-07-02T02:15:14.911+0000] {processor.py:157} INFO - Started process (PID=348) to work on /home/airflow/.local/lib/python3.7/site-packages/airflow/example_dags/example_sensor_decorator.py
[2023-07-02T02:15:14.913+0000] {processor.py:826} INFO - Processing file /home/airflow/.local/lib/python3.7/site-packages/airflow/example_dags/example_sensor_decorator.py for tasks to queue
[2023-07-02T02:15:14.914+0000] {logging_mixin.py:149} INFO - [2023-07-02T02:15:14.914+0000] {dagbag.py:541} INFO - Filling up the DagBag from /home/airflow/.local/lib/python3.7/site-packages/airflow/example_dags/example_sensor_decorator.py
[2023-07-02T02:15:14.921+0000] {processor.py:836} INFO - DAG(s) dict_keys(['example_sensor_decorator']) retrieved from /home/airflow/.local/lib/python3.7/site-packages/airflow/example_dags/example_sensor_decorator.py
[2023-07-02T02:15:14.952+0000] {logging_mixin.py:149} INFO - [2023-07-02T02:15:14.952+0000] {dag.py:2726} INFO - Sync 1 DAGs
[2023-07-02T02:15:14.982+0000] {logging_mixin.py:149} INFO - [2023-07-02T02:15:14.982+0000] {dag.py:3490} INFO - Setting next_dagrun for example_sensor_decorator to None, run_after=None
[2023-07-02T02:15:15.006+0000] {processor.py:179} INFO - Processing /home/airflow/.local/lib/python3.7/site-packages/airflow/example_dags/example_sensor_decorator.py took 0.099 seconds
[2023-07-02T02:15:46.185+0000] {processor.py:157} INFO - Started process (PID=405) to work on /home/airflow/.local/lib/python3.7/site-packages/airflow/example_dags/example_sensor_decorator.py
[2023-07-02T02:15:46.187+0000] {processor.py:826} INFO - Processing file /home/airflow/.local/lib/python3.7/site-packages/airflow/example_dags/example_sensor_decorator.py for tasks to queue
[2023-07-02T02:15:46.188+0000] {logging_mixin.py:149} INFO - [2023-07-02T02:15:46.188+0000] {dagbag.py:541} INFO - Filling up the DagBag from /home/airflow/.local/lib/python3.7/site-packages/airflow/example_dags/example_sensor_decorator.py
[2023-07-02T02:15:46.196+0000] {processor.py:836} INFO - DAG(s) dict_keys(['example_sensor_decorator']) retrieved from /home/airflow/.local/lib/python3.7/site-packages/airflow/example_dags/example_sensor_decorator.py
[2023-07-02T02:15:46.351+0000] {logging_mixin.py:149} INFO - [2023-07-02T02:15:46.351+0000] {dag.py:2726} INFO - Sync 1 DAGs
[2023-07-02T02:15:46.382+0000] {logging_mixin.py:149} INFO - [2023-07-02T02:15:46.382+0000] {dag.py:3490} INFO - Setting next_dagrun for example_sensor_decorator to None, run_after=None
[2023-07-02T02:15:46.407+0000] {processor.py:179} INFO - Processing /home/airflow/.local/lib/python3.7/site-packages/airflow/example_dags/example_sensor_decorator.py took 0.227 seconds
[2023-07-02T02:16:17.208+0000] {processor.py:157} INFO - Started process (PID=463) to work on /home/airflow/.local/lib/python3.7/site-packages/airflow/example_dags/example_sensor_decorator.py
[2023-07-02T02:16:17.210+0000] {processor.py:826} INFO - Processing file /home/airflow/.local/lib/python3.7/site-packages/airflow/example_dags/example_sensor_decorator.py for tasks to queue
[2023-07-02T02:16:17.212+0000] {logging_mixin.py:149} INFO - [2023-07-02T02:16:17.212+0000] {dagbag.py:541} INFO - Filling up the DagBag from /home/airflow/.local/lib/python3.7/site-packages/airflow/example_dags/example_sensor_decorator.py
[2023-07-02T02:16:17.223+0000] {processor.py:836} INFO - DAG(s) dict_keys(['example_sensor_decorator']) retrieved from /home/airflow/.local/lib/python3.7/site-packages/airflow/example_dags/example_sensor_decorator.py
[2023-07-02T02:16:17.269+0000] {logging_mixin.py:149} INFO - [2023-07-02T02:16:17.269+0000] {dag.py:2726} INFO - Sync 1 DAGs
[2023-07-02T02:16:17.329+0000] {logging_mixin.py:149} INFO - [2023-07-02T02:16:17.328+0000] {dag.py:3490} INFO - Setting next_dagrun for example_sensor_decorator to None, run_after=None
[2023-07-02T02:16:17.505+0000] {processor.py:179} INFO - Processing /home/airflow/.local/lib/python3.7/site-packages/airflow/example_dags/example_sensor_decorator.py took 0.303 seconds
[2023-07-02T02:16:47.611+0000] {processor.py:157} INFO - Started process (PID=522) to work on /home/airflow/.local/lib/python3.7/site-packages/airflow/example_dags/example_sensor_decorator.py
[2023-07-02T02:16:47.612+0000] {processor.py:826} INFO - Processing file /home/airflow/.local/lib/python3.7/site-packages/airflow/example_dags/example_sensor_decorator.py for tasks to queue
[2023-07-02T02:16:47.613+0000] {logging_mixin.py:149} INFO - [2023-07-02T02:16:47.613+0000] {dagbag.py:541} INFO - Filling up the DagBag from /home/airflow/.local/lib/python3.7/site-packages/airflow/example_dags/example_sensor_decorator.py
[2023-07-02T02:16:47.621+0000] {processor.py:836} INFO - DAG(s) dict_keys(['example_sensor_decorator']) retrieved from /home/airflow/.local/lib/python3.7/site-packages/airflow/example_dags/example_sensor_decorator.py
[2023-07-02T02:16:47.653+0000] {logging_mixin.py:149} INFO - [2023-07-02T02:16:47.653+0000] {dag.py:2726} INFO - Sync 1 DAGs
[2023-07-02T02:16:47.685+0000] {logging_mixin.py:149} INFO - [2023-07-02T02:16:47.685+0000] {dag.py:3490} INFO - Setting next_dagrun for example_sensor_decorator to None, run_after=None
[2023-07-02T02:16:47.707+0000] {processor.py:179} INFO - Processing /home/airflow/.local/lib/python3.7/site-packages/airflow/example_dags/example_sensor_decorator.py took 0.101 seconds
[2023-07-02T02:17:18.645+0000] {processor.py:157} INFO - Started process (PID=581) to work on /home/airflow/.local/lib/python3.7/site-packages/airflow/example_dags/example_sensor_decorator.py
[2023-07-02T02:17:18.648+0000] {processor.py:826} INFO - Processing file /home/airflow/.local/lib/python3.7/site-packages/airflow/example_dags/example_sensor_decorator.py for tasks to queue
[2023-07-02T02:17:18.651+0000] {logging_mixin.py:149} INFO - [2023-07-02T02:17:18.650+0000] {dagbag.py:541} INFO - Filling up the DagBag from /home/airflow/.local/lib/python3.7/site-packages/airflow/example_dags/example_sensor_decorator.py
[2023-07-02T02:17:18.672+0000] {processor.py:836} INFO - DAG(s) dict_keys(['example_sensor_decorator']) retrieved from /home/airflow/.local/lib/python3.7/site-packages/airflow/example_dags/example_sensor_decorator.py
[2023-07-02T02:17:18.759+0000] {logging_mixin.py:149} INFO - [2023-07-02T02:17:18.758+0000] {dag.py:2726} INFO - Sync 1 DAGs
[2023-07-02T02:17:18.815+0000] {logging_mixin.py:149} INFO - [2023-07-02T02:17:18.815+0000] {dag.py:3490} INFO - Setting next_dagrun for example_sensor_decorator to None, run_after=None
[2023-07-02T02:17:18.862+0000] {processor.py:179} INFO - Processing /home/airflow/.local/lib/python3.7/site-packages/airflow/example_dags/example_sensor_decorator.py took 0.228 seconds
[2023-07-02T02:17:49.162+0000] {processor.py:157} INFO - Started process (PID=640) to work on /home/airflow/.local/lib/python3.7/site-packages/airflow/example_dags/example_sensor_decorator.py
[2023-07-02T02:17:49.164+0000] {processor.py:826} INFO - Processing file /home/airflow/.local/lib/python3.7/site-packages/airflow/example_dags/example_sensor_decorator.py for tasks to queue
[2023-07-02T02:17:49.166+0000] {logging_mixin.py:149} INFO - [2023-07-02T02:17:49.166+0000] {dagbag.py:541} INFO - Filling up the DagBag from /home/airflow/.local/lib/python3.7/site-packages/airflow/example_dags/example_sensor_decorator.py
[2023-07-02T02:17:49.176+0000] {processor.py:836} INFO - DAG(s) dict_keys(['example_sensor_decorator']) retrieved from /home/airflow/.local/lib/python3.7/site-packages/airflow/example_dags/example_sensor_decorator.py
[2023-07-02T02:17:49.223+0000] {logging_mixin.py:149} INFO - [2023-07-02T02:17:49.222+0000] {dag.py:2726} INFO - Sync 1 DAGs
[2023-07-02T02:17:49.268+0000] {logging_mixin.py:149} INFO - [2023-07-02T02:17:49.268+0000] {dag.py:3490} INFO - Setting next_dagrun for example_sensor_decorator to None, run_after=None
[2023-07-02T02:17:49.299+0000] {processor.py:179} INFO - Processing /home/airflow/.local/lib/python3.7/site-packages/airflow/example_dags/example_sensor_decorator.py took 0.145 seconds
[2023-07-02T02:18:19.856+0000] {processor.py:157} INFO - Started process (PID=698) to work on /home/airflow/.local/lib/python3.7/site-packages/airflow/example_dags/example_sensor_decorator.py
[2023-07-02T02:18:19.858+0000] {processor.py:826} INFO - Processing file /home/airflow/.local/lib/python3.7/site-packages/airflow/example_dags/example_sensor_decorator.py for tasks to queue
[2023-07-02T02:18:19.861+0000] {logging_mixin.py:149} INFO - [2023-07-02T02:18:19.861+0000] {dagbag.py:541} INFO - Filling up the DagBag from /home/airflow/.local/lib/python3.7/site-packages/airflow/example_dags/example_sensor_decorator.py
[2023-07-02T02:18:19.876+0000] {processor.py:836} INFO - DAG(s) dict_keys(['example_sensor_decorator']) retrieved from /home/airflow/.local/lib/python3.7/site-packages/airflow/example_dags/example_sensor_decorator.py
[2023-07-02T02:18:19.913+0000] {logging_mixin.py:149} INFO - [2023-07-02T02:18:19.913+0000] {dag.py:2726} INFO - Sync 1 DAGs
[2023-07-02T02:18:19.947+0000] {logging_mixin.py:149} INFO - [2023-07-02T02:18:19.947+0000] {dag.py:3490} INFO - Setting next_dagrun for example_sensor_decorator to None, run_after=None
[2023-07-02T02:18:19.973+0000] {processor.py:179} INFO - Processing /home/airflow/.local/lib/python3.7/site-packages/airflow/example_dags/example_sensor_decorator.py took 0.128 seconds
[2023-07-02T02:18:50.955+0000] {processor.py:157} INFO - Started process (PID=756) to work on /home/airflow/.local/lib/python3.7/site-packages/airflow/example_dags/example_sensor_decorator.py
[2023-07-02T02:18:50.957+0000] {processor.py:826} INFO - Processing file /home/airflow/.local/lib/python3.7/site-packages/airflow/example_dags/example_sensor_decorator.py for tasks to queue
[2023-07-02T02:18:50.958+0000] {logging_mixin.py:149} INFO - [2023-07-02T02:18:50.958+0000] {dagbag.py:541} INFO - Filling up the DagBag from /home/airflow/.local/lib/python3.7/site-packages/airflow/example_dags/example_sensor_decorator.py
[2023-07-02T02:18:50.966+0000] {processor.py:836} INFO - DAG(s) dict_keys(['example_sensor_decorator']) retrieved from /home/airflow/.local/lib/python3.7/site-packages/airflow/example_dags/example_sensor_decorator.py
[2023-07-02T02:18:50.999+0000] {logging_mixin.py:149} INFO - [2023-07-02T02:18:50.999+0000] {dag.py:2726} INFO - Sync 1 DAGs
[2023-07-02T02:18:51.035+0000] {logging_mixin.py:149} INFO - [2023-07-02T02:18:51.035+0000] {dag.py:3490} INFO - Setting next_dagrun for example_sensor_decorator to None, run_after=None
[2023-07-02T02:18:51.059+0000] {processor.py:179} INFO - Processing /home/airflow/.local/lib/python3.7/site-packages/airflow/example_dags/example_sensor_decorator.py took 0.108 seconds
[2023-07-02T02:19:21.186+0000] {processor.py:157} INFO - Started process (PID=813) to work on /home/airflow/.local/lib/python3.7/site-packages/airflow/example_dags/example_sensor_decorator.py
[2023-07-02T02:19:21.188+0000] {processor.py:826} INFO - Processing file /home/airflow/.local/lib/python3.7/site-packages/airflow/example_dags/example_sensor_decorator.py for tasks to queue
[2023-07-02T02:19:21.189+0000] {logging_mixin.py:149} INFO - [2023-07-02T02:19:21.189+0000] {dagbag.py:541} INFO - Filling up the DagBag from /home/airflow/.local/lib/python3.7/site-packages/airflow/example_dags/example_sensor_decorator.py
[2023-07-02T02:19:21.196+0000] {processor.py:836} INFO - DAG(s) dict_keys(['example_sensor_decorator']) retrieved from /home/airflow/.local/lib/python3.7/site-packages/airflow/example_dags/example_sensor_decorator.py
[2023-07-02T02:19:21.228+0000] {logging_mixin.py:149} INFO - [2023-07-02T02:19:21.228+0000] {dag.py:2726} INFO - Sync 1 DAGs
[2023-07-02T02:19:21.264+0000] {logging_mixin.py:149} INFO - [2023-07-02T02:19:21.264+0000] {dag.py:3490} INFO - Setting next_dagrun for example_sensor_decorator to None, run_after=None
[2023-07-02T02:19:21.287+0000] {processor.py:179} INFO - Processing /home/airflow/.local/lib/python3.7/site-packages/airflow/example_dags/example_sensor_decorator.py took 0.105 seconds
[2023-07-02T02:19:51.464+0000] {processor.py:157} INFO - Started process (PID=871) to work on /home/airflow/.local/lib/python3.7/site-packages/airflow/example_dags/example_sensor_decorator.py
[2023-07-02T02:19:51.465+0000] {processor.py:826} INFO - Processing file /home/airflow/.local/lib/python3.7/site-packages/airflow/example_dags/example_sensor_decorator.py for tasks to queue
[2023-07-02T02:19:51.466+0000] {logging_mixin.py:149} INFO - [2023-07-02T02:19:51.466+0000] {dagbag.py:541} INFO - Filling up the DagBag from /home/airflow/.local/lib/python3.7/site-packages/airflow/example_dags/example_sensor_decorator.py
[2023-07-02T02:19:51.474+0000] {processor.py:836} INFO - DAG(s) dict_keys(['example_sensor_decorator']) retrieved from /home/airflow/.local/lib/python3.7/site-packages/airflow/example_dags/example_sensor_decorator.py
[2023-07-02T02:19:51.506+0000] {logging_mixin.py:149} INFO - [2023-07-02T02:19:51.506+0000] {dag.py:2726} INFO - Sync 1 DAGs
[2023-07-02T02:19:51.539+0000] {logging_mixin.py:149} INFO - [2023-07-02T02:19:51.539+0000] {dag.py:3490} INFO - Setting next_dagrun for example_sensor_decorator to None, run_after=None
[2023-07-02T02:19:51.562+0000] {processor.py:179} INFO - Processing /home/airflow/.local/lib/python3.7/site-packages/airflow/example_dags/example_sensor_decorator.py took 0.103 seconds
[2023-07-02T02:20:21.779+0000] {processor.py:157} INFO - Started process (PID=930) to work on /home/airflow/.local/lib/python3.7/site-packages/airflow/example_dags/example_sensor_decorator.py
[2023-07-02T02:20:21.781+0000] {processor.py:826} INFO - Processing file /home/airflow/.local/lib/python3.7/site-packages/airflow/example_dags/example_sensor_decorator.py for tasks to queue
[2023-07-02T02:20:21.782+0000] {logging_mixin.py:149} INFO - [2023-07-02T02:20:21.782+0000] {dagbag.py:541} INFO - Filling up the DagBag from /home/airflow/.local/lib/python3.7/site-packages/airflow/example_dags/example_sensor_decorator.py
[2023-07-02T02:20:21.791+0000] {processor.py:836} INFO - DAG(s) dict_keys(['example_sensor_decorator']) retrieved from /home/airflow/.local/lib/python3.7/site-packages/airflow/example_dags/example_sensor_decorator.py
[2023-07-02T02:20:21.825+0000] {logging_mixin.py:149} INFO - [2023-07-02T02:20:21.825+0000] {dag.py:2726} INFO - Sync 1 DAGs
[2023-07-02T02:20:21.859+0000] {logging_mixin.py:149} INFO - [2023-07-02T02:20:21.859+0000] {dag.py:3490} INFO - Setting next_dagrun for example_sensor_decorator to None, run_after=None
[2023-07-02T02:20:21.885+0000] {processor.py:179} INFO - Processing /home/airflow/.local/lib/python3.7/site-packages/airflow/example_dags/example_sensor_decorator.py took 0.111 seconds
[2023-07-02T02:20:52.201+0000] {processor.py:157} INFO - Started process (PID=988) to work on /home/airflow/.local/lib/python3.7/site-packages/airflow/example_dags/example_sensor_decorator.py
[2023-07-02T02:20:52.203+0000] {processor.py:826} INFO - Processing file /home/airflow/.local/lib/python3.7/site-packages/airflow/example_dags/example_sensor_decorator.py for tasks to queue
[2023-07-02T02:20:52.205+0000] {logging_mixin.py:149} INFO - [2023-07-02T02:20:52.204+0000] {dagbag.py:541} INFO - Filling up the DagBag from /home/airflow/.local/lib/python3.7/site-packages/airflow/example_dags/example_sensor_decorator.py
[2023-07-02T02:20:52.213+0000] {processor.py:836} INFO - DAG(s) dict_keys(['example_sensor_decorator']) retrieved from /home/airflow/.local/lib/python3.7/site-packages/airflow/example_dags/example_sensor_decorator.py
[2023-07-02T02:20:52.264+0000] {logging_mixin.py:149} INFO - [2023-07-02T02:20:52.264+0000] {dag.py:2726} INFO - Sync 1 DAGs
[2023-07-02T02:20:52.310+0000] {logging_mixin.py:149} INFO - [2023-07-02T02:20:52.310+0000] {dag.py:3490} INFO - Setting next_dagrun for example_sensor_decorator to None, run_after=None
[2023-07-02T02:20:52.349+0000] {processor.py:179} INFO - Processing /home/airflow/.local/lib/python3.7/site-packages/airflow/example_dags/example_sensor_decorator.py took 0.153 seconds
[2023-07-02T02:21:22.535+0000] {processor.py:157} INFO - Started process (PID=1046) to work on /home/airflow/.local/lib/python3.7/site-packages/airflow/example_dags/example_sensor_decorator.py
[2023-07-02T02:21:22.536+0000] {processor.py:826} INFO - Processing file /home/airflow/.local/lib/python3.7/site-packages/airflow/example_dags/example_sensor_decorator.py for tasks to queue
[2023-07-02T02:21:22.538+0000] {logging_mixin.py:149} INFO - [2023-07-02T02:21:22.538+0000] {dagbag.py:541} INFO - Filling up the DagBag from /home/airflow/.local/lib/python3.7/site-packages/airflow/example_dags/example_sensor_decorator.py
[2023-07-02T02:21:22.546+0000] {processor.py:836} INFO - DAG(s) dict_keys(['example_sensor_decorator']) retrieved from /home/airflow/.local/lib/python3.7/site-packages/airflow/example_dags/example_sensor_decorator.py
[2023-07-02T02:21:22.580+0000] {logging_mixin.py:149} INFO - [2023-07-02T02:21:22.580+0000] {dag.py:2726} INFO - Sync 1 DAGs
[2023-07-02T02:21:22.616+0000] {logging_mixin.py:149} INFO - [2023-07-02T02:21:22.616+0000] {dag.py:3490} INFO - Setting next_dagrun for example_sensor_decorator to None, run_after=None
[2023-07-02T02:21:22.642+0000] {processor.py:179} INFO - Processing /home/airflow/.local/lib/python3.7/site-packages/airflow/example_dags/example_sensor_decorator.py took 0.112 seconds
