[2023-07-02T01:19:09.752+0000] {processor.py:157} INFO - Started process (PID=41) to work on /home/airflow/.local/lib/python3.7/site-packages/airflow/example_dags/example_external_task_marker_dag.py
[2023-07-02T01:19:09.754+0000] {processor.py:826} INFO - Processing file /home/airflow/.local/lib/python3.7/site-packages/airflow/example_dags/example_external_task_marker_dag.py for tasks to queue
[2023-07-02T01:19:09.757+0000] {logging_mixin.py:149} INFO - [2023-07-02T01:19:09.756+0000] {dagbag.py:541} INFO - Filling up the DagBag from /home/airflow/.local/lib/python3.7/site-packages/airflow/example_dags/example_external_task_marker_dag.py
[2023-07-02T01:19:09.792+0000] {processor.py:836} INFO - DAG(s) dict_keys(['example_external_task_marker_parent', 'example_external_task_marker_child']) retrieved from /home/airflow/.local/lib/python3.7/site-packages/airflow/example_dags/example_external_task_marker_dag.py
[2023-07-02T01:19:10.096+0000] {logging_mixin.py:149} INFO - [2023-07-02T01:19:10.096+0000] {manager.py:504} INFO - Created Permission View: can delete on DAG:example_external_task_marker_parent
[2023-07-02T01:19:10.122+0000] {logging_mixin.py:149} INFO - [2023-07-02T01:19:10.122+0000] {manager.py:504} INFO - Created Permission View: can edit on DAG:example_external_task_marker_parent
[2023-07-02T01:19:10.136+0000] {logging_mixin.py:149} INFO - [2023-07-02T01:19:10.136+0000] {manager.py:504} INFO - Created Permission View: can read on DAG:example_external_task_marker_parent
[2023-07-02T01:19:10.204+0000] {logging_mixin.py:149} INFO - [2023-07-02T01:19:10.204+0000] {manager.py:504} INFO - Created Permission View: can delete on DAG:example_external_task_marker_child
[2023-07-02T01:19:10.230+0000] {logging_mixin.py:149} INFO - [2023-07-02T01:19:10.229+0000] {manager.py:504} INFO - Created Permission View: can edit on DAG:example_external_task_marker_child
[2023-07-02T01:19:10.258+0000] {logging_mixin.py:149} INFO - [2023-07-02T01:19:10.258+0000] {manager.py:504} INFO - Created Permission View: can read on DAG:example_external_task_marker_child
[2023-07-02T01:19:10.277+0000] {logging_mixin.py:149} INFO - [2023-07-02T01:19:10.277+0000] {dag.py:2726} INFO - Sync 2 DAGs
[2023-07-02T01:19:10.305+0000] {logging_mixin.py:149} INFO - [2023-07-02T01:19:10.304+0000] {dag.py:2747} INFO - Creating ORM DAG for example_external_task_marker_child
[2023-07-02T01:19:10.307+0000] {logging_mixin.py:149} INFO - [2023-07-02T01:19:10.306+0000] {dag.py:2747} INFO - Creating ORM DAG for example_external_task_marker_parent
[2023-07-02T01:19:10.336+0000] {logging_mixin.py:149} INFO - [2023-07-02T01:19:10.336+0000] {dag.py:3490} INFO - Setting next_dagrun for example_external_task_marker_child to None, run_after=None
[2023-07-02T01:19:10.339+0000] {logging_mixin.py:149} INFO - [2023-07-02T01:19:10.339+0000] {dag.py:3490} INFO - Setting next_dagrun for example_external_task_marker_parent to None, run_after=None
[2023-07-02T01:19:10.382+0000] {processor.py:179} INFO - Processing /home/airflow/.local/lib/python3.7/site-packages/airflow/example_dags/example_external_task_marker_dag.py took 0.636 seconds
[2023-07-02T01:19:48.873+0000] {processor.py:157} INFO - Started process (PID=98) to work on /home/airflow/.local/lib/python3.7/site-packages/airflow/example_dags/example_external_task_marker_dag.py
[2023-07-02T01:19:48.879+0000] {processor.py:826} INFO - Processing file /home/airflow/.local/lib/python3.7/site-packages/airflow/example_dags/example_external_task_marker_dag.py for tasks to queue
[2023-07-02T01:19:48.883+0000] {logging_mixin.py:149} INFO - [2023-07-02T01:19:48.883+0000] {dagbag.py:541} INFO - Filling up the DagBag from /home/airflow/.local/lib/python3.7/site-packages/airflow/example_dags/example_external_task_marker_dag.py
[2023-07-02T01:19:48.979+0000] {processor.py:836} INFO - DAG(s) dict_keys(['example_external_task_marker_child', 'example_external_task_marker_parent']) retrieved from /home/airflow/.local/lib/python3.7/site-packages/airflow/example_dags/example_external_task_marker_dag.py
[2023-07-02T01:19:49.249+0000] {logging_mixin.py:149} INFO - [2023-07-02T01:19:49.249+0000] {dag.py:2726} INFO - Sync 2 DAGs
[2023-07-02T01:19:49.537+0000] {logging_mixin.py:149} INFO - [2023-07-02T01:19:49.532+0000] {dag.py:3490} INFO - Setting next_dagrun for example_external_task_marker_child to None, run_after=None
[2023-07-02T01:19:49.568+0000] {logging_mixin.py:149} INFO - [2023-07-02T01:19:49.567+0000] {dag.py:3490} INFO - Setting next_dagrun for example_external_task_marker_parent to None, run_after=None
[2023-07-02T01:19:49.909+0000] {processor.py:179} INFO - Processing /home/airflow/.local/lib/python3.7/site-packages/airflow/example_dags/example_external_task_marker_dag.py took 1.075 seconds
[2023-07-02T01:20:21.195+0000] {processor.py:157} INFO - Started process (PID=155) to work on /home/airflow/.local/lib/python3.7/site-packages/airflow/example_dags/example_external_task_marker_dag.py
[2023-07-02T01:20:21.197+0000] {processor.py:826} INFO - Processing file /home/airflow/.local/lib/python3.7/site-packages/airflow/example_dags/example_external_task_marker_dag.py for tasks to queue
[2023-07-02T01:20:21.199+0000] {logging_mixin.py:149} INFO - [2023-07-02T01:20:21.198+0000] {dagbag.py:541} INFO - Filling up the DagBag from /home/airflow/.local/lib/python3.7/site-packages/airflow/example_dags/example_external_task_marker_dag.py
[2023-07-02T01:20:21.213+0000] {processor.py:836} INFO - DAG(s) dict_keys(['example_external_task_marker_parent', 'example_external_task_marker_child']) retrieved from /home/airflow/.local/lib/python3.7/site-packages/airflow/example_dags/example_external_task_marker_dag.py
[2023-07-02T01:20:21.314+0000] {logging_mixin.py:149} INFO - [2023-07-02T01:20:21.314+0000] {dag.py:2726} INFO - Sync 2 DAGs
[2023-07-02T01:20:21.371+0000] {logging_mixin.py:149} INFO - [2023-07-02T01:20:21.371+0000] {dag.py:3490} INFO - Setting next_dagrun for example_external_task_marker_child to None, run_after=None
[2023-07-02T01:20:21.385+0000] {logging_mixin.py:149} INFO - [2023-07-02T01:20:21.384+0000] {dag.py:3490} INFO - Setting next_dagrun for example_external_task_marker_parent to None, run_after=None
[2023-07-02T01:20:21.430+0000] {processor.py:179} INFO - Processing /home/airflow/.local/lib/python3.7/site-packages/airflow/example_dags/example_external_task_marker_dag.py took 0.241 seconds
[2023-07-02T01:20:52.744+0000] {processor.py:157} INFO - Started process (PID=220) to work on /home/airflow/.local/lib/python3.7/site-packages/airflow/example_dags/example_external_task_marker_dag.py
[2023-07-02T01:20:52.746+0000] {processor.py:826} INFO - Processing file /home/airflow/.local/lib/python3.7/site-packages/airflow/example_dags/example_external_task_marker_dag.py for tasks to queue
[2023-07-02T01:20:52.747+0000] {logging_mixin.py:149} INFO - [2023-07-02T01:20:52.747+0000] {dagbag.py:541} INFO - Filling up the DagBag from /home/airflow/.local/lib/python3.7/site-packages/airflow/example_dags/example_external_task_marker_dag.py
[2023-07-02T01:20:52.759+0000] {processor.py:836} INFO - DAG(s) dict_keys(['example_external_task_marker_child', 'example_external_task_marker_parent']) retrieved from /home/airflow/.local/lib/python3.7/site-packages/airflow/example_dags/example_external_task_marker_dag.py
[2023-07-02T01:20:52.870+0000] {logging_mixin.py:149} INFO - [2023-07-02T01:20:52.870+0000] {dag.py:2726} INFO - Sync 2 DAGs
[2023-07-02T01:20:52.921+0000] {logging_mixin.py:149} INFO - [2023-07-02T01:20:52.920+0000] {dag.py:3490} INFO - Setting next_dagrun for example_external_task_marker_child to None, run_after=None
[2023-07-02T01:20:52.928+0000] {logging_mixin.py:149} INFO - [2023-07-02T01:20:52.928+0000] {dag.py:3490} INFO - Setting next_dagrun for example_external_task_marker_parent to None, run_after=None
[2023-07-02T01:20:52.966+0000] {processor.py:179} INFO - Processing /home/airflow/.local/lib/python3.7/site-packages/airflow/example_dags/example_external_task_marker_dag.py took 0.229 seconds
[2023-07-02T01:21:23.871+0000] {processor.py:157} INFO - Started process (PID=281) to work on /home/airflow/.local/lib/python3.7/site-packages/airflow/example_dags/example_external_task_marker_dag.py
[2023-07-02T01:21:23.875+0000] {processor.py:826} INFO - Processing file /home/airflow/.local/lib/python3.7/site-packages/airflow/example_dags/example_external_task_marker_dag.py for tasks to queue
[2023-07-02T01:21:23.877+0000] {logging_mixin.py:149} INFO - [2023-07-02T01:21:23.877+0000] {dagbag.py:541} INFO - Filling up the DagBag from /home/airflow/.local/lib/python3.7/site-packages/airflow/example_dags/example_external_task_marker_dag.py
[2023-07-02T01:21:23.890+0000] {processor.py:836} INFO - DAG(s) dict_keys(['example_external_task_marker_child', 'example_external_task_marker_parent']) retrieved from /home/airflow/.local/lib/python3.7/site-packages/airflow/example_dags/example_external_task_marker_dag.py
[2023-07-02T01:21:23.990+0000] {logging_mixin.py:149} INFO - [2023-07-02T01:21:23.990+0000] {dag.py:2726} INFO - Sync 2 DAGs
[2023-07-02T01:21:24.043+0000] {logging_mixin.py:149} INFO - [2023-07-02T01:21:24.043+0000] {dag.py:3490} INFO - Setting next_dagrun for example_external_task_marker_child to None, run_after=None
[2023-07-02T01:21:24.052+0000] {logging_mixin.py:149} INFO - [2023-07-02T01:21:24.052+0000] {dag.py:3490} INFO - Setting next_dagrun for example_external_task_marker_parent to None, run_after=None
[2023-07-02T01:21:24.084+0000] {processor.py:179} INFO - Processing /home/airflow/.local/lib/python3.7/site-packages/airflow/example_dags/example_external_task_marker_dag.py took 0.219 seconds
[2023-07-02T01:21:55.058+0000] {processor.py:157} INFO - Started process (PID=338) to work on /home/airflow/.local/lib/python3.7/site-packages/airflow/example_dags/example_external_task_marker_dag.py
[2023-07-02T01:21:55.062+0000] {processor.py:826} INFO - Processing file /home/airflow/.local/lib/python3.7/site-packages/airflow/example_dags/example_external_task_marker_dag.py for tasks to queue
[2023-07-02T01:21:55.067+0000] {logging_mixin.py:149} INFO - [2023-07-02T01:21:55.067+0000] {dagbag.py:541} INFO - Filling up the DagBag from /home/airflow/.local/lib/python3.7/site-packages/airflow/example_dags/example_external_task_marker_dag.py
[2023-07-02T01:21:55.102+0000] {processor.py:836} INFO - DAG(s) dict_keys(['example_external_task_marker_child', 'example_external_task_marker_parent']) retrieved from /home/airflow/.local/lib/python3.7/site-packages/airflow/example_dags/example_external_task_marker_dag.py
[2023-07-02T01:21:55.264+0000] {logging_mixin.py:149} INFO - [2023-07-02T01:21:55.264+0000] {dag.py:2726} INFO - Sync 2 DAGs
[2023-07-02T01:21:55.317+0000] {logging_mixin.py:149} INFO - [2023-07-02T01:21:55.317+0000] {dag.py:3490} INFO - Setting next_dagrun for example_external_task_marker_child to None, run_after=None
[2023-07-02T01:21:55.324+0000] {logging_mixin.py:149} INFO - [2023-07-02T01:21:55.324+0000] {dag.py:3490} INFO - Setting next_dagrun for example_external_task_marker_parent to None, run_after=None
[2023-07-02T01:21:55.358+0000] {processor.py:179} INFO - Processing /home/airflow/.local/lib/python3.7/site-packages/airflow/example_dags/example_external_task_marker_dag.py took 0.306 seconds
[2023-07-02T01:22:25.525+0000] {processor.py:157} INFO - Started process (PID=396) to work on /home/airflow/.local/lib/python3.7/site-packages/airflow/example_dags/example_external_task_marker_dag.py
[2023-07-02T01:22:25.527+0000] {processor.py:826} INFO - Processing file /home/airflow/.local/lib/python3.7/site-packages/airflow/example_dags/example_external_task_marker_dag.py for tasks to queue
[2023-07-02T01:22:25.529+0000] {logging_mixin.py:149} INFO - [2023-07-02T01:22:25.528+0000] {dagbag.py:541} INFO - Filling up the DagBag from /home/airflow/.local/lib/python3.7/site-packages/airflow/example_dags/example_external_task_marker_dag.py
[2023-07-02T01:22:25.548+0000] {processor.py:836} INFO - DAG(s) dict_keys(['example_external_task_marker_child', 'example_external_task_marker_parent']) retrieved from /home/airflow/.local/lib/python3.7/site-packages/airflow/example_dags/example_external_task_marker_dag.py
[2023-07-02T01:22:25.666+0000] {logging_mixin.py:149} INFO - [2023-07-02T01:22:25.666+0000] {dag.py:2726} INFO - Sync 2 DAGs
[2023-07-02T01:22:25.735+0000] {logging_mixin.py:149} INFO - [2023-07-02T01:22:25.735+0000] {dag.py:3490} INFO - Setting next_dagrun for example_external_task_marker_child to None, run_after=None
[2023-07-02T01:22:25.745+0000] {logging_mixin.py:149} INFO - [2023-07-02T01:22:25.744+0000] {dag.py:3490} INFO - Setting next_dagrun for example_external_task_marker_parent to None, run_after=None
[2023-07-02T01:22:25.794+0000] {processor.py:179} INFO - Processing /home/airflow/.local/lib/python3.7/site-packages/airflow/example_dags/example_external_task_marker_dag.py took 0.276 seconds
[2023-07-02T01:22:56.139+0000] {processor.py:157} INFO - Started process (PID=457) to work on /home/airflow/.local/lib/python3.7/site-packages/airflow/example_dags/example_external_task_marker_dag.py
[2023-07-02T01:22:56.141+0000] {processor.py:826} INFO - Processing file /home/airflow/.local/lib/python3.7/site-packages/airflow/example_dags/example_external_task_marker_dag.py for tasks to queue
[2023-07-02T01:22:56.143+0000] {logging_mixin.py:149} INFO - [2023-07-02T01:22:56.143+0000] {dagbag.py:541} INFO - Filling up the DagBag from /home/airflow/.local/lib/python3.7/site-packages/airflow/example_dags/example_external_task_marker_dag.py
[2023-07-02T01:22:56.167+0000] {processor.py:836} INFO - DAG(s) dict_keys(['example_external_task_marker_child', 'example_external_task_marker_parent']) retrieved from /home/airflow/.local/lib/python3.7/site-packages/airflow/example_dags/example_external_task_marker_dag.py
[2023-07-02T01:22:56.277+0000] {logging_mixin.py:149} INFO - [2023-07-02T01:22:56.277+0000] {dag.py:2726} INFO - Sync 2 DAGs
[2023-07-02T01:22:56.342+0000] {logging_mixin.py:149} INFO - [2023-07-02T01:22:56.342+0000] {dag.py:3490} INFO - Setting next_dagrun for example_external_task_marker_child to None, run_after=None
[2023-07-02T01:22:56.351+0000] {logging_mixin.py:149} INFO - [2023-07-02T01:22:56.351+0000] {dag.py:3490} INFO - Setting next_dagrun for example_external_task_marker_parent to None, run_after=None
[2023-07-02T01:22:56.400+0000] {processor.py:179} INFO - Processing /home/airflow/.local/lib/python3.7/site-packages/airflow/example_dags/example_external_task_marker_dag.py took 0.267 seconds
[2023-07-02T01:23:26.893+0000] {processor.py:157} INFO - Started process (PID=516) to work on /home/airflow/.local/lib/python3.7/site-packages/airflow/example_dags/example_external_task_marker_dag.py
[2023-07-02T01:23:26.895+0000] {processor.py:826} INFO - Processing file /home/airflow/.local/lib/python3.7/site-packages/airflow/example_dags/example_external_task_marker_dag.py for tasks to queue
[2023-07-02T01:23:26.896+0000] {logging_mixin.py:149} INFO - [2023-07-02T01:23:26.896+0000] {dagbag.py:541} INFO - Filling up the DagBag from /home/airflow/.local/lib/python3.7/site-packages/airflow/example_dags/example_external_task_marker_dag.py
[2023-07-02T01:23:26.912+0000] {processor.py:836} INFO - DAG(s) dict_keys(['example_external_task_marker_child', 'example_external_task_marker_parent']) retrieved from /home/airflow/.local/lib/python3.7/site-packages/airflow/example_dags/example_external_task_marker_dag.py
[2023-07-02T01:23:27.032+0000] {logging_mixin.py:149} INFO - [2023-07-02T01:23:27.031+0000] {dag.py:2726} INFO - Sync 2 DAGs
[2023-07-02T01:23:27.095+0000] {logging_mixin.py:149} INFO - [2023-07-02T01:23:27.095+0000] {dag.py:3490} INFO - Setting next_dagrun for example_external_task_marker_child to None, run_after=None
[2023-07-02T01:23:27.102+0000] {logging_mixin.py:149} INFO - [2023-07-02T01:23:27.102+0000] {dag.py:3490} INFO - Setting next_dagrun for example_external_task_marker_parent to None, run_after=None
[2023-07-02T01:23:27.145+0000] {processor.py:179} INFO - Processing /home/airflow/.local/lib/python3.7/site-packages/airflow/example_dags/example_external_task_marker_dag.py took 0.259 seconds
[2023-07-02T02:04:18.449+0000] {processor.py:157} INFO - Started process (PID=39) to work on /home/airflow/.local/lib/python3.7/site-packages/airflow/example_dags/example_external_task_marker_dag.py
[2023-07-02T02:04:18.451+0000] {processor.py:826} INFO - Processing file /home/airflow/.local/lib/python3.7/site-packages/airflow/example_dags/example_external_task_marker_dag.py for tasks to queue
[2023-07-02T02:04:18.453+0000] {logging_mixin.py:149} INFO - [2023-07-02T02:04:18.453+0000] {dagbag.py:541} INFO - Filling up the DagBag from /home/airflow/.local/lib/python3.7/site-packages/airflow/example_dags/example_external_task_marker_dag.py
[2023-07-02T02:04:18.466+0000] {processor.py:836} INFO - DAG(s) dict_keys(['example_external_task_marker_parent', 'example_external_task_marker_child']) retrieved from /home/airflow/.local/lib/python3.7/site-packages/airflow/example_dags/example_external_task_marker_dag.py
[2023-07-02T02:04:18.714+0000] {logging_mixin.py:149} INFO - [2023-07-02T02:04:18.714+0000] {dag.py:2726} INFO - Sync 2 DAGs
[2023-07-02T02:04:18.757+0000] {logging_mixin.py:149} INFO - [2023-07-02T02:04:18.757+0000] {dag.py:3490} INFO - Setting next_dagrun for example_external_task_marker_child to None, run_after=None
[2023-07-02T02:04:18.761+0000] {logging_mixin.py:149} INFO - [2023-07-02T02:04:18.761+0000] {dag.py:3490} INFO - Setting next_dagrun for example_external_task_marker_parent to None, run_after=None
[2023-07-02T02:04:18.791+0000] {processor.py:179} INFO - Processing /home/airflow/.local/lib/python3.7/site-packages/airflow/example_dags/example_external_task_marker_dag.py took 0.346 seconds
[2023-07-02T02:04:48.845+0000] {processor.py:157} INFO - Started process (PID=98) to work on /home/airflow/.local/lib/python3.7/site-packages/airflow/example_dags/example_external_task_marker_dag.py
[2023-07-02T02:04:48.846+0000] {processor.py:826} INFO - Processing file /home/airflow/.local/lib/python3.7/site-packages/airflow/example_dags/example_external_task_marker_dag.py for tasks to queue
[2023-07-02T02:04:48.848+0000] {logging_mixin.py:149} INFO - [2023-07-02T02:04:48.847+0000] {dagbag.py:541} INFO - Filling up the DagBag from /home/airflow/.local/lib/python3.7/site-packages/airflow/example_dags/example_external_task_marker_dag.py
[2023-07-02T02:04:48.855+0000] {processor.py:836} INFO - DAG(s) dict_keys(['example_external_task_marker_child', 'example_external_task_marker_parent']) retrieved from /home/airflow/.local/lib/python3.7/site-packages/airflow/example_dags/example_external_task_marker_dag.py
[2023-07-02T02:04:48.897+0000] {logging_mixin.py:149} INFO - [2023-07-02T02:04:48.897+0000] {dag.py:2726} INFO - Sync 2 DAGs
[2023-07-02T02:04:48.940+0000] {logging_mixin.py:149} INFO - [2023-07-02T02:04:48.940+0000] {dag.py:3490} INFO - Setting next_dagrun for example_external_task_marker_child to None, run_after=None
[2023-07-02T02:04:48.945+0000] {logging_mixin.py:149} INFO - [2023-07-02T02:04:48.945+0000] {dag.py:3490} INFO - Setting next_dagrun for example_external_task_marker_parent to None, run_after=None
[2023-07-02T02:04:48.970+0000] {processor.py:179} INFO - Processing /home/airflow/.local/lib/python3.7/site-packages/airflow/example_dags/example_external_task_marker_dag.py took 0.130 seconds
[2023-07-02T02:05:19.465+0000] {processor.py:157} INFO - Started process (PID=154) to work on /home/airflow/.local/lib/python3.7/site-packages/airflow/example_dags/example_external_task_marker_dag.py
[2023-07-02T02:05:19.467+0000] {processor.py:826} INFO - Processing file /home/airflow/.local/lib/python3.7/site-packages/airflow/example_dags/example_external_task_marker_dag.py for tasks to queue
[2023-07-02T02:05:19.469+0000] {logging_mixin.py:149} INFO - [2023-07-02T02:05:19.469+0000] {dagbag.py:541} INFO - Filling up the DagBag from /home/airflow/.local/lib/python3.7/site-packages/airflow/example_dags/example_external_task_marker_dag.py
[2023-07-02T02:05:19.483+0000] {processor.py:836} INFO - DAG(s) dict_keys(['example_external_task_marker_parent', 'example_external_task_marker_child']) retrieved from /home/airflow/.local/lib/python3.7/site-packages/airflow/example_dags/example_external_task_marker_dag.py
[2023-07-02T02:05:19.577+0000] {logging_mixin.py:149} INFO - [2023-07-02T02:05:19.577+0000] {dag.py:2726} INFO - Sync 2 DAGs
[2023-07-02T02:05:19.630+0000] {logging_mixin.py:149} INFO - [2023-07-02T02:05:19.629+0000] {dag.py:3490} INFO - Setting next_dagrun for example_external_task_marker_child to None, run_after=None
[2023-07-02T02:05:19.635+0000] {logging_mixin.py:149} INFO - [2023-07-02T02:05:19.635+0000] {dag.py:3490} INFO - Setting next_dagrun for example_external_task_marker_parent to None, run_after=None
[2023-07-02T02:05:19.661+0000] {processor.py:179} INFO - Processing /home/airflow/.local/lib/python3.7/site-packages/airflow/example_dags/example_external_task_marker_dag.py took 0.203 seconds
[2023-07-02T02:05:50.291+0000] {processor.py:157} INFO - Started process (PID=213) to work on /home/airflow/.local/lib/python3.7/site-packages/airflow/example_dags/example_external_task_marker_dag.py
[2023-07-02T02:05:50.293+0000] {processor.py:826} INFO - Processing file /home/airflow/.local/lib/python3.7/site-packages/airflow/example_dags/example_external_task_marker_dag.py for tasks to queue
[2023-07-02T02:05:50.294+0000] {logging_mixin.py:149} INFO - [2023-07-02T02:05:50.294+0000] {dagbag.py:541} INFO - Filling up the DagBag from /home/airflow/.local/lib/python3.7/site-packages/airflow/example_dags/example_external_task_marker_dag.py
[2023-07-02T02:05:50.307+0000] {processor.py:836} INFO - DAG(s) dict_keys(['example_external_task_marker_parent', 'example_external_task_marker_child']) retrieved from /home/airflow/.local/lib/python3.7/site-packages/airflow/example_dags/example_external_task_marker_dag.py
[2023-07-02T02:05:50.394+0000] {logging_mixin.py:149} INFO - [2023-07-02T02:05:50.394+0000] {dag.py:2726} INFO - Sync 2 DAGs
[2023-07-02T02:05:50.493+0000] {logging_mixin.py:149} INFO - [2023-07-02T02:05:50.492+0000] {dag.py:3490} INFO - Setting next_dagrun for example_external_task_marker_child to None, run_after=None
[2023-07-02T02:05:50.503+0000] {logging_mixin.py:149} INFO - [2023-07-02T02:05:50.502+0000] {dag.py:3490} INFO - Setting next_dagrun for example_external_task_marker_parent to None, run_after=None
[2023-07-02T02:05:50.597+0000] {processor.py:179} INFO - Processing /home/airflow/.local/lib/python3.7/site-packages/airflow/example_dags/example_external_task_marker_dag.py took 0.313 seconds
[2023-07-02T02:06:21.527+0000] {processor.py:157} INFO - Started process (PID=271) to work on /home/airflow/.local/lib/python3.7/site-packages/airflow/example_dags/example_external_task_marker_dag.py
[2023-07-02T02:06:21.530+0000] {processor.py:826} INFO - Processing file /home/airflow/.local/lib/python3.7/site-packages/airflow/example_dags/example_external_task_marker_dag.py for tasks to queue
[2023-07-02T02:06:21.542+0000] {logging_mixin.py:149} INFO - [2023-07-02T02:06:21.541+0000] {dagbag.py:541} INFO - Filling up the DagBag from /home/airflow/.local/lib/python3.7/site-packages/airflow/example_dags/example_external_task_marker_dag.py
[2023-07-02T02:06:21.585+0000] {processor.py:836} INFO - DAG(s) dict_keys(['example_external_task_marker_parent', 'example_external_task_marker_child']) retrieved from /home/airflow/.local/lib/python3.7/site-packages/airflow/example_dags/example_external_task_marker_dag.py
[2023-07-02T02:06:21.657+0000] {logging_mixin.py:149} INFO - [2023-07-02T02:06:21.657+0000] {dag.py:2726} INFO - Sync 2 DAGs
[2023-07-02T02:06:21.707+0000] {logging_mixin.py:149} INFO - [2023-07-02T02:06:21.707+0000] {dag.py:3490} INFO - Setting next_dagrun for example_external_task_marker_child to None, run_after=None
[2023-07-02T02:06:21.716+0000] {logging_mixin.py:149} INFO - [2023-07-02T02:06:21.716+0000] {dag.py:3490} INFO - Setting next_dagrun for example_external_task_marker_parent to None, run_after=None
[2023-07-02T02:06:21.753+0000] {processor.py:179} INFO - Processing /home/airflow/.local/lib/python3.7/site-packages/airflow/example_dags/example_external_task_marker_dag.py took 0.237 seconds
[2023-07-02T02:06:52.756+0000] {processor.py:157} INFO - Started process (PID=329) to work on /home/airflow/.local/lib/python3.7/site-packages/airflow/example_dags/example_external_task_marker_dag.py
[2023-07-02T02:06:52.757+0000] {processor.py:826} INFO - Processing file /home/airflow/.local/lib/python3.7/site-packages/airflow/example_dags/example_external_task_marker_dag.py for tasks to queue
[2023-07-02T02:06:52.758+0000] {logging_mixin.py:149} INFO - [2023-07-02T02:06:52.758+0000] {dagbag.py:541} INFO - Filling up the DagBag from /home/airflow/.local/lib/python3.7/site-packages/airflow/example_dags/example_external_task_marker_dag.py
[2023-07-02T02:06:52.766+0000] {processor.py:836} INFO - DAG(s) dict_keys(['example_external_task_marker_parent', 'example_external_task_marker_child']) retrieved from /home/airflow/.local/lib/python3.7/site-packages/airflow/example_dags/example_external_task_marker_dag.py
[2023-07-02T02:06:52.817+0000] {logging_mixin.py:149} INFO - [2023-07-02T02:06:52.816+0000] {dag.py:2726} INFO - Sync 2 DAGs
[2023-07-02T02:06:52.860+0000] {logging_mixin.py:149} INFO - [2023-07-02T02:06:52.859+0000] {dag.py:3490} INFO - Setting next_dagrun for example_external_task_marker_child to None, run_after=None
[2023-07-02T02:06:52.867+0000] {logging_mixin.py:149} INFO - [2023-07-02T02:06:52.866+0000] {dag.py:3490} INFO - Setting next_dagrun for example_external_task_marker_parent to None, run_after=None
[2023-07-02T02:06:52.937+0000] {processor.py:179} INFO - Processing /home/airflow/.local/lib/python3.7/site-packages/airflow/example_dags/example_external_task_marker_dag.py took 0.185 seconds
[2023-07-02T02:12:38.431+0000] {processor.py:157} INFO - Started process (PID=39) to work on /home/airflow/.local/lib/python3.7/site-packages/airflow/example_dags/example_external_task_marker_dag.py
[2023-07-02T02:12:38.433+0000] {processor.py:826} INFO - Processing file /home/airflow/.local/lib/python3.7/site-packages/airflow/example_dags/example_external_task_marker_dag.py for tasks to queue
[2023-07-02T02:12:38.434+0000] {logging_mixin.py:149} INFO - [2023-07-02T02:12:38.434+0000] {dagbag.py:541} INFO - Filling up the DagBag from /home/airflow/.local/lib/python3.7/site-packages/airflow/example_dags/example_external_task_marker_dag.py
[2023-07-02T02:12:38.445+0000] {processor.py:836} INFO - DAG(s) dict_keys(['example_external_task_marker_child', 'example_external_task_marker_parent']) retrieved from /home/airflow/.local/lib/python3.7/site-packages/airflow/example_dags/example_external_task_marker_dag.py
[2023-07-02T02:12:38.858+0000] {logging_mixin.py:149} INFO - [2023-07-02T02:12:38.858+0000] {dag.py:2726} INFO - Sync 2 DAGs
[2023-07-02T02:12:38.890+0000] {logging_mixin.py:149} INFO - [2023-07-02T02:12:38.890+0000] {dag.py:3490} INFO - Setting next_dagrun for example_external_task_marker_child to None, run_after=None
[2023-07-02T02:12:38.894+0000] {logging_mixin.py:149} INFO - [2023-07-02T02:12:38.894+0000] {dag.py:3490} INFO - Setting next_dagrun for example_external_task_marker_parent to None, run_after=None
[2023-07-02T02:12:38.917+0000] {processor.py:179} INFO - Processing /home/airflow/.local/lib/python3.7/site-packages/airflow/example_dags/example_external_task_marker_dag.py took 0.490 seconds
[2023-07-02T02:13:09.537+0000] {processor.py:157} INFO - Started process (PID=100) to work on /home/airflow/.local/lib/python3.7/site-packages/airflow/example_dags/example_external_task_marker_dag.py
[2023-07-02T02:13:09.538+0000] {processor.py:826} INFO - Processing file /home/airflow/.local/lib/python3.7/site-packages/airflow/example_dags/example_external_task_marker_dag.py for tasks to queue
[2023-07-02T02:13:09.539+0000] {logging_mixin.py:149} INFO - [2023-07-02T02:13:09.539+0000] {dagbag.py:541} INFO - Filling up the DagBag from /home/airflow/.local/lib/python3.7/site-packages/airflow/example_dags/example_external_task_marker_dag.py
[2023-07-02T02:13:09.657+0000] {processor.py:836} INFO - DAG(s) dict_keys(['example_external_task_marker_child', 'example_external_task_marker_parent']) retrieved from /home/airflow/.local/lib/python3.7/site-packages/airflow/example_dags/example_external_task_marker_dag.py
[2023-07-02T02:13:09.691+0000] {logging_mixin.py:149} INFO - [2023-07-02T02:13:09.691+0000] {dag.py:2726} INFO - Sync 2 DAGs
[2023-07-02T02:13:09.720+0000] {logging_mixin.py:149} INFO - [2023-07-02T02:13:09.720+0000] {dag.py:3490} INFO - Setting next_dagrun for example_external_task_marker_child to None, run_after=None
[2023-07-02T02:13:09.724+0000] {logging_mixin.py:149} INFO - [2023-07-02T02:13:09.724+0000] {dag.py:3490} INFO - Setting next_dagrun for example_external_task_marker_parent to None, run_after=None
[2023-07-02T02:13:09.744+0000] {processor.py:179} INFO - Processing /home/airflow/.local/lib/python3.7/site-packages/airflow/example_dags/example_external_task_marker_dag.py took 0.211 seconds
[2023-07-02T02:13:40.325+0000] {processor.py:157} INFO - Started process (PID=158) to work on /home/airflow/.local/lib/python3.7/site-packages/airflow/example_dags/example_external_task_marker_dag.py
[2023-07-02T02:13:40.326+0000] {processor.py:826} INFO - Processing file /home/airflow/.local/lib/python3.7/site-packages/airflow/example_dags/example_external_task_marker_dag.py for tasks to queue
[2023-07-02T02:13:40.328+0000] {logging_mixin.py:149} INFO - [2023-07-02T02:13:40.328+0000] {dagbag.py:541} INFO - Filling up the DagBag from /home/airflow/.local/lib/python3.7/site-packages/airflow/example_dags/example_external_task_marker_dag.py
[2023-07-02T02:13:40.337+0000] {processor.py:836} INFO - DAG(s) dict_keys(['example_external_task_marker_parent', 'example_external_task_marker_child']) retrieved from /home/airflow/.local/lib/python3.7/site-packages/airflow/example_dags/example_external_task_marker_dag.py
[2023-07-02T02:13:40.377+0000] {logging_mixin.py:149} INFO - [2023-07-02T02:13:40.377+0000] {dag.py:2726} INFO - Sync 2 DAGs
[2023-07-02T02:13:40.412+0000] {logging_mixin.py:149} INFO - [2023-07-02T02:13:40.412+0000] {dag.py:3490} INFO - Setting next_dagrun for example_external_task_marker_child to None, run_after=None
[2023-07-02T02:13:40.417+0000] {logging_mixin.py:149} INFO - [2023-07-02T02:13:40.417+0000] {dag.py:3490} INFO - Setting next_dagrun for example_external_task_marker_parent to None, run_after=None
[2023-07-02T02:13:40.438+0000] {processor.py:179} INFO - Processing /home/airflow/.local/lib/python3.7/site-packages/airflow/example_dags/example_external_task_marker_dag.py took 0.118 seconds
[2023-07-02T02:14:10.848+0000] {processor.py:157} INFO - Started process (PID=216) to work on /home/airflow/.local/lib/python3.7/site-packages/airflow/example_dags/example_external_task_marker_dag.py
[2023-07-02T02:14:10.849+0000] {processor.py:826} INFO - Processing file /home/airflow/.local/lib/python3.7/site-packages/airflow/example_dags/example_external_task_marker_dag.py for tasks to queue
[2023-07-02T02:14:10.851+0000] {logging_mixin.py:149} INFO - [2023-07-02T02:14:10.850+0000] {dagbag.py:541} INFO - Filling up the DagBag from /home/airflow/.local/lib/python3.7/site-packages/airflow/example_dags/example_external_task_marker_dag.py
[2023-07-02T02:14:10.858+0000] {processor.py:836} INFO - DAG(s) dict_keys(['example_external_task_marker_parent', 'example_external_task_marker_child']) retrieved from /home/airflow/.local/lib/python3.7/site-packages/airflow/example_dags/example_external_task_marker_dag.py
[2023-07-02T02:14:10.894+0000] {logging_mixin.py:149} INFO - [2023-07-02T02:14:10.894+0000] {dag.py:2726} INFO - Sync 2 DAGs
[2023-07-02T02:14:10.925+0000] {logging_mixin.py:149} INFO - [2023-07-02T02:14:10.925+0000] {dag.py:3490} INFO - Setting next_dagrun for example_external_task_marker_child to None, run_after=None
[2023-07-02T02:14:10.930+0000] {logging_mixin.py:149} INFO - [2023-07-02T02:14:10.930+0000] {dag.py:3490} INFO - Setting next_dagrun for example_external_task_marker_parent to None, run_after=None
[2023-07-02T02:14:10.952+0000] {processor.py:179} INFO - Processing /home/airflow/.local/lib/python3.7/site-packages/airflow/example_dags/example_external_task_marker_dag.py took 0.108 seconds
[2023-07-02T02:14:41.777+0000] {processor.py:157} INFO - Started process (PID=274) to work on /home/airflow/.local/lib/python3.7/site-packages/airflow/example_dags/example_external_task_marker_dag.py
[2023-07-02T02:14:41.778+0000] {processor.py:826} INFO - Processing file /home/airflow/.local/lib/python3.7/site-packages/airflow/example_dags/example_external_task_marker_dag.py for tasks to queue
[2023-07-02T02:14:41.779+0000] {logging_mixin.py:149} INFO - [2023-07-02T02:14:41.779+0000] {dagbag.py:541} INFO - Filling up the DagBag from /home/airflow/.local/lib/python3.7/site-packages/airflow/example_dags/example_external_task_marker_dag.py
[2023-07-02T02:14:41.787+0000] {processor.py:836} INFO - DAG(s) dict_keys(['example_external_task_marker_child', 'example_external_task_marker_parent']) retrieved from /home/airflow/.local/lib/python3.7/site-packages/airflow/example_dags/example_external_task_marker_dag.py
[2023-07-02T02:14:41.989+0000] {logging_mixin.py:149} INFO - [2023-07-02T02:14:41.989+0000] {dag.py:2726} INFO - Sync 2 DAGs
[2023-07-02T02:14:42.025+0000] {logging_mixin.py:149} INFO - [2023-07-02T02:14:42.025+0000] {dag.py:3490} INFO - Setting next_dagrun for example_external_task_marker_child to None, run_after=None
[2023-07-02T02:14:42.029+0000] {logging_mixin.py:149} INFO - [2023-07-02T02:14:42.029+0000] {dag.py:3490} INFO - Setting next_dagrun for example_external_task_marker_parent to None, run_after=None
[2023-07-02T02:14:42.057+0000] {processor.py:179} INFO - Processing /home/airflow/.local/lib/python3.7/site-packages/airflow/example_dags/example_external_task_marker_dag.py took 0.286 seconds
[2023-07-02T02:15:12.724+0000] {processor.py:157} INFO - Started process (PID=332) to work on /home/airflow/.local/lib/python3.7/site-packages/airflow/example_dags/example_external_task_marker_dag.py
[2023-07-02T02:15:12.725+0000] {processor.py:826} INFO - Processing file /home/airflow/.local/lib/python3.7/site-packages/airflow/example_dags/example_external_task_marker_dag.py for tasks to queue
[2023-07-02T02:15:12.726+0000] {logging_mixin.py:149} INFO - [2023-07-02T02:15:12.726+0000] {dagbag.py:541} INFO - Filling up the DagBag from /home/airflow/.local/lib/python3.7/site-packages/airflow/example_dags/example_external_task_marker_dag.py
[2023-07-02T02:15:12.732+0000] {processor.py:836} INFO - DAG(s) dict_keys(['example_external_task_marker_child', 'example_external_task_marker_parent']) retrieved from /home/airflow/.local/lib/python3.7/site-packages/airflow/example_dags/example_external_task_marker_dag.py
[2023-07-02T02:15:12.767+0000] {logging_mixin.py:149} INFO - [2023-07-02T02:15:12.766+0000] {dag.py:2726} INFO - Sync 2 DAGs
[2023-07-02T02:15:12.798+0000] {logging_mixin.py:149} INFO - [2023-07-02T02:15:12.798+0000] {dag.py:3490} INFO - Setting next_dagrun for example_external_task_marker_child to None, run_after=None
[2023-07-02T02:15:12.802+0000] {logging_mixin.py:149} INFO - [2023-07-02T02:15:12.802+0000] {dag.py:3490} INFO - Setting next_dagrun for example_external_task_marker_parent to None, run_after=None
[2023-07-02T02:15:12.823+0000] {processor.py:179} INFO - Processing /home/airflow/.local/lib/python3.7/site-packages/airflow/example_dags/example_external_task_marker_dag.py took 0.102 seconds
[2023-07-02T02:15:43.113+0000] {processor.py:157} INFO - Started process (PID=389) to work on /home/airflow/.local/lib/python3.7/site-packages/airflow/example_dags/example_external_task_marker_dag.py
[2023-07-02T02:15:43.114+0000] {processor.py:826} INFO - Processing file /home/airflow/.local/lib/python3.7/site-packages/airflow/example_dags/example_external_task_marker_dag.py for tasks to queue
[2023-07-02T02:15:43.115+0000] {logging_mixin.py:149} INFO - [2023-07-02T02:15:43.115+0000] {dagbag.py:541} INFO - Filling up the DagBag from /home/airflow/.local/lib/python3.7/site-packages/airflow/example_dags/example_external_task_marker_dag.py
[2023-07-02T02:15:43.122+0000] {processor.py:836} INFO - DAG(s) dict_keys(['example_external_task_marker_child', 'example_external_task_marker_parent']) retrieved from /home/airflow/.local/lib/python3.7/site-packages/airflow/example_dags/example_external_task_marker_dag.py
[2023-07-02T02:15:43.272+0000] {logging_mixin.py:149} INFO - [2023-07-02T02:15:43.272+0000] {dag.py:2726} INFO - Sync 2 DAGs
[2023-07-02T02:15:43.300+0000] {logging_mixin.py:149} INFO - [2023-07-02T02:15:43.300+0000] {dag.py:3490} INFO - Setting next_dagrun for example_external_task_marker_child to None, run_after=None
[2023-07-02T02:15:43.304+0000] {logging_mixin.py:149} INFO - [2023-07-02T02:15:43.304+0000] {dag.py:3490} INFO - Setting next_dagrun for example_external_task_marker_parent to None, run_after=None
[2023-07-02T02:15:43.330+0000] {processor.py:179} INFO - Processing /home/airflow/.local/lib/python3.7/site-packages/airflow/example_dags/example_external_task_marker_dag.py took 0.221 seconds
[2023-07-02T02:16:13.616+0000] {processor.py:157} INFO - Started process (PID=447) to work on /home/airflow/.local/lib/python3.7/site-packages/airflow/example_dags/example_external_task_marker_dag.py
[2023-07-02T02:16:13.617+0000] {processor.py:826} INFO - Processing file /home/airflow/.local/lib/python3.7/site-packages/airflow/example_dags/example_external_task_marker_dag.py for tasks to queue
[2023-07-02T02:16:13.618+0000] {logging_mixin.py:149} INFO - [2023-07-02T02:16:13.618+0000] {dagbag.py:541} INFO - Filling up the DagBag from /home/airflow/.local/lib/python3.7/site-packages/airflow/example_dags/example_external_task_marker_dag.py
[2023-07-02T02:16:13.624+0000] {processor.py:836} INFO - DAG(s) dict_keys(['example_external_task_marker_child', 'example_external_task_marker_parent']) retrieved from /home/airflow/.local/lib/python3.7/site-packages/airflow/example_dags/example_external_task_marker_dag.py
[2023-07-02T02:16:13.659+0000] {logging_mixin.py:149} INFO - [2023-07-02T02:16:13.659+0000] {dag.py:2726} INFO - Sync 2 DAGs
[2023-07-02T02:16:13.689+0000] {logging_mixin.py:149} INFO - [2023-07-02T02:16:13.689+0000] {dag.py:3490} INFO - Setting next_dagrun for example_external_task_marker_child to None, run_after=None
[2023-07-02T02:16:13.694+0000] {logging_mixin.py:149} INFO - [2023-07-02T02:16:13.694+0000] {dag.py:3490} INFO - Setting next_dagrun for example_external_task_marker_parent to None, run_after=None
[2023-07-02T02:16:13.717+0000] {processor.py:179} INFO - Processing /home/airflow/.local/lib/python3.7/site-packages/airflow/example_dags/example_external_task_marker_dag.py took 0.105 seconds
[2023-07-02T02:16:44.135+0000] {processor.py:157} INFO - Started process (PID=506) to work on /home/airflow/.local/lib/python3.7/site-packages/airflow/example_dags/example_external_task_marker_dag.py
[2023-07-02T02:16:44.136+0000] {processor.py:826} INFO - Processing file /home/airflow/.local/lib/python3.7/site-packages/airflow/example_dags/example_external_task_marker_dag.py for tasks to queue
[2023-07-02T02:16:44.138+0000] {logging_mixin.py:149} INFO - [2023-07-02T02:16:44.138+0000] {dagbag.py:541} INFO - Filling up the DagBag from /home/airflow/.local/lib/python3.7/site-packages/airflow/example_dags/example_external_task_marker_dag.py
[2023-07-02T02:16:44.147+0000] {processor.py:836} INFO - DAG(s) dict_keys(['example_external_task_marker_child', 'example_external_task_marker_parent']) retrieved from /home/airflow/.local/lib/python3.7/site-packages/airflow/example_dags/example_external_task_marker_dag.py
[2023-07-02T02:16:44.198+0000] {logging_mixin.py:149} INFO - [2023-07-02T02:16:44.198+0000] {dag.py:2726} INFO - Sync 2 DAGs
[2023-07-02T02:16:44.252+0000] {logging_mixin.py:149} INFO - [2023-07-02T02:16:44.251+0000] {dag.py:3490} INFO - Setting next_dagrun for example_external_task_marker_child to None, run_after=None
[2023-07-02T02:16:44.260+0000] {logging_mixin.py:149} INFO - [2023-07-02T02:16:44.260+0000] {dag.py:3490} INFO - Setting next_dagrun for example_external_task_marker_parent to None, run_after=None
[2023-07-02T02:16:44.292+0000] {processor.py:179} INFO - Processing /home/airflow/.local/lib/python3.7/site-packages/airflow/example_dags/example_external_task_marker_dag.py took 0.162 seconds
[2023-07-02T02:17:14.468+0000] {processor.py:157} INFO - Started process (PID=565) to work on /home/airflow/.local/lib/python3.7/site-packages/airflow/example_dags/example_external_task_marker_dag.py
[2023-07-02T02:17:14.471+0000] {processor.py:826} INFO - Processing file /home/airflow/.local/lib/python3.7/site-packages/airflow/example_dags/example_external_task_marker_dag.py for tasks to queue
[2023-07-02T02:17:14.476+0000] {logging_mixin.py:149} INFO - [2023-07-02T02:17:14.475+0000] {dagbag.py:541} INFO - Filling up the DagBag from /home/airflow/.local/lib/python3.7/site-packages/airflow/example_dags/example_external_task_marker_dag.py
[2023-07-02T02:17:14.503+0000] {processor.py:836} INFO - DAG(s) dict_keys(['example_external_task_marker_parent', 'example_external_task_marker_child']) retrieved from /home/airflow/.local/lib/python3.7/site-packages/airflow/example_dags/example_external_task_marker_dag.py
[2023-07-02T02:17:14.580+0000] {logging_mixin.py:149} INFO - [2023-07-02T02:17:14.580+0000] {dag.py:2726} INFO - Sync 2 DAGs
[2023-07-02T02:17:14.678+0000] {logging_mixin.py:149} INFO - [2023-07-02T02:17:14.678+0000] {dag.py:3490} INFO - Setting next_dagrun for example_external_task_marker_child to None, run_after=None
[2023-07-02T02:17:14.697+0000] {logging_mixin.py:149} INFO - [2023-07-02T02:17:14.697+0000] {dag.py:3490} INFO - Setting next_dagrun for example_external_task_marker_parent to None, run_after=None
[2023-07-02T02:17:14.770+0000] {processor.py:179} INFO - Processing /home/airflow/.local/lib/python3.7/site-packages/airflow/example_dags/example_external_task_marker_dag.py took 0.313 seconds
[2023-07-02T02:17:44.882+0000] {processor.py:157} INFO - Started process (PID=625) to work on /home/airflow/.local/lib/python3.7/site-packages/airflow/example_dags/example_external_task_marker_dag.py
[2023-07-02T02:17:44.886+0000] {processor.py:826} INFO - Processing file /home/airflow/.local/lib/python3.7/site-packages/airflow/example_dags/example_external_task_marker_dag.py for tasks to queue
[2023-07-02T02:17:44.889+0000] {logging_mixin.py:149} INFO - [2023-07-02T02:17:44.888+0000] {dagbag.py:541} INFO - Filling up the DagBag from /home/airflow/.local/lib/python3.7/site-packages/airflow/example_dags/example_external_task_marker_dag.py
[2023-07-02T02:17:44.901+0000] {processor.py:836} INFO - DAG(s) dict_keys(['example_external_task_marker_parent', 'example_external_task_marker_child']) retrieved from /home/airflow/.local/lib/python3.7/site-packages/airflow/example_dags/example_external_task_marker_dag.py
[2023-07-02T02:17:44.953+0000] {logging_mixin.py:149} INFO - [2023-07-02T02:17:44.953+0000] {dag.py:2726} INFO - Sync 2 DAGs
[2023-07-02T02:17:44.992+0000] {logging_mixin.py:149} INFO - [2023-07-02T02:17:44.992+0000] {dag.py:3490} INFO - Setting next_dagrun for example_external_task_marker_child to None, run_after=None
[2023-07-02T02:17:44.997+0000] {logging_mixin.py:149} INFO - [2023-07-02T02:17:44.996+0000] {dag.py:3490} INFO - Setting next_dagrun for example_external_task_marker_parent to None, run_after=None
[2023-07-02T02:17:45.018+0000] {processor.py:179} INFO - Processing /home/airflow/.local/lib/python3.7/site-packages/airflow/example_dags/example_external_task_marker_dag.py took 0.142 seconds
[2023-07-02T02:18:15.278+0000] {processor.py:157} INFO - Started process (PID=682) to work on /home/airflow/.local/lib/python3.7/site-packages/airflow/example_dags/example_external_task_marker_dag.py
[2023-07-02T02:18:15.280+0000] {processor.py:826} INFO - Processing file /home/airflow/.local/lib/python3.7/site-packages/airflow/example_dags/example_external_task_marker_dag.py for tasks to queue
[2023-07-02T02:18:15.281+0000] {logging_mixin.py:149} INFO - [2023-07-02T02:18:15.281+0000] {dagbag.py:541} INFO - Filling up the DagBag from /home/airflow/.local/lib/python3.7/site-packages/airflow/example_dags/example_external_task_marker_dag.py
[2023-07-02T02:18:15.288+0000] {processor.py:836} INFO - DAG(s) dict_keys(['example_external_task_marker_parent', 'example_external_task_marker_child']) retrieved from /home/airflow/.local/lib/python3.7/site-packages/airflow/example_dags/example_external_task_marker_dag.py
[2023-07-02T02:18:15.326+0000] {logging_mixin.py:149} INFO - [2023-07-02T02:18:15.326+0000] {dag.py:2726} INFO - Sync 2 DAGs
[2023-07-02T02:18:15.357+0000] {logging_mixin.py:149} INFO - [2023-07-02T02:18:15.357+0000] {dag.py:3490} INFO - Setting next_dagrun for example_external_task_marker_child to None, run_after=None
[2023-07-02T02:18:15.362+0000] {logging_mixin.py:149} INFO - [2023-07-02T02:18:15.362+0000] {dag.py:3490} INFO - Setting next_dagrun for example_external_task_marker_parent to None, run_after=None
[2023-07-02T02:18:15.384+0000] {processor.py:179} INFO - Processing /home/airflow/.local/lib/python3.7/site-packages/airflow/example_dags/example_external_task_marker_dag.py took 0.110 seconds
[2023-07-02T02:18:45.796+0000] {processor.py:157} INFO - Started process (PID=740) to work on /home/airflow/.local/lib/python3.7/site-packages/airflow/example_dags/example_external_task_marker_dag.py
[2023-07-02T02:18:45.797+0000] {processor.py:826} INFO - Processing file /home/airflow/.local/lib/python3.7/site-packages/airflow/example_dags/example_external_task_marker_dag.py for tasks to queue
[2023-07-02T02:18:45.798+0000] {logging_mixin.py:149} INFO - [2023-07-02T02:18:45.798+0000] {dagbag.py:541} INFO - Filling up the DagBag from /home/airflow/.local/lib/python3.7/site-packages/airflow/example_dags/example_external_task_marker_dag.py
[2023-07-02T02:18:45.806+0000] {processor.py:836} INFO - DAG(s) dict_keys(['example_external_task_marker_child', 'example_external_task_marker_parent']) retrieved from /home/airflow/.local/lib/python3.7/site-packages/airflow/example_dags/example_external_task_marker_dag.py
[2023-07-02T02:18:45.841+0000] {logging_mixin.py:149} INFO - [2023-07-02T02:18:45.841+0000] {dag.py:2726} INFO - Sync 2 DAGs
[2023-07-02T02:18:45.874+0000] {logging_mixin.py:149} INFO - [2023-07-02T02:18:45.873+0000] {dag.py:3490} INFO - Setting next_dagrun for example_external_task_marker_child to None, run_after=None
[2023-07-02T02:18:45.878+0000] {logging_mixin.py:149} INFO - [2023-07-02T02:18:45.878+0000] {dag.py:3490} INFO - Setting next_dagrun for example_external_task_marker_parent to None, run_after=None
[2023-07-02T02:18:45.900+0000] {processor.py:179} INFO - Processing /home/airflow/.local/lib/python3.7/site-packages/airflow/example_dags/example_external_task_marker_dag.py took 0.108 seconds
[2023-07-02T02:19:16.139+0000] {processor.py:157} INFO - Started process (PID=797) to work on /home/airflow/.local/lib/python3.7/site-packages/airflow/example_dags/example_external_task_marker_dag.py
[2023-07-02T02:19:16.141+0000] {processor.py:826} INFO - Processing file /home/airflow/.local/lib/python3.7/site-packages/airflow/example_dags/example_external_task_marker_dag.py for tasks to queue
[2023-07-02T02:19:16.142+0000] {logging_mixin.py:149} INFO - [2023-07-02T02:19:16.142+0000] {dagbag.py:541} INFO - Filling up the DagBag from /home/airflow/.local/lib/python3.7/site-packages/airflow/example_dags/example_external_task_marker_dag.py
[2023-07-02T02:19:16.149+0000] {processor.py:836} INFO - DAG(s) dict_keys(['example_external_task_marker_child', 'example_external_task_marker_parent']) retrieved from /home/airflow/.local/lib/python3.7/site-packages/airflow/example_dags/example_external_task_marker_dag.py
[2023-07-02T02:19:16.187+0000] {logging_mixin.py:149} INFO - [2023-07-02T02:19:16.187+0000] {dag.py:2726} INFO - Sync 2 DAGs
[2023-07-02T02:19:16.225+0000] {logging_mixin.py:149} INFO - [2023-07-02T02:19:16.225+0000] {dag.py:3490} INFO - Setting next_dagrun for example_external_task_marker_child to None, run_after=None
[2023-07-02T02:19:16.230+0000] {logging_mixin.py:149} INFO - [2023-07-02T02:19:16.230+0000] {dag.py:3490} INFO - Setting next_dagrun for example_external_task_marker_parent to None, run_after=None
[2023-07-02T02:19:16.252+0000] {processor.py:179} INFO - Processing /home/airflow/.local/lib/python3.7/site-packages/airflow/example_dags/example_external_task_marker_dag.py took 0.118 seconds
[2023-07-02T02:19:47.114+0000] {processor.py:157} INFO - Started process (PID=855) to work on /home/airflow/.local/lib/python3.7/site-packages/airflow/example_dags/example_external_task_marker_dag.py
[2023-07-02T02:19:47.115+0000] {processor.py:826} INFO - Processing file /home/airflow/.local/lib/python3.7/site-packages/airflow/example_dags/example_external_task_marker_dag.py for tasks to queue
[2023-07-02T02:19:47.116+0000] {logging_mixin.py:149} INFO - [2023-07-02T02:19:47.116+0000] {dagbag.py:541} INFO - Filling up the DagBag from /home/airflow/.local/lib/python3.7/site-packages/airflow/example_dags/example_external_task_marker_dag.py
[2023-07-02T02:19:47.124+0000] {processor.py:836} INFO - DAG(s) dict_keys(['example_external_task_marker_child', 'example_external_task_marker_parent']) retrieved from /home/airflow/.local/lib/python3.7/site-packages/airflow/example_dags/example_external_task_marker_dag.py
[2023-07-02T02:19:47.162+0000] {logging_mixin.py:149} INFO - [2023-07-02T02:19:47.162+0000] {dag.py:2726} INFO - Sync 2 DAGs
[2023-07-02T02:19:47.196+0000] {logging_mixin.py:149} INFO - [2023-07-02T02:19:47.196+0000] {dag.py:3490} INFO - Setting next_dagrun for example_external_task_marker_child to None, run_after=None
[2023-07-02T02:19:47.200+0000] {logging_mixin.py:149} INFO - [2023-07-02T02:19:47.200+0000] {dag.py:3490} INFO - Setting next_dagrun for example_external_task_marker_parent to None, run_after=None
[2023-07-02T02:19:47.223+0000] {processor.py:179} INFO - Processing /home/airflow/.local/lib/python3.7/site-packages/airflow/example_dags/example_external_task_marker_dag.py took 0.113 seconds
[2023-07-02T02:20:17.610+0000] {processor.py:157} INFO - Started process (PID=914) to work on /home/airflow/.local/lib/python3.7/site-packages/airflow/example_dags/example_external_task_marker_dag.py
[2023-07-02T02:20:17.612+0000] {processor.py:826} INFO - Processing file /home/airflow/.local/lib/python3.7/site-packages/airflow/example_dags/example_external_task_marker_dag.py for tasks to queue
[2023-07-02T02:20:17.613+0000] {logging_mixin.py:149} INFO - [2023-07-02T02:20:17.613+0000] {dagbag.py:541} INFO - Filling up the DagBag from /home/airflow/.local/lib/python3.7/site-packages/airflow/example_dags/example_external_task_marker_dag.py
[2023-07-02T02:20:17.621+0000] {processor.py:836} INFO - DAG(s) dict_keys(['example_external_task_marker_parent', 'example_external_task_marker_child']) retrieved from /home/airflow/.local/lib/python3.7/site-packages/airflow/example_dags/example_external_task_marker_dag.py
[2023-07-02T02:20:17.659+0000] {logging_mixin.py:149} INFO - [2023-07-02T02:20:17.659+0000] {dag.py:2726} INFO - Sync 2 DAGs
[2023-07-02T02:20:17.693+0000] {logging_mixin.py:149} INFO - [2023-07-02T02:20:17.692+0000] {dag.py:3490} INFO - Setting next_dagrun for example_external_task_marker_child to None, run_after=None
[2023-07-02T02:20:17.697+0000] {logging_mixin.py:149} INFO - [2023-07-02T02:20:17.697+0000] {dag.py:3490} INFO - Setting next_dagrun for example_external_task_marker_parent to None, run_after=None
[2023-07-02T02:20:17.718+0000] {processor.py:179} INFO - Processing /home/airflow/.local/lib/python3.7/site-packages/airflow/example_dags/example_external_task_marker_dag.py took 0.112 seconds
[2023-07-02T02:20:48.027+0000] {processor.py:157} INFO - Started process (PID=972) to work on /home/airflow/.local/lib/python3.7/site-packages/airflow/example_dags/example_external_task_marker_dag.py
[2023-07-02T02:20:48.029+0000] {processor.py:826} INFO - Processing file /home/airflow/.local/lib/python3.7/site-packages/airflow/example_dags/example_external_task_marker_dag.py for tasks to queue
[2023-07-02T02:20:48.030+0000] {logging_mixin.py:149} INFO - [2023-07-02T02:20:48.030+0000] {dagbag.py:541} INFO - Filling up the DagBag from /home/airflow/.local/lib/python3.7/site-packages/airflow/example_dags/example_external_task_marker_dag.py
[2023-07-02T02:20:48.037+0000] {processor.py:836} INFO - DAG(s) dict_keys(['example_external_task_marker_child', 'example_external_task_marker_parent']) retrieved from /home/airflow/.local/lib/python3.7/site-packages/airflow/example_dags/example_external_task_marker_dag.py
[2023-07-02T02:20:48.076+0000] {logging_mixin.py:149} INFO - [2023-07-02T02:20:48.075+0000] {dag.py:2726} INFO - Sync 2 DAGs
[2023-07-02T02:20:48.110+0000] {logging_mixin.py:149} INFO - [2023-07-02T02:20:48.110+0000] {dag.py:3490} INFO - Setting next_dagrun for example_external_task_marker_child to None, run_after=None
[2023-07-02T02:20:48.115+0000] {logging_mixin.py:149} INFO - [2023-07-02T02:20:48.115+0000] {dag.py:3490} INFO - Setting next_dagrun for example_external_task_marker_parent to None, run_after=None
[2023-07-02T02:20:48.136+0000] {processor.py:179} INFO - Processing /home/airflow/.local/lib/python3.7/site-packages/airflow/example_dags/example_external_task_marker_dag.py took 0.113 seconds
[2023-07-02T02:21:18.328+0000] {processor.py:157} INFO - Started process (PID=1030) to work on /home/airflow/.local/lib/python3.7/site-packages/airflow/example_dags/example_external_task_marker_dag.py
[2023-07-02T02:21:18.329+0000] {processor.py:826} INFO - Processing file /home/airflow/.local/lib/python3.7/site-packages/airflow/example_dags/example_external_task_marker_dag.py for tasks to queue
[2023-07-02T02:21:18.330+0000] {logging_mixin.py:149} INFO - [2023-07-02T02:21:18.330+0000] {dagbag.py:541} INFO - Filling up the DagBag from /home/airflow/.local/lib/python3.7/site-packages/airflow/example_dags/example_external_task_marker_dag.py
[2023-07-02T02:21:18.338+0000] {processor.py:836} INFO - DAG(s) dict_keys(['example_external_task_marker_child', 'example_external_task_marker_parent']) retrieved from /home/airflow/.local/lib/python3.7/site-packages/airflow/example_dags/example_external_task_marker_dag.py
[2023-07-02T02:21:18.378+0000] {logging_mixin.py:149} INFO - [2023-07-02T02:21:18.378+0000] {dag.py:2726} INFO - Sync 2 DAGs
[2023-07-02T02:21:18.411+0000] {logging_mixin.py:149} INFO - [2023-07-02T02:21:18.411+0000] {dag.py:3490} INFO - Setting next_dagrun for example_external_task_marker_child to None, run_after=None
[2023-07-02T02:21:18.415+0000] {logging_mixin.py:149} INFO - [2023-07-02T02:21:18.415+0000] {dag.py:3490} INFO - Setting next_dagrun for example_external_task_marker_parent to None, run_after=None
[2023-07-02T02:21:18.437+0000] {processor.py:179} INFO - Processing /home/airflow/.local/lib/python3.7/site-packages/airflow/example_dags/example_external_task_marker_dag.py took 0.113 seconds
