[2023-07-02T01:19:11.115+0000] {processor.py:157} INFO - Started process (PID=45) to work on /home/airflow/.local/lib/python3.7/site-packages/airflow/example_dags/example_branch_python_dop_operator_3.py
[2023-07-02T01:19:11.117+0000] {processor.py:826} INFO - Processing file /home/airflow/.local/lib/python3.7/site-packages/airflow/example_dags/example_branch_python_dop_operator_3.py for tasks to queue
[2023-07-02T01:19:11.119+0000] {logging_mixin.py:149} INFO - [2023-07-02T01:19:11.118+0000] {dagbag.py:541} INFO - Filling up the DagBag from /home/airflow/.local/lib/python3.7/site-packages/airflow/example_dags/example_branch_python_dop_operator_3.py
[2023-07-02T01:19:11.145+0000] {processor.py:836} INFO - DAG(s) dict_keys(['example_branch_dop_operator_v3']) retrieved from /home/airflow/.local/lib/python3.7/site-packages/airflow/example_dags/example_branch_python_dop_operator_3.py
[2023-07-02T01:19:11.598+0000] {logging_mixin.py:149} INFO - [2023-07-02T01:19:11.598+0000] {manager.py:504} INFO - Created Permission View: can delete on DAG:example_branch_dop_operator_v3
[2023-07-02T01:19:11.641+0000] {logging_mixin.py:149} INFO - [2023-07-02T01:19:11.640+0000] {manager.py:504} INFO - Created Permission View: can edit on DAG:example_branch_dop_operator_v3
[2023-07-02T01:19:11.659+0000] {logging_mixin.py:149} INFO - [2023-07-02T01:19:11.658+0000] {manager.py:504} INFO - Created Permission View: can read on DAG:example_branch_dop_operator_v3
[2023-07-02T01:19:11.698+0000] {logging_mixin.py:149} INFO - [2023-07-02T01:19:11.698+0000] {dag.py:2726} INFO - Sync 1 DAGs
[2023-07-02T01:19:11.736+0000] {logging_mixin.py:149} INFO - [2023-07-02T01:19:11.735+0000] {dag.py:2747} INFO - Creating ORM DAG for example_branch_dop_operator_v3
[2023-07-02T01:19:11.785+0000] {logging_mixin.py:149} INFO - [2023-07-02T01:19:11.785+0000] {dag.py:3490} INFO - Setting next_dagrun for example_branch_dop_operator_v3 to 2023-07-02T01:18:00+00:00, run_after=2023-07-02T01:19:00+00:00
[2023-07-02T01:19:11.826+0000] {processor.py:179} INFO - Processing /home/airflow/.local/lib/python3.7/site-packages/airflow/example_dags/example_branch_python_dop_operator_3.py took 0.718 seconds
[2023-07-02T01:19:51.783+0000] {processor.py:157} INFO - Started process (PID=102) to work on /home/airflow/.local/lib/python3.7/site-packages/airflow/example_dags/example_branch_python_dop_operator_3.py
[2023-07-02T01:19:51.795+0000] {processor.py:826} INFO - Processing file /home/airflow/.local/lib/python3.7/site-packages/airflow/example_dags/example_branch_python_dop_operator_3.py for tasks to queue
[2023-07-02T01:19:51.799+0000] {logging_mixin.py:149} INFO - [2023-07-02T01:19:51.798+0000] {dagbag.py:541} INFO - Filling up the DagBag from /home/airflow/.local/lib/python3.7/site-packages/airflow/example_dags/example_branch_python_dop_operator_3.py
[2023-07-02T01:19:51.831+0000] {processor.py:836} INFO - DAG(s) dict_keys(['example_branch_dop_operator_v3']) retrieved from /home/airflow/.local/lib/python3.7/site-packages/airflow/example_dags/example_branch_python_dop_operator_3.py
[2023-07-02T01:19:51.951+0000] {logging_mixin.py:149} INFO - [2023-07-02T01:19:51.951+0000] {dag.py:2726} INFO - Sync 1 DAGs
[2023-07-02T01:19:52.067+0000] {logging_mixin.py:149} INFO - [2023-07-02T01:19:52.067+0000] {dag.py:3490} INFO - Setting next_dagrun for example_branch_dop_operator_v3 to 2023-07-02T01:18:00+00:00, run_after=2023-07-02T01:19:00+00:00
[2023-07-02T01:19:52.145+0000] {processor.py:179} INFO - Processing /home/airflow/.local/lib/python3.7/site-packages/airflow/example_dags/example_branch_python_dop_operator_3.py took 0.376 seconds
[2023-07-02T01:20:22.890+0000] {processor.py:157} INFO - Started process (PID=167) to work on /home/airflow/.local/lib/python3.7/site-packages/airflow/example_dags/example_branch_python_dop_operator_3.py
[2023-07-02T01:20:22.892+0000] {processor.py:826} INFO - Processing file /home/airflow/.local/lib/python3.7/site-packages/airflow/example_dags/example_branch_python_dop_operator_3.py for tasks to queue
[2023-07-02T01:20:22.894+0000] {logging_mixin.py:149} INFO - [2023-07-02T01:20:22.893+0000] {dagbag.py:541} INFO - Filling up the DagBag from /home/airflow/.local/lib/python3.7/site-packages/airflow/example_dags/example_branch_python_dop_operator_3.py
[2023-07-02T01:20:22.914+0000] {processor.py:836} INFO - DAG(s) dict_keys(['example_branch_dop_operator_v3']) retrieved from /home/airflow/.local/lib/python3.7/site-packages/airflow/example_dags/example_branch_python_dop_operator_3.py
[2023-07-02T01:20:22.981+0000] {logging_mixin.py:149} INFO - [2023-07-02T01:20:22.980+0000] {dag.py:2726} INFO - Sync 1 DAGs
[2023-07-02T01:20:23.050+0000] {logging_mixin.py:149} INFO - [2023-07-02T01:20:23.050+0000] {dag.py:3490} INFO - Setting next_dagrun for example_branch_dop_operator_v3 to 2023-07-02T01:19:00+00:00, run_after=2023-07-02T01:20:00+00:00
[2023-07-02T01:20:23.098+0000] {processor.py:179} INFO - Processing /home/airflow/.local/lib/python3.7/site-packages/airflow/example_dags/example_branch_python_dop_operator_3.py took 0.216 seconds
[2023-07-02T01:20:53.502+0000] {processor.py:157} INFO - Started process (PID=226) to work on /home/airflow/.local/lib/python3.7/site-packages/airflow/example_dags/example_branch_python_dop_operator_3.py
[2023-07-02T01:20:53.505+0000] {processor.py:826} INFO - Processing file /home/airflow/.local/lib/python3.7/site-packages/airflow/example_dags/example_branch_python_dop_operator_3.py for tasks to queue
[2023-07-02T01:20:53.506+0000] {logging_mixin.py:149} INFO - [2023-07-02T01:20:53.506+0000] {dagbag.py:541} INFO - Filling up the DagBag from /home/airflow/.local/lib/python3.7/site-packages/airflow/example_dags/example_branch_python_dop_operator_3.py
[2023-07-02T01:20:53.526+0000] {processor.py:836} INFO - DAG(s) dict_keys(['example_branch_dop_operator_v3']) retrieved from /home/airflow/.local/lib/python3.7/site-packages/airflow/example_dags/example_branch_python_dop_operator_3.py
[2023-07-02T01:20:53.594+0000] {logging_mixin.py:149} INFO - [2023-07-02T01:20:53.593+0000] {dag.py:2726} INFO - Sync 1 DAGs
[2023-07-02T01:20:53.656+0000] {logging_mixin.py:149} INFO - [2023-07-02T01:20:53.655+0000] {dag.py:3490} INFO - Setting next_dagrun for example_branch_dop_operator_v3 to 2023-07-02T01:19:00+00:00, run_after=2023-07-02T01:20:00+00:00
[2023-07-02T01:20:53.700+0000] {processor.py:179} INFO - Processing /home/airflow/.local/lib/python3.7/site-packages/airflow/example_dags/example_branch_python_dop_operator_3.py took 0.208 seconds
[2023-07-02T01:21:24.414+0000] {processor.py:157} INFO - Started process (PID=285) to work on /home/airflow/.local/lib/python3.7/site-packages/airflow/example_dags/example_branch_python_dop_operator_3.py
[2023-07-02T01:21:24.416+0000] {processor.py:826} INFO - Processing file /home/airflow/.local/lib/python3.7/site-packages/airflow/example_dags/example_branch_python_dop_operator_3.py for tasks to queue
[2023-07-02T01:21:24.418+0000] {logging_mixin.py:149} INFO - [2023-07-02T01:21:24.417+0000] {dagbag.py:541} INFO - Filling up the DagBag from /home/airflow/.local/lib/python3.7/site-packages/airflow/example_dags/example_branch_python_dop_operator_3.py
[2023-07-02T01:21:24.435+0000] {processor.py:836} INFO - DAG(s) dict_keys(['example_branch_dop_operator_v3']) retrieved from /home/airflow/.local/lib/python3.7/site-packages/airflow/example_dags/example_branch_python_dop_operator_3.py
[2023-07-02T01:21:24.496+0000] {logging_mixin.py:149} INFO - [2023-07-02T01:21:24.496+0000] {dag.py:2726} INFO - Sync 1 DAGs
[2023-07-02T01:21:24.558+0000] {logging_mixin.py:149} INFO - [2023-07-02T01:21:24.558+0000] {dag.py:3490} INFO - Setting next_dagrun for example_branch_dop_operator_v3 to 2023-07-02T01:20:00+00:00, run_after=2023-07-02T01:21:00+00:00
[2023-07-02T01:21:24.600+0000] {processor.py:179} INFO - Processing /home/airflow/.local/lib/python3.7/site-packages/airflow/example_dags/example_branch_python_dop_operator_3.py took 0.195 seconds
[2023-07-02T01:21:55.623+0000] {processor.py:157} INFO - Started process (PID=342) to work on /home/airflow/.local/lib/python3.7/site-packages/airflow/example_dags/example_branch_python_dop_operator_3.py
[2023-07-02T01:21:55.625+0000] {processor.py:826} INFO - Processing file /home/airflow/.local/lib/python3.7/site-packages/airflow/example_dags/example_branch_python_dop_operator_3.py for tasks to queue
[2023-07-02T01:21:55.627+0000] {logging_mixin.py:149} INFO - [2023-07-02T01:21:55.627+0000] {dagbag.py:541} INFO - Filling up the DagBag from /home/airflow/.local/lib/python3.7/site-packages/airflow/example_dags/example_branch_python_dop_operator_3.py
[2023-07-02T01:21:55.644+0000] {processor.py:836} INFO - DAG(s) dict_keys(['example_branch_dop_operator_v3']) retrieved from /home/airflow/.local/lib/python3.7/site-packages/airflow/example_dags/example_branch_python_dop_operator_3.py
[2023-07-02T01:21:55.716+0000] {logging_mixin.py:149} INFO - [2023-07-02T01:21:55.716+0000] {dag.py:2726} INFO - Sync 1 DAGs
[2023-07-02T01:21:55.778+0000] {logging_mixin.py:149} INFO - [2023-07-02T01:21:55.778+0000] {dag.py:3490} INFO - Setting next_dagrun for example_branch_dop_operator_v3 to 2023-07-02T01:20:00+00:00, run_after=2023-07-02T01:21:00+00:00
[2023-07-02T01:21:55.814+0000] {processor.py:179} INFO - Processing /home/airflow/.local/lib/python3.7/site-packages/airflow/example_dags/example_branch_python_dop_operator_3.py took 0.197 seconds
[2023-07-02T01:22:26.146+0000] {processor.py:157} INFO - Started process (PID=400) to work on /home/airflow/.local/lib/python3.7/site-packages/airflow/example_dags/example_branch_python_dop_operator_3.py
[2023-07-02T01:22:26.149+0000] {processor.py:826} INFO - Processing file /home/airflow/.local/lib/python3.7/site-packages/airflow/example_dags/example_branch_python_dop_operator_3.py for tasks to queue
[2023-07-02T01:22:26.151+0000] {logging_mixin.py:149} INFO - [2023-07-02T01:22:26.150+0000] {dagbag.py:541} INFO - Filling up the DagBag from /home/airflow/.local/lib/python3.7/site-packages/airflow/example_dags/example_branch_python_dop_operator_3.py
[2023-07-02T01:22:26.174+0000] {processor.py:836} INFO - DAG(s) dict_keys(['example_branch_dop_operator_v3']) retrieved from /home/airflow/.local/lib/python3.7/site-packages/airflow/example_dags/example_branch_python_dop_operator_3.py
[2023-07-02T01:22:26.232+0000] {logging_mixin.py:149} INFO - [2023-07-02T01:22:26.232+0000] {dag.py:2726} INFO - Sync 1 DAGs
[2023-07-02T01:22:26.318+0000] {logging_mixin.py:149} INFO - [2023-07-02T01:22:26.318+0000] {dag.py:3490} INFO - Setting next_dagrun for example_branch_dop_operator_v3 to 2023-07-02T01:21:00+00:00, run_after=2023-07-02T01:22:00+00:00
[2023-07-02T01:22:26.362+0000] {processor.py:179} INFO - Processing /home/airflow/.local/lib/python3.7/site-packages/airflow/example_dags/example_branch_python_dop_operator_3.py took 0.223 seconds
[2023-07-02T01:22:56.733+0000] {processor.py:157} INFO - Started process (PID=461) to work on /home/airflow/.local/lib/python3.7/site-packages/airflow/example_dags/example_branch_python_dop_operator_3.py
[2023-07-02T01:22:56.735+0000] {processor.py:826} INFO - Processing file /home/airflow/.local/lib/python3.7/site-packages/airflow/example_dags/example_branch_python_dop_operator_3.py for tasks to queue
[2023-07-02T01:22:56.737+0000] {logging_mixin.py:149} INFO - [2023-07-02T01:22:56.736+0000] {dagbag.py:541} INFO - Filling up the DagBag from /home/airflow/.local/lib/python3.7/site-packages/airflow/example_dags/example_branch_python_dop_operator_3.py
[2023-07-02T01:22:56.772+0000] {processor.py:836} INFO - DAG(s) dict_keys(['example_branch_dop_operator_v3']) retrieved from /home/airflow/.local/lib/python3.7/site-packages/airflow/example_dags/example_branch_python_dop_operator_3.py
[2023-07-02T01:22:56.843+0000] {logging_mixin.py:149} INFO - [2023-07-02T01:22:56.842+0000] {dag.py:2726} INFO - Sync 1 DAGs
[2023-07-02T01:22:56.931+0000] {logging_mixin.py:149} INFO - [2023-07-02T01:22:56.930+0000] {dag.py:3490} INFO - Setting next_dagrun for example_branch_dop_operator_v3 to 2023-07-02T01:21:00+00:00, run_after=2023-07-02T01:22:00+00:00
[2023-07-02T01:22:56.974+0000] {processor.py:179} INFO - Processing /home/airflow/.local/lib/python3.7/site-packages/airflow/example_dags/example_branch_python_dop_operator_3.py took 0.249 seconds
[2023-07-02T01:23:27.460+0000] {processor.py:157} INFO - Started process (PID=520) to work on /home/airflow/.local/lib/python3.7/site-packages/airflow/example_dags/example_branch_python_dop_operator_3.py
[2023-07-02T01:23:27.462+0000] {processor.py:826} INFO - Processing file /home/airflow/.local/lib/python3.7/site-packages/airflow/example_dags/example_branch_python_dop_operator_3.py for tasks to queue
[2023-07-02T01:23:27.464+0000] {logging_mixin.py:149} INFO - [2023-07-02T01:23:27.463+0000] {dagbag.py:541} INFO - Filling up the DagBag from /home/airflow/.local/lib/python3.7/site-packages/airflow/example_dags/example_branch_python_dop_operator_3.py
[2023-07-02T01:23:27.487+0000] {processor.py:836} INFO - DAG(s) dict_keys(['example_branch_dop_operator_v3']) retrieved from /home/airflow/.local/lib/python3.7/site-packages/airflow/example_dags/example_branch_python_dop_operator_3.py
[2023-07-02T01:23:27.544+0000] {logging_mixin.py:149} INFO - [2023-07-02T01:23:27.543+0000] {dag.py:2726} INFO - Sync 1 DAGs
[2023-07-02T01:23:27.604+0000] {logging_mixin.py:149} INFO - [2023-07-02T01:23:27.603+0000] {dag.py:3490} INFO - Setting next_dagrun for example_branch_dop_operator_v3 to 2023-07-02T01:22:00+00:00, run_after=2023-07-02T01:23:00+00:00
[2023-07-02T01:23:27.639+0000] {processor.py:179} INFO - Processing /home/airflow/.local/lib/python3.7/site-packages/airflow/example_dags/example_branch_python_dop_operator_3.py took 0.186 seconds
[2023-07-02T02:04:18.875+0000] {processor.py:157} INFO - Started process (PID=43) to work on /home/airflow/.local/lib/python3.7/site-packages/airflow/example_dags/example_branch_python_dop_operator_3.py
[2023-07-02T02:04:18.877+0000] {processor.py:826} INFO - Processing file /home/airflow/.local/lib/python3.7/site-packages/airflow/example_dags/example_branch_python_dop_operator_3.py for tasks to queue
[2023-07-02T02:04:18.879+0000] {logging_mixin.py:149} INFO - [2023-07-02T02:04:18.878+0000] {dagbag.py:541} INFO - Filling up the DagBag from /home/airflow/.local/lib/python3.7/site-packages/airflow/example_dags/example_branch_python_dop_operator_3.py
[2023-07-02T02:04:18.896+0000] {processor.py:836} INFO - DAG(s) dict_keys(['example_branch_dop_operator_v3']) retrieved from /home/airflow/.local/lib/python3.7/site-packages/airflow/example_dags/example_branch_python_dop_operator_3.py
[2023-07-02T02:04:18.938+0000] {logging_mixin.py:149} INFO - [2023-07-02T02:04:18.937+0000] {dag.py:2726} INFO - Sync 1 DAGs
[2023-07-02T02:04:18.986+0000] {logging_mixin.py:149} INFO - [2023-07-02T02:04:18.986+0000] {dag.py:3490} INFO - Setting next_dagrun for example_branch_dop_operator_v3 to 2023-07-02T02:03:00+00:00, run_after=2023-07-02T02:04:00+00:00
[2023-07-02T02:04:19.022+0000] {processor.py:179} INFO - Processing /home/airflow/.local/lib/python3.7/site-packages/airflow/example_dags/example_branch_python_dop_operator_3.py took 0.151 seconds
[2023-07-02T02:04:49.131+0000] {processor.py:157} INFO - Started process (PID=101) to work on /home/airflow/.local/lib/python3.7/site-packages/airflow/example_dags/example_branch_python_dop_operator_3.py
[2023-07-02T02:04:49.132+0000] {processor.py:826} INFO - Processing file /home/airflow/.local/lib/python3.7/site-packages/airflow/example_dags/example_branch_python_dop_operator_3.py for tasks to queue
[2023-07-02T02:04:49.134+0000] {logging_mixin.py:149} INFO - [2023-07-02T02:04:49.134+0000] {dagbag.py:541} INFO - Filling up the DagBag from /home/airflow/.local/lib/python3.7/site-packages/airflow/example_dags/example_branch_python_dop_operator_3.py
[2023-07-02T02:04:49.145+0000] {processor.py:836} INFO - DAG(s) dict_keys(['example_branch_dop_operator_v3']) retrieved from /home/airflow/.local/lib/python3.7/site-packages/airflow/example_dags/example_branch_python_dop_operator_3.py
[2023-07-02T02:04:49.181+0000] {logging_mixin.py:149} INFO - [2023-07-02T02:04:49.181+0000] {dag.py:2726} INFO - Sync 1 DAGs
[2023-07-02T02:04:49.221+0000] {logging_mixin.py:149} INFO - [2023-07-02T02:04:49.221+0000] {dag.py:3490} INFO - Setting next_dagrun for example_branch_dop_operator_v3 to 2023-07-02T02:03:00+00:00, run_after=2023-07-02T02:04:00+00:00
[2023-07-02T02:04:49.248+0000] {processor.py:179} INFO - Processing /home/airflow/.local/lib/python3.7/site-packages/airflow/example_dags/example_branch_python_dop_operator_3.py took 0.122 seconds
[2023-07-02T02:05:19.849+0000] {processor.py:157} INFO - Started process (PID=158) to work on /home/airflow/.local/lib/python3.7/site-packages/airflow/example_dags/example_branch_python_dop_operator_3.py
[2023-07-02T02:05:19.851+0000] {processor.py:826} INFO - Processing file /home/airflow/.local/lib/python3.7/site-packages/airflow/example_dags/example_branch_python_dop_operator_3.py for tasks to queue
[2023-07-02T02:05:19.852+0000] {logging_mixin.py:149} INFO - [2023-07-02T02:05:19.852+0000] {dagbag.py:541} INFO - Filling up the DagBag from /home/airflow/.local/lib/python3.7/site-packages/airflow/example_dags/example_branch_python_dop_operator_3.py
[2023-07-02T02:05:19.864+0000] {processor.py:836} INFO - DAG(s) dict_keys(['example_branch_dop_operator_v3']) retrieved from /home/airflow/.local/lib/python3.7/site-packages/airflow/example_dags/example_branch_python_dop_operator_3.py
[2023-07-02T02:05:19.903+0000] {logging_mixin.py:149} INFO - [2023-07-02T02:05:19.903+0000] {dag.py:2726} INFO - Sync 1 DAGs
[2023-07-02T02:05:19.957+0000] {logging_mixin.py:149} INFO - [2023-07-02T02:05:19.957+0000] {dag.py:3490} INFO - Setting next_dagrun for example_branch_dop_operator_v3 to 2023-07-02T02:04:00+00:00, run_after=2023-07-02T02:05:00+00:00
[2023-07-02T02:05:20.001+0000] {processor.py:179} INFO - Processing /home/airflow/.local/lib/python3.7/site-packages/airflow/example_dags/example_branch_python_dop_operator_3.py took 0.156 seconds
[2023-07-02T02:05:50.855+0000] {processor.py:157} INFO - Started process (PID=217) to work on /home/airflow/.local/lib/python3.7/site-packages/airflow/example_dags/example_branch_python_dop_operator_3.py
[2023-07-02T02:05:50.857+0000] {processor.py:826} INFO - Processing file /home/airflow/.local/lib/python3.7/site-packages/airflow/example_dags/example_branch_python_dop_operator_3.py for tasks to queue
[2023-07-02T02:05:50.858+0000] {logging_mixin.py:149} INFO - [2023-07-02T02:05:50.858+0000] {dagbag.py:541} INFO - Filling up the DagBag from /home/airflow/.local/lib/python3.7/site-packages/airflow/example_dags/example_branch_python_dop_operator_3.py
[2023-07-02T02:05:50.871+0000] {processor.py:836} INFO - DAG(s) dict_keys(['example_branch_dop_operator_v3']) retrieved from /home/airflow/.local/lib/python3.7/site-packages/airflow/example_dags/example_branch_python_dop_operator_3.py
[2023-07-02T02:05:50.924+0000] {logging_mixin.py:149} INFO - [2023-07-02T02:05:50.924+0000] {dag.py:2726} INFO - Sync 1 DAGs
[2023-07-02T02:05:50.970+0000] {logging_mixin.py:149} INFO - [2023-07-02T02:05:50.970+0000] {dag.py:3490} INFO - Setting next_dagrun for example_branch_dop_operator_v3 to 2023-07-02T02:04:00+00:00, run_after=2023-07-02T02:05:00+00:00
[2023-07-02T02:05:51.001+0000] {processor.py:179} INFO - Processing /home/airflow/.local/lib/python3.7/site-packages/airflow/example_dags/example_branch_python_dop_operator_3.py took 0.151 seconds
[2023-07-02T02:06:21.951+0000] {processor.py:157} INFO - Started process (PID=275) to work on /home/airflow/.local/lib/python3.7/site-packages/airflow/example_dags/example_branch_python_dop_operator_3.py
[2023-07-02T02:06:21.952+0000] {processor.py:826} INFO - Processing file /home/airflow/.local/lib/python3.7/site-packages/airflow/example_dags/example_branch_python_dop_operator_3.py for tasks to queue
[2023-07-02T02:06:21.953+0000] {logging_mixin.py:149} INFO - [2023-07-02T02:06:21.953+0000] {dagbag.py:541} INFO - Filling up the DagBag from /home/airflow/.local/lib/python3.7/site-packages/airflow/example_dags/example_branch_python_dop_operator_3.py
[2023-07-02T02:06:21.965+0000] {processor.py:836} INFO - DAG(s) dict_keys(['example_branch_dop_operator_v3']) retrieved from /home/airflow/.local/lib/python3.7/site-packages/airflow/example_dags/example_branch_python_dop_operator_3.py
[2023-07-02T02:06:22.004+0000] {logging_mixin.py:149} INFO - [2023-07-02T02:06:22.003+0000] {dag.py:2726} INFO - Sync 1 DAGs
[2023-07-02T02:06:22.061+0000] {logging_mixin.py:149} INFO - [2023-07-02T02:06:22.061+0000] {dag.py:3490} INFO - Setting next_dagrun for example_branch_dop_operator_v3 to 2023-07-02T02:05:00+00:00, run_after=2023-07-02T02:06:00+00:00
[2023-07-02T02:06:22.091+0000] {processor.py:179} INFO - Processing /home/airflow/.local/lib/python3.7/site-packages/airflow/example_dags/example_branch_python_dop_operator_3.py took 0.144 seconds
[2023-07-02T02:06:53.131+0000] {processor.py:157} INFO - Started process (PID=333) to work on /home/airflow/.local/lib/python3.7/site-packages/airflow/example_dags/example_branch_python_dop_operator_3.py
[2023-07-02T02:06:53.132+0000] {processor.py:826} INFO - Processing file /home/airflow/.local/lib/python3.7/site-packages/airflow/example_dags/example_branch_python_dop_operator_3.py for tasks to queue
[2023-07-02T02:06:53.133+0000] {logging_mixin.py:149} INFO - [2023-07-02T02:06:53.133+0000] {dagbag.py:541} INFO - Filling up the DagBag from /home/airflow/.local/lib/python3.7/site-packages/airflow/example_dags/example_branch_python_dop_operator_3.py
[2023-07-02T02:06:53.146+0000] {processor.py:836} INFO - DAG(s) dict_keys(['example_branch_dop_operator_v3']) retrieved from /home/airflow/.local/lib/python3.7/site-packages/airflow/example_dags/example_branch_python_dop_operator_3.py
[2023-07-02T02:06:53.186+0000] {logging_mixin.py:149} INFO - [2023-07-02T02:06:53.186+0000] {dag.py:2726} INFO - Sync 1 DAGs
[2023-07-02T02:06:53.230+0000] {logging_mixin.py:149} INFO - [2023-07-02T02:06:53.229+0000] {dag.py:3490} INFO - Setting next_dagrun for example_branch_dop_operator_v3 to 2023-07-02T02:05:00+00:00, run_after=2023-07-02T02:06:00+00:00
[2023-07-02T02:06:53.255+0000] {processor.py:179} INFO - Processing /home/airflow/.local/lib/python3.7/site-packages/airflow/example_dags/example_branch_python_dop_operator_3.py took 0.130 seconds
[2023-07-02T02:12:39.288+0000] {processor.py:157} INFO - Started process (PID=43) to work on /home/airflow/.local/lib/python3.7/site-packages/airflow/example_dags/example_branch_python_dop_operator_3.py
[2023-07-02T02:12:39.290+0000] {processor.py:826} INFO - Processing file /home/airflow/.local/lib/python3.7/site-packages/airflow/example_dags/example_branch_python_dop_operator_3.py for tasks to queue
[2023-07-02T02:12:39.291+0000] {logging_mixin.py:149} INFO - [2023-07-02T02:12:39.291+0000] {dagbag.py:541} INFO - Filling up the DagBag from /home/airflow/.local/lib/python3.7/site-packages/airflow/example_dags/example_branch_python_dop_operator_3.py
[2023-07-02T02:12:39.306+0000] {processor.py:836} INFO - DAG(s) dict_keys(['example_branch_dop_operator_v3']) retrieved from /home/airflow/.local/lib/python3.7/site-packages/airflow/example_dags/example_branch_python_dop_operator_3.py
[2023-07-02T02:12:39.348+0000] {logging_mixin.py:149} INFO - [2023-07-02T02:12:39.348+0000] {dag.py:2726} INFO - Sync 1 DAGs
[2023-07-02T02:12:39.394+0000] {logging_mixin.py:149} INFO - [2023-07-02T02:12:39.394+0000] {dag.py:3490} INFO - Setting next_dagrun for example_branch_dop_operator_v3 to 2023-07-02T02:11:00+00:00, run_after=2023-07-02T02:12:00+00:00
[2023-07-02T02:12:39.541+0000] {processor.py:179} INFO - Processing /home/airflow/.local/lib/python3.7/site-packages/airflow/example_dags/example_branch_python_dop_operator_3.py took 0.257 seconds
[2023-07-02T02:13:10.285+0000] {processor.py:157} INFO - Started process (PID=104) to work on /home/airflow/.local/lib/python3.7/site-packages/airflow/example_dags/example_branch_python_dop_operator_3.py
[2023-07-02T02:13:10.287+0000] {processor.py:826} INFO - Processing file /home/airflow/.local/lib/python3.7/site-packages/airflow/example_dags/example_branch_python_dop_operator_3.py for tasks to queue
[2023-07-02T02:13:10.288+0000] {logging_mixin.py:149} INFO - [2023-07-02T02:13:10.288+0000] {dagbag.py:541} INFO - Filling up the DagBag from /home/airflow/.local/lib/python3.7/site-packages/airflow/example_dags/example_branch_python_dop_operator_3.py
[2023-07-02T02:13:10.300+0000] {processor.py:836} INFO - DAG(s) dict_keys(['example_branch_dop_operator_v3']) retrieved from /home/airflow/.local/lib/python3.7/site-packages/airflow/example_dags/example_branch_python_dop_operator_3.py
[2023-07-02T02:13:10.437+0000] {logging_mixin.py:149} INFO - [2023-07-02T02:13:10.437+0000] {dag.py:2726} INFO - Sync 1 DAGs
[2023-07-02T02:13:10.473+0000] {logging_mixin.py:149} INFO - [2023-07-02T02:13:10.473+0000] {dag.py:3490} INFO - Setting next_dagrun for example_branch_dop_operator_v3 to 2023-07-02T02:12:00+00:00, run_after=2023-07-02T02:13:00+00:00
[2023-07-02T02:13:10.496+0000] {processor.py:179} INFO - Processing /home/airflow/.local/lib/python3.7/site-packages/airflow/example_dags/example_branch_python_dop_operator_3.py took 0.215 seconds
[2023-07-02T02:13:40.760+0000] {processor.py:157} INFO - Started process (PID=162) to work on /home/airflow/.local/lib/python3.7/site-packages/airflow/example_dags/example_branch_python_dop_operator_3.py
[2023-07-02T02:13:40.762+0000] {processor.py:826} INFO - Processing file /home/airflow/.local/lib/python3.7/site-packages/airflow/example_dags/example_branch_python_dop_operator_3.py for tasks to queue
[2023-07-02T02:13:40.763+0000] {logging_mixin.py:149} INFO - [2023-07-02T02:13:40.763+0000] {dagbag.py:541} INFO - Filling up the DagBag from /home/airflow/.local/lib/python3.7/site-packages/airflow/example_dags/example_branch_python_dop_operator_3.py
[2023-07-02T02:13:40.775+0000] {processor.py:836} INFO - DAG(s) dict_keys(['example_branch_dop_operator_v3']) retrieved from /home/airflow/.local/lib/python3.7/site-packages/airflow/example_dags/example_branch_python_dop_operator_3.py
[2023-07-02T02:13:40.809+0000] {logging_mixin.py:149} INFO - [2023-07-02T02:13:40.809+0000] {dag.py:2726} INFO - Sync 1 DAGs
[2023-07-02T02:13:40.854+0000] {logging_mixin.py:149} INFO - [2023-07-02T02:13:40.854+0000] {dag.py:3490} INFO - Setting next_dagrun for example_branch_dop_operator_v3 to 2023-07-02T02:12:00+00:00, run_after=2023-07-02T02:13:00+00:00
[2023-07-02T02:13:40.879+0000] {processor.py:179} INFO - Processing /home/airflow/.local/lib/python3.7/site-packages/airflow/example_dags/example_branch_python_dop_operator_3.py took 0.124 seconds
[2023-07-02T02:14:11.185+0000] {processor.py:157} INFO - Started process (PID=220) to work on /home/airflow/.local/lib/python3.7/site-packages/airflow/example_dags/example_branch_python_dop_operator_3.py
[2023-07-02T02:14:11.187+0000] {processor.py:826} INFO - Processing file /home/airflow/.local/lib/python3.7/site-packages/airflow/example_dags/example_branch_python_dop_operator_3.py for tasks to queue
[2023-07-02T02:14:11.188+0000] {logging_mixin.py:149} INFO - [2023-07-02T02:14:11.188+0000] {dagbag.py:541} INFO - Filling up the DagBag from /home/airflow/.local/lib/python3.7/site-packages/airflow/example_dags/example_branch_python_dop_operator_3.py
[2023-07-02T02:14:11.200+0000] {processor.py:836} INFO - DAG(s) dict_keys(['example_branch_dop_operator_v3']) retrieved from /home/airflow/.local/lib/python3.7/site-packages/airflow/example_dags/example_branch_python_dop_operator_3.py
[2023-07-02T02:14:11.234+0000] {logging_mixin.py:149} INFO - [2023-07-02T02:14:11.233+0000] {dag.py:2726} INFO - Sync 1 DAGs
[2023-07-02T02:14:11.274+0000] {logging_mixin.py:149} INFO - [2023-07-02T02:14:11.274+0000] {dag.py:3490} INFO - Setting next_dagrun for example_branch_dop_operator_v3 to 2023-07-02T02:13:00+00:00, run_after=2023-07-02T02:14:00+00:00
[2023-07-02T02:14:11.313+0000] {processor.py:179} INFO - Processing /home/airflow/.local/lib/python3.7/site-packages/airflow/example_dags/example_branch_python_dop_operator_3.py took 0.134 seconds
[2023-07-02T02:14:42.303+0000] {processor.py:157} INFO - Started process (PID=278) to work on /home/airflow/.local/lib/python3.7/site-packages/airflow/example_dags/example_branch_python_dop_operator_3.py
[2023-07-02T02:14:42.305+0000] {processor.py:826} INFO - Processing file /home/airflow/.local/lib/python3.7/site-packages/airflow/example_dags/example_branch_python_dop_operator_3.py for tasks to queue
[2023-07-02T02:14:42.306+0000] {logging_mixin.py:149} INFO - [2023-07-02T02:14:42.306+0000] {dagbag.py:541} INFO - Filling up the DagBag from /home/airflow/.local/lib/python3.7/site-packages/airflow/example_dags/example_branch_python_dop_operator_3.py
[2023-07-02T02:14:42.316+0000] {processor.py:836} INFO - DAG(s) dict_keys(['example_branch_dop_operator_v3']) retrieved from /home/airflow/.local/lib/python3.7/site-packages/airflow/example_dags/example_branch_python_dop_operator_3.py
[2023-07-02T02:14:42.508+0000] {logging_mixin.py:149} INFO - [2023-07-02T02:14:42.508+0000] {dag.py:2726} INFO - Sync 1 DAGs
[2023-07-02T02:14:42.552+0000] {logging_mixin.py:149} INFO - [2023-07-02T02:14:42.551+0000] {dag.py:3490} INFO - Setting next_dagrun for example_branch_dop_operator_v3 to 2023-07-02T02:13:00+00:00, run_after=2023-07-02T02:14:00+00:00
[2023-07-02T02:14:42.587+0000] {processor.py:179} INFO - Processing /home/airflow/.local/lib/python3.7/site-packages/airflow/example_dags/example_branch_python_dop_operator_3.py took 0.289 seconds
[2023-07-02T02:15:13.009+0000] {processor.py:157} INFO - Started process (PID=336) to work on /home/airflow/.local/lib/python3.7/site-packages/airflow/example_dags/example_branch_python_dop_operator_3.py
[2023-07-02T02:15:13.011+0000] {processor.py:826} INFO - Processing file /home/airflow/.local/lib/python3.7/site-packages/airflow/example_dags/example_branch_python_dop_operator_3.py for tasks to queue
[2023-07-02T02:15:13.012+0000] {logging_mixin.py:149} INFO - [2023-07-02T02:15:13.012+0000] {dagbag.py:541} INFO - Filling up the DagBag from /home/airflow/.local/lib/python3.7/site-packages/airflow/example_dags/example_branch_python_dop_operator_3.py
[2023-07-02T02:15:13.022+0000] {processor.py:836} INFO - DAG(s) dict_keys(['example_branch_dop_operator_v3']) retrieved from /home/airflow/.local/lib/python3.7/site-packages/airflow/example_dags/example_branch_python_dop_operator_3.py
[2023-07-02T02:15:13.054+0000] {logging_mixin.py:149} INFO - [2023-07-02T02:15:13.054+0000] {dag.py:2726} INFO - Sync 1 DAGs
[2023-07-02T02:15:13.092+0000] {logging_mixin.py:149} INFO - [2023-07-02T02:15:13.092+0000] {dag.py:3490} INFO - Setting next_dagrun for example_branch_dop_operator_v3 to 2023-07-02T02:14:00+00:00, run_after=2023-07-02T02:15:00+00:00
[2023-07-02T02:15:13.118+0000] {processor.py:179} INFO - Processing /home/airflow/.local/lib/python3.7/site-packages/airflow/example_dags/example_branch_python_dop_operator_3.py took 0.112 seconds
[2023-07-02T02:15:43.635+0000] {processor.py:157} INFO - Started process (PID=393) to work on /home/airflow/.local/lib/python3.7/site-packages/airflow/example_dags/example_branch_python_dop_operator_3.py
[2023-07-02T02:15:43.637+0000] {processor.py:826} INFO - Processing file /home/airflow/.local/lib/python3.7/site-packages/airflow/example_dags/example_branch_python_dop_operator_3.py for tasks to queue
[2023-07-02T02:15:43.638+0000] {logging_mixin.py:149} INFO - [2023-07-02T02:15:43.638+0000] {dagbag.py:541} INFO - Filling up the DagBag from /home/airflow/.local/lib/python3.7/site-packages/airflow/example_dags/example_branch_python_dop_operator_3.py
[2023-07-02T02:15:43.648+0000] {processor.py:836} INFO - DAG(s) dict_keys(['example_branch_dop_operator_v3']) retrieved from /home/airflow/.local/lib/python3.7/site-packages/airflow/example_dags/example_branch_python_dop_operator_3.py
[2023-07-02T02:15:43.810+0000] {logging_mixin.py:149} INFO - [2023-07-02T02:15:43.809+0000] {dag.py:2726} INFO - Sync 1 DAGs
[2023-07-02T02:15:43.852+0000] {logging_mixin.py:149} INFO - [2023-07-02T02:15:43.852+0000] {dag.py:3490} INFO - Setting next_dagrun for example_branch_dop_operator_v3 to 2023-07-02T02:14:00+00:00, run_after=2023-07-02T02:15:00+00:00
[2023-07-02T02:15:43.878+0000] {processor.py:179} INFO - Processing /home/airflow/.local/lib/python3.7/site-packages/airflow/example_dags/example_branch_python_dop_operator_3.py took 0.246 seconds
[2023-07-02T02:16:14.017+0000] {processor.py:157} INFO - Started process (PID=451) to work on /home/airflow/.local/lib/python3.7/site-packages/airflow/example_dags/example_branch_python_dop_operator_3.py
[2023-07-02T02:16:14.019+0000] {processor.py:826} INFO - Processing file /home/airflow/.local/lib/python3.7/site-packages/airflow/example_dags/example_branch_python_dop_operator_3.py for tasks to queue
[2023-07-02T02:16:14.020+0000] {logging_mixin.py:149} INFO - [2023-07-02T02:16:14.020+0000] {dagbag.py:541} INFO - Filling up the DagBag from /home/airflow/.local/lib/python3.7/site-packages/airflow/example_dags/example_branch_python_dop_operator_3.py
[2023-07-02T02:16:14.030+0000] {processor.py:836} INFO - DAG(s) dict_keys(['example_branch_dop_operator_v3']) retrieved from /home/airflow/.local/lib/python3.7/site-packages/airflow/example_dags/example_branch_python_dop_operator_3.py
[2023-07-02T02:16:14.060+0000] {logging_mixin.py:149} INFO - [2023-07-02T02:16:14.060+0000] {dag.py:2726} INFO - Sync 1 DAGs
[2023-07-02T02:16:14.095+0000] {logging_mixin.py:149} INFO - [2023-07-02T02:16:14.095+0000] {dag.py:3490} INFO - Setting next_dagrun for example_branch_dop_operator_v3 to 2023-07-02T02:15:00+00:00, run_after=2023-07-02T02:16:00+00:00
[2023-07-02T02:16:14.116+0000] {processor.py:179} INFO - Processing /home/airflow/.local/lib/python3.7/site-packages/airflow/example_dags/example_branch_python_dop_operator_3.py took 0.103 seconds
[2023-07-02T02:16:44.621+0000] {processor.py:157} INFO - Started process (PID=510) to work on /home/airflow/.local/lib/python3.7/site-packages/airflow/example_dags/example_branch_python_dop_operator_3.py
[2023-07-02T02:16:44.623+0000] {processor.py:826} INFO - Processing file /home/airflow/.local/lib/python3.7/site-packages/airflow/example_dags/example_branch_python_dop_operator_3.py for tasks to queue
[2023-07-02T02:16:44.624+0000] {logging_mixin.py:149} INFO - [2023-07-02T02:16:44.624+0000] {dagbag.py:541} INFO - Filling up the DagBag from /home/airflow/.local/lib/python3.7/site-packages/airflow/example_dags/example_branch_python_dop_operator_3.py
[2023-07-02T02:16:44.634+0000] {processor.py:836} INFO - DAG(s) dict_keys(['example_branch_dop_operator_v3']) retrieved from /home/airflow/.local/lib/python3.7/site-packages/airflow/example_dags/example_branch_python_dop_operator_3.py
[2023-07-02T02:16:44.672+0000] {logging_mixin.py:149} INFO - [2023-07-02T02:16:44.672+0000] {dag.py:2726} INFO - Sync 1 DAGs
[2023-07-02T02:16:44.713+0000] {logging_mixin.py:149} INFO - [2023-07-02T02:16:44.713+0000] {dag.py:3490} INFO - Setting next_dagrun for example_branch_dop_operator_v3 to 2023-07-02T02:15:00+00:00, run_after=2023-07-02T02:16:00+00:00
[2023-07-02T02:16:44.737+0000] {processor.py:179} INFO - Processing /home/airflow/.local/lib/python3.7/site-packages/airflow/example_dags/example_branch_python_dop_operator_3.py took 0.120 seconds
[2023-07-02T02:17:15.082+0000] {processor.py:157} INFO - Started process (PID=569) to work on /home/airflow/.local/lib/python3.7/site-packages/airflow/example_dags/example_branch_python_dop_operator_3.py
[2023-07-02T02:17:15.083+0000] {processor.py:826} INFO - Processing file /home/airflow/.local/lib/python3.7/site-packages/airflow/example_dags/example_branch_python_dop_operator_3.py for tasks to queue
[2023-07-02T02:17:15.085+0000] {logging_mixin.py:149} INFO - [2023-07-02T02:17:15.085+0000] {dagbag.py:541} INFO - Filling up the DagBag from /home/airflow/.local/lib/python3.7/site-packages/airflow/example_dags/example_branch_python_dop_operator_3.py
[2023-07-02T02:17:15.099+0000] {processor.py:836} INFO - DAG(s) dict_keys(['example_branch_dop_operator_v3']) retrieved from /home/airflow/.local/lib/python3.7/site-packages/airflow/example_dags/example_branch_python_dop_operator_3.py
[2023-07-02T02:17:15.155+0000] {logging_mixin.py:149} INFO - [2023-07-02T02:17:15.155+0000] {dag.py:2726} INFO - Sync 1 DAGs
[2023-07-02T02:17:15.230+0000] {logging_mixin.py:149} INFO - [2023-07-02T02:17:15.230+0000] {dag.py:3490} INFO - Setting next_dagrun for example_branch_dop_operator_v3 to 2023-07-02T02:16:00+00:00, run_after=2023-07-02T02:17:00+00:00
[2023-07-02T02:17:15.262+0000] {processor.py:179} INFO - Processing /home/airflow/.local/lib/python3.7/site-packages/airflow/example_dags/example_branch_python_dop_operator_3.py took 0.187 seconds
[2023-07-02T02:17:46.149+0000] {processor.py:157} INFO - Started process (PID=628) to work on /home/airflow/.local/lib/python3.7/site-packages/airflow/example_dags/example_branch_python_dop_operator_3.py
[2023-07-02T02:17:46.151+0000] {processor.py:826} INFO - Processing file /home/airflow/.local/lib/python3.7/site-packages/airflow/example_dags/example_branch_python_dop_operator_3.py for tasks to queue
[2023-07-02T02:17:46.152+0000] {logging_mixin.py:149} INFO - [2023-07-02T02:17:46.152+0000] {dagbag.py:541} INFO - Filling up the DagBag from /home/airflow/.local/lib/python3.7/site-packages/airflow/example_dags/example_branch_python_dop_operator_3.py
[2023-07-02T02:17:46.163+0000] {processor.py:836} INFO - DAG(s) dict_keys(['example_branch_dop_operator_v3']) retrieved from /home/airflow/.local/lib/python3.7/site-packages/airflow/example_dags/example_branch_python_dop_operator_3.py
[2023-07-02T02:17:46.196+0000] {logging_mixin.py:149} INFO - [2023-07-02T02:17:46.196+0000] {dag.py:2726} INFO - Sync 1 DAGs
[2023-07-02T02:17:46.234+0000] {logging_mixin.py:149} INFO - [2023-07-02T02:17:46.234+0000] {dag.py:3490} INFO - Setting next_dagrun for example_branch_dop_operator_v3 to 2023-07-02T02:16:00+00:00, run_after=2023-07-02T02:17:00+00:00
[2023-07-02T02:17:46.258+0000] {processor.py:179} INFO - Processing /home/airflow/.local/lib/python3.7/site-packages/airflow/example_dags/example_branch_python_dop_operator_3.py took 0.115 seconds
[2023-07-02T02:18:16.571+0000] {processor.py:157} INFO - Started process (PID=686) to work on /home/airflow/.local/lib/python3.7/site-packages/airflow/example_dags/example_branch_python_dop_operator_3.py
[2023-07-02T02:18:16.572+0000] {processor.py:826} INFO - Processing file /home/airflow/.local/lib/python3.7/site-packages/airflow/example_dags/example_branch_python_dop_operator_3.py for tasks to queue
[2023-07-02T02:18:16.573+0000] {logging_mixin.py:149} INFO - [2023-07-02T02:18:16.573+0000] {dagbag.py:541} INFO - Filling up the DagBag from /home/airflow/.local/lib/python3.7/site-packages/airflow/example_dags/example_branch_python_dop_operator_3.py
[2023-07-02T02:18:16.586+0000] {processor.py:836} INFO - DAG(s) dict_keys(['example_branch_dop_operator_v3']) retrieved from /home/airflow/.local/lib/python3.7/site-packages/airflow/example_dags/example_branch_python_dop_operator_3.py
[2023-07-02T02:18:16.624+0000] {logging_mixin.py:149} INFO - [2023-07-02T02:18:16.624+0000] {dag.py:2726} INFO - Sync 1 DAGs
[2023-07-02T02:18:16.665+0000] {logging_mixin.py:149} INFO - [2023-07-02T02:18:16.665+0000] {dag.py:3490} INFO - Setting next_dagrun for example_branch_dop_operator_v3 to 2023-07-02T02:17:00+00:00, run_after=2023-07-02T02:18:00+00:00
[2023-07-02T02:18:16.691+0000] {processor.py:179} INFO - Processing /home/airflow/.local/lib/python3.7/site-packages/airflow/example_dags/example_branch_python_dop_operator_3.py took 0.124 seconds
[2023-07-02T02:18:47.068+0000] {processor.py:157} INFO - Started process (PID=744) to work on /home/airflow/.local/lib/python3.7/site-packages/airflow/example_dags/example_branch_python_dop_operator_3.py
[2023-07-02T02:18:47.070+0000] {processor.py:826} INFO - Processing file /home/airflow/.local/lib/python3.7/site-packages/airflow/example_dags/example_branch_python_dop_operator_3.py for tasks to queue
[2023-07-02T02:18:47.071+0000] {logging_mixin.py:149} INFO - [2023-07-02T02:18:47.071+0000] {dagbag.py:541} INFO - Filling up the DagBag from /home/airflow/.local/lib/python3.7/site-packages/airflow/example_dags/example_branch_python_dop_operator_3.py
[2023-07-02T02:18:47.082+0000] {processor.py:836} INFO - DAG(s) dict_keys(['example_branch_dop_operator_v3']) retrieved from /home/airflow/.local/lib/python3.7/site-packages/airflow/example_dags/example_branch_python_dop_operator_3.py
[2023-07-02T02:18:47.114+0000] {logging_mixin.py:149} INFO - [2023-07-02T02:18:47.114+0000] {dag.py:2726} INFO - Sync 1 DAGs
[2023-07-02T02:18:47.152+0000] {logging_mixin.py:149} INFO - [2023-07-02T02:18:47.152+0000] {dag.py:3490} INFO - Setting next_dagrun for example_branch_dop_operator_v3 to 2023-07-02T02:17:00+00:00, run_after=2023-07-02T02:18:00+00:00
[2023-07-02T02:18:47.175+0000] {processor.py:179} INFO - Processing /home/airflow/.local/lib/python3.7/site-packages/airflow/example_dags/example_branch_python_dop_operator_3.py took 0.111 seconds
[2023-07-02T02:19:17.288+0000] {processor.py:157} INFO - Started process (PID=801) to work on /home/airflow/.local/lib/python3.7/site-packages/airflow/example_dags/example_branch_python_dop_operator_3.py
[2023-07-02T02:19:17.289+0000] {processor.py:826} INFO - Processing file /home/airflow/.local/lib/python3.7/site-packages/airflow/example_dags/example_branch_python_dop_operator_3.py for tasks to queue
[2023-07-02T02:19:17.290+0000] {logging_mixin.py:149} INFO - [2023-07-02T02:19:17.290+0000] {dagbag.py:541} INFO - Filling up the DagBag from /home/airflow/.local/lib/python3.7/site-packages/airflow/example_dags/example_branch_python_dop_operator_3.py
[2023-07-02T02:19:17.304+0000] {processor.py:836} INFO - DAG(s) dict_keys(['example_branch_dop_operator_v3']) retrieved from /home/airflow/.local/lib/python3.7/site-packages/airflow/example_dags/example_branch_python_dop_operator_3.py
[2023-07-02T02:19:17.337+0000] {logging_mixin.py:149} INFO - [2023-07-02T02:19:17.337+0000] {dag.py:2726} INFO - Sync 1 DAGs
[2023-07-02T02:19:17.377+0000] {logging_mixin.py:149} INFO - [2023-07-02T02:19:17.377+0000] {dag.py:3490} INFO - Setting next_dagrun for example_branch_dop_operator_v3 to 2023-07-02T02:18:00+00:00, run_after=2023-07-02T02:19:00+00:00
[2023-07-02T02:19:17.402+0000] {processor.py:179} INFO - Processing /home/airflow/.local/lib/python3.7/site-packages/airflow/example_dags/example_branch_python_dop_operator_3.py took 0.118 seconds
[2023-07-02T02:19:47.523+0000] {processor.py:157} INFO - Started process (PID=859) to work on /home/airflow/.local/lib/python3.7/site-packages/airflow/example_dags/example_branch_python_dop_operator_3.py
[2023-07-02T02:19:47.525+0000] {processor.py:826} INFO - Processing file /home/airflow/.local/lib/python3.7/site-packages/airflow/example_dags/example_branch_python_dop_operator_3.py for tasks to queue
[2023-07-02T02:19:47.526+0000] {logging_mixin.py:149} INFO - [2023-07-02T02:19:47.526+0000] {dagbag.py:541} INFO - Filling up the DagBag from /home/airflow/.local/lib/python3.7/site-packages/airflow/example_dags/example_branch_python_dop_operator_3.py
[2023-07-02T02:19:47.537+0000] {processor.py:836} INFO - DAG(s) dict_keys(['example_branch_dop_operator_v3']) retrieved from /home/airflow/.local/lib/python3.7/site-packages/airflow/example_dags/example_branch_python_dop_operator_3.py
[2023-07-02T02:19:47.570+0000] {logging_mixin.py:149} INFO - [2023-07-02T02:19:47.570+0000] {dag.py:2726} INFO - Sync 1 DAGs
[2023-07-02T02:19:47.612+0000] {logging_mixin.py:149} INFO - [2023-07-02T02:19:47.612+0000] {dag.py:3490} INFO - Setting next_dagrun for example_branch_dop_operator_v3 to 2023-07-02T02:18:00+00:00, run_after=2023-07-02T02:19:00+00:00
[2023-07-02T02:19:47.637+0000] {processor.py:179} INFO - Processing /home/airflow/.local/lib/python3.7/site-packages/airflow/example_dags/example_branch_python_dop_operator_3.py took 0.119 seconds
[2023-07-02T02:20:17.892+0000] {processor.py:157} INFO - Started process (PID=918) to work on /home/airflow/.local/lib/python3.7/site-packages/airflow/example_dags/example_branch_python_dop_operator_3.py
[2023-07-02T02:20:17.894+0000] {processor.py:826} INFO - Processing file /home/airflow/.local/lib/python3.7/site-packages/airflow/example_dags/example_branch_python_dop_operator_3.py for tasks to queue
[2023-07-02T02:20:17.895+0000] {logging_mixin.py:149} INFO - [2023-07-02T02:20:17.895+0000] {dagbag.py:541} INFO - Filling up the DagBag from /home/airflow/.local/lib/python3.7/site-packages/airflow/example_dags/example_branch_python_dop_operator_3.py
[2023-07-02T02:20:17.908+0000] {processor.py:836} INFO - DAG(s) dict_keys(['example_branch_dop_operator_v3']) retrieved from /home/airflow/.local/lib/python3.7/site-packages/airflow/example_dags/example_branch_python_dop_operator_3.py
[2023-07-02T02:20:17.944+0000] {logging_mixin.py:149} INFO - [2023-07-02T02:20:17.943+0000] {dag.py:2726} INFO - Sync 1 DAGs
[2023-07-02T02:20:17.987+0000] {logging_mixin.py:149} INFO - [2023-07-02T02:20:17.987+0000] {dag.py:3490} INFO - Setting next_dagrun for example_branch_dop_operator_v3 to 2023-07-02T02:19:00+00:00, run_after=2023-07-02T02:20:00+00:00
[2023-07-02T02:20:18.018+0000] {processor.py:179} INFO - Processing /home/airflow/.local/lib/python3.7/site-packages/airflow/example_dags/example_branch_python_dop_operator_3.py took 0.130 seconds
[2023-07-02T02:20:48.313+0000] {processor.py:157} INFO - Started process (PID=976) to work on /home/airflow/.local/lib/python3.7/site-packages/airflow/example_dags/example_branch_python_dop_operator_3.py
[2023-07-02T02:20:48.315+0000] {processor.py:826} INFO - Processing file /home/airflow/.local/lib/python3.7/site-packages/airflow/example_dags/example_branch_python_dop_operator_3.py for tasks to queue
[2023-07-02T02:20:48.316+0000] {logging_mixin.py:149} INFO - [2023-07-02T02:20:48.316+0000] {dagbag.py:541} INFO - Filling up the DagBag from /home/airflow/.local/lib/python3.7/site-packages/airflow/example_dags/example_branch_python_dop_operator_3.py
[2023-07-02T02:20:48.335+0000] {processor.py:836} INFO - DAG(s) dict_keys(['example_branch_dop_operator_v3']) retrieved from /home/airflow/.local/lib/python3.7/site-packages/airflow/example_dags/example_branch_python_dop_operator_3.py
[2023-07-02T02:20:48.372+0000] {logging_mixin.py:149} INFO - [2023-07-02T02:20:48.371+0000] {dag.py:2726} INFO - Sync 1 DAGs
[2023-07-02T02:20:48.414+0000] {logging_mixin.py:149} INFO - [2023-07-02T02:20:48.414+0000] {dag.py:3490} INFO - Setting next_dagrun for example_branch_dop_operator_v3 to 2023-07-02T02:19:00+00:00, run_after=2023-07-02T02:20:00+00:00
[2023-07-02T02:20:48.442+0000] {processor.py:179} INFO - Processing /home/airflow/.local/lib/python3.7/site-packages/airflow/example_dags/example_branch_python_dop_operator_3.py took 0.133 seconds
[2023-07-02T02:21:18.639+0000] {processor.py:157} INFO - Started process (PID=1034) to work on /home/airflow/.local/lib/python3.7/site-packages/airflow/example_dags/example_branch_python_dop_operator_3.py
[2023-07-02T02:21:18.640+0000] {processor.py:826} INFO - Processing file /home/airflow/.local/lib/python3.7/site-packages/airflow/example_dags/example_branch_python_dop_operator_3.py for tasks to queue
[2023-07-02T02:21:18.642+0000] {logging_mixin.py:149} INFO - [2023-07-02T02:21:18.641+0000] {dagbag.py:541} INFO - Filling up the DagBag from /home/airflow/.local/lib/python3.7/site-packages/airflow/example_dags/example_branch_python_dop_operator_3.py
[2023-07-02T02:21:18.652+0000] {processor.py:836} INFO - DAG(s) dict_keys(['example_branch_dop_operator_v3']) retrieved from /home/airflow/.local/lib/python3.7/site-packages/airflow/example_dags/example_branch_python_dop_operator_3.py
[2023-07-02T02:21:18.688+0000] {logging_mixin.py:149} INFO - [2023-07-02T02:21:18.687+0000] {dag.py:2726} INFO - Sync 1 DAGs
[2023-07-02T02:21:18.726+0000] {logging_mixin.py:149} INFO - [2023-07-02T02:21:18.725+0000] {dag.py:3490} INFO - Setting next_dagrun for example_branch_dop_operator_v3 to 2023-07-02T02:20:00+00:00, run_after=2023-07-02T02:21:00+00:00
[2023-07-02T02:21:18.749+0000] {processor.py:179} INFO - Processing /home/airflow/.local/lib/python3.7/site-packages/airflow/example_dags/example_branch_python_dop_operator_3.py took 0.114 seconds
