[2023-07-02T01:19:09.047+0000] {processor.py:157} INFO - Started process (PID=39) to work on /home/airflow/.local/lib/python3.7/site-packages/airflow/example_dags/example_latest_only_with_trigger.py
[2023-07-02T01:19:09.049+0000] {processor.py:826} INFO - Processing file /home/airflow/.local/lib/python3.7/site-packages/airflow/example_dags/example_latest_only_with_trigger.py for tasks to queue
[2023-07-02T01:19:09.051+0000] {logging_mixin.py:149} INFO - [2023-07-02T01:19:09.051+0000] {dagbag.py:541} INFO - Filling up the DagBag from /home/airflow/.local/lib/python3.7/site-packages/airflow/example_dags/example_latest_only_with_trigger.py
[2023-07-02T01:19:09.067+0000] {processor.py:836} INFO - DAG(s) dict_keys(['latest_only_with_trigger']) retrieved from /home/airflow/.local/lib/python3.7/site-packages/airflow/example_dags/example_latest_only_with_trigger.py
[2023-07-02T01:19:09.430+0000] {logging_mixin.py:149} INFO - [2023-07-02T01:19:09.430+0000] {manager.py:504} INFO - Created Permission View: can delete on DAG:latest_only_with_trigger
[2023-07-02T01:19:09.463+0000] {logging_mixin.py:149} INFO - [2023-07-02T01:19:09.462+0000] {manager.py:504} INFO - Created Permission View: can edit on DAG:latest_only_with_trigger
[2023-07-02T01:19:09.480+0000] {logging_mixin.py:149} INFO - [2023-07-02T01:19:09.480+0000] {manager.py:504} INFO - Created Permission View: can read on DAG:latest_only_with_trigger
[2023-07-02T01:19:09.517+0000] {logging_mixin.py:149} INFO - [2023-07-02T01:19:09.516+0000] {dag.py:2726} INFO - Sync 1 DAGs
[2023-07-02T01:19:09.559+0000] {logging_mixin.py:149} INFO - [2023-07-02T01:19:09.559+0000] {dag.py:2747} INFO - Creating ORM DAG for latest_only_with_trigger
[2023-07-02T01:19:09.583+0000] {logging_mixin.py:149} INFO - [2023-07-02T01:19:09.582+0000] {dag.py:3490} INFO - Setting next_dagrun for latest_only_with_trigger to 2023-07-01T21:19:09.582198+00:00, run_after=2023-07-02T01:19:09.582198+00:00
[2023-07-02T01:19:09.644+0000] {processor.py:179} INFO - Processing /home/airflow/.local/lib/python3.7/site-packages/airflow/example_dags/example_latest_only_with_trigger.py took 0.604 seconds
[2023-07-02T01:19:46.224+0000] {processor.py:157} INFO - Started process (PID=96) to work on /home/airflow/.local/lib/python3.7/site-packages/airflow/example_dags/example_latest_only_with_trigger.py
[2023-07-02T01:19:46.229+0000] {processor.py:826} INFO - Processing file /home/airflow/.local/lib/python3.7/site-packages/airflow/example_dags/example_latest_only_with_trigger.py for tasks to queue
[2023-07-02T01:19:46.236+0000] {logging_mixin.py:149} INFO - [2023-07-02T01:19:46.236+0000] {dagbag.py:541} INFO - Filling up the DagBag from /home/airflow/.local/lib/python3.7/site-packages/airflow/example_dags/example_latest_only_with_trigger.py
[2023-07-02T01:19:47.000+0000] {processor.py:836} INFO - DAG(s) dict_keys(['latest_only_with_trigger']) retrieved from /home/airflow/.local/lib/python3.7/site-packages/airflow/example_dags/example_latest_only_with_trigger.py
[2023-07-02T01:19:47.286+0000] {logging_mixin.py:149} INFO - [2023-07-02T01:19:47.281+0000] {dag.py:2726} INFO - Sync 1 DAGs
[2023-07-02T01:19:48.612+0000] {logging_mixin.py:149} INFO - [2023-07-02T01:19:48.611+0000] {dag.py:3490} INFO - Setting next_dagrun for latest_only_with_trigger to 2023-07-01T21:19:48.508499+00:00, run_after=2023-07-02T01:19:48.508499+00:00
[2023-07-02T01:19:48.721+0000] {processor.py:179} INFO - Processing /home/airflow/.local/lib/python3.7/site-packages/airflow/example_dags/example_latest_only_with_trigger.py took 2.506 seconds
[2023-07-02T01:20:20.949+0000] {processor.py:157} INFO - Started process (PID=153) to work on /home/airflow/.local/lib/python3.7/site-packages/airflow/example_dags/example_latest_only_with_trigger.py
[2023-07-02T01:20:20.951+0000] {processor.py:826} INFO - Processing file /home/airflow/.local/lib/python3.7/site-packages/airflow/example_dags/example_latest_only_with_trigger.py for tasks to queue
[2023-07-02T01:20:20.952+0000] {logging_mixin.py:149} INFO - [2023-07-02T01:20:20.952+0000] {dagbag.py:541} INFO - Filling up the DagBag from /home/airflow/.local/lib/python3.7/site-packages/airflow/example_dags/example_latest_only_with_trigger.py
[2023-07-02T01:20:20.966+0000] {processor.py:836} INFO - DAG(s) dict_keys(['latest_only_with_trigger']) retrieved from /home/airflow/.local/lib/python3.7/site-packages/airflow/example_dags/example_latest_only_with_trigger.py
[2023-07-02T01:20:21.021+0000] {logging_mixin.py:149} INFO - [2023-07-02T01:20:21.020+0000] {dag.py:2726} INFO - Sync 1 DAGs
[2023-07-02T01:20:21.074+0000] {logging_mixin.py:149} INFO - [2023-07-02T01:20:21.074+0000] {dag.py:3490} INFO - Setting next_dagrun for latest_only_with_trigger to 2023-07-01T21:20:21.073760+00:00, run_after=2023-07-02T01:20:21.073760+00:00
[2023-07-02T01:20:21.117+0000] {processor.py:179} INFO - Processing /home/airflow/.local/lib/python3.7/site-packages/airflow/example_dags/example_latest_only_with_trigger.py took 0.175 seconds
[2023-07-02T01:20:52.191+0000] {processor.py:157} INFO - Started process (PID=210) to work on /home/airflow/.local/lib/python3.7/site-packages/airflow/example_dags/example_latest_only_with_trigger.py
[2023-07-02T01:20:52.193+0000] {processor.py:826} INFO - Processing file /home/airflow/.local/lib/python3.7/site-packages/airflow/example_dags/example_latest_only_with_trigger.py for tasks to queue
[2023-07-02T01:20:52.194+0000] {logging_mixin.py:149} INFO - [2023-07-02T01:20:52.194+0000] {dagbag.py:541} INFO - Filling up the DagBag from /home/airflow/.local/lib/python3.7/site-packages/airflow/example_dags/example_latest_only_with_trigger.py
[2023-07-02T01:20:52.210+0000] {processor.py:836} INFO - DAG(s) dict_keys(['latest_only_with_trigger']) retrieved from /home/airflow/.local/lib/python3.7/site-packages/airflow/example_dags/example_latest_only_with_trigger.py
[2023-07-02T01:20:52.263+0000] {logging_mixin.py:149} INFO - [2023-07-02T01:20:52.263+0000] {dag.py:2726} INFO - Sync 1 DAGs
[2023-07-02T01:20:52.319+0000] {logging_mixin.py:149} INFO - [2023-07-02T01:20:52.319+0000] {dag.py:3490} INFO - Setting next_dagrun for latest_only_with_trigger to 2023-07-01T21:20:52.319047+00:00, run_after=2023-07-02T01:20:52.319047+00:00
[2023-07-02T01:20:52.362+0000] {processor.py:179} INFO - Processing /home/airflow/.local/lib/python3.7/site-packages/airflow/example_dags/example_latest_only_with_trigger.py took 0.177 seconds
[2023-07-02T01:21:23.609+0000] {processor.py:157} INFO - Started process (PID=279) to work on /home/airflow/.local/lib/python3.7/site-packages/airflow/example_dags/example_latest_only_with_trigger.py
[2023-07-02T01:21:23.611+0000] {processor.py:826} INFO - Processing file /home/airflow/.local/lib/python3.7/site-packages/airflow/example_dags/example_latest_only_with_trigger.py for tasks to queue
[2023-07-02T01:21:23.613+0000] {logging_mixin.py:149} INFO - [2023-07-02T01:21:23.612+0000] {dagbag.py:541} INFO - Filling up the DagBag from /home/airflow/.local/lib/python3.7/site-packages/airflow/example_dags/example_latest_only_with_trigger.py
[2023-07-02T01:21:23.628+0000] {processor.py:836} INFO - DAG(s) dict_keys(['latest_only_with_trigger']) retrieved from /home/airflow/.local/lib/python3.7/site-packages/airflow/example_dags/example_latest_only_with_trigger.py
[2023-07-02T01:21:23.679+0000] {logging_mixin.py:149} INFO - [2023-07-02T01:21:23.678+0000] {dag.py:2726} INFO - Sync 1 DAGs
[2023-07-02T01:21:23.736+0000] {logging_mixin.py:149} INFO - [2023-07-02T01:21:23.736+0000] {dag.py:3490} INFO - Setting next_dagrun for latest_only_with_trigger to 2023-07-01T21:21:23.735399+00:00, run_after=2023-07-02T01:21:23.735399+00:00
[2023-07-02T01:21:23.776+0000] {processor.py:179} INFO - Processing /home/airflow/.local/lib/python3.7/site-packages/airflow/example_dags/example_latest_only_with_trigger.py took 0.173 seconds
[2023-07-02T01:21:54.524+0000] {processor.py:157} INFO - Started process (PID=336) to work on /home/airflow/.local/lib/python3.7/site-packages/airflow/example_dags/example_latest_only_with_trigger.py
[2023-07-02T01:21:54.528+0000] {processor.py:826} INFO - Processing file /home/airflow/.local/lib/python3.7/site-packages/airflow/example_dags/example_latest_only_with_trigger.py for tasks to queue
[2023-07-02T01:21:54.533+0000] {logging_mixin.py:149} INFO - [2023-07-02T01:21:54.531+0000] {dagbag.py:541} INFO - Filling up the DagBag from /home/airflow/.local/lib/python3.7/site-packages/airflow/example_dags/example_latest_only_with_trigger.py
[2023-07-02T01:21:54.579+0000] {processor.py:836} INFO - DAG(s) dict_keys(['latest_only_with_trigger']) retrieved from /home/airflow/.local/lib/python3.7/site-packages/airflow/example_dags/example_latest_only_with_trigger.py
[2023-07-02T01:21:54.664+0000] {logging_mixin.py:149} INFO - [2023-07-02T01:21:54.663+0000] {dag.py:2726} INFO - Sync 1 DAGs
[2023-07-02T01:21:54.725+0000] {logging_mixin.py:149} INFO - [2023-07-02T01:21:54.724+0000] {dag.py:3490} INFO - Setting next_dagrun for latest_only_with_trigger to 2023-07-01T21:21:54.724234+00:00, run_after=2023-07-02T01:21:54.724234+00:00
[2023-07-02T01:21:54.777+0000] {processor.py:179} INFO - Processing /home/airflow/.local/lib/python3.7/site-packages/airflow/example_dags/example_latest_only_with_trigger.py took 0.276 seconds
[2023-07-02T01:22:25.249+0000] {processor.py:157} INFO - Started process (PID=394) to work on /home/airflow/.local/lib/python3.7/site-packages/airflow/example_dags/example_latest_only_with_trigger.py
[2023-07-02T01:22:25.251+0000] {processor.py:826} INFO - Processing file /home/airflow/.local/lib/python3.7/site-packages/airflow/example_dags/example_latest_only_with_trigger.py for tasks to queue
[2023-07-02T01:22:25.253+0000] {logging_mixin.py:149} INFO - [2023-07-02T01:22:25.253+0000] {dagbag.py:541} INFO - Filling up the DagBag from /home/airflow/.local/lib/python3.7/site-packages/airflow/example_dags/example_latest_only_with_trigger.py
[2023-07-02T01:22:25.269+0000] {processor.py:836} INFO - DAG(s) dict_keys(['latest_only_with_trigger']) retrieved from /home/airflow/.local/lib/python3.7/site-packages/airflow/example_dags/example_latest_only_with_trigger.py
[2023-07-02T01:22:25.320+0000] {logging_mixin.py:149} INFO - [2023-07-02T01:22:25.320+0000] {dag.py:2726} INFO - Sync 1 DAGs
[2023-07-02T01:22:25.376+0000] {logging_mixin.py:149} INFO - [2023-07-02T01:22:25.376+0000] {dag.py:3490} INFO - Setting next_dagrun for latest_only_with_trigger to 2023-07-01T21:22:25.370891+00:00, run_after=2023-07-02T01:22:25.370891+00:00
[2023-07-02T01:22:25.438+0000] {processor.py:179} INFO - Processing /home/airflow/.local/lib/python3.7/site-packages/airflow/example_dags/example_latest_only_with_trigger.py took 0.196 seconds
[2023-07-02T01:22:55.828+0000] {processor.py:157} INFO - Started process (PID=455) to work on /home/airflow/.local/lib/python3.7/site-packages/airflow/example_dags/example_latest_only_with_trigger.py
[2023-07-02T01:22:55.831+0000] {processor.py:826} INFO - Processing file /home/airflow/.local/lib/python3.7/site-packages/airflow/example_dags/example_latest_only_with_trigger.py for tasks to queue
[2023-07-02T01:22:55.834+0000] {logging_mixin.py:149} INFO - [2023-07-02T01:22:55.834+0000] {dagbag.py:541} INFO - Filling up the DagBag from /home/airflow/.local/lib/python3.7/site-packages/airflow/example_dags/example_latest_only_with_trigger.py
[2023-07-02T01:22:55.854+0000] {processor.py:836} INFO - DAG(s) dict_keys(['latest_only_with_trigger']) retrieved from /home/airflow/.local/lib/python3.7/site-packages/airflow/example_dags/example_latest_only_with_trigger.py
[2023-07-02T01:22:55.959+0000] {logging_mixin.py:149} INFO - [2023-07-02T01:22:55.959+0000] {dag.py:2726} INFO - Sync 1 DAGs
[2023-07-02T01:22:56.023+0000] {logging_mixin.py:149} INFO - [2023-07-02T01:22:56.022+0000] {dag.py:3490} INFO - Setting next_dagrun for latest_only_with_trigger to 2023-07-01T21:22:56.022245+00:00, run_after=2023-07-02T01:22:56.022245+00:00
[2023-07-02T01:22:56.090+0000] {processor.py:179} INFO - Processing /home/airflow/.local/lib/python3.7/site-packages/airflow/example_dags/example_latest_only_with_trigger.py took 0.275 seconds
[2023-07-02T01:23:26.619+0000] {processor.py:157} INFO - Started process (PID=514) to work on /home/airflow/.local/lib/python3.7/site-packages/airflow/example_dags/example_latest_only_with_trigger.py
[2023-07-02T01:23:26.621+0000] {processor.py:826} INFO - Processing file /home/airflow/.local/lib/python3.7/site-packages/airflow/example_dags/example_latest_only_with_trigger.py for tasks to queue
[2023-07-02T01:23:26.623+0000] {logging_mixin.py:149} INFO - [2023-07-02T01:23:26.622+0000] {dagbag.py:541} INFO - Filling up the DagBag from /home/airflow/.local/lib/python3.7/site-packages/airflow/example_dags/example_latest_only_with_trigger.py
[2023-07-02T01:23:26.645+0000] {processor.py:836} INFO - DAG(s) dict_keys(['latest_only_with_trigger']) retrieved from /home/airflow/.local/lib/python3.7/site-packages/airflow/example_dags/example_latest_only_with_trigger.py
[2023-07-02T01:23:26.718+0000] {logging_mixin.py:149} INFO - [2023-07-02T01:23:26.717+0000] {dag.py:2726} INFO - Sync 1 DAGs
[2023-07-02T01:23:26.785+0000] {logging_mixin.py:149} INFO - [2023-07-02T01:23:26.784+0000] {dag.py:3490} INFO - Setting next_dagrun for latest_only_with_trigger to 2023-07-01T21:23:26.783926+00:00, run_after=2023-07-02T01:23:26.783926+00:00
[2023-07-02T01:23:26.839+0000] {processor.py:179} INFO - Processing /home/airflow/.local/lib/python3.7/site-packages/airflow/example_dags/example_latest_only_with_trigger.py took 0.227 seconds
[2023-07-02T02:04:18.063+0000] {processor.py:157} INFO - Started process (PID=37) to work on /home/airflow/.local/lib/python3.7/site-packages/airflow/example_dags/example_latest_only_with_trigger.py
[2023-07-02T02:04:18.065+0000] {processor.py:826} INFO - Processing file /home/airflow/.local/lib/python3.7/site-packages/airflow/example_dags/example_latest_only_with_trigger.py for tasks to queue
[2023-07-02T02:04:18.066+0000] {logging_mixin.py:149} INFO - [2023-07-02T02:04:18.066+0000] {dagbag.py:541} INFO - Filling up the DagBag from /home/airflow/.local/lib/python3.7/site-packages/airflow/example_dags/example_latest_only_with_trigger.py
[2023-07-02T02:04:18.086+0000] {processor.py:836} INFO - DAG(s) dict_keys(['latest_only_with_trigger']) retrieved from /home/airflow/.local/lib/python3.7/site-packages/airflow/example_dags/example_latest_only_with_trigger.py
[2023-07-02T02:04:18.143+0000] {logging_mixin.py:149} INFO - [2023-07-02T02:04:18.142+0000] {dag.py:2726} INFO - Sync 1 DAGs
[2023-07-02T02:04:18.182+0000] {logging_mixin.py:149} INFO - [2023-07-02T02:04:18.181+0000] {dag.py:3490} INFO - Setting next_dagrun for latest_only_with_trigger to 2023-07-01T22:04:18.181665+00:00, run_after=2023-07-02T02:04:18.181665+00:00
[2023-07-02T02:04:18.209+0000] {processor.py:179} INFO - Processing /home/airflow/.local/lib/python3.7/site-packages/airflow/example_dags/example_latest_only_with_trigger.py took 0.151 seconds
[2023-07-02T02:04:48.673+0000] {processor.py:157} INFO - Started process (PID=95) to work on /home/airflow/.local/lib/python3.7/site-packages/airflow/example_dags/example_latest_only_with_trigger.py
[2023-07-02T02:04:48.675+0000] {processor.py:826} INFO - Processing file /home/airflow/.local/lib/python3.7/site-packages/airflow/example_dags/example_latest_only_with_trigger.py for tasks to queue
[2023-07-02T02:04:48.676+0000] {logging_mixin.py:149} INFO - [2023-07-02T02:04:48.676+0000] {dagbag.py:541} INFO - Filling up the DagBag from /home/airflow/.local/lib/python3.7/site-packages/airflow/example_dags/example_latest_only_with_trigger.py
[2023-07-02T02:04:48.684+0000] {processor.py:836} INFO - DAG(s) dict_keys(['latest_only_with_trigger']) retrieved from /home/airflow/.local/lib/python3.7/site-packages/airflow/example_dags/example_latest_only_with_trigger.py
[2023-07-02T02:04:48.721+0000] {logging_mixin.py:149} INFO - [2023-07-02T02:04:48.720+0000] {dag.py:2726} INFO - Sync 1 DAGs
[2023-07-02T02:04:48.754+0000] {logging_mixin.py:149} INFO - [2023-07-02T02:04:48.754+0000] {dag.py:3490} INFO - Setting next_dagrun for latest_only_with_trigger to 2023-07-01T22:04:48.754153+00:00, run_after=2023-07-02T02:04:48.754153+00:00
[2023-07-02T02:04:48.783+0000] {processor.py:179} INFO - Processing /home/airflow/.local/lib/python3.7/site-packages/airflow/example_dags/example_latest_only_with_trigger.py took 0.114 seconds
[2023-07-02T02:05:19.226+0000] {processor.py:157} INFO - Started process (PID=152) to work on /home/airflow/.local/lib/python3.7/site-packages/airflow/example_dags/example_latest_only_with_trigger.py
[2023-07-02T02:05:19.229+0000] {processor.py:826} INFO - Processing file /home/airflow/.local/lib/python3.7/site-packages/airflow/example_dags/example_latest_only_with_trigger.py for tasks to queue
[2023-07-02T02:05:19.231+0000] {logging_mixin.py:149} INFO - [2023-07-02T02:05:19.231+0000] {dagbag.py:541} INFO - Filling up the DagBag from /home/airflow/.local/lib/python3.7/site-packages/airflow/example_dags/example_latest_only_with_trigger.py
[2023-07-02T02:05:19.248+0000] {processor.py:836} INFO - DAG(s) dict_keys(['latest_only_with_trigger']) retrieved from /home/airflow/.local/lib/python3.7/site-packages/airflow/example_dags/example_latest_only_with_trigger.py
[2023-07-02T02:05:19.305+0000] {logging_mixin.py:149} INFO - [2023-07-02T02:05:19.305+0000] {dag.py:2726} INFO - Sync 1 DAGs
[2023-07-02T02:05:19.352+0000] {logging_mixin.py:149} INFO - [2023-07-02T02:05:19.352+0000] {dag.py:3490} INFO - Setting next_dagrun for latest_only_with_trigger to 2023-07-01T22:05:19.351705+00:00, run_after=2023-07-02T02:05:19.351705+00:00
[2023-07-02T02:05:19.403+0000] {processor.py:179} INFO - Processing /home/airflow/.local/lib/python3.7/site-packages/airflow/example_dags/example_latest_only_with_trigger.py took 0.187 seconds
[2023-07-02T02:05:50.038+0000] {processor.py:157} INFO - Started process (PID=211) to work on /home/airflow/.local/lib/python3.7/site-packages/airflow/example_dags/example_latest_only_with_trigger.py
[2023-07-02T02:05:50.043+0000] {processor.py:826} INFO - Processing file /home/airflow/.local/lib/python3.7/site-packages/airflow/example_dags/example_latest_only_with_trigger.py for tasks to queue
[2023-07-02T02:05:50.055+0000] {logging_mixin.py:149} INFO - [2023-07-02T02:05:50.054+0000] {dagbag.py:541} INFO - Filling up the DagBag from /home/airflow/.local/lib/python3.7/site-packages/airflow/example_dags/example_latest_only_with_trigger.py
[2023-07-02T02:05:50.088+0000] {processor.py:836} INFO - DAG(s) dict_keys(['latest_only_with_trigger']) retrieved from /home/airflow/.local/lib/python3.7/site-packages/airflow/example_dags/example_latest_only_with_trigger.py
[2023-07-02T02:05:50.143+0000] {logging_mixin.py:149} INFO - [2023-07-02T02:05:50.142+0000] {dag.py:2726} INFO - Sync 1 DAGs
[2023-07-02T02:05:50.194+0000] {logging_mixin.py:149} INFO - [2023-07-02T02:05:50.194+0000] {dag.py:3490} INFO - Setting next_dagrun for latest_only_with_trigger to 2023-07-01T22:05:50.193472+00:00, run_after=2023-07-02T02:05:50.193472+00:00
[2023-07-02T02:05:50.245+0000] {processor.py:179} INFO - Processing /home/airflow/.local/lib/python3.7/site-packages/airflow/example_dags/example_latest_only_with_trigger.py took 0.217 seconds
[2023-07-02T02:06:21.144+0000] {processor.py:157} INFO - Started process (PID=269) to work on /home/airflow/.local/lib/python3.7/site-packages/airflow/example_dags/example_latest_only_with_trigger.py
[2023-07-02T02:06:21.147+0000] {processor.py:826} INFO - Processing file /home/airflow/.local/lib/python3.7/site-packages/airflow/example_dags/example_latest_only_with_trigger.py for tasks to queue
[2023-07-02T02:06:21.149+0000] {logging_mixin.py:149} INFO - [2023-07-02T02:06:21.149+0000] {dagbag.py:541} INFO - Filling up the DagBag from /home/airflow/.local/lib/python3.7/site-packages/airflow/example_dags/example_latest_only_with_trigger.py
[2023-07-02T02:06:21.166+0000] {processor.py:836} INFO - DAG(s) dict_keys(['latest_only_with_trigger']) retrieved from /home/airflow/.local/lib/python3.7/site-packages/airflow/example_dags/example_latest_only_with_trigger.py
[2023-07-02T02:06:21.318+0000] {logging_mixin.py:149} INFO - [2023-07-02T02:06:21.317+0000] {dag.py:2726} INFO - Sync 1 DAGs
[2023-07-02T02:06:21.377+0000] {logging_mixin.py:149} INFO - [2023-07-02T02:06:21.376+0000] {dag.py:3490} INFO - Setting next_dagrun for latest_only_with_trigger to 2023-07-01T22:06:21.376055+00:00, run_after=2023-07-02T02:06:21.376055+00:00
[2023-07-02T02:06:21.446+0000] {processor.py:179} INFO - Processing /home/airflow/.local/lib/python3.7/site-packages/airflow/example_dags/example_latest_only_with_trigger.py took 0.311 seconds
[2023-07-02T02:06:51.586+0000] {processor.py:157} INFO - Started process (PID=327) to work on /home/airflow/.local/lib/python3.7/site-packages/airflow/example_dags/example_latest_only_with_trigger.py
[2023-07-02T02:06:51.588+0000] {processor.py:826} INFO - Processing file /home/airflow/.local/lib/python3.7/site-packages/airflow/example_dags/example_latest_only_with_trigger.py for tasks to queue
[2023-07-02T02:06:51.590+0000] {logging_mixin.py:149} INFO - [2023-07-02T02:06:51.590+0000] {dagbag.py:541} INFO - Filling up the DagBag from /home/airflow/.local/lib/python3.7/site-packages/airflow/example_dags/example_latest_only_with_trigger.py
[2023-07-02T02:06:51.600+0000] {processor.py:836} INFO - DAG(s) dict_keys(['latest_only_with_trigger']) retrieved from /home/airflow/.local/lib/python3.7/site-packages/airflow/example_dags/example_latest_only_with_trigger.py
[2023-07-02T02:06:51.644+0000] {logging_mixin.py:149} INFO - [2023-07-02T02:06:51.643+0000] {dag.py:2726} INFO - Sync 1 DAGs
[2023-07-02T02:06:51.681+0000] {logging_mixin.py:149} INFO - [2023-07-02T02:06:51.680+0000] {dag.py:3490} INFO - Setting next_dagrun for latest_only_with_trigger to 2023-07-01T22:06:51.680528+00:00, run_after=2023-07-02T02:06:51.680528+00:00
[2023-07-02T02:06:51.713+0000] {processor.py:179} INFO - Processing /home/airflow/.local/lib/python3.7/site-packages/airflow/example_dags/example_latest_only_with_trigger.py took 0.134 seconds
[2023-07-02T02:12:37.954+0000] {processor.py:157} INFO - Started process (PID=37) to work on /home/airflow/.local/lib/python3.7/site-packages/airflow/example_dags/example_latest_only_with_trigger.py
[2023-07-02T02:12:37.963+0000] {processor.py:826} INFO - Processing file /home/airflow/.local/lib/python3.7/site-packages/airflow/example_dags/example_latest_only_with_trigger.py for tasks to queue
[2023-07-02T02:12:37.964+0000] {logging_mixin.py:149} INFO - [2023-07-02T02:12:37.964+0000] {dagbag.py:541} INFO - Filling up the DagBag from /home/airflow/.local/lib/python3.7/site-packages/airflow/example_dags/example_latest_only_with_trigger.py
[2023-07-02T02:12:37.990+0000] {processor.py:836} INFO - DAG(s) dict_keys(['latest_only_with_trigger']) retrieved from /home/airflow/.local/lib/python3.7/site-packages/airflow/example_dags/example_latest_only_with_trigger.py
[2023-07-02T02:12:38.077+0000] {logging_mixin.py:149} INFO - [2023-07-02T02:12:38.077+0000] {dag.py:2726} INFO - Sync 1 DAGs
[2023-07-02T02:12:38.115+0000] {logging_mixin.py:149} INFO - [2023-07-02T02:12:38.115+0000] {dag.py:3490} INFO - Setting next_dagrun for latest_only_with_trigger to 2023-07-01T22:12:38.115084+00:00, run_after=2023-07-02T02:12:38.115084+00:00
[2023-07-02T02:12:38.306+0000] {processor.py:179} INFO - Processing /home/airflow/.local/lib/python3.7/site-packages/airflow/example_dags/example_latest_only_with_trigger.py took 0.357 seconds
[2023-07-02T02:13:09.028+0000] {processor.py:157} INFO - Started process (PID=98) to work on /home/airflow/.local/lib/python3.7/site-packages/airflow/example_dags/example_latest_only_with_trigger.py
[2023-07-02T02:13:09.030+0000] {processor.py:826} INFO - Processing file /home/airflow/.local/lib/python3.7/site-packages/airflow/example_dags/example_latest_only_with_trigger.py for tasks to queue
[2023-07-02T02:13:09.031+0000] {logging_mixin.py:149} INFO - [2023-07-02T02:13:09.031+0000] {dagbag.py:541} INFO - Filling up the DagBag from /home/airflow/.local/lib/python3.7/site-packages/airflow/example_dags/example_latest_only_with_trigger.py
[2023-07-02T02:13:09.155+0000] {processor.py:836} INFO - DAG(s) dict_keys(['latest_only_with_trigger']) retrieved from /home/airflow/.local/lib/python3.7/site-packages/airflow/example_dags/example_latest_only_with_trigger.py
[2023-07-02T02:13:09.188+0000] {logging_mixin.py:149} INFO - [2023-07-02T02:13:09.188+0000] {dag.py:2726} INFO - Sync 1 DAGs
[2023-07-02T02:13:09.219+0000] {logging_mixin.py:149} INFO - [2023-07-02T02:13:09.219+0000] {dag.py:3490} INFO - Setting next_dagrun for latest_only_with_trigger to 2023-07-01T22:13:09.218802+00:00, run_after=2023-07-02T02:13:09.218802+00:00
[2023-07-02T02:13:09.244+0000] {processor.py:179} INFO - Processing /home/airflow/.local/lib/python3.7/site-packages/airflow/example_dags/example_latest_only_with_trigger.py took 0.220 seconds
[2023-07-02T02:13:40.035+0000] {processor.py:157} INFO - Started process (PID=156) to work on /home/airflow/.local/lib/python3.7/site-packages/airflow/example_dags/example_latest_only_with_trigger.py
[2023-07-02T02:13:40.037+0000] {processor.py:826} INFO - Processing file /home/airflow/.local/lib/python3.7/site-packages/airflow/example_dags/example_latest_only_with_trigger.py for tasks to queue
[2023-07-02T02:13:40.038+0000] {logging_mixin.py:149} INFO - [2023-07-02T02:13:40.038+0000] {dagbag.py:541} INFO - Filling up the DagBag from /home/airflow/.local/lib/python3.7/site-packages/airflow/example_dags/example_latest_only_with_trigger.py
[2023-07-02T02:13:40.049+0000] {processor.py:836} INFO - DAG(s) dict_keys(['latest_only_with_trigger']) retrieved from /home/airflow/.local/lib/python3.7/site-packages/airflow/example_dags/example_latest_only_with_trigger.py
[2023-07-02T02:13:40.085+0000] {logging_mixin.py:149} INFO - [2023-07-02T02:13:40.084+0000] {dag.py:2726} INFO - Sync 1 DAGs
[2023-07-02T02:13:40.122+0000] {logging_mixin.py:149} INFO - [2023-07-02T02:13:40.122+0000] {dag.py:3490} INFO - Setting next_dagrun for latest_only_with_trigger to 2023-07-01T22:13:40.122219+00:00, run_after=2023-07-02T02:13:40.122219+00:00
[2023-07-02T02:13:40.153+0000] {processor.py:179} INFO - Processing /home/airflow/.local/lib/python3.7/site-packages/airflow/example_dags/example_latest_only_with_trigger.py took 0.126 seconds
[2023-07-02T02:14:10.559+0000] {processor.py:157} INFO - Started process (PID=214) to work on /home/airflow/.local/lib/python3.7/site-packages/airflow/example_dags/example_latest_only_with_trigger.py
[2023-07-02T02:14:10.560+0000] {processor.py:826} INFO - Processing file /home/airflow/.local/lib/python3.7/site-packages/airflow/example_dags/example_latest_only_with_trigger.py for tasks to queue
[2023-07-02T02:14:10.562+0000] {logging_mixin.py:149} INFO - [2023-07-02T02:14:10.561+0000] {dagbag.py:541} INFO - Filling up the DagBag from /home/airflow/.local/lib/python3.7/site-packages/airflow/example_dags/example_latest_only_with_trigger.py
[2023-07-02T02:14:10.570+0000] {processor.py:836} INFO - DAG(s) dict_keys(['latest_only_with_trigger']) retrieved from /home/airflow/.local/lib/python3.7/site-packages/airflow/example_dags/example_latest_only_with_trigger.py
[2023-07-02T02:14:10.606+0000] {logging_mixin.py:149} INFO - [2023-07-02T02:14:10.605+0000] {dag.py:2726} INFO - Sync 1 DAGs
[2023-07-02T02:14:10.657+0000] {logging_mixin.py:149} INFO - [2023-07-02T02:14:10.656+0000] {dag.py:3490} INFO - Setting next_dagrun for latest_only_with_trigger to 2023-07-01T22:14:10.656620+00:00, run_after=2023-07-02T02:14:10.656620+00:00
[2023-07-02T02:14:10.681+0000] {processor.py:179} INFO - Processing /home/airflow/.local/lib/python3.7/site-packages/airflow/example_dags/example_latest_only_with_trigger.py took 0.127 seconds
[2023-07-02T02:14:41.262+0000] {processor.py:157} INFO - Started process (PID=272) to work on /home/airflow/.local/lib/python3.7/site-packages/airflow/example_dags/example_latest_only_with_trigger.py
[2023-07-02T02:14:41.263+0000] {processor.py:826} INFO - Processing file /home/airflow/.local/lib/python3.7/site-packages/airflow/example_dags/example_latest_only_with_trigger.py for tasks to queue
[2023-07-02T02:14:41.264+0000] {logging_mixin.py:149} INFO - [2023-07-02T02:14:41.264+0000] {dagbag.py:541} INFO - Filling up the DagBag from /home/airflow/.local/lib/python3.7/site-packages/airflow/example_dags/example_latest_only_with_trigger.py
[2023-07-02T02:14:41.274+0000] {processor.py:836} INFO - DAG(s) dict_keys(['latest_only_with_trigger']) retrieved from /home/airflow/.local/lib/python3.7/site-packages/airflow/example_dags/example_latest_only_with_trigger.py
[2023-07-02T02:14:41.435+0000] {logging_mixin.py:149} INFO - [2023-07-02T02:14:41.434+0000] {dag.py:2726} INFO - Sync 1 DAGs
[2023-07-02T02:14:41.464+0000] {logging_mixin.py:149} INFO - [2023-07-02T02:14:41.464+0000] {dag.py:3490} INFO - Setting next_dagrun for latest_only_with_trigger to 2023-07-01T22:14:41.463966+00:00, run_after=2023-07-02T02:14:41.463966+00:00
[2023-07-02T02:14:41.489+0000] {processor.py:179} INFO - Processing /home/airflow/.local/lib/python3.7/site-packages/airflow/example_dags/example_latest_only_with_trigger.py took 0.231 seconds
[2023-07-02T02:15:11.592+0000] {processor.py:157} INFO - Started process (PID=330) to work on /home/airflow/.local/lib/python3.7/site-packages/airflow/example_dags/example_latest_only_with_trigger.py
[2023-07-02T02:15:11.593+0000] {processor.py:826} INFO - Processing file /home/airflow/.local/lib/python3.7/site-packages/airflow/example_dags/example_latest_only_with_trigger.py for tasks to queue
[2023-07-02T02:15:11.594+0000] {logging_mixin.py:149} INFO - [2023-07-02T02:15:11.594+0000] {dagbag.py:541} INFO - Filling up the DagBag from /home/airflow/.local/lib/python3.7/site-packages/airflow/example_dags/example_latest_only_with_trigger.py
[2023-07-02T02:15:11.602+0000] {processor.py:836} INFO - DAG(s) dict_keys(['latest_only_with_trigger']) retrieved from /home/airflow/.local/lib/python3.7/site-packages/airflow/example_dags/example_latest_only_with_trigger.py
[2023-07-02T02:15:11.632+0000] {logging_mixin.py:149} INFO - [2023-07-02T02:15:11.632+0000] {dag.py:2726} INFO - Sync 1 DAGs
[2023-07-02T02:15:11.664+0000] {logging_mixin.py:149} INFO - [2023-07-02T02:15:11.664+0000] {dag.py:3490} INFO - Setting next_dagrun for latest_only_with_trigger to 2023-07-01T22:15:11.664040+00:00, run_after=2023-07-02T02:15:11.664040+00:00
[2023-07-02T02:15:11.685+0000] {processor.py:179} INFO - Processing /home/airflow/.local/lib/python3.7/site-packages/airflow/example_dags/example_latest_only_with_trigger.py took 0.097 seconds
[2023-07-02T02:15:41.851+0000] {processor.py:157} INFO - Started process (PID=387) to work on /home/airflow/.local/lib/python3.7/site-packages/airflow/example_dags/example_latest_only_with_trigger.py
[2023-07-02T02:15:41.853+0000] {processor.py:826} INFO - Processing file /home/airflow/.local/lib/python3.7/site-packages/airflow/example_dags/example_latest_only_with_trigger.py for tasks to queue
[2023-07-02T02:15:41.855+0000] {logging_mixin.py:149} INFO - [2023-07-02T02:15:41.854+0000] {dagbag.py:541} INFO - Filling up the DagBag from /home/airflow/.local/lib/python3.7/site-packages/airflow/example_dags/example_latest_only_with_trigger.py
[2023-07-02T02:15:41.863+0000] {processor.py:836} INFO - DAG(s) dict_keys(['latest_only_with_trigger']) retrieved from /home/airflow/.local/lib/python3.7/site-packages/airflow/example_dags/example_latest_only_with_trigger.py
[2023-07-02T02:15:42.030+0000] {logging_mixin.py:149} INFO - [2023-07-02T02:15:42.030+0000] {dag.py:2726} INFO - Sync 1 DAGs
[2023-07-02T02:15:42.063+0000] {logging_mixin.py:149} INFO - [2023-07-02T02:15:42.062+0000] {dag.py:3490} INFO - Setting next_dagrun for latest_only_with_trigger to 2023-07-01T22:15:42.062668+00:00, run_after=2023-07-02T02:15:42.062668+00:00
[2023-07-02T02:15:42.095+0000] {processor.py:179} INFO - Processing /home/airflow/.local/lib/python3.7/site-packages/airflow/example_dags/example_latest_only_with_trigger.py took 0.249 seconds
[2023-07-02T02:16:12.580+0000] {processor.py:157} INFO - Started process (PID=445) to work on /home/airflow/.local/lib/python3.7/site-packages/airflow/example_dags/example_latest_only_with_trigger.py
[2023-07-02T02:16:12.581+0000] {processor.py:826} INFO - Processing file /home/airflow/.local/lib/python3.7/site-packages/airflow/example_dags/example_latest_only_with_trigger.py for tasks to queue
[2023-07-02T02:16:12.583+0000] {logging_mixin.py:149} INFO - [2023-07-02T02:16:12.582+0000] {dagbag.py:541} INFO - Filling up the DagBag from /home/airflow/.local/lib/python3.7/site-packages/airflow/example_dags/example_latest_only_with_trigger.py
[2023-07-02T02:16:12.591+0000] {processor.py:836} INFO - DAG(s) dict_keys(['latest_only_with_trigger']) retrieved from /home/airflow/.local/lib/python3.7/site-packages/airflow/example_dags/example_latest_only_with_trigger.py
[2023-07-02T02:16:12.621+0000] {logging_mixin.py:149} INFO - [2023-07-02T02:16:12.620+0000] {dag.py:2726} INFO - Sync 1 DAGs
[2023-07-02T02:16:12.653+0000] {logging_mixin.py:149} INFO - [2023-07-02T02:16:12.653+0000] {dag.py:3490} INFO - Setting next_dagrun for latest_only_with_trigger to 2023-07-01T22:16:12.652752+00:00, run_after=2023-07-02T02:16:12.652752+00:00
[2023-07-02T02:16:12.676+0000] {processor.py:179} INFO - Processing /home/airflow/.local/lib/python3.7/site-packages/airflow/example_dags/example_latest_only_with_trigger.py took 0.101 seconds
[2023-07-02T02:16:43.880+0000] {processor.py:157} INFO - Started process (PID=504) to work on /home/airflow/.local/lib/python3.7/site-packages/airflow/example_dags/example_latest_only_with_trigger.py
[2023-07-02T02:16:43.881+0000] {processor.py:826} INFO - Processing file /home/airflow/.local/lib/python3.7/site-packages/airflow/example_dags/example_latest_only_with_trigger.py for tasks to queue
[2023-07-02T02:16:43.884+0000] {logging_mixin.py:149} INFO - [2023-07-02T02:16:43.884+0000] {dagbag.py:541} INFO - Filling up the DagBag from /home/airflow/.local/lib/python3.7/site-packages/airflow/example_dags/example_latest_only_with_trigger.py
[2023-07-02T02:16:43.898+0000] {processor.py:836} INFO - DAG(s) dict_keys(['latest_only_with_trigger']) retrieved from /home/airflow/.local/lib/python3.7/site-packages/airflow/example_dags/example_latest_only_with_trigger.py
[2023-07-02T02:16:43.977+0000] {logging_mixin.py:149} INFO - [2023-07-02T02:16:43.975+0000] {dag.py:2726} INFO - Sync 1 DAGs
[2023-07-02T02:16:44.065+0000] {logging_mixin.py:149} INFO - [2023-07-02T02:16:44.065+0000] {dag.py:3490} INFO - Setting next_dagrun for latest_only_with_trigger to 2023-07-01T22:16:44.065107+00:00, run_after=2023-07-02T02:16:44.065107+00:00
[2023-07-02T02:16:44.096+0000] {processor.py:179} INFO - Processing /home/airflow/.local/lib/python3.7/site-packages/airflow/example_dags/example_latest_only_with_trigger.py took 0.222 seconds
[2023-07-02T02:17:14.124+0000] {processor.py:157} INFO - Started process (PID=563) to work on /home/airflow/.local/lib/python3.7/site-packages/airflow/example_dags/example_latest_only_with_trigger.py
[2023-07-02T02:17:14.125+0000] {processor.py:826} INFO - Processing file /home/airflow/.local/lib/python3.7/site-packages/airflow/example_dags/example_latest_only_with_trigger.py for tasks to queue
[2023-07-02T02:17:14.127+0000] {logging_mixin.py:149} INFO - [2023-07-02T02:17:14.127+0000] {dagbag.py:541} INFO - Filling up the DagBag from /home/airflow/.local/lib/python3.7/site-packages/airflow/example_dags/example_latest_only_with_trigger.py
[2023-07-02T02:17:14.135+0000] {processor.py:836} INFO - DAG(s) dict_keys(['latest_only_with_trigger']) retrieved from /home/airflow/.local/lib/python3.7/site-packages/airflow/example_dags/example_latest_only_with_trigger.py
[2023-07-02T02:17:14.168+0000] {logging_mixin.py:149} INFO - [2023-07-02T02:17:14.168+0000] {dag.py:2726} INFO - Sync 1 DAGs
[2023-07-02T02:17:14.203+0000] {logging_mixin.py:149} INFO - [2023-07-02T02:17:14.203+0000] {dag.py:3490} INFO - Setting next_dagrun for latest_only_with_trigger to 2023-07-01T22:17:14.202486+00:00, run_after=2023-07-02T02:17:14.202486+00:00
[2023-07-02T02:17:14.234+0000] {processor.py:179} INFO - Processing /home/airflow/.local/lib/python3.7/site-packages/airflow/example_dags/example_latest_only_with_trigger.py took 0.114 seconds
[2023-07-02T02:17:44.596+0000] {processor.py:157} INFO - Started process (PID=622) to work on /home/airflow/.local/lib/python3.7/site-packages/airflow/example_dags/example_latest_only_with_trigger.py
[2023-07-02T02:17:44.598+0000] {processor.py:826} INFO - Processing file /home/airflow/.local/lib/python3.7/site-packages/airflow/example_dags/example_latest_only_with_trigger.py for tasks to queue
[2023-07-02T02:17:44.599+0000] {logging_mixin.py:149} INFO - [2023-07-02T02:17:44.599+0000] {dagbag.py:541} INFO - Filling up the DagBag from /home/airflow/.local/lib/python3.7/site-packages/airflow/example_dags/example_latest_only_with_trigger.py
[2023-07-02T02:17:44.609+0000] {processor.py:836} INFO - DAG(s) dict_keys(['latest_only_with_trigger']) retrieved from /home/airflow/.local/lib/python3.7/site-packages/airflow/example_dags/example_latest_only_with_trigger.py
[2023-07-02T02:17:44.666+0000] {logging_mixin.py:149} INFO - [2023-07-02T02:17:44.666+0000] {dag.py:2726} INFO - Sync 1 DAGs
[2023-07-02T02:17:44.706+0000] {logging_mixin.py:149} INFO - [2023-07-02T02:17:44.706+0000] {dag.py:3490} INFO - Setting next_dagrun for latest_only_with_trigger to 2023-07-01T22:17:44.705958+00:00, run_after=2023-07-02T02:17:44.705958+00:00
[2023-07-02T02:17:44.752+0000] {processor.py:179} INFO - Processing /home/airflow/.local/lib/python3.7/site-packages/airflow/example_dags/example_latest_only_with_trigger.py took 0.163 seconds
[2023-07-02T02:18:15.138+0000] {processor.py:157} INFO - Started process (PID=680) to work on /home/airflow/.local/lib/python3.7/site-packages/airflow/example_dags/example_latest_only_with_trigger.py
[2023-07-02T02:18:15.140+0000] {processor.py:826} INFO - Processing file /home/airflow/.local/lib/python3.7/site-packages/airflow/example_dags/example_latest_only_with_trigger.py for tasks to queue
[2023-07-02T02:18:15.141+0000] {logging_mixin.py:149} INFO - [2023-07-02T02:18:15.141+0000] {dagbag.py:541} INFO - Filling up the DagBag from /home/airflow/.local/lib/python3.7/site-packages/airflow/example_dags/example_latest_only_with_trigger.py
[2023-07-02T02:18:15.149+0000] {processor.py:836} INFO - DAG(s) dict_keys(['latest_only_with_trigger']) retrieved from /home/airflow/.local/lib/python3.7/site-packages/airflow/example_dags/example_latest_only_with_trigger.py
[2023-07-02T02:18:15.180+0000] {logging_mixin.py:149} INFO - [2023-07-02T02:18:15.180+0000] {dag.py:2726} INFO - Sync 1 DAGs
[2023-07-02T02:18:15.214+0000] {logging_mixin.py:149} INFO - [2023-07-02T02:18:15.214+0000] {dag.py:3490} INFO - Setting next_dagrun for latest_only_with_trigger to 2023-07-01T22:18:15.214379+00:00, run_after=2023-07-02T02:18:15.214379+00:00
[2023-07-02T02:18:15.239+0000] {processor.py:179} INFO - Processing /home/airflow/.local/lib/python3.7/site-packages/airflow/example_dags/example_latest_only_with_trigger.py took 0.105 seconds
[2023-07-02T02:18:45.666+0000] {processor.py:157} INFO - Started process (PID=738) to work on /home/airflow/.local/lib/python3.7/site-packages/airflow/example_dags/example_latest_only_with_trigger.py
[2023-07-02T02:18:45.667+0000] {processor.py:826} INFO - Processing file /home/airflow/.local/lib/python3.7/site-packages/airflow/example_dags/example_latest_only_with_trigger.py for tasks to queue
[2023-07-02T02:18:45.668+0000] {logging_mixin.py:149} INFO - [2023-07-02T02:18:45.668+0000] {dagbag.py:541} INFO - Filling up the DagBag from /home/airflow/.local/lib/python3.7/site-packages/airflow/example_dags/example_latest_only_with_trigger.py
[2023-07-02T02:18:45.677+0000] {processor.py:836} INFO - DAG(s) dict_keys(['latest_only_with_trigger']) retrieved from /home/airflow/.local/lib/python3.7/site-packages/airflow/example_dags/example_latest_only_with_trigger.py
[2023-07-02T02:18:45.707+0000] {logging_mixin.py:149} INFO - [2023-07-02T02:18:45.707+0000] {dag.py:2726} INFO - Sync 1 DAGs
[2023-07-02T02:18:45.741+0000] {logging_mixin.py:149} INFO - [2023-07-02T02:18:45.741+0000] {dag.py:3490} INFO - Setting next_dagrun for latest_only_with_trigger to 2023-07-01T22:18:45.741130+00:00, run_after=2023-07-02T02:18:45.741130+00:00
[2023-07-02T02:18:45.767+0000] {processor.py:179} INFO - Processing /home/airflow/.local/lib/python3.7/site-packages/airflow/example_dags/example_latest_only_with_trigger.py took 0.105 seconds
[2023-07-02T02:19:15.833+0000] {processor.py:157} INFO - Started process (PID=795) to work on /home/airflow/.local/lib/python3.7/site-packages/airflow/example_dags/example_latest_only_with_trigger.py
[2023-07-02T02:19:15.835+0000] {processor.py:826} INFO - Processing file /home/airflow/.local/lib/python3.7/site-packages/airflow/example_dags/example_latest_only_with_trigger.py for tasks to queue
[2023-07-02T02:19:15.836+0000] {logging_mixin.py:149} INFO - [2023-07-02T02:19:15.836+0000] {dagbag.py:541} INFO - Filling up the DagBag from /home/airflow/.local/lib/python3.7/site-packages/airflow/example_dags/example_latest_only_with_trigger.py
[2023-07-02T02:19:15.844+0000] {processor.py:836} INFO - DAG(s) dict_keys(['latest_only_with_trigger']) retrieved from /home/airflow/.local/lib/python3.7/site-packages/airflow/example_dags/example_latest_only_with_trigger.py
[2023-07-02T02:19:15.880+0000] {logging_mixin.py:149} INFO - [2023-07-02T02:19:15.880+0000] {dag.py:2726} INFO - Sync 1 DAGs
[2023-07-02T02:19:15.916+0000] {logging_mixin.py:149} INFO - [2023-07-02T02:19:15.916+0000] {dag.py:3490} INFO - Setting next_dagrun for latest_only_with_trigger to 2023-07-01T22:19:15.916168+00:00, run_after=2023-07-02T02:19:15.916168+00:00
[2023-07-02T02:19:15.942+0000] {processor.py:179} INFO - Processing /home/airflow/.local/lib/python3.7/site-packages/airflow/example_dags/example_latest_only_with_trigger.py took 0.113 seconds
[2023-07-02T02:19:46.969+0000] {processor.py:157} INFO - Started process (PID=853) to work on /home/airflow/.local/lib/python3.7/site-packages/airflow/example_dags/example_latest_only_with_trigger.py
[2023-07-02T02:19:46.971+0000] {processor.py:826} INFO - Processing file /home/airflow/.local/lib/python3.7/site-packages/airflow/example_dags/example_latest_only_with_trigger.py for tasks to queue
[2023-07-02T02:19:46.973+0000] {logging_mixin.py:149} INFO - [2023-07-02T02:19:46.973+0000] {dagbag.py:541} INFO - Filling up the DagBag from /home/airflow/.local/lib/python3.7/site-packages/airflow/example_dags/example_latest_only_with_trigger.py
[2023-07-02T02:19:46.982+0000] {processor.py:836} INFO - DAG(s) dict_keys(['latest_only_with_trigger']) retrieved from /home/airflow/.local/lib/python3.7/site-packages/airflow/example_dags/example_latest_only_with_trigger.py
[2023-07-02T02:19:47.020+0000] {logging_mixin.py:149} INFO - [2023-07-02T02:19:47.019+0000] {dag.py:2726} INFO - Sync 1 DAGs
[2023-07-02T02:19:47.052+0000] {logging_mixin.py:149} INFO - [2023-07-02T02:19:47.052+0000] {dag.py:3490} INFO - Setting next_dagrun for latest_only_with_trigger to 2023-07-01T22:19:47.051997+00:00, run_after=2023-07-02T02:19:47.051997+00:00
[2023-07-02T02:19:47.076+0000] {processor.py:179} INFO - Processing /home/airflow/.local/lib/python3.7/site-packages/airflow/example_dags/example_latest_only_with_trigger.py took 0.112 seconds
[2023-07-02T02:20:17.469+0000] {processor.py:157} INFO - Started process (PID=912) to work on /home/airflow/.local/lib/python3.7/site-packages/airflow/example_dags/example_latest_only_with_trigger.py
[2023-07-02T02:20:17.470+0000] {processor.py:826} INFO - Processing file /home/airflow/.local/lib/python3.7/site-packages/airflow/example_dags/example_latest_only_with_trigger.py for tasks to queue
[2023-07-02T02:20:17.471+0000] {logging_mixin.py:149} INFO - [2023-07-02T02:20:17.471+0000] {dagbag.py:541} INFO - Filling up the DagBag from /home/airflow/.local/lib/python3.7/site-packages/airflow/example_dags/example_latest_only_with_trigger.py
[2023-07-02T02:20:17.479+0000] {processor.py:836} INFO - DAG(s) dict_keys(['latest_only_with_trigger']) retrieved from /home/airflow/.local/lib/python3.7/site-packages/airflow/example_dags/example_latest_only_with_trigger.py
[2023-07-02T02:20:17.516+0000] {logging_mixin.py:149} INFO - [2023-07-02T02:20:17.516+0000] {dag.py:2726} INFO - Sync 1 DAGs
[2023-07-02T02:20:17.550+0000] {logging_mixin.py:149} INFO - [2023-07-02T02:20:17.550+0000] {dag.py:3490} INFO - Setting next_dagrun for latest_only_with_trigger to 2023-07-01T22:20:17.550219+00:00, run_after=2023-07-02T02:20:17.550219+00:00
[2023-07-02T02:20:17.575+0000] {processor.py:179} INFO - Processing /home/airflow/.local/lib/python3.7/site-packages/airflow/example_dags/example_latest_only_with_trigger.py took 0.110 seconds
[2023-07-02T02:20:47.895+0000] {processor.py:157} INFO - Started process (PID=970) to work on /home/airflow/.local/lib/python3.7/site-packages/airflow/example_dags/example_latest_only_with_trigger.py
[2023-07-02T02:20:47.897+0000] {processor.py:826} INFO - Processing file /home/airflow/.local/lib/python3.7/site-packages/airflow/example_dags/example_latest_only_with_trigger.py for tasks to queue
[2023-07-02T02:20:47.898+0000] {logging_mixin.py:149} INFO - [2023-07-02T02:20:47.898+0000] {dagbag.py:541} INFO - Filling up the DagBag from /home/airflow/.local/lib/python3.7/site-packages/airflow/example_dags/example_latest_only_with_trigger.py
[2023-07-02T02:20:47.906+0000] {processor.py:836} INFO - DAG(s) dict_keys(['latest_only_with_trigger']) retrieved from /home/airflow/.local/lib/python3.7/site-packages/airflow/example_dags/example_latest_only_with_trigger.py
[2023-07-02T02:20:47.940+0000] {logging_mixin.py:149} INFO - [2023-07-02T02:20:47.939+0000] {dag.py:2726} INFO - Sync 1 DAGs
[2023-07-02T02:20:47.972+0000] {logging_mixin.py:149} INFO - [2023-07-02T02:20:47.972+0000] {dag.py:3490} INFO - Setting next_dagrun for latest_only_with_trigger to 2023-07-01T22:20:47.972342+00:00, run_after=2023-07-02T02:20:47.972342+00:00
[2023-07-02T02:20:47.996+0000] {processor.py:179} INFO - Processing /home/airflow/.local/lib/python3.7/site-packages/airflow/example_dags/example_latest_only_with_trigger.py took 0.106 seconds
[2023-07-02T02:21:18.193+0000] {processor.py:157} INFO - Started process (PID=1028) to work on /home/airflow/.local/lib/python3.7/site-packages/airflow/example_dags/example_latest_only_with_trigger.py
[2023-07-02T02:21:18.194+0000] {processor.py:826} INFO - Processing file /home/airflow/.local/lib/python3.7/site-packages/airflow/example_dags/example_latest_only_with_trigger.py for tasks to queue
[2023-07-02T02:21:18.195+0000] {logging_mixin.py:149} INFO - [2023-07-02T02:21:18.195+0000] {dagbag.py:541} INFO - Filling up the DagBag from /home/airflow/.local/lib/python3.7/site-packages/airflow/example_dags/example_latest_only_with_trigger.py
[2023-07-02T02:21:18.203+0000] {processor.py:836} INFO - DAG(s) dict_keys(['latest_only_with_trigger']) retrieved from /home/airflow/.local/lib/python3.7/site-packages/airflow/example_dags/example_latest_only_with_trigger.py
[2023-07-02T02:21:18.235+0000] {logging_mixin.py:149} INFO - [2023-07-02T02:21:18.235+0000] {dag.py:2726} INFO - Sync 1 DAGs
[2023-07-02T02:21:18.271+0000] {logging_mixin.py:149} INFO - [2023-07-02T02:21:18.270+0000] {dag.py:3490} INFO - Setting next_dagrun for latest_only_with_trigger to 2023-07-01T22:21:18.270596+00:00, run_after=2023-07-02T02:21:18.270596+00:00
[2023-07-02T02:21:18.295+0000] {processor.py:179} INFO - Processing /home/airflow/.local/lib/python3.7/site-packages/airflow/example_dags/example_latest_only_with_trigger.py took 0.106 seconds
