[2023-07-02T01:19:11.934+0000] {processor.py:157} INFO - Started process (PID=47) to work on /home/airflow/.local/lib/python3.7/site-packages/airflow/example_dags/example_trigger_target_dag.py
[2023-07-02T01:19:11.937+0000] {processor.py:826} INFO - Processing file /home/airflow/.local/lib/python3.7/site-packages/airflow/example_dags/example_trigger_target_dag.py for tasks to queue
[2023-07-02T01:19:11.955+0000] {logging_mixin.py:149} INFO - [2023-07-02T01:19:11.954+0000] {dagbag.py:541} INFO - Filling up the DagBag from /home/airflow/.local/lib/python3.7/site-packages/airflow/example_dags/example_trigger_target_dag.py
[2023-07-02T01:19:11.991+0000] {processor.py:836} INFO - DAG(s) dict_keys(['example_trigger_target_dag']) retrieved from /home/airflow/.local/lib/python3.7/site-packages/airflow/example_dags/example_trigger_target_dag.py
[2023-07-02T01:19:12.326+0000] {logging_mixin.py:149} INFO - [2023-07-02T01:19:12.325+0000] {manager.py:504} INFO - Created Permission View: can delete on DAG:example_trigger_target_dag
[2023-07-02T01:19:12.367+0000] {logging_mixin.py:149} INFO - [2023-07-02T01:19:12.367+0000] {manager.py:504} INFO - Created Permission View: can edit on DAG:example_trigger_target_dag
[2023-07-02T01:19:12.447+0000] {logging_mixin.py:149} INFO - [2023-07-02T01:19:12.447+0000] {manager.py:504} INFO - Created Permission View: can read on DAG:example_trigger_target_dag
[2023-07-02T01:19:12.499+0000] {logging_mixin.py:149} INFO - [2023-07-02T01:19:12.499+0000] {dag.py:2726} INFO - Sync 1 DAGs
[2023-07-02T01:19:12.533+0000] {logging_mixin.py:149} INFO - [2023-07-02T01:19:12.533+0000] {dag.py:2747} INFO - Creating ORM DAG for example_trigger_target_dag
[2023-07-02T01:19:12.574+0000] {logging_mixin.py:149} INFO - [2023-07-02T01:19:12.573+0000] {dag.py:3490} INFO - Setting next_dagrun for example_trigger_target_dag to None, run_after=None
[2023-07-02T01:19:12.612+0000] {processor.py:179} INFO - Processing /home/airflow/.local/lib/python3.7/site-packages/airflow/example_dags/example_trigger_target_dag.py took 0.703 seconds
[2023-07-02T01:19:52.280+0000] {processor.py:157} INFO - Started process (PID=111) to work on /home/airflow/.local/lib/python3.7/site-packages/airflow/example_dags/example_trigger_target_dag.py
[2023-07-02T01:19:52.283+0000] {processor.py:826} INFO - Processing file /home/airflow/.local/lib/python3.7/site-packages/airflow/example_dags/example_trigger_target_dag.py for tasks to queue
[2023-07-02T01:19:52.287+0000] {logging_mixin.py:149} INFO - [2023-07-02T01:19:52.287+0000] {dagbag.py:541} INFO - Filling up the DagBag from /home/airflow/.local/lib/python3.7/site-packages/airflow/example_dags/example_trigger_target_dag.py
[2023-07-02T01:19:52.303+0000] {processor.py:836} INFO - DAG(s) dict_keys(['example_trigger_target_dag']) retrieved from /home/airflow/.local/lib/python3.7/site-packages/airflow/example_dags/example_trigger_target_dag.py
[2023-07-02T01:19:52.381+0000] {logging_mixin.py:149} INFO - [2023-07-02T01:19:52.381+0000] {dag.py:2726} INFO - Sync 1 DAGs
[2023-07-02T01:19:52.441+0000] {logging_mixin.py:149} INFO - [2023-07-02T01:19:52.441+0000] {dag.py:3490} INFO - Setting next_dagrun for example_trigger_target_dag to None, run_after=None
[2023-07-02T01:19:52.532+0000] {processor.py:179} INFO - Processing /home/airflow/.local/lib/python3.7/site-packages/airflow/example_dags/example_trigger_target_dag.py took 0.259 seconds
[2023-07-02T01:20:23.154+0000] {processor.py:157} INFO - Started process (PID=169) to work on /home/airflow/.local/lib/python3.7/site-packages/airflow/example_dags/example_trigger_target_dag.py
[2023-07-02T01:20:23.157+0000] {processor.py:826} INFO - Processing file /home/airflow/.local/lib/python3.7/site-packages/airflow/example_dags/example_trigger_target_dag.py for tasks to queue
[2023-07-02T01:20:23.159+0000] {logging_mixin.py:149} INFO - [2023-07-02T01:20:23.158+0000] {dagbag.py:541} INFO - Filling up the DagBag from /home/airflow/.local/lib/python3.7/site-packages/airflow/example_dags/example_trigger_target_dag.py
[2023-07-02T01:20:23.170+0000] {processor.py:836} INFO - DAG(s) dict_keys(['example_trigger_target_dag']) retrieved from /home/airflow/.local/lib/python3.7/site-packages/airflow/example_dags/example_trigger_target_dag.py
[2023-07-02T01:20:23.243+0000] {logging_mixin.py:149} INFO - [2023-07-02T01:20:23.242+0000] {dag.py:2726} INFO - Sync 1 DAGs
[2023-07-02T01:20:23.304+0000] {logging_mixin.py:149} INFO - [2023-07-02T01:20:23.303+0000] {dag.py:3490} INFO - Setting next_dagrun for example_trigger_target_dag to None, run_after=None
[2023-07-02T01:20:23.365+0000] {processor.py:179} INFO - Processing /home/airflow/.local/lib/python3.7/site-packages/airflow/example_dags/example_trigger_target_dag.py took 0.217 seconds
[2023-07-02T01:20:53.531+0000] {processor.py:157} INFO - Started process (PID=227) to work on /home/airflow/.local/lib/python3.7/site-packages/airflow/example_dags/example_trigger_target_dag.py
[2023-07-02T01:20:53.533+0000] {processor.py:826} INFO - Processing file /home/airflow/.local/lib/python3.7/site-packages/airflow/example_dags/example_trigger_target_dag.py for tasks to queue
[2023-07-02T01:20:53.535+0000] {logging_mixin.py:149} INFO - [2023-07-02T01:20:53.535+0000] {dagbag.py:541} INFO - Filling up the DagBag from /home/airflow/.local/lib/python3.7/site-packages/airflow/example_dags/example_trigger_target_dag.py
[2023-07-02T01:20:53.549+0000] {processor.py:836} INFO - DAG(s) dict_keys(['example_trigger_target_dag']) retrieved from /home/airflow/.local/lib/python3.7/site-packages/airflow/example_dags/example_trigger_target_dag.py
[2023-07-02T01:20:53.604+0000] {logging_mixin.py:149} INFO - [2023-07-02T01:20:53.603+0000] {dag.py:2726} INFO - Sync 1 DAGs
[2023-07-02T01:20:53.657+0000] {logging_mixin.py:149} INFO - [2023-07-02T01:20:53.657+0000] {dag.py:3490} INFO - Setting next_dagrun for example_trigger_target_dag to None, run_after=None
[2023-07-02T01:20:53.701+0000] {processor.py:179} INFO - Processing /home/airflow/.local/lib/python3.7/site-packages/airflow/example_dags/example_trigger_target_dag.py took 0.176 seconds
[2023-07-02T01:21:24.618+0000] {processor.py:157} INFO - Started process (PID=286) to work on /home/airflow/.local/lib/python3.7/site-packages/airflow/example_dags/example_trigger_target_dag.py
[2023-07-02T01:21:24.623+0000] {processor.py:826} INFO - Processing file /home/airflow/.local/lib/python3.7/site-packages/airflow/example_dags/example_trigger_target_dag.py for tasks to queue
[2023-07-02T01:21:24.626+0000] {logging_mixin.py:149} INFO - [2023-07-02T01:21:24.626+0000] {dagbag.py:541} INFO - Filling up the DagBag from /home/airflow/.local/lib/python3.7/site-packages/airflow/example_dags/example_trigger_target_dag.py
[2023-07-02T01:21:24.639+0000] {processor.py:836} INFO - DAG(s) dict_keys(['example_trigger_target_dag']) retrieved from /home/airflow/.local/lib/python3.7/site-packages/airflow/example_dags/example_trigger_target_dag.py
[2023-07-02T01:21:24.686+0000] {logging_mixin.py:149} INFO - [2023-07-02T01:21:24.686+0000] {dag.py:2726} INFO - Sync 1 DAGs
[2023-07-02T01:21:24.734+0000] {logging_mixin.py:149} INFO - [2023-07-02T01:21:24.734+0000] {dag.py:3490} INFO - Setting next_dagrun for example_trigger_target_dag to None, run_after=None
[2023-07-02T01:21:24.767+0000] {processor.py:179} INFO - Processing /home/airflow/.local/lib/python3.7/site-packages/airflow/example_dags/example_trigger_target_dag.py took 0.162 seconds
[2023-07-02T01:21:55.886+0000] {processor.py:157} INFO - Started process (PID=343) to work on /home/airflow/.local/lib/python3.7/site-packages/airflow/example_dags/example_trigger_target_dag.py
[2023-07-02T01:21:55.888+0000] {processor.py:826} INFO - Processing file /home/airflow/.local/lib/python3.7/site-packages/airflow/example_dags/example_trigger_target_dag.py for tasks to queue
[2023-07-02T01:21:55.892+0000] {logging_mixin.py:149} INFO - [2023-07-02T01:21:55.892+0000] {dagbag.py:541} INFO - Filling up the DagBag from /home/airflow/.local/lib/python3.7/site-packages/airflow/example_dags/example_trigger_target_dag.py
[2023-07-02T01:21:55.904+0000] {processor.py:836} INFO - DAG(s) dict_keys(['example_trigger_target_dag']) retrieved from /home/airflow/.local/lib/python3.7/site-packages/airflow/example_dags/example_trigger_target_dag.py
[2023-07-02T01:21:55.953+0000] {logging_mixin.py:149} INFO - [2023-07-02T01:21:55.952+0000] {dag.py:2726} INFO - Sync 1 DAGs
[2023-07-02T01:21:56.004+0000] {logging_mixin.py:149} INFO - [2023-07-02T01:21:56.004+0000] {dag.py:3490} INFO - Setting next_dagrun for example_trigger_target_dag to None, run_after=None
[2023-07-02T01:21:56.039+0000] {processor.py:179} INFO - Processing /home/airflow/.local/lib/python3.7/site-packages/airflow/example_dags/example_trigger_target_dag.py took 0.158 seconds
[2023-07-02T01:22:26.281+0000] {processor.py:157} INFO - Started process (PID=401) to work on /home/airflow/.local/lib/python3.7/site-packages/airflow/example_dags/example_trigger_target_dag.py
[2023-07-02T01:22:26.284+0000] {processor.py:826} INFO - Processing file /home/airflow/.local/lib/python3.7/site-packages/airflow/example_dags/example_trigger_target_dag.py for tasks to queue
[2023-07-02T01:22:26.286+0000] {logging_mixin.py:149} INFO - [2023-07-02T01:22:26.285+0000] {dagbag.py:541} INFO - Filling up the DagBag from /home/airflow/.local/lib/python3.7/site-packages/airflow/example_dags/example_trigger_target_dag.py
[2023-07-02T01:22:26.302+0000] {processor.py:836} INFO - DAG(s) dict_keys(['example_trigger_target_dag']) retrieved from /home/airflow/.local/lib/python3.7/site-packages/airflow/example_dags/example_trigger_target_dag.py
[2023-07-02T01:22:26.374+0000] {logging_mixin.py:149} INFO - [2023-07-02T01:22:26.374+0000] {dag.py:2726} INFO - Sync 1 DAGs
[2023-07-02T01:22:26.439+0000] {logging_mixin.py:149} INFO - [2023-07-02T01:22:26.439+0000] {dag.py:3490} INFO - Setting next_dagrun for example_trigger_target_dag to None, run_after=None
[2023-07-02T01:22:26.481+0000] {processor.py:179} INFO - Processing /home/airflow/.local/lib/python3.7/site-packages/airflow/example_dags/example_trigger_target_dag.py took 0.210 seconds
[2023-07-02T01:22:56.835+0000] {processor.py:157} INFO - Started process (PID=462) to work on /home/airflow/.local/lib/python3.7/site-packages/airflow/example_dags/example_trigger_target_dag.py
[2023-07-02T01:22:56.837+0000] {processor.py:826} INFO - Processing file /home/airflow/.local/lib/python3.7/site-packages/airflow/example_dags/example_trigger_target_dag.py for tasks to queue
[2023-07-02T01:22:56.839+0000] {logging_mixin.py:149} INFO - [2023-07-02T01:22:56.838+0000] {dagbag.py:541} INFO - Filling up the DagBag from /home/airflow/.local/lib/python3.7/site-packages/airflow/example_dags/example_trigger_target_dag.py
[2023-07-02T01:22:56.852+0000] {processor.py:836} INFO - DAG(s) dict_keys(['example_trigger_target_dag']) retrieved from /home/airflow/.local/lib/python3.7/site-packages/airflow/example_dags/example_trigger_target_dag.py
[2023-07-02T01:22:56.919+0000] {logging_mixin.py:149} INFO - [2023-07-02T01:22:56.919+0000] {dag.py:2726} INFO - Sync 1 DAGs
[2023-07-02T01:22:56.973+0000] {logging_mixin.py:149} INFO - [2023-07-02T01:22:56.973+0000] {dag.py:3490} INFO - Setting next_dagrun for example_trigger_target_dag to None, run_after=None
[2023-07-02T01:22:57.017+0000] {processor.py:179} INFO - Processing /home/airflow/.local/lib/python3.7/site-packages/airflow/example_dags/example_trigger_target_dag.py took 0.191 seconds
[2023-07-02T01:23:27.691+0000] {processor.py:157} INFO - Started process (PID=522) to work on /home/airflow/.local/lib/python3.7/site-packages/airflow/example_dags/example_trigger_target_dag.py
[2023-07-02T01:23:27.693+0000] {processor.py:826} INFO - Processing file /home/airflow/.local/lib/python3.7/site-packages/airflow/example_dags/example_trigger_target_dag.py for tasks to queue
[2023-07-02T01:23:27.695+0000] {logging_mixin.py:149} INFO - [2023-07-02T01:23:27.694+0000] {dagbag.py:541} INFO - Filling up the DagBag from /home/airflow/.local/lib/python3.7/site-packages/airflow/example_dags/example_trigger_target_dag.py
[2023-07-02T01:23:27.707+0000] {processor.py:836} INFO - DAG(s) dict_keys(['example_trigger_target_dag']) retrieved from /home/airflow/.local/lib/python3.7/site-packages/airflow/example_dags/example_trigger_target_dag.py
[2023-07-02T01:23:27.789+0000] {logging_mixin.py:149} INFO - [2023-07-02T01:23:27.789+0000] {dag.py:2726} INFO - Sync 1 DAGs
[2023-07-02T01:23:27.877+0000] {logging_mixin.py:149} INFO - [2023-07-02T01:23:27.877+0000] {dag.py:3490} INFO - Setting next_dagrun for example_trigger_target_dag to None, run_after=None
[2023-07-02T01:23:27.934+0000] {processor.py:179} INFO - Processing /home/airflow/.local/lib/python3.7/site-packages/airflow/example_dags/example_trigger_target_dag.py took 0.248 seconds
[2023-07-02T02:04:19.088+0000] {processor.py:157} INFO - Started process (PID=45) to work on /home/airflow/.local/lib/python3.7/site-packages/airflow/example_dags/example_trigger_target_dag.py
[2023-07-02T02:04:19.090+0000] {processor.py:826} INFO - Processing file /home/airflow/.local/lib/python3.7/site-packages/airflow/example_dags/example_trigger_target_dag.py for tasks to queue
[2023-07-02T02:04:19.091+0000] {logging_mixin.py:149} INFO - [2023-07-02T02:04:19.091+0000] {dagbag.py:541} INFO - Filling up the DagBag from /home/airflow/.local/lib/python3.7/site-packages/airflow/example_dags/example_trigger_target_dag.py
[2023-07-02T02:04:19.103+0000] {processor.py:836} INFO - DAG(s) dict_keys(['example_trigger_target_dag']) retrieved from /home/airflow/.local/lib/python3.7/site-packages/airflow/example_dags/example_trigger_target_dag.py
[2023-07-02T02:04:19.171+0000] {logging_mixin.py:149} INFO - [2023-07-02T02:04:19.171+0000] {dag.py:2726} INFO - Sync 1 DAGs
[2023-07-02T02:04:19.212+0000] {logging_mixin.py:149} INFO - [2023-07-02T02:04:19.212+0000] {dag.py:3490} INFO - Setting next_dagrun for example_trigger_target_dag to None, run_after=None
[2023-07-02T02:04:19.240+0000] {processor.py:179} INFO - Processing /home/airflow/.local/lib/python3.7/site-packages/airflow/example_dags/example_trigger_target_dag.py took 0.157 seconds
[2023-07-02T02:04:49.279+0000] {processor.py:157} INFO - Started process (PID=102) to work on /home/airflow/.local/lib/python3.7/site-packages/airflow/example_dags/example_trigger_target_dag.py
[2023-07-02T02:04:49.280+0000] {processor.py:826} INFO - Processing file /home/airflow/.local/lib/python3.7/site-packages/airflow/example_dags/example_trigger_target_dag.py for tasks to queue
[2023-07-02T02:04:49.282+0000] {logging_mixin.py:149} INFO - [2023-07-02T02:04:49.281+0000] {dagbag.py:541} INFO - Filling up the DagBag from /home/airflow/.local/lib/python3.7/site-packages/airflow/example_dags/example_trigger_target_dag.py
[2023-07-02T02:04:49.289+0000] {processor.py:836} INFO - DAG(s) dict_keys(['example_trigger_target_dag']) retrieved from /home/airflow/.local/lib/python3.7/site-packages/airflow/example_dags/example_trigger_target_dag.py
[2023-07-02T02:04:49.321+0000] {logging_mixin.py:149} INFO - [2023-07-02T02:04:49.321+0000] {dag.py:2726} INFO - Sync 1 DAGs
[2023-07-02T02:04:49.352+0000] {logging_mixin.py:149} INFO - [2023-07-02T02:04:49.352+0000] {dag.py:3490} INFO - Setting next_dagrun for example_trigger_target_dag to None, run_after=None
[2023-07-02T02:04:49.376+0000] {processor.py:179} INFO - Processing /home/airflow/.local/lib/python3.7/site-packages/airflow/example_dags/example_trigger_target_dag.py took 0.101 seconds
[2023-07-02T02:05:19.912+0000] {processor.py:157} INFO - Started process (PID=159) to work on /home/airflow/.local/lib/python3.7/site-packages/airflow/example_dags/example_trigger_target_dag.py
[2023-07-02T02:05:19.913+0000] {processor.py:826} INFO - Processing file /home/airflow/.local/lib/python3.7/site-packages/airflow/example_dags/example_trigger_target_dag.py for tasks to queue
[2023-07-02T02:05:19.915+0000] {logging_mixin.py:149} INFO - [2023-07-02T02:05:19.915+0000] {dagbag.py:541} INFO - Filling up the DagBag from /home/airflow/.local/lib/python3.7/site-packages/airflow/example_dags/example_trigger_target_dag.py
[2023-07-02T02:05:19.924+0000] {processor.py:836} INFO - DAG(s) dict_keys(['example_trigger_target_dag']) retrieved from /home/airflow/.local/lib/python3.7/site-packages/airflow/example_dags/example_trigger_target_dag.py
[2023-07-02T02:05:19.973+0000] {logging_mixin.py:149} INFO - [2023-07-02T02:05:19.973+0000] {dag.py:2726} INFO - Sync 1 DAGs
[2023-07-02T02:05:20.043+0000] {logging_mixin.py:149} INFO - [2023-07-02T02:05:20.035+0000] {dag.py:3490} INFO - Setting next_dagrun for example_trigger_target_dag to None, run_after=None
[2023-07-02T02:05:20.098+0000] {processor.py:179} INFO - Processing /home/airflow/.local/lib/python3.7/site-packages/airflow/example_dags/example_trigger_target_dag.py took 0.191 seconds
[2023-07-02T02:05:50.897+0000] {processor.py:157} INFO - Started process (PID=218) to work on /home/airflow/.local/lib/python3.7/site-packages/airflow/example_dags/example_trigger_target_dag.py
[2023-07-02T02:05:50.899+0000] {processor.py:826} INFO - Processing file /home/airflow/.local/lib/python3.7/site-packages/airflow/example_dags/example_trigger_target_dag.py for tasks to queue
[2023-07-02T02:05:50.901+0000] {logging_mixin.py:149} INFO - [2023-07-02T02:05:50.900+0000] {dagbag.py:541} INFO - Filling up the DagBag from /home/airflow/.local/lib/python3.7/site-packages/airflow/example_dags/example_trigger_target_dag.py
[2023-07-02T02:05:50.908+0000] {processor.py:836} INFO - DAG(s) dict_keys(['example_trigger_target_dag']) retrieved from /home/airflow/.local/lib/python3.7/site-packages/airflow/example_dags/example_trigger_target_dag.py
[2023-07-02T02:05:50.949+0000] {logging_mixin.py:149} INFO - [2023-07-02T02:05:50.948+0000] {dag.py:2726} INFO - Sync 1 DAGs
[2023-07-02T02:05:50.990+0000] {logging_mixin.py:149} INFO - [2023-07-02T02:05:50.990+0000] {dag.py:3490} INFO - Setting next_dagrun for example_trigger_target_dag to None, run_after=None
[2023-07-02T02:05:51.023+0000] {processor.py:179} INFO - Processing /home/airflow/.local/lib/python3.7/site-packages/airflow/example_dags/example_trigger_target_dag.py took 0.131 seconds
[2023-07-02T02:06:22.015+0000] {processor.py:157} INFO - Started process (PID=276) to work on /home/airflow/.local/lib/python3.7/site-packages/airflow/example_dags/example_trigger_target_dag.py
[2023-07-02T02:06:22.016+0000] {processor.py:826} INFO - Processing file /home/airflow/.local/lib/python3.7/site-packages/airflow/example_dags/example_trigger_target_dag.py for tasks to queue
[2023-07-02T02:06:22.017+0000] {logging_mixin.py:149} INFO - [2023-07-02T02:06:22.017+0000] {dagbag.py:541} INFO - Filling up the DagBag from /home/airflow/.local/lib/python3.7/site-packages/airflow/example_dags/example_trigger_target_dag.py
[2023-07-02T02:06:22.025+0000] {processor.py:836} INFO - DAG(s) dict_keys(['example_trigger_target_dag']) retrieved from /home/airflow/.local/lib/python3.7/site-packages/airflow/example_dags/example_trigger_target_dag.py
[2023-07-02T02:06:22.073+0000] {logging_mixin.py:149} INFO - [2023-07-02T02:06:22.073+0000] {dag.py:2726} INFO - Sync 1 DAGs
[2023-07-02T02:06:22.109+0000] {logging_mixin.py:149} INFO - [2023-07-02T02:06:22.109+0000] {dag.py:3490} INFO - Setting next_dagrun for example_trigger_target_dag to None, run_after=None
[2023-07-02T02:06:22.136+0000] {processor.py:179} INFO - Processing /home/airflow/.local/lib/python3.7/site-packages/airflow/example_dags/example_trigger_target_dag.py took 0.125 seconds
[2023-07-02T02:06:53.171+0000] {processor.py:157} INFO - Started process (PID=334) to work on /home/airflow/.local/lib/python3.7/site-packages/airflow/example_dags/example_trigger_target_dag.py
[2023-07-02T02:06:53.172+0000] {processor.py:826} INFO - Processing file /home/airflow/.local/lib/python3.7/site-packages/airflow/example_dags/example_trigger_target_dag.py for tasks to queue
[2023-07-02T02:06:53.174+0000] {logging_mixin.py:149} INFO - [2023-07-02T02:06:53.173+0000] {dagbag.py:541} INFO - Filling up the DagBag from /home/airflow/.local/lib/python3.7/site-packages/airflow/example_dags/example_trigger_target_dag.py
[2023-07-02T02:06:53.182+0000] {processor.py:836} INFO - DAG(s) dict_keys(['example_trigger_target_dag']) retrieved from /home/airflow/.local/lib/python3.7/site-packages/airflow/example_dags/example_trigger_target_dag.py
[2023-07-02T02:06:53.222+0000] {logging_mixin.py:149} INFO - [2023-07-02T02:06:53.222+0000] {dag.py:2726} INFO - Sync 1 DAGs
[2023-07-02T02:06:53.263+0000] {logging_mixin.py:149} INFO - [2023-07-02T02:06:53.263+0000] {dag.py:3490} INFO - Setting next_dagrun for example_trigger_target_dag to None, run_after=None
[2023-07-02T02:06:53.293+0000] {processor.py:179} INFO - Processing /home/airflow/.local/lib/python3.7/site-packages/airflow/example_dags/example_trigger_target_dag.py took 0.127 seconds
[2023-07-02T02:12:39.580+0000] {processor.py:157} INFO - Started process (PID=45) to work on /home/airflow/.local/lib/python3.7/site-packages/airflow/example_dags/example_trigger_target_dag.py
[2023-07-02T02:12:39.582+0000] {processor.py:826} INFO - Processing file /home/airflow/.local/lib/python3.7/site-packages/airflow/example_dags/example_trigger_target_dag.py for tasks to queue
[2023-07-02T02:12:39.584+0000] {logging_mixin.py:149} INFO - [2023-07-02T02:12:39.583+0000] {dagbag.py:541} INFO - Filling up the DagBag from /home/airflow/.local/lib/python3.7/site-packages/airflow/example_dags/example_trigger_target_dag.py
[2023-07-02T02:12:39.593+0000] {processor.py:836} INFO - DAG(s) dict_keys(['example_trigger_target_dag']) retrieved from /home/airflow/.local/lib/python3.7/site-packages/airflow/example_dags/example_trigger_target_dag.py
[2023-07-02T02:12:39.631+0000] {logging_mixin.py:149} INFO - [2023-07-02T02:12:39.631+0000] {dag.py:2726} INFO - Sync 1 DAGs
[2023-07-02T02:12:39.788+0000] {logging_mixin.py:149} INFO - [2023-07-02T02:12:39.786+0000] {dag.py:3490} INFO - Setting next_dagrun for example_trigger_target_dag to None, run_after=None
[2023-07-02T02:12:39.815+0000] {processor.py:179} INFO - Processing /home/airflow/.local/lib/python3.7/site-packages/airflow/example_dags/example_trigger_target_dag.py took 0.239 seconds
[2023-07-02T02:13:10.645+0000] {processor.py:157} INFO - Started process (PID=106) to work on /home/airflow/.local/lib/python3.7/site-packages/airflow/example_dags/example_trigger_target_dag.py
[2023-07-02T02:13:10.647+0000] {processor.py:826} INFO - Processing file /home/airflow/.local/lib/python3.7/site-packages/airflow/example_dags/example_trigger_target_dag.py for tasks to queue
[2023-07-02T02:13:10.648+0000] {logging_mixin.py:149} INFO - [2023-07-02T02:13:10.648+0000] {dagbag.py:541} INFO - Filling up the DagBag from /home/airflow/.local/lib/python3.7/site-packages/airflow/example_dags/example_trigger_target_dag.py
[2023-07-02T02:13:10.655+0000] {processor.py:836} INFO - DAG(s) dict_keys(['example_trigger_target_dag']) retrieved from /home/airflow/.local/lib/python3.7/site-packages/airflow/example_dags/example_trigger_target_dag.py
[2023-07-02T02:13:10.694+0000] {logging_mixin.py:149} INFO - [2023-07-02T02:13:10.693+0000] {dag.py:2726} INFO - Sync 1 DAGs
[2023-07-02T02:13:10.725+0000] {logging_mixin.py:149} INFO - [2023-07-02T02:13:10.725+0000] {dag.py:3490} INFO - Setting next_dagrun for example_trigger_target_dag to None, run_after=None
[2023-07-02T02:13:10.747+0000] {processor.py:179} INFO - Processing /home/airflow/.local/lib/python3.7/site-packages/airflow/example_dags/example_trigger_target_dag.py took 0.107 seconds
[2023-07-02T02:13:40.924+0000] {processor.py:157} INFO - Started process (PID=164) to work on /home/airflow/.local/lib/python3.7/site-packages/airflow/example_dags/example_trigger_target_dag.py
[2023-07-02T02:13:40.926+0000] {processor.py:826} INFO - Processing file /home/airflow/.local/lib/python3.7/site-packages/airflow/example_dags/example_trigger_target_dag.py for tasks to queue
[2023-07-02T02:13:40.928+0000] {logging_mixin.py:149} INFO - [2023-07-02T02:13:40.928+0000] {dagbag.py:541} INFO - Filling up the DagBag from /home/airflow/.local/lib/python3.7/site-packages/airflow/example_dags/example_trigger_target_dag.py
[2023-07-02T02:13:40.937+0000] {processor.py:836} INFO - DAG(s) dict_keys(['example_trigger_target_dag']) retrieved from /home/airflow/.local/lib/python3.7/site-packages/airflow/example_dags/example_trigger_target_dag.py
[2023-07-02T02:13:40.972+0000] {logging_mixin.py:149} INFO - [2023-07-02T02:13:40.972+0000] {dag.py:2726} INFO - Sync 1 DAGs
[2023-07-02T02:13:41.005+0000] {logging_mixin.py:149} INFO - [2023-07-02T02:13:41.005+0000] {dag.py:3490} INFO - Setting next_dagrun for example_trigger_target_dag to None, run_after=None
[2023-07-02T02:13:41.030+0000] {processor.py:179} INFO - Processing /home/airflow/.local/lib/python3.7/site-packages/airflow/example_dags/example_trigger_target_dag.py took 0.113 seconds
[2023-07-02T02:14:11.355+0000] {processor.py:157} INFO - Started process (PID=222) to work on /home/airflow/.local/lib/python3.7/site-packages/airflow/example_dags/example_trigger_target_dag.py
[2023-07-02T02:14:11.377+0000] {processor.py:826} INFO - Processing file /home/airflow/.local/lib/python3.7/site-packages/airflow/example_dags/example_trigger_target_dag.py for tasks to queue
[2023-07-02T02:14:11.379+0000] {logging_mixin.py:149} INFO - [2023-07-02T02:14:11.379+0000] {dagbag.py:541} INFO - Filling up the DagBag from /home/airflow/.local/lib/python3.7/site-packages/airflow/example_dags/example_trigger_target_dag.py
[2023-07-02T02:14:11.391+0000] {processor.py:836} INFO - DAG(s) dict_keys(['example_trigger_target_dag']) retrieved from /home/airflow/.local/lib/python3.7/site-packages/airflow/example_dags/example_trigger_target_dag.py
[2023-07-02T02:14:11.421+0000] {logging_mixin.py:149} INFO - [2023-07-02T02:14:11.421+0000] {dag.py:2726} INFO - Sync 1 DAGs
[2023-07-02T02:14:11.453+0000] {logging_mixin.py:149} INFO - [2023-07-02T02:14:11.453+0000] {dag.py:3490} INFO - Setting next_dagrun for example_trigger_target_dag to None, run_after=None
[2023-07-02T02:14:11.475+0000] {processor.py:179} INFO - Processing /home/airflow/.local/lib/python3.7/site-packages/airflow/example_dags/example_trigger_target_dag.py took 0.126 seconds
[2023-07-02T02:14:42.624+0000] {processor.py:157} INFO - Started process (PID=280) to work on /home/airflow/.local/lib/python3.7/site-packages/airflow/example_dags/example_trigger_target_dag.py
[2023-07-02T02:14:42.625+0000] {processor.py:826} INFO - Processing file /home/airflow/.local/lib/python3.7/site-packages/airflow/example_dags/example_trigger_target_dag.py for tasks to queue
[2023-07-02T02:14:42.627+0000] {logging_mixin.py:149} INFO - [2023-07-02T02:14:42.627+0000] {dagbag.py:541} INFO - Filling up the DagBag from /home/airflow/.local/lib/python3.7/site-packages/airflow/example_dags/example_trigger_target_dag.py
[2023-07-02T02:14:42.635+0000] {processor.py:836} INFO - DAG(s) dict_keys(['example_trigger_target_dag']) retrieved from /home/airflow/.local/lib/python3.7/site-packages/airflow/example_dags/example_trigger_target_dag.py
[2023-07-02T02:14:42.819+0000] {logging_mixin.py:149} INFO - [2023-07-02T02:14:42.819+0000] {dag.py:2726} INFO - Sync 1 DAGs
[2023-07-02T02:14:42.851+0000] {logging_mixin.py:149} INFO - [2023-07-02T02:14:42.851+0000] {dag.py:3490} INFO - Setting next_dagrun for example_trigger_target_dag to None, run_after=None
[2023-07-02T02:14:42.879+0000] {processor.py:179} INFO - Processing /home/airflow/.local/lib/python3.7/site-packages/airflow/example_dags/example_trigger_target_dag.py took 0.260 seconds
[2023-07-02T02:15:13.152+0000] {processor.py:157} INFO - Started process (PID=338) to work on /home/airflow/.local/lib/python3.7/site-packages/airflow/example_dags/example_trigger_target_dag.py
[2023-07-02T02:15:13.153+0000] {processor.py:826} INFO - Processing file /home/airflow/.local/lib/python3.7/site-packages/airflow/example_dags/example_trigger_target_dag.py for tasks to queue
[2023-07-02T02:15:13.154+0000] {logging_mixin.py:149} INFO - [2023-07-02T02:15:13.154+0000] {dagbag.py:541} INFO - Filling up the DagBag from /home/airflow/.local/lib/python3.7/site-packages/airflow/example_dags/example_trigger_target_dag.py
[2023-07-02T02:15:13.162+0000] {processor.py:836} INFO - DAG(s) dict_keys(['example_trigger_target_dag']) retrieved from /home/airflow/.local/lib/python3.7/site-packages/airflow/example_dags/example_trigger_target_dag.py
[2023-07-02T02:15:13.191+0000] {logging_mixin.py:149} INFO - [2023-07-02T02:15:13.191+0000] {dag.py:2726} INFO - Sync 1 DAGs
[2023-07-02T02:15:13.221+0000] {logging_mixin.py:149} INFO - [2023-07-02T02:15:13.221+0000] {dag.py:3490} INFO - Setting next_dagrun for example_trigger_target_dag to None, run_after=None
[2023-07-02T02:15:13.241+0000] {processor.py:179} INFO - Processing /home/airflow/.local/lib/python3.7/site-packages/airflow/example_dags/example_trigger_target_dag.py took 0.093 seconds
[2023-07-02T02:15:43.912+0000] {processor.py:157} INFO - Started process (PID=395) to work on /home/airflow/.local/lib/python3.7/site-packages/airflow/example_dags/example_trigger_target_dag.py
[2023-07-02T02:15:43.914+0000] {processor.py:826} INFO - Processing file /home/airflow/.local/lib/python3.7/site-packages/airflow/example_dags/example_trigger_target_dag.py for tasks to queue
[2023-07-02T02:15:43.915+0000] {logging_mixin.py:149} INFO - [2023-07-02T02:15:43.915+0000] {dagbag.py:541} INFO - Filling up the DagBag from /home/airflow/.local/lib/python3.7/site-packages/airflow/example_dags/example_trigger_target_dag.py
[2023-07-02T02:15:43.921+0000] {processor.py:836} INFO - DAG(s) dict_keys(['example_trigger_target_dag']) retrieved from /home/airflow/.local/lib/python3.7/site-packages/airflow/example_dags/example_trigger_target_dag.py
[2023-07-02T02:15:44.054+0000] {logging_mixin.py:149} INFO - [2023-07-02T02:15:44.054+0000] {dag.py:2726} INFO - Sync 1 DAGs
[2023-07-02T02:15:44.080+0000] {logging_mixin.py:149} INFO - [2023-07-02T02:15:44.080+0000] {dag.py:3490} INFO - Setting next_dagrun for example_trigger_target_dag to None, run_after=None
[2023-07-02T02:15:44.105+0000] {processor.py:179} INFO - Processing /home/airflow/.local/lib/python3.7/site-packages/airflow/example_dags/example_trigger_target_dag.py took 0.196 seconds
[2023-07-02T02:16:14.144+0000] {processor.py:157} INFO - Started process (PID=452) to work on /home/airflow/.local/lib/python3.7/site-packages/airflow/example_dags/example_trigger_target_dag.py
[2023-07-02T02:16:14.146+0000] {processor.py:826} INFO - Processing file /home/airflow/.local/lib/python3.7/site-packages/airflow/example_dags/example_trigger_target_dag.py for tasks to queue
[2023-07-02T02:16:14.147+0000] {logging_mixin.py:149} INFO - [2023-07-02T02:16:14.147+0000] {dagbag.py:541} INFO - Filling up the DagBag from /home/airflow/.local/lib/python3.7/site-packages/airflow/example_dags/example_trigger_target_dag.py
[2023-07-02T02:16:14.154+0000] {processor.py:836} INFO - DAG(s) dict_keys(['example_trigger_target_dag']) retrieved from /home/airflow/.local/lib/python3.7/site-packages/airflow/example_dags/example_trigger_target_dag.py
[2023-07-02T02:16:14.183+0000] {logging_mixin.py:149} INFO - [2023-07-02T02:16:14.183+0000] {dag.py:2726} INFO - Sync 1 DAGs
[2023-07-02T02:16:14.212+0000] {logging_mixin.py:149} INFO - [2023-07-02T02:16:14.212+0000] {dag.py:3490} INFO - Setting next_dagrun for example_trigger_target_dag to None, run_after=None
[2023-07-02T02:16:14.233+0000] {processor.py:179} INFO - Processing /home/airflow/.local/lib/python3.7/site-packages/airflow/example_dags/example_trigger_target_dag.py took 0.093 seconds
[2023-07-02T02:16:44.672+0000] {processor.py:157} INFO - Started process (PID=511) to work on /home/airflow/.local/lib/python3.7/site-packages/airflow/example_dags/example_trigger_target_dag.py
[2023-07-02T02:16:44.673+0000] {processor.py:826} INFO - Processing file /home/airflow/.local/lib/python3.7/site-packages/airflow/example_dags/example_trigger_target_dag.py for tasks to queue
[2023-07-02T02:16:44.674+0000] {logging_mixin.py:149} INFO - [2023-07-02T02:16:44.674+0000] {dagbag.py:541} INFO - Filling up the DagBag from /home/airflow/.local/lib/python3.7/site-packages/airflow/example_dags/example_trigger_target_dag.py
[2023-07-02T02:16:44.682+0000] {processor.py:836} INFO - DAG(s) dict_keys(['example_trigger_target_dag']) retrieved from /home/airflow/.local/lib/python3.7/site-packages/airflow/example_dags/example_trigger_target_dag.py
[2023-07-02T02:16:44.713+0000] {logging_mixin.py:149} INFO - [2023-07-02T02:16:44.713+0000] {dag.py:2726} INFO - Sync 1 DAGs
[2023-07-02T02:16:44.748+0000] {logging_mixin.py:149} INFO - [2023-07-02T02:16:44.747+0000] {dag.py:3490} INFO - Setting next_dagrun for example_trigger_target_dag to None, run_after=None
[2023-07-02T02:16:44.778+0000] {processor.py:179} INFO - Processing /home/airflow/.local/lib/python3.7/site-packages/airflow/example_dags/example_trigger_target_dag.py took 0.111 seconds
[2023-07-02T02:17:15.627+0000] {processor.py:157} INFO - Started process (PID=571) to work on /home/airflow/.local/lib/python3.7/site-packages/airflow/example_dags/example_trigger_target_dag.py
[2023-07-02T02:17:15.628+0000] {processor.py:826} INFO - Processing file /home/airflow/.local/lib/python3.7/site-packages/airflow/example_dags/example_trigger_target_dag.py for tasks to queue
[2023-07-02T02:17:15.630+0000] {logging_mixin.py:149} INFO - [2023-07-02T02:17:15.630+0000] {dagbag.py:541} INFO - Filling up the DagBag from /home/airflow/.local/lib/python3.7/site-packages/airflow/example_dags/example_trigger_target_dag.py
[2023-07-02T02:17:15.639+0000] {processor.py:836} INFO - DAG(s) dict_keys(['example_trigger_target_dag']) retrieved from /home/airflow/.local/lib/python3.7/site-packages/airflow/example_dags/example_trigger_target_dag.py
[2023-07-02T02:17:15.678+0000] {logging_mixin.py:149} INFO - [2023-07-02T02:17:15.677+0000] {dag.py:2726} INFO - Sync 1 DAGs
[2023-07-02T02:17:15.717+0000] {logging_mixin.py:149} INFO - [2023-07-02T02:17:15.717+0000] {dag.py:3490} INFO - Setting next_dagrun for example_trigger_target_dag to None, run_after=None
[2023-07-02T02:17:15.750+0000] {processor.py:179} INFO - Processing /home/airflow/.local/lib/python3.7/site-packages/airflow/example_dags/example_trigger_target_dag.py took 0.130 seconds
[2023-07-02T02:17:46.292+0000] {processor.py:157} INFO - Started process (PID=630) to work on /home/airflow/.local/lib/python3.7/site-packages/airflow/example_dags/example_trigger_target_dag.py
[2023-07-02T02:17:46.293+0000] {processor.py:826} INFO - Processing file /home/airflow/.local/lib/python3.7/site-packages/airflow/example_dags/example_trigger_target_dag.py for tasks to queue
[2023-07-02T02:17:46.294+0000] {logging_mixin.py:149} INFO - [2023-07-02T02:17:46.294+0000] {dagbag.py:541} INFO - Filling up the DagBag from /home/airflow/.local/lib/python3.7/site-packages/airflow/example_dags/example_trigger_target_dag.py
[2023-07-02T02:17:46.301+0000] {processor.py:836} INFO - DAG(s) dict_keys(['example_trigger_target_dag']) retrieved from /home/airflow/.local/lib/python3.7/site-packages/airflow/example_dags/example_trigger_target_dag.py
[2023-07-02T02:17:46.331+0000] {logging_mixin.py:149} INFO - [2023-07-02T02:17:46.331+0000] {dag.py:2726} INFO - Sync 1 DAGs
[2023-07-02T02:17:46.362+0000] {logging_mixin.py:149} INFO - [2023-07-02T02:17:46.362+0000] {dag.py:3490} INFO - Setting next_dagrun for example_trigger_target_dag to None, run_after=None
[2023-07-02T02:17:46.383+0000] {processor.py:179} INFO - Processing /home/airflow/.local/lib/python3.7/site-packages/airflow/example_dags/example_trigger_target_dag.py took 0.096 seconds
[2023-07-02T02:18:16.592+0000] {processor.py:157} INFO - Started process (PID=687) to work on /home/airflow/.local/lib/python3.7/site-packages/airflow/example_dags/example_trigger_target_dag.py
[2023-07-02T02:18:16.595+0000] {processor.py:826} INFO - Processing file /home/airflow/.local/lib/python3.7/site-packages/airflow/example_dags/example_trigger_target_dag.py for tasks to queue
[2023-07-02T02:18:16.597+0000] {logging_mixin.py:149} INFO - [2023-07-02T02:18:16.596+0000] {dagbag.py:541} INFO - Filling up the DagBag from /home/airflow/.local/lib/python3.7/site-packages/airflow/example_dags/example_trigger_target_dag.py
[2023-07-02T02:18:16.606+0000] {processor.py:836} INFO - DAG(s) dict_keys(['example_trigger_target_dag']) retrieved from /home/airflow/.local/lib/python3.7/site-packages/airflow/example_dags/example_trigger_target_dag.py
[2023-07-02T02:18:16.636+0000] {logging_mixin.py:149} INFO - [2023-07-02T02:18:16.636+0000] {dag.py:2726} INFO - Sync 1 DAGs
[2023-07-02T02:18:16.670+0000] {logging_mixin.py:149} INFO - [2023-07-02T02:18:16.670+0000] {dag.py:3490} INFO - Setting next_dagrun for example_trigger_target_dag to None, run_after=None
[2023-07-02T02:18:16.695+0000] {processor.py:179} INFO - Processing /home/airflow/.local/lib/python3.7/site-packages/airflow/example_dags/example_trigger_target_dag.py took 0.108 seconds
[2023-07-02T02:18:47.091+0000] {processor.py:157} INFO - Started process (PID=745) to work on /home/airflow/.local/lib/python3.7/site-packages/airflow/example_dags/example_trigger_target_dag.py
[2023-07-02T02:18:47.093+0000] {processor.py:826} INFO - Processing file /home/airflow/.local/lib/python3.7/site-packages/airflow/example_dags/example_trigger_target_dag.py for tasks to queue
[2023-07-02T02:18:47.094+0000] {logging_mixin.py:149} INFO - [2023-07-02T02:18:47.094+0000] {dagbag.py:541} INFO - Filling up the DagBag from /home/airflow/.local/lib/python3.7/site-packages/airflow/example_dags/example_trigger_target_dag.py
[2023-07-02T02:18:47.101+0000] {processor.py:836} INFO - DAG(s) dict_keys(['example_trigger_target_dag']) retrieved from /home/airflow/.local/lib/python3.7/site-packages/airflow/example_dags/example_trigger_target_dag.py
[2023-07-02T02:18:47.131+0000] {logging_mixin.py:149} INFO - [2023-07-02T02:18:47.130+0000] {dag.py:2726} INFO - Sync 1 DAGs
[2023-07-02T02:18:47.162+0000] {logging_mixin.py:149} INFO - [2023-07-02T02:18:47.162+0000] {dag.py:3490} INFO - Setting next_dagrun for example_trigger_target_dag to None, run_after=None
[2023-07-02T02:18:47.187+0000] {processor.py:179} INFO - Processing /home/airflow/.local/lib/python3.7/site-packages/airflow/example_dags/example_trigger_target_dag.py took 0.100 seconds
[2023-07-02T02:19:17.307+0000] {processor.py:157} INFO - Started process (PID=802) to work on /home/airflow/.local/lib/python3.7/site-packages/airflow/example_dags/example_trigger_target_dag.py
[2023-07-02T02:19:17.309+0000] {processor.py:826} INFO - Processing file /home/airflow/.local/lib/python3.7/site-packages/airflow/example_dags/example_trigger_target_dag.py for tasks to queue
[2023-07-02T02:19:17.311+0000] {logging_mixin.py:149} INFO - [2023-07-02T02:19:17.310+0000] {dagbag.py:541} INFO - Filling up the DagBag from /home/airflow/.local/lib/python3.7/site-packages/airflow/example_dags/example_trigger_target_dag.py
[2023-07-02T02:19:17.318+0000] {processor.py:836} INFO - DAG(s) dict_keys(['example_trigger_target_dag']) retrieved from /home/airflow/.local/lib/python3.7/site-packages/airflow/example_dags/example_trigger_target_dag.py
[2023-07-02T02:19:17.349+0000] {logging_mixin.py:149} INFO - [2023-07-02T02:19:17.348+0000] {dag.py:2726} INFO - Sync 1 DAGs
[2023-07-02T02:19:17.381+0000] {logging_mixin.py:149} INFO - [2023-07-02T02:19:17.381+0000] {dag.py:3490} INFO - Setting next_dagrun for example_trigger_target_dag to None, run_after=None
[2023-07-02T02:19:17.405+0000] {processor.py:179} INFO - Processing /home/airflow/.local/lib/python3.7/site-packages/airflow/example_dags/example_trigger_target_dag.py took 0.102 seconds
[2023-07-02T02:19:47.551+0000] {processor.py:157} INFO - Started process (PID=860) to work on /home/airflow/.local/lib/python3.7/site-packages/airflow/example_dags/example_trigger_target_dag.py
[2023-07-02T02:19:47.553+0000] {processor.py:826} INFO - Processing file /home/airflow/.local/lib/python3.7/site-packages/airflow/example_dags/example_trigger_target_dag.py for tasks to queue
[2023-07-02T02:19:47.554+0000] {logging_mixin.py:149} INFO - [2023-07-02T02:19:47.554+0000] {dagbag.py:541} INFO - Filling up the DagBag from /home/airflow/.local/lib/python3.7/site-packages/airflow/example_dags/example_trigger_target_dag.py
[2023-07-02T02:19:47.562+0000] {processor.py:836} INFO - DAG(s) dict_keys(['example_trigger_target_dag']) retrieved from /home/airflow/.local/lib/python3.7/site-packages/airflow/example_dags/example_trigger_target_dag.py
[2023-07-02T02:19:47.608+0000] {logging_mixin.py:149} INFO - [2023-07-02T02:19:47.608+0000] {dag.py:2726} INFO - Sync 1 DAGs
[2023-07-02T02:19:47.642+0000] {logging_mixin.py:149} INFO - [2023-07-02T02:19:47.642+0000] {dag.py:3490} INFO - Setting next_dagrun for example_trigger_target_dag to None, run_after=None
[2023-07-02T02:19:47.675+0000] {processor.py:179} INFO - Processing /home/airflow/.local/lib/python3.7/site-packages/airflow/example_dags/example_trigger_target_dag.py took 0.130 seconds
[2023-07-02T02:20:17.928+0000] {processor.py:157} INFO - Started process (PID=919) to work on /home/airflow/.local/lib/python3.7/site-packages/airflow/example_dags/example_trigger_target_dag.py
[2023-07-02T02:20:17.929+0000] {processor.py:826} INFO - Processing file /home/airflow/.local/lib/python3.7/site-packages/airflow/example_dags/example_trigger_target_dag.py for tasks to queue
[2023-07-02T02:20:17.930+0000] {logging_mixin.py:149} INFO - [2023-07-02T02:20:17.930+0000] {dagbag.py:541} INFO - Filling up the DagBag from /home/airflow/.local/lib/python3.7/site-packages/airflow/example_dags/example_trigger_target_dag.py
[2023-07-02T02:20:17.938+0000] {processor.py:836} INFO - DAG(s) dict_keys(['example_trigger_target_dag']) retrieved from /home/airflow/.local/lib/python3.7/site-packages/airflow/example_dags/example_trigger_target_dag.py
[2023-07-02T02:20:17.970+0000] {logging_mixin.py:149} INFO - [2023-07-02T02:20:17.970+0000] {dag.py:2726} INFO - Sync 1 DAGs
[2023-07-02T02:20:18.016+0000] {logging_mixin.py:149} INFO - [2023-07-02T02:20:18.014+0000] {dag.py:3490} INFO - Setting next_dagrun for example_trigger_target_dag to None, run_after=None
[2023-07-02T02:20:18.045+0000] {processor.py:179} INFO - Processing /home/airflow/.local/lib/python3.7/site-packages/airflow/example_dags/example_trigger_target_dag.py took 0.122 seconds
[2023-07-02T02:20:48.363+0000] {processor.py:157} INFO - Started process (PID=977) to work on /home/airflow/.local/lib/python3.7/site-packages/airflow/example_dags/example_trigger_target_dag.py
[2023-07-02T02:20:48.364+0000] {processor.py:826} INFO - Processing file /home/airflow/.local/lib/python3.7/site-packages/airflow/example_dags/example_trigger_target_dag.py for tasks to queue
[2023-07-02T02:20:48.366+0000] {logging_mixin.py:149} INFO - [2023-07-02T02:20:48.365+0000] {dagbag.py:541} INFO - Filling up the DagBag from /home/airflow/.local/lib/python3.7/site-packages/airflow/example_dags/example_trigger_target_dag.py
[2023-07-02T02:20:48.373+0000] {processor.py:836} INFO - DAG(s) dict_keys(['example_trigger_target_dag']) retrieved from /home/airflow/.local/lib/python3.7/site-packages/airflow/example_dags/example_trigger_target_dag.py
[2023-07-02T02:20:48.403+0000] {logging_mixin.py:149} INFO - [2023-07-02T02:20:48.403+0000] {dag.py:2726} INFO - Sync 1 DAGs
[2023-07-02T02:20:48.451+0000] {logging_mixin.py:149} INFO - [2023-07-02T02:20:48.451+0000] {dag.py:3490} INFO - Setting next_dagrun for example_trigger_target_dag to None, run_after=None
[2023-07-02T02:20:48.475+0000] {processor.py:179} INFO - Processing /home/airflow/.local/lib/python3.7/site-packages/airflow/example_dags/example_trigger_target_dag.py took 0.116 seconds
[2023-07-02T02:21:18.655+0000] {processor.py:157} INFO - Started process (PID=1035) to work on /home/airflow/.local/lib/python3.7/site-packages/airflow/example_dags/example_trigger_target_dag.py
[2023-07-02T02:21:18.656+0000] {processor.py:826} INFO - Processing file /home/airflow/.local/lib/python3.7/site-packages/airflow/example_dags/example_trigger_target_dag.py for tasks to queue
[2023-07-02T02:21:18.658+0000] {logging_mixin.py:149} INFO - [2023-07-02T02:21:18.657+0000] {dagbag.py:541} INFO - Filling up the DagBag from /home/airflow/.local/lib/python3.7/site-packages/airflow/example_dags/example_trigger_target_dag.py
[2023-07-02T02:21:18.665+0000] {processor.py:836} INFO - DAG(s) dict_keys(['example_trigger_target_dag']) retrieved from /home/airflow/.local/lib/python3.7/site-packages/airflow/example_dags/example_trigger_target_dag.py
[2023-07-02T02:21:18.696+0000] {logging_mixin.py:149} INFO - [2023-07-02T02:21:18.696+0000] {dag.py:2726} INFO - Sync 1 DAGs
[2023-07-02T02:21:18.727+0000] {logging_mixin.py:149} INFO - [2023-07-02T02:21:18.727+0000] {dag.py:3490} INFO - Setting next_dagrun for example_trigger_target_dag to None, run_after=None
[2023-07-02T02:21:18.750+0000] {processor.py:179} INFO - Processing /home/airflow/.local/lib/python3.7/site-packages/airflow/example_dags/example_trigger_target_dag.py took 0.100 seconds
