[2023-07-02T01:19:17.380+0000] {processor.py:157} INFO - Started process (PID=61) to work on /home/airflow/.local/lib/python3.7/site-packages/airflow/example_dags/example_task_group_decorator.py
[2023-07-02T01:19:17.386+0000] {processor.py:826} INFO - Processing file /home/airflow/.local/lib/python3.7/site-packages/airflow/example_dags/example_task_group_decorator.py for tasks to queue
[2023-07-02T01:19:17.388+0000] {logging_mixin.py:149} INFO - [2023-07-02T01:19:17.388+0000] {dagbag.py:541} INFO - Filling up the DagBag from /home/airflow/.local/lib/python3.7/site-packages/airflow/example_dags/example_task_group_decorator.py
[2023-07-02T01:19:17.418+0000] {processor.py:836} INFO - DAG(s) dict_keys(['example_task_group_decorator']) retrieved from /home/airflow/.local/lib/python3.7/site-packages/airflow/example_dags/example_task_group_decorator.py
[2023-07-02T01:19:17.667+0000] {logging_mixin.py:149} INFO - [2023-07-02T01:19:17.667+0000] {manager.py:504} INFO - Created Permission View: can delete on DAG:example_task_group_decorator
[2023-07-02T01:19:17.685+0000] {logging_mixin.py:149} INFO - [2023-07-02T01:19:17.685+0000] {manager.py:504} INFO - Created Permission View: can edit on DAG:example_task_group_decorator
[2023-07-02T01:19:17.698+0000] {logging_mixin.py:149} INFO - [2023-07-02T01:19:17.698+0000] {manager.py:504} INFO - Created Permission View: can read on DAG:example_task_group_decorator
[2023-07-02T01:19:17.725+0000] {logging_mixin.py:149} INFO - [2023-07-02T01:19:17.724+0000] {dag.py:2726} INFO - Sync 1 DAGs
[2023-07-02T01:19:17.748+0000] {logging_mixin.py:149} INFO - [2023-07-02T01:19:17.748+0000] {dag.py:2747} INFO - Creating ORM DAG for example_task_group_decorator
[2023-07-02T01:19:17.793+0000] {logging_mixin.py:149} INFO - [2023-07-02T01:19:17.792+0000] {dag.py:3490} INFO - Setting next_dagrun for example_task_group_decorator to 2023-07-01T01:19:17.792153+00:00, run_after=2023-07-02T01:19:17.792153+00:00
[2023-07-02T01:19:17.901+0000] {processor.py:179} INFO - Processing /home/airflow/.local/lib/python3.7/site-packages/airflow/example_dags/example_task_group_decorator.py took 0.527 seconds
[2023-07-02T01:19:54.630+0000] {processor.py:157} INFO - Started process (PID=125) to work on /home/airflow/.local/lib/python3.7/site-packages/airflow/example_dags/example_task_group_decorator.py
[2023-07-02T01:19:54.633+0000] {processor.py:826} INFO - Processing file /home/airflow/.local/lib/python3.7/site-packages/airflow/example_dags/example_task_group_decorator.py for tasks to queue
[2023-07-02T01:19:54.635+0000] {logging_mixin.py:149} INFO - [2023-07-02T01:19:54.634+0000] {dagbag.py:541} INFO - Filling up the DagBag from /home/airflow/.local/lib/python3.7/site-packages/airflow/example_dags/example_task_group_decorator.py
[2023-07-02T01:19:54.673+0000] {processor.py:836} INFO - DAG(s) dict_keys(['example_task_group_decorator']) retrieved from /home/airflow/.local/lib/python3.7/site-packages/airflow/example_dags/example_task_group_decorator.py
[2023-07-02T01:19:54.742+0000] {logging_mixin.py:149} INFO - [2023-07-02T01:19:54.741+0000] {dag.py:2726} INFO - Sync 1 DAGs
[2023-07-02T01:19:54.815+0000] {logging_mixin.py:149} INFO - [2023-07-02T01:19:54.815+0000] {dag.py:3490} INFO - Setting next_dagrun for example_task_group_decorator to 2023-07-01T01:19:54.814922+00:00, run_after=2023-07-02T01:19:54.814922+00:00
[2023-07-02T01:19:54.853+0000] {processor.py:179} INFO - Processing /home/airflow/.local/lib/python3.7/site-packages/airflow/example_dags/example_task_group_decorator.py took 0.229 seconds
[2023-07-02T01:20:25.261+0000] {processor.py:157} INFO - Started process (PID=183) to work on /home/airflow/.local/lib/python3.7/site-packages/airflow/example_dags/example_task_group_decorator.py
[2023-07-02T01:20:25.263+0000] {processor.py:826} INFO - Processing file /home/airflow/.local/lib/python3.7/site-packages/airflow/example_dags/example_task_group_decorator.py for tasks to queue
[2023-07-02T01:20:25.268+0000] {logging_mixin.py:149} INFO - [2023-07-02T01:20:25.267+0000] {dagbag.py:541} INFO - Filling up the DagBag from /home/airflow/.local/lib/python3.7/site-packages/airflow/example_dags/example_task_group_decorator.py
[2023-07-02T01:20:25.318+0000] {processor.py:836} INFO - DAG(s) dict_keys(['example_task_group_decorator']) retrieved from /home/airflow/.local/lib/python3.7/site-packages/airflow/example_dags/example_task_group_decorator.py
[2023-07-02T01:20:25.392+0000] {logging_mixin.py:149} INFO - [2023-07-02T01:20:25.392+0000] {dag.py:2726} INFO - Sync 1 DAGs
[2023-07-02T01:20:25.465+0000] {logging_mixin.py:149} INFO - [2023-07-02T01:20:25.465+0000] {dag.py:3490} INFO - Setting next_dagrun for example_task_group_decorator to 2023-07-01T01:20:25.464300+00:00, run_after=2023-07-02T01:20:25.464300+00:00
[2023-07-02T01:20:25.514+0000] {processor.py:179} INFO - Processing /home/airflow/.local/lib/python3.7/site-packages/airflow/example_dags/example_task_group_decorator.py took 0.262 seconds
[2023-07-02T01:20:55.881+0000] {processor.py:157} INFO - Started process (PID=242) to work on /home/airflow/.local/lib/python3.7/site-packages/airflow/example_dags/example_task_group_decorator.py
[2023-07-02T01:20:55.884+0000] {processor.py:826} INFO - Processing file /home/airflow/.local/lib/python3.7/site-packages/airflow/example_dags/example_task_group_decorator.py for tasks to queue
[2023-07-02T01:20:55.885+0000] {logging_mixin.py:149} INFO - [2023-07-02T01:20:55.885+0000] {dagbag.py:541} INFO - Filling up the DagBag from /home/airflow/.local/lib/python3.7/site-packages/airflow/example_dags/example_task_group_decorator.py
[2023-07-02T01:20:55.914+0000] {processor.py:836} INFO - DAG(s) dict_keys(['example_task_group_decorator']) retrieved from /home/airflow/.local/lib/python3.7/site-packages/airflow/example_dags/example_task_group_decorator.py
[2023-07-02T01:20:55.980+0000] {logging_mixin.py:149} INFO - [2023-07-02T01:20:55.980+0000] {dag.py:2726} INFO - Sync 1 DAGs
[2023-07-02T01:20:56.045+0000] {logging_mixin.py:149} INFO - [2023-07-02T01:20:56.044+0000] {dag.py:3490} INFO - Setting next_dagrun for example_task_group_decorator to 2023-07-01T01:20:56.042918+00:00, run_after=2023-07-02T01:20:56.042918+00:00
[2023-07-02T01:20:56.117+0000] {processor.py:179} INFO - Processing /home/airflow/.local/lib/python3.7/site-packages/airflow/example_dags/example_task_group_decorator.py took 0.242 seconds
[2023-07-02T01:21:26.699+0000] {processor.py:157} INFO - Started process (PID=301) to work on /home/airflow/.local/lib/python3.7/site-packages/airflow/example_dags/example_task_group_decorator.py
[2023-07-02T01:21:26.701+0000] {processor.py:826} INFO - Processing file /home/airflow/.local/lib/python3.7/site-packages/airflow/example_dags/example_task_group_decorator.py for tasks to queue
[2023-07-02T01:21:26.704+0000] {logging_mixin.py:149} INFO - [2023-07-02T01:21:26.703+0000] {dagbag.py:541} INFO - Filling up the DagBag from /home/airflow/.local/lib/python3.7/site-packages/airflow/example_dags/example_task_group_decorator.py
[2023-07-02T01:21:26.737+0000] {processor.py:836} INFO - DAG(s) dict_keys(['example_task_group_decorator']) retrieved from /home/airflow/.local/lib/python3.7/site-packages/airflow/example_dags/example_task_group_decorator.py
[2023-07-02T01:21:26.796+0000] {logging_mixin.py:149} INFO - [2023-07-02T01:21:26.796+0000] {dag.py:2726} INFO - Sync 1 DAGs
[2023-07-02T01:21:26.856+0000] {logging_mixin.py:149} INFO - [2023-07-02T01:21:26.856+0000] {dag.py:3490} INFO - Setting next_dagrun for example_task_group_decorator to 2023-07-01T01:21:26.855501+00:00, run_after=2023-07-02T01:21:26.855501+00:00
[2023-07-02T01:21:26.898+0000] {processor.py:179} INFO - Processing /home/airflow/.local/lib/python3.7/site-packages/airflow/example_dags/example_task_group_decorator.py took 0.206 seconds
[2023-07-02T01:21:57.839+0000] {processor.py:157} INFO - Started process (PID=358) to work on /home/airflow/.local/lib/python3.7/site-packages/airflow/example_dags/example_task_group_decorator.py
[2023-07-02T01:21:57.841+0000] {processor.py:826} INFO - Processing file /home/airflow/.local/lib/python3.7/site-packages/airflow/example_dags/example_task_group_decorator.py for tasks to queue
[2023-07-02T01:21:57.843+0000] {logging_mixin.py:149} INFO - [2023-07-02T01:21:57.842+0000] {dagbag.py:541} INFO - Filling up the DagBag from /home/airflow/.local/lib/python3.7/site-packages/airflow/example_dags/example_task_group_decorator.py
[2023-07-02T01:21:57.877+0000] {processor.py:836} INFO - DAG(s) dict_keys(['example_task_group_decorator']) retrieved from /home/airflow/.local/lib/python3.7/site-packages/airflow/example_dags/example_task_group_decorator.py
[2023-07-02T01:21:57.980+0000] {logging_mixin.py:149} INFO - [2023-07-02T01:21:57.979+0000] {dag.py:2726} INFO - Sync 1 DAGs
[2023-07-02T01:21:58.031+0000] {logging_mixin.py:149} INFO - [2023-07-02T01:21:58.030+0000] {dag.py:3490} INFO - Setting next_dagrun for example_task_group_decorator to 2023-07-01T01:21:58.030145+00:00, run_after=2023-07-02T01:21:58.030145+00:00
[2023-07-02T01:21:58.076+0000] {processor.py:179} INFO - Processing /home/airflow/.local/lib/python3.7/site-packages/airflow/example_dags/example_task_group_decorator.py took 0.244 seconds
[2023-07-02T01:22:28.636+0000] {processor.py:157} INFO - Started process (PID=416) to work on /home/airflow/.local/lib/python3.7/site-packages/airflow/example_dags/example_task_group_decorator.py
[2023-07-02T01:22:28.637+0000] {processor.py:826} INFO - Processing file /home/airflow/.local/lib/python3.7/site-packages/airflow/example_dags/example_task_group_decorator.py for tasks to queue
[2023-07-02T01:22:28.639+0000] {logging_mixin.py:149} INFO - [2023-07-02T01:22:28.639+0000] {dagbag.py:541} INFO - Filling up the DagBag from /home/airflow/.local/lib/python3.7/site-packages/airflow/example_dags/example_task_group_decorator.py
[2023-07-02T01:22:28.683+0000] {processor.py:836} INFO - DAG(s) dict_keys(['example_task_group_decorator']) retrieved from /home/airflow/.local/lib/python3.7/site-packages/airflow/example_dags/example_task_group_decorator.py
[2023-07-02T01:22:28.755+0000] {logging_mixin.py:149} INFO - [2023-07-02T01:22:28.754+0000] {dag.py:2726} INFO - Sync 1 DAGs
[2023-07-02T01:22:28.812+0000] {logging_mixin.py:149} INFO - [2023-07-02T01:22:28.812+0000] {dag.py:3490} INFO - Setting next_dagrun for example_task_group_decorator to 2023-07-01T01:22:28.811783+00:00, run_after=2023-07-02T01:22:28.811783+00:00
[2023-07-02T01:22:28.846+0000] {processor.py:179} INFO - Processing /home/airflow/.local/lib/python3.7/site-packages/airflow/example_dags/example_task_group_decorator.py took 0.220 seconds
[2023-07-02T01:22:59.485+0000] {processor.py:157} INFO - Started process (PID=477) to work on /home/airflow/.local/lib/python3.7/site-packages/airflow/example_dags/example_task_group_decorator.py
[2023-07-02T01:22:59.489+0000] {processor.py:826} INFO - Processing file /home/airflow/.local/lib/python3.7/site-packages/airflow/example_dags/example_task_group_decorator.py for tasks to queue
[2023-07-02T01:22:59.491+0000] {logging_mixin.py:149} INFO - [2023-07-02T01:22:59.491+0000] {dagbag.py:541} INFO - Filling up the DagBag from /home/airflow/.local/lib/python3.7/site-packages/airflow/example_dags/example_task_group_decorator.py
[2023-07-02T01:22:59.533+0000] {processor.py:836} INFO - DAG(s) dict_keys(['example_task_group_decorator']) retrieved from /home/airflow/.local/lib/python3.7/site-packages/airflow/example_dags/example_task_group_decorator.py
[2023-07-02T01:22:59.602+0000] {logging_mixin.py:149} INFO - [2023-07-02T01:22:59.602+0000] {dag.py:2726} INFO - Sync 1 DAGs
[2023-07-02T01:22:59.660+0000] {logging_mixin.py:149} INFO - [2023-07-02T01:22:59.660+0000] {dag.py:3490} INFO - Setting next_dagrun for example_task_group_decorator to 2023-07-01T01:22:59.659783+00:00, run_after=2023-07-02T01:22:59.659783+00:00
[2023-07-02T01:22:59.707+0000] {processor.py:179} INFO - Processing /home/airflow/.local/lib/python3.7/site-packages/airflow/example_dags/example_task_group_decorator.py took 0.266 seconds
[2023-07-02T01:23:29.937+0000] {processor.py:157} INFO - Started process (PID=536) to work on /home/airflow/.local/lib/python3.7/site-packages/airflow/example_dags/example_task_group_decorator.py
[2023-07-02T01:23:29.940+0000] {processor.py:826} INFO - Processing file /home/airflow/.local/lib/python3.7/site-packages/airflow/example_dags/example_task_group_decorator.py for tasks to queue
[2023-07-02T01:23:29.942+0000] {logging_mixin.py:149} INFO - [2023-07-02T01:23:29.942+0000] {dagbag.py:541} INFO - Filling up the DagBag from /home/airflow/.local/lib/python3.7/site-packages/airflow/example_dags/example_task_group_decorator.py
[2023-07-02T01:23:29.979+0000] {processor.py:836} INFO - DAG(s) dict_keys(['example_task_group_decorator']) retrieved from /home/airflow/.local/lib/python3.7/site-packages/airflow/example_dags/example_task_group_decorator.py
[2023-07-02T01:23:30.046+0000] {logging_mixin.py:149} INFO - [2023-07-02T01:23:30.045+0000] {dag.py:2726} INFO - Sync 1 DAGs
[2023-07-02T01:23:30.096+0000] {logging_mixin.py:149} INFO - [2023-07-02T01:23:30.096+0000] {dag.py:3490} INFO - Setting next_dagrun for example_task_group_decorator to 2023-07-01T01:23:30.095759+00:00, run_after=2023-07-02T01:23:30.095759+00:00
[2023-07-02T01:23:30.135+0000] {processor.py:179} INFO - Processing /home/airflow/.local/lib/python3.7/site-packages/airflow/example_dags/example_task_group_decorator.py took 0.207 seconds
[2023-07-02T02:04:20.877+0000] {processor.py:157} INFO - Started process (PID=59) to work on /home/airflow/.local/lib/python3.7/site-packages/airflow/example_dags/example_task_group_decorator.py
[2023-07-02T02:04:20.879+0000] {processor.py:826} INFO - Processing file /home/airflow/.local/lib/python3.7/site-packages/airflow/example_dags/example_task_group_decorator.py for tasks to queue
[2023-07-02T02:04:20.880+0000] {logging_mixin.py:149} INFO - [2023-07-02T02:04:20.880+0000] {dagbag.py:541} INFO - Filling up the DagBag from /home/airflow/.local/lib/python3.7/site-packages/airflow/example_dags/example_task_group_decorator.py
[2023-07-02T02:04:20.910+0000] {processor.py:836} INFO - DAG(s) dict_keys(['example_task_group_decorator']) retrieved from /home/airflow/.local/lib/python3.7/site-packages/airflow/example_dags/example_task_group_decorator.py
[2023-07-02T02:04:20.953+0000] {logging_mixin.py:149} INFO - [2023-07-02T02:04:20.952+0000] {dag.py:2726} INFO - Sync 1 DAGs
[2023-07-02T02:04:20.990+0000] {logging_mixin.py:149} INFO - [2023-07-02T02:04:20.990+0000] {dag.py:3490} INFO - Setting next_dagrun for example_task_group_decorator to 2023-07-01T02:04:20.990060+00:00, run_after=2023-07-02T02:04:20.990060+00:00
[2023-07-02T02:04:21.025+0000] {processor.py:179} INFO - Processing /home/airflow/.local/lib/python3.7/site-packages/airflow/example_dags/example_task_group_decorator.py took 0.153 seconds
[2023-07-02T02:04:51.650+0000] {processor.py:157} INFO - Started process (PID=117) to work on /home/airflow/.local/lib/python3.7/site-packages/airflow/example_dags/example_task_group_decorator.py
[2023-07-02T02:04:51.652+0000] {processor.py:826} INFO - Processing file /home/airflow/.local/lib/python3.7/site-packages/airflow/example_dags/example_task_group_decorator.py for tasks to queue
[2023-07-02T02:04:51.654+0000] {logging_mixin.py:149} INFO - [2023-07-02T02:04:51.654+0000] {dagbag.py:541} INFO - Filling up the DagBag from /home/airflow/.local/lib/python3.7/site-packages/airflow/example_dags/example_task_group_decorator.py
[2023-07-02T02:04:51.677+0000] {processor.py:836} INFO - DAG(s) dict_keys(['example_task_group_decorator']) retrieved from /home/airflow/.local/lib/python3.7/site-packages/airflow/example_dags/example_task_group_decorator.py
[2023-07-02T02:04:51.718+0000] {logging_mixin.py:149} INFO - [2023-07-02T02:04:51.718+0000] {dag.py:2726} INFO - Sync 1 DAGs
[2023-07-02T02:04:51.755+0000] {logging_mixin.py:149} INFO - [2023-07-02T02:04:51.754+0000] {dag.py:3490} INFO - Setting next_dagrun for example_task_group_decorator to 2023-07-01T02:04:51.754369+00:00, run_after=2023-07-02T02:04:51.754369+00:00
[2023-07-02T02:04:51.788+0000] {processor.py:179} INFO - Processing /home/airflow/.local/lib/python3.7/site-packages/airflow/example_dags/example_task_group_decorator.py took 0.144 seconds
[2023-07-02T02:05:22.729+0000] {processor.py:157} INFO - Started process (PID=174) to work on /home/airflow/.local/lib/python3.7/site-packages/airflow/example_dags/example_task_group_decorator.py
[2023-07-02T02:05:22.731+0000] {processor.py:826} INFO - Processing file /home/airflow/.local/lib/python3.7/site-packages/airflow/example_dags/example_task_group_decorator.py for tasks to queue
[2023-07-02T02:05:22.732+0000] {logging_mixin.py:149} INFO - [2023-07-02T02:05:22.732+0000] {dagbag.py:541} INFO - Filling up the DagBag from /home/airflow/.local/lib/python3.7/site-packages/airflow/example_dags/example_task_group_decorator.py
[2023-07-02T02:05:22.755+0000] {processor.py:836} INFO - DAG(s) dict_keys(['example_task_group_decorator']) retrieved from /home/airflow/.local/lib/python3.7/site-packages/airflow/example_dags/example_task_group_decorator.py
[2023-07-02T02:05:22.802+0000] {logging_mixin.py:149} INFO - [2023-07-02T02:05:22.802+0000] {dag.py:2726} INFO - Sync 1 DAGs
[2023-07-02T02:05:22.851+0000] {logging_mixin.py:149} INFO - [2023-07-02T02:05:22.851+0000] {dag.py:3490} INFO - Setting next_dagrun for example_task_group_decorator to 2023-07-01T02:05:22.851072+00:00, run_after=2023-07-02T02:05:22.851072+00:00
[2023-07-02T02:05:22.882+0000] {processor.py:179} INFO - Processing /home/airflow/.local/lib/python3.7/site-packages/airflow/example_dags/example_task_group_decorator.py took 0.159 seconds
[2023-07-02T02:05:53.293+0000] {processor.py:157} INFO - Started process (PID=233) to work on /home/airflow/.local/lib/python3.7/site-packages/airflow/example_dags/example_task_group_decorator.py
[2023-07-02T02:05:53.295+0000] {processor.py:826} INFO - Processing file /home/airflow/.local/lib/python3.7/site-packages/airflow/example_dags/example_task_group_decorator.py for tasks to queue
[2023-07-02T02:05:53.296+0000] {logging_mixin.py:149} INFO - [2023-07-02T02:05:53.296+0000] {dagbag.py:541} INFO - Filling up the DagBag from /home/airflow/.local/lib/python3.7/site-packages/airflow/example_dags/example_task_group_decorator.py
[2023-07-02T02:05:53.322+0000] {processor.py:836} INFO - DAG(s) dict_keys(['example_task_group_decorator']) retrieved from /home/airflow/.local/lib/python3.7/site-packages/airflow/example_dags/example_task_group_decorator.py
[2023-07-02T02:05:53.370+0000] {logging_mixin.py:149} INFO - [2023-07-02T02:05:53.370+0000] {dag.py:2726} INFO - Sync 1 DAGs
[2023-07-02T02:05:53.409+0000] {logging_mixin.py:149} INFO - [2023-07-02T02:05:53.408+0000] {dag.py:3490} INFO - Setting next_dagrun for example_task_group_decorator to 2023-07-01T02:05:53.408631+00:00, run_after=2023-07-02T02:05:53.408631+00:00
[2023-07-02T02:05:53.438+0000] {processor.py:179} INFO - Processing /home/airflow/.local/lib/python3.7/site-packages/airflow/example_dags/example_task_group_decorator.py took 0.150 seconds
[2023-07-02T02:06:24.293+0000] {processor.py:157} INFO - Started process (PID=291) to work on /home/airflow/.local/lib/python3.7/site-packages/airflow/example_dags/example_task_group_decorator.py
[2023-07-02T02:06:24.294+0000] {processor.py:826} INFO - Processing file /home/airflow/.local/lib/python3.7/site-packages/airflow/example_dags/example_task_group_decorator.py for tasks to queue
[2023-07-02T02:06:24.296+0000] {logging_mixin.py:149} INFO - [2023-07-02T02:06:24.295+0000] {dagbag.py:541} INFO - Filling up the DagBag from /home/airflow/.local/lib/python3.7/site-packages/airflow/example_dags/example_task_group_decorator.py
[2023-07-02T02:06:24.315+0000] {processor.py:836} INFO - DAG(s) dict_keys(['example_task_group_decorator']) retrieved from /home/airflow/.local/lib/python3.7/site-packages/airflow/example_dags/example_task_group_decorator.py
[2023-07-02T02:06:24.358+0000] {logging_mixin.py:149} INFO - [2023-07-02T02:06:24.358+0000] {dag.py:2726} INFO - Sync 1 DAGs
[2023-07-02T02:06:24.399+0000] {logging_mixin.py:149} INFO - [2023-07-02T02:06:24.399+0000] {dag.py:3490} INFO - Setting next_dagrun for example_task_group_decorator to 2023-07-01T02:06:24.398987+00:00, run_after=2023-07-02T02:06:24.398987+00:00
[2023-07-02T02:06:24.432+0000] {processor.py:179} INFO - Processing /home/airflow/.local/lib/python3.7/site-packages/airflow/example_dags/example_task_group_decorator.py took 0.144 seconds
[2023-07-02T02:06:54.658+0000] {processor.py:157} INFO - Started process (PID=349) to work on /home/airflow/.local/lib/python3.7/site-packages/airflow/example_dags/example_task_group_decorator.py
[2023-07-02T02:06:54.660+0000] {processor.py:826} INFO - Processing file /home/airflow/.local/lib/python3.7/site-packages/airflow/example_dags/example_task_group_decorator.py for tasks to queue
[2023-07-02T02:06:54.662+0000] {logging_mixin.py:149} INFO - [2023-07-02T02:06:54.662+0000] {dagbag.py:541} INFO - Filling up the DagBag from /home/airflow/.local/lib/python3.7/site-packages/airflow/example_dags/example_task_group_decorator.py
[2023-07-02T02:06:54.682+0000] {processor.py:836} INFO - DAG(s) dict_keys(['example_task_group_decorator']) retrieved from /home/airflow/.local/lib/python3.7/site-packages/airflow/example_dags/example_task_group_decorator.py
[2023-07-02T02:06:54.725+0000] {logging_mixin.py:149} INFO - [2023-07-02T02:06:54.724+0000] {dag.py:2726} INFO - Sync 1 DAGs
[2023-07-02T02:06:54.759+0000] {logging_mixin.py:149} INFO - [2023-07-02T02:06:54.759+0000] {dag.py:3490} INFO - Setting next_dagrun for example_task_group_decorator to 2023-07-01T02:06:54.759013+00:00, run_after=2023-07-02T02:06:54.759013+00:00
[2023-07-02T02:06:54.789+0000] {processor.py:179} INFO - Processing /home/airflow/.local/lib/python3.7/site-packages/airflow/example_dags/example_task_group_decorator.py took 0.135 seconds
[2023-07-02T02:12:41.704+0000] {processor.py:157} INFO - Started process (PID=59) to work on /home/airflow/.local/lib/python3.7/site-packages/airflow/example_dags/example_task_group_decorator.py
[2023-07-02T02:12:41.707+0000] {processor.py:826} INFO - Processing file /home/airflow/.local/lib/python3.7/site-packages/airflow/example_dags/example_task_group_decorator.py for tasks to queue
[2023-07-02T02:12:41.708+0000] {logging_mixin.py:149} INFO - [2023-07-02T02:12:41.708+0000] {dagbag.py:541} INFO - Filling up the DagBag from /home/airflow/.local/lib/python3.7/site-packages/airflow/example_dags/example_task_group_decorator.py
[2023-07-02T02:12:41.744+0000] {processor.py:836} INFO - DAG(s) dict_keys(['example_task_group_decorator']) retrieved from /home/airflow/.local/lib/python3.7/site-packages/airflow/example_dags/example_task_group_decorator.py
[2023-07-02T02:12:41.794+0000] {logging_mixin.py:149} INFO - [2023-07-02T02:12:41.794+0000] {dag.py:2726} INFO - Sync 1 DAGs
[2023-07-02T02:12:41.959+0000] {logging_mixin.py:149} INFO - [2023-07-02T02:12:41.959+0000] {dag.py:3490} INFO - Setting next_dagrun for example_task_group_decorator to 2023-07-01T02:12:41.958810+00:00, run_after=2023-07-02T02:12:41.958810+00:00
[2023-07-02T02:12:41.984+0000] {processor.py:179} INFO - Processing /home/airflow/.local/lib/python3.7/site-packages/airflow/example_dags/example_task_group_decorator.py took 0.286 seconds
[2023-07-02T02:13:12.705+0000] {processor.py:157} INFO - Started process (PID=120) to work on /home/airflow/.local/lib/python3.7/site-packages/airflow/example_dags/example_task_group_decorator.py
[2023-07-02T02:13:12.706+0000] {processor.py:826} INFO - Processing file /home/airflow/.local/lib/python3.7/site-packages/airflow/example_dags/example_task_group_decorator.py for tasks to queue
[2023-07-02T02:13:12.708+0000] {logging_mixin.py:149} INFO - [2023-07-02T02:13:12.708+0000] {dagbag.py:541} INFO - Filling up the DagBag from /home/airflow/.local/lib/python3.7/site-packages/airflow/example_dags/example_task_group_decorator.py
[2023-07-02T02:13:12.727+0000] {processor.py:836} INFO - DAG(s) dict_keys(['example_task_group_decorator']) retrieved from /home/airflow/.local/lib/python3.7/site-packages/airflow/example_dags/example_task_group_decorator.py
[2023-07-02T02:13:12.771+0000] {logging_mixin.py:149} INFO - [2023-07-02T02:13:12.771+0000] {dag.py:2726} INFO - Sync 1 DAGs
[2023-07-02T02:13:12.821+0000] {logging_mixin.py:149} INFO - [2023-07-02T02:13:12.821+0000] {dag.py:3490} INFO - Setting next_dagrun for example_task_group_decorator to 2023-07-01T02:13:12.821486+00:00, run_after=2023-07-02T02:13:12.821486+00:00
[2023-07-02T02:13:12.857+0000] {processor.py:179} INFO - Processing /home/airflow/.local/lib/python3.7/site-packages/airflow/example_dags/example_task_group_decorator.py took 0.157 seconds
[2023-07-02T02:13:43.023+0000] {processor.py:157} INFO - Started process (PID=178) to work on /home/airflow/.local/lib/python3.7/site-packages/airflow/example_dags/example_task_group_decorator.py
[2023-07-02T02:13:43.024+0000] {processor.py:826} INFO - Processing file /home/airflow/.local/lib/python3.7/site-packages/airflow/example_dags/example_task_group_decorator.py for tasks to queue
[2023-07-02T02:13:43.026+0000] {logging_mixin.py:149} INFO - [2023-07-02T02:13:43.026+0000] {dagbag.py:541} INFO - Filling up the DagBag from /home/airflow/.local/lib/python3.7/site-packages/airflow/example_dags/example_task_group_decorator.py
[2023-07-02T02:13:43.054+0000] {processor.py:836} INFO - DAG(s) dict_keys(['example_task_group_decorator']) retrieved from /home/airflow/.local/lib/python3.7/site-packages/airflow/example_dags/example_task_group_decorator.py
[2023-07-02T02:13:43.098+0000] {logging_mixin.py:149} INFO - [2023-07-02T02:13:43.098+0000] {dag.py:2726} INFO - Sync 1 DAGs
[2023-07-02T02:13:43.135+0000] {logging_mixin.py:149} INFO - [2023-07-02T02:13:43.134+0000] {dag.py:3490} INFO - Setting next_dagrun for example_task_group_decorator to 2023-07-01T02:13:43.134153+00:00, run_after=2023-07-02T02:13:43.134153+00:00
[2023-07-02T02:13:43.166+0000] {processor.py:179} INFO - Processing /home/airflow/.local/lib/python3.7/site-packages/airflow/example_dags/example_task_group_decorator.py took 0.147 seconds
[2023-07-02T02:14:13.683+0000] {processor.py:157} INFO - Started process (PID=236) to work on /home/airflow/.local/lib/python3.7/site-packages/airflow/example_dags/example_task_group_decorator.py
[2023-07-02T02:14:13.685+0000] {processor.py:826} INFO - Processing file /home/airflow/.local/lib/python3.7/site-packages/airflow/example_dags/example_task_group_decorator.py for tasks to queue
[2023-07-02T02:14:13.687+0000] {logging_mixin.py:149} INFO - [2023-07-02T02:14:13.687+0000] {dagbag.py:541} INFO - Filling up the DagBag from /home/airflow/.local/lib/python3.7/site-packages/airflow/example_dags/example_task_group_decorator.py
[2023-07-02T02:14:13.724+0000] {processor.py:836} INFO - DAG(s) dict_keys(['example_task_group_decorator']) retrieved from /home/airflow/.local/lib/python3.7/site-packages/airflow/example_dags/example_task_group_decorator.py
[2023-07-02T02:14:13.795+0000] {logging_mixin.py:149} INFO - [2023-07-02T02:14:13.795+0000] {dag.py:2726} INFO - Sync 1 DAGs
[2023-07-02T02:14:13.864+0000] {logging_mixin.py:149} INFO - [2023-07-02T02:14:13.863+0000] {dag.py:3490} INFO - Setting next_dagrun for example_task_group_decorator to 2023-07-01T02:14:13.863156+00:00, run_after=2023-07-02T02:14:13.863156+00:00
[2023-07-02T02:14:13.925+0000] {processor.py:179} INFO - Processing /home/airflow/.local/lib/python3.7/site-packages/airflow/example_dags/example_task_group_decorator.py took 0.251 seconds
[2023-07-02T02:14:44.513+0000] {processor.py:157} INFO - Started process (PID=294) to work on /home/airflow/.local/lib/python3.7/site-packages/airflow/example_dags/example_task_group_decorator.py
[2023-07-02T02:14:44.515+0000] {processor.py:826} INFO - Processing file /home/airflow/.local/lib/python3.7/site-packages/airflow/example_dags/example_task_group_decorator.py for tasks to queue
[2023-07-02T02:14:44.516+0000] {logging_mixin.py:149} INFO - [2023-07-02T02:14:44.516+0000] {dagbag.py:541} INFO - Filling up the DagBag from /home/airflow/.local/lib/python3.7/site-packages/airflow/example_dags/example_task_group_decorator.py
[2023-07-02T02:14:44.534+0000] {processor.py:836} INFO - DAG(s) dict_keys(['example_task_group_decorator']) retrieved from /home/airflow/.local/lib/python3.7/site-packages/airflow/example_dags/example_task_group_decorator.py
[2023-07-02T02:14:44.699+0000] {logging_mixin.py:149} INFO - [2023-07-02T02:14:44.699+0000] {dag.py:2726} INFO - Sync 1 DAGs
[2023-07-02T02:14:44.736+0000] {logging_mixin.py:149} INFO - [2023-07-02T02:14:44.736+0000] {dag.py:3490} INFO - Setting next_dagrun for example_task_group_decorator to 2023-07-01T02:14:44.736183+00:00, run_after=2023-07-02T02:14:44.736183+00:00
[2023-07-02T02:14:44.762+0000] {processor.py:179} INFO - Processing /home/airflow/.local/lib/python3.7/site-packages/airflow/example_dags/example_task_group_decorator.py took 0.253 seconds
[2023-07-02T02:15:15.204+0000] {processor.py:157} INFO - Started process (PID=352) to work on /home/airflow/.local/lib/python3.7/site-packages/airflow/example_dags/example_task_group_decorator.py
[2023-07-02T02:15:15.205+0000] {processor.py:826} INFO - Processing file /home/airflow/.local/lib/python3.7/site-packages/airflow/example_dags/example_task_group_decorator.py for tasks to queue
[2023-07-02T02:15:15.206+0000] {logging_mixin.py:149} INFO - [2023-07-02T02:15:15.206+0000] {dagbag.py:541} INFO - Filling up the DagBag from /home/airflow/.local/lib/python3.7/site-packages/airflow/example_dags/example_task_group_decorator.py
[2023-07-02T02:15:15.224+0000] {processor.py:836} INFO - DAG(s) dict_keys(['example_task_group_decorator']) retrieved from /home/airflow/.local/lib/python3.7/site-packages/airflow/example_dags/example_task_group_decorator.py
[2023-07-02T02:15:15.260+0000] {logging_mixin.py:149} INFO - [2023-07-02T02:15:15.259+0000] {dag.py:2726} INFO - Sync 1 DAGs
[2023-07-02T02:15:15.292+0000] {logging_mixin.py:149} INFO - [2023-07-02T02:15:15.292+0000] {dag.py:3490} INFO - Setting next_dagrun for example_task_group_decorator to 2023-07-01T02:15:15.292348+00:00, run_after=2023-07-02T02:15:15.292348+00:00
[2023-07-02T02:15:15.317+0000] {processor.py:179} INFO - Processing /home/airflow/.local/lib/python3.7/site-packages/airflow/example_dags/example_task_group_decorator.py took 0.118 seconds
[2023-07-02T02:15:46.696+0000] {processor.py:157} INFO - Started process (PID=409) to work on /home/airflow/.local/lib/python3.7/site-packages/airflow/example_dags/example_task_group_decorator.py
[2023-07-02T02:15:46.697+0000] {processor.py:826} INFO - Processing file /home/airflow/.local/lib/python3.7/site-packages/airflow/example_dags/example_task_group_decorator.py for tasks to queue
[2023-07-02T02:15:46.699+0000] {logging_mixin.py:149} INFO - [2023-07-02T02:15:46.699+0000] {dagbag.py:541} INFO - Filling up the DagBag from /home/airflow/.local/lib/python3.7/site-packages/airflow/example_dags/example_task_group_decorator.py
[2023-07-02T02:15:46.717+0000] {processor.py:836} INFO - DAG(s) dict_keys(['example_task_group_decorator']) retrieved from /home/airflow/.local/lib/python3.7/site-packages/airflow/example_dags/example_task_group_decorator.py
[2023-07-02T02:15:46.902+0000] {logging_mixin.py:149} INFO - [2023-07-02T02:15:46.901+0000] {dag.py:2726} INFO - Sync 1 DAGs
[2023-07-02T02:15:46.934+0000] {logging_mixin.py:149} INFO - [2023-07-02T02:15:46.934+0000] {dag.py:3490} INFO - Setting next_dagrun for example_task_group_decorator to 2023-07-01T02:15:46.934295+00:00, run_after=2023-07-02T02:15:46.934295+00:00
[2023-07-02T02:15:46.960+0000] {processor.py:179} INFO - Processing /home/airflow/.local/lib/python3.7/site-packages/airflow/example_dags/example_task_group_decorator.py took 0.268 seconds
[2023-07-02T02:16:18.005+0000] {processor.py:157} INFO - Started process (PID=467) to work on /home/airflow/.local/lib/python3.7/site-packages/airflow/example_dags/example_task_group_decorator.py
[2023-07-02T02:16:18.006+0000] {processor.py:826} INFO - Processing file /home/airflow/.local/lib/python3.7/site-packages/airflow/example_dags/example_task_group_decorator.py for tasks to queue
[2023-07-02T02:16:18.008+0000] {logging_mixin.py:149} INFO - [2023-07-02T02:16:18.007+0000] {dagbag.py:541} INFO - Filling up the DagBag from /home/airflow/.local/lib/python3.7/site-packages/airflow/example_dags/example_task_group_decorator.py
[2023-07-02T02:16:18.028+0000] {processor.py:836} INFO - DAG(s) dict_keys(['example_task_group_decorator']) retrieved from /home/airflow/.local/lib/python3.7/site-packages/airflow/example_dags/example_task_group_decorator.py
[2023-07-02T02:16:18.064+0000] {logging_mixin.py:149} INFO - [2023-07-02T02:16:18.064+0000] {dag.py:2726} INFO - Sync 1 DAGs
[2023-07-02T02:16:18.093+0000] {logging_mixin.py:149} INFO - [2023-07-02T02:16:18.093+0000] {dag.py:3490} INFO - Setting next_dagrun for example_task_group_decorator to 2023-07-01T02:16:18.093227+00:00, run_after=2023-07-02T02:16:18.093227+00:00
[2023-07-02T02:16:18.115+0000] {processor.py:179} INFO - Processing /home/airflow/.local/lib/python3.7/site-packages/airflow/example_dags/example_task_group_decorator.py took 0.117 seconds
[2023-07-02T02:16:48.970+0000] {processor.py:157} INFO - Started process (PID=526) to work on /home/airflow/.local/lib/python3.7/site-packages/airflow/example_dags/example_task_group_decorator.py
[2023-07-02T02:16:48.972+0000] {processor.py:826} INFO - Processing file /home/airflow/.local/lib/python3.7/site-packages/airflow/example_dags/example_task_group_decorator.py for tasks to queue
[2023-07-02T02:16:48.974+0000] {logging_mixin.py:149} INFO - [2023-07-02T02:16:48.974+0000] {dagbag.py:541} INFO - Filling up the DagBag from /home/airflow/.local/lib/python3.7/site-packages/airflow/example_dags/example_task_group_decorator.py
[2023-07-02T02:16:49.004+0000] {processor.py:836} INFO - DAG(s) dict_keys(['example_task_group_decorator']) retrieved from /home/airflow/.local/lib/python3.7/site-packages/airflow/example_dags/example_task_group_decorator.py
[2023-07-02T02:16:49.050+0000] {logging_mixin.py:149} INFO - [2023-07-02T02:16:49.050+0000] {dag.py:2726} INFO - Sync 1 DAGs
[2023-07-02T02:16:49.091+0000] {logging_mixin.py:149} INFO - [2023-07-02T02:16:49.090+0000] {dag.py:3490} INFO - Setting next_dagrun for example_task_group_decorator to 2023-07-01T02:16:49.089318+00:00, run_after=2023-07-02T02:16:49.089318+00:00
[2023-07-02T02:16:49.130+0000] {processor.py:179} INFO - Processing /home/airflow/.local/lib/python3.7/site-packages/airflow/example_dags/example_task_group_decorator.py took 0.166 seconds
[2023-07-02T02:17:19.335+0000] {processor.py:157} INFO - Started process (PID=585) to work on /home/airflow/.local/lib/python3.7/site-packages/airflow/example_dags/example_task_group_decorator.py
[2023-07-02T02:17:19.337+0000] {processor.py:826} INFO - Processing file /home/airflow/.local/lib/python3.7/site-packages/airflow/example_dags/example_task_group_decorator.py for tasks to queue
[2023-07-02T02:17:19.338+0000] {logging_mixin.py:149} INFO - [2023-07-02T02:17:19.337+0000] {dagbag.py:541} INFO - Filling up the DagBag from /home/airflow/.local/lib/python3.7/site-packages/airflow/example_dags/example_task_group_decorator.py
[2023-07-02T02:17:19.357+0000] {processor.py:836} INFO - DAG(s) dict_keys(['example_task_group_decorator']) retrieved from /home/airflow/.local/lib/python3.7/site-packages/airflow/example_dags/example_task_group_decorator.py
[2023-07-02T02:17:19.397+0000] {logging_mixin.py:149} INFO - [2023-07-02T02:17:19.397+0000] {dag.py:2726} INFO - Sync 1 DAGs
[2023-07-02T02:17:19.433+0000] {logging_mixin.py:149} INFO - [2023-07-02T02:17:19.433+0000] {dag.py:3490} INFO - Setting next_dagrun for example_task_group_decorator to 2023-07-01T02:17:19.433381+00:00, run_after=2023-07-02T02:17:19.433381+00:00
[2023-07-02T02:17:19.484+0000] {processor.py:179} INFO - Processing /home/airflow/.local/lib/python3.7/site-packages/airflow/example_dags/example_task_group_decorator.py took 0.154 seconds
[2023-07-02T02:17:49.781+0000] {processor.py:157} INFO - Started process (PID=644) to work on /home/airflow/.local/lib/python3.7/site-packages/airflow/example_dags/example_task_group_decorator.py
[2023-07-02T02:17:49.783+0000] {processor.py:826} INFO - Processing file /home/airflow/.local/lib/python3.7/site-packages/airflow/example_dags/example_task_group_decorator.py for tasks to queue
[2023-07-02T02:17:49.784+0000] {logging_mixin.py:149} INFO - [2023-07-02T02:17:49.784+0000] {dagbag.py:541} INFO - Filling up the DagBag from /home/airflow/.local/lib/python3.7/site-packages/airflow/example_dags/example_task_group_decorator.py
[2023-07-02T02:17:49.805+0000] {processor.py:836} INFO - DAG(s) dict_keys(['example_task_group_decorator']) retrieved from /home/airflow/.local/lib/python3.7/site-packages/airflow/example_dags/example_task_group_decorator.py
[2023-07-02T02:17:49.848+0000] {logging_mixin.py:149} INFO - [2023-07-02T02:17:49.848+0000] {dag.py:2726} INFO - Sync 1 DAGs
[2023-07-02T02:17:49.883+0000] {logging_mixin.py:149} INFO - [2023-07-02T02:17:49.882+0000] {dag.py:3490} INFO - Setting next_dagrun for example_task_group_decorator to 2023-07-01T02:17:49.882652+00:00, run_after=2023-07-02T02:17:49.882652+00:00
[2023-07-02T02:17:49.912+0000] {processor.py:179} INFO - Processing /home/airflow/.local/lib/python3.7/site-packages/airflow/example_dags/example_task_group_decorator.py took 0.135 seconds
[2023-07-02T02:18:20.178+0000] {processor.py:157} INFO - Started process (PID=702) to work on /home/airflow/.local/lib/python3.7/site-packages/airflow/example_dags/example_task_group_decorator.py
[2023-07-02T02:18:20.179+0000] {processor.py:826} INFO - Processing file /home/airflow/.local/lib/python3.7/site-packages/airflow/example_dags/example_task_group_decorator.py for tasks to queue
[2023-07-02T02:18:20.181+0000] {logging_mixin.py:149} INFO - [2023-07-02T02:18:20.180+0000] {dagbag.py:541} INFO - Filling up the DagBag from /home/airflow/.local/lib/python3.7/site-packages/airflow/example_dags/example_task_group_decorator.py
[2023-07-02T02:18:20.210+0000] {processor.py:836} INFO - DAG(s) dict_keys(['example_task_group_decorator']) retrieved from /home/airflow/.local/lib/python3.7/site-packages/airflow/example_dags/example_task_group_decorator.py
[2023-07-02T02:18:20.264+0000] {logging_mixin.py:149} INFO - [2023-07-02T02:18:20.264+0000] {dag.py:2726} INFO - Sync 1 DAGs
[2023-07-02T02:18:20.333+0000] {logging_mixin.py:149} INFO - [2023-07-02T02:18:20.333+0000] {dag.py:3490} INFO - Setting next_dagrun for example_task_group_decorator to 2023-07-01T02:18:20.332501+00:00, run_after=2023-07-02T02:18:20.332501+00:00
[2023-07-02T02:18:20.384+0000] {processor.py:179} INFO - Processing /home/airflow/.local/lib/python3.7/site-packages/airflow/example_dags/example_task_group_decorator.py took 0.212 seconds
[2023-07-02T02:18:51.236+0000] {processor.py:157} INFO - Started process (PID=760) to work on /home/airflow/.local/lib/python3.7/site-packages/airflow/example_dags/example_task_group_decorator.py
[2023-07-02T02:18:51.237+0000] {processor.py:826} INFO - Processing file /home/airflow/.local/lib/python3.7/site-packages/airflow/example_dags/example_task_group_decorator.py for tasks to queue
[2023-07-02T02:18:51.238+0000] {logging_mixin.py:149} INFO - [2023-07-02T02:18:51.238+0000] {dagbag.py:541} INFO - Filling up the DagBag from /home/airflow/.local/lib/python3.7/site-packages/airflow/example_dags/example_task_group_decorator.py
[2023-07-02T02:18:51.257+0000] {processor.py:836} INFO - DAG(s) dict_keys(['example_task_group_decorator']) retrieved from /home/airflow/.local/lib/python3.7/site-packages/airflow/example_dags/example_task_group_decorator.py
[2023-07-02T02:18:51.295+0000] {logging_mixin.py:149} INFO - [2023-07-02T02:18:51.295+0000] {dag.py:2726} INFO - Sync 1 DAGs
[2023-07-02T02:18:51.329+0000] {logging_mixin.py:149} INFO - [2023-07-02T02:18:51.329+0000] {dag.py:3490} INFO - Setting next_dagrun for example_task_group_decorator to 2023-07-01T02:18:51.328846+00:00, run_after=2023-07-02T02:18:51.328846+00:00
[2023-07-02T02:18:51.362+0000] {processor.py:179} INFO - Processing /home/airflow/.local/lib/python3.7/site-packages/airflow/example_dags/example_task_group_decorator.py took 0.130 seconds
[2023-07-02T02:19:21.474+0000] {processor.py:157} INFO - Started process (PID=817) to work on /home/airflow/.local/lib/python3.7/site-packages/airflow/example_dags/example_task_group_decorator.py
[2023-07-02T02:19:21.475+0000] {processor.py:826} INFO - Processing file /home/airflow/.local/lib/python3.7/site-packages/airflow/example_dags/example_task_group_decorator.py for tasks to queue
[2023-07-02T02:19:21.476+0000] {logging_mixin.py:149} INFO - [2023-07-02T02:19:21.476+0000] {dagbag.py:541} INFO - Filling up the DagBag from /home/airflow/.local/lib/python3.7/site-packages/airflow/example_dags/example_task_group_decorator.py
[2023-07-02T02:19:21.497+0000] {processor.py:836} INFO - DAG(s) dict_keys(['example_task_group_decorator']) retrieved from /home/airflow/.local/lib/python3.7/site-packages/airflow/example_dags/example_task_group_decorator.py
[2023-07-02T02:19:21.537+0000] {logging_mixin.py:149} INFO - [2023-07-02T02:19:21.537+0000] {dag.py:2726} INFO - Sync 1 DAGs
[2023-07-02T02:19:21.573+0000] {logging_mixin.py:149} INFO - [2023-07-02T02:19:21.573+0000] {dag.py:3490} INFO - Setting next_dagrun for example_task_group_decorator to 2023-07-01T02:19:21.573243+00:00, run_after=2023-07-02T02:19:21.573243+00:00
[2023-07-02T02:19:21.599+0000] {processor.py:179} INFO - Processing /home/airflow/.local/lib/python3.7/site-packages/airflow/example_dags/example_task_group_decorator.py took 0.129 seconds
[2023-07-02T02:19:51.759+0000] {processor.py:157} INFO - Started process (PID=875) to work on /home/airflow/.local/lib/python3.7/site-packages/airflow/example_dags/example_task_group_decorator.py
[2023-07-02T02:19:51.760+0000] {processor.py:826} INFO - Processing file /home/airflow/.local/lib/python3.7/site-packages/airflow/example_dags/example_task_group_decorator.py for tasks to queue
[2023-07-02T02:19:51.762+0000] {logging_mixin.py:149} INFO - [2023-07-02T02:19:51.762+0000] {dagbag.py:541} INFO - Filling up the DagBag from /home/airflow/.local/lib/python3.7/site-packages/airflow/example_dags/example_task_group_decorator.py
[2023-07-02T02:19:51.763+0000] {processor.py:836} INFO - DAG(s) dict_keys(['example_task_group_decorator']) retrieved from /home/airflow/.local/lib/python3.7/site-packages/airflow/example_dags/example_task_group_decorator.py
[2023-07-02T02:19:51.805+0000] {logging_mixin.py:149} INFO - [2023-07-02T02:19:51.805+0000] {dag.py:2726} INFO - Sync 1 DAGs
[2023-07-02T02:19:51.840+0000] {logging_mixin.py:149} INFO - [2023-07-02T02:19:51.840+0000] {dag.py:3490} INFO - Setting next_dagrun for example_task_group_decorator to 2023-07-01T02:19:51.839983+00:00, run_after=2023-07-02T02:19:51.839983+00:00
[2023-07-02T02:19:51.880+0000] {processor.py:179} INFO - Processing /home/airflow/.local/lib/python3.7/site-packages/airflow/example_dags/example_task_group_decorator.py took 0.149 seconds
[2023-07-02T02:20:22.081+0000] {processor.py:157} INFO - Started process (PID=934) to work on /home/airflow/.local/lib/python3.7/site-packages/airflow/example_dags/example_task_group_decorator.py
[2023-07-02T02:20:22.082+0000] {processor.py:826} INFO - Processing file /home/airflow/.local/lib/python3.7/site-packages/airflow/example_dags/example_task_group_decorator.py for tasks to queue
[2023-07-02T02:20:22.084+0000] {logging_mixin.py:149} INFO - [2023-07-02T02:20:22.083+0000] {dagbag.py:541} INFO - Filling up the DagBag from /home/airflow/.local/lib/python3.7/site-packages/airflow/example_dags/example_task_group_decorator.py
[2023-07-02T02:20:22.103+0000] {processor.py:836} INFO - DAG(s) dict_keys(['example_task_group_decorator']) retrieved from /home/airflow/.local/lib/python3.7/site-packages/airflow/example_dags/example_task_group_decorator.py
[2023-07-02T02:20:22.150+0000] {logging_mixin.py:149} INFO - [2023-07-02T02:20:22.150+0000] {dag.py:2726} INFO - Sync 1 DAGs
[2023-07-02T02:20:22.192+0000] {logging_mixin.py:149} INFO - [2023-07-02T02:20:22.192+0000] {dag.py:3490} INFO - Setting next_dagrun for example_task_group_decorator to 2023-07-01T02:20:22.192070+00:00, run_after=2023-07-02T02:20:22.192070+00:00
[2023-07-02T02:20:22.218+0000] {processor.py:179} INFO - Processing /home/airflow/.local/lib/python3.7/site-packages/airflow/example_dags/example_task_group_decorator.py took 0.141 seconds
[2023-07-02T02:20:52.551+0000] {processor.py:157} INFO - Started process (PID=992) to work on /home/airflow/.local/lib/python3.7/site-packages/airflow/example_dags/example_task_group_decorator.py
[2023-07-02T02:20:52.553+0000] {processor.py:826} INFO - Processing file /home/airflow/.local/lib/python3.7/site-packages/airflow/example_dags/example_task_group_decorator.py for tasks to queue
[2023-07-02T02:20:52.554+0000] {logging_mixin.py:149} INFO - [2023-07-02T02:20:52.554+0000] {dagbag.py:541} INFO - Filling up the DagBag from /home/airflow/.local/lib/python3.7/site-packages/airflow/example_dags/example_task_group_decorator.py
[2023-07-02T02:20:52.574+0000] {processor.py:836} INFO - DAG(s) dict_keys(['example_task_group_decorator']) retrieved from /home/airflow/.local/lib/python3.7/site-packages/airflow/example_dags/example_task_group_decorator.py
[2023-07-02T02:20:52.615+0000] {logging_mixin.py:149} INFO - [2023-07-02T02:20:52.615+0000] {dag.py:2726} INFO - Sync 1 DAGs
[2023-07-02T02:20:52.655+0000] {logging_mixin.py:149} INFO - [2023-07-02T02:20:52.655+0000] {dag.py:3490} INFO - Setting next_dagrun for example_task_group_decorator to 2023-07-01T02:20:52.654791+00:00, run_after=2023-07-02T02:20:52.654791+00:00
[2023-07-02T02:20:52.681+0000] {processor.py:179} INFO - Processing /home/airflow/.local/lib/python3.7/site-packages/airflow/example_dags/example_task_group_decorator.py took 0.136 seconds
[2023-07-02T02:21:22.833+0000] {processor.py:157} INFO - Started process (PID=1050) to work on /home/airflow/.local/lib/python3.7/site-packages/airflow/example_dags/example_task_group_decorator.py
[2023-07-02T02:21:22.835+0000] {processor.py:826} INFO - Processing file /home/airflow/.local/lib/python3.7/site-packages/airflow/example_dags/example_task_group_decorator.py for tasks to queue
[2023-07-02T02:21:22.836+0000] {logging_mixin.py:149} INFO - [2023-07-02T02:21:22.835+0000] {dagbag.py:541} INFO - Filling up the DagBag from /home/airflow/.local/lib/python3.7/site-packages/airflow/example_dags/example_task_group_decorator.py
[2023-07-02T02:21:22.855+0000] {processor.py:836} INFO - DAG(s) dict_keys(['example_task_group_decorator']) retrieved from /home/airflow/.local/lib/python3.7/site-packages/airflow/example_dags/example_task_group_decorator.py
[2023-07-02T02:21:22.895+0000] {logging_mixin.py:149} INFO - [2023-07-02T02:21:22.895+0000] {dag.py:2726} INFO - Sync 1 DAGs
[2023-07-02T02:21:22.928+0000] {logging_mixin.py:149} INFO - [2023-07-02T02:21:22.928+0000] {dag.py:3490} INFO - Setting next_dagrun for example_task_group_decorator to 2023-07-01T02:21:22.928167+00:00, run_after=2023-07-02T02:21:22.928167+00:00
[2023-07-02T02:21:22.952+0000] {processor.py:179} INFO - Processing /home/airflow/.local/lib/python3.7/site-packages/airflow/example_dags/example_task_group_decorator.py took 0.123 seconds
