[2023-07-02T01:19:10.206+0000] {processor.py:157} INFO - Started process (PID=42) to work on /home/airflow/.local/lib/python3.7/site-packages/airflow/example_dags/example_latest_only.py
[2023-07-02T01:19:10.208+0000] {processor.py:826} INFO - Processing file /home/airflow/.local/lib/python3.7/site-packages/airflow/example_dags/example_latest_only.py for tasks to queue
[2023-07-02T01:19:10.212+0000] {logging_mixin.py:149} INFO - [2023-07-02T01:19:10.212+0000] {dagbag.py:541} INFO - Filling up the DagBag from /home/airflow/.local/lib/python3.7/site-packages/airflow/example_dags/example_latest_only.py
[2023-07-02T01:19:10.246+0000] {processor.py:836} INFO - DAG(s) dict_keys(['latest_only']) retrieved from /home/airflow/.local/lib/python3.7/site-packages/airflow/example_dags/example_latest_only.py
[2023-07-02T01:19:10.534+0000] {logging_mixin.py:149} INFO - [2023-07-02T01:19:10.533+0000] {manager.py:504} INFO - Created Permission View: can delete on DAG:latest_only
[2023-07-02T01:19:10.558+0000] {logging_mixin.py:149} INFO - [2023-07-02T01:19:10.558+0000] {manager.py:504} INFO - Created Permission View: can edit on DAG:latest_only
[2023-07-02T01:19:10.569+0000] {logging_mixin.py:149} INFO - [2023-07-02T01:19:10.569+0000] {manager.py:504} INFO - Created Permission View: can read on DAG:latest_only
[2023-07-02T01:19:10.598+0000] {logging_mixin.py:149} INFO - [2023-07-02T01:19:10.597+0000] {dag.py:2726} INFO - Sync 1 DAGs
[2023-07-02T01:19:10.629+0000] {logging_mixin.py:149} INFO - [2023-07-02T01:19:10.628+0000] {dag.py:2747} INFO - Creating ORM DAG for latest_only
[2023-07-02T01:19:10.651+0000] {logging_mixin.py:149} INFO - [2023-07-02T01:19:10.650+0000] {dag.py:3490} INFO - Setting next_dagrun for latest_only to 2023-07-01T21:19:10.650484+00:00, run_after=2023-07-02T01:19:10.650484+00:00
[2023-07-02T01:19:10.687+0000] {processor.py:179} INFO - Processing /home/airflow/.local/lib/python3.7/site-packages/airflow/example_dags/example_latest_only.py took 0.490 seconds
[2023-07-02T01:19:50.005+0000] {processor.py:157} INFO - Started process (PID=99) to work on /home/airflow/.local/lib/python3.7/site-packages/airflow/example_dags/example_latest_only.py
[2023-07-02T01:19:50.007+0000] {processor.py:826} INFO - Processing file /home/airflow/.local/lib/python3.7/site-packages/airflow/example_dags/example_latest_only.py for tasks to queue
[2023-07-02T01:19:50.009+0000] {logging_mixin.py:149} INFO - [2023-07-02T01:19:50.009+0000] {dagbag.py:541} INFO - Filling up the DagBag from /home/airflow/.local/lib/python3.7/site-packages/airflow/example_dags/example_latest_only.py
[2023-07-02T01:19:50.062+0000] {processor.py:836} INFO - DAG(s) dict_keys(['latest_only']) retrieved from /home/airflow/.local/lib/python3.7/site-packages/airflow/example_dags/example_latest_only.py
[2023-07-02T01:19:50.247+0000] {logging_mixin.py:149} INFO - [2023-07-02T01:19:50.246+0000] {dag.py:2726} INFO - Sync 1 DAGs
[2023-07-02T01:19:50.517+0000] {logging_mixin.py:149} INFO - [2023-07-02T01:19:50.516+0000] {dag.py:3490} INFO - Setting next_dagrun for latest_only to 2023-07-01T21:19:50.503600+00:00, run_after=2023-07-02T01:19:50.503600+00:00
[2023-07-02T01:19:50.677+0000] {processor.py:179} INFO - Processing /home/airflow/.local/lib/python3.7/site-packages/airflow/example_dags/example_latest_only.py took 0.688 seconds
[2023-07-02T01:20:21.485+0000] {processor.py:157} INFO - Started process (PID=156) to work on /home/airflow/.local/lib/python3.7/site-packages/airflow/example_dags/example_latest_only.py
[2023-07-02T01:20:21.487+0000] {processor.py:826} INFO - Processing file /home/airflow/.local/lib/python3.7/site-packages/airflow/example_dags/example_latest_only.py for tasks to queue
[2023-07-02T01:20:21.488+0000] {logging_mixin.py:149} INFO - [2023-07-02T01:20:21.488+0000] {dagbag.py:541} INFO - Filling up the DagBag from /home/airflow/.local/lib/python3.7/site-packages/airflow/example_dags/example_latest_only.py
[2023-07-02T01:20:21.499+0000] {processor.py:836} INFO - DAG(s) dict_keys(['latest_only']) retrieved from /home/airflow/.local/lib/python3.7/site-packages/airflow/example_dags/example_latest_only.py
[2023-07-02T01:20:21.560+0000] {logging_mixin.py:149} INFO - [2023-07-02T01:20:21.559+0000] {dag.py:2726} INFO - Sync 1 DAGs
[2023-07-02T01:20:21.608+0000] {logging_mixin.py:149} INFO - [2023-07-02T01:20:21.608+0000] {dag.py:3490} INFO - Setting next_dagrun for latest_only to 2023-07-01T21:20:21.607931+00:00, run_after=2023-07-02T01:20:21.607931+00:00
[2023-07-02T01:20:21.645+0000] {processor.py:179} INFO - Processing /home/airflow/.local/lib/python3.7/site-packages/airflow/example_dags/example_latest_only.py took 0.165 seconds
[2023-07-02T01:20:52.823+0000] {processor.py:157} INFO - Started process (PID=222) to work on /home/airflow/.local/lib/python3.7/site-packages/airflow/example_dags/example_latest_only.py
[2023-07-02T01:20:52.826+0000] {processor.py:826} INFO - Processing file /home/airflow/.local/lib/python3.7/site-packages/airflow/example_dags/example_latest_only.py for tasks to queue
[2023-07-02T01:20:52.829+0000] {logging_mixin.py:149} INFO - [2023-07-02T01:20:52.829+0000] {dagbag.py:541} INFO - Filling up the DagBag from /home/airflow/.local/lib/python3.7/site-packages/airflow/example_dags/example_latest_only.py
[2023-07-02T01:20:52.842+0000] {processor.py:836} INFO - DAG(s) dict_keys(['latest_only']) retrieved from /home/airflow/.local/lib/python3.7/site-packages/airflow/example_dags/example_latest_only.py
[2023-07-02T01:20:52.893+0000] {logging_mixin.py:149} INFO - [2023-07-02T01:20:52.892+0000] {dag.py:2726} INFO - Sync 1 DAGs
[2023-07-02T01:20:52.944+0000] {logging_mixin.py:149} INFO - [2023-07-02T01:20:52.944+0000] {dag.py:3490} INFO - Setting next_dagrun for latest_only to 2023-07-01T21:20:52.943719+00:00, run_after=2023-07-02T01:20:52.943719+00:00
[2023-07-02T01:20:52.986+0000] {processor.py:179} INFO - Processing /home/airflow/.local/lib/python3.7/site-packages/airflow/example_dags/example_latest_only.py took 0.173 seconds
[2023-07-02T01:21:24.109+0000] {processor.py:157} INFO - Started process (PID=282) to work on /home/airflow/.local/lib/python3.7/site-packages/airflow/example_dags/example_latest_only.py
[2023-07-02T01:21:24.111+0000] {processor.py:826} INFO - Processing file /home/airflow/.local/lib/python3.7/site-packages/airflow/example_dags/example_latest_only.py for tasks to queue
[2023-07-02T01:21:24.113+0000] {logging_mixin.py:149} INFO - [2023-07-02T01:21:24.113+0000] {dagbag.py:541} INFO - Filling up the DagBag from /home/airflow/.local/lib/python3.7/site-packages/airflow/example_dags/example_latest_only.py
[2023-07-02T01:21:24.134+0000] {processor.py:836} INFO - DAG(s) dict_keys(['latest_only']) retrieved from /home/airflow/.local/lib/python3.7/site-packages/airflow/example_dags/example_latest_only.py
[2023-07-02T01:21:24.185+0000] {logging_mixin.py:149} INFO - [2023-07-02T01:21:24.185+0000] {dag.py:2726} INFO - Sync 1 DAGs
[2023-07-02T01:21:24.236+0000] {logging_mixin.py:149} INFO - [2023-07-02T01:21:24.236+0000] {dag.py:3490} INFO - Setting next_dagrun for latest_only to 2023-07-01T21:21:24.236020+00:00, run_after=2023-07-02T01:21:24.236020+00:00
[2023-07-02T01:21:24.276+0000] {processor.py:179} INFO - Processing /home/airflow/.local/lib/python3.7/site-packages/airflow/example_dags/example_latest_only.py took 0.183 seconds
[2023-07-02T01:21:55.103+0000] {processor.py:157} INFO - Started process (PID=339) to work on /home/airflow/.local/lib/python3.7/site-packages/airflow/example_dags/example_latest_only.py
[2023-07-02T01:21:55.110+0000] {processor.py:826} INFO - Processing file /home/airflow/.local/lib/python3.7/site-packages/airflow/example_dags/example_latest_only.py for tasks to queue
[2023-07-02T01:21:55.115+0000] {logging_mixin.py:149} INFO - [2023-07-02T01:21:55.114+0000] {dagbag.py:541} INFO - Filling up the DagBag from /home/airflow/.local/lib/python3.7/site-packages/airflow/example_dags/example_latest_only.py
[2023-07-02T01:21:55.159+0000] {processor.py:836} INFO - DAG(s) dict_keys(['latest_only']) retrieved from /home/airflow/.local/lib/python3.7/site-packages/airflow/example_dags/example_latest_only.py
[2023-07-02T01:21:55.266+0000] {logging_mixin.py:149} INFO - [2023-07-02T01:21:55.265+0000] {dag.py:2726} INFO - Sync 1 DAGs
[2023-07-02T01:21:55.325+0000] {logging_mixin.py:149} INFO - [2023-07-02T01:21:55.325+0000] {dag.py:3490} INFO - Setting next_dagrun for latest_only to 2023-07-01T21:21:55.324275+00:00, run_after=2023-07-02T01:21:55.324275+00:00
[2023-07-02T01:21:55.362+0000] {processor.py:179} INFO - Processing /home/airflow/.local/lib/python3.7/site-packages/airflow/example_dags/example_latest_only.py took 0.272 seconds
[2023-07-02T01:22:25.755+0000] {processor.py:157} INFO - Started process (PID=397) to work on /home/airflow/.local/lib/python3.7/site-packages/airflow/example_dags/example_latest_only.py
[2023-07-02T01:22:25.757+0000] {processor.py:826} INFO - Processing file /home/airflow/.local/lib/python3.7/site-packages/airflow/example_dags/example_latest_only.py for tasks to queue
[2023-07-02T01:22:25.759+0000] {logging_mixin.py:149} INFO - [2023-07-02T01:22:25.758+0000] {dagbag.py:541} INFO - Filling up the DagBag from /home/airflow/.local/lib/python3.7/site-packages/airflow/example_dags/example_latest_only.py
[2023-07-02T01:22:25.772+0000] {processor.py:836} INFO - DAG(s) dict_keys(['latest_only']) retrieved from /home/airflow/.local/lib/python3.7/site-packages/airflow/example_dags/example_latest_only.py
[2023-07-02T01:22:25.842+0000] {logging_mixin.py:149} INFO - [2023-07-02T01:22:25.842+0000] {dag.py:2726} INFO - Sync 1 DAGs
[2023-07-02T01:22:25.895+0000] {logging_mixin.py:149} INFO - [2023-07-02T01:22:25.895+0000] {dag.py:3490} INFO - Setting next_dagrun for latest_only to 2023-07-01T21:22:25.895103+00:00, run_after=2023-07-02T01:22:25.895103+00:00
[2023-07-02T01:22:25.935+0000] {processor.py:179} INFO - Processing /home/airflow/.local/lib/python3.7/site-packages/airflow/example_dags/example_latest_only.py took 0.187 seconds
[2023-07-02T01:22:56.253+0000] {processor.py:157} INFO - Started process (PID=458) to work on /home/airflow/.local/lib/python3.7/site-packages/airflow/example_dags/example_latest_only.py
[2023-07-02T01:22:56.255+0000] {processor.py:826} INFO - Processing file /home/airflow/.local/lib/python3.7/site-packages/airflow/example_dags/example_latest_only.py for tasks to queue
[2023-07-02T01:22:56.257+0000] {logging_mixin.py:149} INFO - [2023-07-02T01:22:56.257+0000] {dagbag.py:541} INFO - Filling up the DagBag from /home/airflow/.local/lib/python3.7/site-packages/airflow/example_dags/example_latest_only.py
[2023-07-02T01:22:56.272+0000] {processor.py:836} INFO - DAG(s) dict_keys(['latest_only']) retrieved from /home/airflow/.local/lib/python3.7/site-packages/airflow/example_dags/example_latest_only.py
[2023-07-02T01:22:56.330+0000] {logging_mixin.py:149} INFO - [2023-07-02T01:22:56.330+0000] {dag.py:2726} INFO - Sync 1 DAGs
[2023-07-02T01:22:56.392+0000] {logging_mixin.py:149} INFO - [2023-07-02T01:22:56.391+0000] {dag.py:3490} INFO - Setting next_dagrun for latest_only to 2023-07-01T21:22:56.390891+00:00, run_after=2023-07-02T01:22:56.390891+00:00
[2023-07-02T01:22:56.437+0000] {processor.py:179} INFO - Processing /home/airflow/.local/lib/python3.7/site-packages/airflow/example_dags/example_latest_only.py took 0.193 seconds
[2023-07-02T01:23:27.059+0000] {processor.py:157} INFO - Started process (PID=517) to work on /home/airflow/.local/lib/python3.7/site-packages/airflow/example_dags/example_latest_only.py
[2023-07-02T01:23:27.072+0000] {processor.py:826} INFO - Processing file /home/airflow/.local/lib/python3.7/site-packages/airflow/example_dags/example_latest_only.py for tasks to queue
[2023-07-02T01:23:27.074+0000] {logging_mixin.py:149} INFO - [2023-07-02T01:23:27.074+0000] {dagbag.py:541} INFO - Filling up the DagBag from /home/airflow/.local/lib/python3.7/site-packages/airflow/example_dags/example_latest_only.py
[2023-07-02T01:23:27.097+0000] {processor.py:836} INFO - DAG(s) dict_keys(['latest_only']) retrieved from /home/airflow/.local/lib/python3.7/site-packages/airflow/example_dags/example_latest_only.py
[2023-07-02T01:23:27.198+0000] {logging_mixin.py:149} INFO - [2023-07-02T01:23:27.197+0000] {dag.py:2726} INFO - Sync 1 DAGs
[2023-07-02T01:23:27.271+0000] {logging_mixin.py:149} INFO - [2023-07-02T01:23:27.271+0000] {dag.py:3490} INFO - Setting next_dagrun for latest_only to 2023-07-01T21:23:27.270523+00:00, run_after=2023-07-02T01:23:27.270523+00:00
[2023-07-02T01:23:27.308+0000] {processor.py:179} INFO - Processing /home/airflow/.local/lib/python3.7/site-packages/airflow/example_dags/example_latest_only.py took 0.256 seconds
[2023-07-02T02:04:18.502+0000] {processor.py:157} INFO - Started process (PID=40) to work on /home/airflow/.local/lib/python3.7/site-packages/airflow/example_dags/example_latest_only.py
[2023-07-02T02:04:18.504+0000] {processor.py:826} INFO - Processing file /home/airflow/.local/lib/python3.7/site-packages/airflow/example_dags/example_latest_only.py for tasks to queue
[2023-07-02T02:04:18.506+0000] {logging_mixin.py:149} INFO - [2023-07-02T02:04:18.505+0000] {dagbag.py:541} INFO - Filling up the DagBag from /home/airflow/.local/lib/python3.7/site-packages/airflow/example_dags/example_latest_only.py
[2023-07-02T02:04:18.519+0000] {processor.py:836} INFO - DAG(s) dict_keys(['latest_only']) retrieved from /home/airflow/.local/lib/python3.7/site-packages/airflow/example_dags/example_latest_only.py
[2023-07-02T02:04:18.581+0000] {logging_mixin.py:149} INFO - [2023-07-02T02:04:18.581+0000] {dag.py:2726} INFO - Sync 1 DAGs
[2023-07-02T02:04:18.625+0000] {logging_mixin.py:149} INFO - [2023-07-02T02:04:18.625+0000] {dag.py:3490} INFO - Setting next_dagrun for latest_only to 2023-07-01T22:04:18.625098+00:00, run_after=2023-07-02T02:04:18.625098+00:00
[2023-07-02T02:04:18.654+0000] {processor.py:179} INFO - Processing /home/airflow/.local/lib/python3.7/site-packages/airflow/example_dags/example_latest_only.py took 0.159 seconds
[2023-07-02T02:04:48.820+0000] {processor.py:157} INFO - Started process (PID=97) to work on /home/airflow/.local/lib/python3.7/site-packages/airflow/example_dags/example_latest_only.py
[2023-07-02T02:04:48.822+0000] {processor.py:826} INFO - Processing file /home/airflow/.local/lib/python3.7/site-packages/airflow/example_dags/example_latest_only.py for tasks to queue
[2023-07-02T02:04:48.823+0000] {logging_mixin.py:149} INFO - [2023-07-02T02:04:48.823+0000] {dagbag.py:541} INFO - Filling up the DagBag from /home/airflow/.local/lib/python3.7/site-packages/airflow/example_dags/example_latest_only.py
[2023-07-02T02:04:48.831+0000] {processor.py:836} INFO - DAG(s) dict_keys(['latest_only']) retrieved from /home/airflow/.local/lib/python3.7/site-packages/airflow/example_dags/example_latest_only.py
[2023-07-02T02:04:48.868+0000] {logging_mixin.py:149} INFO - [2023-07-02T02:04:48.868+0000] {dag.py:2726} INFO - Sync 1 DAGs
[2023-07-02T02:04:48.902+0000] {logging_mixin.py:149} INFO - [2023-07-02T02:04:48.902+0000] {dag.py:3490} INFO - Setting next_dagrun for latest_only to 2023-07-01T22:04:48.902188+00:00, run_after=2023-07-02T02:04:48.902188+00:00
[2023-07-02T02:04:48.928+0000] {processor.py:179} INFO - Processing /home/airflow/.local/lib/python3.7/site-packages/airflow/example_dags/example_latest_only.py took 0.112 seconds
[2023-07-02T02:05:19.582+0000] {processor.py:157} INFO - Started process (PID=155) to work on /home/airflow/.local/lib/python3.7/site-packages/airflow/example_dags/example_latest_only.py
[2023-07-02T02:05:19.584+0000] {processor.py:826} INFO - Processing file /home/airflow/.local/lib/python3.7/site-packages/airflow/example_dags/example_latest_only.py for tasks to queue
[2023-07-02T02:05:19.587+0000] {logging_mixin.py:149} INFO - [2023-07-02T02:05:19.586+0000] {dagbag.py:541} INFO - Filling up the DagBag from /home/airflow/.local/lib/python3.7/site-packages/airflow/example_dags/example_latest_only.py
[2023-07-02T02:05:19.598+0000] {processor.py:836} INFO - DAG(s) dict_keys(['latest_only']) retrieved from /home/airflow/.local/lib/python3.7/site-packages/airflow/example_dags/example_latest_only.py
[2023-07-02T02:05:19.642+0000] {logging_mixin.py:149} INFO - [2023-07-02T02:05:19.642+0000] {dag.py:2726} INFO - Sync 1 DAGs
[2023-07-02T02:05:19.680+0000] {logging_mixin.py:149} INFO - [2023-07-02T02:05:19.680+0000] {dag.py:3490} INFO - Setting next_dagrun for latest_only to 2023-07-01T22:05:19.680251+00:00, run_after=2023-07-02T02:05:19.680251+00:00
[2023-07-02T02:05:19.710+0000] {processor.py:179} INFO - Processing /home/airflow/.local/lib/python3.7/site-packages/airflow/example_dags/example_latest_only.py took 0.135 seconds
[2023-07-02T02:05:50.346+0000] {processor.py:157} INFO - Started process (PID=214) to work on /home/airflow/.local/lib/python3.7/site-packages/airflow/example_dags/example_latest_only.py
[2023-07-02T02:05:50.350+0000] {processor.py:826} INFO - Processing file /home/airflow/.local/lib/python3.7/site-packages/airflow/example_dags/example_latest_only.py for tasks to queue
[2023-07-02T02:05:50.352+0000] {logging_mixin.py:149} INFO - [2023-07-02T02:05:50.351+0000] {dagbag.py:541} INFO - Filling up the DagBag from /home/airflow/.local/lib/python3.7/site-packages/airflow/example_dags/example_latest_only.py
[2023-07-02T02:05:50.365+0000] {processor.py:836} INFO - DAG(s) dict_keys(['latest_only']) retrieved from /home/airflow/.local/lib/python3.7/site-packages/airflow/example_dags/example_latest_only.py
[2023-07-02T02:05:50.459+0000] {logging_mixin.py:149} INFO - [2023-07-02T02:05:50.459+0000] {dag.py:2726} INFO - Sync 1 DAGs
[2023-07-02T02:05:50.590+0000] {logging_mixin.py:149} INFO - [2023-07-02T02:05:50.589+0000] {dag.py:3490} INFO - Setting next_dagrun for latest_only to 2023-07-01T22:05:50.589347+00:00, run_after=2023-07-02T02:05:50.589347+00:00
[2023-07-02T02:05:50.630+0000] {processor.py:179} INFO - Processing /home/airflow/.local/lib/python3.7/site-packages/airflow/example_dags/example_latest_only.py took 0.293 seconds
[2023-07-02T02:06:21.633+0000] {processor.py:157} INFO - Started process (PID=272) to work on /home/airflow/.local/lib/python3.7/site-packages/airflow/example_dags/example_latest_only.py
[2023-07-02T02:06:21.635+0000] {processor.py:826} INFO - Processing file /home/airflow/.local/lib/python3.7/site-packages/airflow/example_dags/example_latest_only.py for tasks to queue
[2023-07-02T02:06:21.637+0000] {logging_mixin.py:149} INFO - [2023-07-02T02:06:21.636+0000] {dagbag.py:541} INFO - Filling up the DagBag from /home/airflow/.local/lib/python3.7/site-packages/airflow/example_dags/example_latest_only.py
[2023-07-02T02:06:21.646+0000] {processor.py:836} INFO - DAG(s) dict_keys(['latest_only']) retrieved from /home/airflow/.local/lib/python3.7/site-packages/airflow/example_dags/example_latest_only.py
[2023-07-02T02:06:21.691+0000] {logging_mixin.py:149} INFO - [2023-07-02T02:06:21.691+0000] {dag.py:2726} INFO - Sync 1 DAGs
[2023-07-02T02:06:21.753+0000] {logging_mixin.py:149} INFO - [2023-07-02T02:06:21.753+0000] {dag.py:3490} INFO - Setting next_dagrun for latest_only to 2023-07-01T22:06:21.752906+00:00, run_after=2023-07-02T02:06:21.752906+00:00
[2023-07-02T02:06:21.795+0000] {processor.py:179} INFO - Processing /home/airflow/.local/lib/python3.7/site-packages/airflow/example_dags/example_latest_only.py took 0.167 seconds
[2023-07-02T02:06:52.761+0000] {processor.py:157} INFO - Started process (PID=330) to work on /home/airflow/.local/lib/python3.7/site-packages/airflow/example_dags/example_latest_only.py
[2023-07-02T02:06:52.762+0000] {processor.py:826} INFO - Processing file /home/airflow/.local/lib/python3.7/site-packages/airflow/example_dags/example_latest_only.py for tasks to queue
[2023-07-02T02:06:52.764+0000] {logging_mixin.py:149} INFO - [2023-07-02T02:06:52.764+0000] {dagbag.py:541} INFO - Filling up the DagBag from /home/airflow/.local/lib/python3.7/site-packages/airflow/example_dags/example_latest_only.py
[2023-07-02T02:06:52.773+0000] {processor.py:836} INFO - DAG(s) dict_keys(['latest_only']) retrieved from /home/airflow/.local/lib/python3.7/site-packages/airflow/example_dags/example_latest_only.py
[2023-07-02T02:06:52.810+0000] {logging_mixin.py:149} INFO - [2023-07-02T02:06:52.809+0000] {dag.py:2726} INFO - Sync 1 DAGs
[2023-07-02T02:06:52.853+0000] {logging_mixin.py:149} INFO - [2023-07-02T02:06:52.852+0000] {dag.py:3490} INFO - Setting next_dagrun for latest_only to 2023-07-01T22:06:52.852109+00:00, run_after=2023-07-02T02:06:52.852109+00:00
[2023-07-02T02:06:52.890+0000] {processor.py:179} INFO - Processing /home/airflow/.local/lib/python3.7/site-packages/airflow/example_dags/example_latest_only.py took 0.133 seconds
[2023-07-02T02:12:38.762+0000] {processor.py:157} INFO - Started process (PID=40) to work on /home/airflow/.local/lib/python3.7/site-packages/airflow/example_dags/example_latest_only.py
[2023-07-02T02:12:38.764+0000] {processor.py:826} INFO - Processing file /home/airflow/.local/lib/python3.7/site-packages/airflow/example_dags/example_latest_only.py for tasks to queue
[2023-07-02T02:12:38.766+0000] {logging_mixin.py:149} INFO - [2023-07-02T02:12:38.765+0000] {dagbag.py:541} INFO - Filling up the DagBag from /home/airflow/.local/lib/python3.7/site-packages/airflow/example_dags/example_latest_only.py
[2023-07-02T02:12:38.781+0000] {processor.py:836} INFO - DAG(s) dict_keys(['latest_only']) retrieved from /home/airflow/.local/lib/python3.7/site-packages/airflow/example_dags/example_latest_only.py
[2023-07-02T02:12:38.822+0000] {logging_mixin.py:149} INFO - [2023-07-02T02:12:38.822+0000] {dag.py:2726} INFO - Sync 1 DAGs
[2023-07-02T02:12:38.883+0000] {logging_mixin.py:149} INFO - [2023-07-02T02:12:38.882+0000] {dag.py:3490} INFO - Setting next_dagrun for latest_only to 2023-07-01T22:12:38.882565+00:00, run_after=2023-07-02T02:12:38.882565+00:00
[2023-07-02T02:12:39.054+0000] {processor.py:179} INFO - Processing /home/airflow/.local/lib/python3.7/site-packages/airflow/example_dags/example_latest_only.py took 0.297 seconds
[2023-07-02T02:13:09.780+0000] {processor.py:157} INFO - Started process (PID=101) to work on /home/airflow/.local/lib/python3.7/site-packages/airflow/example_dags/example_latest_only.py
[2023-07-02T02:13:09.781+0000] {processor.py:826} INFO - Processing file /home/airflow/.local/lib/python3.7/site-packages/airflow/example_dags/example_latest_only.py for tasks to queue
[2023-07-02T02:13:09.782+0000] {logging_mixin.py:149} INFO - [2023-07-02T02:13:09.782+0000] {dagbag.py:541} INFO - Filling up the DagBag from /home/airflow/.local/lib/python3.7/site-packages/airflow/example_dags/example_latest_only.py
[2023-07-02T02:13:09.904+0000] {processor.py:836} INFO - DAG(s) dict_keys(['latest_only']) retrieved from /home/airflow/.local/lib/python3.7/site-packages/airflow/example_dags/example_latest_only.py
[2023-07-02T02:13:09.934+0000] {logging_mixin.py:149} INFO - [2023-07-02T02:13:09.934+0000] {dag.py:2726} INFO - Sync 1 DAGs
[2023-07-02T02:13:09.966+0000] {logging_mixin.py:149} INFO - [2023-07-02T02:13:09.966+0000] {dag.py:3490} INFO - Setting next_dagrun for latest_only to 2023-07-01T22:13:09.965856+00:00, run_after=2023-07-02T02:13:09.965856+00:00
[2023-07-02T02:13:09.989+0000] {processor.py:179} INFO - Processing /home/airflow/.local/lib/python3.7/site-packages/airflow/example_dags/example_latest_only.py took 0.214 seconds
[2023-07-02T02:13:40.470+0000] {processor.py:157} INFO - Started process (PID=159) to work on /home/airflow/.local/lib/python3.7/site-packages/airflow/example_dags/example_latest_only.py
[2023-07-02T02:13:40.471+0000] {processor.py:826} INFO - Processing file /home/airflow/.local/lib/python3.7/site-packages/airflow/example_dags/example_latest_only.py for tasks to queue
[2023-07-02T02:13:40.472+0000] {logging_mixin.py:149} INFO - [2023-07-02T02:13:40.472+0000] {dagbag.py:541} INFO - Filling up the DagBag from /home/airflow/.local/lib/python3.7/site-packages/airflow/example_dags/example_latest_only.py
[2023-07-02T02:13:40.479+0000] {processor.py:836} INFO - DAG(s) dict_keys(['latest_only']) retrieved from /home/airflow/.local/lib/python3.7/site-packages/airflow/example_dags/example_latest_only.py
[2023-07-02T02:13:40.512+0000] {logging_mixin.py:149} INFO - [2023-07-02T02:13:40.512+0000] {dag.py:2726} INFO - Sync 1 DAGs
[2023-07-02T02:13:40.552+0000] {logging_mixin.py:149} INFO - [2023-07-02T02:13:40.552+0000] {dag.py:3490} INFO - Setting next_dagrun for latest_only to 2023-07-01T22:13:40.552342+00:00, run_after=2023-07-02T02:13:40.552342+00:00
[2023-07-02T02:13:40.582+0000] {processor.py:179} INFO - Processing /home/airflow/.local/lib/python3.7/site-packages/airflow/example_dags/example_latest_only.py took 0.117 seconds
[2023-07-02T02:14:10.983+0000] {processor.py:157} INFO - Started process (PID=217) to work on /home/airflow/.local/lib/python3.7/site-packages/airflow/example_dags/example_latest_only.py
[2023-07-02T02:14:10.985+0000] {processor.py:826} INFO - Processing file /home/airflow/.local/lib/python3.7/site-packages/airflow/example_dags/example_latest_only.py for tasks to queue
[2023-07-02T02:14:10.986+0000] {logging_mixin.py:149} INFO - [2023-07-02T02:14:10.986+0000] {dagbag.py:541} INFO - Filling up the DagBag from /home/airflow/.local/lib/python3.7/site-packages/airflow/example_dags/example_latest_only.py
[2023-07-02T02:14:10.995+0000] {processor.py:836} INFO - DAG(s) dict_keys(['latest_only']) retrieved from /home/airflow/.local/lib/python3.7/site-packages/airflow/example_dags/example_latest_only.py
[2023-07-02T02:14:11.030+0000] {logging_mixin.py:149} INFO - [2023-07-02T02:14:11.030+0000] {dag.py:2726} INFO - Sync 1 DAGs
[2023-07-02T02:14:11.063+0000] {logging_mixin.py:149} INFO - [2023-07-02T02:14:11.063+0000] {dag.py:3490} INFO - Setting next_dagrun for latest_only to 2023-07-01T22:14:11.063020+00:00, run_after=2023-07-02T02:14:11.063020+00:00
[2023-07-02T02:14:11.088+0000] {processor.py:179} INFO - Processing /home/airflow/.local/lib/python3.7/site-packages/airflow/example_dags/example_latest_only.py took 0.111 seconds
[2023-07-02T02:14:41.781+0000] {processor.py:157} INFO - Started process (PID=275) to work on /home/airflow/.local/lib/python3.7/site-packages/airflow/example_dags/example_latest_only.py
[2023-07-02T02:14:41.782+0000] {processor.py:826} INFO - Processing file /home/airflow/.local/lib/python3.7/site-packages/airflow/example_dags/example_latest_only.py for tasks to queue
[2023-07-02T02:14:41.784+0000] {logging_mixin.py:149} INFO - [2023-07-02T02:14:41.783+0000] {dagbag.py:541} INFO - Filling up the DagBag from /home/airflow/.local/lib/python3.7/site-packages/airflow/example_dags/example_latest_only.py
[2023-07-02T02:14:41.792+0000] {processor.py:836} INFO - DAG(s) dict_keys(['latest_only']) retrieved from /home/airflow/.local/lib/python3.7/site-packages/airflow/example_dags/example_latest_only.py
[2023-07-02T02:14:41.950+0000] {logging_mixin.py:149} INFO - [2023-07-02T02:14:41.950+0000] {dag.py:2726} INFO - Sync 1 DAGs
[2023-07-02T02:14:41.983+0000] {logging_mixin.py:149} INFO - [2023-07-02T02:14:41.983+0000] {dag.py:3490} INFO - Setting next_dagrun for latest_only to 2023-07-01T22:14:41.983261+00:00, run_after=2023-07-02T02:14:41.983261+00:00
[2023-07-02T02:14:42.010+0000] {processor.py:179} INFO - Processing /home/airflow/.local/lib/python3.7/site-packages/airflow/example_dags/example_latest_only.py took 0.233 seconds
[2023-07-02T02:15:12.851+0000] {processor.py:157} INFO - Started process (PID=333) to work on /home/airflow/.local/lib/python3.7/site-packages/airflow/example_dags/example_latest_only.py
[2023-07-02T02:15:12.852+0000] {processor.py:826} INFO - Processing file /home/airflow/.local/lib/python3.7/site-packages/airflow/example_dags/example_latest_only.py for tasks to queue
[2023-07-02T02:15:12.854+0000] {logging_mixin.py:149} INFO - [2023-07-02T02:15:12.853+0000] {dagbag.py:541} INFO - Filling up the DagBag from /home/airflow/.local/lib/python3.7/site-packages/airflow/example_dags/example_latest_only.py
[2023-07-02T02:15:12.861+0000] {processor.py:836} INFO - DAG(s) dict_keys(['latest_only']) retrieved from /home/airflow/.local/lib/python3.7/site-packages/airflow/example_dags/example_latest_only.py
[2023-07-02T02:15:12.890+0000] {logging_mixin.py:149} INFO - [2023-07-02T02:15:12.889+0000] {dag.py:2726} INFO - Sync 1 DAGs
[2023-07-02T02:15:12.922+0000] {logging_mixin.py:149} INFO - [2023-07-02T02:15:12.922+0000] {dag.py:3490} INFO - Setting next_dagrun for latest_only to 2023-07-01T22:15:12.922288+00:00, run_after=2023-07-02T02:15:12.922288+00:00
[2023-07-02T02:15:12.947+0000] {processor.py:179} INFO - Processing /home/airflow/.local/lib/python3.7/site-packages/airflow/example_dags/example_latest_only.py took 0.100 seconds
[2023-07-02T02:15:43.350+0000] {processor.py:157} INFO - Started process (PID=390) to work on /home/airflow/.local/lib/python3.7/site-packages/airflow/example_dags/example_latest_only.py
[2023-07-02T02:15:43.351+0000] {processor.py:826} INFO - Processing file /home/airflow/.local/lib/python3.7/site-packages/airflow/example_dags/example_latest_only.py for tasks to queue
[2023-07-02T02:15:43.353+0000] {logging_mixin.py:149} INFO - [2023-07-02T02:15:43.352+0000] {dagbag.py:541} INFO - Filling up the DagBag from /home/airflow/.local/lib/python3.7/site-packages/airflow/example_dags/example_latest_only.py
[2023-07-02T02:15:43.360+0000] {processor.py:836} INFO - DAG(s) dict_keys(['latest_only']) retrieved from /home/airflow/.local/lib/python3.7/site-packages/airflow/example_dags/example_latest_only.py
[2023-07-02T02:15:43.515+0000] {logging_mixin.py:149} INFO - [2023-07-02T02:15:43.515+0000] {dag.py:2726} INFO - Sync 1 DAGs
[2023-07-02T02:15:43.543+0000] {logging_mixin.py:149} INFO - [2023-07-02T02:15:43.543+0000] {dag.py:3490} INFO - Setting next_dagrun for latest_only to 2023-07-01T22:15:43.543231+00:00, run_after=2023-07-02T02:15:43.543231+00:00
[2023-07-02T02:15:43.565+0000] {processor.py:179} INFO - Processing /home/airflow/.local/lib/python3.7/site-packages/airflow/example_dags/example_latest_only.py took 0.221 seconds
[2023-07-02T02:16:13.752+0000] {processor.py:157} INFO - Started process (PID=448) to work on /home/airflow/.local/lib/python3.7/site-packages/airflow/example_dags/example_latest_only.py
[2023-07-02T02:16:13.754+0000] {processor.py:826} INFO - Processing file /home/airflow/.local/lib/python3.7/site-packages/airflow/example_dags/example_latest_only.py for tasks to queue
[2023-07-02T02:16:13.755+0000] {logging_mixin.py:149} INFO - [2023-07-02T02:16:13.755+0000] {dagbag.py:541} INFO - Filling up the DagBag from /home/airflow/.local/lib/python3.7/site-packages/airflow/example_dags/example_latest_only.py
[2023-07-02T02:16:13.763+0000] {processor.py:836} INFO - DAG(s) dict_keys(['latest_only']) retrieved from /home/airflow/.local/lib/python3.7/site-packages/airflow/example_dags/example_latest_only.py
[2023-07-02T02:16:13.793+0000] {logging_mixin.py:149} INFO - [2023-07-02T02:16:13.793+0000] {dag.py:2726} INFO - Sync 1 DAGs
[2023-07-02T02:16:13.824+0000] {logging_mixin.py:149} INFO - [2023-07-02T02:16:13.823+0000] {dag.py:3490} INFO - Setting next_dagrun for latest_only to 2023-07-01T22:16:13.823563+00:00, run_after=2023-07-02T02:16:13.823563+00:00
[2023-07-02T02:16:13.845+0000] {processor.py:179} INFO - Processing /home/airflow/.local/lib/python3.7/site-packages/airflow/example_dags/example_latest_only.py took 0.101 seconds
[2023-07-02T02:16:44.209+0000] {processor.py:157} INFO - Started process (PID=507) to work on /home/airflow/.local/lib/python3.7/site-packages/airflow/example_dags/example_latest_only.py
[2023-07-02T02:16:44.213+0000] {processor.py:826} INFO - Processing file /home/airflow/.local/lib/python3.7/site-packages/airflow/example_dags/example_latest_only.py for tasks to queue
[2023-07-02T02:16:44.215+0000] {logging_mixin.py:149} INFO - [2023-07-02T02:16:44.214+0000] {dagbag.py:541} INFO - Filling up the DagBag from /home/airflow/.local/lib/python3.7/site-packages/airflow/example_dags/example_latest_only.py
[2023-07-02T02:16:44.229+0000] {processor.py:836} INFO - DAG(s) dict_keys(['latest_only']) retrieved from /home/airflow/.local/lib/python3.7/site-packages/airflow/example_dags/example_latest_only.py
[2023-07-02T02:16:44.282+0000] {logging_mixin.py:149} INFO - [2023-07-02T02:16:44.282+0000] {dag.py:2726} INFO - Sync 1 DAGs
[2023-07-02T02:16:44.336+0000] {logging_mixin.py:149} INFO - [2023-07-02T02:16:44.335+0000] {dag.py:3490} INFO - Setting next_dagrun for latest_only to 2023-07-01T22:16:44.335271+00:00, run_after=2023-07-02T02:16:44.335271+00:00
[2023-07-02T02:16:44.371+0000] {processor.py:179} INFO - Processing /home/airflow/.local/lib/python3.7/site-packages/airflow/example_dags/example_latest_only.py took 0.167 seconds
[2023-07-02T02:17:14.503+0000] {processor.py:157} INFO - Started process (PID=566) to work on /home/airflow/.local/lib/python3.7/site-packages/airflow/example_dags/example_latest_only.py
[2023-07-02T02:17:14.507+0000] {processor.py:826} INFO - Processing file /home/airflow/.local/lib/python3.7/site-packages/airflow/example_dags/example_latest_only.py for tasks to queue
[2023-07-02T02:17:14.510+0000] {logging_mixin.py:149} INFO - [2023-07-02T02:17:14.509+0000] {dagbag.py:541} INFO - Filling up the DagBag from /home/airflow/.local/lib/python3.7/site-packages/airflow/example_dags/example_latest_only.py
[2023-07-02T02:17:14.525+0000] {processor.py:836} INFO - DAG(s) dict_keys(['latest_only']) retrieved from /home/airflow/.local/lib/python3.7/site-packages/airflow/example_dags/example_latest_only.py
[2023-07-02T02:17:14.576+0000] {logging_mixin.py:149} INFO - [2023-07-02T02:17:14.575+0000] {dag.py:2726} INFO - Sync 1 DAGs
[2023-07-02T02:17:14.668+0000] {logging_mixin.py:149} INFO - [2023-07-02T02:17:14.668+0000] {dag.py:3490} INFO - Setting next_dagrun for latest_only to 2023-07-01T22:17:14.667104+00:00, run_after=2023-07-02T02:17:14.667104+00:00
[2023-07-02T02:17:14.751+0000] {processor.py:179} INFO - Processing /home/airflow/.local/lib/python3.7/site-packages/airflow/example_dags/example_latest_only.py took 0.255 seconds
[2023-07-02T02:17:44.807+0000] {processor.py:157} INFO - Started process (PID=624) to work on /home/airflow/.local/lib/python3.7/site-packages/airflow/example_dags/example_latest_only.py
[2023-07-02T02:17:44.809+0000] {processor.py:826} INFO - Processing file /home/airflow/.local/lib/python3.7/site-packages/airflow/example_dags/example_latest_only.py for tasks to queue
[2023-07-02T02:17:44.811+0000] {logging_mixin.py:149} INFO - [2023-07-02T02:17:44.811+0000] {dagbag.py:541} INFO - Filling up the DagBag from /home/airflow/.local/lib/python3.7/site-packages/airflow/example_dags/example_latest_only.py
[2023-07-02T02:17:44.820+0000] {processor.py:836} INFO - DAG(s) dict_keys(['latest_only']) retrieved from /home/airflow/.local/lib/python3.7/site-packages/airflow/example_dags/example_latest_only.py
[2023-07-02T02:17:44.879+0000] {logging_mixin.py:149} INFO - [2023-07-02T02:17:44.879+0000] {dag.py:2726} INFO - Sync 1 DAGs
[2023-07-02T02:17:44.937+0000] {logging_mixin.py:149} INFO - [2023-07-02T02:17:44.937+0000] {dag.py:3490} INFO - Setting next_dagrun for latest_only to 2023-07-01T22:17:44.937084+00:00, run_after=2023-07-02T02:17:44.937084+00:00
[2023-07-02T02:17:44.965+0000] {processor.py:179} INFO - Processing /home/airflow/.local/lib/python3.7/site-packages/airflow/example_dags/example_latest_only.py took 0.166 seconds
[2023-07-02T02:18:15.416+0000] {processor.py:157} INFO - Started process (PID=683) to work on /home/airflow/.local/lib/python3.7/site-packages/airflow/example_dags/example_latest_only.py
[2023-07-02T02:18:15.418+0000] {processor.py:826} INFO - Processing file /home/airflow/.local/lib/python3.7/site-packages/airflow/example_dags/example_latest_only.py for tasks to queue
[2023-07-02T02:18:15.419+0000] {logging_mixin.py:149} INFO - [2023-07-02T02:18:15.419+0000] {dagbag.py:541} INFO - Filling up the DagBag from /home/airflow/.local/lib/python3.7/site-packages/airflow/example_dags/example_latest_only.py
[2023-07-02T02:18:15.426+0000] {processor.py:836} INFO - DAG(s) dict_keys(['latest_only']) retrieved from /home/airflow/.local/lib/python3.7/site-packages/airflow/example_dags/example_latest_only.py
[2023-07-02T02:18:15.455+0000] {logging_mixin.py:149} INFO - [2023-07-02T02:18:15.455+0000] {dag.py:2726} INFO - Sync 1 DAGs
[2023-07-02T02:18:15.486+0000] {logging_mixin.py:149} INFO - [2023-07-02T02:18:15.486+0000] {dag.py:3490} INFO - Setting next_dagrun for latest_only to 2023-07-01T22:18:15.486306+00:00, run_after=2023-07-02T02:18:15.486306+00:00
[2023-07-02T02:18:15.511+0000] {processor.py:179} INFO - Processing /home/airflow/.local/lib/python3.7/site-packages/airflow/example_dags/example_latest_only.py took 0.099 seconds
[2023-07-02T02:18:45.847+0000] {processor.py:157} INFO - Started process (PID=741) to work on /home/airflow/.local/lib/python3.7/site-packages/airflow/example_dags/example_latest_only.py
[2023-07-02T02:18:45.848+0000] {processor.py:826} INFO - Processing file /home/airflow/.local/lib/python3.7/site-packages/airflow/example_dags/example_latest_only.py for tasks to queue
[2023-07-02T02:18:45.850+0000] {logging_mixin.py:149} INFO - [2023-07-02T02:18:45.849+0000] {dagbag.py:541} INFO - Filling up the DagBag from /home/airflow/.local/lib/python3.7/site-packages/airflow/example_dags/example_latest_only.py
[2023-07-02T02:18:45.857+0000] {processor.py:836} INFO - DAG(s) dict_keys(['latest_only']) retrieved from /home/airflow/.local/lib/python3.7/site-packages/airflow/example_dags/example_latest_only.py
[2023-07-02T02:18:45.887+0000] {logging_mixin.py:149} INFO - [2023-07-02T02:18:45.887+0000] {dag.py:2726} INFO - Sync 1 DAGs
[2023-07-02T02:18:45.920+0000] {logging_mixin.py:149} INFO - [2023-07-02T02:18:45.920+0000] {dag.py:3490} INFO - Setting next_dagrun for latest_only to 2023-07-01T22:18:45.919961+00:00, run_after=2023-07-02T02:18:45.919961+00:00
[2023-07-02T02:18:45.943+0000] {processor.py:179} INFO - Processing /home/airflow/.local/lib/python3.7/site-packages/airflow/example_dags/example_latest_only.py took 0.100 seconds
[2023-07-02T02:19:16.146+0000] {processor.py:157} INFO - Started process (PID=798) to work on /home/airflow/.local/lib/python3.7/site-packages/airflow/example_dags/example_latest_only.py
[2023-07-02T02:19:16.147+0000] {processor.py:826} INFO - Processing file /home/airflow/.local/lib/python3.7/site-packages/airflow/example_dags/example_latest_only.py for tasks to queue
[2023-07-02T02:19:16.149+0000] {logging_mixin.py:149} INFO - [2023-07-02T02:19:16.148+0000] {dagbag.py:541} INFO - Filling up the DagBag from /home/airflow/.local/lib/python3.7/site-packages/airflow/example_dags/example_latest_only.py
[2023-07-02T02:19:16.157+0000] {processor.py:836} INFO - DAG(s) dict_keys(['latest_only']) retrieved from /home/airflow/.local/lib/python3.7/site-packages/airflow/example_dags/example_latest_only.py
[2023-07-02T02:19:16.190+0000] {logging_mixin.py:149} INFO - [2023-07-02T02:19:16.190+0000] {dag.py:2726} INFO - Sync 1 DAGs
[2023-07-02T02:19:16.226+0000] {logging_mixin.py:149} INFO - [2023-07-02T02:19:16.226+0000] {dag.py:3490} INFO - Setting next_dagrun for latest_only to 2023-07-01T22:19:16.226177+00:00, run_after=2023-07-02T02:19:16.226177+00:00
[2023-07-02T02:19:16.252+0000] {processor.py:179} INFO - Processing /home/airflow/.local/lib/python3.7/site-packages/airflow/example_dags/example_latest_only.py took 0.110 seconds
[2023-07-02T02:19:47.257+0000] {processor.py:157} INFO - Started process (PID=856) to work on /home/airflow/.local/lib/python3.7/site-packages/airflow/example_dags/example_latest_only.py
[2023-07-02T02:19:47.259+0000] {processor.py:826} INFO - Processing file /home/airflow/.local/lib/python3.7/site-packages/airflow/example_dags/example_latest_only.py for tasks to queue
[2023-07-02T02:19:47.260+0000] {logging_mixin.py:149} INFO - [2023-07-02T02:19:47.260+0000] {dagbag.py:541} INFO - Filling up the DagBag from /home/airflow/.local/lib/python3.7/site-packages/airflow/example_dags/example_latest_only.py
[2023-07-02T02:19:47.268+0000] {processor.py:836} INFO - DAG(s) dict_keys(['latest_only']) retrieved from /home/airflow/.local/lib/python3.7/site-packages/airflow/example_dags/example_latest_only.py
[2023-07-02T02:19:47.298+0000] {logging_mixin.py:149} INFO - [2023-07-02T02:19:47.297+0000] {dag.py:2726} INFO - Sync 1 DAGs
[2023-07-02T02:19:47.327+0000] {logging_mixin.py:149} INFO - [2023-07-02T02:19:47.327+0000] {dag.py:3490} INFO - Setting next_dagrun for latest_only to 2023-07-01T22:19:47.327089+00:00, run_after=2023-07-02T02:19:47.327089+00:00
[2023-07-02T02:19:47.351+0000] {processor.py:179} INFO - Processing /home/airflow/.local/lib/python3.7/site-packages/airflow/example_dags/example_latest_only.py took 0.098 seconds
[2023-07-02T02:20:17.630+0000] {processor.py:157} INFO - Started process (PID=915) to work on /home/airflow/.local/lib/python3.7/site-packages/airflow/example_dags/example_latest_only.py
[2023-07-02T02:20:17.632+0000] {processor.py:826} INFO - Processing file /home/airflow/.local/lib/python3.7/site-packages/airflow/example_dags/example_latest_only.py for tasks to queue
[2023-07-02T02:20:17.633+0000] {logging_mixin.py:149} INFO - [2023-07-02T02:20:17.633+0000] {dagbag.py:541} INFO - Filling up the DagBag from /home/airflow/.local/lib/python3.7/site-packages/airflow/example_dags/example_latest_only.py
[2023-07-02T02:20:17.641+0000] {processor.py:836} INFO - DAG(s) dict_keys(['latest_only']) retrieved from /home/airflow/.local/lib/python3.7/site-packages/airflow/example_dags/example_latest_only.py
[2023-07-02T02:20:17.674+0000] {logging_mixin.py:149} INFO - [2023-07-02T02:20:17.673+0000] {dag.py:2726} INFO - Sync 1 DAGs
[2023-07-02T02:20:17.712+0000] {logging_mixin.py:149} INFO - [2023-07-02T02:20:17.712+0000] {dag.py:3490} INFO - Setting next_dagrun for latest_only to 2023-07-01T22:20:17.712023+00:00, run_after=2023-07-02T02:20:17.712023+00:00
[2023-07-02T02:20:17.743+0000] {processor.py:179} INFO - Processing /home/airflow/.local/lib/python3.7/site-packages/airflow/example_dags/example_latest_only.py took 0.118 seconds
[2023-07-02T02:20:48.070+0000] {processor.py:157} INFO - Started process (PID=973) to work on /home/airflow/.local/lib/python3.7/site-packages/airflow/example_dags/example_latest_only.py
[2023-07-02T02:20:48.071+0000] {processor.py:826} INFO - Processing file /home/airflow/.local/lib/python3.7/site-packages/airflow/example_dags/example_latest_only.py for tasks to queue
[2023-07-02T02:20:48.073+0000] {logging_mixin.py:149} INFO - [2023-07-02T02:20:48.072+0000] {dagbag.py:541} INFO - Filling up the DagBag from /home/airflow/.local/lib/python3.7/site-packages/airflow/example_dags/example_latest_only.py
[2023-07-02T02:20:48.083+0000] {processor.py:836} INFO - DAG(s) dict_keys(['latest_only']) retrieved from /home/airflow/.local/lib/python3.7/site-packages/airflow/example_dags/example_latest_only.py
[2023-07-02T02:20:48.113+0000] {logging_mixin.py:149} INFO - [2023-07-02T02:20:48.112+0000] {dag.py:2726} INFO - Sync 1 DAGs
[2023-07-02T02:20:48.145+0000] {logging_mixin.py:149} INFO - [2023-07-02T02:20:48.145+0000] {dag.py:3490} INFO - Setting next_dagrun for latest_only to 2023-07-01T22:20:48.144808+00:00, run_after=2023-07-02T02:20:48.144808+00:00
[2023-07-02T02:20:48.169+0000] {processor.py:179} INFO - Processing /home/airflow/.local/lib/python3.7/site-packages/airflow/example_dags/example_latest_only.py took 0.104 seconds
[2023-07-02T02:21:18.367+0000] {processor.py:157} INFO - Started process (PID=1031) to work on /home/airflow/.local/lib/python3.7/site-packages/airflow/example_dags/example_latest_only.py
[2023-07-02T02:21:18.368+0000] {processor.py:826} INFO - Processing file /home/airflow/.local/lib/python3.7/site-packages/airflow/example_dags/example_latest_only.py for tasks to queue
[2023-07-02T02:21:18.369+0000] {logging_mixin.py:149} INFO - [2023-07-02T02:21:18.369+0000] {dagbag.py:541} INFO - Filling up the DagBag from /home/airflow/.local/lib/python3.7/site-packages/airflow/example_dags/example_latest_only.py
[2023-07-02T02:21:18.376+0000] {processor.py:836} INFO - DAG(s) dict_keys(['latest_only']) retrieved from /home/airflow/.local/lib/python3.7/site-packages/airflow/example_dags/example_latest_only.py
[2023-07-02T02:21:18.406+0000] {logging_mixin.py:149} INFO - [2023-07-02T02:21:18.406+0000] {dag.py:2726} INFO - Sync 1 DAGs
[2023-07-02T02:21:18.439+0000] {logging_mixin.py:149} INFO - [2023-07-02T02:21:18.439+0000] {dag.py:3490} INFO - Setting next_dagrun for latest_only to 2023-07-01T22:21:18.438971+00:00, run_after=2023-07-02T02:21:18.438971+00:00
[2023-07-02T02:21:18.470+0000] {processor.py:179} INFO - Processing /home/airflow/.local/lib/python3.7/site-packages/airflow/example_dags/example_latest_only.py took 0.107 seconds
