[2023-07-02T01:19:17.850+0000] {processor.py:157} INFO - Started process (PID=62) to work on /home/airflow/.local/lib/python3.7/site-packages/airflow/example_dags/example_task_group.py
[2023-07-02T01:19:17.853+0000] {processor.py:826} INFO - Processing file /home/airflow/.local/lib/python3.7/site-packages/airflow/example_dags/example_task_group.py for tasks to queue
[2023-07-02T01:19:17.855+0000] {logging_mixin.py:149} INFO - [2023-07-02T01:19:17.854+0000] {dagbag.py:541} INFO - Filling up the DagBag from /home/airflow/.local/lib/python3.7/site-packages/airflow/example_dags/example_task_group.py
[2023-07-02T01:19:17.873+0000] {processor.py:836} INFO - DAG(s) dict_keys(['example_task_group']) retrieved from /home/airflow/.local/lib/python3.7/site-packages/airflow/example_dags/example_task_group.py
[2023-07-02T01:19:18.318+0000] {logging_mixin.py:149} INFO - [2023-07-02T01:19:18.318+0000] {manager.py:504} INFO - Created Permission View: can delete on DAG:example_task_group
[2023-07-02T01:19:18.339+0000] {logging_mixin.py:149} INFO - [2023-07-02T01:19:18.339+0000] {manager.py:504} INFO - Created Permission View: can edit on DAG:example_task_group
[2023-07-02T01:19:18.363+0000] {logging_mixin.py:149} INFO - [2023-07-02T01:19:18.362+0000] {manager.py:504} INFO - Created Permission View: can read on DAG:example_task_group
[2023-07-02T01:19:18.421+0000] {logging_mixin.py:149} INFO - [2023-07-02T01:19:18.421+0000] {dag.py:2726} INFO - Sync 1 DAGs
[2023-07-02T01:19:18.487+0000] {logging_mixin.py:149} INFO - [2023-07-02T01:19:18.487+0000] {dag.py:2747} INFO - Creating ORM DAG for example_task_group
[2023-07-02T01:19:18.517+0000] {logging_mixin.py:149} INFO - [2023-07-02T01:19:18.516+0000] {dag.py:3490} INFO - Setting next_dagrun for example_task_group to 2023-07-01T01:19:18.516551+00:00, run_after=2023-07-02T01:19:18.516551+00:00
[2023-07-02T01:19:18.582+0000] {processor.py:179} INFO - Processing /home/airflow/.local/lib/python3.7/site-packages/airflow/example_dags/example_task_group.py took 0.739 seconds
[2023-07-02T01:19:54.812+0000] {processor.py:157} INFO - Started process (PID=126) to work on /home/airflow/.local/lib/python3.7/site-packages/airflow/example_dags/example_task_group.py
[2023-07-02T01:19:54.814+0000] {processor.py:826} INFO - Processing file /home/airflow/.local/lib/python3.7/site-packages/airflow/example_dags/example_task_group.py for tasks to queue
[2023-07-02T01:19:54.816+0000] {logging_mixin.py:149} INFO - [2023-07-02T01:19:54.816+0000] {dagbag.py:541} INFO - Filling up the DagBag from /home/airflow/.local/lib/python3.7/site-packages/airflow/example_dags/example_task_group.py
[2023-07-02T01:19:54.832+0000] {processor.py:836} INFO - DAG(s) dict_keys(['example_task_group']) retrieved from /home/airflow/.local/lib/python3.7/site-packages/airflow/example_dags/example_task_group.py
[2023-07-02T01:19:54.889+0000] {logging_mixin.py:149} INFO - [2023-07-02T01:19:54.889+0000] {dag.py:2726} INFO - Sync 1 DAGs
[2023-07-02T01:19:54.941+0000] {logging_mixin.py:149} INFO - [2023-07-02T01:19:54.941+0000] {dag.py:3490} INFO - Setting next_dagrun for example_task_group to 2023-07-01T01:19:54.940980+00:00, run_after=2023-07-02T01:19:54.940980+00:00
[2023-07-02T01:19:54.980+0000] {processor.py:179} INFO - Processing /home/airflow/.local/lib/python3.7/site-packages/airflow/example_dags/example_task_group.py took 0.174 seconds
[2023-07-02T01:20:25.403+0000] {processor.py:157} INFO - Started process (PID=184) to work on /home/airflow/.local/lib/python3.7/site-packages/airflow/example_dags/example_task_group.py
[2023-07-02T01:20:25.405+0000] {processor.py:826} INFO - Processing file /home/airflow/.local/lib/python3.7/site-packages/airflow/example_dags/example_task_group.py for tasks to queue
[2023-07-02T01:20:25.406+0000] {logging_mixin.py:149} INFO - [2023-07-02T01:20:25.406+0000] {dagbag.py:541} INFO - Filling up the DagBag from /home/airflow/.local/lib/python3.7/site-packages/airflow/example_dags/example_task_group.py
[2023-07-02T01:20:25.424+0000] {processor.py:836} INFO - DAG(s) dict_keys(['example_task_group']) retrieved from /home/airflow/.local/lib/python3.7/site-packages/airflow/example_dags/example_task_group.py
[2023-07-02T01:20:25.478+0000] {logging_mixin.py:149} INFO - [2023-07-02T01:20:25.478+0000] {dag.py:2726} INFO - Sync 1 DAGs
[2023-07-02T01:20:25.538+0000] {logging_mixin.py:149} INFO - [2023-07-02T01:20:25.538+0000] {dag.py:3490} INFO - Setting next_dagrun for example_task_group to 2023-07-01T01:20:25.537484+00:00, run_after=2023-07-02T01:20:25.537484+00:00
[2023-07-02T01:20:25.579+0000] {processor.py:179} INFO - Processing /home/airflow/.local/lib/python3.7/site-packages/airflow/example_dags/example_task_group.py took 0.184 seconds
[2023-07-02T01:20:56.007+0000] {processor.py:157} INFO - Started process (PID=243) to work on /home/airflow/.local/lib/python3.7/site-packages/airflow/example_dags/example_task_group.py
[2023-07-02T01:20:56.010+0000] {processor.py:826} INFO - Processing file /home/airflow/.local/lib/python3.7/site-packages/airflow/example_dags/example_task_group.py for tasks to queue
[2023-07-02T01:20:56.012+0000] {logging_mixin.py:149} INFO - [2023-07-02T01:20:56.012+0000] {dagbag.py:541} INFO - Filling up the DagBag from /home/airflow/.local/lib/python3.7/site-packages/airflow/example_dags/example_task_group.py
[2023-07-02T01:20:56.028+0000] {processor.py:836} INFO - DAG(s) dict_keys(['example_task_group']) retrieved from /home/airflow/.local/lib/python3.7/site-packages/airflow/example_dags/example_task_group.py
[2023-07-02T01:20:56.090+0000] {logging_mixin.py:149} INFO - [2023-07-02T01:20:56.089+0000] {dag.py:2726} INFO - Sync 1 DAGs
[2023-07-02T01:20:56.149+0000] {logging_mixin.py:149} INFO - [2023-07-02T01:20:56.148+0000] {dag.py:3490} INFO - Setting next_dagrun for example_task_group to 2023-07-01T01:20:56.148134+00:00, run_after=2023-07-02T01:20:56.148134+00:00
[2023-07-02T01:20:56.191+0000] {processor.py:179} INFO - Processing /home/airflow/.local/lib/python3.7/site-packages/airflow/example_dags/example_task_group.py took 0.190 seconds
[2023-07-02T01:21:26.765+0000] {processor.py:157} INFO - Started process (PID=302) to work on /home/airflow/.local/lib/python3.7/site-packages/airflow/example_dags/example_task_group.py
[2023-07-02T01:21:26.767+0000] {processor.py:826} INFO - Processing file /home/airflow/.local/lib/python3.7/site-packages/airflow/example_dags/example_task_group.py for tasks to queue
[2023-07-02T01:21:26.769+0000] {logging_mixin.py:149} INFO - [2023-07-02T01:21:26.768+0000] {dagbag.py:541} INFO - Filling up the DagBag from /home/airflow/.local/lib/python3.7/site-packages/airflow/example_dags/example_task_group.py
[2023-07-02T01:21:26.785+0000] {processor.py:836} INFO - DAG(s) dict_keys(['example_task_group']) retrieved from /home/airflow/.local/lib/python3.7/site-packages/airflow/example_dags/example_task_group.py
[2023-07-02T01:21:26.850+0000] {logging_mixin.py:149} INFO - [2023-07-02T01:21:26.850+0000] {dag.py:2726} INFO - Sync 1 DAGs
[2023-07-02T01:21:26.905+0000] {logging_mixin.py:149} INFO - [2023-07-02T01:21:26.905+0000] {dag.py:3490} INFO - Setting next_dagrun for example_task_group to 2023-07-01T01:21:26.904726+00:00, run_after=2023-07-02T01:21:26.904726+00:00
[2023-07-02T01:21:26.947+0000] {processor.py:179} INFO - Processing /home/airflow/.local/lib/python3.7/site-packages/airflow/example_dags/example_task_group.py took 0.190 seconds
[2023-07-02T01:21:57.934+0000] {processor.py:157} INFO - Started process (PID=359) to work on /home/airflow/.local/lib/python3.7/site-packages/airflow/example_dags/example_task_group.py
[2023-07-02T01:21:57.937+0000] {processor.py:826} INFO - Processing file /home/airflow/.local/lib/python3.7/site-packages/airflow/example_dags/example_task_group.py for tasks to queue
[2023-07-02T01:21:57.939+0000] {logging_mixin.py:149} INFO - [2023-07-02T01:21:57.939+0000] {dagbag.py:541} INFO - Filling up the DagBag from /home/airflow/.local/lib/python3.7/site-packages/airflow/example_dags/example_task_group.py
[2023-07-02T01:21:57.959+0000] {processor.py:836} INFO - DAG(s) dict_keys(['example_task_group']) retrieved from /home/airflow/.local/lib/python3.7/site-packages/airflow/example_dags/example_task_group.py
[2023-07-02T01:21:58.030+0000] {logging_mixin.py:149} INFO - [2023-07-02T01:21:58.029+0000] {dag.py:2726} INFO - Sync 1 DAGs
[2023-07-02T01:21:58.088+0000] {logging_mixin.py:149} INFO - [2023-07-02T01:21:58.088+0000] {dag.py:3490} INFO - Setting next_dagrun for example_task_group to 2023-07-01T01:21:58.087994+00:00, run_after=2023-07-02T01:21:58.087994+00:00
[2023-07-02T01:21:58.134+0000] {processor.py:179} INFO - Processing /home/airflow/.local/lib/python3.7/site-packages/airflow/example_dags/example_task_group.py took 0.207 seconds
[2023-07-02T01:22:28.633+0000] {processor.py:157} INFO - Started process (PID=417) to work on /home/airflow/.local/lib/python3.7/site-packages/airflow/example_dags/example_task_group.py
[2023-07-02T01:22:28.637+0000] {processor.py:826} INFO - Processing file /home/airflow/.local/lib/python3.7/site-packages/airflow/example_dags/example_task_group.py for tasks to queue
[2023-07-02T01:22:28.640+0000] {logging_mixin.py:149} INFO - [2023-07-02T01:22:28.640+0000] {dagbag.py:541} INFO - Filling up the DagBag from /home/airflow/.local/lib/python3.7/site-packages/airflow/example_dags/example_task_group.py
[2023-07-02T01:22:28.672+0000] {processor.py:836} INFO - DAG(s) dict_keys(['example_task_group']) retrieved from /home/airflow/.local/lib/python3.7/site-packages/airflow/example_dags/example_task_group.py
[2023-07-02T01:22:28.725+0000] {logging_mixin.py:149} INFO - [2023-07-02T01:22:28.725+0000] {dag.py:2726} INFO - Sync 1 DAGs
[2023-07-02T01:22:28.781+0000] {logging_mixin.py:149} INFO - [2023-07-02T01:22:28.781+0000] {dag.py:3490} INFO - Setting next_dagrun for example_task_group to 2023-07-01T01:22:28.780594+00:00, run_after=2023-07-02T01:22:28.780594+00:00
[2023-07-02T01:22:28.821+0000] {processor.py:179} INFO - Processing /home/airflow/.local/lib/python3.7/site-packages/airflow/example_dags/example_task_group.py took 0.194 seconds
[2023-07-02T01:22:59.649+0000] {processor.py:157} INFO - Started process (PID=478) to work on /home/airflow/.local/lib/python3.7/site-packages/airflow/example_dags/example_task_group.py
[2023-07-02T01:22:59.618+0000] {processor.py:826} INFO - Processing file /home/airflow/.local/lib/python3.7/site-packages/airflow/example_dags/example_task_group.py for tasks to queue
[2023-07-02T01:22:59.620+0000] {logging_mixin.py:149} INFO - [2023-07-02T01:22:59.620+0000] {dagbag.py:541} INFO - Filling up the DagBag from /home/airflow/.local/lib/python3.7/site-packages/airflow/example_dags/example_task_group.py
[2023-07-02T01:22:59.639+0000] {processor.py:836} INFO - DAG(s) dict_keys(['example_task_group']) retrieved from /home/airflow/.local/lib/python3.7/site-packages/airflow/example_dags/example_task_group.py
[2023-07-02T01:22:59.695+0000] {logging_mixin.py:149} INFO - [2023-07-02T01:22:59.694+0000] {dag.py:2726} INFO - Sync 1 DAGs
[2023-07-02T01:22:59.788+0000] {logging_mixin.py:149} INFO - [2023-07-02T01:22:59.787+0000] {dag.py:3490} INFO - Setting next_dagrun for example_task_group to 2023-07-01T01:22:59.787041+00:00, run_after=2023-07-02T01:22:59.787041+00:00
[2023-07-02T01:22:59.838+0000] {processor.py:179} INFO - Processing /home/airflow/.local/lib/python3.7/site-packages/airflow/example_dags/example_task_group.py took 0.230 seconds
[2023-07-02T01:23:29.958+0000] {processor.py:157} INFO - Started process (PID=537) to work on /home/airflow/.local/lib/python3.7/site-packages/airflow/example_dags/example_task_group.py
[2023-07-02T01:23:29.960+0000] {processor.py:826} INFO - Processing file /home/airflow/.local/lib/python3.7/site-packages/airflow/example_dags/example_task_group.py for tasks to queue
[2023-07-02T01:23:29.961+0000] {logging_mixin.py:149} INFO - [2023-07-02T01:23:29.961+0000] {dagbag.py:541} INFO - Filling up the DagBag from /home/airflow/.local/lib/python3.7/site-packages/airflow/example_dags/example_task_group.py
[2023-07-02T01:23:29.980+0000] {processor.py:836} INFO - DAG(s) dict_keys(['example_task_group']) retrieved from /home/airflow/.local/lib/python3.7/site-packages/airflow/example_dags/example_task_group.py
[2023-07-02T01:23:30.032+0000] {logging_mixin.py:149} INFO - [2023-07-02T01:23:30.032+0000] {dag.py:2726} INFO - Sync 1 DAGs
[2023-07-02T01:23:30.085+0000] {logging_mixin.py:149} INFO - [2023-07-02T01:23:30.085+0000] {dag.py:3490} INFO - Setting next_dagrun for example_task_group to 2023-07-01T01:23:30.084747+00:00, run_after=2023-07-02T01:23:30.084747+00:00
[2023-07-02T01:23:30.120+0000] {processor.py:179} INFO - Processing /home/airflow/.local/lib/python3.7/site-packages/airflow/example_dags/example_task_group.py took 0.171 seconds
[2023-07-02T02:04:21.069+0000] {processor.py:157} INFO - Started process (PID=60) to work on /home/airflow/.local/lib/python3.7/site-packages/airflow/example_dags/example_task_group.py
[2023-07-02T02:04:21.071+0000] {processor.py:826} INFO - Processing file /home/airflow/.local/lib/python3.7/site-packages/airflow/example_dags/example_task_group.py for tasks to queue
[2023-07-02T02:04:21.072+0000] {logging_mixin.py:149} INFO - [2023-07-02T02:04:21.072+0000] {dagbag.py:541} INFO - Filling up the DagBag from /home/airflow/.local/lib/python3.7/site-packages/airflow/example_dags/example_task_group.py
[2023-07-02T02:04:21.086+0000] {processor.py:836} INFO - DAG(s) dict_keys(['example_task_group']) retrieved from /home/airflow/.local/lib/python3.7/site-packages/airflow/example_dags/example_task_group.py
[2023-07-02T02:04:21.128+0000] {logging_mixin.py:149} INFO - [2023-07-02T02:04:21.127+0000] {dag.py:2726} INFO - Sync 1 DAGs
[2023-07-02T02:04:21.171+0000] {logging_mixin.py:149} INFO - [2023-07-02T02:04:21.170+0000] {dag.py:3490} INFO - Setting next_dagrun for example_task_group to 2023-07-01T02:04:21.170481+00:00, run_after=2023-07-02T02:04:21.170481+00:00
[2023-07-02T02:04:21.203+0000] {processor.py:179} INFO - Processing /home/airflow/.local/lib/python3.7/site-packages/airflow/example_dags/example_task_group.py took 0.140 seconds
[2023-07-02T02:04:51.795+0000] {processor.py:157} INFO - Started process (PID=118) to work on /home/airflow/.local/lib/python3.7/site-packages/airflow/example_dags/example_task_group.py
[2023-07-02T02:04:51.797+0000] {processor.py:826} INFO - Processing file /home/airflow/.local/lib/python3.7/site-packages/airflow/example_dags/example_task_group.py for tasks to queue
[2023-07-02T02:04:51.799+0000] {logging_mixin.py:149} INFO - [2023-07-02T02:04:51.798+0000] {dagbag.py:541} INFO - Filling up the DagBag from /home/airflow/.local/lib/python3.7/site-packages/airflow/example_dags/example_task_group.py
[2023-07-02T02:04:51.810+0000] {processor.py:836} INFO - DAG(s) dict_keys(['example_task_group']) retrieved from /home/airflow/.local/lib/python3.7/site-packages/airflow/example_dags/example_task_group.py
[2023-07-02T02:04:51.847+0000] {logging_mixin.py:149} INFO - [2023-07-02T02:04:51.847+0000] {dag.py:2726} INFO - Sync 1 DAGs
[2023-07-02T02:04:51.884+0000] {logging_mixin.py:149} INFO - [2023-07-02T02:04:51.884+0000] {dag.py:3490} INFO - Setting next_dagrun for example_task_group to 2023-07-01T02:04:51.883755+00:00, run_after=2023-07-02T02:04:51.883755+00:00
[2023-07-02T02:04:51.913+0000] {processor.py:179} INFO - Processing /home/airflow/.local/lib/python3.7/site-packages/airflow/example_dags/example_task_group.py took 0.124 seconds
[2023-07-02T02:05:22.797+0000] {processor.py:157} INFO - Started process (PID=175) to work on /home/airflow/.local/lib/python3.7/site-packages/airflow/example_dags/example_task_group.py
[2023-07-02T02:05:22.799+0000] {processor.py:826} INFO - Processing file /home/airflow/.local/lib/python3.7/site-packages/airflow/example_dags/example_task_group.py for tasks to queue
[2023-07-02T02:05:22.800+0000] {logging_mixin.py:149} INFO - [2023-07-02T02:05:22.800+0000] {dagbag.py:541} INFO - Filling up the DagBag from /home/airflow/.local/lib/python3.7/site-packages/airflow/example_dags/example_task_group.py
[2023-07-02T02:05:22.812+0000] {processor.py:836} INFO - DAG(s) dict_keys(['example_task_group']) retrieved from /home/airflow/.local/lib/python3.7/site-packages/airflow/example_dags/example_task_group.py
[2023-07-02T02:05:22.854+0000] {logging_mixin.py:149} INFO - [2023-07-02T02:05:22.854+0000] {dag.py:2726} INFO - Sync 1 DAGs
[2023-07-02T02:05:22.893+0000] {logging_mixin.py:149} INFO - [2023-07-02T02:05:22.893+0000] {dag.py:3490} INFO - Setting next_dagrun for example_task_group to 2023-07-01T02:05:22.892822+00:00, run_after=2023-07-02T02:05:22.892822+00:00
[2023-07-02T02:05:22.923+0000] {processor.py:179} INFO - Processing /home/airflow/.local/lib/python3.7/site-packages/airflow/example_dags/example_task_group.py took 0.130 seconds
[2023-07-02T02:05:53.390+0000] {processor.py:157} INFO - Started process (PID=234) to work on /home/airflow/.local/lib/python3.7/site-packages/airflow/example_dags/example_task_group.py
[2023-07-02T02:05:53.391+0000] {processor.py:826} INFO - Processing file /home/airflow/.local/lib/python3.7/site-packages/airflow/example_dags/example_task_group.py for tasks to queue
[2023-07-02T02:05:53.393+0000] {logging_mixin.py:149} INFO - [2023-07-02T02:05:53.393+0000] {dagbag.py:541} INFO - Filling up the DagBag from /home/airflow/.local/lib/python3.7/site-packages/airflow/example_dags/example_task_group.py
[2023-07-02T02:05:53.404+0000] {processor.py:836} INFO - DAG(s) dict_keys(['example_task_group']) retrieved from /home/airflow/.local/lib/python3.7/site-packages/airflow/example_dags/example_task_group.py
[2023-07-02T02:05:53.441+0000] {logging_mixin.py:149} INFO - [2023-07-02T02:05:53.441+0000] {dag.py:2726} INFO - Sync 1 DAGs
[2023-07-02T02:05:53.480+0000] {logging_mixin.py:149} INFO - [2023-07-02T02:05:53.480+0000] {dag.py:3490} INFO - Setting next_dagrun for example_task_group to 2023-07-01T02:05:53.479766+00:00, run_after=2023-07-02T02:05:53.479766+00:00
[2023-07-02T02:05:53.509+0000] {processor.py:179} INFO - Processing /home/airflow/.local/lib/python3.7/site-packages/airflow/example_dags/example_task_group.py took 0.123 seconds
[2023-07-02T02:06:24.375+0000] {processor.py:157} INFO - Started process (PID=292) to work on /home/airflow/.local/lib/python3.7/site-packages/airflow/example_dags/example_task_group.py
[2023-07-02T02:06:24.376+0000] {processor.py:826} INFO - Processing file /home/airflow/.local/lib/python3.7/site-packages/airflow/example_dags/example_task_group.py for tasks to queue
[2023-07-02T02:06:24.378+0000] {logging_mixin.py:149} INFO - [2023-07-02T02:06:24.377+0000] {dagbag.py:541} INFO - Filling up the DagBag from /home/airflow/.local/lib/python3.7/site-packages/airflow/example_dags/example_task_group.py
[2023-07-02T02:06:24.389+0000] {processor.py:836} INFO - DAG(s) dict_keys(['example_task_group']) retrieved from /home/airflow/.local/lib/python3.7/site-packages/airflow/example_dags/example_task_group.py
[2023-07-02T02:06:24.430+0000] {logging_mixin.py:149} INFO - [2023-07-02T02:06:24.430+0000] {dag.py:2726} INFO - Sync 1 DAGs
[2023-07-02T02:06:24.471+0000] {logging_mixin.py:149} INFO - [2023-07-02T02:06:24.471+0000] {dag.py:3490} INFO - Setting next_dagrun for example_task_group to 2023-07-01T02:06:24.470963+00:00, run_after=2023-07-02T02:06:24.470963+00:00
[2023-07-02T02:06:24.504+0000] {processor.py:179} INFO - Processing /home/airflow/.local/lib/python3.7/site-packages/airflow/example_dags/example_task_group.py took 0.134 seconds
[2023-07-02T02:06:54.808+0000] {processor.py:157} INFO - Started process (PID=350) to work on /home/airflow/.local/lib/python3.7/site-packages/airflow/example_dags/example_task_group.py
[2023-07-02T02:06:54.809+0000] {processor.py:826} INFO - Processing file /home/airflow/.local/lib/python3.7/site-packages/airflow/example_dags/example_task_group.py for tasks to queue
[2023-07-02T02:06:54.810+0000] {logging_mixin.py:149} INFO - [2023-07-02T02:06:54.810+0000] {dagbag.py:541} INFO - Filling up the DagBag from /home/airflow/.local/lib/python3.7/site-packages/airflow/example_dags/example_task_group.py
[2023-07-02T02:06:54.821+0000] {processor.py:836} INFO - DAG(s) dict_keys(['example_task_group']) retrieved from /home/airflow/.local/lib/python3.7/site-packages/airflow/example_dags/example_task_group.py
[2023-07-02T02:06:54.858+0000] {logging_mixin.py:149} INFO - [2023-07-02T02:06:54.858+0000] {dag.py:2726} INFO - Sync 1 DAGs
[2023-07-02T02:06:54.891+0000] {logging_mixin.py:149} INFO - [2023-07-02T02:06:54.891+0000] {dag.py:3490} INFO - Setting next_dagrun for example_task_group to 2023-07-01T02:06:54.891388+00:00, run_after=2023-07-02T02:06:54.891388+00:00
[2023-07-02T02:06:54.918+0000] {processor.py:179} INFO - Processing /home/airflow/.local/lib/python3.7/site-packages/airflow/example_dags/example_task_group.py took 0.114 seconds
[2023-07-02T02:12:41.986+0000] {processor.py:157} INFO - Started process (PID=60) to work on /home/airflow/.local/lib/python3.7/site-packages/airflow/example_dags/example_task_group.py
[2023-07-02T02:12:41.988+0000] {processor.py:826} INFO - Processing file /home/airflow/.local/lib/python3.7/site-packages/airflow/example_dags/example_task_group.py for tasks to queue
[2023-07-02T02:12:41.989+0000] {logging_mixin.py:149} INFO - [2023-07-02T02:12:41.989+0000] {dagbag.py:541} INFO - Filling up the DagBag from /home/airflow/.local/lib/python3.7/site-packages/airflow/example_dags/example_task_group.py
[2023-07-02T02:12:42.001+0000] {processor.py:836} INFO - DAG(s) dict_keys(['example_task_group']) retrieved from /home/airflow/.local/lib/python3.7/site-packages/airflow/example_dags/example_task_group.py
[2023-07-02T02:12:42.035+0000] {logging_mixin.py:149} INFO - [2023-07-02T02:12:42.035+0000] {dag.py:2726} INFO - Sync 1 DAGs
[2023-07-02T02:12:42.193+0000] {logging_mixin.py:149} INFO - [2023-07-02T02:12:42.193+0000] {dag.py:3490} INFO - Setting next_dagrun for example_task_group to 2023-07-01T02:12:42.192932+00:00, run_after=2023-07-02T02:12:42.192932+00:00
[2023-07-02T02:12:42.222+0000] {processor.py:179} INFO - Processing /home/airflow/.local/lib/python3.7/site-packages/airflow/example_dags/example_task_group.py took 0.240 seconds
[2023-07-02T02:13:12.873+0000] {processor.py:157} INFO - Started process (PID=121) to work on /home/airflow/.local/lib/python3.7/site-packages/airflow/example_dags/example_task_group.py
[2023-07-02T02:13:12.875+0000] {processor.py:826} INFO - Processing file /home/airflow/.local/lib/python3.7/site-packages/airflow/example_dags/example_task_group.py for tasks to queue
[2023-07-02T02:13:12.876+0000] {logging_mixin.py:149} INFO - [2023-07-02T02:13:12.876+0000] {dagbag.py:541} INFO - Filling up the DagBag from /home/airflow/.local/lib/python3.7/site-packages/airflow/example_dags/example_task_group.py
[2023-07-02T02:13:12.890+0000] {processor.py:836} INFO - DAG(s) dict_keys(['example_task_group']) retrieved from /home/airflow/.local/lib/python3.7/site-packages/airflow/example_dags/example_task_group.py
[2023-07-02T02:13:12.928+0000] {logging_mixin.py:149} INFO - [2023-07-02T02:13:12.928+0000] {dag.py:2726} INFO - Sync 1 DAGs
[2023-07-02T02:13:12.969+0000] {logging_mixin.py:149} INFO - [2023-07-02T02:13:12.969+0000] {dag.py:3490} INFO - Setting next_dagrun for example_task_group to 2023-07-01T02:13:12.969345+00:00, run_after=2023-07-02T02:13:12.969345+00:00
[2023-07-02T02:13:12.997+0000] {processor.py:179} INFO - Processing /home/airflow/.local/lib/python3.7/site-packages/airflow/example_dags/example_task_group.py took 0.129 seconds
[2023-07-02T02:13:43.176+0000] {processor.py:157} INFO - Started process (PID=179) to work on /home/airflow/.local/lib/python3.7/site-packages/airflow/example_dags/example_task_group.py
[2023-07-02T02:13:43.177+0000] {processor.py:826} INFO - Processing file /home/airflow/.local/lib/python3.7/site-packages/airflow/example_dags/example_task_group.py for tasks to queue
[2023-07-02T02:13:43.179+0000] {logging_mixin.py:149} INFO - [2023-07-02T02:13:43.178+0000] {dagbag.py:541} INFO - Filling up the DagBag from /home/airflow/.local/lib/python3.7/site-packages/airflow/example_dags/example_task_group.py
[2023-07-02T02:13:43.193+0000] {processor.py:836} INFO - DAG(s) dict_keys(['example_task_group']) retrieved from /home/airflow/.local/lib/python3.7/site-packages/airflow/example_dags/example_task_group.py
[2023-07-02T02:13:43.234+0000] {logging_mixin.py:149} INFO - [2023-07-02T02:13:43.234+0000] {dag.py:2726} INFO - Sync 1 DAGs
[2023-07-02T02:13:43.269+0000] {logging_mixin.py:149} INFO - [2023-07-02T02:13:43.269+0000] {dag.py:3490} INFO - Setting next_dagrun for example_task_group to 2023-07-01T02:13:43.269405+00:00, run_after=2023-07-02T02:13:43.269405+00:00
[2023-07-02T02:13:43.295+0000] {processor.py:179} INFO - Processing /home/airflow/.local/lib/python3.7/site-packages/airflow/example_dags/example_task_group.py took 0.124 seconds
[2023-07-02T02:14:13.918+0000] {processor.py:157} INFO - Started process (PID=237) to work on /home/airflow/.local/lib/python3.7/site-packages/airflow/example_dags/example_task_group.py
[2023-07-02T02:14:13.921+0000] {processor.py:826} INFO - Processing file /home/airflow/.local/lib/python3.7/site-packages/airflow/example_dags/example_task_group.py for tasks to queue
[2023-07-02T02:14:13.923+0000] {logging_mixin.py:149} INFO - [2023-07-02T02:14:13.922+0000] {dagbag.py:541} INFO - Filling up the DagBag from /home/airflow/.local/lib/python3.7/site-packages/airflow/example_dags/example_task_group.py
[2023-07-02T02:14:13.947+0000] {processor.py:836} INFO - DAG(s) dict_keys(['example_task_group']) retrieved from /home/airflow/.local/lib/python3.7/site-packages/airflow/example_dags/example_task_group.py
[2023-07-02T02:14:14.018+0000] {logging_mixin.py:149} INFO - [2023-07-02T02:14:14.018+0000] {dag.py:2726} INFO - Sync 1 DAGs
[2023-07-02T02:14:14.086+0000] {logging_mixin.py:149} INFO - [2023-07-02T02:14:14.086+0000] {dag.py:3490} INFO - Setting next_dagrun for example_task_group to 2023-07-01T02:14:14.086148+00:00, run_after=2023-07-02T02:14:14.086148+00:00
[2023-07-02T02:14:14.138+0000] {processor.py:179} INFO - Processing /home/airflow/.local/lib/python3.7/site-packages/airflow/example_dags/example_task_group.py took 0.227 seconds
[2023-07-02T02:14:44.708+0000] {processor.py:157} INFO - Started process (PID=295) to work on /home/airflow/.local/lib/python3.7/site-packages/airflow/example_dags/example_task_group.py
[2023-07-02T02:14:44.709+0000] {processor.py:826} INFO - Processing file /home/airflow/.local/lib/python3.7/site-packages/airflow/example_dags/example_task_group.py for tasks to queue
[2023-07-02T02:14:44.710+0000] {logging_mixin.py:149} INFO - [2023-07-02T02:14:44.710+0000] {dagbag.py:541} INFO - Filling up the DagBag from /home/airflow/.local/lib/python3.7/site-packages/airflow/example_dags/example_task_group.py
[2023-07-02T02:14:44.721+0000] {processor.py:836} INFO - DAG(s) dict_keys(['example_task_group']) retrieved from /home/airflow/.local/lib/python3.7/site-packages/airflow/example_dags/example_task_group.py
[2023-07-02T02:14:44.871+0000] {logging_mixin.py:149} INFO - [2023-07-02T02:14:44.871+0000] {dag.py:2726} INFO - Sync 1 DAGs
[2023-07-02T02:14:44.897+0000] {logging_mixin.py:149} INFO - [2023-07-02T02:14:44.897+0000] {dag.py:3490} INFO - Setting next_dagrun for example_task_group to 2023-07-01T02:14:44.897086+00:00, run_after=2023-07-02T02:14:44.897086+00:00
[2023-07-02T02:14:44.923+0000] {processor.py:179} INFO - Processing /home/airflow/.local/lib/python3.7/site-packages/airflow/example_dags/example_task_group.py took 0.220 seconds
[2023-07-02T02:15:15.326+0000] {processor.py:157} INFO - Started process (PID=353) to work on /home/airflow/.local/lib/python3.7/site-packages/airflow/example_dags/example_task_group.py
[2023-07-02T02:15:15.327+0000] {processor.py:826} INFO - Processing file /home/airflow/.local/lib/python3.7/site-packages/airflow/example_dags/example_task_group.py for tasks to queue
[2023-07-02T02:15:15.328+0000] {logging_mixin.py:149} INFO - [2023-07-02T02:15:15.328+0000] {dagbag.py:541} INFO - Filling up the DagBag from /home/airflow/.local/lib/python3.7/site-packages/airflow/example_dags/example_task_group.py
[2023-07-02T02:15:15.339+0000] {processor.py:836} INFO - DAG(s) dict_keys(['example_task_group']) retrieved from /home/airflow/.local/lib/python3.7/site-packages/airflow/example_dags/example_task_group.py
[2023-07-02T02:15:15.372+0000] {logging_mixin.py:149} INFO - [2023-07-02T02:15:15.371+0000] {dag.py:2726} INFO - Sync 1 DAGs
[2023-07-02T02:15:15.404+0000] {logging_mixin.py:149} INFO - [2023-07-02T02:15:15.404+0000] {dag.py:3490} INFO - Setting next_dagrun for example_task_group to 2023-07-01T02:15:15.404114+00:00, run_after=2023-07-02T02:15:15.404114+00:00
[2023-07-02T02:15:15.429+0000] {processor.py:179} INFO - Processing /home/airflow/.local/lib/python3.7/site-packages/airflow/example_dags/example_task_group.py took 0.107 seconds
[2023-07-02T02:15:46.875+0000] {processor.py:157} INFO - Started process (PID=410) to work on /home/airflow/.local/lib/python3.7/site-packages/airflow/example_dags/example_task_group.py
[2023-07-02T02:15:46.877+0000] {processor.py:826} INFO - Processing file /home/airflow/.local/lib/python3.7/site-packages/airflow/example_dags/example_task_group.py for tasks to queue
[2023-07-02T02:15:46.878+0000] {logging_mixin.py:149} INFO - [2023-07-02T02:15:46.878+0000] {dagbag.py:541} INFO - Filling up the DagBag from /home/airflow/.local/lib/python3.7/site-packages/airflow/example_dags/example_task_group.py
[2023-07-02T02:15:46.890+0000] {processor.py:836} INFO - DAG(s) dict_keys(['example_task_group']) retrieved from /home/airflow/.local/lib/python3.7/site-packages/airflow/example_dags/example_task_group.py
[2023-07-02T02:15:47.050+0000] {logging_mixin.py:149} INFO - [2023-07-02T02:15:47.050+0000] {dag.py:2726} INFO - Sync 1 DAGs
[2023-07-02T02:15:47.081+0000] {logging_mixin.py:149} INFO - [2023-07-02T02:15:47.081+0000] {dag.py:3490} INFO - Setting next_dagrun for example_task_group to 2023-07-01T02:15:47.081250+00:00, run_after=2023-07-02T02:15:47.081250+00:00
[2023-07-02T02:15:47.107+0000] {processor.py:179} INFO - Processing /home/airflow/.local/lib/python3.7/site-packages/airflow/example_dags/example_task_group.py took 0.236 seconds
[2023-07-02T02:16:18.151+0000] {processor.py:157} INFO - Started process (PID=468) to work on /home/airflow/.local/lib/python3.7/site-packages/airflow/example_dags/example_task_group.py
[2023-07-02T02:16:18.159+0000] {processor.py:826} INFO - Processing file /home/airflow/.local/lib/python3.7/site-packages/airflow/example_dags/example_task_group.py for tasks to queue
[2023-07-02T02:16:18.178+0000] {logging_mixin.py:149} INFO - [2023-07-02T02:16:18.178+0000] {dagbag.py:541} INFO - Filling up the DagBag from /home/airflow/.local/lib/python3.7/site-packages/airflow/example_dags/example_task_group.py
[2023-07-02T02:16:18.202+0000] {processor.py:836} INFO - DAG(s) dict_keys(['example_task_group']) retrieved from /home/airflow/.local/lib/python3.7/site-packages/airflow/example_dags/example_task_group.py
[2023-07-02T02:16:18.260+0000] {logging_mixin.py:149} INFO - [2023-07-02T02:16:18.259+0000] {dag.py:2726} INFO - Sync 1 DAGs
[2023-07-02T02:16:18.334+0000] {logging_mixin.py:149} INFO - [2023-07-02T02:16:18.334+0000] {dag.py:3490} INFO - Setting next_dagrun for example_task_group to 2023-07-01T02:16:18.333775+00:00, run_after=2023-07-02T02:16:18.333775+00:00
[2023-07-02T02:16:18.370+0000] {processor.py:179} INFO - Processing /home/airflow/.local/lib/python3.7/site-packages/airflow/example_dags/example_task_group.py took 0.230 seconds
[2023-07-02T02:16:49.129+0000] {processor.py:157} INFO - Started process (PID=527) to work on /home/airflow/.local/lib/python3.7/site-packages/airflow/example_dags/example_task_group.py
[2023-07-02T02:16:49.130+0000] {processor.py:826} INFO - Processing file /home/airflow/.local/lib/python3.7/site-packages/airflow/example_dags/example_task_group.py for tasks to queue
[2023-07-02T02:16:49.132+0000] {logging_mixin.py:149} INFO - [2023-07-02T02:16:49.131+0000] {dagbag.py:541} INFO - Filling up the DagBag from /home/airflow/.local/lib/python3.7/site-packages/airflow/example_dags/example_task_group.py
[2023-07-02T02:16:49.148+0000] {processor.py:836} INFO - DAG(s) dict_keys(['example_task_group']) retrieved from /home/airflow/.local/lib/python3.7/site-packages/airflow/example_dags/example_task_group.py
[2023-07-02T02:16:49.194+0000] {logging_mixin.py:149} INFO - [2023-07-02T02:16:49.194+0000] {dag.py:2726} INFO - Sync 1 DAGs
[2023-07-02T02:16:49.245+0000] {logging_mixin.py:149} INFO - [2023-07-02T02:16:49.245+0000] {dag.py:3490} INFO - Setting next_dagrun for example_task_group to 2023-07-01T02:16:49.245240+00:00, run_after=2023-07-02T02:16:49.245240+00:00
[2023-07-02T02:16:49.295+0000] {processor.py:179} INFO - Processing /home/airflow/.local/lib/python3.7/site-packages/airflow/example_dags/example_task_group.py took 0.171 seconds
[2023-07-02T02:17:19.339+0000] {processor.py:157} INFO - Started process (PID=586) to work on /home/airflow/.local/lib/python3.7/site-packages/airflow/example_dags/example_task_group.py
[2023-07-02T02:17:19.340+0000] {processor.py:826} INFO - Processing file /home/airflow/.local/lib/python3.7/site-packages/airflow/example_dags/example_task_group.py for tasks to queue
[2023-07-02T02:17:19.341+0000] {logging_mixin.py:149} INFO - [2023-07-02T02:17:19.341+0000] {dagbag.py:541} INFO - Filling up the DagBag from /home/airflow/.local/lib/python3.7/site-packages/airflow/example_dags/example_task_group.py
[2023-07-02T02:17:19.352+0000] {processor.py:836} INFO - DAG(s) dict_keys(['example_task_group']) retrieved from /home/airflow/.local/lib/python3.7/site-packages/airflow/example_dags/example_task_group.py
[2023-07-02T02:17:19.387+0000] {logging_mixin.py:149} INFO - [2023-07-02T02:17:19.386+0000] {dag.py:2726} INFO - Sync 1 DAGs
[2023-07-02T02:17:19.436+0000] {logging_mixin.py:149} INFO - [2023-07-02T02:17:19.435+0000] {dag.py:3490} INFO - Setting next_dagrun for example_task_group to 2023-07-01T02:17:19.435499+00:00, run_after=2023-07-02T02:17:19.435499+00:00
[2023-07-02T02:17:19.494+0000] {processor.py:179} INFO - Processing /home/airflow/.local/lib/python3.7/site-packages/airflow/example_dags/example_task_group.py took 0.160 seconds
[2023-07-02T02:17:49.944+0000] {processor.py:157} INFO - Started process (PID=645) to work on /home/airflow/.local/lib/python3.7/site-packages/airflow/example_dags/example_task_group.py
[2023-07-02T02:17:49.945+0000] {processor.py:826} INFO - Processing file /home/airflow/.local/lib/python3.7/site-packages/airflow/example_dags/example_task_group.py for tasks to queue
[2023-07-02T02:17:49.947+0000] {logging_mixin.py:149} INFO - [2023-07-02T02:17:49.946+0000] {dagbag.py:541} INFO - Filling up the DagBag from /home/airflow/.local/lib/python3.7/site-packages/airflow/example_dags/example_task_group.py
[2023-07-02T02:17:49.958+0000] {processor.py:836} INFO - DAG(s) dict_keys(['example_task_group']) retrieved from /home/airflow/.local/lib/python3.7/site-packages/airflow/example_dags/example_task_group.py
[2023-07-02T02:17:49.993+0000] {logging_mixin.py:149} INFO - [2023-07-02T02:17:49.993+0000] {dag.py:2726} INFO - Sync 1 DAGs
[2023-07-02T02:17:50.025+0000] {logging_mixin.py:149} INFO - [2023-07-02T02:17:50.025+0000] {dag.py:3490} INFO - Setting next_dagrun for example_task_group to 2023-07-01T02:17:50.025447+00:00, run_after=2023-07-02T02:17:50.025447+00:00
[2023-07-02T02:17:50.053+0000] {processor.py:179} INFO - Processing /home/airflow/.local/lib/python3.7/site-packages/airflow/example_dags/example_task_group.py took 0.114 seconds
[2023-07-02T02:18:20.242+0000] {processor.py:157} INFO - Started process (PID=703) to work on /home/airflow/.local/lib/python3.7/site-packages/airflow/example_dags/example_task_group.py
[2023-07-02T02:18:20.244+0000] {processor.py:826} INFO - Processing file /home/airflow/.local/lib/python3.7/site-packages/airflow/example_dags/example_task_group.py for tasks to queue
[2023-07-02T02:18:20.246+0000] {logging_mixin.py:149} INFO - [2023-07-02T02:18:20.246+0000] {dagbag.py:541} INFO - Filling up the DagBag from /home/airflow/.local/lib/python3.7/site-packages/airflow/example_dags/example_task_group.py
[2023-07-02T02:18:20.260+0000] {processor.py:836} INFO - DAG(s) dict_keys(['example_task_group']) retrieved from /home/airflow/.local/lib/python3.7/site-packages/airflow/example_dags/example_task_group.py
[2023-07-02T02:18:20.318+0000] {logging_mixin.py:149} INFO - [2023-07-02T02:18:20.317+0000] {dag.py:2726} INFO - Sync 1 DAGs
[2023-07-02T02:18:20.391+0000] {logging_mixin.py:149} INFO - [2023-07-02T02:18:20.390+0000] {dag.py:3490} INFO - Setting next_dagrun for example_task_group to 2023-07-01T02:18:20.389397+00:00, run_after=2023-07-02T02:18:20.389397+00:00
[2023-07-02T02:18:20.463+0000] {processor.py:179} INFO - Processing /home/airflow/.local/lib/python3.7/site-packages/airflow/example_dags/example_task_group.py took 0.226 seconds
[2023-07-02T02:18:51.303+0000] {processor.py:157} INFO - Started process (PID=761) to work on /home/airflow/.local/lib/python3.7/site-packages/airflow/example_dags/example_task_group.py
[2023-07-02T02:18:51.304+0000] {processor.py:826} INFO - Processing file /home/airflow/.local/lib/python3.7/site-packages/airflow/example_dags/example_task_group.py for tasks to queue
[2023-07-02T02:18:51.306+0000] {logging_mixin.py:149} INFO - [2023-07-02T02:18:51.305+0000] {dagbag.py:541} INFO - Filling up the DagBag from /home/airflow/.local/lib/python3.7/site-packages/airflow/example_dags/example_task_group.py
[2023-07-02T02:18:51.316+0000] {processor.py:836} INFO - DAG(s) dict_keys(['example_task_group']) retrieved from /home/airflow/.local/lib/python3.7/site-packages/airflow/example_dags/example_task_group.py
[2023-07-02T02:18:51.350+0000] {logging_mixin.py:149} INFO - [2023-07-02T02:18:51.350+0000] {dag.py:2726} INFO - Sync 1 DAGs
[2023-07-02T02:18:51.386+0000] {logging_mixin.py:149} INFO - [2023-07-02T02:18:51.386+0000] {dag.py:3490} INFO - Setting next_dagrun for example_task_group to 2023-07-01T02:18:51.386219+00:00, run_after=2023-07-02T02:18:51.386219+00:00
[2023-07-02T02:18:51.414+0000] {processor.py:179} INFO - Processing /home/airflow/.local/lib/python3.7/site-packages/airflow/example_dags/example_task_group.py took 0.115 seconds
[2023-07-02T02:19:21.552+0000] {processor.py:157} INFO - Started process (PID=818) to work on /home/airflow/.local/lib/python3.7/site-packages/airflow/example_dags/example_task_group.py
[2023-07-02T02:19:21.554+0000] {processor.py:826} INFO - Processing file /home/airflow/.local/lib/python3.7/site-packages/airflow/example_dags/example_task_group.py for tasks to queue
[2023-07-02T02:19:21.555+0000] {logging_mixin.py:149} INFO - [2023-07-02T02:19:21.555+0000] {dagbag.py:541} INFO - Filling up the DagBag from /home/airflow/.local/lib/python3.7/site-packages/airflow/example_dags/example_task_group.py
[2023-07-02T02:19:21.566+0000] {processor.py:836} INFO - DAG(s) dict_keys(['example_task_group']) retrieved from /home/airflow/.local/lib/python3.7/site-packages/airflow/example_dags/example_task_group.py
[2023-07-02T02:19:21.599+0000] {logging_mixin.py:149} INFO - [2023-07-02T02:19:21.599+0000] {dag.py:2726} INFO - Sync 1 DAGs
[2023-07-02T02:19:21.641+0000] {logging_mixin.py:149} INFO - [2023-07-02T02:19:21.641+0000] {dag.py:3490} INFO - Setting next_dagrun for example_task_group to 2023-07-01T02:19:21.640365+00:00, run_after=2023-07-02T02:19:21.640365+00:00
[2023-07-02T02:19:21.672+0000] {processor.py:179} INFO - Processing /home/airflow/.local/lib/python3.7/site-packages/airflow/example_dags/example_task_group.py took 0.124 seconds
[2023-07-02T02:19:51.805+0000] {processor.py:157} INFO - Started process (PID=876) to work on /home/airflow/.local/lib/python3.7/site-packages/airflow/example_dags/example_task_group.py
[2023-07-02T02:19:51.806+0000] {processor.py:826} INFO - Processing file /home/airflow/.local/lib/python3.7/site-packages/airflow/example_dags/example_task_group.py for tasks to queue
[2023-07-02T02:19:51.807+0000] {logging_mixin.py:149} INFO - [2023-07-02T02:19:51.807+0000] {dagbag.py:541} INFO - Filling up the DagBag from /home/airflow/.local/lib/python3.7/site-packages/airflow/example_dags/example_task_group.py
[2023-07-02T02:19:51.818+0000] {processor.py:836} INFO - DAG(s) dict_keys(['example_task_group']) retrieved from /home/airflow/.local/lib/python3.7/site-packages/airflow/example_dags/example_task_group.py
[2023-07-02T02:19:51.852+0000] {logging_mixin.py:149} INFO - [2023-07-02T02:19:51.852+0000] {dag.py:2726} INFO - Sync 1 DAGs
[2023-07-02T02:19:51.898+0000] {logging_mixin.py:149} INFO - [2023-07-02T02:19:51.898+0000] {dag.py:3490} INFO - Setting next_dagrun for example_task_group to 2023-07-01T02:19:51.897949+00:00, run_after=2023-07-02T02:19:51.897949+00:00
[2023-07-02T02:19:51.928+0000] {processor.py:179} INFO - Processing /home/airflow/.local/lib/python3.7/site-packages/airflow/example_dags/example_task_group.py took 0.127 seconds
[2023-07-02T02:20:22.164+0000] {processor.py:157} INFO - Started process (PID=935) to work on /home/airflow/.local/lib/python3.7/site-packages/airflow/example_dags/example_task_group.py
[2023-07-02T02:20:22.165+0000] {processor.py:826} INFO - Processing file /home/airflow/.local/lib/python3.7/site-packages/airflow/example_dags/example_task_group.py for tasks to queue
[2023-07-02T02:20:22.167+0000] {logging_mixin.py:149} INFO - [2023-07-02T02:20:22.166+0000] {dagbag.py:541} INFO - Filling up the DagBag from /home/airflow/.local/lib/python3.7/site-packages/airflow/example_dags/example_task_group.py
[2023-07-02T02:20:22.181+0000] {processor.py:836} INFO - DAG(s) dict_keys(['example_task_group']) retrieved from /home/airflow/.local/lib/python3.7/site-packages/airflow/example_dags/example_task_group.py
[2023-07-02T02:20:22.215+0000] {logging_mixin.py:149} INFO - [2023-07-02T02:20:22.215+0000] {dag.py:2726} INFO - Sync 1 DAGs
[2023-07-02T02:20:22.259+0000] {logging_mixin.py:149} INFO - [2023-07-02T02:20:22.259+0000] {dag.py:3490} INFO - Setting next_dagrun for example_task_group to 2023-07-01T02:20:22.259101+00:00, run_after=2023-07-02T02:20:22.259101+00:00
[2023-07-02T02:20:22.285+0000] {processor.py:179} INFO - Processing /home/airflow/.local/lib/python3.7/site-packages/airflow/example_dags/example_task_group.py took 0.127 seconds
[2023-07-02T02:20:52.636+0000] {processor.py:157} INFO - Started process (PID=993) to work on /home/airflow/.local/lib/python3.7/site-packages/airflow/example_dags/example_task_group.py
[2023-07-02T02:20:52.637+0000] {processor.py:826} INFO - Processing file /home/airflow/.local/lib/python3.7/site-packages/airflow/example_dags/example_task_group.py for tasks to queue
[2023-07-02T02:20:52.638+0000] {logging_mixin.py:149} INFO - [2023-07-02T02:20:52.638+0000] {dagbag.py:541} INFO - Filling up the DagBag from /home/airflow/.local/lib/python3.7/site-packages/airflow/example_dags/example_task_group.py
[2023-07-02T02:20:52.650+0000] {processor.py:836} INFO - DAG(s) dict_keys(['example_task_group']) retrieved from /home/airflow/.local/lib/python3.7/site-packages/airflow/example_dags/example_task_group.py
[2023-07-02T02:20:52.687+0000] {logging_mixin.py:149} INFO - [2023-07-02T02:20:52.686+0000] {dag.py:2726} INFO - Sync 1 DAGs
[2023-07-02T02:20:52.724+0000] {logging_mixin.py:149} INFO - [2023-07-02T02:20:52.724+0000] {dag.py:3490} INFO - Setting next_dagrun for example_task_group to 2023-07-01T02:20:52.724458+00:00, run_after=2023-07-02T02:20:52.724458+00:00
[2023-07-02T02:20:52.751+0000] {processor.py:179} INFO - Processing /home/airflow/.local/lib/python3.7/site-packages/airflow/example_dags/example_task_group.py took 0.120 seconds
[2023-07-02T02:21:22.890+0000] {processor.py:157} INFO - Started process (PID=1051) to work on /home/airflow/.local/lib/python3.7/site-packages/airflow/example_dags/example_task_group.py
[2023-07-02T02:21:22.891+0000] {processor.py:826} INFO - Processing file /home/airflow/.local/lib/python3.7/site-packages/airflow/example_dags/example_task_group.py for tasks to queue
[2023-07-02T02:21:22.893+0000] {logging_mixin.py:149} INFO - [2023-07-02T02:21:22.892+0000] {dagbag.py:541} INFO - Filling up the DagBag from /home/airflow/.local/lib/python3.7/site-packages/airflow/example_dags/example_task_group.py
[2023-07-02T02:21:22.903+0000] {processor.py:836} INFO - DAG(s) dict_keys(['example_task_group']) retrieved from /home/airflow/.local/lib/python3.7/site-packages/airflow/example_dags/example_task_group.py
[2023-07-02T02:21:22.937+0000] {logging_mixin.py:149} INFO - [2023-07-02T02:21:22.937+0000] {dag.py:2726} INFO - Sync 1 DAGs
[2023-07-02T02:21:22.973+0000] {logging_mixin.py:149} INFO - [2023-07-02T02:21:22.973+0000] {dag.py:3490} INFO - Setting next_dagrun for example_task_group to 2023-07-01T02:21:22.973256+00:00, run_after=2023-07-02T02:21:22.973256+00:00
[2023-07-02T02:21:23.007+0000] {processor.py:179} INFO - Processing /home/airflow/.local/lib/python3.7/site-packages/airflow/example_dags/example_task_group.py took 0.121 seconds
