[2023-07-02T01:19:12.575+0000] {processor.py:157} INFO - Started process (PID=48) to work on /home/airflow/.local/lib/python3.7/site-packages/airflow/example_dags/example_time_delta_sensor_async.py
[2023-07-02T01:19:12.585+0000] {processor.py:826} INFO - Processing file /home/airflow/.local/lib/python3.7/site-packages/airflow/example_dags/example_time_delta_sensor_async.py for tasks to queue
[2023-07-02T01:19:12.590+0000] {logging_mixin.py:149} INFO - [2023-07-02T01:19:12.589+0000] {dagbag.py:541} INFO - Filling up the DagBag from /home/airflow/.local/lib/python3.7/site-packages/airflow/example_dags/example_time_delta_sensor_async.py
[2023-07-02T01:19:12.653+0000] {processor.py:836} INFO - DAG(s) dict_keys(['example_time_delta_sensor_async']) retrieved from /home/airflow/.local/lib/python3.7/site-packages/airflow/example_dags/example_time_delta_sensor_async.py
[2023-07-02T01:19:12.935+0000] {logging_mixin.py:149} INFO - [2023-07-02T01:19:12.935+0000] {manager.py:504} INFO - Created Permission View: can delete on DAG:example_time_delta_sensor_async
[2023-07-02T01:19:12.972+0000] {logging_mixin.py:149} INFO - [2023-07-02T01:19:12.972+0000] {manager.py:504} INFO - Created Permission View: can edit on DAG:example_time_delta_sensor_async
[2023-07-02T01:19:12.994+0000] {logging_mixin.py:149} INFO - [2023-07-02T01:19:12.993+0000] {manager.py:504} INFO - Created Permission View: can read on DAG:example_time_delta_sensor_async
[2023-07-02T01:19:13.063+0000] {logging_mixin.py:149} INFO - [2023-07-02T01:19:13.063+0000] {dag.py:2726} INFO - Sync 1 DAGs
[2023-07-02T01:19:13.140+0000] {logging_mixin.py:149} INFO - [2023-07-02T01:19:13.140+0000] {dag.py:2747} INFO - Creating ORM DAG for example_time_delta_sensor_async
[2023-07-02T01:19:13.205+0000] {logging_mixin.py:149} INFO - [2023-07-02T01:19:13.205+0000] {dag.py:3490} INFO - Setting next_dagrun for example_time_delta_sensor_async to None, run_after=None
[2023-07-02T01:19:13.318+0000] {processor.py:179} INFO - Processing /home/airflow/.local/lib/python3.7/site-packages/airflow/example_dags/example_time_delta_sensor_async.py took 0.753 seconds
[2023-07-02T01:19:52.622+0000] {processor.py:157} INFO - Started process (PID=112) to work on /home/airflow/.local/lib/python3.7/site-packages/airflow/example_dags/example_time_delta_sensor_async.py
[2023-07-02T01:19:52.625+0000] {processor.py:826} INFO - Processing file /home/airflow/.local/lib/python3.7/site-packages/airflow/example_dags/example_time_delta_sensor_async.py for tasks to queue
[2023-07-02T01:19:52.628+0000] {logging_mixin.py:149} INFO - [2023-07-02T01:19:52.627+0000] {dagbag.py:541} INFO - Filling up the DagBag from /home/airflow/.local/lib/python3.7/site-packages/airflow/example_dags/example_time_delta_sensor_async.py
[2023-07-02T01:19:52.637+0000] {processor.py:836} INFO - DAG(s) dict_keys(['example_time_delta_sensor_async']) retrieved from /home/airflow/.local/lib/python3.7/site-packages/airflow/example_dags/example_time_delta_sensor_async.py
[2023-07-02T01:19:52.724+0000] {logging_mixin.py:149} INFO - [2023-07-02T01:19:52.723+0000] {dag.py:2726} INFO - Sync 1 DAGs
[2023-07-02T01:19:52.778+0000] {logging_mixin.py:149} INFO - [2023-07-02T01:19:52.778+0000] {dag.py:3490} INFO - Setting next_dagrun for example_time_delta_sensor_async to None, run_after=None
[2023-07-02T01:19:52.819+0000] {processor.py:179} INFO - Processing /home/airflow/.local/lib/python3.7/site-packages/airflow/example_dags/example_time_delta_sensor_async.py took 0.202 seconds
[2023-07-02T01:20:23.426+0000] {processor.py:157} INFO - Started process (PID=170) to work on /home/airflow/.local/lib/python3.7/site-packages/airflow/example_dags/example_time_delta_sensor_async.py
[2023-07-02T01:20:23.429+0000] {processor.py:826} INFO - Processing file /home/airflow/.local/lib/python3.7/site-packages/airflow/example_dags/example_time_delta_sensor_async.py for tasks to queue
[2023-07-02T01:20:23.431+0000] {logging_mixin.py:149} INFO - [2023-07-02T01:20:23.431+0000] {dagbag.py:541} INFO - Filling up the DagBag from /home/airflow/.local/lib/python3.7/site-packages/airflow/example_dags/example_time_delta_sensor_async.py
[2023-07-02T01:20:23.442+0000] {processor.py:836} INFO - DAG(s) dict_keys(['example_time_delta_sensor_async']) retrieved from /home/airflow/.local/lib/python3.7/site-packages/airflow/example_dags/example_time_delta_sensor_async.py
[2023-07-02T01:20:23.501+0000] {logging_mixin.py:149} INFO - [2023-07-02T01:20:23.500+0000] {dag.py:2726} INFO - Sync 1 DAGs
[2023-07-02T01:20:23.560+0000] {logging_mixin.py:149} INFO - [2023-07-02T01:20:23.560+0000] {dag.py:3490} INFO - Setting next_dagrun for example_time_delta_sensor_async to None, run_after=None
[2023-07-02T01:20:23.619+0000] {processor.py:179} INFO - Processing /home/airflow/.local/lib/python3.7/site-packages/airflow/example_dags/example_time_delta_sensor_async.py took 0.202 seconds
[2023-07-02T01:20:54.191+0000] {processor.py:157} INFO - Started process (PID=229) to work on /home/airflow/.local/lib/python3.7/site-packages/airflow/example_dags/example_time_delta_sensor_async.py
[2023-07-02T01:20:54.193+0000] {processor.py:826} INFO - Processing file /home/airflow/.local/lib/python3.7/site-packages/airflow/example_dags/example_time_delta_sensor_async.py for tasks to queue
[2023-07-02T01:20:54.195+0000] {logging_mixin.py:149} INFO - [2023-07-02T01:20:54.194+0000] {dagbag.py:541} INFO - Filling up the DagBag from /home/airflow/.local/lib/python3.7/site-packages/airflow/example_dags/example_time_delta_sensor_async.py
[2023-07-02T01:20:54.204+0000] {processor.py:836} INFO - DAG(s) dict_keys(['example_time_delta_sensor_async']) retrieved from /home/airflow/.local/lib/python3.7/site-packages/airflow/example_dags/example_time_delta_sensor_async.py
[2023-07-02T01:20:54.254+0000] {logging_mixin.py:149} INFO - [2023-07-02T01:20:54.254+0000] {dag.py:2726} INFO - Sync 1 DAGs
[2023-07-02T01:20:54.312+0000] {logging_mixin.py:149} INFO - [2023-07-02T01:20:54.311+0000] {dag.py:3490} INFO - Setting next_dagrun for example_time_delta_sensor_async to None, run_after=None
[2023-07-02T01:20:54.361+0000] {processor.py:179} INFO - Processing /home/airflow/.local/lib/python3.7/site-packages/airflow/example_dags/example_time_delta_sensor_async.py took 0.176 seconds
[2023-07-02T01:21:24.820+0000] {processor.py:157} INFO - Started process (PID=288) to work on /home/airflow/.local/lib/python3.7/site-packages/airflow/example_dags/example_time_delta_sensor_async.py
[2023-07-02T01:21:24.822+0000] {processor.py:826} INFO - Processing file /home/airflow/.local/lib/python3.7/site-packages/airflow/example_dags/example_time_delta_sensor_async.py for tasks to queue
[2023-07-02T01:21:24.823+0000] {logging_mixin.py:149} INFO - [2023-07-02T01:21:24.823+0000] {dagbag.py:541} INFO - Filling up the DagBag from /home/airflow/.local/lib/python3.7/site-packages/airflow/example_dags/example_time_delta_sensor_async.py
[2023-07-02T01:21:24.833+0000] {processor.py:836} INFO - DAG(s) dict_keys(['example_time_delta_sensor_async']) retrieved from /home/airflow/.local/lib/python3.7/site-packages/airflow/example_dags/example_time_delta_sensor_async.py
[2023-07-02T01:21:24.881+0000] {logging_mixin.py:149} INFO - [2023-07-02T01:21:24.881+0000] {dag.py:2726} INFO - Sync 1 DAGs
[2023-07-02T01:21:24.929+0000] {logging_mixin.py:149} INFO - [2023-07-02T01:21:24.929+0000] {dag.py:3490} INFO - Setting next_dagrun for example_time_delta_sensor_async to None, run_after=None
[2023-07-02T01:21:24.962+0000] {processor.py:179} INFO - Processing /home/airflow/.local/lib/python3.7/site-packages/airflow/example_dags/example_time_delta_sensor_async.py took 0.148 seconds
[2023-07-02T01:21:56.097+0000] {processor.py:157} INFO - Started process (PID=345) to work on /home/airflow/.local/lib/python3.7/site-packages/airflow/example_dags/example_time_delta_sensor_async.py
[2023-07-02T01:21:56.100+0000] {processor.py:826} INFO - Processing file /home/airflow/.local/lib/python3.7/site-packages/airflow/example_dags/example_time_delta_sensor_async.py for tasks to queue
[2023-07-02T01:21:56.102+0000] {logging_mixin.py:149} INFO - [2023-07-02T01:21:56.102+0000] {dagbag.py:541} INFO - Filling up the DagBag from /home/airflow/.local/lib/python3.7/site-packages/airflow/example_dags/example_time_delta_sensor_async.py
[2023-07-02T01:21:56.113+0000] {processor.py:836} INFO - DAG(s) dict_keys(['example_time_delta_sensor_async']) retrieved from /home/airflow/.local/lib/python3.7/site-packages/airflow/example_dags/example_time_delta_sensor_async.py
[2023-07-02T01:21:56.163+0000] {logging_mixin.py:149} INFO - [2023-07-02T01:21:56.163+0000] {dag.py:2726} INFO - Sync 1 DAGs
[2023-07-02T01:21:56.214+0000] {logging_mixin.py:149} INFO - [2023-07-02T01:21:56.214+0000] {dag.py:3490} INFO - Setting next_dagrun for example_time_delta_sensor_async to None, run_after=None
[2023-07-02T01:21:56.249+0000] {processor.py:179} INFO - Processing /home/airflow/.local/lib/python3.7/site-packages/airflow/example_dags/example_time_delta_sensor_async.py took 0.159 seconds
[2023-07-02T01:22:26.422+0000] {processor.py:157} INFO - Started process (PID=402) to work on /home/airflow/.local/lib/python3.7/site-packages/airflow/example_dags/example_time_delta_sensor_async.py
[2023-07-02T01:22:26.424+0000] {processor.py:826} INFO - Processing file /home/airflow/.local/lib/python3.7/site-packages/airflow/example_dags/example_time_delta_sensor_async.py for tasks to queue
[2023-07-02T01:22:26.426+0000] {logging_mixin.py:149} INFO - [2023-07-02T01:22:26.425+0000] {dagbag.py:541} INFO - Filling up the DagBag from /home/airflow/.local/lib/python3.7/site-packages/airflow/example_dags/example_time_delta_sensor_async.py
[2023-07-02T01:22:26.436+0000] {processor.py:836} INFO - DAG(s) dict_keys(['example_time_delta_sensor_async']) retrieved from /home/airflow/.local/lib/python3.7/site-packages/airflow/example_dags/example_time_delta_sensor_async.py
[2023-07-02T01:22:26.518+0000] {logging_mixin.py:149} INFO - [2023-07-02T01:22:26.517+0000] {dag.py:2726} INFO - Sync 1 DAGs
[2023-07-02T01:22:26.566+0000] {logging_mixin.py:149} INFO - [2023-07-02T01:22:26.566+0000] {dag.py:3490} INFO - Setting next_dagrun for example_time_delta_sensor_async to None, run_after=None
[2023-07-02T01:22:26.659+0000] {processor.py:179} INFO - Processing /home/airflow/.local/lib/python3.7/site-packages/airflow/example_dags/example_time_delta_sensor_async.py took 0.243 seconds
[2023-07-02T01:22:57.027+0000] {processor.py:157} INFO - Started process (PID=463) to work on /home/airflow/.local/lib/python3.7/site-packages/airflow/example_dags/example_time_delta_sensor_async.py
[2023-07-02T01:22:57.029+0000] {processor.py:826} INFO - Processing file /home/airflow/.local/lib/python3.7/site-packages/airflow/example_dags/example_time_delta_sensor_async.py for tasks to queue
[2023-07-02T01:22:57.030+0000] {logging_mixin.py:149} INFO - [2023-07-02T01:22:57.030+0000] {dagbag.py:541} INFO - Filling up the DagBag from /home/airflow/.local/lib/python3.7/site-packages/airflow/example_dags/example_time_delta_sensor_async.py
[2023-07-02T01:22:57.039+0000] {processor.py:836} INFO - DAG(s) dict_keys(['example_time_delta_sensor_async']) retrieved from /home/airflow/.local/lib/python3.7/site-packages/airflow/example_dags/example_time_delta_sensor_async.py
[2023-07-02T01:22:57.097+0000] {logging_mixin.py:149} INFO - [2023-07-02T01:22:57.097+0000] {dag.py:2726} INFO - Sync 1 DAGs
[2023-07-02T01:22:57.152+0000] {logging_mixin.py:149} INFO - [2023-07-02T01:22:57.152+0000] {dag.py:3490} INFO - Setting next_dagrun for example_time_delta_sensor_async to None, run_after=None
[2023-07-02T01:22:57.205+0000] {processor.py:179} INFO - Processing /home/airflow/.local/lib/python3.7/site-packages/airflow/example_dags/example_time_delta_sensor_async.py took 0.190 seconds
[2023-07-02T01:23:27.992+0000] {processor.py:157} INFO - Started process (PID=523) to work on /home/airflow/.local/lib/python3.7/site-packages/airflow/example_dags/example_time_delta_sensor_async.py
[2023-07-02T01:23:27.994+0000] {processor.py:826} INFO - Processing file /home/airflow/.local/lib/python3.7/site-packages/airflow/example_dags/example_time_delta_sensor_async.py for tasks to queue
[2023-07-02T01:23:27.997+0000] {logging_mixin.py:149} INFO - [2023-07-02T01:23:27.997+0000] {dagbag.py:541} INFO - Filling up the DagBag from /home/airflow/.local/lib/python3.7/site-packages/airflow/example_dags/example_time_delta_sensor_async.py
[2023-07-02T01:23:28.009+0000] {processor.py:836} INFO - DAG(s) dict_keys(['example_time_delta_sensor_async']) retrieved from /home/airflow/.local/lib/python3.7/site-packages/airflow/example_dags/example_time_delta_sensor_async.py
[2023-07-02T01:23:28.084+0000] {logging_mixin.py:149} INFO - [2023-07-02T01:23:28.083+0000] {dag.py:2726} INFO - Sync 1 DAGs
[2023-07-02T01:23:28.162+0000] {logging_mixin.py:149} INFO - [2023-07-02T01:23:28.161+0000] {dag.py:3490} INFO - Setting next_dagrun for example_time_delta_sensor_async to None, run_after=None
[2023-07-02T01:23:28.220+0000] {processor.py:179} INFO - Processing /home/airflow/.local/lib/python3.7/site-packages/airflow/example_dags/example_time_delta_sensor_async.py took 0.236 seconds
[2023-07-02T02:04:19.283+0000] {processor.py:157} INFO - Started process (PID=46) to work on /home/airflow/.local/lib/python3.7/site-packages/airflow/example_dags/example_time_delta_sensor_async.py
[2023-07-02T02:04:19.286+0000] {processor.py:826} INFO - Processing file /home/airflow/.local/lib/python3.7/site-packages/airflow/example_dags/example_time_delta_sensor_async.py for tasks to queue
[2023-07-02T02:04:19.287+0000] {logging_mixin.py:149} INFO - [2023-07-02T02:04:19.287+0000] {dagbag.py:541} INFO - Filling up the DagBag from /home/airflow/.local/lib/python3.7/site-packages/airflow/example_dags/example_time_delta_sensor_async.py
[2023-07-02T02:04:19.298+0000] {processor.py:836} INFO - DAG(s) dict_keys(['example_time_delta_sensor_async']) retrieved from /home/airflow/.local/lib/python3.7/site-packages/airflow/example_dags/example_time_delta_sensor_async.py
[2023-07-02T02:04:19.344+0000] {logging_mixin.py:149} INFO - [2023-07-02T02:04:19.344+0000] {dag.py:2726} INFO - Sync 1 DAGs
[2023-07-02T02:04:19.392+0000] {logging_mixin.py:149} INFO - [2023-07-02T02:04:19.392+0000] {dag.py:3490} INFO - Setting next_dagrun for example_time_delta_sensor_async to None, run_after=None
[2023-07-02T02:04:19.442+0000] {processor.py:179} INFO - Processing /home/airflow/.local/lib/python3.7/site-packages/airflow/example_dags/example_time_delta_sensor_async.py took 0.164 seconds
[2023-07-02T02:04:50.296+0000] {processor.py:157} INFO - Started process (PID=104) to work on /home/airflow/.local/lib/python3.7/site-packages/airflow/example_dags/example_time_delta_sensor_async.py
[2023-07-02T02:04:50.297+0000] {processor.py:826} INFO - Processing file /home/airflow/.local/lib/python3.7/site-packages/airflow/example_dags/example_time_delta_sensor_async.py for tasks to queue
[2023-07-02T02:04:50.298+0000] {logging_mixin.py:149} INFO - [2023-07-02T02:04:50.298+0000] {dagbag.py:541} INFO - Filling up the DagBag from /home/airflow/.local/lib/python3.7/site-packages/airflow/example_dags/example_time_delta_sensor_async.py
[2023-07-02T02:04:50.304+0000] {processor.py:836} INFO - DAG(s) dict_keys(['example_time_delta_sensor_async']) retrieved from /home/airflow/.local/lib/python3.7/site-packages/airflow/example_dags/example_time_delta_sensor_async.py
[2023-07-02T02:04:50.336+0000] {logging_mixin.py:149} INFO - [2023-07-02T02:04:50.336+0000] {dag.py:2726} INFO - Sync 1 DAGs
[2023-07-02T02:04:50.368+0000] {logging_mixin.py:149} INFO - [2023-07-02T02:04:50.368+0000] {dag.py:3490} INFO - Setting next_dagrun for example_time_delta_sensor_async to None, run_after=None
[2023-07-02T02:04:50.393+0000] {processor.py:179} INFO - Processing /home/airflow/.local/lib/python3.7/site-packages/airflow/example_dags/example_time_delta_sensor_async.py took 0.101 seconds
[2023-07-02T02:05:21.108+0000] {processor.py:157} INFO - Started process (PID=161) to work on /home/airflow/.local/lib/python3.7/site-packages/airflow/example_dags/example_time_delta_sensor_async.py
[2023-07-02T02:05:21.111+0000] {processor.py:826} INFO - Processing file /home/airflow/.local/lib/python3.7/site-packages/airflow/example_dags/example_time_delta_sensor_async.py for tasks to queue
[2023-07-02T02:05:21.113+0000] {logging_mixin.py:149} INFO - [2023-07-02T02:05:21.113+0000] {dagbag.py:541} INFO - Filling up the DagBag from /home/airflow/.local/lib/python3.7/site-packages/airflow/example_dags/example_time_delta_sensor_async.py
[2023-07-02T02:05:21.125+0000] {processor.py:836} INFO - DAG(s) dict_keys(['example_time_delta_sensor_async']) retrieved from /home/airflow/.local/lib/python3.7/site-packages/airflow/example_dags/example_time_delta_sensor_async.py
[2023-07-02T02:05:21.207+0000] {logging_mixin.py:149} INFO - [2023-07-02T02:05:21.207+0000] {dag.py:2726} INFO - Sync 1 DAGs
[2023-07-02T02:05:21.286+0000] {logging_mixin.py:149} INFO - [2023-07-02T02:05:21.285+0000] {dag.py:3490} INFO - Setting next_dagrun for example_time_delta_sensor_async to None, run_after=None
[2023-07-02T02:05:21.455+0000] {processor.py:179} INFO - Processing /home/airflow/.local/lib/python3.7/site-packages/airflow/example_dags/example_time_delta_sensor_async.py took 0.355 seconds
[2023-07-02T02:05:52.059+0000] {processor.py:157} INFO - Started process (PID=220) to work on /home/airflow/.local/lib/python3.7/site-packages/airflow/example_dags/example_time_delta_sensor_async.py
[2023-07-02T02:05:52.060+0000] {processor.py:826} INFO - Processing file /home/airflow/.local/lib/python3.7/site-packages/airflow/example_dags/example_time_delta_sensor_async.py for tasks to queue
[2023-07-02T02:05:52.061+0000] {logging_mixin.py:149} INFO - [2023-07-02T02:05:52.061+0000] {dagbag.py:541} INFO - Filling up the DagBag from /home/airflow/.local/lib/python3.7/site-packages/airflow/example_dags/example_time_delta_sensor_async.py
[2023-07-02T02:05:52.066+0000] {processor.py:836} INFO - DAG(s) dict_keys(['example_time_delta_sensor_async']) retrieved from /home/airflow/.local/lib/python3.7/site-packages/airflow/example_dags/example_time_delta_sensor_async.py
[2023-07-02T02:05:52.099+0000] {logging_mixin.py:149} INFO - [2023-07-02T02:05:52.099+0000] {dag.py:2726} INFO - Sync 1 DAGs
[2023-07-02T02:05:52.133+0000] {logging_mixin.py:149} INFO - [2023-07-02T02:05:52.133+0000] {dag.py:3490} INFO - Setting next_dagrun for example_time_delta_sensor_async to None, run_after=None
[2023-07-02T02:05:52.159+0000] {processor.py:179} INFO - Processing /home/airflow/.local/lib/python3.7/site-packages/airflow/example_dags/example_time_delta_sensor_async.py took 0.104 seconds
[2023-07-02T02:06:23.137+0000] {processor.py:157} INFO - Started process (PID=278) to work on /home/airflow/.local/lib/python3.7/site-packages/airflow/example_dags/example_time_delta_sensor_async.py
[2023-07-02T02:06:23.139+0000] {processor.py:826} INFO - Processing file /home/airflow/.local/lib/python3.7/site-packages/airflow/example_dags/example_time_delta_sensor_async.py for tasks to queue
[2023-07-02T02:06:23.140+0000] {logging_mixin.py:149} INFO - [2023-07-02T02:06:23.140+0000] {dagbag.py:541} INFO - Filling up the DagBag from /home/airflow/.local/lib/python3.7/site-packages/airflow/example_dags/example_time_delta_sensor_async.py
[2023-07-02T02:06:23.145+0000] {processor.py:836} INFO - DAG(s) dict_keys(['example_time_delta_sensor_async']) retrieved from /home/airflow/.local/lib/python3.7/site-packages/airflow/example_dags/example_time_delta_sensor_async.py
[2023-07-02T02:06:23.184+0000] {logging_mixin.py:149} INFO - [2023-07-02T02:06:23.184+0000] {dag.py:2726} INFO - Sync 1 DAGs
[2023-07-02T02:06:23.227+0000] {logging_mixin.py:149} INFO - [2023-07-02T02:06:23.227+0000] {dag.py:3490} INFO - Setting next_dagrun for example_time_delta_sensor_async to None, run_after=None
[2023-07-02T02:06:23.258+0000] {processor.py:179} INFO - Processing /home/airflow/.local/lib/python3.7/site-packages/airflow/example_dags/example_time_delta_sensor_async.py took 0.125 seconds
[2023-07-02T02:06:53.290+0000] {processor.py:157} INFO - Started process (PID=335) to work on /home/airflow/.local/lib/python3.7/site-packages/airflow/example_dags/example_time_delta_sensor_async.py
[2023-07-02T02:06:53.292+0000] {processor.py:826} INFO - Processing file /home/airflow/.local/lib/python3.7/site-packages/airflow/example_dags/example_time_delta_sensor_async.py for tasks to queue
[2023-07-02T02:06:53.293+0000] {logging_mixin.py:149} INFO - [2023-07-02T02:06:53.293+0000] {dagbag.py:541} INFO - Filling up the DagBag from /home/airflow/.local/lib/python3.7/site-packages/airflow/example_dags/example_time_delta_sensor_async.py
[2023-07-02T02:06:53.299+0000] {processor.py:836} INFO - DAG(s) dict_keys(['example_time_delta_sensor_async']) retrieved from /home/airflow/.local/lib/python3.7/site-packages/airflow/example_dags/example_time_delta_sensor_async.py
[2023-07-02T02:06:53.335+0000] {logging_mixin.py:149} INFO - [2023-07-02T02:06:53.335+0000] {dag.py:2726} INFO - Sync 1 DAGs
[2023-07-02T02:06:53.365+0000] {logging_mixin.py:149} INFO - [2023-07-02T02:06:53.365+0000] {dag.py:3490} INFO - Setting next_dagrun for example_time_delta_sensor_async to None, run_after=None
[2023-07-02T02:06:53.389+0000] {processor.py:179} INFO - Processing /home/airflow/.local/lib/python3.7/site-packages/airflow/example_dags/example_time_delta_sensor_async.py took 0.103 seconds
[2023-07-02T02:12:39.843+0000] {processor.py:157} INFO - Started process (PID=46) to work on /home/airflow/.local/lib/python3.7/site-packages/airflow/example_dags/example_time_delta_sensor_async.py
[2023-07-02T02:12:39.845+0000] {processor.py:826} INFO - Processing file /home/airflow/.local/lib/python3.7/site-packages/airflow/example_dags/example_time_delta_sensor_async.py for tasks to queue
[2023-07-02T02:12:39.846+0000] {logging_mixin.py:149} INFO - [2023-07-02T02:12:39.846+0000] {dagbag.py:541} INFO - Filling up the DagBag from /home/airflow/.local/lib/python3.7/site-packages/airflow/example_dags/example_time_delta_sensor_async.py
[2023-07-02T02:12:39.857+0000] {processor.py:836} INFO - DAG(s) dict_keys(['example_time_delta_sensor_async']) retrieved from /home/airflow/.local/lib/python3.7/site-packages/airflow/example_dags/example_time_delta_sensor_async.py
[2023-07-02T02:12:39.894+0000] {logging_mixin.py:149} INFO - [2023-07-02T02:12:39.894+0000] {dag.py:2726} INFO - Sync 1 DAGs
[2023-07-02T02:12:40.042+0000] {logging_mixin.py:149} INFO - [2023-07-02T02:12:40.042+0000] {dag.py:3490} INFO - Setting next_dagrun for example_time_delta_sensor_async to None, run_after=None
[2023-07-02T02:12:40.070+0000] {processor.py:179} INFO - Processing /home/airflow/.local/lib/python3.7/site-packages/airflow/example_dags/example_time_delta_sensor_async.py took 0.231 seconds
[2023-07-02T02:13:10.775+0000] {processor.py:157} INFO - Started process (PID=107) to work on /home/airflow/.local/lib/python3.7/site-packages/airflow/example_dags/example_time_delta_sensor_async.py
[2023-07-02T02:13:10.776+0000] {processor.py:826} INFO - Processing file /home/airflow/.local/lib/python3.7/site-packages/airflow/example_dags/example_time_delta_sensor_async.py for tasks to queue
[2023-07-02T02:13:10.778+0000] {logging_mixin.py:149} INFO - [2023-07-02T02:13:10.777+0000] {dagbag.py:541} INFO - Filling up the DagBag from /home/airflow/.local/lib/python3.7/site-packages/airflow/example_dags/example_time_delta_sensor_async.py
[2023-07-02T02:13:10.783+0000] {processor.py:836} INFO - DAG(s) dict_keys(['example_time_delta_sensor_async']) retrieved from /home/airflow/.local/lib/python3.7/site-packages/airflow/example_dags/example_time_delta_sensor_async.py
[2023-07-02T02:13:10.814+0000] {logging_mixin.py:149} INFO - [2023-07-02T02:13:10.814+0000] {dag.py:2726} INFO - Sync 1 DAGs
[2023-07-02T02:13:10.846+0000] {logging_mixin.py:149} INFO - [2023-07-02T02:13:10.846+0000] {dag.py:3490} INFO - Setting next_dagrun for example_time_delta_sensor_async to None, run_after=None
[2023-07-02T02:13:10.871+0000] {processor.py:179} INFO - Processing /home/airflow/.local/lib/python3.7/site-packages/airflow/example_dags/example_time_delta_sensor_async.py took 0.100 seconds
[2023-07-02T02:13:41.058+0000] {processor.py:157} INFO - Started process (PID=165) to work on /home/airflow/.local/lib/python3.7/site-packages/airflow/example_dags/example_time_delta_sensor_async.py
[2023-07-02T02:13:41.060+0000] {processor.py:826} INFO - Processing file /home/airflow/.local/lib/python3.7/site-packages/airflow/example_dags/example_time_delta_sensor_async.py for tasks to queue
[2023-07-02T02:13:41.061+0000] {logging_mixin.py:149} INFO - [2023-07-02T02:13:41.060+0000] {dagbag.py:541} INFO - Filling up the DagBag from /home/airflow/.local/lib/python3.7/site-packages/airflow/example_dags/example_time_delta_sensor_async.py
[2023-07-02T02:13:41.066+0000] {processor.py:836} INFO - DAG(s) dict_keys(['example_time_delta_sensor_async']) retrieved from /home/airflow/.local/lib/python3.7/site-packages/airflow/example_dags/example_time_delta_sensor_async.py
[2023-07-02T02:13:41.100+0000] {logging_mixin.py:149} INFO - [2023-07-02T02:13:41.100+0000] {dag.py:2726} INFO - Sync 1 DAGs
[2023-07-02T02:13:41.138+0000] {logging_mixin.py:149} INFO - [2023-07-02T02:13:41.138+0000] {dag.py:3490} INFO - Setting next_dagrun for example_time_delta_sensor_async to None, run_after=None
[2023-07-02T02:13:41.171+0000] {processor.py:179} INFO - Processing /home/airflow/.local/lib/python3.7/site-packages/airflow/example_dags/example_time_delta_sensor_async.py took 0.116 seconds
[2023-07-02T02:14:11.506+0000] {processor.py:157} INFO - Started process (PID=223) to work on /home/airflow/.local/lib/python3.7/site-packages/airflow/example_dags/example_time_delta_sensor_async.py
[2023-07-02T02:14:11.508+0000] {processor.py:826} INFO - Processing file /home/airflow/.local/lib/python3.7/site-packages/airflow/example_dags/example_time_delta_sensor_async.py for tasks to queue
[2023-07-02T02:14:11.509+0000] {logging_mixin.py:149} INFO - [2023-07-02T02:14:11.509+0000] {dagbag.py:541} INFO - Filling up the DagBag from /home/airflow/.local/lib/python3.7/site-packages/airflow/example_dags/example_time_delta_sensor_async.py
[2023-07-02T02:14:11.514+0000] {processor.py:836} INFO - DAG(s) dict_keys(['example_time_delta_sensor_async']) retrieved from /home/airflow/.local/lib/python3.7/site-packages/airflow/example_dags/example_time_delta_sensor_async.py
[2023-07-02T02:14:11.547+0000] {logging_mixin.py:149} INFO - [2023-07-02T02:14:11.547+0000] {dag.py:2726} INFO - Sync 1 DAGs
[2023-07-02T02:14:11.583+0000] {logging_mixin.py:149} INFO - [2023-07-02T02:14:11.582+0000] {dag.py:3490} INFO - Setting next_dagrun for example_time_delta_sensor_async to None, run_after=None
[2023-07-02T02:14:11.608+0000] {processor.py:179} INFO - Processing /home/airflow/.local/lib/python3.7/site-packages/airflow/example_dags/example_time_delta_sensor_async.py took 0.106 seconds
[2023-07-02T02:14:42.797+0000] {processor.py:157} INFO - Started process (PID=281) to work on /home/airflow/.local/lib/python3.7/site-packages/airflow/example_dags/example_time_delta_sensor_async.py
[2023-07-02T02:14:42.799+0000] {processor.py:826} INFO - Processing file /home/airflow/.local/lib/python3.7/site-packages/airflow/example_dags/example_time_delta_sensor_async.py for tasks to queue
[2023-07-02T02:14:42.801+0000] {logging_mixin.py:149} INFO - [2023-07-02T02:14:42.801+0000] {dagbag.py:541} INFO - Filling up the DagBag from /home/airflow/.local/lib/python3.7/site-packages/airflow/example_dags/example_time_delta_sensor_async.py
[2023-07-02T02:14:42.808+0000] {processor.py:836} INFO - DAG(s) dict_keys(['example_time_delta_sensor_async']) retrieved from /home/airflow/.local/lib/python3.7/site-packages/airflow/example_dags/example_time_delta_sensor_async.py
[2023-07-02T02:14:42.971+0000] {logging_mixin.py:149} INFO - [2023-07-02T02:14:42.971+0000] {dag.py:2726} INFO - Sync 1 DAGs
[2023-07-02T02:14:43.001+0000] {logging_mixin.py:149} INFO - [2023-07-02T02:14:43.000+0000] {dag.py:3490} INFO - Setting next_dagrun for example_time_delta_sensor_async to None, run_after=None
[2023-07-02T02:14:43.024+0000] {processor.py:179} INFO - Processing /home/airflow/.local/lib/python3.7/site-packages/airflow/example_dags/example_time_delta_sensor_async.py took 0.233 seconds
[2023-07-02T02:15:13.271+0000] {processor.py:157} INFO - Started process (PID=339) to work on /home/airflow/.local/lib/python3.7/site-packages/airflow/example_dags/example_time_delta_sensor_async.py
[2023-07-02T02:15:13.272+0000] {processor.py:826} INFO - Processing file /home/airflow/.local/lib/python3.7/site-packages/airflow/example_dags/example_time_delta_sensor_async.py for tasks to queue
[2023-07-02T02:15:13.273+0000] {logging_mixin.py:149} INFO - [2023-07-02T02:15:13.273+0000] {dagbag.py:541} INFO - Filling up the DagBag from /home/airflow/.local/lib/python3.7/site-packages/airflow/example_dags/example_time_delta_sensor_async.py
[2023-07-02T02:15:13.278+0000] {processor.py:836} INFO - DAG(s) dict_keys(['example_time_delta_sensor_async']) retrieved from /home/airflow/.local/lib/python3.7/site-packages/airflow/example_dags/example_time_delta_sensor_async.py
[2023-07-02T02:15:13.310+0000] {logging_mixin.py:149} INFO - [2023-07-02T02:15:13.310+0000] {dag.py:2726} INFO - Sync 1 DAGs
[2023-07-02T02:15:13.344+0000] {logging_mixin.py:149} INFO - [2023-07-02T02:15:13.344+0000] {dag.py:3490} INFO - Setting next_dagrun for example_time_delta_sensor_async to None, run_after=None
[2023-07-02T02:15:13.368+0000] {processor.py:179} INFO - Processing /home/airflow/.local/lib/python3.7/site-packages/airflow/example_dags/example_time_delta_sensor_async.py took 0.102 seconds
[2023-07-02T02:15:44.136+0000] {processor.py:157} INFO - Started process (PID=396) to work on /home/airflow/.local/lib/python3.7/site-packages/airflow/example_dags/example_time_delta_sensor_async.py
[2023-07-02T02:15:44.137+0000] {processor.py:826} INFO - Processing file /home/airflow/.local/lib/python3.7/site-packages/airflow/example_dags/example_time_delta_sensor_async.py for tasks to queue
[2023-07-02T02:15:44.138+0000] {logging_mixin.py:149} INFO - [2023-07-02T02:15:44.138+0000] {dagbag.py:541} INFO - Filling up the DagBag from /home/airflow/.local/lib/python3.7/site-packages/airflow/example_dags/example_time_delta_sensor_async.py
[2023-07-02T02:15:44.144+0000] {processor.py:836} INFO - DAG(s) dict_keys(['example_time_delta_sensor_async']) retrieved from /home/airflow/.local/lib/python3.7/site-packages/airflow/example_dags/example_time_delta_sensor_async.py
[2023-07-02T02:15:44.293+0000] {logging_mixin.py:149} INFO - [2023-07-02T02:15:44.293+0000] {dag.py:2726} INFO - Sync 1 DAGs
[2023-07-02T02:15:44.321+0000] {logging_mixin.py:149} INFO - [2023-07-02T02:15:44.321+0000] {dag.py:3490} INFO - Setting next_dagrun for example_time_delta_sensor_async to None, run_after=None
[2023-07-02T02:15:44.346+0000] {processor.py:179} INFO - Processing /home/airflow/.local/lib/python3.7/site-packages/airflow/example_dags/example_time_delta_sensor_async.py took 0.214 seconds
[2023-07-02T02:16:14.469+0000] {processor.py:157} INFO - Started process (PID=454) to work on /home/airflow/.local/lib/python3.7/site-packages/airflow/example_dags/example_time_delta_sensor_async.py
[2023-07-02T02:16:14.470+0000] {processor.py:826} INFO - Processing file /home/airflow/.local/lib/python3.7/site-packages/airflow/example_dags/example_time_delta_sensor_async.py for tasks to queue
[2023-07-02T02:16:14.471+0000] {logging_mixin.py:149} INFO - [2023-07-02T02:16:14.471+0000] {dagbag.py:541} INFO - Filling up the DagBag from /home/airflow/.local/lib/python3.7/site-packages/airflow/example_dags/example_time_delta_sensor_async.py
[2023-07-02T02:16:14.477+0000] {processor.py:836} INFO - DAG(s) dict_keys(['example_time_delta_sensor_async']) retrieved from /home/airflow/.local/lib/python3.7/site-packages/airflow/example_dags/example_time_delta_sensor_async.py
[2023-07-02T02:16:14.507+0000] {logging_mixin.py:149} INFO - [2023-07-02T02:16:14.507+0000] {dag.py:2726} INFO - Sync 1 DAGs
[2023-07-02T02:16:14.539+0000] {logging_mixin.py:149} INFO - [2023-07-02T02:16:14.539+0000] {dag.py:3490} INFO - Setting next_dagrun for example_time_delta_sensor_async to None, run_after=None
[2023-07-02T02:16:14.563+0000] {processor.py:179} INFO - Processing /home/airflow/.local/lib/python3.7/site-packages/airflow/example_dags/example_time_delta_sensor_async.py took 0.098 seconds
[2023-07-02T02:16:44.813+0000] {processor.py:157} INFO - Started process (PID=513) to work on /home/airflow/.local/lib/python3.7/site-packages/airflow/example_dags/example_time_delta_sensor_async.py
[2023-07-02T02:16:44.815+0000] {processor.py:826} INFO - Processing file /home/airflow/.local/lib/python3.7/site-packages/airflow/example_dags/example_time_delta_sensor_async.py for tasks to queue
[2023-07-02T02:16:44.816+0000] {logging_mixin.py:149} INFO - [2023-07-02T02:16:44.816+0000] {dagbag.py:541} INFO - Filling up the DagBag from /home/airflow/.local/lib/python3.7/site-packages/airflow/example_dags/example_time_delta_sensor_async.py
[2023-07-02T02:16:44.822+0000] {processor.py:836} INFO - DAG(s) dict_keys(['example_time_delta_sensor_async']) retrieved from /home/airflow/.local/lib/python3.7/site-packages/airflow/example_dags/example_time_delta_sensor_async.py
[2023-07-02T02:16:44.873+0000] {logging_mixin.py:149} INFO - [2023-07-02T02:16:44.873+0000] {dag.py:2726} INFO - Sync 1 DAGs
[2023-07-02T02:16:44.915+0000] {logging_mixin.py:149} INFO - [2023-07-02T02:16:44.915+0000] {dag.py:3490} INFO - Setting next_dagrun for example_time_delta_sensor_async to None, run_after=None
[2023-07-02T02:16:44.947+0000] {processor.py:179} INFO - Processing /home/airflow/.local/lib/python3.7/site-packages/airflow/example_dags/example_time_delta_sensor_async.py took 0.139 seconds
[2023-07-02T02:17:15.633+0000] {processor.py:157} INFO - Started process (PID=572) to work on /home/airflow/.local/lib/python3.7/site-packages/airflow/example_dags/example_time_delta_sensor_async.py
[2023-07-02T02:17:15.635+0000] {processor.py:826} INFO - Processing file /home/airflow/.local/lib/python3.7/site-packages/airflow/example_dags/example_time_delta_sensor_async.py for tasks to queue
[2023-07-02T02:17:15.636+0000] {logging_mixin.py:149} INFO - [2023-07-02T02:17:15.636+0000] {dagbag.py:541} INFO - Filling up the DagBag from /home/airflow/.local/lib/python3.7/site-packages/airflow/example_dags/example_time_delta_sensor_async.py
[2023-07-02T02:17:15.644+0000] {processor.py:836} INFO - DAG(s) dict_keys(['example_time_delta_sensor_async']) retrieved from /home/airflow/.local/lib/python3.7/site-packages/airflow/example_dags/example_time_delta_sensor_async.py
[2023-07-02T02:17:15.684+0000] {logging_mixin.py:149} INFO - [2023-07-02T02:17:15.684+0000] {dag.py:2726} INFO - Sync 1 DAGs
[2023-07-02T02:17:15.723+0000] {logging_mixin.py:149} INFO - [2023-07-02T02:17:15.723+0000] {dag.py:3490} INFO - Setting next_dagrun for example_time_delta_sensor_async to None, run_after=None
[2023-07-02T02:17:15.765+0000] {processor.py:179} INFO - Processing /home/airflow/.local/lib/python3.7/site-packages/airflow/example_dags/example_time_delta_sensor_async.py took 0.137 seconds
[2023-07-02T02:17:46.411+0000] {processor.py:157} INFO - Started process (PID=631) to work on /home/airflow/.local/lib/python3.7/site-packages/airflow/example_dags/example_time_delta_sensor_async.py
[2023-07-02T02:17:46.412+0000] {processor.py:826} INFO - Processing file /home/airflow/.local/lib/python3.7/site-packages/airflow/example_dags/example_time_delta_sensor_async.py for tasks to queue
[2023-07-02T02:17:46.413+0000] {logging_mixin.py:149} INFO - [2023-07-02T02:17:46.413+0000] {dagbag.py:541} INFO - Filling up the DagBag from /home/airflow/.local/lib/python3.7/site-packages/airflow/example_dags/example_time_delta_sensor_async.py
[2023-07-02T02:17:46.418+0000] {processor.py:836} INFO - DAG(s) dict_keys(['example_time_delta_sensor_async']) retrieved from /home/airflow/.local/lib/python3.7/site-packages/airflow/example_dags/example_time_delta_sensor_async.py
[2023-07-02T02:17:46.448+0000] {logging_mixin.py:149} INFO - [2023-07-02T02:17:46.448+0000] {dag.py:2726} INFO - Sync 1 DAGs
[2023-07-02T02:17:46.481+0000] {logging_mixin.py:149} INFO - [2023-07-02T02:17:46.480+0000] {dag.py:3490} INFO - Setting next_dagrun for example_time_delta_sensor_async to None, run_after=None
[2023-07-02T02:17:46.506+0000] {processor.py:179} INFO - Processing /home/airflow/.local/lib/python3.7/site-packages/airflow/example_dags/example_time_delta_sensor_async.py took 0.100 seconds
[2023-07-02T02:18:16.949+0000] {processor.py:157} INFO - Started process (PID=689) to work on /home/airflow/.local/lib/python3.7/site-packages/airflow/example_dags/example_time_delta_sensor_async.py
[2023-07-02T02:18:16.950+0000] {processor.py:826} INFO - Processing file /home/airflow/.local/lib/python3.7/site-packages/airflow/example_dags/example_time_delta_sensor_async.py for tasks to queue
[2023-07-02T02:18:16.951+0000] {logging_mixin.py:149} INFO - [2023-07-02T02:18:16.951+0000] {dagbag.py:541} INFO - Filling up the DagBag from /home/airflow/.local/lib/python3.7/site-packages/airflow/example_dags/example_time_delta_sensor_async.py
[2023-07-02T02:18:16.957+0000] {processor.py:836} INFO - DAG(s) dict_keys(['example_time_delta_sensor_async']) retrieved from /home/airflow/.local/lib/python3.7/site-packages/airflow/example_dags/example_time_delta_sensor_async.py
[2023-07-02T02:18:16.989+0000] {logging_mixin.py:149} INFO - [2023-07-02T02:18:16.989+0000] {dag.py:2726} INFO - Sync 1 DAGs
[2023-07-02T02:18:17.022+0000] {logging_mixin.py:149} INFO - [2023-07-02T02:18:17.022+0000] {dag.py:3490} INFO - Setting next_dagrun for example_time_delta_sensor_async to None, run_after=None
[2023-07-02T02:18:17.047+0000] {processor.py:179} INFO - Processing /home/airflow/.local/lib/python3.7/site-packages/airflow/example_dags/example_time_delta_sensor_async.py took 0.102 seconds
[2023-07-02T02:18:47.224+0000] {processor.py:157} INFO - Started process (PID=747) to work on /home/airflow/.local/lib/python3.7/site-packages/airflow/example_dags/example_time_delta_sensor_async.py
[2023-07-02T02:18:47.225+0000] {processor.py:826} INFO - Processing file /home/airflow/.local/lib/python3.7/site-packages/airflow/example_dags/example_time_delta_sensor_async.py for tasks to queue
[2023-07-02T02:18:47.226+0000] {logging_mixin.py:149} INFO - [2023-07-02T02:18:47.226+0000] {dagbag.py:541} INFO - Filling up the DagBag from /home/airflow/.local/lib/python3.7/site-packages/airflow/example_dags/example_time_delta_sensor_async.py
[2023-07-02T02:18:47.231+0000] {processor.py:836} INFO - DAG(s) dict_keys(['example_time_delta_sensor_async']) retrieved from /home/airflow/.local/lib/python3.7/site-packages/airflow/example_dags/example_time_delta_sensor_async.py
[2023-07-02T02:18:47.264+0000] {logging_mixin.py:149} INFO - [2023-07-02T02:18:47.264+0000] {dag.py:2726} INFO - Sync 1 DAGs
[2023-07-02T02:18:47.293+0000] {logging_mixin.py:149} INFO - [2023-07-02T02:18:47.293+0000] {dag.py:3490} INFO - Setting next_dagrun for example_time_delta_sensor_async to None, run_after=None
[2023-07-02T02:18:47.313+0000] {processor.py:179} INFO - Processing /home/airflow/.local/lib/python3.7/site-packages/airflow/example_dags/example_time_delta_sensor_async.py took 0.094 seconds
[2023-07-02T02:19:17.433+0000] {processor.py:157} INFO - Started process (PID=803) to work on /home/airflow/.local/lib/python3.7/site-packages/airflow/example_dags/example_time_delta_sensor_async.py
[2023-07-02T02:19:17.434+0000] {processor.py:826} INFO - Processing file /home/airflow/.local/lib/python3.7/site-packages/airflow/example_dags/example_time_delta_sensor_async.py for tasks to queue
[2023-07-02T02:19:17.436+0000] {logging_mixin.py:149} INFO - [2023-07-02T02:19:17.435+0000] {dagbag.py:541} INFO - Filling up the DagBag from /home/airflow/.local/lib/python3.7/site-packages/airflow/example_dags/example_time_delta_sensor_async.py
[2023-07-02T02:19:17.441+0000] {processor.py:836} INFO - DAG(s) dict_keys(['example_time_delta_sensor_async']) retrieved from /home/airflow/.local/lib/python3.7/site-packages/airflow/example_dags/example_time_delta_sensor_async.py
[2023-07-02T02:19:17.472+0000] {logging_mixin.py:149} INFO - [2023-07-02T02:19:17.471+0000] {dag.py:2726} INFO - Sync 1 DAGs
[2023-07-02T02:19:17.503+0000] {logging_mixin.py:149} INFO - [2023-07-02T02:19:17.503+0000] {dag.py:3490} INFO - Setting next_dagrun for example_time_delta_sensor_async to None, run_after=None
[2023-07-02T02:19:17.527+0000] {processor.py:179} INFO - Processing /home/airflow/.local/lib/python3.7/site-packages/airflow/example_dags/example_time_delta_sensor_async.py took 0.098 seconds
[2023-07-02T02:19:47.672+0000] {processor.py:157} INFO - Started process (PID=861) to work on /home/airflow/.local/lib/python3.7/site-packages/airflow/example_dags/example_time_delta_sensor_async.py
[2023-07-02T02:19:47.673+0000] {processor.py:826} INFO - Processing file /home/airflow/.local/lib/python3.7/site-packages/airflow/example_dags/example_time_delta_sensor_async.py for tasks to queue
[2023-07-02T02:19:47.674+0000] {logging_mixin.py:149} INFO - [2023-07-02T02:19:47.674+0000] {dagbag.py:541} INFO - Filling up the DagBag from /home/airflow/.local/lib/python3.7/site-packages/airflow/example_dags/example_time_delta_sensor_async.py
[2023-07-02T02:19:47.680+0000] {processor.py:836} INFO - DAG(s) dict_keys(['example_time_delta_sensor_async']) retrieved from /home/airflow/.local/lib/python3.7/site-packages/airflow/example_dags/example_time_delta_sensor_async.py
[2023-07-02T02:19:47.717+0000] {logging_mixin.py:149} INFO - [2023-07-02T02:19:47.717+0000] {dag.py:2726} INFO - Sync 1 DAGs
[2023-07-02T02:19:47.752+0000] {logging_mixin.py:149} INFO - [2023-07-02T02:19:47.752+0000] {dag.py:3490} INFO - Setting next_dagrun for example_time_delta_sensor_async to None, run_after=None
[2023-07-02T02:19:47.786+0000] {processor.py:179} INFO - Processing /home/airflow/.local/lib/python3.7/site-packages/airflow/example_dags/example_time_delta_sensor_async.py took 0.118 seconds
[2023-07-02T02:20:18.080+0000] {processor.py:157} INFO - Started process (PID=920) to work on /home/airflow/.local/lib/python3.7/site-packages/airflow/example_dags/example_time_delta_sensor_async.py
[2023-07-02T02:20:18.082+0000] {processor.py:826} INFO - Processing file /home/airflow/.local/lib/python3.7/site-packages/airflow/example_dags/example_time_delta_sensor_async.py for tasks to queue
[2023-07-02T02:20:18.084+0000] {logging_mixin.py:149} INFO - [2023-07-02T02:20:18.083+0000] {dagbag.py:541} INFO - Filling up the DagBag from /home/airflow/.local/lib/python3.7/site-packages/airflow/example_dags/example_time_delta_sensor_async.py
[2023-07-02T02:20:18.091+0000] {processor.py:836} INFO - DAG(s) dict_keys(['example_time_delta_sensor_async']) retrieved from /home/airflow/.local/lib/python3.7/site-packages/airflow/example_dags/example_time_delta_sensor_async.py
[2023-07-02T02:20:18.123+0000] {logging_mixin.py:149} INFO - [2023-07-02T02:20:18.123+0000] {dag.py:2726} INFO - Sync 1 DAGs
[2023-07-02T02:20:18.157+0000] {logging_mixin.py:149} INFO - [2023-07-02T02:20:18.157+0000] {dag.py:3490} INFO - Setting next_dagrun for example_time_delta_sensor_async to None, run_after=None
[2023-07-02T02:20:18.181+0000] {processor.py:179} INFO - Processing /home/airflow/.local/lib/python3.7/site-packages/airflow/example_dags/example_time_delta_sensor_async.py took 0.105 seconds
[2023-07-02T02:20:48.474+0000] {processor.py:157} INFO - Started process (PID=978) to work on /home/airflow/.local/lib/python3.7/site-packages/airflow/example_dags/example_time_delta_sensor_async.py
[2023-07-02T02:20:48.476+0000] {processor.py:826} INFO - Processing file /home/airflow/.local/lib/python3.7/site-packages/airflow/example_dags/example_time_delta_sensor_async.py for tasks to queue
[2023-07-02T02:20:48.484+0000] {logging_mixin.py:149} INFO - [2023-07-02T02:20:48.484+0000] {dagbag.py:541} INFO - Filling up the DagBag from /home/airflow/.local/lib/python3.7/site-packages/airflow/example_dags/example_time_delta_sensor_async.py
[2023-07-02T02:20:48.490+0000] {processor.py:836} INFO - DAG(s) dict_keys(['example_time_delta_sensor_async']) retrieved from /home/airflow/.local/lib/python3.7/site-packages/airflow/example_dags/example_time_delta_sensor_async.py
[2023-07-02T02:20:48.522+0000] {logging_mixin.py:149} INFO - [2023-07-02T02:20:48.522+0000] {dag.py:2726} INFO - Sync 1 DAGs
[2023-07-02T02:20:48.554+0000] {logging_mixin.py:149} INFO - [2023-07-02T02:20:48.554+0000] {dag.py:3490} INFO - Setting next_dagrun for example_time_delta_sensor_async to None, run_after=None
[2023-07-02T02:20:48.578+0000] {processor.py:179} INFO - Processing /home/airflow/.local/lib/python3.7/site-packages/airflow/example_dags/example_time_delta_sensor_async.py took 0.109 seconds
[2023-07-02T02:21:18.780+0000] {processor.py:157} INFO - Started process (PID=1036) to work on /home/airflow/.local/lib/python3.7/site-packages/airflow/example_dags/example_time_delta_sensor_async.py
[2023-07-02T02:21:18.781+0000] {processor.py:826} INFO - Processing file /home/airflow/.local/lib/python3.7/site-packages/airflow/example_dags/example_time_delta_sensor_async.py for tasks to queue
[2023-07-02T02:21:18.782+0000] {logging_mixin.py:149} INFO - [2023-07-02T02:21:18.782+0000] {dagbag.py:541} INFO - Filling up the DagBag from /home/airflow/.local/lib/python3.7/site-packages/airflow/example_dags/example_time_delta_sensor_async.py
[2023-07-02T02:21:18.788+0000] {processor.py:836} INFO - DAG(s) dict_keys(['example_time_delta_sensor_async']) retrieved from /home/airflow/.local/lib/python3.7/site-packages/airflow/example_dags/example_time_delta_sensor_async.py
[2023-07-02T02:21:18.818+0000] {logging_mixin.py:149} INFO - [2023-07-02T02:21:18.818+0000] {dag.py:2726} INFO - Sync 1 DAGs
[2023-07-02T02:21:18.848+0000] {logging_mixin.py:149} INFO - [2023-07-02T02:21:18.847+0000] {dag.py:3490} INFO - Setting next_dagrun for example_time_delta_sensor_async to None, run_after=None
[2023-07-02T02:21:18.869+0000] {processor.py:179} INFO - Processing /home/airflow/.local/lib/python3.7/site-packages/airflow/example_dags/example_time_delta_sensor_async.py took 0.094 seconds
