[2023-07-02T01:19:25.429+0000] {processor.py:157} INFO - Started process (PID=81) to work on /home/airflow/.local/lib/python3.7/site-packages/airflow/example_dags/example_dag_decorator.py
[2023-07-02T01:19:25.432+0000] {processor.py:826} INFO - Processing file /home/airflow/.local/lib/python3.7/site-packages/airflow/example_dags/example_dag_decorator.py for tasks to queue
[2023-07-02T01:19:25.433+0000] {logging_mixin.py:149} INFO - [2023-07-02T01:19:25.433+0000] {dagbag.py:541} INFO - Filling up the DagBag from /home/airflow/.local/lib/python3.7/site-packages/airflow/example_dags/example_dag_decorator.py
[2023-07-02T01:19:25.493+0000] {processor.py:836} INFO - DAG(s) dict_keys(['example_dag_decorator']) retrieved from /home/airflow/.local/lib/python3.7/site-packages/airflow/example_dags/example_dag_decorator.py
[2023-07-02T01:19:25.921+0000] {logging_mixin.py:149} INFO - [2023-07-02T01:19:25.921+0000] {manager.py:504} INFO - Created Permission View: can delete on DAG:example_dag_decorator
[2023-07-02T01:19:25.986+0000] {logging_mixin.py:149} INFO - [2023-07-02T01:19:25.985+0000] {manager.py:504} INFO - Created Permission View: can edit on DAG:example_dag_decorator
[2023-07-02T01:19:26.030+0000] {logging_mixin.py:149} INFO - [2023-07-02T01:19:26.030+0000] {manager.py:504} INFO - Created Permission View: can read on DAG:example_dag_decorator
[2023-07-02T01:19:26.057+0000] {logging_mixin.py:149} INFO - [2023-07-02T01:19:26.057+0000] {dag.py:2726} INFO - Sync 1 DAGs
[2023-07-02T01:19:26.085+0000] {logging_mixin.py:149} INFO - [2023-07-02T01:19:26.085+0000] {dag.py:2747} INFO - Creating ORM DAG for example_dag_decorator
[2023-07-02T01:19:26.108+0000] {logging_mixin.py:149} INFO - [2023-07-02T01:19:26.107+0000] {dag.py:3490} INFO - Setting next_dagrun for example_dag_decorator to None, run_after=None
[2023-07-02T01:19:26.187+0000] {processor.py:179} INFO - Processing /home/airflow/.local/lib/python3.7/site-packages/airflow/example_dags/example_dag_decorator.py took 0.763 seconds
[2023-07-02T01:19:57.752+0000] {processor.py:157} INFO - Started process (PID=138) to work on /home/airflow/.local/lib/python3.7/site-packages/airflow/example_dags/example_dag_decorator.py
[2023-07-02T01:19:57.755+0000] {processor.py:826} INFO - Processing file /home/airflow/.local/lib/python3.7/site-packages/airflow/example_dags/example_dag_decorator.py for tasks to queue
[2023-07-02T01:19:57.756+0000] {logging_mixin.py:149} INFO - [2023-07-02T01:19:57.756+0000] {dagbag.py:541} INFO - Filling up the DagBag from /home/airflow/.local/lib/python3.7/site-packages/airflow/example_dags/example_dag_decorator.py
[2023-07-02T01:19:57.792+0000] {processor.py:836} INFO - DAG(s) dict_keys(['example_dag_decorator']) retrieved from /home/airflow/.local/lib/python3.7/site-packages/airflow/example_dags/example_dag_decorator.py
[2023-07-02T01:19:58.590+0000] {logging_mixin.py:149} INFO - [2023-07-02T01:19:58.590+0000] {dag.py:2726} INFO - Sync 1 DAGs
[2023-07-02T01:19:58.637+0000] {logging_mixin.py:149} INFO - [2023-07-02T01:19:58.637+0000] {dag.py:3490} INFO - Setting next_dagrun for example_dag_decorator to None, run_after=None
[2023-07-02T01:19:58.687+0000] {processor.py:179} INFO - Processing /home/airflow/.local/lib/python3.7/site-packages/airflow/example_dags/example_dag_decorator.py took 0.941 seconds
[2023-07-02T01:20:29.181+0000] {processor.py:157} INFO - Started process (PID=199) to work on /home/airflow/.local/lib/python3.7/site-packages/airflow/example_dags/example_dag_decorator.py
[2023-07-02T01:20:29.183+0000] {processor.py:826} INFO - Processing file /home/airflow/.local/lib/python3.7/site-packages/airflow/example_dags/example_dag_decorator.py for tasks to queue
[2023-07-02T01:20:29.185+0000] {logging_mixin.py:149} INFO - [2023-07-02T01:20:29.184+0000] {dagbag.py:541} INFO - Filling up the DagBag from /home/airflow/.local/lib/python3.7/site-packages/airflow/example_dags/example_dag_decorator.py
[2023-07-02T01:20:29.216+0000] {processor.py:836} INFO - DAG(s) dict_keys(['example_dag_decorator']) retrieved from /home/airflow/.local/lib/python3.7/site-packages/airflow/example_dags/example_dag_decorator.py
[2023-07-02T01:20:29.770+0000] {logging_mixin.py:149} INFO - [2023-07-02T01:20:29.769+0000] {dag.py:2726} INFO - Sync 1 DAGs
[2023-07-02T01:20:29.814+0000] {logging_mixin.py:149} INFO - [2023-07-02T01:20:29.814+0000] {dag.py:3490} INFO - Setting next_dagrun for example_dag_decorator to None, run_after=None
[2023-07-02T01:20:29.863+0000] {processor.py:179} INFO - Processing /home/airflow/.local/lib/python3.7/site-packages/airflow/example_dags/example_dag_decorator.py took 0.730 seconds
[2023-07-02T01:21:00.196+0000] {processor.py:157} INFO - Started process (PID=255) to work on /home/airflow/.local/lib/python3.7/site-packages/airflow/example_dags/example_dag_decorator.py
[2023-07-02T01:21:00.198+0000] {processor.py:826} INFO - Processing file /home/airflow/.local/lib/python3.7/site-packages/airflow/example_dags/example_dag_decorator.py for tasks to queue
[2023-07-02T01:21:00.200+0000] {logging_mixin.py:149} INFO - [2023-07-02T01:21:00.199+0000] {dagbag.py:541} INFO - Filling up the DagBag from /home/airflow/.local/lib/python3.7/site-packages/airflow/example_dags/example_dag_decorator.py
[2023-07-02T01:21:00.229+0000] {processor.py:836} INFO - DAG(s) dict_keys(['example_dag_decorator']) retrieved from /home/airflow/.local/lib/python3.7/site-packages/airflow/example_dags/example_dag_decorator.py
[2023-07-02T01:21:00.547+0000] {logging_mixin.py:149} INFO - [2023-07-02T01:21:00.546+0000] {dag.py:2726} INFO - Sync 1 DAGs
[2023-07-02T01:21:00.589+0000] {logging_mixin.py:149} INFO - [2023-07-02T01:21:00.589+0000] {dag.py:3490} INFO - Setting next_dagrun for example_dag_decorator to None, run_after=None
[2023-07-02T01:21:00.627+0000] {processor.py:179} INFO - Processing /home/airflow/.local/lib/python3.7/site-packages/airflow/example_dags/example_dag_decorator.py took 0.438 seconds
[2023-07-02T01:21:32.563+0000] {processor.py:157} INFO - Started process (PID=314) to work on /home/airflow/.local/lib/python3.7/site-packages/airflow/example_dags/example_dag_decorator.py
[2023-07-02T01:21:32.565+0000] {processor.py:826} INFO - Processing file /home/airflow/.local/lib/python3.7/site-packages/airflow/example_dags/example_dag_decorator.py for tasks to queue
[2023-07-02T01:21:32.567+0000] {logging_mixin.py:149} INFO - [2023-07-02T01:21:32.567+0000] {dagbag.py:541} INFO - Filling up the DagBag from /home/airflow/.local/lib/python3.7/site-packages/airflow/example_dags/example_dag_decorator.py
[2023-07-02T01:21:32.601+0000] {processor.py:836} INFO - DAG(s) dict_keys(['example_dag_decorator']) retrieved from /home/airflow/.local/lib/python3.7/site-packages/airflow/example_dags/example_dag_decorator.py
[2023-07-02T01:21:33.176+0000] {logging_mixin.py:149} INFO - [2023-07-02T01:21:33.176+0000] {dag.py:2726} INFO - Sync 1 DAGs
[2023-07-02T01:21:33.224+0000] {logging_mixin.py:149} INFO - [2023-07-02T01:21:33.224+0000] {dag.py:3490} INFO - Setting next_dagrun for example_dag_decorator to None, run_after=None
[2023-07-02T01:21:33.265+0000] {processor.py:179} INFO - Processing /home/airflow/.local/lib/python3.7/site-packages/airflow/example_dags/example_dag_decorator.py took 0.714 seconds
[2023-07-02T01:22:04.657+0000] {processor.py:157} INFO - Started process (PID=374) to work on /home/airflow/.local/lib/python3.7/site-packages/airflow/example_dags/example_dag_decorator.py
[2023-07-02T01:22:04.658+0000] {processor.py:826} INFO - Processing file /home/airflow/.local/lib/python3.7/site-packages/airflow/example_dags/example_dag_decorator.py for tasks to queue
[2023-07-02T01:22:04.661+0000] {logging_mixin.py:149} INFO - [2023-07-02T01:22:04.660+0000] {dagbag.py:541} INFO - Filling up the DagBag from /home/airflow/.local/lib/python3.7/site-packages/airflow/example_dags/example_dag_decorator.py
[2023-07-02T01:22:04.695+0000] {processor.py:836} INFO - DAG(s) dict_keys(['example_dag_decorator']) retrieved from /home/airflow/.local/lib/python3.7/site-packages/airflow/example_dags/example_dag_decorator.py
[2023-07-02T01:22:05.234+0000] {logging_mixin.py:149} INFO - [2023-07-02T01:22:05.233+0000] {dag.py:2726} INFO - Sync 1 DAGs
[2023-07-02T01:22:05.309+0000] {logging_mixin.py:149} INFO - [2023-07-02T01:22:05.308+0000] {dag.py:3490} INFO - Setting next_dagrun for example_dag_decorator to None, run_after=None
[2023-07-02T01:22:05.398+0000] {processor.py:179} INFO - Processing /home/airflow/.local/lib/python3.7/site-packages/airflow/example_dags/example_dag_decorator.py took 0.748 seconds
[2023-07-02T01:22:36.334+0000] {processor.py:157} INFO - Started process (PID=432) to work on /home/airflow/.local/lib/python3.7/site-packages/airflow/example_dags/example_dag_decorator.py
[2023-07-02T01:22:36.336+0000] {processor.py:826} INFO - Processing file /home/airflow/.local/lib/python3.7/site-packages/airflow/example_dags/example_dag_decorator.py for tasks to queue
[2023-07-02T01:22:36.338+0000] {logging_mixin.py:149} INFO - [2023-07-02T01:22:36.338+0000] {dagbag.py:541} INFO - Filling up the DagBag from /home/airflow/.local/lib/python3.7/site-packages/airflow/example_dags/example_dag_decorator.py
[2023-07-02T01:22:36.370+0000] {processor.py:836} INFO - DAG(s) dict_keys(['example_dag_decorator']) retrieved from /home/airflow/.local/lib/python3.7/site-packages/airflow/example_dags/example_dag_decorator.py
[2023-07-02T01:22:36.907+0000] {logging_mixin.py:149} INFO - [2023-07-02T01:22:36.906+0000] {dag.py:2726} INFO - Sync 1 DAGs
[2023-07-02T01:22:36.975+0000] {logging_mixin.py:149} INFO - [2023-07-02T01:22:36.975+0000] {dag.py:3490} INFO - Setting next_dagrun for example_dag_decorator to None, run_after=None
[2023-07-02T01:22:37.031+0000] {processor.py:179} INFO - Processing /home/airflow/.local/lib/python3.7/site-packages/airflow/example_dags/example_dag_decorator.py took 0.703 seconds
[2023-07-02T01:23:08.762+0000] {processor.py:157} INFO - Started process (PID=493) to work on /home/airflow/.local/lib/python3.7/site-packages/airflow/example_dags/example_dag_decorator.py
[2023-07-02T01:23:08.764+0000] {processor.py:826} INFO - Processing file /home/airflow/.local/lib/python3.7/site-packages/airflow/example_dags/example_dag_decorator.py for tasks to queue
[2023-07-02T01:23:08.766+0000] {logging_mixin.py:149} INFO - [2023-07-02T01:23:08.766+0000] {dagbag.py:541} INFO - Filling up the DagBag from /home/airflow/.local/lib/python3.7/site-packages/airflow/example_dags/example_dag_decorator.py
[2023-07-02T01:23:09.649+0000] {processor.py:836} INFO - DAG(s) dict_keys(['example_dag_decorator']) retrieved from /home/airflow/.local/lib/python3.7/site-packages/airflow/example_dags/example_dag_decorator.py
[2023-07-02T01:23:14.435+0000] {logging_mixin.py:149} INFO - [2023-07-02T01:23:14.434+0000] {dag.py:2726} INFO - Sync 1 DAGs
[2023-07-02T01:23:14.535+0000] {logging_mixin.py:149} INFO - [2023-07-02T01:23:14.535+0000] {dag.py:3490} INFO - Setting next_dagrun for example_dag_decorator to None, run_after=None
[2023-07-02T01:23:14.598+0000] {processor.py:179} INFO - Processing /home/airflow/.local/lib/python3.7/site-packages/airflow/example_dags/example_dag_decorator.py took 5.843 seconds
[2023-07-02T01:23:54.313+0000] {processor.py:157} INFO - Started process (PID=562) to work on /home/airflow/.local/lib/python3.7/site-packages/airflow/example_dags/example_dag_decorator.py
[2023-07-02T01:23:54.315+0000] {processor.py:826} INFO - Processing file /home/airflow/.local/lib/python3.7/site-packages/airflow/example_dags/example_dag_decorator.py for tasks to queue
[2023-07-02T01:23:54.317+0000] {logging_mixin.py:149} INFO - [2023-07-02T01:23:54.316+0000] {dagbag.py:541} INFO - Filling up the DagBag from /home/airflow/.local/lib/python3.7/site-packages/airflow/example_dags/example_dag_decorator.py
[2023-07-02T01:23:54.401+0000] {processor.py:836} INFO - DAG(s) dict_keys(['example_dag_decorator']) retrieved from /home/airflow/.local/lib/python3.7/site-packages/airflow/example_dags/example_dag_decorator.py
[2023-07-02T01:23:54.491+0000] {logging_mixin.py:149} INFO - [2023-07-02T01:23:54.491+0000] {dag.py:2726} INFO - Sync 1 DAGs
[2023-07-02T01:23:54.545+0000] {logging_mixin.py:149} INFO - [2023-07-02T01:23:54.545+0000] {dag.py:3490} INFO - Setting next_dagrun for example_dag_decorator to None, run_after=None
[2023-07-02T01:23:54.610+0000] {processor.py:179} INFO - Processing /home/airflow/.local/lib/python3.7/site-packages/airflow/example_dags/example_dag_decorator.py took 0.304 seconds
[2023-07-02T02:04:23.762+0000] {processor.py:157} INFO - Started process (PID=72) to work on /home/airflow/.local/lib/python3.7/site-packages/airflow/example_dags/example_dag_decorator.py
[2023-07-02T02:04:23.764+0000] {processor.py:826} INFO - Processing file /home/airflow/.local/lib/python3.7/site-packages/airflow/example_dags/example_dag_decorator.py for tasks to queue
[2023-07-02T02:04:23.765+0000] {logging_mixin.py:149} INFO - [2023-07-02T02:04:23.765+0000] {dagbag.py:541} INFO - Filling up the DagBag from /home/airflow/.local/lib/python3.7/site-packages/airflow/example_dags/example_dag_decorator.py
[2023-07-02T02:04:23.788+0000] {processor.py:836} INFO - DAG(s) dict_keys(['example_dag_decorator']) retrieved from /home/airflow/.local/lib/python3.7/site-packages/airflow/example_dags/example_dag_decorator.py
[2023-07-02T02:04:24.021+0000] {logging_mixin.py:149} INFO - [2023-07-02T02:04:24.021+0000] {dag.py:2726} INFO - Sync 1 DAGs
[2023-07-02T02:04:24.089+0000] {logging_mixin.py:149} INFO - [2023-07-02T02:04:24.089+0000] {dag.py:3490} INFO - Setting next_dagrun for example_dag_decorator to None, run_after=None
[2023-07-02T02:04:24.122+0000] {processor.py:179} INFO - Processing /home/airflow/.local/lib/python3.7/site-packages/airflow/example_dags/example_dag_decorator.py took 0.365 seconds
[2023-07-02T02:04:54.405+0000] {processor.py:157} INFO - Started process (PID=130) to work on /home/airflow/.local/lib/python3.7/site-packages/airflow/example_dags/example_dag_decorator.py
[2023-07-02T02:04:54.406+0000] {processor.py:826} INFO - Processing file /home/airflow/.local/lib/python3.7/site-packages/airflow/example_dags/example_dag_decorator.py for tasks to queue
[2023-07-02T02:04:54.407+0000] {logging_mixin.py:149} INFO - [2023-07-02T02:04:54.407+0000] {dagbag.py:541} INFO - Filling up the DagBag from /home/airflow/.local/lib/python3.7/site-packages/airflow/example_dags/example_dag_decorator.py
[2023-07-02T02:04:54.428+0000] {processor.py:836} INFO - DAG(s) dict_keys(['example_dag_decorator']) retrieved from /home/airflow/.local/lib/python3.7/site-packages/airflow/example_dags/example_dag_decorator.py
[2023-07-02T02:04:54.649+0000] {logging_mixin.py:149} INFO - [2023-07-02T02:04:54.649+0000] {dag.py:2726} INFO - Sync 1 DAGs
[2023-07-02T02:04:54.684+0000] {logging_mixin.py:149} INFO - [2023-07-02T02:04:54.683+0000] {dag.py:3490} INFO - Setting next_dagrun for example_dag_decorator to None, run_after=None
[2023-07-02T02:04:54.717+0000] {processor.py:179} INFO - Processing /home/airflow/.local/lib/python3.7/site-packages/airflow/example_dags/example_dag_decorator.py took 0.316 seconds
[2023-07-02T02:05:25.196+0000] {processor.py:157} INFO - Started process (PID=187) to work on /home/airflow/.local/lib/python3.7/site-packages/airflow/example_dags/example_dag_decorator.py
[2023-07-02T02:05:25.199+0000] {processor.py:826} INFO - Processing file /home/airflow/.local/lib/python3.7/site-packages/airflow/example_dags/example_dag_decorator.py for tasks to queue
[2023-07-02T02:05:25.202+0000] {logging_mixin.py:149} INFO - [2023-07-02T02:05:25.201+0000] {dagbag.py:541} INFO - Filling up the DagBag from /home/airflow/.local/lib/python3.7/site-packages/airflow/example_dags/example_dag_decorator.py
[2023-07-02T02:05:25.222+0000] {processor.py:836} INFO - DAG(s) dict_keys(['example_dag_decorator']) retrieved from /home/airflow/.local/lib/python3.7/site-packages/airflow/example_dags/example_dag_decorator.py
[2023-07-02T02:05:25.454+0000] {logging_mixin.py:149} INFO - [2023-07-02T02:05:25.454+0000] {dag.py:2726} INFO - Sync 1 DAGs
[2023-07-02T02:05:25.531+0000] {logging_mixin.py:149} INFO - [2023-07-02T02:05:25.531+0000] {dag.py:3490} INFO - Setting next_dagrun for example_dag_decorator to None, run_after=None
[2023-07-02T02:05:25.619+0000] {processor.py:179} INFO - Processing /home/airflow/.local/lib/python3.7/site-packages/airflow/example_dags/example_dag_decorator.py took 0.431 seconds
[2023-07-02T02:05:55.803+0000] {processor.py:157} INFO - Started process (PID=248) to work on /home/airflow/.local/lib/python3.7/site-packages/airflow/example_dags/example_dag_decorator.py
[2023-07-02T02:05:55.804+0000] {processor.py:826} INFO - Processing file /home/airflow/.local/lib/python3.7/site-packages/airflow/example_dags/example_dag_decorator.py for tasks to queue
[2023-07-02T02:05:55.805+0000] {logging_mixin.py:149} INFO - [2023-07-02T02:05:55.805+0000] {dagbag.py:541} INFO - Filling up the DagBag from /home/airflow/.local/lib/python3.7/site-packages/airflow/example_dags/example_dag_decorator.py
[2023-07-02T02:05:55.826+0000] {processor.py:836} INFO - DAG(s) dict_keys(['example_dag_decorator']) retrieved from /home/airflow/.local/lib/python3.7/site-packages/airflow/example_dags/example_dag_decorator.py
[2023-07-02T02:05:55.999+0000] {logging_mixin.py:149} INFO - [2023-07-02T02:05:55.999+0000] {dag.py:2726} INFO - Sync 1 DAGs
[2023-07-02T02:05:56.065+0000] {logging_mixin.py:149} INFO - [2023-07-02T02:05:56.065+0000] {dag.py:3490} INFO - Setting next_dagrun for example_dag_decorator to None, run_after=None
[2023-07-02T02:05:56.093+0000] {processor.py:179} INFO - Processing /home/airflow/.local/lib/python3.7/site-packages/airflow/example_dags/example_dag_decorator.py took 0.295 seconds
[2023-07-02T02:06:26.778+0000] {processor.py:157} INFO - Started process (PID=304) to work on /home/airflow/.local/lib/python3.7/site-packages/airflow/example_dags/example_dag_decorator.py
[2023-07-02T02:06:26.779+0000] {processor.py:826} INFO - Processing file /home/airflow/.local/lib/python3.7/site-packages/airflow/example_dags/example_dag_decorator.py for tasks to queue
[2023-07-02T02:06:26.780+0000] {logging_mixin.py:149} INFO - [2023-07-02T02:06:26.780+0000] {dagbag.py:541} INFO - Filling up the DagBag from /home/airflow/.local/lib/python3.7/site-packages/airflow/example_dags/example_dag_decorator.py
[2023-07-02T02:06:26.801+0000] {processor.py:836} INFO - DAG(s) dict_keys(['example_dag_decorator']) retrieved from /home/airflow/.local/lib/python3.7/site-packages/airflow/example_dags/example_dag_decorator.py
[2023-07-02T02:06:26.965+0000] {logging_mixin.py:149} INFO - [2023-07-02T02:06:26.964+0000] {dag.py:2726} INFO - Sync 1 DAGs
[2023-07-02T02:06:26.999+0000] {logging_mixin.py:149} INFO - [2023-07-02T02:06:26.999+0000] {dag.py:3490} INFO - Setting next_dagrun for example_dag_decorator to None, run_after=None
[2023-07-02T02:06:27.028+0000] {processor.py:179} INFO - Processing /home/airflow/.local/lib/python3.7/site-packages/airflow/example_dags/example_dag_decorator.py took 0.256 seconds
[2023-07-02T02:06:58.118+0000] {processor.py:157} INFO - Started process (PID=362) to work on /home/airflow/.local/lib/python3.7/site-packages/airflow/example_dags/example_dag_decorator.py
[2023-07-02T02:06:58.119+0000] {processor.py:826} INFO - Processing file /home/airflow/.local/lib/python3.7/site-packages/airflow/example_dags/example_dag_decorator.py for tasks to queue
[2023-07-02T02:06:58.121+0000] {logging_mixin.py:149} INFO - [2023-07-02T02:06:58.120+0000] {dagbag.py:541} INFO - Filling up the DagBag from /home/airflow/.local/lib/python3.7/site-packages/airflow/example_dags/example_dag_decorator.py
[2023-07-02T02:06:58.139+0000] {processor.py:836} INFO - DAG(s) dict_keys(['example_dag_decorator']) retrieved from /home/airflow/.local/lib/python3.7/site-packages/airflow/example_dags/example_dag_decorator.py
[2023-07-02T02:06:58.297+0000] {logging_mixin.py:149} INFO - [2023-07-02T02:06:58.297+0000] {dag.py:2726} INFO - Sync 1 DAGs
[2023-07-02T02:06:58.326+0000] {logging_mixin.py:149} INFO - [2023-07-02T02:06:58.326+0000] {dag.py:3490} INFO - Setting next_dagrun for example_dag_decorator to None, run_after=None
[2023-07-02T02:06:58.354+0000] {processor.py:179} INFO - Processing /home/airflow/.local/lib/python3.7/site-packages/airflow/example_dags/example_dag_decorator.py took 0.240 seconds
[2023-07-02T02:12:44.751+0000] {processor.py:157} INFO - Started process (PID=72) to work on /home/airflow/.local/lib/python3.7/site-packages/airflow/example_dags/example_dag_decorator.py
[2023-07-02T02:12:44.754+0000] {processor.py:826} INFO - Processing file /home/airflow/.local/lib/python3.7/site-packages/airflow/example_dags/example_dag_decorator.py for tasks to queue
[2023-07-02T02:12:44.755+0000] {logging_mixin.py:149} INFO - [2023-07-02T02:12:44.755+0000] {dagbag.py:541} INFO - Filling up the DagBag from /home/airflow/.local/lib/python3.7/site-packages/airflow/example_dags/example_dag_decorator.py
[2023-07-02T02:12:44.778+0000] {processor.py:836} INFO - DAG(s) dict_keys(['example_dag_decorator']) retrieved from /home/airflow/.local/lib/python3.7/site-packages/airflow/example_dags/example_dag_decorator.py
[2023-07-02T02:12:45.115+0000] {logging_mixin.py:149} INFO - [2023-07-02T02:12:45.114+0000] {dag.py:2726} INFO - Sync 1 DAGs
[2023-07-02T02:12:45.143+0000] {logging_mixin.py:149} INFO - [2023-07-02T02:12:45.143+0000] {dag.py:3490} INFO - Setting next_dagrun for example_dag_decorator to None, run_after=None
[2023-07-02T02:12:45.168+0000] {processor.py:179} INFO - Processing /home/airflow/.local/lib/python3.7/site-packages/airflow/example_dags/example_dag_decorator.py took 0.426 seconds
[2023-07-02T02:13:15.374+0000] {processor.py:157} INFO - Started process (PID=133) to work on /home/airflow/.local/lib/python3.7/site-packages/airflow/example_dags/example_dag_decorator.py
[2023-07-02T02:13:15.376+0000] {processor.py:826} INFO - Processing file /home/airflow/.local/lib/python3.7/site-packages/airflow/example_dags/example_dag_decorator.py for tasks to queue
[2023-07-02T02:13:15.377+0000] {logging_mixin.py:149} INFO - [2023-07-02T02:13:15.377+0000] {dagbag.py:541} INFO - Filling up the DagBag from /home/airflow/.local/lib/python3.7/site-packages/airflow/example_dags/example_dag_decorator.py
[2023-07-02T02:13:15.405+0000] {processor.py:836} INFO - DAG(s) dict_keys(['example_dag_decorator']) retrieved from /home/airflow/.local/lib/python3.7/site-packages/airflow/example_dags/example_dag_decorator.py
[2023-07-02T02:13:15.592+0000] {logging_mixin.py:149} INFO - [2023-07-02T02:13:15.592+0000] {dag.py:2726} INFO - Sync 1 DAGs
[2023-07-02T02:13:15.637+0000] {logging_mixin.py:149} INFO - [2023-07-02T02:13:15.637+0000] {dag.py:3490} INFO - Setting next_dagrun for example_dag_decorator to None, run_after=None
[2023-07-02T02:13:15.672+0000] {processor.py:179} INFO - Processing /home/airflow/.local/lib/python3.7/site-packages/airflow/example_dags/example_dag_decorator.py took 0.304 seconds
[2023-07-02T02:13:45.825+0000] {processor.py:157} INFO - Started process (PID=191) to work on /home/airflow/.local/lib/python3.7/site-packages/airflow/example_dags/example_dag_decorator.py
[2023-07-02T02:13:45.826+0000] {processor.py:826} INFO - Processing file /home/airflow/.local/lib/python3.7/site-packages/airflow/example_dags/example_dag_decorator.py for tasks to queue
[2023-07-02T02:13:45.828+0000] {logging_mixin.py:149} INFO - [2023-07-02T02:13:45.828+0000] {dagbag.py:541} INFO - Filling up the DagBag from /home/airflow/.local/lib/python3.7/site-packages/airflow/example_dags/example_dag_decorator.py
[2023-07-02T02:13:45.849+0000] {processor.py:836} INFO - DAG(s) dict_keys(['example_dag_decorator']) retrieved from /home/airflow/.local/lib/python3.7/site-packages/airflow/example_dags/example_dag_decorator.py
[2023-07-02T02:13:46.038+0000] {logging_mixin.py:149} INFO - [2023-07-02T02:13:46.038+0000] {dag.py:2726} INFO - Sync 1 DAGs
[2023-07-02T02:13:46.073+0000] {logging_mixin.py:149} INFO - [2023-07-02T02:13:46.073+0000] {dag.py:3490} INFO - Setting next_dagrun for example_dag_decorator to None, run_after=None
[2023-07-02T02:13:46.106+0000] {processor.py:179} INFO - Processing /home/airflow/.local/lib/python3.7/site-packages/airflow/example_dags/example_dag_decorator.py took 0.286 seconds
[2023-07-02T02:14:16.468+0000] {processor.py:157} INFO - Started process (PID=249) to work on /home/airflow/.local/lib/python3.7/site-packages/airflow/example_dags/example_dag_decorator.py
[2023-07-02T02:14:16.470+0000] {processor.py:826} INFO - Processing file /home/airflow/.local/lib/python3.7/site-packages/airflow/example_dags/example_dag_decorator.py for tasks to queue
[2023-07-02T02:14:16.471+0000] {logging_mixin.py:149} INFO - [2023-07-02T02:14:16.471+0000] {dagbag.py:541} INFO - Filling up the DagBag from /home/airflow/.local/lib/python3.7/site-packages/airflow/example_dags/example_dag_decorator.py
[2023-07-02T02:14:16.491+0000] {processor.py:836} INFO - DAG(s) dict_keys(['example_dag_decorator']) retrieved from /home/airflow/.local/lib/python3.7/site-packages/airflow/example_dags/example_dag_decorator.py
[2023-07-02T02:14:16.839+0000] {logging_mixin.py:149} INFO - [2023-07-02T02:14:16.839+0000] {dag.py:2726} INFO - Sync 1 DAGs
[2023-07-02T02:14:16.907+0000] {logging_mixin.py:149} INFO - [2023-07-02T02:14:16.907+0000] {dag.py:3490} INFO - Setting next_dagrun for example_dag_decorator to None, run_after=None
[2023-07-02T02:14:16.946+0000] {processor.py:179} INFO - Processing /home/airflow/.local/lib/python3.7/site-packages/airflow/example_dags/example_dag_decorator.py took 0.485 seconds
[2023-07-02T02:14:47.524+0000] {processor.py:157} INFO - Started process (PID=307) to work on /home/airflow/.local/lib/python3.7/site-packages/airflow/example_dags/example_dag_decorator.py
[2023-07-02T02:14:47.525+0000] {processor.py:826} INFO - Processing file /home/airflow/.local/lib/python3.7/site-packages/airflow/example_dags/example_dag_decorator.py for tasks to queue
[2023-07-02T02:14:47.526+0000] {logging_mixin.py:149} INFO - [2023-07-02T02:14:47.526+0000] {dagbag.py:541} INFO - Filling up the DagBag from /home/airflow/.local/lib/python3.7/site-packages/airflow/example_dags/example_dag_decorator.py
[2023-07-02T02:14:47.544+0000] {processor.py:836} INFO - DAG(s) dict_keys(['example_dag_decorator']) retrieved from /home/airflow/.local/lib/python3.7/site-packages/airflow/example_dags/example_dag_decorator.py
[2023-07-02T02:14:47.683+0000] {logging_mixin.py:149} INFO - [2023-07-02T02:14:47.683+0000] {dag.py:2726} INFO - Sync 1 DAGs
[2023-07-02T02:14:47.711+0000] {logging_mixin.py:149} INFO - [2023-07-02T02:14:47.711+0000] {dag.py:3490} INFO - Setting next_dagrun for example_dag_decorator to None, run_after=None
[2023-07-02T02:14:47.737+0000] {processor.py:179} INFO - Processing /home/airflow/.local/lib/python3.7/site-packages/airflow/example_dags/example_dag_decorator.py took 0.218 seconds
[2023-07-02T02:15:18.298+0000] {processor.py:157} INFO - Started process (PID=364) to work on /home/airflow/.local/lib/python3.7/site-packages/airflow/example_dags/example_dag_decorator.py
[2023-07-02T02:15:18.299+0000] {processor.py:826} INFO - Processing file /home/airflow/.local/lib/python3.7/site-packages/airflow/example_dags/example_dag_decorator.py for tasks to queue
[2023-07-02T02:15:18.300+0000] {logging_mixin.py:149} INFO - [2023-07-02T02:15:18.300+0000] {dagbag.py:541} INFO - Filling up the DagBag from /home/airflow/.local/lib/python3.7/site-packages/airflow/example_dags/example_dag_decorator.py
[2023-07-02T02:15:18.319+0000] {processor.py:836} INFO - DAG(s) dict_keys(['example_dag_decorator']) retrieved from /home/airflow/.local/lib/python3.7/site-packages/airflow/example_dags/example_dag_decorator.py
[2023-07-02T02:15:18.475+0000] {logging_mixin.py:149} INFO - [2023-07-02T02:15:18.475+0000] {dag.py:2726} INFO - Sync 1 DAGs
[2023-07-02T02:15:18.501+0000] {logging_mixin.py:149} INFO - [2023-07-02T02:15:18.501+0000] {dag.py:3490} INFO - Setting next_dagrun for example_dag_decorator to None, run_after=None
[2023-07-02T02:15:18.523+0000] {processor.py:179} INFO - Processing /home/airflow/.local/lib/python3.7/site-packages/airflow/example_dags/example_dag_decorator.py took 0.230 seconds
[2023-07-02T02:15:49.473+0000] {processor.py:157} INFO - Started process (PID=421) to work on /home/airflow/.local/lib/python3.7/site-packages/airflow/example_dags/example_dag_decorator.py
[2023-07-02T02:15:49.474+0000] {processor.py:826} INFO - Processing file /home/airflow/.local/lib/python3.7/site-packages/airflow/example_dags/example_dag_decorator.py for tasks to queue
[2023-07-02T02:15:49.476+0000] {logging_mixin.py:149} INFO - [2023-07-02T02:15:49.475+0000] {dagbag.py:541} INFO - Filling up the DagBag from /home/airflow/.local/lib/python3.7/site-packages/airflow/example_dags/example_dag_decorator.py
[2023-07-02T02:15:49.495+0000] {processor.py:836} INFO - DAG(s) dict_keys(['example_dag_decorator']) retrieved from /home/airflow/.local/lib/python3.7/site-packages/airflow/example_dags/example_dag_decorator.py
[2023-07-02T02:15:49.647+0000] {logging_mixin.py:149} INFO - [2023-07-02T02:15:49.647+0000] {dag.py:2726} INFO - Sync 1 DAGs
[2023-07-02T02:15:49.672+0000] {logging_mixin.py:149} INFO - [2023-07-02T02:15:49.672+0000] {dag.py:3490} INFO - Setting next_dagrun for example_dag_decorator to None, run_after=None
[2023-07-02T02:15:49.694+0000] {processor.py:179} INFO - Processing /home/airflow/.local/lib/python3.7/site-packages/airflow/example_dags/example_dag_decorator.py took 0.225 seconds
[2023-07-02T02:16:20.345+0000] {processor.py:157} INFO - Started process (PID=479) to work on /home/airflow/.local/lib/python3.7/site-packages/airflow/example_dags/example_dag_decorator.py
[2023-07-02T02:16:20.365+0000] {processor.py:826} INFO - Processing file /home/airflow/.local/lib/python3.7/site-packages/airflow/example_dags/example_dag_decorator.py for tasks to queue
[2023-07-02T02:16:20.368+0000] {logging_mixin.py:149} INFO - [2023-07-02T02:16:20.367+0000] {dagbag.py:541} INFO - Filling up the DagBag from /home/airflow/.local/lib/python3.7/site-packages/airflow/example_dags/example_dag_decorator.py
[2023-07-02T02:16:20.403+0000] {processor.py:836} INFO - DAG(s) dict_keys(['example_dag_decorator']) retrieved from /home/airflow/.local/lib/python3.7/site-packages/airflow/example_dags/example_dag_decorator.py
[2023-07-02T02:16:20.605+0000] {logging_mixin.py:149} INFO - [2023-07-02T02:16:20.605+0000] {dag.py:2726} INFO - Sync 1 DAGs
[2023-07-02T02:16:20.639+0000] {logging_mixin.py:149} INFO - [2023-07-02T02:16:20.639+0000] {dag.py:3490} INFO - Setting next_dagrun for example_dag_decorator to None, run_after=None
[2023-07-02T02:16:20.666+0000] {processor.py:179} INFO - Processing /home/airflow/.local/lib/python3.7/site-packages/airflow/example_dags/example_dag_decorator.py took 0.329 seconds
[2023-07-02T02:16:50.748+0000] {processor.py:157} INFO - Started process (PID=539) to work on /home/airflow/.local/lib/python3.7/site-packages/airflow/example_dags/example_dag_decorator.py
[2023-07-02T02:16:50.750+0000] {processor.py:826} INFO - Processing file /home/airflow/.local/lib/python3.7/site-packages/airflow/example_dags/example_dag_decorator.py for tasks to queue
[2023-07-02T02:16:50.751+0000] {logging_mixin.py:149} INFO - [2023-07-02T02:16:50.751+0000] {dagbag.py:541} INFO - Filling up the DagBag from /home/airflow/.local/lib/python3.7/site-packages/airflow/example_dags/example_dag_decorator.py
[2023-07-02T02:16:50.774+0000] {processor.py:836} INFO - DAG(s) dict_keys(['example_dag_decorator']) retrieved from /home/airflow/.local/lib/python3.7/site-packages/airflow/example_dags/example_dag_decorator.py
[2023-07-02T02:16:50.967+0000] {logging_mixin.py:149} INFO - [2023-07-02T02:16:50.966+0000] {dag.py:2726} INFO - Sync 1 DAGs
[2023-07-02T02:16:51.009+0000] {logging_mixin.py:149} INFO - [2023-07-02T02:16:51.009+0000] {dag.py:3490} INFO - Setting next_dagrun for example_dag_decorator to None, run_after=None
[2023-07-02T02:16:51.042+0000] {processor.py:179} INFO - Processing /home/airflow/.local/lib/python3.7/site-packages/airflow/example_dags/example_dag_decorator.py took 0.300 seconds
[2023-07-02T02:17:21.164+0000] {processor.py:157} INFO - Started process (PID=598) to work on /home/airflow/.local/lib/python3.7/site-packages/airflow/example_dags/example_dag_decorator.py
[2023-07-02T02:17:21.165+0000] {processor.py:826} INFO - Processing file /home/airflow/.local/lib/python3.7/site-packages/airflow/example_dags/example_dag_decorator.py for tasks to queue
[2023-07-02T02:17:21.166+0000] {logging_mixin.py:149} INFO - [2023-07-02T02:17:21.166+0000] {dagbag.py:541} INFO - Filling up the DagBag from /home/airflow/.local/lib/python3.7/site-packages/airflow/example_dags/example_dag_decorator.py
[2023-07-02T02:17:21.184+0000] {processor.py:836} INFO - DAG(s) dict_keys(['example_dag_decorator']) retrieved from /home/airflow/.local/lib/python3.7/site-packages/airflow/example_dags/example_dag_decorator.py
[2023-07-02T02:17:21.324+0000] {logging_mixin.py:149} INFO - [2023-07-02T02:17:21.324+0000] {dag.py:2726} INFO - Sync 1 DAGs
[2023-07-02T02:17:21.351+0000] {logging_mixin.py:149} INFO - [2023-07-02T02:17:21.350+0000] {dag.py:3490} INFO - Setting next_dagrun for example_dag_decorator to None, run_after=None
[2023-07-02T02:17:21.377+0000] {processor.py:179} INFO - Processing /home/airflow/.local/lib/python3.7/site-packages/airflow/example_dags/example_dag_decorator.py took 0.217 seconds
[2023-07-02T02:17:51.827+0000] {processor.py:157} INFO - Started process (PID=657) to work on /home/airflow/.local/lib/python3.7/site-packages/airflow/example_dags/example_dag_decorator.py
[2023-07-02T02:17:51.829+0000] {processor.py:826} INFO - Processing file /home/airflow/.local/lib/python3.7/site-packages/airflow/example_dags/example_dag_decorator.py for tasks to queue
[2023-07-02T02:17:51.831+0000] {logging_mixin.py:149} INFO - [2023-07-02T02:17:51.831+0000] {dagbag.py:541} INFO - Filling up the DagBag from /home/airflow/.local/lib/python3.7/site-packages/airflow/example_dags/example_dag_decorator.py
[2023-07-02T02:17:51.851+0000] {processor.py:836} INFO - DAG(s) dict_keys(['example_dag_decorator']) retrieved from /home/airflow/.local/lib/python3.7/site-packages/airflow/example_dags/example_dag_decorator.py
[2023-07-02T02:17:52.006+0000] {logging_mixin.py:149} INFO - [2023-07-02T02:17:52.006+0000] {dag.py:2726} INFO - Sync 1 DAGs
[2023-07-02T02:17:52.039+0000] {logging_mixin.py:149} INFO - [2023-07-02T02:17:52.039+0000] {dag.py:3490} INFO - Setting next_dagrun for example_dag_decorator to None, run_after=None
[2023-07-02T02:17:52.069+0000] {processor.py:179} INFO - Processing /home/airflow/.local/lib/python3.7/site-packages/airflow/example_dags/example_dag_decorator.py took 0.268 seconds
[2023-07-02T02:18:22.576+0000] {processor.py:157} INFO - Started process (PID=713) to work on /home/airflow/.local/lib/python3.7/site-packages/airflow/example_dags/example_dag_decorator.py
[2023-07-02T02:18:22.578+0000] {processor.py:826} INFO - Processing file /home/airflow/.local/lib/python3.7/site-packages/airflow/example_dags/example_dag_decorator.py for tasks to queue
[2023-07-02T02:18:22.580+0000] {logging_mixin.py:149} INFO - [2023-07-02T02:18:22.580+0000] {dagbag.py:541} INFO - Filling up the DagBag from /home/airflow/.local/lib/python3.7/site-packages/airflow/example_dags/example_dag_decorator.py
[2023-07-02T02:18:22.603+0000] {processor.py:836} INFO - DAG(s) dict_keys(['example_dag_decorator']) retrieved from /home/airflow/.local/lib/python3.7/site-packages/airflow/example_dags/example_dag_decorator.py
[2023-07-02T02:18:22.780+0000] {logging_mixin.py:149} INFO - [2023-07-02T02:18:22.780+0000] {dag.py:2726} INFO - Sync 1 DAGs
[2023-07-02T02:18:22.812+0000] {logging_mixin.py:149} INFO - [2023-07-02T02:18:22.812+0000] {dag.py:3490} INFO - Setting next_dagrun for example_dag_decorator to None, run_after=None
[2023-07-02T02:18:22.838+0000] {processor.py:179} INFO - Processing /home/airflow/.local/lib/python3.7/site-packages/airflow/example_dags/example_dag_decorator.py took 0.267 seconds
[2023-07-02T02:18:53.021+0000] {processor.py:157} INFO - Started process (PID=771) to work on /home/airflow/.local/lib/python3.7/site-packages/airflow/example_dags/example_dag_decorator.py
[2023-07-02T02:18:53.023+0000] {processor.py:826} INFO - Processing file /home/airflow/.local/lib/python3.7/site-packages/airflow/example_dags/example_dag_decorator.py for tasks to queue
[2023-07-02T02:18:53.024+0000] {logging_mixin.py:149} INFO - [2023-07-02T02:18:53.024+0000] {dagbag.py:541} INFO - Filling up the DagBag from /home/airflow/.local/lib/python3.7/site-packages/airflow/example_dags/example_dag_decorator.py
[2023-07-02T02:18:53.043+0000] {processor.py:836} INFO - DAG(s) dict_keys(['example_dag_decorator']) retrieved from /home/airflow/.local/lib/python3.7/site-packages/airflow/example_dags/example_dag_decorator.py
[2023-07-02T02:18:53.191+0000] {logging_mixin.py:149} INFO - [2023-07-02T02:18:53.191+0000] {dag.py:2726} INFO - Sync 1 DAGs
[2023-07-02T02:18:53.225+0000] {logging_mixin.py:149} INFO - [2023-07-02T02:18:53.225+0000] {dag.py:3490} INFO - Setting next_dagrun for example_dag_decorator to None, run_after=None
[2023-07-02T02:18:53.250+0000] {processor.py:179} INFO - Processing /home/airflow/.local/lib/python3.7/site-packages/airflow/example_dags/example_dag_decorator.py took 0.233 seconds
[2023-07-02T02:19:23.694+0000] {processor.py:157} INFO - Started process (PID=828) to work on /home/airflow/.local/lib/python3.7/site-packages/airflow/example_dags/example_dag_decorator.py
[2023-07-02T02:19:23.696+0000] {processor.py:826} INFO - Processing file /home/airflow/.local/lib/python3.7/site-packages/airflow/example_dags/example_dag_decorator.py for tasks to queue
[2023-07-02T02:19:23.697+0000] {logging_mixin.py:149} INFO - [2023-07-02T02:19:23.697+0000] {dagbag.py:541} INFO - Filling up the DagBag from /home/airflow/.local/lib/python3.7/site-packages/airflow/example_dags/example_dag_decorator.py
[2023-07-02T02:19:23.716+0000] {processor.py:836} INFO - DAG(s) dict_keys(['example_dag_decorator']) retrieved from /home/airflow/.local/lib/python3.7/site-packages/airflow/example_dags/example_dag_decorator.py
[2023-07-02T02:19:23.900+0000] {logging_mixin.py:149} INFO - [2023-07-02T02:19:23.900+0000] {dag.py:2726} INFO - Sync 1 DAGs
[2023-07-02T02:19:23.937+0000] {logging_mixin.py:149} INFO - [2023-07-02T02:19:23.937+0000] {dag.py:3490} INFO - Setting next_dagrun for example_dag_decorator to None, run_after=None
[2023-07-02T02:19:23.965+0000] {processor.py:179} INFO - Processing /home/airflow/.local/lib/python3.7/site-packages/airflow/example_dags/example_dag_decorator.py took 0.276 seconds
[2023-07-02T02:19:54.548+0000] {processor.py:157} INFO - Started process (PID=886) to work on /home/airflow/.local/lib/python3.7/site-packages/airflow/example_dags/example_dag_decorator.py
[2023-07-02T02:19:54.549+0000] {processor.py:826} INFO - Processing file /home/airflow/.local/lib/python3.7/site-packages/airflow/example_dags/example_dag_decorator.py for tasks to queue
[2023-07-02T02:19:54.551+0000] {logging_mixin.py:149} INFO - [2023-07-02T02:19:54.551+0000] {dagbag.py:541} INFO - Filling up the DagBag from /home/airflow/.local/lib/python3.7/site-packages/airflow/example_dags/example_dag_decorator.py
[2023-07-02T02:19:54.569+0000] {processor.py:836} INFO - DAG(s) dict_keys(['example_dag_decorator']) retrieved from /home/airflow/.local/lib/python3.7/site-packages/airflow/example_dags/example_dag_decorator.py
[2023-07-02T02:19:54.703+0000] {logging_mixin.py:149} INFO - [2023-07-02T02:19:54.702+0000] {dag.py:2726} INFO - Sync 1 DAGs
[2023-07-02T02:19:54.728+0000] {logging_mixin.py:149} INFO - [2023-07-02T02:19:54.728+0000] {dag.py:3490} INFO - Setting next_dagrun for example_dag_decorator to None, run_after=None
[2023-07-02T02:19:54.749+0000] {processor.py:179} INFO - Processing /home/airflow/.local/lib/python3.7/site-packages/airflow/example_dags/example_dag_decorator.py took 0.206 seconds
[2023-07-02T02:20:24.969+0000] {processor.py:157} INFO - Started process (PID=945) to work on /home/airflow/.local/lib/python3.7/site-packages/airflow/example_dags/example_dag_decorator.py
[2023-07-02T02:20:24.970+0000] {processor.py:826} INFO - Processing file /home/airflow/.local/lib/python3.7/site-packages/airflow/example_dags/example_dag_decorator.py for tasks to queue
[2023-07-02T02:20:24.972+0000] {logging_mixin.py:149} INFO - [2023-07-02T02:20:24.971+0000] {dagbag.py:541} INFO - Filling up the DagBag from /home/airflow/.local/lib/python3.7/site-packages/airflow/example_dags/example_dag_decorator.py
[2023-07-02T02:20:24.991+0000] {processor.py:836} INFO - DAG(s) dict_keys(['example_dag_decorator']) retrieved from /home/airflow/.local/lib/python3.7/site-packages/airflow/example_dags/example_dag_decorator.py
[2023-07-02T02:20:25.132+0000] {logging_mixin.py:149} INFO - [2023-07-02T02:20:25.132+0000] {dag.py:2726} INFO - Sync 1 DAGs
[2023-07-02T02:20:25.156+0000] {logging_mixin.py:149} INFO - [2023-07-02T02:20:25.156+0000] {dag.py:3490} INFO - Setting next_dagrun for example_dag_decorator to None, run_after=None
[2023-07-02T02:20:25.184+0000] {processor.py:179} INFO - Processing /home/airflow/.local/lib/python3.7/site-packages/airflow/example_dags/example_dag_decorator.py took 0.220 seconds
[2023-07-02T02:20:56.204+0000] {processor.py:157} INFO - Started process (PID=1013) to work on /home/airflow/.local/lib/python3.7/site-packages/airflow/example_dags/example_dag_decorator.py
[2023-07-02T02:20:56.206+0000] {processor.py:826} INFO - Processing file /home/airflow/.local/lib/python3.7/site-packages/airflow/example_dags/example_dag_decorator.py for tasks to queue
[2023-07-02T02:20:56.207+0000] {logging_mixin.py:149} INFO - [2023-07-02T02:20:56.207+0000] {dagbag.py:541} INFO - Filling up the DagBag from /home/airflow/.local/lib/python3.7/site-packages/airflow/example_dags/example_dag_decorator.py
[2023-07-02T02:20:56.231+0000] {processor.py:836} INFO - DAG(s) dict_keys(['example_dag_decorator']) retrieved from /home/airflow/.local/lib/python3.7/site-packages/airflow/example_dags/example_dag_decorator.py
[2023-07-02T02:20:56.538+0000] {logging_mixin.py:149} INFO - [2023-07-02T02:20:56.537+0000] {dag.py:2726} INFO - Sync 1 DAGs
[2023-07-02T02:20:56.626+0000] {logging_mixin.py:149} INFO - [2023-07-02T02:20:56.625+0000] {dag.py:3490} INFO - Setting next_dagrun for example_dag_decorator to None, run_after=None
[2023-07-02T02:20:56.656+0000] {processor.py:179} INFO - Processing /home/airflow/.local/lib/python3.7/site-packages/airflow/example_dags/example_dag_decorator.py took 0.457 seconds
[2023-07-02T02:21:27.168+0000] {processor.py:157} INFO - Started process (PID=1073) to work on /home/airflow/.local/lib/python3.7/site-packages/airflow/example_dags/example_dag_decorator.py
[2023-07-02T02:21:27.169+0000] {processor.py:826} INFO - Processing file /home/airflow/.local/lib/python3.7/site-packages/airflow/example_dags/example_dag_decorator.py for tasks to queue
[2023-07-02T02:21:27.171+0000] {logging_mixin.py:149} INFO - [2023-07-02T02:21:27.171+0000] {dagbag.py:541} INFO - Filling up the DagBag from /home/airflow/.local/lib/python3.7/site-packages/airflow/example_dags/example_dag_decorator.py
[2023-07-02T02:21:27.192+0000] {processor.py:836} INFO - DAG(s) dict_keys(['example_dag_decorator']) retrieved from /home/airflow/.local/lib/python3.7/site-packages/airflow/example_dags/example_dag_decorator.py
[2023-07-02T02:21:27.340+0000] {logging_mixin.py:149} INFO - [2023-07-02T02:21:27.339+0000] {dag.py:2726} INFO - Sync 1 DAGs
[2023-07-02T02:21:27.365+0000] {logging_mixin.py:149} INFO - [2023-07-02T02:21:27.365+0000] {dag.py:3490} INFO - Setting next_dagrun for example_dag_decorator to None, run_after=None
[2023-07-02T02:21:27.386+0000] {processor.py:179} INFO - Processing /home/airflow/.local/lib/python3.7/site-packages/airflow/example_dags/example_dag_decorator.py took 0.224 seconds
