[2023-07-02T01:19:17.245+0000] {processor.py:157} INFO - Started process (PID=60) to work on /home/airflow/.local/lib/python3.7/site-packages/airflow/example_dags/example_short_circuit_decorator.py
[2023-07-02T01:19:17.247+0000] {processor.py:826} INFO - Processing file /home/airflow/.local/lib/python3.7/site-packages/airflow/example_dags/example_short_circuit_decorator.py for tasks to queue
[2023-07-02T01:19:17.248+0000] {logging_mixin.py:149} INFO - [2023-07-02T01:19:17.248+0000] {dagbag.py:541} INFO - Filling up the DagBag from /home/airflow/.local/lib/python3.7/site-packages/airflow/example_dags/example_short_circuit_decorator.py
[2023-07-02T01:19:17.304+0000] {processor.py:836} INFO - DAG(s) dict_keys(['example_short_circuit_decorator']) retrieved from /home/airflow/.local/lib/python3.7/site-packages/airflow/example_dags/example_short_circuit_decorator.py
[2023-07-02T01:19:17.629+0000] {logging_mixin.py:149} INFO - [2023-07-02T01:19:17.628+0000] {manager.py:504} INFO - Created Permission View: can delete on DAG:example_short_circuit_decorator
[2023-07-02T01:19:17.652+0000] {logging_mixin.py:149} INFO - [2023-07-02T01:19:17.651+0000] {manager.py:504} INFO - Created Permission View: can edit on DAG:example_short_circuit_decorator
[2023-07-02T01:19:17.666+0000] {logging_mixin.py:149} INFO - [2023-07-02T01:19:17.666+0000] {manager.py:504} INFO - Created Permission View: can read on DAG:example_short_circuit_decorator
[2023-07-02T01:19:17.694+0000] {logging_mixin.py:149} INFO - [2023-07-02T01:19:17.694+0000] {dag.py:2726} INFO - Sync 1 DAGs
[2023-07-02T01:19:17.734+0000] {logging_mixin.py:149} INFO - [2023-07-02T01:19:17.734+0000] {dag.py:2747} INFO - Creating ORM DAG for example_short_circuit_decorator
[2023-07-02T01:19:17.755+0000] {logging_mixin.py:149} INFO - [2023-07-02T01:19:17.755+0000] {dag.py:3490} INFO - Setting next_dagrun for example_short_circuit_decorator to 2023-07-01T01:19:17.754929+00:00, run_after=2023-07-02T01:19:17.754929+00:00
[2023-07-02T01:19:17.793+0000] {processor.py:179} INFO - Processing /home/airflow/.local/lib/python3.7/site-packages/airflow/example_dags/example_short_circuit_decorator.py took 0.555 seconds
[2023-07-02T01:19:54.577+0000] {processor.py:157} INFO - Started process (PID=124) to work on /home/airflow/.local/lib/python3.7/site-packages/airflow/example_dags/example_short_circuit_decorator.py
[2023-07-02T01:19:54.580+0000] {processor.py:826} INFO - Processing file /home/airflow/.local/lib/python3.7/site-packages/airflow/example_dags/example_short_circuit_decorator.py for tasks to queue
[2023-07-02T01:19:54.582+0000] {logging_mixin.py:149} INFO - [2023-07-02T01:19:54.581+0000] {dagbag.py:541} INFO - Filling up the DagBag from /home/airflow/.local/lib/python3.7/site-packages/airflow/example_dags/example_short_circuit_decorator.py
[2023-07-02T01:19:54.606+0000] {processor.py:836} INFO - DAG(s) dict_keys(['example_short_circuit_decorator']) retrieved from /home/airflow/.local/lib/python3.7/site-packages/airflow/example_dags/example_short_circuit_decorator.py
[2023-07-02T01:19:54.658+0000] {logging_mixin.py:149} INFO - [2023-07-02T01:19:54.658+0000] {dag.py:2726} INFO - Sync 1 DAGs
[2023-07-02T01:19:54.708+0000] {logging_mixin.py:149} INFO - [2023-07-02T01:19:54.707+0000] {dag.py:3490} INFO - Setting next_dagrun for example_short_circuit_decorator to 2023-07-01T01:19:54.707217+00:00, run_after=2023-07-02T01:19:54.707217+00:00
[2023-07-02T01:19:54.767+0000] {processor.py:179} INFO - Processing /home/airflow/.local/lib/python3.7/site-packages/airflow/example_dags/example_short_circuit_decorator.py took 0.196 seconds
[2023-07-02T01:20:25.119+0000] {processor.py:157} INFO - Started process (PID=182) to work on /home/airflow/.local/lib/python3.7/site-packages/airflow/example_dags/example_short_circuit_decorator.py
[2023-07-02T01:20:25.121+0000] {processor.py:826} INFO - Processing file /home/airflow/.local/lib/python3.7/site-packages/airflow/example_dags/example_short_circuit_decorator.py for tasks to queue
[2023-07-02T01:20:25.123+0000] {logging_mixin.py:149} INFO - [2023-07-02T01:20:25.122+0000] {dagbag.py:541} INFO - Filling up the DagBag from /home/airflow/.local/lib/python3.7/site-packages/airflow/example_dags/example_short_circuit_decorator.py
[2023-07-02T01:20:25.151+0000] {processor.py:836} INFO - DAG(s) dict_keys(['example_short_circuit_decorator']) retrieved from /home/airflow/.local/lib/python3.7/site-packages/airflow/example_dags/example_short_circuit_decorator.py
[2023-07-02T01:20:25.223+0000] {logging_mixin.py:149} INFO - [2023-07-02T01:20:25.223+0000] {dag.py:2726} INFO - Sync 1 DAGs
[2023-07-02T01:20:25.299+0000] {logging_mixin.py:149} INFO - [2023-07-02T01:20:25.299+0000] {dag.py:3490} INFO - Setting next_dagrun for example_short_circuit_decorator to 2023-07-01T01:20:25.298569+00:00, run_after=2023-07-02T01:20:25.298569+00:00
[2023-07-02T01:20:25.352+0000] {processor.py:179} INFO - Processing /home/airflow/.local/lib/python3.7/site-packages/airflow/example_dags/example_short_circuit_decorator.py took 0.240 seconds
[2023-07-02T01:20:55.784+0000] {processor.py:157} INFO - Started process (PID=241) to work on /home/airflow/.local/lib/python3.7/site-packages/airflow/example_dags/example_short_circuit_decorator.py
[2023-07-02T01:20:55.786+0000] {processor.py:826} INFO - Processing file /home/airflow/.local/lib/python3.7/site-packages/airflow/example_dags/example_short_circuit_decorator.py for tasks to queue
[2023-07-02T01:20:55.788+0000] {logging_mixin.py:149} INFO - [2023-07-02T01:20:55.787+0000] {dagbag.py:541} INFO - Filling up the DagBag from /home/airflow/.local/lib/python3.7/site-packages/airflow/example_dags/example_short_circuit_decorator.py
[2023-07-02T01:20:55.809+0000] {processor.py:836} INFO - DAG(s) dict_keys(['example_short_circuit_decorator']) retrieved from /home/airflow/.local/lib/python3.7/site-packages/airflow/example_dags/example_short_circuit_decorator.py
[2023-07-02T01:20:55.872+0000] {logging_mixin.py:149} INFO - [2023-07-02T01:20:55.872+0000] {dag.py:2726} INFO - Sync 1 DAGs
[2023-07-02T01:20:55.923+0000] {logging_mixin.py:149} INFO - [2023-07-02T01:20:55.922+0000] {dag.py:3490} INFO - Setting next_dagrun for example_short_circuit_decorator to 2023-07-01T01:20:55.921797+00:00, run_after=2023-07-02T01:20:55.921797+00:00
[2023-07-02T01:20:55.962+0000] {processor.py:179} INFO - Processing /home/airflow/.local/lib/python3.7/site-packages/airflow/example_dags/example_short_circuit_decorator.py took 0.185 seconds
[2023-07-02T01:21:26.522+0000] {processor.py:157} INFO - Started process (PID=300) to work on /home/airflow/.local/lib/python3.7/site-packages/airflow/example_dags/example_short_circuit_decorator.py
[2023-07-02T01:21:26.524+0000] {processor.py:826} INFO - Processing file /home/airflow/.local/lib/python3.7/site-packages/airflow/example_dags/example_short_circuit_decorator.py for tasks to queue
[2023-07-02T01:21:26.525+0000] {logging_mixin.py:149} INFO - [2023-07-02T01:21:26.525+0000] {dagbag.py:541} INFO - Filling up the DagBag from /home/airflow/.local/lib/python3.7/site-packages/airflow/example_dags/example_short_circuit_decorator.py
[2023-07-02T01:21:26.546+0000] {processor.py:836} INFO - DAG(s) dict_keys(['example_short_circuit_decorator']) retrieved from /home/airflow/.local/lib/python3.7/site-packages/airflow/example_dags/example_short_circuit_decorator.py
[2023-07-02T01:21:26.597+0000] {logging_mixin.py:149} INFO - [2023-07-02T01:21:26.597+0000] {dag.py:2726} INFO - Sync 1 DAGs
[2023-07-02T01:21:26.648+0000] {logging_mixin.py:149} INFO - [2023-07-02T01:21:26.647+0000] {dag.py:3490} INFO - Setting next_dagrun for example_short_circuit_decorator to 2023-07-01T01:21:26.647313+00:00, run_after=2023-07-02T01:21:26.647313+00:00
[2023-07-02T01:21:26.704+0000] {processor.py:179} INFO - Processing /home/airflow/.local/lib/python3.7/site-packages/airflow/example_dags/example_short_circuit_decorator.py took 0.188 seconds
[2023-07-02T01:21:57.696+0000] {processor.py:157} INFO - Started process (PID=357) to work on /home/airflow/.local/lib/python3.7/site-packages/airflow/example_dags/example_short_circuit_decorator.py
[2023-07-02T01:21:57.698+0000] {processor.py:826} INFO - Processing file /home/airflow/.local/lib/python3.7/site-packages/airflow/example_dags/example_short_circuit_decorator.py for tasks to queue
[2023-07-02T01:21:57.700+0000] {logging_mixin.py:149} INFO - [2023-07-02T01:21:57.699+0000] {dagbag.py:541} INFO - Filling up the DagBag from /home/airflow/.local/lib/python3.7/site-packages/airflow/example_dags/example_short_circuit_decorator.py
[2023-07-02T01:21:57.720+0000] {processor.py:836} INFO - DAG(s) dict_keys(['example_short_circuit_decorator']) retrieved from /home/airflow/.local/lib/python3.7/site-packages/airflow/example_dags/example_short_circuit_decorator.py
[2023-07-02T01:21:57.777+0000] {logging_mixin.py:149} INFO - [2023-07-02T01:21:57.776+0000] {dag.py:2726} INFO - Sync 1 DAGs
[2023-07-02T01:21:57.840+0000] {logging_mixin.py:149} INFO - [2023-07-02T01:21:57.840+0000] {dag.py:3490} INFO - Setting next_dagrun for example_short_circuit_decorator to 2023-07-01T01:21:57.839691+00:00, run_after=2023-07-02T01:21:57.839691+00:00
[2023-07-02T01:21:57.881+0000] {processor.py:179} INFO - Processing /home/airflow/.local/lib/python3.7/site-packages/airflow/example_dags/example_short_circuit_decorator.py took 0.191 seconds
[2023-07-02T01:22:28.396+0000] {processor.py:157} INFO - Started process (PID=415) to work on /home/airflow/.local/lib/python3.7/site-packages/airflow/example_dags/example_short_circuit_decorator.py
[2023-07-02T01:22:28.397+0000] {processor.py:826} INFO - Processing file /home/airflow/.local/lib/python3.7/site-packages/airflow/example_dags/example_short_circuit_decorator.py for tasks to queue
[2023-07-02T01:22:28.399+0000] {logging_mixin.py:149} INFO - [2023-07-02T01:22:28.399+0000] {dagbag.py:541} INFO - Filling up the DagBag from /home/airflow/.local/lib/python3.7/site-packages/airflow/example_dags/example_short_circuit_decorator.py
[2023-07-02T01:22:28.422+0000] {processor.py:836} INFO - DAG(s) dict_keys(['example_short_circuit_decorator']) retrieved from /home/airflow/.local/lib/python3.7/site-packages/airflow/example_dags/example_short_circuit_decorator.py
[2023-07-02T01:22:28.477+0000] {logging_mixin.py:149} INFO - [2023-07-02T01:22:28.477+0000] {dag.py:2726} INFO - Sync 1 DAGs
[2023-07-02T01:22:28.527+0000] {logging_mixin.py:149} INFO - [2023-07-02T01:22:28.527+0000] {dag.py:3490} INFO - Setting next_dagrun for example_short_circuit_decorator to 2023-07-01T01:22:28.526707+00:00, run_after=2023-07-02T01:22:28.526707+00:00
[2023-07-02T01:22:28.568+0000] {processor.py:179} INFO - Processing /home/airflow/.local/lib/python3.7/site-packages/airflow/example_dags/example_short_circuit_decorator.py took 0.179 seconds
[2023-07-02T01:22:59.337+0000] {processor.py:157} INFO - Started process (PID=476) to work on /home/airflow/.local/lib/python3.7/site-packages/airflow/example_dags/example_short_circuit_decorator.py
[2023-07-02T01:22:59.340+0000] {processor.py:826} INFO - Processing file /home/airflow/.local/lib/python3.7/site-packages/airflow/example_dags/example_short_circuit_decorator.py for tasks to queue
[2023-07-02T01:22:59.342+0000] {logging_mixin.py:149} INFO - [2023-07-02T01:22:59.342+0000] {dagbag.py:541} INFO - Filling up the DagBag from /home/airflow/.local/lib/python3.7/site-packages/airflow/example_dags/example_short_circuit_decorator.py
[2023-07-02T01:22:59.380+0000] {processor.py:836} INFO - DAG(s) dict_keys(['example_short_circuit_decorator']) retrieved from /home/airflow/.local/lib/python3.7/site-packages/airflow/example_dags/example_short_circuit_decorator.py
[2023-07-02T01:22:59.499+0000] {logging_mixin.py:149} INFO - [2023-07-02T01:22:59.498+0000] {dag.py:2726} INFO - Sync 1 DAGs
[2023-07-02T01:22:59.559+0000] {logging_mixin.py:149} INFO - [2023-07-02T01:22:59.558+0000] {dag.py:3490} INFO - Setting next_dagrun for example_short_circuit_decorator to 2023-07-01T01:22:59.557973+00:00, run_after=2023-07-02T01:22:59.557973+00:00
[2023-07-02T01:22:59.601+0000] {processor.py:179} INFO - Processing /home/airflow/.local/lib/python3.7/site-packages/airflow/example_dags/example_short_circuit_decorator.py took 0.272 seconds
[2023-07-02T01:23:29.719+0000] {processor.py:157} INFO - Started process (PID=535) to work on /home/airflow/.local/lib/python3.7/site-packages/airflow/example_dags/example_short_circuit_decorator.py
[2023-07-02T01:23:29.721+0000] {processor.py:826} INFO - Processing file /home/airflow/.local/lib/python3.7/site-packages/airflow/example_dags/example_short_circuit_decorator.py for tasks to queue
[2023-07-02T01:23:29.723+0000] {logging_mixin.py:149} INFO - [2023-07-02T01:23:29.722+0000] {dagbag.py:541} INFO - Filling up the DagBag from /home/airflow/.local/lib/python3.7/site-packages/airflow/example_dags/example_short_circuit_decorator.py
[2023-07-02T01:23:29.746+0000] {processor.py:836} INFO - DAG(s) dict_keys(['example_short_circuit_decorator']) retrieved from /home/airflow/.local/lib/python3.7/site-packages/airflow/example_dags/example_short_circuit_decorator.py
[2023-07-02T01:23:29.801+0000] {logging_mixin.py:149} INFO - [2023-07-02T01:23:29.801+0000] {dag.py:2726} INFO - Sync 1 DAGs
[2023-07-02T01:23:29.851+0000] {logging_mixin.py:149} INFO - [2023-07-02T01:23:29.851+0000] {dag.py:3490} INFO - Setting next_dagrun for example_short_circuit_decorator to 2023-07-01T01:23:29.850679+00:00, run_after=2023-07-02T01:23:29.850679+00:00
[2023-07-02T01:23:29.890+0000] {processor.py:179} INFO - Processing /home/airflow/.local/lib/python3.7/site-packages/airflow/example_dags/example_short_circuit_decorator.py took 0.177 seconds
[2023-07-02T02:04:20.867+0000] {processor.py:157} INFO - Started process (PID=58) to work on /home/airflow/.local/lib/python3.7/site-packages/airflow/example_dags/example_short_circuit_decorator.py
[2023-07-02T02:04:20.870+0000] {processor.py:826} INFO - Processing file /home/airflow/.local/lib/python3.7/site-packages/airflow/example_dags/example_short_circuit_decorator.py for tasks to queue
[2023-07-02T02:04:20.872+0000] {logging_mixin.py:149} INFO - [2023-07-02T02:04:20.871+0000] {dagbag.py:541} INFO - Filling up the DagBag from /home/airflow/.local/lib/python3.7/site-packages/airflow/example_dags/example_short_circuit_decorator.py
[2023-07-02T02:04:20.888+0000] {processor.py:836} INFO - DAG(s) dict_keys(['example_short_circuit_decorator']) retrieved from /home/airflow/.local/lib/python3.7/site-packages/airflow/example_dags/example_short_circuit_decorator.py
[2023-07-02T02:04:20.931+0000] {logging_mixin.py:149} INFO - [2023-07-02T02:04:20.931+0000] {dag.py:2726} INFO - Sync 1 DAGs
[2023-07-02T02:04:20.972+0000] {logging_mixin.py:149} INFO - [2023-07-02T02:04:20.972+0000] {dag.py:3490} INFO - Setting next_dagrun for example_short_circuit_decorator to 2023-07-01T02:04:20.971824+00:00, run_after=2023-07-02T02:04:20.971824+00:00
[2023-07-02T02:04:21.005+0000] {processor.py:179} INFO - Processing /home/airflow/.local/lib/python3.7/site-packages/airflow/example_dags/example_short_circuit_decorator.py took 0.153 seconds
[2023-07-02T02:04:51.621+0000] {processor.py:157} INFO - Started process (PID=116) to work on /home/airflow/.local/lib/python3.7/site-packages/airflow/example_dags/example_short_circuit_decorator.py
[2023-07-02T02:04:51.623+0000] {processor.py:826} INFO - Processing file /home/airflow/.local/lib/python3.7/site-packages/airflow/example_dags/example_short_circuit_decorator.py for tasks to queue
[2023-07-02T02:04:51.625+0000] {logging_mixin.py:149} INFO - [2023-07-02T02:04:51.625+0000] {dagbag.py:541} INFO - Filling up the DagBag from /home/airflow/.local/lib/python3.7/site-packages/airflow/example_dags/example_short_circuit_decorator.py
[2023-07-02T02:04:51.646+0000] {processor.py:836} INFO - DAG(s) dict_keys(['example_short_circuit_decorator']) retrieved from /home/airflow/.local/lib/python3.7/site-packages/airflow/example_dags/example_short_circuit_decorator.py
[2023-07-02T02:04:51.693+0000] {logging_mixin.py:149} INFO - [2023-07-02T02:04:51.692+0000] {dag.py:2726} INFO - Sync 1 DAGs
[2023-07-02T02:04:51.729+0000] {logging_mixin.py:149} INFO - [2023-07-02T02:04:51.728+0000] {dag.py:3490} INFO - Setting next_dagrun for example_short_circuit_decorator to 2023-07-01T02:04:51.728583+00:00, run_after=2023-07-02T02:04:51.728583+00:00
[2023-07-02T02:04:51.758+0000] {processor.py:179} INFO - Processing /home/airflow/.local/lib/python3.7/site-packages/airflow/example_dags/example_short_circuit_decorator.py took 0.143 seconds
[2023-07-02T02:05:22.627+0000] {processor.py:157} INFO - Started process (PID=173) to work on /home/airflow/.local/lib/python3.7/site-packages/airflow/example_dags/example_short_circuit_decorator.py
[2023-07-02T02:05:22.628+0000] {processor.py:826} INFO - Processing file /home/airflow/.local/lib/python3.7/site-packages/airflow/example_dags/example_short_circuit_decorator.py for tasks to queue
[2023-07-02T02:05:22.630+0000] {logging_mixin.py:149} INFO - [2023-07-02T02:05:22.629+0000] {dagbag.py:541} INFO - Filling up the DagBag from /home/airflow/.local/lib/python3.7/site-packages/airflow/example_dags/example_short_circuit_decorator.py
[2023-07-02T02:05:22.643+0000] {processor.py:836} INFO - DAG(s) dict_keys(['example_short_circuit_decorator']) retrieved from /home/airflow/.local/lib/python3.7/site-packages/airflow/example_dags/example_short_circuit_decorator.py
[2023-07-02T02:05:22.684+0000] {logging_mixin.py:149} INFO - [2023-07-02T02:05:22.683+0000] {dag.py:2726} INFO - Sync 1 DAGs
[2023-07-02T02:05:22.724+0000] {logging_mixin.py:149} INFO - [2023-07-02T02:05:22.724+0000] {dag.py:3490} INFO - Setting next_dagrun for example_short_circuit_decorator to 2023-07-01T02:05:22.723738+00:00, run_after=2023-07-02T02:05:22.723738+00:00
[2023-07-02T02:05:22.758+0000] {processor.py:179} INFO - Processing /home/airflow/.local/lib/python3.7/site-packages/airflow/example_dags/example_short_circuit_decorator.py took 0.136 seconds
[2023-07-02T02:05:53.209+0000] {processor.py:157} INFO - Started process (PID=232) to work on /home/airflow/.local/lib/python3.7/site-packages/airflow/example_dags/example_short_circuit_decorator.py
[2023-07-02T02:05:53.211+0000] {processor.py:826} INFO - Processing file /home/airflow/.local/lib/python3.7/site-packages/airflow/example_dags/example_short_circuit_decorator.py for tasks to queue
[2023-07-02T02:05:53.212+0000] {logging_mixin.py:149} INFO - [2023-07-02T02:05:53.212+0000] {dagbag.py:541} INFO - Filling up the DagBag from /home/airflow/.local/lib/python3.7/site-packages/airflow/example_dags/example_short_circuit_decorator.py
[2023-07-02T02:05:53.226+0000] {processor.py:836} INFO - DAG(s) dict_keys(['example_short_circuit_decorator']) retrieved from /home/airflow/.local/lib/python3.7/site-packages/airflow/example_dags/example_short_circuit_decorator.py
[2023-07-02T02:05:53.276+0000] {logging_mixin.py:149} INFO - [2023-07-02T02:05:53.276+0000] {dag.py:2726} INFO - Sync 1 DAGs
[2023-07-02T02:05:53.319+0000] {logging_mixin.py:149} INFO - [2023-07-02T02:05:53.319+0000] {dag.py:3490} INFO - Setting next_dagrun for example_short_circuit_decorator to 2023-07-01T02:05:53.319194+00:00, run_after=2023-07-02T02:05:53.319194+00:00
[2023-07-02T02:05:53.350+0000] {processor.py:179} INFO - Processing /home/airflow/.local/lib/python3.7/site-packages/airflow/example_dags/example_short_circuit_decorator.py took 0.145 seconds
[2023-07-02T02:06:24.206+0000] {processor.py:157} INFO - Started process (PID=290) to work on /home/airflow/.local/lib/python3.7/site-packages/airflow/example_dags/example_short_circuit_decorator.py
[2023-07-02T02:06:24.207+0000] {processor.py:826} INFO - Processing file /home/airflow/.local/lib/python3.7/site-packages/airflow/example_dags/example_short_circuit_decorator.py for tasks to queue
[2023-07-02T02:06:24.209+0000] {logging_mixin.py:149} INFO - [2023-07-02T02:06:24.209+0000] {dagbag.py:541} INFO - Filling up the DagBag from /home/airflow/.local/lib/python3.7/site-packages/airflow/example_dags/example_short_circuit_decorator.py
[2023-07-02T02:06:24.222+0000] {processor.py:836} INFO - DAG(s) dict_keys(['example_short_circuit_decorator']) retrieved from /home/airflow/.local/lib/python3.7/site-packages/airflow/example_dags/example_short_circuit_decorator.py
[2023-07-02T02:06:24.268+0000] {logging_mixin.py:149} INFO - [2023-07-02T02:06:24.268+0000] {dag.py:2726} INFO - Sync 1 DAGs
[2023-07-02T02:06:24.304+0000] {logging_mixin.py:149} INFO - [2023-07-02T02:06:24.304+0000] {dag.py:3490} INFO - Setting next_dagrun for example_short_circuit_decorator to 2023-07-01T02:06:24.304292+00:00, run_after=2023-07-02T02:06:24.304292+00:00
[2023-07-02T02:06:24.337+0000] {processor.py:179} INFO - Processing /home/airflow/.local/lib/python3.7/site-packages/airflow/example_dags/example_short_circuit_decorator.py took 0.135 seconds
[2023-07-02T02:06:54.636+0000] {processor.py:157} INFO - Started process (PID=348) to work on /home/airflow/.local/lib/python3.7/site-packages/airflow/example_dags/example_short_circuit_decorator.py
[2023-07-02T02:06:54.638+0000] {processor.py:826} INFO - Processing file /home/airflow/.local/lib/python3.7/site-packages/airflow/example_dags/example_short_circuit_decorator.py for tasks to queue
[2023-07-02T02:06:54.639+0000] {logging_mixin.py:149} INFO - [2023-07-02T02:06:54.639+0000] {dagbag.py:541} INFO - Filling up the DagBag from /home/airflow/.local/lib/python3.7/site-packages/airflow/example_dags/example_short_circuit_decorator.py
[2023-07-02T02:06:54.655+0000] {processor.py:836} INFO - DAG(s) dict_keys(['example_short_circuit_decorator']) retrieved from /home/airflow/.local/lib/python3.7/site-packages/airflow/example_dags/example_short_circuit_decorator.py
[2023-07-02T02:06:54.701+0000] {logging_mixin.py:149} INFO - [2023-07-02T02:06:54.701+0000] {dag.py:2726} INFO - Sync 1 DAGs
[2023-07-02T02:06:54.741+0000] {logging_mixin.py:149} INFO - [2023-07-02T02:06:54.741+0000] {dag.py:3490} INFO - Setting next_dagrun for example_short_circuit_decorator to 2023-07-01T02:06:54.741056+00:00, run_after=2023-07-02T02:06:54.741056+00:00
[2023-07-02T02:06:54.770+0000] {processor.py:179} INFO - Processing /home/airflow/.local/lib/python3.7/site-packages/airflow/example_dags/example_short_circuit_decorator.py took 0.137 seconds
[2023-07-02T02:12:41.649+0000] {processor.py:157} INFO - Started process (PID=58) to work on /home/airflow/.local/lib/python3.7/site-packages/airflow/example_dags/example_short_circuit_decorator.py
[2023-07-02T02:12:41.653+0000] {processor.py:826} INFO - Processing file /home/airflow/.local/lib/python3.7/site-packages/airflow/example_dags/example_short_circuit_decorator.py for tasks to queue
[2023-07-02T02:12:41.656+0000] {logging_mixin.py:149} INFO - [2023-07-02T02:12:41.655+0000] {dagbag.py:541} INFO - Filling up the DagBag from /home/airflow/.local/lib/python3.7/site-packages/airflow/example_dags/example_short_circuit_decorator.py
[2023-07-02T02:12:41.678+0000] {processor.py:836} INFO - DAG(s) dict_keys(['example_short_circuit_decorator']) retrieved from /home/airflow/.local/lib/python3.7/site-packages/airflow/example_dags/example_short_circuit_decorator.py
[2023-07-02T02:12:41.740+0000] {logging_mixin.py:149} INFO - [2023-07-02T02:12:41.740+0000] {dag.py:2726} INFO - Sync 1 DAGs
[2023-07-02T02:12:41.909+0000] {logging_mixin.py:149} INFO - [2023-07-02T02:12:41.909+0000] {dag.py:3490} INFO - Setting next_dagrun for example_short_circuit_decorator to 2023-07-01T02:12:41.908938+00:00, run_after=2023-07-02T02:12:41.908938+00:00
[2023-07-02T02:12:41.944+0000] {processor.py:179} INFO - Processing /home/airflow/.local/lib/python3.7/site-packages/airflow/example_dags/example_short_circuit_decorator.py took 0.303 seconds
[2023-07-02T02:13:12.678+0000] {processor.py:157} INFO - Started process (PID=119) to work on /home/airflow/.local/lib/python3.7/site-packages/airflow/example_dags/example_short_circuit_decorator.py
[2023-07-02T02:13:12.679+0000] {processor.py:826} INFO - Processing file /home/airflow/.local/lib/python3.7/site-packages/airflow/example_dags/example_short_circuit_decorator.py for tasks to queue
[2023-07-02T02:13:12.681+0000] {logging_mixin.py:149} INFO - [2023-07-02T02:13:12.680+0000] {dagbag.py:541} INFO - Filling up the DagBag from /home/airflow/.local/lib/python3.7/site-packages/airflow/example_dags/example_short_circuit_decorator.py
[2023-07-02T02:13:12.700+0000] {processor.py:836} INFO - DAG(s) dict_keys(['example_short_circuit_decorator']) retrieved from /home/airflow/.local/lib/python3.7/site-packages/airflow/example_dags/example_short_circuit_decorator.py
[2023-07-02T02:13:12.736+0000] {logging_mixin.py:149} INFO - [2023-07-02T02:13:12.736+0000] {dag.py:2726} INFO - Sync 1 DAGs
[2023-07-02T02:13:12.776+0000] {logging_mixin.py:149} INFO - [2023-07-02T02:13:12.776+0000] {dag.py:3490} INFO - Setting next_dagrun for example_short_circuit_decorator to 2023-07-01T02:13:12.776446+00:00, run_after=2023-07-02T02:13:12.776446+00:00
[2023-07-02T02:13:12.837+0000] {processor.py:179} INFO - Processing /home/airflow/.local/lib/python3.7/site-packages/airflow/example_dags/example_short_circuit_decorator.py took 0.163 seconds
[2023-07-02T02:13:43.003+0000] {processor.py:157} INFO - Started process (PID=177) to work on /home/airflow/.local/lib/python3.7/site-packages/airflow/example_dags/example_short_circuit_decorator.py
[2023-07-02T02:13:43.005+0000] {processor.py:826} INFO - Processing file /home/airflow/.local/lib/python3.7/site-packages/airflow/example_dags/example_short_circuit_decorator.py for tasks to queue
[2023-07-02T02:13:43.006+0000] {logging_mixin.py:149} INFO - [2023-07-02T02:13:43.006+0000] {dagbag.py:541} INFO - Filling up the DagBag from /home/airflow/.local/lib/python3.7/site-packages/airflow/example_dags/example_short_circuit_decorator.py
[2023-07-02T02:13:43.021+0000] {processor.py:836} INFO - DAG(s) dict_keys(['example_short_circuit_decorator']) retrieved from /home/airflow/.local/lib/python3.7/site-packages/airflow/example_dags/example_short_circuit_decorator.py
[2023-07-02T02:13:43.065+0000] {logging_mixin.py:149} INFO - [2023-07-02T02:13:43.065+0000] {dag.py:2726} INFO - Sync 1 DAGs
[2023-07-02T02:13:43.106+0000] {logging_mixin.py:149} INFO - [2023-07-02T02:13:43.106+0000] {dag.py:3490} INFO - Setting next_dagrun for example_short_circuit_decorator to 2023-07-01T02:13:43.105848+00:00, run_after=2023-07-02T02:13:43.105848+00:00
[2023-07-02T02:13:43.135+0000] {processor.py:179} INFO - Processing /home/airflow/.local/lib/python3.7/site-packages/airflow/example_dags/example_short_circuit_decorator.py took 0.136 seconds
[2023-07-02T02:14:13.621+0000] {processor.py:157} INFO - Started process (PID=235) to work on /home/airflow/.local/lib/python3.7/site-packages/airflow/example_dags/example_short_circuit_decorator.py
[2023-07-02T02:14:13.625+0000] {processor.py:826} INFO - Processing file /home/airflow/.local/lib/python3.7/site-packages/airflow/example_dags/example_short_circuit_decorator.py for tasks to queue
[2023-07-02T02:14:13.628+0000] {logging_mixin.py:149} INFO - [2023-07-02T02:14:13.627+0000] {dagbag.py:541} INFO - Filling up the DagBag from /home/airflow/.local/lib/python3.7/site-packages/airflow/example_dags/example_short_circuit_decorator.py
[2023-07-02T02:14:13.658+0000] {processor.py:836} INFO - DAG(s) dict_keys(['example_short_circuit_decorator']) retrieved from /home/airflow/.local/lib/python3.7/site-packages/airflow/example_dags/example_short_circuit_decorator.py
[2023-07-02T02:14:13.733+0000] {logging_mixin.py:149} INFO - [2023-07-02T02:14:13.731+0000] {dag.py:2726} INFO - Sync 1 DAGs
[2023-07-02T02:14:13.803+0000] {logging_mixin.py:149} INFO - [2023-07-02T02:14:13.803+0000] {dag.py:3490} INFO - Setting next_dagrun for example_short_circuit_decorator to 2023-07-01T02:14:13.803028+00:00, run_after=2023-07-02T02:14:13.803028+00:00
[2023-07-02T02:14:13.854+0000] {processor.py:179} INFO - Processing /home/airflow/.local/lib/python3.7/site-packages/airflow/example_dags/example_short_circuit_decorator.py took 0.242 seconds
[2023-07-02T02:14:44.441+0000] {processor.py:157} INFO - Started process (PID=293) to work on /home/airflow/.local/lib/python3.7/site-packages/airflow/example_dags/example_short_circuit_decorator.py
[2023-07-02T02:14:44.442+0000] {processor.py:826} INFO - Processing file /home/airflow/.local/lib/python3.7/site-packages/airflow/example_dags/example_short_circuit_decorator.py for tasks to queue
[2023-07-02T02:14:44.444+0000] {logging_mixin.py:149} INFO - [2023-07-02T02:14:44.443+0000] {dagbag.py:541} INFO - Filling up the DagBag from /home/airflow/.local/lib/python3.7/site-packages/airflow/example_dags/example_short_circuit_decorator.py
[2023-07-02T02:14:44.457+0000] {processor.py:836} INFO - DAG(s) dict_keys(['example_short_circuit_decorator']) retrieved from /home/airflow/.local/lib/python3.7/site-packages/airflow/example_dags/example_short_circuit_decorator.py
[2023-07-02T02:14:44.616+0000] {logging_mixin.py:149} INFO - [2023-07-02T02:14:44.616+0000] {dag.py:2726} INFO - Sync 1 DAGs
[2023-07-02T02:14:44.645+0000] {logging_mixin.py:149} INFO - [2023-07-02T02:14:44.645+0000] {dag.py:3490} INFO - Setting next_dagrun for example_short_circuit_decorator to 2023-07-01T02:14:44.645234+00:00, run_after=2023-07-02T02:14:44.645234+00:00
[2023-07-02T02:14:44.672+0000] {processor.py:179} INFO - Processing /home/airflow/.local/lib/python3.7/site-packages/airflow/example_dags/example_short_circuit_decorator.py took 0.236 seconds
[2023-07-02T02:15:15.184+0000] {processor.py:157} INFO - Started process (PID=351) to work on /home/airflow/.local/lib/python3.7/site-packages/airflow/example_dags/example_short_circuit_decorator.py
[2023-07-02T02:15:15.186+0000] {processor.py:826} INFO - Processing file /home/airflow/.local/lib/python3.7/site-packages/airflow/example_dags/example_short_circuit_decorator.py for tasks to queue
[2023-07-02T02:15:15.187+0000] {logging_mixin.py:149} INFO - [2023-07-02T02:15:15.186+0000] {dagbag.py:541} INFO - Filling up the DagBag from /home/airflow/.local/lib/python3.7/site-packages/airflow/example_dags/example_short_circuit_decorator.py
[2023-07-02T02:15:15.199+0000] {processor.py:836} INFO - DAG(s) dict_keys(['example_short_circuit_decorator']) retrieved from /home/airflow/.local/lib/python3.7/site-packages/airflow/example_dags/example_short_circuit_decorator.py
[2023-07-02T02:15:15.233+0000] {logging_mixin.py:149} INFO - [2023-07-02T02:15:15.233+0000] {dag.py:2726} INFO - Sync 1 DAGs
[2023-07-02T02:15:15.267+0000] {logging_mixin.py:149} INFO - [2023-07-02T02:15:15.267+0000] {dag.py:3490} INFO - Setting next_dagrun for example_short_circuit_decorator to 2023-07-01T02:15:15.267291+00:00, run_after=2023-07-02T02:15:15.267291+00:00
[2023-07-02T02:15:15.292+0000] {processor.py:179} INFO - Processing /home/airflow/.local/lib/python3.7/site-packages/airflow/example_dags/example_short_circuit_decorator.py took 0.112 seconds
[2023-07-02T02:15:46.602+0000] {processor.py:157} INFO - Started process (PID=408) to work on /home/airflow/.local/lib/python3.7/site-packages/airflow/example_dags/example_short_circuit_decorator.py
[2023-07-02T02:15:46.603+0000] {processor.py:826} INFO - Processing file /home/airflow/.local/lib/python3.7/site-packages/airflow/example_dags/example_short_circuit_decorator.py for tasks to queue
[2023-07-02T02:15:46.604+0000] {logging_mixin.py:149} INFO - [2023-07-02T02:15:46.604+0000] {dagbag.py:541} INFO - Filling up the DagBag from /home/airflow/.local/lib/python3.7/site-packages/airflow/example_dags/example_short_circuit_decorator.py
[2023-07-02T02:15:46.617+0000] {processor.py:836} INFO - DAG(s) dict_keys(['example_short_circuit_decorator']) retrieved from /home/airflow/.local/lib/python3.7/site-packages/airflow/example_dags/example_short_circuit_decorator.py
[2023-07-02T02:15:46.776+0000] {logging_mixin.py:149} INFO - [2023-07-02T02:15:46.776+0000] {dag.py:2726} INFO - Sync 1 DAGs
[2023-07-02T02:15:46.808+0000] {logging_mixin.py:149} INFO - [2023-07-02T02:15:46.808+0000] {dag.py:3490} INFO - Setting next_dagrun for example_short_circuit_decorator to 2023-07-01T02:15:46.808204+00:00, run_after=2023-07-02T02:15:46.808204+00:00
[2023-07-02T02:15:46.838+0000] {processor.py:179} INFO - Processing /home/airflow/.local/lib/python3.7/site-packages/airflow/example_dags/example_short_circuit_decorator.py took 0.240 seconds
[2023-07-02T02:16:17.794+0000] {processor.py:157} INFO - Started process (PID=466) to work on /home/airflow/.local/lib/python3.7/site-packages/airflow/example_dags/example_short_circuit_decorator.py
[2023-07-02T02:16:17.795+0000] {processor.py:826} INFO - Processing file /home/airflow/.local/lib/python3.7/site-packages/airflow/example_dags/example_short_circuit_decorator.py for tasks to queue
[2023-07-02T02:16:17.796+0000] {logging_mixin.py:149} INFO - [2023-07-02T02:16:17.796+0000] {dagbag.py:541} INFO - Filling up the DagBag from /home/airflow/.local/lib/python3.7/site-packages/airflow/example_dags/example_short_circuit_decorator.py
[2023-07-02T02:16:17.813+0000] {processor.py:836} INFO - DAG(s) dict_keys(['example_short_circuit_decorator']) retrieved from /home/airflow/.local/lib/python3.7/site-packages/airflow/example_dags/example_short_circuit_decorator.py
[2023-07-02T02:16:17.859+0000] {logging_mixin.py:149} INFO - [2023-07-02T02:16:17.858+0000] {dag.py:2726} INFO - Sync 1 DAGs
[2023-07-02T02:16:17.905+0000] {logging_mixin.py:149} INFO - [2023-07-02T02:16:17.905+0000] {dag.py:3490} INFO - Setting next_dagrun for example_short_circuit_decorator to 2023-07-01T02:16:17.905337+00:00, run_after=2023-07-02T02:16:17.905337+00:00
[2023-07-02T02:16:17.949+0000] {processor.py:179} INFO - Processing /home/airflow/.local/lib/python3.7/site-packages/airflow/example_dags/example_short_circuit_decorator.py took 0.159 seconds
[2023-07-02T02:16:48.932+0000] {processor.py:157} INFO - Started process (PID=525) to work on /home/airflow/.local/lib/python3.7/site-packages/airflow/example_dags/example_short_circuit_decorator.py
[2023-07-02T02:16:48.934+0000] {processor.py:826} INFO - Processing file /home/airflow/.local/lib/python3.7/site-packages/airflow/example_dags/example_short_circuit_decorator.py for tasks to queue
[2023-07-02T02:16:48.941+0000] {logging_mixin.py:149} INFO - [2023-07-02T02:16:48.936+0000] {dagbag.py:541} INFO - Filling up the DagBag from /home/airflow/.local/lib/python3.7/site-packages/airflow/example_dags/example_short_circuit_decorator.py
[2023-07-02T02:16:48.966+0000] {processor.py:836} INFO - DAG(s) dict_keys(['example_short_circuit_decorator']) retrieved from /home/airflow/.local/lib/python3.7/site-packages/airflow/example_dags/example_short_circuit_decorator.py
[2023-07-02T02:16:49.016+0000] {logging_mixin.py:149} INFO - [2023-07-02T02:16:49.016+0000] {dag.py:2726} INFO - Sync 1 DAGs
[2023-07-02T02:16:49.059+0000] {logging_mixin.py:149} INFO - [2023-07-02T02:16:49.059+0000] {dag.py:3490} INFO - Setting next_dagrun for example_short_circuit_decorator to 2023-07-01T02:16:49.058941+00:00, run_after=2023-07-02T02:16:49.058941+00:00
[2023-07-02T02:16:49.088+0000] {processor.py:179} INFO - Processing /home/airflow/.local/lib/python3.7/site-packages/airflow/example_dags/example_short_circuit_decorator.py took 0.163 seconds
[2023-07-02T02:17:19.137+0000] {processor.py:157} INFO - Started process (PID=584) to work on /home/airflow/.local/lib/python3.7/site-packages/airflow/example_dags/example_short_circuit_decorator.py
[2023-07-02T02:17:19.159+0000] {processor.py:826} INFO - Processing file /home/airflow/.local/lib/python3.7/site-packages/airflow/example_dags/example_short_circuit_decorator.py for tasks to queue
[2023-07-02T02:17:19.161+0000] {logging_mixin.py:149} INFO - [2023-07-02T02:17:19.161+0000] {dagbag.py:541} INFO - Filling up the DagBag from /home/airflow/.local/lib/python3.7/site-packages/airflow/example_dags/example_short_circuit_decorator.py
[2023-07-02T02:17:19.180+0000] {processor.py:836} INFO - DAG(s) dict_keys(['example_short_circuit_decorator']) retrieved from /home/airflow/.local/lib/python3.7/site-packages/airflow/example_dags/example_short_circuit_decorator.py
[2023-07-02T02:17:19.230+0000] {logging_mixin.py:149} INFO - [2023-07-02T02:17:19.230+0000] {dag.py:2726} INFO - Sync 1 DAGs
[2023-07-02T02:17:19.269+0000] {logging_mixin.py:149} INFO - [2023-07-02T02:17:19.269+0000] {dag.py:3490} INFO - Setting next_dagrun for example_short_circuit_decorator to 2023-07-01T02:17:19.269160+00:00, run_after=2023-07-02T02:17:19.269160+00:00
[2023-07-02T02:17:19.301+0000] {processor.py:179} INFO - Processing /home/airflow/.local/lib/python3.7/site-packages/airflow/example_dags/example_short_circuit_decorator.py took 0.169 seconds
[2023-07-02T02:17:49.532+0000] {processor.py:157} INFO - Started process (PID=643) to work on /home/airflow/.local/lib/python3.7/site-packages/airflow/example_dags/example_short_circuit_decorator.py
[2023-07-02T02:17:49.534+0000] {processor.py:826} INFO - Processing file /home/airflow/.local/lib/python3.7/site-packages/airflow/example_dags/example_short_circuit_decorator.py for tasks to queue
[2023-07-02T02:17:49.536+0000] {logging_mixin.py:149} INFO - [2023-07-02T02:17:49.535+0000] {dagbag.py:541} INFO - Filling up the DagBag from /home/airflow/.local/lib/python3.7/site-packages/airflow/example_dags/example_short_circuit_decorator.py
[2023-07-02T02:17:49.558+0000] {processor.py:836} INFO - DAG(s) dict_keys(['example_short_circuit_decorator']) retrieved from /home/airflow/.local/lib/python3.7/site-packages/airflow/example_dags/example_short_circuit_decorator.py
[2023-07-02T02:17:49.619+0000] {logging_mixin.py:149} INFO - [2023-07-02T02:17:49.618+0000] {dag.py:2726} INFO - Sync 1 DAGs
[2023-07-02T02:17:49.680+0000] {logging_mixin.py:149} INFO - [2023-07-02T02:17:49.680+0000] {dag.py:3490} INFO - Setting next_dagrun for example_short_circuit_decorator to 2023-07-01T02:17:49.679958+00:00, run_after=2023-07-02T02:17:49.679958+00:00
[2023-07-02T02:17:49.736+0000] {processor.py:179} INFO - Processing /home/airflow/.local/lib/python3.7/site-packages/airflow/example_dags/example_short_circuit_decorator.py took 0.210 seconds
[2023-07-02T02:18:20.064+0000] {processor.py:157} INFO - Started process (PID=701) to work on /home/airflow/.local/lib/python3.7/site-packages/airflow/example_dags/example_short_circuit_decorator.py
[2023-07-02T02:18:20.066+0000] {processor.py:826} INFO - Processing file /home/airflow/.local/lib/python3.7/site-packages/airflow/example_dags/example_short_circuit_decorator.py for tasks to queue
[2023-07-02T02:18:20.067+0000] {logging_mixin.py:149} INFO - [2023-07-02T02:18:20.067+0000] {dagbag.py:541} INFO - Filling up the DagBag from /home/airflow/.local/lib/python3.7/site-packages/airflow/example_dags/example_short_circuit_decorator.py
[2023-07-02T02:18:20.081+0000] {processor.py:836} INFO - DAG(s) dict_keys(['example_short_circuit_decorator']) retrieved from /home/airflow/.local/lib/python3.7/site-packages/airflow/example_dags/example_short_circuit_decorator.py
[2023-07-02T02:18:20.116+0000] {logging_mixin.py:149} INFO - [2023-07-02T02:18:20.116+0000] {dag.py:2726} INFO - Sync 1 DAGs
[2023-07-02T02:18:20.161+0000] {logging_mixin.py:149} INFO - [2023-07-02T02:18:20.161+0000] {dag.py:3490} INFO - Setting next_dagrun for example_short_circuit_decorator to 2023-07-01T02:18:20.161337+00:00, run_after=2023-07-02T02:18:20.161337+00:00
[2023-07-02T02:18:20.195+0000] {processor.py:179} INFO - Processing /home/airflow/.local/lib/python3.7/site-packages/airflow/example_dags/example_short_circuit_decorator.py took 0.135 seconds
[2023-07-02T02:18:51.158+0000] {processor.py:157} INFO - Started process (PID=759) to work on /home/airflow/.local/lib/python3.7/site-packages/airflow/example_dags/example_short_circuit_decorator.py
[2023-07-02T02:18:51.160+0000] {processor.py:826} INFO - Processing file /home/airflow/.local/lib/python3.7/site-packages/airflow/example_dags/example_short_circuit_decorator.py for tasks to queue
[2023-07-02T02:18:51.161+0000] {logging_mixin.py:149} INFO - [2023-07-02T02:18:51.161+0000] {dagbag.py:541} INFO - Filling up the DagBag from /home/airflow/.local/lib/python3.7/site-packages/airflow/example_dags/example_short_circuit_decorator.py
[2023-07-02T02:18:51.173+0000] {processor.py:836} INFO - DAG(s) dict_keys(['example_short_circuit_decorator']) retrieved from /home/airflow/.local/lib/python3.7/site-packages/airflow/example_dags/example_short_circuit_decorator.py
[2023-07-02T02:18:51.209+0000] {logging_mixin.py:149} INFO - [2023-07-02T02:18:51.208+0000] {dag.py:2726} INFO - Sync 1 DAGs
[2023-07-02T02:18:51.244+0000] {logging_mixin.py:149} INFO - [2023-07-02T02:18:51.244+0000] {dag.py:3490} INFO - Setting next_dagrun for example_short_circuit_decorator to 2023-07-01T02:18:51.244318+00:00, run_after=2023-07-02T02:18:51.244318+00:00
[2023-07-02T02:18:51.273+0000] {processor.py:179} INFO - Processing /home/airflow/.local/lib/python3.7/site-packages/airflow/example_dags/example_short_circuit_decorator.py took 0.118 seconds
[2023-07-02T02:19:21.404+0000] {processor.py:157} INFO - Started process (PID=816) to work on /home/airflow/.local/lib/python3.7/site-packages/airflow/example_dags/example_short_circuit_decorator.py
[2023-07-02T02:19:21.405+0000] {processor.py:826} INFO - Processing file /home/airflow/.local/lib/python3.7/site-packages/airflow/example_dags/example_short_circuit_decorator.py for tasks to queue
[2023-07-02T02:19:21.406+0000] {logging_mixin.py:149} INFO - [2023-07-02T02:19:21.406+0000] {dagbag.py:541} INFO - Filling up the DagBag from /home/airflow/.local/lib/python3.7/site-packages/airflow/example_dags/example_short_circuit_decorator.py
[2023-07-02T02:19:21.420+0000] {processor.py:836} INFO - DAG(s) dict_keys(['example_short_circuit_decorator']) retrieved from /home/airflow/.local/lib/python3.7/site-packages/airflow/example_dags/example_short_circuit_decorator.py
[2023-07-02T02:19:21.459+0000] {logging_mixin.py:149} INFO - [2023-07-02T02:19:21.459+0000] {dag.py:2726} INFO - Sync 1 DAGs
[2023-07-02T02:19:21.495+0000] {logging_mixin.py:149} INFO - [2023-07-02T02:19:21.495+0000] {dag.py:3490} INFO - Setting next_dagrun for example_short_circuit_decorator to 2023-07-01T02:19:21.494760+00:00, run_after=2023-07-02T02:19:21.494760+00:00
[2023-07-02T02:19:21.521+0000] {processor.py:179} INFO - Processing /home/airflow/.local/lib/python3.7/site-packages/airflow/example_dags/example_short_circuit_decorator.py took 0.122 seconds
[2023-07-02T02:19:51.669+0000] {processor.py:157} INFO - Started process (PID=874) to work on /home/airflow/.local/lib/python3.7/site-packages/airflow/example_dags/example_short_circuit_decorator.py
[2023-07-02T02:19:51.670+0000] {processor.py:826} INFO - Processing file /home/airflow/.local/lib/python3.7/site-packages/airflow/example_dags/example_short_circuit_decorator.py for tasks to queue
[2023-07-02T02:19:51.672+0000] {logging_mixin.py:149} INFO - [2023-07-02T02:19:51.671+0000] {dagbag.py:541} INFO - Filling up the DagBag from /home/airflow/.local/lib/python3.7/site-packages/airflow/example_dags/example_short_circuit_decorator.py
[2023-07-02T02:19:51.684+0000] {processor.py:836} INFO - DAG(s) dict_keys(['example_short_circuit_decorator']) retrieved from /home/airflow/.local/lib/python3.7/site-packages/airflow/example_dags/example_short_circuit_decorator.py
[2023-07-02T02:19:51.724+0000] {logging_mixin.py:149} INFO - [2023-07-02T02:19:51.723+0000] {dag.py:2726} INFO - Sync 1 DAGs
[2023-07-02T02:19:51.772+0000] {logging_mixin.py:149} INFO - [2023-07-02T02:19:51.772+0000] {dag.py:3490} INFO - Setting next_dagrun for example_short_circuit_decorator to 2023-07-01T02:19:51.771953+00:00, run_after=2023-07-02T02:19:51.771953+00:00
[2023-07-02T02:19:51.775+0000] {processor.py:179} INFO - Processing /home/airflow/.local/lib/python3.7/site-packages/airflow/example_dags/example_short_circuit_decorator.py took 0.132 seconds
[2023-07-02T02:20:22.004+0000] {processor.py:157} INFO - Started process (PID=933) to work on /home/airflow/.local/lib/python3.7/site-packages/airflow/example_dags/example_short_circuit_decorator.py
[2023-07-02T02:20:22.006+0000] {processor.py:826} INFO - Processing file /home/airflow/.local/lib/python3.7/site-packages/airflow/example_dags/example_short_circuit_decorator.py for tasks to queue
[2023-07-02T02:20:22.007+0000] {logging_mixin.py:149} INFO - [2023-07-02T02:20:22.007+0000] {dagbag.py:541} INFO - Filling up the DagBag from /home/airflow/.local/lib/python3.7/site-packages/airflow/example_dags/example_short_circuit_decorator.py
[2023-07-02T02:20:22.021+0000] {processor.py:836} INFO - DAG(s) dict_keys(['example_short_circuit_decorator']) retrieved from /home/airflow/.local/lib/python3.7/site-packages/airflow/example_dags/example_short_circuit_decorator.py
[2023-07-02T02:20:22.059+0000] {logging_mixin.py:149} INFO - [2023-07-02T02:20:22.059+0000] {dag.py:2726} INFO - Sync 1 DAGs
[2023-07-02T02:20:22.096+0000] {logging_mixin.py:149} INFO - [2023-07-02T02:20:22.096+0000] {dag.py:3490} INFO - Setting next_dagrun for example_short_circuit_decorator to 2023-07-01T02:20:22.095896+00:00, run_after=2023-07-02T02:20:22.095896+00:00
[2023-07-02T02:20:22.130+0000] {processor.py:179} INFO - Processing /home/airflow/.local/lib/python3.7/site-packages/airflow/example_dags/example_short_circuit_decorator.py took 0.130 seconds
[2023-07-02T02:20:52.472+0000] {processor.py:157} INFO - Started process (PID=991) to work on /home/airflow/.local/lib/python3.7/site-packages/airflow/example_dags/example_short_circuit_decorator.py
[2023-07-02T02:20:52.473+0000] {processor.py:826} INFO - Processing file /home/airflow/.local/lib/python3.7/site-packages/airflow/example_dags/example_short_circuit_decorator.py for tasks to queue
[2023-07-02T02:20:52.475+0000] {logging_mixin.py:149} INFO - [2023-07-02T02:20:52.474+0000] {dagbag.py:541} INFO - Filling up the DagBag from /home/airflow/.local/lib/python3.7/site-packages/airflow/example_dags/example_short_circuit_decorator.py
[2023-07-02T02:20:52.489+0000] {processor.py:836} INFO - DAG(s) dict_keys(['example_short_circuit_decorator']) retrieved from /home/airflow/.local/lib/python3.7/site-packages/airflow/example_dags/example_short_circuit_decorator.py
[2023-07-02T02:20:52.534+0000] {logging_mixin.py:149} INFO - [2023-07-02T02:20:52.534+0000] {dag.py:2726} INFO - Sync 1 DAGs
[2023-07-02T02:20:52.575+0000] {logging_mixin.py:149} INFO - [2023-07-02T02:20:52.575+0000] {dag.py:3490} INFO - Setting next_dagrun for example_short_circuit_decorator to 2023-07-01T02:20:52.574778+00:00, run_after=2023-07-02T02:20:52.574778+00:00
[2023-07-02T02:20:52.603+0000] {processor.py:179} INFO - Processing /home/airflow/.local/lib/python3.7/site-packages/airflow/example_dags/example_short_circuit_decorator.py took 0.135 seconds
[2023-07-02T02:21:22.745+0000] {processor.py:157} INFO - Started process (PID=1049) to work on /home/airflow/.local/lib/python3.7/site-packages/airflow/example_dags/example_short_circuit_decorator.py
[2023-07-02T02:21:22.748+0000] {processor.py:826} INFO - Processing file /home/airflow/.local/lib/python3.7/site-packages/airflow/example_dags/example_short_circuit_decorator.py for tasks to queue
[2023-07-02T02:21:22.749+0000] {logging_mixin.py:149} INFO - [2023-07-02T02:21:22.749+0000] {dagbag.py:541} INFO - Filling up the DagBag from /home/airflow/.local/lib/python3.7/site-packages/airflow/example_dags/example_short_circuit_decorator.py
[2023-07-02T02:21:22.762+0000] {processor.py:836} INFO - DAG(s) dict_keys(['example_short_circuit_decorator']) retrieved from /home/airflow/.local/lib/python3.7/site-packages/airflow/example_dags/example_short_circuit_decorator.py
[2023-07-02T02:21:22.796+0000] {logging_mixin.py:149} INFO - [2023-07-02T02:21:22.796+0000] {dag.py:2726} INFO - Sync 1 DAGs
[2023-07-02T02:21:22.832+0000] {logging_mixin.py:149} INFO - [2023-07-02T02:21:22.832+0000] {dag.py:3490} INFO - Setting next_dagrun for example_short_circuit_decorator to 2023-07-01T02:21:22.831827+00:00, run_after=2023-07-02T02:21:22.831827+00:00
[2023-07-02T02:21:22.857+0000] {processor.py:179} INFO - Processing /home/airflow/.local/lib/python3.7/site-packages/airflow/example_dags/example_short_circuit_decorator.py took 0.116 seconds
