[2023-07-02T01:19:20.547+0000] {processor.py:157} INFO - Started process (PID=76) to work on /home/airflow/.local/lib/python3.7/site-packages/airflow/example_dags/example_sla_dag.py
[2023-07-02T01:19:20.549+0000] {processor.py:826} INFO - Processing file /home/airflow/.local/lib/python3.7/site-packages/airflow/example_dags/example_sla_dag.py for tasks to queue
[2023-07-02T01:19:20.553+0000] {logging_mixin.py:149} INFO - [2023-07-02T01:19:20.552+0000] {dagbag.py:541} INFO - Filling up the DagBag from /home/airflow/.local/lib/python3.7/site-packages/airflow/example_dags/example_sla_dag.py
[2023-07-02T01:19:20.585+0000] {processor.py:836} INFO - DAG(s) dict_keys(['example_sla_dag']) retrieved from /home/airflow/.local/lib/python3.7/site-packages/airflow/example_dags/example_sla_dag.py
[2023-07-02T01:19:21.158+0000] {logging_mixin.py:149} INFO - [2023-07-02T01:19:21.158+0000] {manager.py:504} INFO - Created Permission View: can delete on DAG:example_sla_dag
[2023-07-02T01:19:21.216+0000] {logging_mixin.py:149} INFO - [2023-07-02T01:19:21.216+0000] {manager.py:504} INFO - Created Permission View: can edit on DAG:example_sla_dag
[2023-07-02T01:19:21.253+0000] {logging_mixin.py:149} INFO - [2023-07-02T01:19:21.253+0000] {manager.py:504} INFO - Created Permission View: can read on DAG:example_sla_dag
[2023-07-02T01:19:21.314+0000] {logging_mixin.py:149} INFO - [2023-07-02T01:19:21.313+0000] {dag.py:2726} INFO - Sync 1 DAGs
[2023-07-02T01:19:21.357+0000] {logging_mixin.py:149} INFO - [2023-07-02T01:19:21.356+0000] {dag.py:2747} INFO - Creating ORM DAG for example_sla_dag
[2023-07-02T01:19:21.408+0000] {logging_mixin.py:149} INFO - [2023-07-02T01:19:21.407+0000] {dag.py:3490} INFO - Setting next_dagrun for example_sla_dag to 2023-07-02T01:16:00+00:00, run_after=2023-07-02T01:18:00+00:00
[2023-07-02T01:19:21.470+0000] {processor.py:179} INFO - Processing /home/airflow/.local/lib/python3.7/site-packages/airflow/example_dags/example_sla_dag.py took 0.934 seconds
[2023-07-02T01:19:55.556+0000] {processor.py:157} INFO - Started process (PID=132) to work on /home/airflow/.local/lib/python3.7/site-packages/airflow/example_dags/example_sla_dag.py
[2023-07-02T01:19:55.558+0000] {processor.py:826} INFO - Processing file /home/airflow/.local/lib/python3.7/site-packages/airflow/example_dags/example_sla_dag.py for tasks to queue
[2023-07-02T01:19:55.560+0000] {logging_mixin.py:149} INFO - [2023-07-02T01:19:55.559+0000] {dagbag.py:541} INFO - Filling up the DagBag from /home/airflow/.local/lib/python3.7/site-packages/airflow/example_dags/example_sla_dag.py
[2023-07-02T01:19:55.576+0000] {processor.py:836} INFO - DAG(s) dict_keys(['example_sla_dag']) retrieved from /home/airflow/.local/lib/python3.7/site-packages/airflow/example_dags/example_sla_dag.py
[2023-07-02T01:19:55.624+0000] {logging_mixin.py:149} INFO - [2023-07-02T01:19:55.624+0000] {dag.py:2726} INFO - Sync 1 DAGs
[2023-07-02T01:19:55.682+0000] {logging_mixin.py:149} INFO - [2023-07-02T01:19:55.682+0000] {dag.py:3490} INFO - Setting next_dagrun for example_sla_dag to 2023-07-02T01:16:00+00:00, run_after=2023-07-02T01:18:00+00:00
[2023-07-02T01:19:55.723+0000] {processor.py:179} INFO - Processing /home/airflow/.local/lib/python3.7/site-packages/airflow/example_dags/example_sla_dag.py took 0.173 seconds
[2023-07-02T01:20:26.246+0000] {processor.py:157} INFO - Started process (PID=190) to work on /home/airflow/.local/lib/python3.7/site-packages/airflow/example_dags/example_sla_dag.py
[2023-07-02T01:20:26.248+0000] {processor.py:826} INFO - Processing file /home/airflow/.local/lib/python3.7/site-packages/airflow/example_dags/example_sla_dag.py for tasks to queue
[2023-07-02T01:20:26.250+0000] {logging_mixin.py:149} INFO - [2023-07-02T01:20:26.250+0000] {dagbag.py:541} INFO - Filling up the DagBag from /home/airflow/.local/lib/python3.7/site-packages/airflow/example_dags/example_sla_dag.py
[2023-07-02T01:20:26.266+0000] {processor.py:836} INFO - DAG(s) dict_keys(['example_sla_dag']) retrieved from /home/airflow/.local/lib/python3.7/site-packages/airflow/example_dags/example_sla_dag.py
[2023-07-02T01:20:26.319+0000] {logging_mixin.py:149} INFO - [2023-07-02T01:20:26.319+0000] {dag.py:2726} INFO - Sync 1 DAGs
[2023-07-02T01:20:26.376+0000] {logging_mixin.py:149} INFO - [2023-07-02T01:20:26.375+0000] {dag.py:3490} INFO - Setting next_dagrun for example_sla_dag to 2023-07-02T01:18:00+00:00, run_after=2023-07-02T01:20:00+00:00
[2023-07-02T01:20:26.430+0000] {processor.py:179} INFO - Processing /home/airflow/.local/lib/python3.7/site-packages/airflow/example_dags/example_sla_dag.py took 0.190 seconds
[2023-07-02T01:20:56.824+0000] {processor.py:157} INFO - Started process (PID=249) to work on /home/airflow/.local/lib/python3.7/site-packages/airflow/example_dags/example_sla_dag.py
[2023-07-02T01:20:56.826+0000] {processor.py:826} INFO - Processing file /home/airflow/.local/lib/python3.7/site-packages/airflow/example_dags/example_sla_dag.py for tasks to queue
[2023-07-02T01:20:56.829+0000] {logging_mixin.py:149} INFO - [2023-07-02T01:20:56.828+0000] {dagbag.py:541} INFO - Filling up the DagBag from /home/airflow/.local/lib/python3.7/site-packages/airflow/example_dags/example_sla_dag.py
[2023-07-02T01:20:56.847+0000] {processor.py:836} INFO - DAG(s) dict_keys(['example_sla_dag']) retrieved from /home/airflow/.local/lib/python3.7/site-packages/airflow/example_dags/example_sla_dag.py
[2023-07-02T01:20:56.908+0000] {logging_mixin.py:149} INFO - [2023-07-02T01:20:56.907+0000] {dag.py:2726} INFO - Sync 1 DAGs
[2023-07-02T01:20:56.967+0000] {logging_mixin.py:149} INFO - [2023-07-02T01:20:56.966+0000] {dag.py:3490} INFO - Setting next_dagrun for example_sla_dag to 2023-07-02T01:18:00+00:00, run_after=2023-07-02T01:20:00+00:00
[2023-07-02T01:20:57.005+0000] {processor.py:179} INFO - Processing /home/airflow/.local/lib/python3.7/site-packages/airflow/example_dags/example_sla_dag.py took 0.189 seconds
[2023-07-02T01:21:27.606+0000] {processor.py:157} INFO - Started process (PID=308) to work on /home/airflow/.local/lib/python3.7/site-packages/airflow/example_dags/example_sla_dag.py
[2023-07-02T01:21:27.608+0000] {processor.py:826} INFO - Processing file /home/airflow/.local/lib/python3.7/site-packages/airflow/example_dags/example_sla_dag.py for tasks to queue
[2023-07-02T01:21:27.610+0000] {logging_mixin.py:149} INFO - [2023-07-02T01:21:27.610+0000] {dagbag.py:541} INFO - Filling up the DagBag from /home/airflow/.local/lib/python3.7/site-packages/airflow/example_dags/example_sla_dag.py
[2023-07-02T01:21:27.627+0000] {processor.py:836} INFO - DAG(s) dict_keys(['example_sla_dag']) retrieved from /home/airflow/.local/lib/python3.7/site-packages/airflow/example_dags/example_sla_dag.py
[2023-07-02T01:21:27.677+0000] {logging_mixin.py:149} INFO - [2023-07-02T01:21:27.677+0000] {dag.py:2726} INFO - Sync 1 DAGs
[2023-07-02T01:21:27.746+0000] {logging_mixin.py:149} INFO - [2023-07-02T01:21:27.746+0000] {dag.py:3490} INFO - Setting next_dagrun for example_sla_dag to 2023-07-02T01:18:00+00:00, run_after=2023-07-02T01:20:00+00:00
[2023-07-02T01:21:27.781+0000] {processor.py:179} INFO - Processing /home/airflow/.local/lib/python3.7/site-packages/airflow/example_dags/example_sla_dag.py took 0.182 seconds
[2023-07-02T01:21:58.704+0000] {processor.py:157} INFO - Started process (PID=365) to work on /home/airflow/.local/lib/python3.7/site-packages/airflow/example_dags/example_sla_dag.py
[2023-07-02T01:21:58.706+0000] {processor.py:826} INFO - Processing file /home/airflow/.local/lib/python3.7/site-packages/airflow/example_dags/example_sla_dag.py for tasks to queue
[2023-07-02T01:21:58.707+0000] {logging_mixin.py:149} INFO - [2023-07-02T01:21:58.707+0000] {dagbag.py:541} INFO - Filling up the DagBag from /home/airflow/.local/lib/python3.7/site-packages/airflow/example_dags/example_sla_dag.py
[2023-07-02T01:21:58.725+0000] {processor.py:836} INFO - DAG(s) dict_keys(['example_sla_dag']) retrieved from /home/airflow/.local/lib/python3.7/site-packages/airflow/example_dags/example_sla_dag.py
[2023-07-02T01:21:58.799+0000] {logging_mixin.py:149} INFO - [2023-07-02T01:21:58.799+0000] {dag.py:2726} INFO - Sync 1 DAGs
[2023-07-02T01:21:58.855+0000] {logging_mixin.py:149} INFO - [2023-07-02T01:21:58.855+0000] {dag.py:3490} INFO - Setting next_dagrun for example_sla_dag to 2023-07-02T01:18:00+00:00, run_after=2023-07-02T01:20:00+00:00
[2023-07-02T01:21:58.892+0000] {processor.py:179} INFO - Processing /home/airflow/.local/lib/python3.7/site-packages/airflow/example_dags/example_sla_dag.py took 0.195 seconds
[2023-07-02T01:22:29.473+0000] {processor.py:157} INFO - Started process (PID=423) to work on /home/airflow/.local/lib/python3.7/site-packages/airflow/example_dags/example_sla_dag.py
[2023-07-02T01:22:29.483+0000] {processor.py:826} INFO - Processing file /home/airflow/.local/lib/python3.7/site-packages/airflow/example_dags/example_sla_dag.py for tasks to queue
[2023-07-02T01:22:29.485+0000] {logging_mixin.py:149} INFO - [2023-07-02T01:22:29.485+0000] {dagbag.py:541} INFO - Filling up the DagBag from /home/airflow/.local/lib/python3.7/site-packages/airflow/example_dags/example_sla_dag.py
[2023-07-02T01:22:29.508+0000] {processor.py:836} INFO - DAG(s) dict_keys(['example_sla_dag']) retrieved from /home/airflow/.local/lib/python3.7/site-packages/airflow/example_dags/example_sla_dag.py
[2023-07-02T01:22:29.555+0000] {logging_mixin.py:149} INFO - [2023-07-02T01:22:29.555+0000] {dag.py:2726} INFO - Sync 1 DAGs
[2023-07-02T01:22:29.613+0000] {logging_mixin.py:149} INFO - [2023-07-02T01:22:29.613+0000] {dag.py:3490} INFO - Setting next_dagrun for example_sla_dag to 2023-07-02T01:20:00+00:00, run_after=2023-07-02T01:22:00+00:00
[2023-07-02T01:22:29.646+0000] {processor.py:179} INFO - Processing /home/airflow/.local/lib/python3.7/site-packages/airflow/example_dags/example_sla_dag.py took 0.179 seconds
[2023-07-02T01:23:00.498+0000] {processor.py:157} INFO - Started process (PID=484) to work on /home/airflow/.local/lib/python3.7/site-packages/airflow/example_dags/example_sla_dag.py
[2023-07-02T01:23:00.501+0000] {processor.py:826} INFO - Processing file /home/airflow/.local/lib/python3.7/site-packages/airflow/example_dags/example_sla_dag.py for tasks to queue
[2023-07-02T01:23:00.503+0000] {logging_mixin.py:149} INFO - [2023-07-02T01:23:00.502+0000] {dagbag.py:541} INFO - Filling up the DagBag from /home/airflow/.local/lib/python3.7/site-packages/airflow/example_dags/example_sla_dag.py
[2023-07-02T01:23:00.521+0000] {processor.py:836} INFO - DAG(s) dict_keys(['example_sla_dag']) retrieved from /home/airflow/.local/lib/python3.7/site-packages/airflow/example_dags/example_sla_dag.py
[2023-07-02T01:23:00.587+0000] {logging_mixin.py:149} INFO - [2023-07-02T01:23:00.587+0000] {dag.py:2726} INFO - Sync 1 DAGs
[2023-07-02T01:23:00.647+0000] {logging_mixin.py:149} INFO - [2023-07-02T01:23:00.646+0000] {dag.py:3490} INFO - Setting next_dagrun for example_sla_dag to 2023-07-02T01:20:00+00:00, run_after=2023-07-02T01:22:00+00:00
[2023-07-02T01:23:00.710+0000] {processor.py:179} INFO - Processing /home/airflow/.local/lib/python3.7/site-packages/airflow/example_dags/example_sla_dag.py took 0.220 seconds
[2023-07-02T01:23:30.905+0000] {processor.py:157} INFO - Started process (PID=543) to work on /home/airflow/.local/lib/python3.7/site-packages/airflow/example_dags/example_sla_dag.py
[2023-07-02T01:23:30.907+0000] {processor.py:826} INFO - Processing file /home/airflow/.local/lib/python3.7/site-packages/airflow/example_dags/example_sla_dag.py for tasks to queue
[2023-07-02T01:23:30.909+0000] {logging_mixin.py:149} INFO - [2023-07-02T01:23:30.908+0000] {dagbag.py:541} INFO - Filling up the DagBag from /home/airflow/.local/lib/python3.7/site-packages/airflow/example_dags/example_sla_dag.py
[2023-07-02T01:23:30.929+0000] {processor.py:836} INFO - DAG(s) dict_keys(['example_sla_dag']) retrieved from /home/airflow/.local/lib/python3.7/site-packages/airflow/example_dags/example_sla_dag.py
[2023-07-02T01:23:30.995+0000] {logging_mixin.py:149} INFO - [2023-07-02T01:23:30.995+0000] {dag.py:2726} INFO - Sync 1 DAGs
[2023-07-02T01:23:31.057+0000] {logging_mixin.py:149} INFO - [2023-07-02T01:23:31.057+0000] {dag.py:3490} INFO - Setting next_dagrun for example_sla_dag to 2023-07-02T01:20:00+00:00, run_after=2023-07-02T01:22:00+00:00
[2023-07-02T01:23:31.098+0000] {processor.py:179} INFO - Processing /home/airflow/.local/lib/python3.7/site-packages/airflow/example_dags/example_sla_dag.py took 0.202 seconds
[2023-07-02T02:04:21.941+0000] {processor.py:157} INFO - Started process (PID=67) to work on /home/airflow/.local/lib/python3.7/site-packages/airflow/example_dags/example_sla_dag.py
[2023-07-02T02:04:21.943+0000] {processor.py:826} INFO - Processing file /home/airflow/.local/lib/python3.7/site-packages/airflow/example_dags/example_sla_dag.py for tasks to queue
[2023-07-02T02:04:21.945+0000] {logging_mixin.py:149} INFO - [2023-07-02T02:04:21.944+0000] {dagbag.py:541} INFO - Filling up the DagBag from /home/airflow/.local/lib/python3.7/site-packages/airflow/example_dags/example_sla_dag.py
[2023-07-02T02:04:21.958+0000] {processor.py:836} INFO - DAG(s) dict_keys(['example_sla_dag']) retrieved from /home/airflow/.local/lib/python3.7/site-packages/airflow/example_dags/example_sla_dag.py
[2023-07-02T02:04:21.996+0000] {logging_mixin.py:149} INFO - [2023-07-02T02:04:21.996+0000] {dag.py:2726} INFO - Sync 1 DAGs
[2023-07-02T02:04:22.073+0000] {logging_mixin.py:149} INFO - [2023-07-02T02:04:22.061+0000] {dag.py:3490} INFO - Setting next_dagrun for example_sla_dag to 2023-07-02T02:02:00+00:00, run_after=2023-07-02T02:04:00+00:00
[2023-07-02T02:04:22.110+0000] {processor.py:179} INFO - Processing /home/airflow/.local/lib/python3.7/site-packages/airflow/example_dags/example_sla_dag.py took 0.174 seconds
[2023-07-02T02:04:52.310+0000] {processor.py:157} INFO - Started process (PID=124) to work on /home/airflow/.local/lib/python3.7/site-packages/airflow/example_dags/example_sla_dag.py
[2023-07-02T02:04:52.311+0000] {processor.py:826} INFO - Processing file /home/airflow/.local/lib/python3.7/site-packages/airflow/example_dags/example_sla_dag.py for tasks to queue
[2023-07-02T02:04:52.313+0000] {logging_mixin.py:149} INFO - [2023-07-02T02:04:52.312+0000] {dagbag.py:541} INFO - Filling up the DagBag from /home/airflow/.local/lib/python3.7/site-packages/airflow/example_dags/example_sla_dag.py
[2023-07-02T02:04:52.325+0000] {processor.py:836} INFO - DAG(s) dict_keys(['example_sla_dag']) retrieved from /home/airflow/.local/lib/python3.7/site-packages/airflow/example_dags/example_sla_dag.py
[2023-07-02T02:04:52.359+0000] {logging_mixin.py:149} INFO - [2023-07-02T02:04:52.359+0000] {dag.py:2726} INFO - Sync 1 DAGs
[2023-07-02T02:04:52.394+0000] {logging_mixin.py:149} INFO - [2023-07-02T02:04:52.393+0000] {dag.py:3490} INFO - Setting next_dagrun for example_sla_dag to 2023-07-02T02:02:00+00:00, run_after=2023-07-02T02:04:00+00:00
[2023-07-02T02:04:52.417+0000] {processor.py:179} INFO - Processing /home/airflow/.local/lib/python3.7/site-packages/airflow/example_dags/example_sla_dag.py took 0.112 seconds
[2023-07-02T02:05:23.334+0000] {processor.py:157} INFO - Started process (PID=181) to work on /home/airflow/.local/lib/python3.7/site-packages/airflow/example_dags/example_sla_dag.py
[2023-07-02T02:05:23.336+0000] {processor.py:826} INFO - Processing file /home/airflow/.local/lib/python3.7/site-packages/airflow/example_dags/example_sla_dag.py for tasks to queue
[2023-07-02T02:05:23.337+0000] {logging_mixin.py:149} INFO - [2023-07-02T02:05:23.337+0000] {dagbag.py:541} INFO - Filling up the DagBag from /home/airflow/.local/lib/python3.7/site-packages/airflow/example_dags/example_sla_dag.py
[2023-07-02T02:05:23.348+0000] {processor.py:836} INFO - DAG(s) dict_keys(['example_sla_dag']) retrieved from /home/airflow/.local/lib/python3.7/site-packages/airflow/example_dags/example_sla_dag.py
[2023-07-02T02:05:23.384+0000] {logging_mixin.py:149} INFO - [2023-07-02T02:05:23.384+0000] {dag.py:2726} INFO - Sync 1 DAGs
[2023-07-02T02:05:23.426+0000] {logging_mixin.py:149} INFO - [2023-07-02T02:05:23.425+0000] {dag.py:3490} INFO - Setting next_dagrun for example_sla_dag to 2023-07-02T02:02:00+00:00, run_after=2023-07-02T02:04:00+00:00
[2023-07-02T02:05:23.454+0000] {processor.py:179} INFO - Processing /home/airflow/.local/lib/python3.7/site-packages/airflow/example_dags/example_sla_dag.py took 0.124 seconds
[2023-07-02T02:05:53.928+0000] {processor.py:157} INFO - Started process (PID=240) to work on /home/airflow/.local/lib/python3.7/site-packages/airflow/example_dags/example_sla_dag.py
[2023-07-02T02:05:53.929+0000] {processor.py:826} INFO - Processing file /home/airflow/.local/lib/python3.7/site-packages/airflow/example_dags/example_sla_dag.py for tasks to queue
[2023-07-02T02:05:53.931+0000] {logging_mixin.py:149} INFO - [2023-07-02T02:05:53.930+0000] {dagbag.py:541} INFO - Filling up the DagBag from /home/airflow/.local/lib/python3.7/site-packages/airflow/example_dags/example_sla_dag.py
[2023-07-02T02:05:53.945+0000] {processor.py:836} INFO - DAG(s) dict_keys(['example_sla_dag']) retrieved from /home/airflow/.local/lib/python3.7/site-packages/airflow/example_dags/example_sla_dag.py
[2023-07-02T02:05:53.983+0000] {logging_mixin.py:149} INFO - [2023-07-02T02:05:53.983+0000] {dag.py:2726} INFO - Sync 1 DAGs
[2023-07-02T02:05:54.025+0000] {logging_mixin.py:149} INFO - [2023-07-02T02:05:54.025+0000] {dag.py:3490} INFO - Setting next_dagrun for example_sla_dag to 2023-07-02T02:02:00+00:00, run_after=2023-07-02T02:04:00+00:00
[2023-07-02T02:05:54.076+0000] {processor.py:179} INFO - Processing /home/airflow/.local/lib/python3.7/site-packages/airflow/example_dags/example_sla_dag.py took 0.153 seconds
[2023-07-02T02:06:24.971+0000] {processor.py:157} INFO - Started process (PID=298) to work on /home/airflow/.local/lib/python3.7/site-packages/airflow/example_dags/example_sla_dag.py
[2023-07-02T02:06:24.972+0000] {processor.py:826} INFO - Processing file /home/airflow/.local/lib/python3.7/site-packages/airflow/example_dags/example_sla_dag.py for tasks to queue
[2023-07-02T02:06:24.974+0000] {logging_mixin.py:149} INFO - [2023-07-02T02:06:24.974+0000] {dagbag.py:541} INFO - Filling up the DagBag from /home/airflow/.local/lib/python3.7/site-packages/airflow/example_dags/example_sla_dag.py
[2023-07-02T02:06:24.986+0000] {processor.py:836} INFO - DAG(s) dict_keys(['example_sla_dag']) retrieved from /home/airflow/.local/lib/python3.7/site-packages/airflow/example_dags/example_sla_dag.py
[2023-07-02T02:06:25.026+0000] {logging_mixin.py:149} INFO - [2023-07-02T02:06:25.026+0000] {dag.py:2726} INFO - Sync 1 DAGs
[2023-07-02T02:06:25.083+0000] {logging_mixin.py:149} INFO - [2023-07-02T02:06:25.083+0000] {dag.py:3490} INFO - Setting next_dagrun for example_sla_dag to 2023-07-02T02:04:00+00:00, run_after=2023-07-02T02:06:00+00:00
[2023-07-02T02:06:25.110+0000] {processor.py:179} INFO - Processing /home/airflow/.local/lib/python3.7/site-packages/airflow/example_dags/example_sla_dag.py took 0.144 seconds
[2023-07-02T02:06:55.306+0000] {processor.py:157} INFO - Started process (PID=356) to work on /home/airflow/.local/lib/python3.7/site-packages/airflow/example_dags/example_sla_dag.py
[2023-07-02T02:06:55.307+0000] {processor.py:826} INFO - Processing file /home/airflow/.local/lib/python3.7/site-packages/airflow/example_dags/example_sla_dag.py for tasks to queue
[2023-07-02T02:06:55.308+0000] {logging_mixin.py:149} INFO - [2023-07-02T02:06:55.308+0000] {dagbag.py:541} INFO - Filling up the DagBag from /home/airflow/.local/lib/python3.7/site-packages/airflow/example_dags/example_sla_dag.py
[2023-07-02T02:06:55.319+0000] {processor.py:836} INFO - DAG(s) dict_keys(['example_sla_dag']) retrieved from /home/airflow/.local/lib/python3.7/site-packages/airflow/example_dags/example_sla_dag.py
[2023-07-02T02:06:55.356+0000] {logging_mixin.py:149} INFO - [2023-07-02T02:06:55.356+0000] {dag.py:2726} INFO - Sync 1 DAGs
[2023-07-02T02:06:55.401+0000] {logging_mixin.py:149} INFO - [2023-07-02T02:06:55.400+0000] {dag.py:3490} INFO - Setting next_dagrun for example_sla_dag to 2023-07-02T02:04:00+00:00, run_after=2023-07-02T02:06:00+00:00
[2023-07-02T02:06:55.484+0000] {processor.py:179} INFO - Processing /home/airflow/.local/lib/python3.7/site-packages/airflow/example_dags/example_sla_dag.py took 0.182 seconds
[2023-07-02T02:12:43.619+0000] {processor.py:157} INFO - Started process (PID=67) to work on /home/airflow/.local/lib/python3.7/site-packages/airflow/example_dags/example_sla_dag.py
[2023-07-02T02:12:43.621+0000] {processor.py:826} INFO - Processing file /home/airflow/.local/lib/python3.7/site-packages/airflow/example_dags/example_sla_dag.py for tasks to queue
[2023-07-02T02:12:43.622+0000] {logging_mixin.py:149} INFO - [2023-07-02T02:12:43.622+0000] {dagbag.py:541} INFO - Filling up the DagBag from /home/airflow/.local/lib/python3.7/site-packages/airflow/example_dags/example_sla_dag.py
[2023-07-02T02:12:43.633+0000] {processor.py:836} INFO - DAG(s) dict_keys(['example_sla_dag']) retrieved from /home/airflow/.local/lib/python3.7/site-packages/airflow/example_dags/example_sla_dag.py
[2023-07-02T02:12:43.679+0000] {logging_mixin.py:149} INFO - [2023-07-02T02:12:43.679+0000] {dag.py:2726} INFO - Sync 1 DAGs
[2023-07-02T02:12:43.869+0000] {logging_mixin.py:149} INFO - [2023-07-02T02:12:43.868+0000] {dag.py:3490} INFO - Setting next_dagrun for example_sla_dag to 2023-07-02T02:10:00+00:00, run_after=2023-07-02T02:12:00+00:00
[2023-07-02T02:12:43.911+0000] {processor.py:179} INFO - Processing /home/airflow/.local/lib/python3.7/site-packages/airflow/example_dags/example_sla_dag.py took 0.296 seconds
[2023-07-02T02:13:14.397+0000] {processor.py:157} INFO - Started process (PID=128) to work on /home/airflow/.local/lib/python3.7/site-packages/airflow/example_dags/example_sla_dag.py
[2023-07-02T02:13:14.399+0000] {processor.py:826} INFO - Processing file /home/airflow/.local/lib/python3.7/site-packages/airflow/example_dags/example_sla_dag.py for tasks to queue
[2023-07-02T02:13:14.401+0000] {logging_mixin.py:149} INFO - [2023-07-02T02:13:14.401+0000] {dagbag.py:541} INFO - Filling up the DagBag from /home/airflow/.local/lib/python3.7/site-packages/airflow/example_dags/example_sla_dag.py
[2023-07-02T02:13:14.417+0000] {processor.py:836} INFO - DAG(s) dict_keys(['example_sla_dag']) retrieved from /home/airflow/.local/lib/python3.7/site-packages/airflow/example_dags/example_sla_dag.py
[2023-07-02T02:13:14.482+0000] {logging_mixin.py:149} INFO - [2023-07-02T02:13:14.482+0000] {dag.py:2726} INFO - Sync 1 DAGs
[2023-07-02T02:13:14.529+0000] {logging_mixin.py:149} INFO - [2023-07-02T02:13:14.529+0000] {dag.py:3490} INFO - Setting next_dagrun for example_sla_dag to 2023-07-02T02:10:00+00:00, run_after=2023-07-02T02:12:00+00:00
[2023-07-02T02:13:14.564+0000] {processor.py:179} INFO - Processing /home/airflow/.local/lib/python3.7/site-packages/airflow/example_dags/example_sla_dag.py took 0.173 seconds
[2023-07-02T02:13:44.684+0000] {processor.py:157} INFO - Started process (PID=185) to work on /home/airflow/.local/lib/python3.7/site-packages/airflow/example_dags/example_sla_dag.py
[2023-07-02T02:13:44.686+0000] {processor.py:826} INFO - Processing file /home/airflow/.local/lib/python3.7/site-packages/airflow/example_dags/example_sla_dag.py for tasks to queue
[2023-07-02T02:13:44.690+0000] {logging_mixin.py:149} INFO - [2023-07-02T02:13:44.689+0000] {dagbag.py:541} INFO - Filling up the DagBag from /home/airflow/.local/lib/python3.7/site-packages/airflow/example_dags/example_sla_dag.py
[2023-07-02T02:13:44.714+0000] {processor.py:836} INFO - DAG(s) dict_keys(['example_sla_dag']) retrieved from /home/airflow/.local/lib/python3.7/site-packages/airflow/example_dags/example_sla_dag.py
[2023-07-02T02:13:44.751+0000] {logging_mixin.py:149} INFO - [2023-07-02T02:13:44.750+0000] {dag.py:2726} INFO - Sync 1 DAGs
[2023-07-02T02:13:44.806+0000] {logging_mixin.py:149} INFO - [2023-07-02T02:13:44.806+0000] {dag.py:3490} INFO - Setting next_dagrun for example_sla_dag to 2023-07-02T02:10:00+00:00, run_after=2023-07-02T02:12:00+00:00
[2023-07-02T02:13:44.836+0000] {processor.py:179} INFO - Processing /home/airflow/.local/lib/python3.7/site-packages/airflow/example_dags/example_sla_dag.py took 0.156 seconds
[2023-07-02T02:14:15.776+0000] {processor.py:157} INFO - Started process (PID=244) to work on /home/airflow/.local/lib/python3.7/site-packages/airflow/example_dags/example_sla_dag.py
[2023-07-02T02:14:15.777+0000] {processor.py:826} INFO - Processing file /home/airflow/.local/lib/python3.7/site-packages/airflow/example_dags/example_sla_dag.py for tasks to queue
[2023-07-02T02:14:15.778+0000] {logging_mixin.py:149} INFO - [2023-07-02T02:14:15.778+0000] {dagbag.py:541} INFO - Filling up the DagBag from /home/airflow/.local/lib/python3.7/site-packages/airflow/example_dags/example_sla_dag.py
[2023-07-02T02:14:15.789+0000] {processor.py:836} INFO - DAG(s) dict_keys(['example_sla_dag']) retrieved from /home/airflow/.local/lib/python3.7/site-packages/airflow/example_dags/example_sla_dag.py
[2023-07-02T02:14:15.824+0000] {logging_mixin.py:149} INFO - [2023-07-02T02:14:15.824+0000] {dag.py:2726} INFO - Sync 1 DAGs
[2023-07-02T02:14:15.876+0000] {logging_mixin.py:149} INFO - [2023-07-02T02:14:15.876+0000] {dag.py:3490} INFO - Setting next_dagrun for example_sla_dag to 2023-07-02T02:12:00+00:00, run_after=2023-07-02T02:14:00+00:00
[2023-07-02T02:14:15.906+0000] {processor.py:179} INFO - Processing /home/airflow/.local/lib/python3.7/site-packages/airflow/example_dags/example_sla_dag.py took 0.134 seconds
[2023-07-02T02:14:46.550+0000] {processor.py:157} INFO - Started process (PID=302) to work on /home/airflow/.local/lib/python3.7/site-packages/airflow/example_dags/example_sla_dag.py
[2023-07-02T02:14:46.551+0000] {processor.py:826} INFO - Processing file /home/airflow/.local/lib/python3.7/site-packages/airflow/example_dags/example_sla_dag.py for tasks to queue
[2023-07-02T02:14:46.552+0000] {logging_mixin.py:149} INFO - [2023-07-02T02:14:46.552+0000] {dagbag.py:541} INFO - Filling up the DagBag from /home/airflow/.local/lib/python3.7/site-packages/airflow/example_dags/example_sla_dag.py
[2023-07-02T02:14:46.562+0000] {processor.py:836} INFO - DAG(s) dict_keys(['example_sla_dag']) retrieved from /home/airflow/.local/lib/python3.7/site-packages/airflow/example_dags/example_sla_dag.py
[2023-07-02T02:14:46.698+0000] {logging_mixin.py:149} INFO - [2023-07-02T02:14:46.697+0000] {dag.py:2726} INFO - Sync 1 DAGs
[2023-07-02T02:14:46.739+0000] {logging_mixin.py:149} INFO - [2023-07-02T02:14:46.739+0000] {dag.py:3490} INFO - Setting next_dagrun for example_sla_dag to 2023-07-02T02:12:00+00:00, run_after=2023-07-02T02:14:00+00:00
[2023-07-02T02:14:46.767+0000] {processor.py:179} INFO - Processing /home/airflow/.local/lib/python3.7/site-packages/airflow/example_dags/example_sla_dag.py took 0.222 seconds
[2023-07-02T02:15:16.911+0000] {processor.py:157} INFO - Started process (PID=359) to work on /home/airflow/.local/lib/python3.7/site-packages/airflow/example_dags/example_sla_dag.py
[2023-07-02T02:15:16.912+0000] {processor.py:826} INFO - Processing file /home/airflow/.local/lib/python3.7/site-packages/airflow/example_dags/example_sla_dag.py for tasks to queue
[2023-07-02T02:15:16.913+0000] {logging_mixin.py:149} INFO - [2023-07-02T02:15:16.913+0000] {dagbag.py:541} INFO - Filling up the DagBag from /home/airflow/.local/lib/python3.7/site-packages/airflow/example_dags/example_sla_dag.py
[2023-07-02T02:15:16.927+0000] {processor.py:836} INFO - DAG(s) dict_keys(['example_sla_dag']) retrieved from /home/airflow/.local/lib/python3.7/site-packages/airflow/example_dags/example_sla_dag.py
[2023-07-02T02:15:16.960+0000] {logging_mixin.py:149} INFO - [2023-07-02T02:15:16.960+0000] {dag.py:2726} INFO - Sync 1 DAGs
[2023-07-02T02:15:16.993+0000] {logging_mixin.py:149} INFO - [2023-07-02T02:15:16.993+0000] {dag.py:3490} INFO - Setting next_dagrun for example_sla_dag to 2023-07-02T02:12:00+00:00, run_after=2023-07-02T02:14:00+00:00
[2023-07-02T02:15:17.018+0000] {processor.py:179} INFO - Processing /home/airflow/.local/lib/python3.7/site-packages/airflow/example_dags/example_sla_dag.py took 0.111 seconds
[2023-07-02T02:15:47.691+0000] {processor.py:157} INFO - Started process (PID=416) to work on /home/airflow/.local/lib/python3.7/site-packages/airflow/example_dags/example_sla_dag.py
[2023-07-02T02:15:47.692+0000] {processor.py:826} INFO - Processing file /home/airflow/.local/lib/python3.7/site-packages/airflow/example_dags/example_sla_dag.py for tasks to queue
[2023-07-02T02:15:47.693+0000] {logging_mixin.py:149} INFO - [2023-07-02T02:15:47.693+0000] {dagbag.py:541} INFO - Filling up the DagBag from /home/airflow/.local/lib/python3.7/site-packages/airflow/example_dags/example_sla_dag.py
[2023-07-02T02:15:47.706+0000] {processor.py:836} INFO - DAG(s) dict_keys(['example_sla_dag']) retrieved from /home/airflow/.local/lib/python3.7/site-packages/airflow/example_dags/example_sla_dag.py
[2023-07-02T02:15:47.850+0000] {logging_mixin.py:149} INFO - [2023-07-02T02:15:47.849+0000] {dag.py:2726} INFO - Sync 1 DAGs
[2023-07-02T02:15:47.879+0000] {logging_mixin.py:149} INFO - [2023-07-02T02:15:47.879+0000] {dag.py:3490} INFO - Setting next_dagrun for example_sla_dag to 2023-07-02T02:12:00+00:00, run_after=2023-07-02T02:14:00+00:00
[2023-07-02T02:15:47.901+0000] {processor.py:179} INFO - Processing /home/airflow/.local/lib/python3.7/site-packages/airflow/example_dags/example_sla_dag.py took 0.214 seconds
[2023-07-02T02:16:18.788+0000] {processor.py:157} INFO - Started process (PID=474) to work on /home/airflow/.local/lib/python3.7/site-packages/airflow/example_dags/example_sla_dag.py
[2023-07-02T02:16:18.790+0000] {processor.py:826} INFO - Processing file /home/airflow/.local/lib/python3.7/site-packages/airflow/example_dags/example_sla_dag.py for tasks to queue
[2023-07-02T02:16:18.791+0000] {logging_mixin.py:149} INFO - [2023-07-02T02:16:18.791+0000] {dagbag.py:541} INFO - Filling up the DagBag from /home/airflow/.local/lib/python3.7/site-packages/airflow/example_dags/example_sla_dag.py
[2023-07-02T02:16:18.802+0000] {processor.py:836} INFO - DAG(s) dict_keys(['example_sla_dag']) retrieved from /home/airflow/.local/lib/python3.7/site-packages/airflow/example_dags/example_sla_dag.py
[2023-07-02T02:16:18.834+0000] {logging_mixin.py:149} INFO - [2023-07-02T02:16:18.834+0000] {dag.py:2726} INFO - Sync 1 DAGs
[2023-07-02T02:16:18.874+0000] {logging_mixin.py:149} INFO - [2023-07-02T02:16:18.873+0000] {dag.py:3490} INFO - Setting next_dagrun for example_sla_dag to 2023-07-02T02:14:00+00:00, run_after=2023-07-02T02:16:00+00:00
[2023-07-02T02:16:18.900+0000] {processor.py:179} INFO - Processing /home/airflow/.local/lib/python3.7/site-packages/airflow/example_dags/example_sla_dag.py took 0.116 seconds
[2023-07-02T02:16:49.980+0000] {processor.py:157} INFO - Started process (PID=533) to work on /home/airflow/.local/lib/python3.7/site-packages/airflow/example_dags/example_sla_dag.py
[2023-07-02T02:16:49.982+0000] {processor.py:826} INFO - Processing file /home/airflow/.local/lib/python3.7/site-packages/airflow/example_dags/example_sla_dag.py for tasks to queue
[2023-07-02T02:16:49.984+0000] {logging_mixin.py:149} INFO - [2023-07-02T02:16:49.984+0000] {dagbag.py:541} INFO - Filling up the DagBag from /home/airflow/.local/lib/python3.7/site-packages/airflow/example_dags/example_sla_dag.py
[2023-07-02T02:16:50.006+0000] {processor.py:836} INFO - DAG(s) dict_keys(['example_sla_dag']) retrieved from /home/airflow/.local/lib/python3.7/site-packages/airflow/example_dags/example_sla_dag.py
[2023-07-02T02:16:50.044+0000] {logging_mixin.py:149} INFO - [2023-07-02T02:16:50.044+0000] {dag.py:2726} INFO - Sync 1 DAGs
[2023-07-02T02:16:50.092+0000] {logging_mixin.py:149} INFO - [2023-07-02T02:16:50.091+0000] {dag.py:3490} INFO - Setting next_dagrun for example_sla_dag to 2023-07-02T02:14:00+00:00, run_after=2023-07-02T02:16:00+00:00
[2023-07-02T02:16:50.121+0000] {processor.py:179} INFO - Processing /home/airflow/.local/lib/python3.7/site-packages/airflow/example_dags/example_sla_dag.py took 0.146 seconds
[2023-07-02T02:17:20.833+0000] {processor.py:157} INFO - Started process (PID=592) to work on /home/airflow/.local/lib/python3.7/site-packages/airflow/example_dags/example_sla_dag.py
[2023-07-02T02:17:20.834+0000] {processor.py:826} INFO - Processing file /home/airflow/.local/lib/python3.7/site-packages/airflow/example_dags/example_sla_dag.py for tasks to queue
[2023-07-02T02:17:20.836+0000] {logging_mixin.py:149} INFO - [2023-07-02T02:17:20.836+0000] {dagbag.py:541} INFO - Filling up the DagBag from /home/airflow/.local/lib/python3.7/site-packages/airflow/example_dags/example_sla_dag.py
[2023-07-02T02:17:20.848+0000] {processor.py:836} INFO - DAG(s) dict_keys(['example_sla_dag']) retrieved from /home/airflow/.local/lib/python3.7/site-packages/airflow/example_dags/example_sla_dag.py
[2023-07-02T02:17:20.878+0000] {logging_mixin.py:149} INFO - [2023-07-02T02:17:20.878+0000] {dag.py:2726} INFO - Sync 1 DAGs
[2023-07-02T02:17:20.915+0000] {logging_mixin.py:149} INFO - [2023-07-02T02:17:20.915+0000] {dag.py:3490} INFO - Setting next_dagrun for example_sla_dag to 2023-07-02T02:14:00+00:00, run_after=2023-07-02T02:16:00+00:00
[2023-07-02T02:17:20.939+0000] {processor.py:179} INFO - Processing /home/airflow/.local/lib/python3.7/site-packages/airflow/example_dags/example_sla_dag.py took 0.109 seconds
[2023-07-02T02:17:51.397+0000] {processor.py:157} INFO - Started process (PID=651) to work on /home/airflow/.local/lib/python3.7/site-packages/airflow/example_dags/example_sla_dag.py
[2023-07-02T02:17:51.398+0000] {processor.py:826} INFO - Processing file /home/airflow/.local/lib/python3.7/site-packages/airflow/example_dags/example_sla_dag.py for tasks to queue
[2023-07-02T02:17:51.399+0000] {logging_mixin.py:149} INFO - [2023-07-02T02:17:51.399+0000] {dagbag.py:541} INFO - Filling up the DagBag from /home/airflow/.local/lib/python3.7/site-packages/airflow/example_dags/example_sla_dag.py
[2023-07-02T02:17:51.410+0000] {processor.py:836} INFO - DAG(s) dict_keys(['example_sla_dag']) retrieved from /home/airflow/.local/lib/python3.7/site-packages/airflow/example_dags/example_sla_dag.py
[2023-07-02T02:17:51.440+0000] {logging_mixin.py:149} INFO - [2023-07-02T02:17:51.440+0000] {dag.py:2726} INFO - Sync 1 DAGs
[2023-07-02T02:17:51.478+0000] {logging_mixin.py:149} INFO - [2023-07-02T02:17:51.478+0000] {dag.py:3490} INFO - Setting next_dagrun for example_sla_dag to 2023-07-02T02:14:00+00:00, run_after=2023-07-02T02:16:00+00:00
[2023-07-02T02:17:51.505+0000] {processor.py:179} INFO - Processing /home/airflow/.local/lib/python3.7/site-packages/airflow/example_dags/example_sla_dag.py took 0.113 seconds
[2023-07-02T02:18:22.136+0000] {processor.py:157} INFO - Started process (PID=709) to work on /home/airflow/.local/lib/python3.7/site-packages/airflow/example_dags/example_sla_dag.py
[2023-07-02T02:18:22.138+0000] {processor.py:826} INFO - Processing file /home/airflow/.local/lib/python3.7/site-packages/airflow/example_dags/example_sla_dag.py for tasks to queue
[2023-07-02T02:18:22.140+0000] {logging_mixin.py:149} INFO - [2023-07-02T02:18:22.140+0000] {dagbag.py:541} INFO - Filling up the DagBag from /home/airflow/.local/lib/python3.7/site-packages/airflow/example_dags/example_sla_dag.py
[2023-07-02T02:18:22.153+0000] {processor.py:836} INFO - DAG(s) dict_keys(['example_sla_dag']) retrieved from /home/airflow/.local/lib/python3.7/site-packages/airflow/example_dags/example_sla_dag.py
[2023-07-02T02:18:22.192+0000] {logging_mixin.py:149} INFO - [2023-07-02T02:18:22.192+0000] {dag.py:2726} INFO - Sync 1 DAGs
[2023-07-02T02:18:22.238+0000] {logging_mixin.py:149} INFO - [2023-07-02T02:18:22.238+0000] {dag.py:3490} INFO - Setting next_dagrun for example_sla_dag to 2023-07-02T02:16:00+00:00, run_after=2023-07-02T02:18:00+00:00
[2023-07-02T02:18:22.269+0000] {processor.py:179} INFO - Processing /home/airflow/.local/lib/python3.7/site-packages/airflow/example_dags/example_sla_dag.py took 0.139 seconds
[2023-07-02T02:18:52.728+0000] {processor.py:157} INFO - Started process (PID=767) to work on /home/airflow/.local/lib/python3.7/site-packages/airflow/example_dags/example_sla_dag.py
[2023-07-02T02:18:52.730+0000] {processor.py:826} INFO - Processing file /home/airflow/.local/lib/python3.7/site-packages/airflow/example_dags/example_sla_dag.py for tasks to queue
[2023-07-02T02:18:52.731+0000] {logging_mixin.py:149} INFO - [2023-07-02T02:18:52.731+0000] {dagbag.py:541} INFO - Filling up the DagBag from /home/airflow/.local/lib/python3.7/site-packages/airflow/example_dags/example_sla_dag.py
[2023-07-02T02:18:52.743+0000] {processor.py:836} INFO - DAG(s) dict_keys(['example_sla_dag']) retrieved from /home/airflow/.local/lib/python3.7/site-packages/airflow/example_dags/example_sla_dag.py
[2023-07-02T02:18:52.777+0000] {logging_mixin.py:149} INFO - [2023-07-02T02:18:52.777+0000] {dag.py:2726} INFO - Sync 1 DAGs
[2023-07-02T02:18:52.814+0000] {logging_mixin.py:149} INFO - [2023-07-02T02:18:52.814+0000] {dag.py:3490} INFO - Setting next_dagrun for example_sla_dag to 2023-07-02T02:16:00+00:00, run_after=2023-07-02T02:18:00+00:00
[2023-07-02T02:18:52.839+0000] {processor.py:179} INFO - Processing /home/airflow/.local/lib/python3.7/site-packages/airflow/example_dags/example_sla_dag.py took 0.116 seconds
[2023-07-02T02:19:23.382+0000] {processor.py:157} INFO - Started process (PID=824) to work on /home/airflow/.local/lib/python3.7/site-packages/airflow/example_dags/example_sla_dag.py
[2023-07-02T02:19:23.384+0000] {processor.py:826} INFO - Processing file /home/airflow/.local/lib/python3.7/site-packages/airflow/example_dags/example_sla_dag.py for tasks to queue
[2023-07-02T02:19:23.408+0000] {logging_mixin.py:149} INFO - [2023-07-02T02:19:23.408+0000] {dagbag.py:541} INFO - Filling up the DagBag from /home/airflow/.local/lib/python3.7/site-packages/airflow/example_dags/example_sla_dag.py
[2023-07-02T02:19:23.420+0000] {processor.py:836} INFO - DAG(s) dict_keys(['example_sla_dag']) retrieved from /home/airflow/.local/lib/python3.7/site-packages/airflow/example_dags/example_sla_dag.py
[2023-07-02T02:19:23.456+0000] {logging_mixin.py:149} INFO - [2023-07-02T02:19:23.456+0000] {dag.py:2726} INFO - Sync 1 DAGs
[2023-07-02T02:19:23.498+0000] {logging_mixin.py:149} INFO - [2023-07-02T02:19:23.498+0000] {dag.py:3490} INFO - Setting next_dagrun for example_sla_dag to 2023-07-02T02:16:00+00:00, run_after=2023-07-02T02:18:00+00:00
[2023-07-02T02:19:23.524+0000] {processor.py:179} INFO - Processing /home/airflow/.local/lib/python3.7/site-packages/airflow/example_dags/example_sla_dag.py took 0.148 seconds
[2023-07-02T02:19:54.255+0000] {processor.py:157} INFO - Started process (PID=882) to work on /home/airflow/.local/lib/python3.7/site-packages/airflow/example_dags/example_sla_dag.py
[2023-07-02T02:19:54.256+0000] {processor.py:826} INFO - Processing file /home/airflow/.local/lib/python3.7/site-packages/airflow/example_dags/example_sla_dag.py for tasks to queue
[2023-07-02T02:19:54.258+0000] {logging_mixin.py:149} INFO - [2023-07-02T02:19:54.258+0000] {dagbag.py:541} INFO - Filling up the DagBag from /home/airflow/.local/lib/python3.7/site-packages/airflow/example_dags/example_sla_dag.py
[2023-07-02T02:19:54.269+0000] {processor.py:836} INFO - DAG(s) dict_keys(['example_sla_dag']) retrieved from /home/airflow/.local/lib/python3.7/site-packages/airflow/example_dags/example_sla_dag.py
[2023-07-02T02:19:54.305+0000] {logging_mixin.py:149} INFO - [2023-07-02T02:19:54.305+0000] {dag.py:2726} INFO - Sync 1 DAGs
[2023-07-02T02:19:54.342+0000] {logging_mixin.py:149} INFO - [2023-07-02T02:19:54.342+0000] {dag.py:3490} INFO - Setting next_dagrun for example_sla_dag to 2023-07-02T02:16:00+00:00, run_after=2023-07-02T02:18:00+00:00
[2023-07-02T02:19:54.367+0000] {processor.py:179} INFO - Processing /home/airflow/.local/lib/python3.7/site-packages/airflow/example_dags/example_sla_dag.py took 0.116 seconds
[2023-07-02T02:20:24.632+0000] {processor.py:157} INFO - Started process (PID=941) to work on /home/airflow/.local/lib/python3.7/site-packages/airflow/example_dags/example_sla_dag.py
[2023-07-02T02:20:24.633+0000] {processor.py:826} INFO - Processing file /home/airflow/.local/lib/python3.7/site-packages/airflow/example_dags/example_sla_dag.py for tasks to queue
[2023-07-02T02:20:24.635+0000] {logging_mixin.py:149} INFO - [2023-07-02T02:20:24.635+0000] {dagbag.py:541} INFO - Filling up the DagBag from /home/airflow/.local/lib/python3.7/site-packages/airflow/example_dags/example_sla_dag.py
[2023-07-02T02:20:24.647+0000] {processor.py:836} INFO - DAG(s) dict_keys(['example_sla_dag']) retrieved from /home/airflow/.local/lib/python3.7/site-packages/airflow/example_dags/example_sla_dag.py
[2023-07-02T02:20:24.678+0000] {logging_mixin.py:149} INFO - [2023-07-02T02:20:24.677+0000] {dag.py:2726} INFO - Sync 1 DAGs
[2023-07-02T02:20:24.714+0000] {logging_mixin.py:149} INFO - [2023-07-02T02:20:24.714+0000] {dag.py:3490} INFO - Setting next_dagrun for example_sla_dag to 2023-07-02T02:18:00+00:00, run_after=2023-07-02T02:20:00+00:00
[2023-07-02T02:20:24.779+0000] {processor.py:179} INFO - Processing /home/airflow/.local/lib/python3.7/site-packages/airflow/example_dags/example_sla_dag.py took 0.153 seconds
[2023-07-02T02:20:55.183+0000] {processor.py:157} INFO - Started process (PID=999) to work on /home/airflow/.local/lib/python3.7/site-packages/airflow/example_dags/example_sla_dag.py
[2023-07-02T02:20:55.186+0000] {processor.py:826} INFO - Processing file /home/airflow/.local/lib/python3.7/site-packages/airflow/example_dags/example_sla_dag.py for tasks to queue
[2023-07-02T02:20:55.187+0000] {logging_mixin.py:149} INFO - [2023-07-02T02:20:55.187+0000] {dagbag.py:541} INFO - Filling up the DagBag from /home/airflow/.local/lib/python3.7/site-packages/airflow/example_dags/example_sla_dag.py
[2023-07-02T02:20:55.203+0000] {processor.py:836} INFO - DAG(s) dict_keys(['example_sla_dag']) retrieved from /home/airflow/.local/lib/python3.7/site-packages/airflow/example_dags/example_sla_dag.py
[2023-07-02T02:20:55.247+0000] {logging_mixin.py:149} INFO - [2023-07-02T02:20:55.246+0000] {dag.py:2726} INFO - Sync 1 DAGs
[2023-07-02T02:20:55.347+0000] {logging_mixin.py:149} INFO - [2023-07-02T02:20:55.346+0000] {dag.py:3490} INFO - Setting next_dagrun for example_sla_dag to 2023-07-02T02:18:00+00:00, run_after=2023-07-02T02:20:00+00:00
[2023-07-02T02:20:55.403+0000] {processor.py:179} INFO - Processing /home/airflow/.local/lib/python3.7/site-packages/airflow/example_dags/example_sla_dag.py took 0.228 seconds
[2023-07-02T02:21:26.388+0000] {processor.py:157} INFO - Started process (PID=1066) to work on /home/airflow/.local/lib/python3.7/site-packages/airflow/example_dags/example_sla_dag.py
[2023-07-02T02:21:26.389+0000] {processor.py:826} INFO - Processing file /home/airflow/.local/lib/python3.7/site-packages/airflow/example_dags/example_sla_dag.py for tasks to queue
[2023-07-02T02:21:26.390+0000] {logging_mixin.py:149} INFO - [2023-07-02T02:21:26.390+0000] {dagbag.py:541} INFO - Filling up the DagBag from /home/airflow/.local/lib/python3.7/site-packages/airflow/example_dags/example_sla_dag.py
[2023-07-02T02:21:26.402+0000] {processor.py:836} INFO - DAG(s) dict_keys(['example_sla_dag']) retrieved from /home/airflow/.local/lib/python3.7/site-packages/airflow/example_dags/example_sla_dag.py
[2023-07-02T02:21:26.433+0000] {logging_mixin.py:149} INFO - [2023-07-02T02:21:26.433+0000] {dag.py:2726} INFO - Sync 1 DAGs
[2023-07-02T02:21:26.478+0000] {logging_mixin.py:149} INFO - [2023-07-02T02:21:26.478+0000] {dag.py:3490} INFO - Setting next_dagrun for example_sla_dag to 2023-07-02T02:18:00+00:00, run_after=2023-07-02T02:20:00+00:00
[2023-07-02T02:21:26.506+0000] {processor.py:179} INFO - Processing /home/airflow/.local/lib/python3.7/site-packages/airflow/example_dags/example_sla_dag.py took 0.123 seconds
