[2023-07-02T01:19:21.582+0000] {processor.py:157} INFO - Started process (PID=77) to work on /home/airflow/.local/lib/python3.7/site-packages/airflow/example_dags/tutorial_taskflow_api.py
[2023-07-02T01:19:21.584+0000] {processor.py:826} INFO - Processing file /home/airflow/.local/lib/python3.7/site-packages/airflow/example_dags/tutorial_taskflow_api.py for tasks to queue
[2023-07-02T01:19:21.592+0000] {logging_mixin.py:149} INFO - [2023-07-02T01:19:21.591+0000] {dagbag.py:541} INFO - Filling up the DagBag from /home/airflow/.local/lib/python3.7/site-packages/airflow/example_dags/tutorial_taskflow_api.py
[2023-07-02T01:19:21.631+0000] {processor.py:836} INFO - DAG(s) dict_keys(['tutorial_taskflow_api']) retrieved from /home/airflow/.local/lib/python3.7/site-packages/airflow/example_dags/tutorial_taskflow_api.py
[2023-07-02T01:19:22.239+0000] {logging_mixin.py:149} INFO - [2023-07-02T01:19:22.238+0000] {manager.py:504} INFO - Created Permission View: can delete on DAG:tutorial_taskflow_api
[2023-07-02T01:19:22.273+0000] {logging_mixin.py:149} INFO - [2023-07-02T01:19:22.273+0000] {manager.py:504} INFO - Created Permission View: can edit on DAG:tutorial_taskflow_api
[2023-07-02T01:19:22.294+0000] {logging_mixin.py:149} INFO - [2023-07-02T01:19:22.294+0000] {manager.py:504} INFO - Created Permission View: can read on DAG:tutorial_taskflow_api
[2023-07-02T01:19:22.340+0000] {logging_mixin.py:149} INFO - [2023-07-02T01:19:22.340+0000] {dag.py:2726} INFO - Sync 1 DAGs
[2023-07-02T01:19:22.385+0000] {logging_mixin.py:149} INFO - [2023-07-02T01:19:22.385+0000] {dag.py:2747} INFO - Creating ORM DAG for tutorial_taskflow_api
[2023-07-02T01:19:22.438+0000] {logging_mixin.py:149} INFO - [2023-07-02T01:19:22.438+0000] {dag.py:3490} INFO - Setting next_dagrun for tutorial_taskflow_api to None, run_after=None
[2023-07-02T01:19:22.517+0000] {processor.py:179} INFO - Processing /home/airflow/.local/lib/python3.7/site-packages/airflow/example_dags/tutorial_taskflow_api.py took 0.953 seconds
[2023-07-02T01:19:55.802+0000] {processor.py:157} INFO - Started process (PID=134) to work on /home/airflow/.local/lib/python3.7/site-packages/airflow/example_dags/tutorial_taskflow_api.py
[2023-07-02T01:19:55.804+0000] {processor.py:826} INFO - Processing file /home/airflow/.local/lib/python3.7/site-packages/airflow/example_dags/tutorial_taskflow_api.py for tasks to queue
[2023-07-02T01:19:55.806+0000] {logging_mixin.py:149} INFO - [2023-07-02T01:19:55.806+0000] {dagbag.py:541} INFO - Filling up the DagBag from /home/airflow/.local/lib/python3.7/site-packages/airflow/example_dags/tutorial_taskflow_api.py
[2023-07-02T01:19:55.819+0000] {processor.py:836} INFO - DAG(s) dict_keys(['tutorial_taskflow_api']) retrieved from /home/airflow/.local/lib/python3.7/site-packages/airflow/example_dags/tutorial_taskflow_api.py
[2023-07-02T01:19:55.911+0000] {logging_mixin.py:149} INFO - [2023-07-02T01:19:55.910+0000] {dag.py:2726} INFO - Sync 1 DAGs
[2023-07-02T01:19:55.965+0000] {logging_mixin.py:149} INFO - [2023-07-02T01:19:55.965+0000] {dag.py:3490} INFO - Setting next_dagrun for tutorial_taskflow_api to None, run_after=None
[2023-07-02T01:19:56.002+0000] {processor.py:179} INFO - Processing /home/airflow/.local/lib/python3.7/site-packages/airflow/example_dags/tutorial_taskflow_api.py took 0.210 seconds
[2023-07-02T01:20:26.353+0000] {processor.py:157} INFO - Started process (PID=191) to work on /home/airflow/.local/lib/python3.7/site-packages/airflow/example_dags/tutorial_taskflow_api.py
[2023-07-02T01:20:26.355+0000] {processor.py:826} INFO - Processing file /home/airflow/.local/lib/python3.7/site-packages/airflow/example_dags/tutorial_taskflow_api.py for tasks to queue
[2023-07-02T01:20:26.357+0000] {logging_mixin.py:149} INFO - [2023-07-02T01:20:26.357+0000] {dagbag.py:541} INFO - Filling up the DagBag from /home/airflow/.local/lib/python3.7/site-packages/airflow/example_dags/tutorial_taskflow_api.py
[2023-07-02T01:20:26.369+0000] {processor.py:836} INFO - DAG(s) dict_keys(['tutorial_taskflow_api']) retrieved from /home/airflow/.local/lib/python3.7/site-packages/airflow/example_dags/tutorial_taskflow_api.py
[2023-07-02T01:20:26.421+0000] {logging_mixin.py:149} INFO - [2023-07-02T01:20:26.421+0000] {dag.py:2726} INFO - Sync 1 DAGs
[2023-07-02T01:20:26.479+0000] {logging_mixin.py:149} INFO - [2023-07-02T01:20:26.479+0000] {dag.py:3490} INFO - Setting next_dagrun for tutorial_taskflow_api to None, run_after=None
[2023-07-02T01:20:26.526+0000] {processor.py:179} INFO - Processing /home/airflow/.local/lib/python3.7/site-packages/airflow/example_dags/tutorial_taskflow_api.py took 0.179 seconds
[2023-07-02T01:20:56.913+0000] {processor.py:157} INFO - Started process (PID=250) to work on /home/airflow/.local/lib/python3.7/site-packages/airflow/example_dags/tutorial_taskflow_api.py
[2023-07-02T01:20:56.915+0000] {processor.py:826} INFO - Processing file /home/airflow/.local/lib/python3.7/site-packages/airflow/example_dags/tutorial_taskflow_api.py for tasks to queue
[2023-07-02T01:20:56.917+0000] {logging_mixin.py:149} INFO - [2023-07-02T01:20:56.917+0000] {dagbag.py:541} INFO - Filling up the DagBag from /home/airflow/.local/lib/python3.7/site-packages/airflow/example_dags/tutorial_taskflow_api.py
[2023-07-02T01:20:56.929+0000] {processor.py:836} INFO - DAG(s) dict_keys(['tutorial_taskflow_api']) retrieved from /home/airflow/.local/lib/python3.7/site-packages/airflow/example_dags/tutorial_taskflow_api.py
[2023-07-02T01:20:56.983+0000] {logging_mixin.py:149} INFO - [2023-07-02T01:20:56.982+0000] {dag.py:2726} INFO - Sync 1 DAGs
[2023-07-02T01:20:57.040+0000] {logging_mixin.py:149} INFO - [2023-07-02T01:20:57.040+0000] {dag.py:3490} INFO - Setting next_dagrun for tutorial_taskflow_api to None, run_after=None
[2023-07-02T01:20:57.078+0000] {processor.py:179} INFO - Processing /home/airflow/.local/lib/python3.7/site-packages/airflow/example_dags/tutorial_taskflow_api.py took 0.172 seconds
[2023-07-02T01:21:27.736+0000] {processor.py:157} INFO - Started process (PID=309) to work on /home/airflow/.local/lib/python3.7/site-packages/airflow/example_dags/tutorial_taskflow_api.py
[2023-07-02T01:21:27.738+0000] {processor.py:826} INFO - Processing file /home/airflow/.local/lib/python3.7/site-packages/airflow/example_dags/tutorial_taskflow_api.py for tasks to queue
[2023-07-02T01:21:27.740+0000] {logging_mixin.py:149} INFO - [2023-07-02T01:21:27.740+0000] {dagbag.py:541} INFO - Filling up the DagBag from /home/airflow/.local/lib/python3.7/site-packages/airflow/example_dags/tutorial_taskflow_api.py
[2023-07-02T01:21:27.753+0000] {processor.py:836} INFO - DAG(s) dict_keys(['tutorial_taskflow_api']) retrieved from /home/airflow/.local/lib/python3.7/site-packages/airflow/example_dags/tutorial_taskflow_api.py
[2023-07-02T01:21:27.815+0000] {logging_mixin.py:149} INFO - [2023-07-02T01:21:27.815+0000] {dag.py:2726} INFO - Sync 1 DAGs
[2023-07-02T01:21:27.875+0000] {logging_mixin.py:149} INFO - [2023-07-02T01:21:27.875+0000] {dag.py:3490} INFO - Setting next_dagrun for tutorial_taskflow_api to None, run_after=None
[2023-07-02T01:21:27.921+0000] {processor.py:179} INFO - Processing /home/airflow/.local/lib/python3.7/site-packages/airflow/example_dags/tutorial_taskflow_api.py took 0.193 seconds
[2023-07-02T01:21:58.777+0000] {processor.py:157} INFO - Started process (PID=366) to work on /home/airflow/.local/lib/python3.7/site-packages/airflow/example_dags/tutorial_taskflow_api.py
[2023-07-02T01:21:58.779+0000] {processor.py:826} INFO - Processing file /home/airflow/.local/lib/python3.7/site-packages/airflow/example_dags/tutorial_taskflow_api.py for tasks to queue
[2023-07-02T01:21:58.780+0000] {logging_mixin.py:149} INFO - [2023-07-02T01:21:58.780+0000] {dagbag.py:541} INFO - Filling up the DagBag from /home/airflow/.local/lib/python3.7/site-packages/airflow/example_dags/tutorial_taskflow_api.py
[2023-07-02T01:21:58.793+0000] {processor.py:836} INFO - DAG(s) dict_keys(['tutorial_taskflow_api']) retrieved from /home/airflow/.local/lib/python3.7/site-packages/airflow/example_dags/tutorial_taskflow_api.py
[2023-07-02T01:21:58.840+0000] {logging_mixin.py:149} INFO - [2023-07-02T01:21:58.840+0000] {dag.py:2726} INFO - Sync 1 DAGs
[2023-07-02T01:21:58.887+0000] {logging_mixin.py:149} INFO - [2023-07-02T01:21:58.886+0000] {dag.py:3490} INFO - Setting next_dagrun for tutorial_taskflow_api to None, run_after=None
[2023-07-02T01:21:58.921+0000] {processor.py:179} INFO - Processing /home/airflow/.local/lib/python3.7/site-packages/airflow/example_dags/tutorial_taskflow_api.py took 0.150 seconds
[2023-07-02T01:22:29.547+0000] {processor.py:157} INFO - Started process (PID=424) to work on /home/airflow/.local/lib/python3.7/site-packages/airflow/example_dags/tutorial_taskflow_api.py
[2023-07-02T01:22:29.549+0000] {processor.py:826} INFO - Processing file /home/airflow/.local/lib/python3.7/site-packages/airflow/example_dags/tutorial_taskflow_api.py for tasks to queue
[2023-07-02T01:22:29.550+0000] {logging_mixin.py:149} INFO - [2023-07-02T01:22:29.550+0000] {dagbag.py:541} INFO - Filling up the DagBag from /home/airflow/.local/lib/python3.7/site-packages/airflow/example_dags/tutorial_taskflow_api.py
[2023-07-02T01:22:29.563+0000] {processor.py:836} INFO - DAG(s) dict_keys(['tutorial_taskflow_api']) retrieved from /home/airflow/.local/lib/python3.7/site-packages/airflow/example_dags/tutorial_taskflow_api.py
[2023-07-02T01:22:29.616+0000] {logging_mixin.py:149} INFO - [2023-07-02T01:22:29.615+0000] {dag.py:2726} INFO - Sync 1 DAGs
[2023-07-02T01:22:29.665+0000] {logging_mixin.py:149} INFO - [2023-07-02T01:22:29.664+0000] {dag.py:3490} INFO - Setting next_dagrun for tutorial_taskflow_api to None, run_after=None
[2023-07-02T01:22:29.673+0000] {processor.py:179} INFO - Processing /home/airflow/.local/lib/python3.7/site-packages/airflow/example_dags/tutorial_taskflow_api.py took 0.168 seconds
[2023-07-02T01:23:00.620+0000] {processor.py:157} INFO - Started process (PID=485) to work on /home/airflow/.local/lib/python3.7/site-packages/airflow/example_dags/tutorial_taskflow_api.py
[2023-07-02T01:23:00.622+0000] {processor.py:826} INFO - Processing file /home/airflow/.local/lib/python3.7/site-packages/airflow/example_dags/tutorial_taskflow_api.py for tasks to queue
[2023-07-02T01:23:00.625+0000] {logging_mixin.py:149} INFO - [2023-07-02T01:23:00.625+0000] {dagbag.py:541} INFO - Filling up the DagBag from /home/airflow/.local/lib/python3.7/site-packages/airflow/example_dags/tutorial_taskflow_api.py
[2023-07-02T01:23:00.641+0000] {processor.py:836} INFO - DAG(s) dict_keys(['tutorial_taskflow_api']) retrieved from /home/airflow/.local/lib/python3.7/site-packages/airflow/example_dags/tutorial_taskflow_api.py
[2023-07-02T01:23:00.727+0000] {logging_mixin.py:149} INFO - [2023-07-02T01:23:00.726+0000] {dag.py:2726} INFO - Sync 1 DAGs
[2023-07-02T01:23:00.777+0000] {logging_mixin.py:149} INFO - [2023-07-02T01:23:00.776+0000] {dag.py:3490} INFO - Setting next_dagrun for tutorial_taskflow_api to None, run_after=None
[2023-07-02T01:23:00.815+0000] {processor.py:179} INFO - Processing /home/airflow/.local/lib/python3.7/site-packages/airflow/example_dags/tutorial_taskflow_api.py took 0.203 seconds
[2023-07-02T01:23:31.141+0000] {processor.py:157} INFO - Started process (PID=544) to work on /home/airflow/.local/lib/python3.7/site-packages/airflow/example_dags/tutorial_taskflow_api.py
[2023-07-02T01:23:31.143+0000] {processor.py:826} INFO - Processing file /home/airflow/.local/lib/python3.7/site-packages/airflow/example_dags/tutorial_taskflow_api.py for tasks to queue
[2023-07-02T01:23:31.144+0000] {logging_mixin.py:149} INFO - [2023-07-02T01:23:31.144+0000] {dagbag.py:541} INFO - Filling up the DagBag from /home/airflow/.local/lib/python3.7/site-packages/airflow/example_dags/tutorial_taskflow_api.py
[2023-07-02T01:23:31.159+0000] {processor.py:836} INFO - DAG(s) dict_keys(['tutorial_taskflow_api']) retrieved from /home/airflow/.local/lib/python3.7/site-packages/airflow/example_dags/tutorial_taskflow_api.py
[2023-07-02T01:23:31.214+0000] {logging_mixin.py:149} INFO - [2023-07-02T01:23:31.214+0000] {dag.py:2726} INFO - Sync 1 DAGs
[2023-07-02T01:23:31.274+0000] {logging_mixin.py:149} INFO - [2023-07-02T01:23:31.274+0000] {dag.py:3490} INFO - Setting next_dagrun for tutorial_taskflow_api to None, run_after=None
[2023-07-02T01:23:31.319+0000] {processor.py:179} INFO - Processing /home/airflow/.local/lib/python3.7/site-packages/airflow/example_dags/tutorial_taskflow_api.py took 0.184 seconds
[2023-07-02T02:04:22.159+0000] {processor.py:157} INFO - Started process (PID=68) to work on /home/airflow/.local/lib/python3.7/site-packages/airflow/example_dags/tutorial_taskflow_api.py
[2023-07-02T02:04:22.162+0000] {processor.py:826} INFO - Processing file /home/airflow/.local/lib/python3.7/site-packages/airflow/example_dags/tutorial_taskflow_api.py for tasks to queue
[2023-07-02T02:04:22.163+0000] {logging_mixin.py:149} INFO - [2023-07-02T02:04:22.163+0000] {dagbag.py:541} INFO - Filling up the DagBag from /home/airflow/.local/lib/python3.7/site-packages/airflow/example_dags/tutorial_taskflow_api.py
[2023-07-02T02:04:22.174+0000] {processor.py:836} INFO - DAG(s) dict_keys(['tutorial_taskflow_api']) retrieved from /home/airflow/.local/lib/python3.7/site-packages/airflow/example_dags/tutorial_taskflow_api.py
[2023-07-02T02:04:22.235+0000] {logging_mixin.py:149} INFO - [2023-07-02T02:04:22.234+0000] {dag.py:2726} INFO - Sync 1 DAGs
[2023-07-02T02:04:22.311+0000] {logging_mixin.py:149} INFO - [2023-07-02T02:04:22.311+0000] {dag.py:3490} INFO - Setting next_dagrun for tutorial_taskflow_api to None, run_after=None
[2023-07-02T02:04:22.340+0000] {processor.py:179} INFO - Processing /home/airflow/.local/lib/python3.7/site-packages/airflow/example_dags/tutorial_taskflow_api.py took 0.186 seconds
[2023-07-02T02:04:52.450+0000] {processor.py:157} INFO - Started process (PID=125) to work on /home/airflow/.local/lib/python3.7/site-packages/airflow/example_dags/tutorial_taskflow_api.py
[2023-07-02T02:04:52.451+0000] {processor.py:826} INFO - Processing file /home/airflow/.local/lib/python3.7/site-packages/airflow/example_dags/tutorial_taskflow_api.py for tasks to queue
[2023-07-02T02:04:52.452+0000] {logging_mixin.py:149} INFO - [2023-07-02T02:04:52.452+0000] {dagbag.py:541} INFO - Filling up the DagBag from /home/airflow/.local/lib/python3.7/site-packages/airflow/example_dags/tutorial_taskflow_api.py
[2023-07-02T02:04:52.461+0000] {processor.py:836} INFO - DAG(s) dict_keys(['tutorial_taskflow_api']) retrieved from /home/airflow/.local/lib/python3.7/site-packages/airflow/example_dags/tutorial_taskflow_api.py
[2023-07-02T02:04:52.495+0000] {logging_mixin.py:149} INFO - [2023-07-02T02:04:52.495+0000] {dag.py:2726} INFO - Sync 1 DAGs
[2023-07-02T02:04:52.529+0000] {logging_mixin.py:149} INFO - [2023-07-02T02:04:52.529+0000] {dag.py:3490} INFO - Setting next_dagrun for tutorial_taskflow_api to None, run_after=None
[2023-07-02T02:04:52.571+0000] {processor.py:179} INFO - Processing /home/airflow/.local/lib/python3.7/site-packages/airflow/example_dags/tutorial_taskflow_api.py took 0.125 seconds
[2023-07-02T02:05:23.401+0000] {processor.py:157} INFO - Started process (PID=182) to work on /home/airflow/.local/lib/python3.7/site-packages/airflow/example_dags/tutorial_taskflow_api.py
[2023-07-02T02:05:23.403+0000] {processor.py:826} INFO - Processing file /home/airflow/.local/lib/python3.7/site-packages/airflow/example_dags/tutorial_taskflow_api.py for tasks to queue
[2023-07-02T02:05:23.404+0000] {logging_mixin.py:149} INFO - [2023-07-02T02:05:23.404+0000] {dagbag.py:541} INFO - Filling up the DagBag from /home/airflow/.local/lib/python3.7/site-packages/airflow/example_dags/tutorial_taskflow_api.py
[2023-07-02T02:05:23.412+0000] {processor.py:836} INFO - DAG(s) dict_keys(['tutorial_taskflow_api']) retrieved from /home/airflow/.local/lib/python3.7/site-packages/airflow/example_dags/tutorial_taskflow_api.py
[2023-07-02T02:05:23.446+0000] {logging_mixin.py:149} INFO - [2023-07-02T02:05:23.446+0000] {dag.py:2726} INFO - Sync 1 DAGs
[2023-07-02T02:05:23.482+0000] {logging_mixin.py:149} INFO - [2023-07-02T02:05:23.482+0000] {dag.py:3490} INFO - Setting next_dagrun for tutorial_taskflow_api to None, run_after=None
[2023-07-02T02:05:23.509+0000] {processor.py:179} INFO - Processing /home/airflow/.local/lib/python3.7/site-packages/airflow/example_dags/tutorial_taskflow_api.py took 0.112 seconds
[2023-07-02T02:05:53.958+0000] {processor.py:157} INFO - Started process (PID=241) to work on /home/airflow/.local/lib/python3.7/site-packages/airflow/example_dags/tutorial_taskflow_api.py
[2023-07-02T02:05:53.960+0000] {processor.py:826} INFO - Processing file /home/airflow/.local/lib/python3.7/site-packages/airflow/example_dags/tutorial_taskflow_api.py for tasks to queue
[2023-07-02T02:05:53.961+0000] {logging_mixin.py:149} INFO - [2023-07-02T02:05:53.961+0000] {dagbag.py:541} INFO - Filling up the DagBag from /home/airflow/.local/lib/python3.7/site-packages/airflow/example_dags/tutorial_taskflow_api.py
[2023-07-02T02:05:53.969+0000] {processor.py:836} INFO - DAG(s) dict_keys(['tutorial_taskflow_api']) retrieved from /home/airflow/.local/lib/python3.7/site-packages/airflow/example_dags/tutorial_taskflow_api.py
[2023-07-02T02:05:54.006+0000] {logging_mixin.py:149} INFO - [2023-07-02T02:05:54.006+0000] {dag.py:2726} INFO - Sync 1 DAGs
[2023-07-02T02:05:54.060+0000] {logging_mixin.py:149} INFO - [2023-07-02T02:05:54.060+0000] {dag.py:3490} INFO - Setting next_dagrun for tutorial_taskflow_api to None, run_after=None
[2023-07-02T02:05:54.095+0000] {processor.py:179} INFO - Processing /home/airflow/.local/lib/python3.7/site-packages/airflow/example_dags/tutorial_taskflow_api.py took 0.141 seconds
[2023-07-02T02:06:25.016+0000] {processor.py:157} INFO - Started process (PID=299) to work on /home/airflow/.local/lib/python3.7/site-packages/airflow/example_dags/tutorial_taskflow_api.py
[2023-07-02T02:06:25.018+0000] {processor.py:826} INFO - Processing file /home/airflow/.local/lib/python3.7/site-packages/airflow/example_dags/tutorial_taskflow_api.py for tasks to queue
[2023-07-02T02:06:25.019+0000] {logging_mixin.py:149} INFO - [2023-07-02T02:06:25.019+0000] {dagbag.py:541} INFO - Filling up the DagBag from /home/airflow/.local/lib/python3.7/site-packages/airflow/example_dags/tutorial_taskflow_api.py
[2023-07-02T02:06:25.027+0000] {processor.py:836} INFO - DAG(s) dict_keys(['tutorial_taskflow_api']) retrieved from /home/airflow/.local/lib/python3.7/site-packages/airflow/example_dags/tutorial_taskflow_api.py
[2023-07-02T02:06:25.073+0000] {logging_mixin.py:149} INFO - [2023-07-02T02:06:25.073+0000] {dag.py:2726} INFO - Sync 1 DAGs
[2023-07-02T02:06:25.108+0000] {logging_mixin.py:149} INFO - [2023-07-02T02:06:25.107+0000] {dag.py:3490} INFO - Setting next_dagrun for tutorial_taskflow_api to None, run_after=None
[2023-07-02T02:06:25.138+0000] {processor.py:179} INFO - Processing /home/airflow/.local/lib/python3.7/site-packages/airflow/example_dags/tutorial_taskflow_api.py took 0.126 seconds
[2023-07-02T02:06:55.325+0000] {processor.py:157} INFO - Started process (PID=357) to work on /home/airflow/.local/lib/python3.7/site-packages/airflow/example_dags/tutorial_taskflow_api.py
[2023-07-02T02:06:55.326+0000] {processor.py:826} INFO - Processing file /home/airflow/.local/lib/python3.7/site-packages/airflow/example_dags/tutorial_taskflow_api.py for tasks to queue
[2023-07-02T02:06:55.327+0000] {logging_mixin.py:149} INFO - [2023-07-02T02:06:55.327+0000] {dagbag.py:541} INFO - Filling up the DagBag from /home/airflow/.local/lib/python3.7/site-packages/airflow/example_dags/tutorial_taskflow_api.py
[2023-07-02T02:06:55.336+0000] {processor.py:836} INFO - DAG(s) dict_keys(['tutorial_taskflow_api']) retrieved from /home/airflow/.local/lib/python3.7/site-packages/airflow/example_dags/tutorial_taskflow_api.py
[2023-07-02T02:06:55.375+0000] {logging_mixin.py:149} INFO - [2023-07-02T02:06:55.374+0000] {dag.py:2726} INFO - Sync 1 DAGs
[2023-07-02T02:06:55.414+0000] {logging_mixin.py:149} INFO - [2023-07-02T02:06:55.414+0000] {dag.py:3490} INFO - Setting next_dagrun for tutorial_taskflow_api to None, run_after=None
[2023-07-02T02:06:55.509+0000] {processor.py:179} INFO - Processing /home/airflow/.local/lib/python3.7/site-packages/airflow/example_dags/tutorial_taskflow_api.py took 0.189 seconds
[2023-07-02T02:12:43.625+0000] {processor.py:157} INFO - Started process (PID=68) to work on /home/airflow/.local/lib/python3.7/site-packages/airflow/example_dags/tutorial_taskflow_api.py
[2023-07-02T02:12:43.627+0000] {processor.py:826} INFO - Processing file /home/airflow/.local/lib/python3.7/site-packages/airflow/example_dags/tutorial_taskflow_api.py for tasks to queue
[2023-07-02T02:12:43.629+0000] {logging_mixin.py:149} INFO - [2023-07-02T02:12:43.628+0000] {dagbag.py:541} INFO - Filling up the DagBag from /home/airflow/.local/lib/python3.7/site-packages/airflow/example_dags/tutorial_taskflow_api.py
[2023-07-02T02:12:43.639+0000] {processor.py:836} INFO - DAG(s) dict_keys(['tutorial_taskflow_api']) retrieved from /home/airflow/.local/lib/python3.7/site-packages/airflow/example_dags/tutorial_taskflow_api.py
[2023-07-02T02:12:43.679+0000] {logging_mixin.py:149} INFO - [2023-07-02T02:12:43.679+0000] {dag.py:2726} INFO - Sync 1 DAGs
[2023-07-02T02:12:43.923+0000] {logging_mixin.py:149} INFO - [2023-07-02T02:12:43.922+0000] {dag.py:3490} INFO - Setting next_dagrun for tutorial_taskflow_api to None, run_after=None
[2023-07-02T02:12:43.964+0000] {processor.py:179} INFO - Processing /home/airflow/.local/lib/python3.7/site-packages/airflow/example_dags/tutorial_taskflow_api.py took 0.343 seconds
[2023-07-02T02:13:14.605+0000] {processor.py:157} INFO - Started process (PID=129) to work on /home/airflow/.local/lib/python3.7/site-packages/airflow/example_dags/tutorial_taskflow_api.py
[2023-07-02T02:13:14.612+0000] {processor.py:826} INFO - Processing file /home/airflow/.local/lib/python3.7/site-packages/airflow/example_dags/tutorial_taskflow_api.py for tasks to queue
[2023-07-02T02:13:14.613+0000] {logging_mixin.py:149} INFO - [2023-07-02T02:13:14.613+0000] {dagbag.py:541} INFO - Filling up the DagBag from /home/airflow/.local/lib/python3.7/site-packages/airflow/example_dags/tutorial_taskflow_api.py
[2023-07-02T02:13:14.621+0000] {processor.py:836} INFO - DAG(s) dict_keys(['tutorial_taskflow_api']) retrieved from /home/airflow/.local/lib/python3.7/site-packages/airflow/example_dags/tutorial_taskflow_api.py
[2023-07-02T02:13:14.655+0000] {logging_mixin.py:149} INFO - [2023-07-02T02:13:14.655+0000] {dag.py:2726} INFO - Sync 1 DAGs
[2023-07-02T02:13:14.695+0000] {logging_mixin.py:149} INFO - [2023-07-02T02:13:14.695+0000] {dag.py:3490} INFO - Setting next_dagrun for tutorial_taskflow_api to None, run_after=None
[2023-07-02T02:13:14.738+0000] {processor.py:179} INFO - Processing /home/airflow/.local/lib/python3.7/site-packages/airflow/example_dags/tutorial_taskflow_api.py took 0.138 seconds
[2023-07-02T02:13:44.818+0000] {processor.py:157} INFO - Started process (PID=186) to work on /home/airflow/.local/lib/python3.7/site-packages/airflow/example_dags/tutorial_taskflow_api.py
[2023-07-02T02:13:44.819+0000] {processor.py:826} INFO - Processing file /home/airflow/.local/lib/python3.7/site-packages/airflow/example_dags/tutorial_taskflow_api.py for tasks to queue
[2023-07-02T02:13:44.820+0000] {logging_mixin.py:149} INFO - [2023-07-02T02:13:44.820+0000] {dagbag.py:541} INFO - Filling up the DagBag from /home/airflow/.local/lib/python3.7/site-packages/airflow/example_dags/tutorial_taskflow_api.py
[2023-07-02T02:13:44.830+0000] {processor.py:836} INFO - DAG(s) dict_keys(['tutorial_taskflow_api']) retrieved from /home/airflow/.local/lib/python3.7/site-packages/airflow/example_dags/tutorial_taskflow_api.py
[2023-07-02T02:13:44.869+0000] {logging_mixin.py:149} INFO - [2023-07-02T02:13:44.869+0000] {dag.py:2726} INFO - Sync 1 DAGs
[2023-07-02T02:13:44.906+0000] {logging_mixin.py:149} INFO - [2023-07-02T02:13:44.905+0000] {dag.py:3490} INFO - Setting next_dagrun for tutorial_taskflow_api to None, run_after=None
[2023-07-02T02:13:44.948+0000] {processor.py:179} INFO - Processing /home/airflow/.local/lib/python3.7/site-packages/airflow/example_dags/tutorial_taskflow_api.py took 0.135 seconds
[2023-07-02T02:14:15.946+0000] {processor.py:157} INFO - Started process (PID=245) to work on /home/airflow/.local/lib/python3.7/site-packages/airflow/example_dags/tutorial_taskflow_api.py
[2023-07-02T02:14:15.947+0000] {processor.py:826} INFO - Processing file /home/airflow/.local/lib/python3.7/site-packages/airflow/example_dags/tutorial_taskflow_api.py for tasks to queue
[2023-07-02T02:14:15.950+0000] {logging_mixin.py:149} INFO - [2023-07-02T02:14:15.949+0000] {dagbag.py:541} INFO - Filling up the DagBag from /home/airflow/.local/lib/python3.7/site-packages/airflow/example_dags/tutorial_taskflow_api.py
[2023-07-02T02:14:15.961+0000] {processor.py:836} INFO - DAG(s) dict_keys(['tutorial_taskflow_api']) retrieved from /home/airflow/.local/lib/python3.7/site-packages/airflow/example_dags/tutorial_taskflow_api.py
[2023-07-02T02:14:16.019+0000] {logging_mixin.py:149} INFO - [2023-07-02T02:14:16.019+0000] {dag.py:2726} INFO - Sync 1 DAGs
[2023-07-02T02:14:16.073+0000] {logging_mixin.py:149} INFO - [2023-07-02T02:14:16.073+0000] {dag.py:3490} INFO - Setting next_dagrun for tutorial_taskflow_api to None, run_after=None
[2023-07-02T02:14:16.100+0000] {processor.py:179} INFO - Processing /home/airflow/.local/lib/python3.7/site-packages/airflow/example_dags/tutorial_taskflow_api.py took 0.161 seconds
[2023-07-02T02:14:46.803+0000] {processor.py:157} INFO - Started process (PID=303) to work on /home/airflow/.local/lib/python3.7/site-packages/airflow/example_dags/tutorial_taskflow_api.py
[2023-07-02T02:14:46.805+0000] {processor.py:826} INFO - Processing file /home/airflow/.local/lib/python3.7/site-packages/airflow/example_dags/tutorial_taskflow_api.py for tasks to queue
[2023-07-02T02:14:46.806+0000] {logging_mixin.py:149} INFO - [2023-07-02T02:14:46.806+0000] {dagbag.py:541} INFO - Filling up the DagBag from /home/airflow/.local/lib/python3.7/site-packages/airflow/example_dags/tutorial_taskflow_api.py
[2023-07-02T02:14:46.815+0000] {processor.py:836} INFO - DAG(s) dict_keys(['tutorial_taskflow_api']) retrieved from /home/airflow/.local/lib/python3.7/site-packages/airflow/example_dags/tutorial_taskflow_api.py
[2023-07-02T02:14:46.974+0000] {logging_mixin.py:149} INFO - [2023-07-02T02:14:46.974+0000] {dag.py:2726} INFO - Sync 1 DAGs
[2023-07-02T02:14:47.003+0000] {logging_mixin.py:149} INFO - [2023-07-02T02:14:47.002+0000] {dag.py:3490} INFO - Setting next_dagrun for tutorial_taskflow_api to None, run_after=None
[2023-07-02T02:14:47.027+0000] {processor.py:179} INFO - Processing /home/airflow/.local/lib/python3.7/site-packages/airflow/example_dags/tutorial_taskflow_api.py took 0.229 seconds
[2023-07-02T02:15:17.928+0000] {processor.py:157} INFO - Started process (PID=361) to work on /home/airflow/.local/lib/python3.7/site-packages/airflow/example_dags/tutorial_taskflow_api.py
[2023-07-02T02:15:17.930+0000] {processor.py:826} INFO - Processing file /home/airflow/.local/lib/python3.7/site-packages/airflow/example_dags/tutorial_taskflow_api.py for tasks to queue
[2023-07-02T02:15:17.931+0000] {logging_mixin.py:149} INFO - [2023-07-02T02:15:17.931+0000] {dagbag.py:541} INFO - Filling up the DagBag from /home/airflow/.local/lib/python3.7/site-packages/airflow/example_dags/tutorial_taskflow_api.py
[2023-07-02T02:15:17.937+0000] {processor.py:836} INFO - DAG(s) dict_keys(['tutorial_taskflow_api']) retrieved from /home/airflow/.local/lib/python3.7/site-packages/airflow/example_dags/tutorial_taskflow_api.py
[2023-07-02T02:15:17.966+0000] {logging_mixin.py:149} INFO - [2023-07-02T02:15:17.966+0000] {dag.py:2726} INFO - Sync 1 DAGs
[2023-07-02T02:15:17.994+0000] {logging_mixin.py:149} INFO - [2023-07-02T02:15:17.994+0000] {dag.py:3490} INFO - Setting next_dagrun for tutorial_taskflow_api to None, run_after=None
[2023-07-02T02:15:18.015+0000] {processor.py:179} INFO - Processing /home/airflow/.local/lib/python3.7/site-packages/airflow/example_dags/tutorial_taskflow_api.py took 0.090 seconds
[2023-07-02T02:15:48.778+0000] {processor.py:157} INFO - Started process (PID=418) to work on /home/airflow/.local/lib/python3.7/site-packages/airflow/example_dags/tutorial_taskflow_api.py
[2023-07-02T02:15:48.779+0000] {processor.py:826} INFO - Processing file /home/airflow/.local/lib/python3.7/site-packages/airflow/example_dags/tutorial_taskflow_api.py for tasks to queue
[2023-07-02T02:15:48.780+0000] {logging_mixin.py:149} INFO - [2023-07-02T02:15:48.780+0000] {dagbag.py:541} INFO - Filling up the DagBag from /home/airflow/.local/lib/python3.7/site-packages/airflow/example_dags/tutorial_taskflow_api.py
[2023-07-02T02:15:48.788+0000] {processor.py:836} INFO - DAG(s) dict_keys(['tutorial_taskflow_api']) retrieved from /home/airflow/.local/lib/python3.7/site-packages/airflow/example_dags/tutorial_taskflow_api.py
[2023-07-02T02:15:48.922+0000] {logging_mixin.py:149} INFO - [2023-07-02T02:15:48.921+0000] {dag.py:2726} INFO - Sync 1 DAGs
[2023-07-02T02:15:48.949+0000] {logging_mixin.py:149} INFO - [2023-07-02T02:15:48.948+0000] {dag.py:3490} INFO - Setting next_dagrun for tutorial_taskflow_api to None, run_after=None
[2023-07-02T02:15:48.973+0000] {processor.py:179} INFO - Processing /home/airflow/.local/lib/python3.7/site-packages/airflow/example_dags/tutorial_taskflow_api.py took 0.199 seconds
[2023-07-02T02:16:19.897+0000] {processor.py:157} INFO - Started process (PID=476) to work on /home/airflow/.local/lib/python3.7/site-packages/airflow/example_dags/tutorial_taskflow_api.py
[2023-07-02T02:16:19.898+0000] {processor.py:826} INFO - Processing file /home/airflow/.local/lib/python3.7/site-packages/airflow/example_dags/tutorial_taskflow_api.py for tasks to queue
[2023-07-02T02:16:19.900+0000] {logging_mixin.py:149} INFO - [2023-07-02T02:16:19.900+0000] {dagbag.py:541} INFO - Filling up the DagBag from /home/airflow/.local/lib/python3.7/site-packages/airflow/example_dags/tutorial_taskflow_api.py
[2023-07-02T02:16:19.907+0000] {processor.py:836} INFO - DAG(s) dict_keys(['tutorial_taskflow_api']) retrieved from /home/airflow/.local/lib/python3.7/site-packages/airflow/example_dags/tutorial_taskflow_api.py
[2023-07-02T02:16:19.937+0000] {logging_mixin.py:149} INFO - [2023-07-02T02:16:19.937+0000] {dag.py:2726} INFO - Sync 1 DAGs
[2023-07-02T02:16:19.968+0000] {logging_mixin.py:149} INFO - [2023-07-02T02:16:19.968+0000] {dag.py:3490} INFO - Setting next_dagrun for tutorial_taskflow_api to None, run_after=None
[2023-07-02T02:16:19.989+0000] {processor.py:179} INFO - Processing /home/airflow/.local/lib/python3.7/site-packages/airflow/example_dags/tutorial_taskflow_api.py took 0.096 seconds
[2023-07-02T02:16:50.140+0000] {processor.py:157} INFO - Started process (PID=534) to work on /home/airflow/.local/lib/python3.7/site-packages/airflow/example_dags/tutorial_taskflow_api.py
[2023-07-02T02:16:50.142+0000] {processor.py:826} INFO - Processing file /home/airflow/.local/lib/python3.7/site-packages/airflow/example_dags/tutorial_taskflow_api.py for tasks to queue
[2023-07-02T02:16:50.144+0000] {logging_mixin.py:149} INFO - [2023-07-02T02:16:50.143+0000] {dagbag.py:541} INFO - Filling up the DagBag from /home/airflow/.local/lib/python3.7/site-packages/airflow/example_dags/tutorial_taskflow_api.py
[2023-07-02T02:16:50.158+0000] {processor.py:836} INFO - DAG(s) dict_keys(['tutorial_taskflow_api']) retrieved from /home/airflow/.local/lib/python3.7/site-packages/airflow/example_dags/tutorial_taskflow_api.py
[2023-07-02T02:16:50.196+0000] {logging_mixin.py:149} INFO - [2023-07-02T02:16:50.195+0000] {dag.py:2726} INFO - Sync 1 DAGs
[2023-07-02T02:16:50.240+0000] {logging_mixin.py:149} INFO - [2023-07-02T02:16:50.240+0000] {dag.py:3490} INFO - Setting next_dagrun for tutorial_taskflow_api to None, run_after=None
[2023-07-02T02:16:50.270+0000] {processor.py:179} INFO - Processing /home/airflow/.local/lib/python3.7/site-packages/airflow/example_dags/tutorial_taskflow_api.py took 0.138 seconds
[2023-07-02T02:17:20.850+0000] {processor.py:157} INFO - Started process (PID=593) to work on /home/airflow/.local/lib/python3.7/site-packages/airflow/example_dags/tutorial_taskflow_api.py
[2023-07-02T02:17:20.851+0000] {processor.py:826} INFO - Processing file /home/airflow/.local/lib/python3.7/site-packages/airflow/example_dags/tutorial_taskflow_api.py for tasks to queue
[2023-07-02T02:17:20.853+0000] {logging_mixin.py:149} INFO - [2023-07-02T02:17:20.853+0000] {dagbag.py:541} INFO - Filling up the DagBag from /home/airflow/.local/lib/python3.7/site-packages/airflow/example_dags/tutorial_taskflow_api.py
[2023-07-02T02:17:20.862+0000] {processor.py:836} INFO - DAG(s) dict_keys(['tutorial_taskflow_api']) retrieved from /home/airflow/.local/lib/python3.7/site-packages/airflow/example_dags/tutorial_taskflow_api.py
[2023-07-02T02:17:20.894+0000] {logging_mixin.py:149} INFO - [2023-07-02T02:17:20.893+0000] {dag.py:2726} INFO - Sync 1 DAGs
[2023-07-02T02:17:20.926+0000] {logging_mixin.py:149} INFO - [2023-07-02T02:17:20.926+0000] {dag.py:3490} INFO - Setting next_dagrun for tutorial_taskflow_api to None, run_after=None
[2023-07-02T02:17:20.952+0000] {processor.py:179} INFO - Processing /home/airflow/.local/lib/python3.7/site-packages/airflow/example_dags/tutorial_taskflow_api.py took 0.106 seconds
[2023-07-02T02:17:51.407+0000] {processor.py:157} INFO - Started process (PID=652) to work on /home/airflow/.local/lib/python3.7/site-packages/airflow/example_dags/tutorial_taskflow_api.py
[2023-07-02T02:17:51.409+0000] {processor.py:826} INFO - Processing file /home/airflow/.local/lib/python3.7/site-packages/airflow/example_dags/tutorial_taskflow_api.py for tasks to queue
[2023-07-02T02:17:51.410+0000] {logging_mixin.py:149} INFO - [2023-07-02T02:17:51.410+0000] {dagbag.py:541} INFO - Filling up the DagBag from /home/airflow/.local/lib/python3.7/site-packages/airflow/example_dags/tutorial_taskflow_api.py
[2023-07-02T02:17:51.418+0000] {processor.py:836} INFO - DAG(s) dict_keys(['tutorial_taskflow_api']) retrieved from /home/airflow/.local/lib/python3.7/site-packages/airflow/example_dags/tutorial_taskflow_api.py
[2023-07-02T02:17:51.449+0000] {logging_mixin.py:149} INFO - [2023-07-02T02:17:51.449+0000] {dag.py:2726} INFO - Sync 1 DAGs
[2023-07-02T02:17:51.483+0000] {logging_mixin.py:149} INFO - [2023-07-02T02:17:51.483+0000] {dag.py:3490} INFO - Setting next_dagrun for tutorial_taskflow_api to None, run_after=None
[2023-07-02T02:17:51.516+0000] {processor.py:179} INFO - Processing /home/airflow/.local/lib/python3.7/site-packages/airflow/example_dags/tutorial_taskflow_api.py took 0.115 seconds
[2023-07-02T02:18:22.148+0000] {processor.py:157} INFO - Started process (PID=710) to work on /home/airflow/.local/lib/python3.7/site-packages/airflow/example_dags/tutorial_taskflow_api.py
[2023-07-02T02:18:22.150+0000] {processor.py:826} INFO - Processing file /home/airflow/.local/lib/python3.7/site-packages/airflow/example_dags/tutorial_taskflow_api.py for tasks to queue
[2023-07-02T02:18:22.151+0000] {logging_mixin.py:149} INFO - [2023-07-02T02:18:22.151+0000] {dagbag.py:541} INFO - Filling up the DagBag from /home/airflow/.local/lib/python3.7/site-packages/airflow/example_dags/tutorial_taskflow_api.py
[2023-07-02T02:18:22.162+0000] {processor.py:836} INFO - DAG(s) dict_keys(['tutorial_taskflow_api']) retrieved from /home/airflow/.local/lib/python3.7/site-packages/airflow/example_dags/tutorial_taskflow_api.py
[2023-07-02T02:18:22.198+0000] {logging_mixin.py:149} INFO - [2023-07-02T02:18:22.198+0000] {dag.py:2726} INFO - Sync 1 DAGs
[2023-07-02T02:18:22.233+0000] {logging_mixin.py:149} INFO - [2023-07-02T02:18:22.232+0000] {dag.py:3490} INFO - Setting next_dagrun for tutorial_taskflow_api to None, run_after=None
[2023-07-02T02:18:22.258+0000] {processor.py:179} INFO - Processing /home/airflow/.local/lib/python3.7/site-packages/airflow/example_dags/tutorial_taskflow_api.py took 0.114 seconds
[2023-07-02T02:18:52.753+0000] {processor.py:157} INFO - Started process (PID=768) to work on /home/airflow/.local/lib/python3.7/site-packages/airflow/example_dags/tutorial_taskflow_api.py
[2023-07-02T02:18:52.754+0000] {processor.py:826} INFO - Processing file /home/airflow/.local/lib/python3.7/site-packages/airflow/example_dags/tutorial_taskflow_api.py for tasks to queue
[2023-07-02T02:18:52.755+0000] {logging_mixin.py:149} INFO - [2023-07-02T02:18:52.755+0000] {dagbag.py:541} INFO - Filling up the DagBag from /home/airflow/.local/lib/python3.7/site-packages/airflow/example_dags/tutorial_taskflow_api.py
[2023-07-02T02:18:52.763+0000] {processor.py:836} INFO - DAG(s) dict_keys(['tutorial_taskflow_api']) retrieved from /home/airflow/.local/lib/python3.7/site-packages/airflow/example_dags/tutorial_taskflow_api.py
[2023-07-02T02:18:52.794+0000] {logging_mixin.py:149} INFO - [2023-07-02T02:18:52.794+0000] {dag.py:2726} INFO - Sync 1 DAGs
[2023-07-02T02:18:52.826+0000] {logging_mixin.py:149} INFO - [2023-07-02T02:18:52.826+0000] {dag.py:3490} INFO - Setting next_dagrun for tutorial_taskflow_api to None, run_after=None
[2023-07-02T02:18:52.853+0000] {processor.py:179} INFO - Processing /home/airflow/.local/lib/python3.7/site-packages/airflow/example_dags/tutorial_taskflow_api.py took 0.105 seconds
[2023-07-02T02:19:23.393+0000] {processor.py:157} INFO - Started process (PID=825) to work on /home/airflow/.local/lib/python3.7/site-packages/airflow/example_dags/tutorial_taskflow_api.py
[2023-07-02T02:19:23.408+0000] {processor.py:826} INFO - Processing file /home/airflow/.local/lib/python3.7/site-packages/airflow/example_dags/tutorial_taskflow_api.py for tasks to queue
[2023-07-02T02:19:23.409+0000] {logging_mixin.py:149} INFO - [2023-07-02T02:19:23.409+0000] {dagbag.py:541} INFO - Filling up the DagBag from /home/airflow/.local/lib/python3.7/site-packages/airflow/example_dags/tutorial_taskflow_api.py
[2023-07-02T02:19:23.418+0000] {processor.py:836} INFO - DAG(s) dict_keys(['tutorial_taskflow_api']) retrieved from /home/airflow/.local/lib/python3.7/site-packages/airflow/example_dags/tutorial_taskflow_api.py
[2023-07-02T02:19:23.453+0000] {logging_mixin.py:149} INFO - [2023-07-02T02:19:23.452+0000] {dag.py:2726} INFO - Sync 1 DAGs
[2023-07-02T02:19:23.488+0000] {logging_mixin.py:149} INFO - [2023-07-02T02:19:23.488+0000] {dag.py:3490} INFO - Setting next_dagrun for tutorial_taskflow_api to None, run_after=None
[2023-07-02T02:19:23.516+0000] {processor.py:179} INFO - Processing /home/airflow/.local/lib/python3.7/site-packages/airflow/example_dags/tutorial_taskflow_api.py took 0.128 seconds
[2023-07-02T02:19:54.283+0000] {processor.py:157} INFO - Started process (PID=883) to work on /home/airflow/.local/lib/python3.7/site-packages/airflow/example_dags/tutorial_taskflow_api.py
[2023-07-02T02:19:54.284+0000] {processor.py:826} INFO - Processing file /home/airflow/.local/lib/python3.7/site-packages/airflow/example_dags/tutorial_taskflow_api.py for tasks to queue
[2023-07-02T02:19:54.286+0000] {logging_mixin.py:149} INFO - [2023-07-02T02:19:54.285+0000] {dagbag.py:541} INFO - Filling up the DagBag from /home/airflow/.local/lib/python3.7/site-packages/airflow/example_dags/tutorial_taskflow_api.py
[2023-07-02T02:19:54.296+0000] {processor.py:836} INFO - DAG(s) dict_keys(['tutorial_taskflow_api']) retrieved from /home/airflow/.local/lib/python3.7/site-packages/airflow/example_dags/tutorial_taskflow_api.py
[2023-07-02T02:19:54.327+0000] {logging_mixin.py:149} INFO - [2023-07-02T02:19:54.327+0000] {dag.py:2726} INFO - Sync 1 DAGs
[2023-07-02T02:19:54.359+0000] {logging_mixin.py:149} INFO - [2023-07-02T02:19:54.358+0000] {dag.py:3490} INFO - Setting next_dagrun for tutorial_taskflow_api to None, run_after=None
[2023-07-02T02:19:54.385+0000] {processor.py:179} INFO - Processing /home/airflow/.local/lib/python3.7/site-packages/airflow/example_dags/tutorial_taskflow_api.py took 0.106 seconds
[2023-07-02T02:20:24.658+0000] {processor.py:157} INFO - Started process (PID=942) to work on /home/airflow/.local/lib/python3.7/site-packages/airflow/example_dags/tutorial_taskflow_api.py
[2023-07-02T02:20:24.659+0000] {processor.py:826} INFO - Processing file /home/airflow/.local/lib/python3.7/site-packages/airflow/example_dags/tutorial_taskflow_api.py for tasks to queue
[2023-07-02T02:20:24.661+0000] {logging_mixin.py:149} INFO - [2023-07-02T02:20:24.660+0000] {dagbag.py:541} INFO - Filling up the DagBag from /home/airflow/.local/lib/python3.7/site-packages/airflow/example_dags/tutorial_taskflow_api.py
[2023-07-02T02:20:24.668+0000] {processor.py:836} INFO - DAG(s) dict_keys(['tutorial_taskflow_api']) retrieved from /home/airflow/.local/lib/python3.7/site-packages/airflow/example_dags/tutorial_taskflow_api.py
[2023-07-02T02:20:24.700+0000] {logging_mixin.py:149} INFO - [2023-07-02T02:20:24.700+0000] {dag.py:2726} INFO - Sync 1 DAGs
[2023-07-02T02:20:24.732+0000] {logging_mixin.py:149} INFO - [2023-07-02T02:20:24.732+0000] {dag.py:3490} INFO - Setting next_dagrun for tutorial_taskflow_api to None, run_after=None
[2023-07-02T02:20:24.790+0000] {processor.py:179} INFO - Processing /home/airflow/.local/lib/python3.7/site-packages/airflow/example_dags/tutorial_taskflow_api.py took 0.136 seconds
[2023-07-02T02:20:55.223+0000] {processor.py:157} INFO - Started process (PID=1000) to work on /home/airflow/.local/lib/python3.7/site-packages/airflow/example_dags/tutorial_taskflow_api.py
[2023-07-02T02:20:55.225+0000] {processor.py:826} INFO - Processing file /home/airflow/.local/lib/python3.7/site-packages/airflow/example_dags/tutorial_taskflow_api.py for tasks to queue
[2023-07-02T02:20:55.227+0000] {logging_mixin.py:149} INFO - [2023-07-02T02:20:55.227+0000] {dagbag.py:541} INFO - Filling up the DagBag from /home/airflow/.local/lib/python3.7/site-packages/airflow/example_dags/tutorial_taskflow_api.py
[2023-07-02T02:20:55.239+0000] {processor.py:836} INFO - DAG(s) dict_keys(['tutorial_taskflow_api']) retrieved from /home/airflow/.local/lib/python3.7/site-packages/airflow/example_dags/tutorial_taskflow_api.py
[2023-07-02T02:20:55.308+0000] {logging_mixin.py:149} INFO - [2023-07-02T02:20:55.308+0000] {dag.py:2726} INFO - Sync 1 DAGs
[2023-07-02T02:20:55.418+0000] {logging_mixin.py:149} INFO - [2023-07-02T02:20:55.418+0000] {dag.py:3490} INFO - Setting next_dagrun for tutorial_taskflow_api to None, run_after=None
[2023-07-02T02:20:55.499+0000] {processor.py:179} INFO - Processing /home/airflow/.local/lib/python3.7/site-packages/airflow/example_dags/tutorial_taskflow_api.py took 0.281 seconds
[2023-07-02T02:21:26.538+0000] {processor.py:157} INFO - Started process (PID=1067) to work on /home/airflow/.local/lib/python3.7/site-packages/airflow/example_dags/tutorial_taskflow_api.py
[2023-07-02T02:21:26.540+0000] {processor.py:826} INFO - Processing file /home/airflow/.local/lib/python3.7/site-packages/airflow/example_dags/tutorial_taskflow_api.py for tasks to queue
[2023-07-02T02:21:26.541+0000] {logging_mixin.py:149} INFO - [2023-07-02T02:21:26.541+0000] {dagbag.py:541} INFO - Filling up the DagBag from /home/airflow/.local/lib/python3.7/site-packages/airflow/example_dags/tutorial_taskflow_api.py
[2023-07-02T02:21:26.549+0000] {processor.py:836} INFO - DAG(s) dict_keys(['tutorial_taskflow_api']) retrieved from /home/airflow/.local/lib/python3.7/site-packages/airflow/example_dags/tutorial_taskflow_api.py
[2023-07-02T02:21:26.582+0000] {logging_mixin.py:149} INFO - [2023-07-02T02:21:26.582+0000] {dag.py:2726} INFO - Sync 1 DAGs
[2023-07-02T02:21:26.616+0000] {logging_mixin.py:149} INFO - [2023-07-02T02:21:26.615+0000] {dag.py:3490} INFO - Setting next_dagrun for tutorial_taskflow_api to None, run_after=None
[2023-07-02T02:21:26.648+0000] {processor.py:179} INFO - Processing /home/airflow/.local/lib/python3.7/site-packages/airflow/example_dags/tutorial_taskflow_api.py took 0.115 seconds
